[0.133s] Invoking command in '/home/derek/work/build/nav2_smoother': AMENT_PREFIX_PATH=/home/derek/work/install/nav2_core:/home/derek/work/install/nav2_costmap_2d:/home/derek/work/install/nav_2d_utils:/home/derek/work/install/nav2_util:/home/derek/work/install/nav2_voxel_grid:/home/derek/work/install/nav2_msgs:/home/derek/work/install/nav_2d_msgs:/home/derek/work/install/nav2_common:${AMENT_PREFIX_PATH} CMAKE_PREFIX_PATH=/home/derek/work/install/nav2_core:/home/derek/work/install/nav2_costmap_2d:/home/derek/work/install/nav_2d_utils:/home/derek/work/install/nav2_util:/home/derek/work/install/nav2_voxel_grid:/home/derek/work/install/nav2_msgs:/home/derek/work/install/nav_2d_msgs:/home/derek/work/install/nav2_common:/opt/ros/humble LD_LIBRARY_PATH=/home/derek/work/install/nav2_costmap_2d/lib:/home/derek/work/install/nav_2d_utils/lib:/home/derek/work/install/nav2_util/lib:/home/derek/work/install/nav2_voxel_grid/lib:/home/derek/work/install/nav2_msgs/lib:/home/derek/work/install/nav_2d_msgs/lib:/usr/lib/x86_64-linux-gnu/gazebo-11/plugins:/opt/ros/humble/opt/rviz_ogre_vendor/lib:/opt/ros/humble/lib/x86_64-linux-gnu:/opt/ros/humble/lib:/usr/local/nvidia/lib:/usr/local/nvidia/lib64:/usr/share/gazebo/../../lib/x86_64-linux-gnu/gazebo-11/plugins PYTHONPATH=/home/derek/work/install/nav2_msgs/local/lib/python3.10/dist-packages:/home/derek/work/install/nav_2d_msgs/local/lib/python3.10/dist-packages:/home/derek/work/install/nav2_common/local/lib/python3.10/dist-packages:${PYTHONPATH} /usr/bin/cmake /home/derek/work/src/navigation2/nav2_smoother -DCMAKE_INSTALL_PREFIX=/home/derek/work/install/nav2_smoother
[16.198s] -- The C compiler identification is GNU 11.4.0
[16.199s] -- The CXX compiler identification is GNU 11.4.0
[16.199s] -- Detecting C compiler ABI info
[16.217s] -- Detecting C compiler ABI info - done
[16.218s] -- Check for working C compiler: /usr/bin/cc - skipped
[16.218s] -- Detecting C compile features
[16.218s] -- Detecting C compile features - done
[16.218s] -- Detecting CXX compiler ABI info
[16.218s] -- Detecting CXX compiler ABI info - done
[16.218s] -- Check for working CXX compiler: /usr/bin/c++ - skipped
[16.218s] -- Detecting CXX compile features
[16.218s] -- Detecting CXX compile features - done
[16.218s] -- Found ament_cmake: 1.3.7 (/opt/ros/humble/share/ament_cmake/cmake)
[16.218s] -- Found Python3: /usr/bin/python3.10 (found version "3.10.12") found components: Interpreter 
[16.218s] -- Found nav2_core: 1.1.13 (/home/derek/work/install/nav2_core/share/nav2_core/cmake)
[16.218s] -- Found rosidl_generator_c: 3.1.5 (/opt/ros/humble/share/rosidl_generator_c/cmake)
[16.218s] -- Found rosidl_adapter: 3.1.5 (/opt/ros/humble/share/rosidl_adapter/cmake)
[16.218s] -- Found rosidl_generator_cpp: 3.1.5 (/opt/ros/humble/share/rosidl_generator_cpp/cmake)
[16.218s] -- Using all available rosidl_typesupport_c: rosidl_typesupport_fastrtps_c;rosidl_typesupport_introspection_c
[16.218s] -- Using all available rosidl_typesupport_cpp: rosidl_typesupport_fastrtps_cpp;rosidl_typesupport_introspection_cpp
[16.218s] -- Found rmw_implementation_cmake: 6.1.1 (/opt/ros/humble/share/rmw_implementation_cmake/cmake)
[16.219s] -- Found rmw_fastrtps_cpp: 6.2.6 (/opt/ros/humble/share/rmw_fastrtps_cpp/cmake)
[16.219s] -- Found OpenSSL: /usr/lib/x86_64-linux-gnu/libcrypto.so (found version "3.0.2")  
[16.219s] -- Found FastRTPS: /opt/ros/humble/include  
[16.219s] -- Using RMW implementation 'rmw_fastrtps_cpp' as default
[16.219s] -- Looking for pthread.h
[16.219s] -- Looking for pthread.h - found
[16.219s] -- Performing Test CMAKE_HAVE_LIBC_PTHREAD
[16.219s] -- Performing Test CMAKE_HAVE_LIBC_PTHREAD - Success
[16.219s] -- Found Threads: TRUE  
[16.219s] -- Found Eigen3: TRUE (found version "3.4.0") 
[16.219s] -- Ensuring Eigen3 include directory is part of orocos-kdl CMake target
[16.219s] -- Found nav2_common: 1.1.13 (/home/derek/work/install/nav2_common/share/nav2_common/cmake)
[16.219s] -- Found nav_2d_utils: 1.1.13 (/home/derek/work/install/nav_2d_utils/share/nav_2d_utils/cmake)
[16.219s] -- Setting build type to Release as none was specified.
[35.935s] -- Found ament_lint_auto: 0.12.10 (/opt/ros/humble/share/ament_lint_auto/cmake)
[36.086s] -- Found gtest sources under '/opt/ros/humble/src/gtest_vendor': C++ tests using 'Google Test' will be built
[50.774s] -- Added test 'cppcheck' to perform static code analysis on C / C++ code
[50.775s] -- Configured cppcheck include dirs: /home/derek/work/src/navigation2/nav2_smoother/include
[50.775s] -- Configured cppcheck exclude dirs and/or files: 
[50.776s] -- Added test 'cpplint' to check C / C++ code against the Google style
[50.776s] -- Configured cpplint exclude dirs and/or files: 
[50.777s] -- Added test 'lint_cmake' to check CMake code style
[50.778s] -- Added test 'uncrustify' to check C / C++ code style
[50.778s] -- Configured uncrustify additional arguments: 
[50.778s] -- Added test 'xmllint' to check XML markup files
[50.781s] -- Configuring done
[51.077s] -- Generating done
[51.079s] -- Build files have been written to: /home/derek/work/build/nav2_smoother
[51.092s] Invoked command in '/home/derek/work/build/nav2_smoother' returned '0': AMENT_PREFIX_PATH=/home/derek/work/install/nav2_core:/home/derek/work/install/nav2_costmap_2d:/home/derek/work/install/nav_2d_utils:/home/derek/work/install/nav2_util:/home/derek/work/install/nav2_voxel_grid:/home/derek/work/install/nav2_msgs:/home/derek/work/install/nav_2d_msgs:/home/derek/work/install/nav2_common:${AMENT_PREFIX_PATH} CMAKE_PREFIX_PATH=/home/derek/work/install/nav2_core:/home/derek/work/install/nav2_costmap_2d:/home/derek/work/install/nav_2d_utils:/home/derek/work/install/nav2_util:/home/derek/work/install/nav2_voxel_grid:/home/derek/work/install/nav2_msgs:/home/derek/work/install/nav_2d_msgs:/home/derek/work/install/nav2_common:/opt/ros/humble LD_LIBRARY_PATH=/home/derek/work/install/nav2_costmap_2d/lib:/home/derek/work/install/nav_2d_utils/lib:/home/derek/work/install/nav2_util/lib:/home/derek/work/install/nav2_voxel_grid/lib:/home/derek/work/install/nav2_msgs/lib:/home/derek/work/install/nav_2d_msgs/lib:/usr/lib/x86_64-linux-gnu/gazebo-11/plugins:/opt/ros/humble/opt/rviz_ogre_vendor/lib:/opt/ros/humble/lib/x86_64-linux-gnu:/opt/ros/humble/lib:/usr/local/nvidia/lib:/usr/local/nvidia/lib64:/usr/share/gazebo/../../lib/x86_64-linux-gnu/gazebo-11/plugins PYTHONPATH=/home/derek/work/install/nav2_msgs/local/lib/python3.10/dist-packages:/home/derek/work/install/nav_2d_msgs/local/lib/python3.10/dist-packages:/home/derek/work/install/nav2_common/local/lib/python3.10/dist-packages:${PYTHONPATH} /usr/bin/cmake /home/derek/work/src/navigation2/nav2_smoother -DCMAKE_INSTALL_PREFIX=/home/derek/work/install/nav2_smoother
[51.106s] Invoking command in '/home/derek/work/build/nav2_smoother': AMENT_PREFIX_PATH=/home/derek/work/install/nav2_core:/home/derek/work/install/nav2_costmap_2d:/home/derek/work/install/nav_2d_utils:/home/derek/work/install/nav2_util:/home/derek/work/install/nav2_voxel_grid:/home/derek/work/install/nav2_msgs:/home/derek/work/install/nav_2d_msgs:/home/derek/work/install/nav2_common:${AMENT_PREFIX_PATH} CMAKE_PREFIX_PATH=/home/derek/work/install/nav2_core:/home/derek/work/install/nav2_costmap_2d:/home/derek/work/install/nav_2d_utils:/home/derek/work/install/nav2_util:/home/derek/work/install/nav2_voxel_grid:/home/derek/work/install/nav2_msgs:/home/derek/work/install/nav_2d_msgs:/home/derek/work/install/nav2_common:/opt/ros/humble LD_LIBRARY_PATH=/home/derek/work/install/nav2_costmap_2d/lib:/home/derek/work/install/nav_2d_utils/lib:/home/derek/work/install/nav2_util/lib:/home/derek/work/install/nav2_voxel_grid/lib:/home/derek/work/install/nav2_msgs/lib:/home/derek/work/install/nav_2d_msgs/lib:/usr/lib/x86_64-linux-gnu/gazebo-11/plugins:/opt/ros/humble/opt/rviz_ogre_vendor/lib:/opt/ros/humble/lib/x86_64-linux-gnu:/opt/ros/humble/lib:/usr/local/nvidia/lib:/usr/local/nvidia/lib64:/usr/share/gazebo/../../lib/x86_64-linux-gnu/gazebo-11/plugins PYTHONPATH=/home/derek/work/install/nav2_msgs/local/lib/python3.10/dist-packages:/home/derek/work/install/nav_2d_msgs/local/lib/python3.10/dist-packages:/home/derek/work/install/nav2_common/local/lib/python3.10/dist-packages:${PYTHONPATH} /usr/bin/cmake --build /home/derek/work/build/nav2_smoother -- -j16 -l16
[54.943s] [  5%] [32mBuilding CXX object CMakeFiles/smoother_server_core.dir/src/nav2_smoother.cpp.o[0m
[65.865s] [ 11%] [32m[1mLinking CXX shared library libsmoother_server_core.so[0m
[66.147s] [ 11%] Built target smoother_server_core
[66.167s] [ 16%] [32mBuilding CXX object gtest/CMakeFiles/gtest_main.dir/src/gtest_main.cc.o[0m
[66.168s] [ 22%] [32mBuilding CXX object gtest/CMakeFiles/gtest.dir/src/gtest-all.cc.o[0m
[66.924s] [ 27%] [32m[1mLinking CXX static library libgtest_main.a[0m
[66.950s] [ 27%] Built target gtest_main
[66.969s] [ 33%] [32mBuilding CXX object CMakeFiles/smoother_server.dir/src/main.cpp.o[0m
[72.874s] [ 38%] [32m[1mLinking CXX executable smoother_server[0m
[73.621s] [ 38%] Built target smoother_server
[74.117s] [ 44%] [32m[1mLinking CXX static library libgtest.a[0m
[74.278s] [ 44%] Built target gtest
[74.316s] [ 50%] [32mBuilding CXX object CMakeFiles/savitzky_golay_smoother.dir/src/savitzky_golay_smoother.cpp.o[0m
[79.581s] [ 55%] [32m[1mLinking CXX shared library libsavitzky_golay_smoother.so[0m
[79.781s] [ 55%] Built target savitzky_golay_smoother
[79.803s] [ 61%] [32mBuilding CXX object test/CMakeFiles/test_smoother_server.dir/test_smoother_server.cpp.o[0m
[91.032s] [ 66%] [32m[1mLinking CXX executable test_smoother_server[0m
[91.758s] [ 66%] Built target test_smoother_server
[91.893s] [ 72%] [32mBuilding CXX object test/CMakeFiles/test_savitzky_golay_smoother.dir/test_savitzky_golay_smoother.cpp.o[0m
[91.897s] [ 77%] [32mBuilding CXX object CMakeFiles/simple_smoother.dir/src/simple_smoother.cpp.o[0m
[103.750s] [ 83%] [32m[1mLinking CXX shared library libsimple_smoother.so[0m
[104.393s] [ 83%] Built target simple_smoother
[105.524s] [ 88%] [32m[1mLinking CXX executable test_savitzky_golay_smoother[0m
[105.942s] [ 88%] Built target test_savitzky_golay_smoother
[105.967s] [ 94%] [32mBuilding CXX object test/CMakeFiles/test_simple_smoother.dir/test_simple_smoother.cpp.o[0m
[113.495s] [100%] [32m[1mLinking CXX executable test_simple_smoother[0m
[113.867s] [100%] Built target test_simple_smoother
[113.881s] Invoked command in '/home/derek/work/build/nav2_smoother' returned '0': AMENT_PREFIX_PATH=/home/derek/work/install/nav2_core:/home/derek/work/install/nav2_costmap_2d:/home/derek/work/install/nav_2d_utils:/home/derek/work/install/nav2_util:/home/derek/work/install/nav2_voxel_grid:/home/derek/work/install/nav2_msgs:/home/derek/work/install/nav_2d_msgs:/home/derek/work/install/nav2_common:${AMENT_PREFIX_PATH} CMAKE_PREFIX_PATH=/home/derek/work/install/nav2_core:/home/derek/work/install/nav2_costmap_2d:/home/derek/work/install/nav_2d_utils:/home/derek/work/install/nav2_util:/home/derek/work/install/nav2_voxel_grid:/home/derek/work/install/nav2_msgs:/home/derek/work/install/nav_2d_msgs:/home/derek/work/install/nav2_common:/opt/ros/humble LD_LIBRARY_PATH=/home/derek/work/install/nav2_costmap_2d/lib:/home/derek/work/install/nav_2d_utils/lib:/home/derek/work/install/nav2_util/lib:/home/derek/work/install/nav2_voxel_grid/lib:/home/derek/work/install/nav2_msgs/lib:/home/derek/work/install/nav_2d_msgs/lib:/usr/lib/x86_64-linux-gnu/gazebo-11/plugins:/opt/ros/humble/opt/rviz_ogre_vendor/lib:/opt/ros/humble/lib/x86_64-linux-gnu:/opt/ros/humble/lib:/usr/local/nvidia/lib:/usr/local/nvidia/lib64:/usr/share/gazebo/../../lib/x86_64-linux-gnu/gazebo-11/plugins PYTHONPATH=/home/derek/work/install/nav2_msgs/local/lib/python3.10/dist-packages:/home/derek/work/install/nav_2d_msgs/local/lib/python3.10/dist-packages:/home/derek/work/install/nav2_common/local/lib/python3.10/dist-packages:${PYTHONPATH} /usr/bin/cmake --build /home/derek/work/build/nav2_smoother -- -j16 -l16
[113.920s] Invoking command in '/home/derek/work/build/nav2_smoother': AMENT_PREFIX_PATH=/home/derek/work/install/nav2_core:/home/derek/work/install/nav2_costmap_2d:/home/derek/work/install/nav_2d_utils:/home/derek/work/install/nav2_util:/home/derek/work/install/nav2_voxel_grid:/home/derek/work/install/nav2_msgs:/home/derek/work/install/nav_2d_msgs:/home/derek/work/install/nav2_common:${AMENT_PREFIX_PATH} CMAKE_PREFIX_PATH=/home/derek/work/install/nav2_core:/home/derek/work/install/nav2_costmap_2d:/home/derek/work/install/nav_2d_utils:/home/derek/work/install/nav2_util:/home/derek/work/install/nav2_voxel_grid:/home/derek/work/install/nav2_msgs:/home/derek/work/install/nav_2d_msgs:/home/derek/work/install/nav2_common:/opt/ros/humble LD_LIBRARY_PATH=/home/derek/work/install/nav2_costmap_2d/lib:/home/derek/work/install/nav_2d_utils/lib:/home/derek/work/install/nav2_util/lib:/home/derek/work/install/nav2_voxel_grid/lib:/home/derek/work/install/nav2_msgs/lib:/home/derek/work/install/nav_2d_msgs/lib:/usr/lib/x86_64-linux-gnu/gazebo-11/plugins:/opt/ros/humble/opt/rviz_ogre_vendor/lib:/opt/ros/humble/lib/x86_64-linux-gnu:/opt/ros/humble/lib:/usr/local/nvidia/lib:/usr/local/nvidia/lib64:/usr/share/gazebo/../../lib/x86_64-linux-gnu/gazebo-11/plugins PYTHONPATH=/home/derek/work/install/nav2_msgs/local/lib/python3.10/dist-packages:/home/derek/work/install/nav_2d_msgs/local/lib/python3.10/dist-packages:/home/derek/work/install/nav2_common/local/lib/python3.10/dist-packages:${PYTHONPATH} /usr/bin/cmake --install /home/derek/work/build/nav2_smoother
[113.929s] -- Install configuration: "Release"
[113.929s] -- Installing: /home/derek/work/install/nav2_smoother/share/nav2_smoother/plugins.xml
[113.930s] -- Installing: /home/derek/work/install/nav2_smoother/lib/libsmoother_server_core.so
[113.931s] -- Set runtime path of "/home/derek/work/install/nav2_smoother/lib/libsmoother_server_core.so" to ""
[113.931s] -- Installing: /home/derek/work/install/nav2_smoother/lib/libsimple_smoother.so
[113.931s] -- Set runtime path of "/home/derek/work/install/nav2_smoother/lib/libsimple_smoother.so" to ""
[113.932s] -- Installing: /home/derek/work/install/nav2_smoother/lib/libsavitzky_golay_smoother.so
[113.932s] -- Set runtime path of "/home/derek/work/install/nav2_smoother/lib/libsavitzky_golay_smoother.so" to ""
[113.932s] -- Installing: /home/derek/work/install/nav2_smoother/lib/nav2_smoother/smoother_server
[113.932s] -- Set runtime path of "/home/derek/work/install/nav2_smoother/lib/nav2_smoother/smoother_server" to ""
[113.933s] -- Installing: /home/derek/work/install/nav2_smoother/include/
[113.933s] -- Installing: /home/derek/work/install/nav2_smoother/include//nav2_smoother
[113.933s] -- Installing: /home/derek/work/install/nav2_smoother/include//nav2_smoother/savitzky_golay_smoother.hpp
[113.933s] -- Installing: /home/derek/work/install/nav2_smoother/include//nav2_smoother/nav2_smoother.hpp
[113.933s] -- Installing: /home/derek/work/install/nav2_smoother/include//nav2_smoother/smoother_utils.hpp
[113.933s] -- Installing: /home/derek/work/install/nav2_smoother/include//nav2_smoother/simple_smoother.hpp
[113.934s] -- Installing: /home/derek/work/install/nav2_smoother/share/nav2_smoother/environment/library_path.sh
[113.934s] -- Installing: /home/derek/work/install/nav2_smoother/share/nav2_smoother/environment/library_path.dsv
[113.934s] -- Installing: /home/derek/work/install/nav2_smoother/share/ament_index/resource_index/package_run_dependencies/nav2_smoother
[113.934s] -- Installing: /home/derek/work/install/nav2_smoother/share/ament_index/resource_index/parent_prefix_path/nav2_smoother
[113.934s] -- Installing: /home/derek/work/install/nav2_smoother/share/nav2_smoother/environment/ament_prefix_path.sh
[113.934s] -- Installing: /home/derek/work/install/nav2_smoother/share/nav2_smoother/environment/ament_prefix_path.dsv
[113.934s] -- Installing: /home/derek/work/install/nav2_smoother/share/nav2_smoother/environment/path.sh
[113.934s] -- Installing: /home/derek/work/install/nav2_smoother/share/nav2_smoother/environment/path.dsv
[113.934s] -- Installing: /home/derek/work/install/nav2_smoother/share/nav2_smoother/local_setup.bash
[113.935s] -- Installing: /home/derek/work/install/nav2_smoother/share/nav2_smoother/local_setup.sh
[113.935s] -- Installing: /home/derek/work/install/nav2_smoother/share/nav2_smoother/local_setup.zsh
[113.935s] -- Installing: /home/derek/work/install/nav2_smoother/share/nav2_smoother/local_setup.dsv
[113.935s] -- Installing: /home/derek/work/install/nav2_smoother/share/nav2_smoother/package.dsv
[113.935s] -- Installing: /home/derek/work/install/nav2_smoother/share/ament_index/resource_index/packages/nav2_smoother
[113.935s] -- Installing: /home/derek/work/install/nav2_smoother/share/ament_index/resource_index/nav2_core__pluginlib__plugin/nav2_smoother
[113.935s] -- Installing: /home/derek/work/install/nav2_smoother/share/ament_index/resource_index/rclcpp_components/nav2_smoother
[113.936s] -- Installing: /home/derek/work/install/nav2_smoother/share/nav2_smoother/cmake/ament_cmake_export_include_directories-extras.cmake
[113.936s] -- Installing: /home/derek/work/install/nav2_smoother/share/nav2_smoother/cmake/ament_cmake_export_libraries-extras.cmake
[113.936s] -- Installing: /home/derek/work/install/nav2_smoother/share/nav2_smoother/cmake/ament_cmake_export_dependencies-extras.cmake
[113.936s] -- Installing: /home/derek/work/install/nav2_smoother/share/nav2_smoother/cmake/nav2_smootherConfig.cmake
[113.936s] -- Installing: /home/derek/work/install/nav2_smoother/share/nav2_smoother/cmake/nav2_smootherConfig-version.cmake
[113.936s] -- Installing: /home/derek/work/install/nav2_smoother/share/nav2_smoother/package.xml
[113.939s] Invoked command in '/home/derek/work/build/nav2_smoother' returned '0': AMENT_PREFIX_PATH=/home/derek/work/install/nav2_core:/home/derek/work/install/nav2_costmap_2d:/home/derek/work/install/nav_2d_utils:/home/derek/work/install/nav2_util:/home/derek/work/install/nav2_voxel_grid:/home/derek/work/install/nav2_msgs:/home/derek/work/install/nav_2d_msgs:/home/derek/work/install/nav2_common:${AMENT_PREFIX_PATH} CMAKE_PREFIX_PATH=/home/derek/work/install/nav2_core:/home/derek/work/install/nav2_costmap_2d:/home/derek/work/install/nav_2d_utils:/home/derek/work/install/nav2_util:/home/derek/work/install/nav2_voxel_grid:/home/derek/work/install/nav2_msgs:/home/derek/work/install/nav_2d_msgs:/home/derek/work/install/nav2_common:/opt/ros/humble LD_LIBRARY_PATH=/home/derek/work/install/nav2_costmap_2d/lib:/home/derek/work/install/nav_2d_utils/lib:/home/derek/work/install/nav2_util/lib:/home/derek/work/install/nav2_voxel_grid/lib:/home/derek/work/install/nav2_msgs/lib:/home/derek/work/install/nav_2d_msgs/lib:/usr/lib/x86_64-linux-gnu/gazebo-11/plugins:/opt/ros/humble/opt/rviz_ogre_vendor/lib:/opt/ros/humble/lib/x86_64-linux-gnu:/opt/ros/humble/lib:/usr/local/nvidia/lib:/usr/local/nvidia/lib64:/usr/share/gazebo/../../lib/x86_64-linux-gnu/gazebo-11/plugins PYTHONPATH=/home/derek/work/install/nav2_msgs/local/lib/python3.10/dist-packages:/home/derek/work/install/nav_2d_msgs/local/lib/python3.10/dist-packages:/home/derek/work/install/nav2_common/local/lib/python3.10/dist-packages:${PYTHONPATH} /usr/bin/cmake --install /home/derek/work/build/nav2_smoother
