[0.272s] Invoking command in '/home/derek/work/build/nav2_mppi_controller': AMENT_PREFIX_PATH=/home/derek/work/install/nav2_core:/home/derek/work/install/nav2_costmap_2d:/home/derek/work/install/nav2_util:/home/derek/work/install/nav2_voxel_grid:/home/derek/work/install/nav2_msgs:/home/derek/work/install/nav2_common:${AMENT_PREFIX_PATH} CMAKE_PREFIX_PATH=/home/derek/work/install/nav2_core:/home/derek/work/install/nav2_costmap_2d:/home/derek/work/install/nav2_util:/home/derek/work/install/nav2_voxel_grid:/home/derek/work/install/nav2_msgs:/home/derek/work/install/nav2_common:/opt/ros/humble LD_LIBRARY_PATH=/home/derek/work/install/nav2_costmap_2d/lib:/home/derek/work/install/nav2_util/lib:/home/derek/work/install/nav2_voxel_grid/lib:/home/derek/work/install/nav2_msgs/lib:/usr/lib/x86_64-linux-gnu/gazebo-11/plugins:/opt/ros/humble/opt/rviz_ogre_vendor/lib:/opt/ros/humble/lib/x86_64-linux-gnu:/opt/ros/humble/lib:/usr/local/nvidia/lib:/usr/local/nvidia/lib64:/usr/share/gazebo/../../lib/x86_64-linux-gnu/gazebo-11/plugins PYTHONPATH=/home/derek/work/install/nav2_msgs/local/lib/python3.10/dist-packages:/home/derek/work/install/nav2_common/local/lib/python3.10/dist-packages:${PYTHONPATH} /usr/bin/cmake --build /home/derek/work/build/nav2_mppi_controller -- -j16 -l16
[0.342s] [35m[1mConsolidate compiler generated dependencies of target mppi_controller[0m
[0.362s] [35m[1mConsolidate compiler generated dependencies of target mppi_critics[0m
[0.363s] [35m[1mConsolidate compiler generated dependencies of target gtest[0m
[0.380s] [35m[1mConsolidate compiler generated dependencies of target gtest_main[0m
[0.394s] [  4%] Built target gtest
[0.429s] [ 21%] Built target mppi_controller
[0.431s] [ 25%] Built target gtest_main
[0.446s] [35m[1mConsolidate compiler generated dependencies of target controller_state_transition_test[0m
[0.447s] [35m[1mConsolidate compiler generated dependencies of target optimizer_smoke_test[0m
[0.455s] [35m[1mConsolidate compiler generated dependencies of target models_test[0m
[0.455s] [35m[1mConsolidate compiler generated dependencies of target noise_generator_test[0m
[0.468s] [35m[1mConsolidate compiler generated dependencies of target trajectory_visualizer_tests[0m
[0.480s] [35m[1mConsolidate compiler generated dependencies of target motion_model_tests[0m
[0.482s] [35m[1mConsolidate compiler generated dependencies of target parameter_handler_test[0m
[0.487s] [ 36%] Built target controller_state_transition_test
[0.488s] [ 53%] Built target mppi_critics
[0.488s] [ 57%] Built target optimizer_smoke_test
[0.495s] [35m[1mConsolidate compiler generated dependencies of target utils_test[0m
[0.496s] [ 61%] Built target models_test
[0.497s] [35m[1mConsolidate compiler generated dependencies of target path_handler_test[0m
[0.498s] [ 65%] Built target noise_generator_test
[0.508s] [ 74%] Built target parameter_handler_test
[0.509s] [ 74%] Built target trajectory_visualizer_tests
[0.511s] [35m[1mConsolidate compiler generated dependencies of target critic_manager_test[0m
[0.516s] [ 78%] Built target motion_model_tests
[0.516s] [35m[1mConsolidate compiler generated dependencies of target optimizer_unit_tests[0m
[0.517s] [35m[1mConsolidate compiler generated dependencies of target critics_tests[0m
[0.522s] [ 82%] Built target path_handler_test
[0.524s] [ 87%] Built target utils_test
[0.540s] [ 91%] Built target critic_manager_test
[0.547s] [ 95%] Built target critics_tests
[0.547s] [100%] Built target optimizer_unit_tests
[0.690s] Invoked command in '/home/derek/work/build/nav2_mppi_controller' returned '0': AMENT_PREFIX_PATH=/home/derek/work/install/nav2_core:/home/derek/work/install/nav2_costmap_2d:/home/derek/work/install/nav2_util:/home/derek/work/install/nav2_voxel_grid:/home/derek/work/install/nav2_msgs:/home/derek/work/install/nav2_common:${AMENT_PREFIX_PATH} CMAKE_PREFIX_PATH=/home/derek/work/install/nav2_core:/home/derek/work/install/nav2_costmap_2d:/home/derek/work/install/nav2_util:/home/derek/work/install/nav2_voxel_grid:/home/derek/work/install/nav2_msgs:/home/derek/work/install/nav2_common:/opt/ros/humble LD_LIBRARY_PATH=/home/derek/work/install/nav2_costmap_2d/lib:/home/derek/work/install/nav2_util/lib:/home/derek/work/install/nav2_voxel_grid/lib:/home/derek/work/install/nav2_msgs/lib:/usr/lib/x86_64-linux-gnu/gazebo-11/plugins:/opt/ros/humble/opt/rviz_ogre_vendor/lib:/opt/ros/humble/lib/x86_64-linux-gnu:/opt/ros/humble/lib:/usr/local/nvidia/lib:/usr/local/nvidia/lib64:/usr/share/gazebo/../../lib/x86_64-linux-gnu/gazebo-11/plugins PYTHONPATH=/home/derek/work/install/nav2_msgs/local/lib/python3.10/dist-packages:/home/derek/work/install/nav2_common/local/lib/python3.10/dist-packages:${PYTHONPATH} /usr/bin/cmake --build /home/derek/work/build/nav2_mppi_controller -- -j16 -l16
[1.183s] Invoking command in '/home/derek/work/build/nav2_mppi_controller': AMENT_PREFIX_PATH=/home/derek/work/install/nav2_core:/home/derek/work/install/nav2_costmap_2d:/home/derek/work/install/nav2_util:/home/derek/work/install/nav2_voxel_grid:/home/derek/work/install/nav2_msgs:/home/derek/work/install/nav2_common:${AMENT_PREFIX_PATH} CMAKE_PREFIX_PATH=/home/derek/work/install/nav2_core:/home/derek/work/install/nav2_costmap_2d:/home/derek/work/install/nav2_util:/home/derek/work/install/nav2_voxel_grid:/home/derek/work/install/nav2_msgs:/home/derek/work/install/nav2_common:/opt/ros/humble LD_LIBRARY_PATH=/home/derek/work/install/nav2_costmap_2d/lib:/home/derek/work/install/nav2_util/lib:/home/derek/work/install/nav2_voxel_grid/lib:/home/derek/work/install/nav2_msgs/lib:/usr/lib/x86_64-linux-gnu/gazebo-11/plugins:/opt/ros/humble/opt/rviz_ogre_vendor/lib:/opt/ros/humble/lib/x86_64-linux-gnu:/opt/ros/humble/lib:/usr/local/nvidia/lib:/usr/local/nvidia/lib64:/usr/share/gazebo/../../lib/x86_64-linux-gnu/gazebo-11/plugins PYTHONPATH=/home/derek/work/install/nav2_msgs/local/lib/python3.10/dist-packages:/home/derek/work/install/nav2_common/local/lib/python3.10/dist-packages:${PYTHONPATH} /usr/bin/cmake --install /home/derek/work/build/nav2_mppi_controller
[1.191s] -- Install configuration: "Release"
[1.192s] -- Up-to-date: /home/derek/work/install/nav2_mppi_controller/lib/libmppi_controller.so
[1.192s] -- Up-to-date: /home/derek/work/install/nav2_mppi_controller/lib/libmppi_critics.so
[1.193s] -- Up-to-date: /home/derek/work/install/nav2_mppi_controller/include/
[1.193s] -- Up-to-date: /home/derek/work/install/nav2_mppi_controller/include//nav2_mppi_controller
[1.193s] -- Up-to-date: /home/derek/work/install/nav2_mppi_controller/include//nav2_mppi_controller/critics
[1.193s] -- Up-to-date: /home/derek/work/install/nav2_mppi_controller/include//nav2_mppi_controller/critics/obstacles_critic.hpp
[1.193s] -- Up-to-date: /home/derek/work/install/nav2_mppi_controller/include//nav2_mppi_controller/critics/path_align_critic.hpp
[1.194s] -- Up-to-date: /home/derek/work/install/nav2_mppi_controller/include//nav2_mppi_controller/critics/constraint_critic.hpp
[1.194s] -- Up-to-date: /home/derek/work/install/nav2_mppi_controller/include//nav2_mppi_controller/critics/goal_critic.hpp
[1.194s] -- Up-to-date: /home/derek/work/install/nav2_mppi_controller/include//nav2_mppi_controller/critics/path_align_legacy_critic.hpp
[1.194s] -- Up-to-date: /home/derek/work/install/nav2_mppi_controller/include//nav2_mppi_controller/critics/goal_angle_critic.hpp
[1.195s] -- Up-to-date: /home/derek/work/install/nav2_mppi_controller/include//nav2_mppi_controller/critics/path_angle_critic.hpp
[1.195s] -- Up-to-date: /home/derek/work/install/nav2_mppi_controller/include//nav2_mppi_controller/critics/prefer_forward_critic.hpp
[1.195s] -- Up-to-date: /home/derek/work/install/nav2_mppi_controller/include//nav2_mppi_controller/critics/twirling_critic.hpp
[1.195s] -- Up-to-date: /home/derek/work/install/nav2_mppi_controller/include//nav2_mppi_controller/critics/path_follow_critic.hpp
[1.195s] -- Up-to-date: /home/derek/work/install/nav2_mppi_controller/include//nav2_mppi_controller/tools
[1.196s] -- Up-to-date: /home/derek/work/install/nav2_mppi_controller/include//nav2_mppi_controller/tools/trajectory_visualizer.hpp
[1.196s] -- Up-to-date: /home/derek/work/install/nav2_mppi_controller/include//nav2_mppi_controller/tools/path_handler.hpp
[1.196s] -- Up-to-date: /home/derek/work/install/nav2_mppi_controller/include//nav2_mppi_controller/tools/noise_generator.hpp
[1.196s] -- Up-to-date: /home/derek/work/install/nav2_mppi_controller/include//nav2_mppi_controller/tools/utils.hpp
[1.197s] -- Up-to-date: /home/derek/work/install/nav2_mppi_controller/include//nav2_mppi_controller/tools/parameters_handler.hpp
[1.197s] -- Up-to-date: /home/derek/work/install/nav2_mppi_controller/include//nav2_mppi_controller/critic_function.hpp
[1.197s] -- Up-to-date: /home/derek/work/install/nav2_mppi_controller/include//nav2_mppi_controller/controller.hpp
[1.197s] -- Up-to-date: /home/derek/work/install/nav2_mppi_controller/include//nav2_mppi_controller/critic_data.hpp
[1.197s] -- Up-to-date: /home/derek/work/install/nav2_mppi_controller/include//nav2_mppi_controller/models
[1.198s] -- Up-to-date: /home/derek/work/install/nav2_mppi_controller/include//nav2_mppi_controller/models/optimizer_settings.hpp
[1.198s] -- Up-to-date: /home/derek/work/install/nav2_mppi_controller/include//nav2_mppi_controller/models/constraints.hpp
[1.198s] -- Up-to-date: /home/derek/work/install/nav2_mppi_controller/include//nav2_mppi_controller/models/state.hpp
[1.198s] -- Up-to-date: /home/derek/work/install/nav2_mppi_controller/include//nav2_mppi_controller/models/control_sequence.hpp
[1.199s] -- Up-to-date: /home/derek/work/install/nav2_mppi_controller/include//nav2_mppi_controller/models/trajectories.hpp
[1.199s] -- Up-to-date: /home/derek/work/install/nav2_mppi_controller/include//nav2_mppi_controller/models/path.hpp
[1.199s] -- Up-to-date: /home/derek/work/install/nav2_mppi_controller/include//nav2_mppi_controller/critic_manager.hpp
[1.199s] -- Up-to-date: /home/derek/work/install/nav2_mppi_controller/include//nav2_mppi_controller/motion_models.hpp
[1.199s] -- Up-to-date: /home/derek/work/install/nav2_mppi_controller/include//nav2_mppi_controller/optimizer.hpp
[1.199s] -- Up-to-date: /home/derek/work/install/nav2_mppi_controller/share/nav2_mppi_controller/environment/library_path.sh
[1.199s] -- Up-to-date: /home/derek/work/install/nav2_mppi_controller/share/nav2_mppi_controller/environment/library_path.dsv
[1.199s] -- Up-to-date: /home/derek/work/install/nav2_mppi_controller/share/nav2_mppi_controller/mppic.xml
[1.199s] -- Up-to-date: /home/derek/work/install/nav2_mppi_controller/share/nav2_mppi_controller/critics.xml
[1.199s] -- Up-to-date: /home/derek/work/install/nav2_mppi_controller/share/ament_index/resource_index/package_run_dependencies/nav2_mppi_controller
[1.199s] -- Up-to-date: /home/derek/work/install/nav2_mppi_controller/share/ament_index/resource_index/parent_prefix_path/nav2_mppi_controller
[1.199s] -- Up-to-date: /home/derek/work/install/nav2_mppi_controller/share/nav2_mppi_controller/environment/ament_prefix_path.sh
[1.199s] -- Up-to-date: /home/derek/work/install/nav2_mppi_controller/share/nav2_mppi_controller/environment/ament_prefix_path.dsv
[1.199s] -- Up-to-date: /home/derek/work/install/nav2_mppi_controller/share/nav2_mppi_controller/environment/path.sh
[1.199s] -- Up-to-date: /home/derek/work/install/nav2_mppi_controller/share/nav2_mppi_controller/environment/path.dsv
[1.200s] -- Up-to-date: /home/derek/work/install/nav2_mppi_controller/share/nav2_mppi_controller/local_setup.bash
[1.200s] -- Up-to-date: /home/derek/work/install/nav2_mppi_controller/share/nav2_mppi_controller/local_setup.sh
[1.200s] -- Up-to-date: /home/derek/work/install/nav2_mppi_controller/share/nav2_mppi_controller/local_setup.zsh
[1.200s] -- Up-to-date: /home/derek/work/install/nav2_mppi_controller/share/nav2_mppi_controller/local_setup.dsv
[1.200s] -- Installing: /home/derek/work/install/nav2_mppi_controller/share/nav2_mppi_controller/package.dsv
[1.200s] -- Up-to-date: /home/derek/work/install/nav2_mppi_controller/share/ament_index/resource_index/packages/nav2_mppi_controller
[1.200s] -- Up-to-date: /home/derek/work/install/nav2_mppi_controller/share/ament_index/resource_index/nav2_core__pluginlib__plugin/nav2_mppi_controller
[1.200s] -- Up-to-date: /home/derek/work/install/nav2_mppi_controller/share/ament_index/resource_index/nav2_mppi_controller__pluginlib__plugin/nav2_mppi_controller
[1.200s] -- Up-to-date: /home/derek/work/install/nav2_mppi_controller/share/nav2_mppi_controller/cmake/ament_cmake_export_libraries-extras.cmake
[1.200s] -- Up-to-date: /home/derek/work/install/nav2_mppi_controller/share/nav2_mppi_controller/cmake/ament_cmake_export_dependencies-extras.cmake
[1.200s] -- Up-to-date: /home/derek/work/install/nav2_mppi_controller/share/nav2_mppi_controller/cmake/ament_cmake_export_include_directories-extras.cmake
[1.200s] -- Up-to-date: /home/derek/work/install/nav2_mppi_controller/share/nav2_mppi_controller/cmake/nav2_mppi_controllerConfig.cmake
[1.200s] -- Up-to-date: /home/derek/work/install/nav2_mppi_controller/share/nav2_mppi_controller/cmake/nav2_mppi_controllerConfig-version.cmake
[1.200s] -- Up-to-date: /home/derek/work/install/nav2_mppi_controller/share/nav2_mppi_controller/package.xml
[1.862s] Invoked command in '/home/derek/work/build/nav2_mppi_controller' returned '0': AMENT_PREFIX_PATH=/home/derek/work/install/nav2_core:/home/derek/work/install/nav2_costmap_2d:/home/derek/work/install/nav2_util:/home/derek/work/install/nav2_voxel_grid:/home/derek/work/install/nav2_msgs:/home/derek/work/install/nav2_common:${AMENT_PREFIX_PATH} CMAKE_PREFIX_PATH=/home/derek/work/install/nav2_core:/home/derek/work/install/nav2_costmap_2d:/home/derek/work/install/nav2_util:/home/derek/work/install/nav2_voxel_grid:/home/derek/work/install/nav2_msgs:/home/derek/work/install/nav2_common:/opt/ros/humble LD_LIBRARY_PATH=/home/derek/work/install/nav2_costmap_2d/lib:/home/derek/work/install/nav2_util/lib:/home/derek/work/install/nav2_voxel_grid/lib:/home/derek/work/install/nav2_msgs/lib:/usr/lib/x86_64-linux-gnu/gazebo-11/plugins:/opt/ros/humble/opt/rviz_ogre_vendor/lib:/opt/ros/humble/lib/x86_64-linux-gnu:/opt/ros/humble/lib:/usr/local/nvidia/lib:/usr/local/nvidia/lib64:/usr/share/gazebo/../../lib/x86_64-linux-gnu/gazebo-11/plugins PYTHONPATH=/home/derek/work/install/nav2_msgs/local/lib/python3.10/dist-packages:/home/derek/work/install/nav2_common/local/lib/python3.10/dist-packages:${PYTHONPATH} /usr/bin/cmake --install /home/derek/work/build/nav2_mppi_controller
