[0.328s] Invoking command in '/home/derek/work/build/turtlebot3_description': CMAKE_PREFIX_PATH=/opt/ros/humble /usr/bin/cmake /home/derek/work/src/turtlebot3/turtlebot3_description -DCMAKE_INSTALL_PREFIX=/home/derek/work/install/turtlebot3_description
[2.636s] -- The C compiler identification is GNU 11.4.0
[2.636s] -- The CXX compiler identification is GNU 11.4.0
[2.636s] -- Detecting C compiler ABI info
[2.636s] -- Detecting C compiler ABI info - done
[2.636s] -- Check for working C compiler: /usr/bin/cc - skipped
[2.637s] -- Detecting C compile features
[2.637s] -- Detecting C compile features - done
[2.637s] -- Detecting CXX compiler ABI info
[2.638s] -- Detecting CXX compiler ABI info - done
[2.638s] -- Check for working CXX compiler: /usr/bin/c++ - skipped
[2.638s] -- Detecting CXX compile features
[2.639s] -- Detecting CXX compile features - done
[2.641s] -- Found ament_cmake: 1.3.7 (/opt/ros/humble/share/ament_cmake/cmake)
[2.641s] -- Found Python3: /usr/bin/python3.10 (found version "3.10.12") found components: Interpreter 
[2.641s] -- Found urdf: 2.6.0 (/opt/ros/humble/share/urdf/cmake)
[2.641s] -- Configuring done
[2.641s] -- Generating done
[2.641s] -- Build files have been written to: /home/derek/work/build/turtlebot3_description
[2.649s] Invoked command in '/home/derek/work/build/turtlebot3_description' returned '0': CMAKE_PREFIX_PATH=/opt/ros/humble /usr/bin/cmake /home/derek/work/src/turtlebot3/turtlebot3_description -DCMAKE_INSTALL_PREFIX=/home/derek/work/install/turtlebot3_description
[2.650s] Invoking command in '/home/derek/work/build/turtlebot3_description': CMAKE_PREFIX_PATH=/opt/ros/humble /usr/bin/cmake --build /home/derek/work/build/turtlebot3_description -- -j16 -l16
[2.666s] Invoked command in '/home/derek/work/build/turtlebot3_description' returned '0': CMAKE_PREFIX_PATH=/opt/ros/humble /usr/bin/cmake --build /home/derek/work/build/turtlebot3_description -- -j16 -l16
[2.702s] Invoking command in '/home/derek/work/build/turtlebot3_description': CMAKE_PREFIX_PATH=/opt/ros/humble /usr/bin/cmake --install /home/derek/work/build/turtlebot3_description
[2.710s] -- Install configuration: ""
[2.710s] -- Installing: /home/derek/work/install/turtlebot3_description/share/turtlebot3_description/meshes
[2.710s] -- Installing: /home/derek/work/install/turtlebot3_description/share/turtlebot3_description/meshes/wheels
[2.711s] -- Installing: /home/derek/work/install/turtlebot3_description/share/turtlebot3_description/meshes/wheels/right_tire.stl
[2.712s] -- Installing: /home/derek/work/install/turtlebot3_description/share/turtlebot3_description/meshes/wheels/left_tire.stl
[2.713s] -- Installing: /home/derek/work/install/turtlebot3_description/share/turtlebot3_description/meshes/bases
[2.713s] -- Installing: /home/derek/work/install/turtlebot3_description/share/turtlebot3_description/meshes/bases/waffle_base.stl
[2.732s] -- Installing: /home/derek/work/install/turtlebot3_description/share/turtlebot3_description/meshes/bases/waffle_pi_base.stl
[2.741s] -- Installing: /home/derek/work/install/turtlebot3_description/share/turtlebot3_description/meshes/bases/burger_base.stl
[2.750s] -- Installing: /home/derek/work/install/turtlebot3_description/share/turtlebot3_description/meshes/sensors
[2.750s] -- Installing: /home/derek/work/install/turtlebot3_description/share/turtlebot3_description/meshes/sensors/astra.jpg
[2.750s] -- Installing: /home/derek/work/install/turtlebot3_description/share/turtlebot3_description/meshes/sensors/astra.dae
[2.760s] -- Installing: /home/derek/work/install/turtlebot3_description/share/turtlebot3_description/meshes/sensors/r200.jpg
[2.760s] -- Installing: /home/derek/work/install/turtlebot3_description/share/turtlebot3_description/meshes/sensors/lds.stl
[2.761s] -- Installing: /home/derek/work/install/turtlebot3_description/share/turtlebot3_description/meshes/sensors/r200.dae
[2.761s] -- Installing: /home/derek/work/install/turtlebot3_description/share/turtlebot3_description/rviz
[2.761s] -- Installing: /home/derek/work/install/turtlebot3_description/share/turtlebot3_description/rviz/model.rviz
[2.761s] -- Installing: /home/derek/work/install/turtlebot3_description/share/turtlebot3_description/urdf
[2.761s] -- Installing: /home/derek/work/install/turtlebot3_description/share/turtlebot3_description/urdf/common_properties.urdf
[2.762s] -- Installing: /home/derek/work/install/turtlebot3_description/share/turtlebot3_description/urdf/turtlebot3_waffle.urdf
[2.762s] -- Installing: /home/derek/work/install/turtlebot3_description/share/turtlebot3_description/urdf/turtlebot3_waffle_pi.urdf
[2.762s] -- Installing: /home/derek/work/install/turtlebot3_description/share/turtlebot3_description/urdf/turtlebot3_burger.urdf
[2.762s] -- Installing: /home/derek/work/install/turtlebot3_description/share/ament_index/resource_index/package_run_dependencies/turtlebot3_description
[2.762s] -- Installing: /home/derek/work/install/turtlebot3_description/share/ament_index/resource_index/parent_prefix_path/turtlebot3_description
[2.763s] -- Installing: /home/derek/work/install/turtlebot3_description/share/turtlebot3_description/environment/ament_prefix_path.sh
[2.763s] -- Installing: /home/derek/work/install/turtlebot3_description/share/turtlebot3_description/environment/ament_prefix_path.dsv
[2.763s] -- Installing: /home/derek/work/install/turtlebot3_description/share/turtlebot3_description/environment/path.sh
[2.763s] -- Installing: /home/derek/work/install/turtlebot3_description/share/turtlebot3_description/environment/path.dsv
[2.763s] -- Installing: /home/derek/work/install/turtlebot3_description/share/turtlebot3_description/local_setup.bash
[2.763s] -- Installing: /home/derek/work/install/turtlebot3_description/share/turtlebot3_description/local_setup.sh
[2.764s] -- Installing: /home/derek/work/install/turtlebot3_description/share/turtlebot3_description/local_setup.zsh
[2.764s] -- Installing: /home/derek/work/install/turtlebot3_description/share/turtlebot3_description/local_setup.dsv
[2.764s] -- Installing: /home/derek/work/install/turtlebot3_description/share/turtlebot3_description/package.dsv
[2.764s] -- Installing: /home/derek/work/install/turtlebot3_description/share/ament_index/resource_index/packages/turtlebot3_description
[2.764s] -- Installing: /home/derek/work/install/turtlebot3_description/share/turtlebot3_description/cmake/turtlebot3_descriptionConfig.cmake
[2.764s] -- Installing: /home/derek/work/install/turtlebot3_description/share/turtlebot3_description/cmake/turtlebot3_descriptionConfig-version.cmake
[2.765s] -- Installing: /home/derek/work/install/turtlebot3_description/share/turtlebot3_description/package.xml
[2.882s] Invoked command in '/home/derek/work/build/turtlebot3_description' returned '0': CMAKE_PREFIX_PATH=/opt/ros/humble /usr/bin/cmake --install /home/derek/work/build/turtlebot3_description
