[0.144s] Invoking command in '/home/derek/work/build/nav2_lifecycle_manager': AMENT_PREFIX_PATH=/home/derek/work/install/nav2_util:/home/derek/work/install/nav2_msgs:/home/derek/work/install/nav2_common:${AMENT_PREFIX_PATH} CMAKE_PREFIX_PATH=/home/derek/work/install/nav2_util:/home/derek/work/install/nav2_msgs:/home/derek/work/install/nav2_common:/opt/ros/humble LD_LIBRARY_PATH=/home/derek/work/install/nav2_util/lib:/home/derek/work/install/nav2_msgs/lib:/usr/lib/x86_64-linux-gnu/gazebo-11/plugins:/opt/ros/humble/opt/rviz_ogre_vendor/lib:/opt/ros/humble/lib/x86_64-linux-gnu:/opt/ros/humble/lib:/usr/local/nvidia/lib:/usr/local/nvidia/lib64:/usr/share/gazebo/../../lib/x86_64-linux-gnu/gazebo-11/plugins PYTHONPATH=/home/derek/work/install/nav2_msgs/local/lib/python3.10/dist-packages:/home/derek/work/install/nav2_common/local/lib/python3.10/dist-packages:${PYTHONPATH} /usr/bin/cmake /home/derek/work/src/navigation2/nav2_lifecycle_manager -DCMAKE_INSTALL_PREFIX=/home/derek/work/install/nav2_lifecycle_manager
[0.187s] -- The C compiler identification is GNU 11.4.0
[0.234s] -- The CXX compiler identification is GNU 11.4.0
[0.242s] -- Detecting C compiler ABI info
[0.299s] -- Detecting C compiler ABI info - done
[0.308s] -- Check for working C compiler: /usr/bin/cc - skipped
[0.308s] -- Detecting C compile features
[0.308s] -- Detecting C compile features - done
[0.312s] -- Detecting CXX compiler ABI info
[0.374s] -- Detecting CXX compiler ABI info - done
[0.383s] -- Check for working CXX compiler: /usr/bin/c++ - skipped
[0.384s] -- Detecting CXX compile features
[0.384s] -- Detecting CXX compile features - done
[0.386s] -- Found ament_cmake: 1.3.7 (/opt/ros/humble/share/ament_cmake/cmake)
[0.858s] -- Found Python3: /usr/bin/python3.10 (found version "3.10.12") found components: Interpreter 
[0.939s] -- Found geometry_msgs: 4.2.3 (/opt/ros/humble/share/geometry_msgs/cmake)
[0.972s] -- Found rosidl_generator_c: 3.1.5 (/opt/ros/humble/share/rosidl_generator_c/cmake)
[0.976s] -- Found rosidl_adapter: 3.1.5 (/opt/ros/humble/share/rosidl_adapter/cmake)
[0.984s] -- Found rosidl_generator_cpp: 3.1.5 (/opt/ros/humble/share/rosidl_generator_cpp/cmake)
[0.998s] -- Using all available rosidl_typesupport_c: rosidl_typesupport_fastrtps_c;rosidl_typesupport_introspection_c
[1.014s] -- Using all available rosidl_typesupport_cpp: rosidl_typesupport_fastrtps_cpp;rosidl_typesupport_introspection_cpp
[1.118s] -- Found lifecycle_msgs: 1.2.1 (/opt/ros/humble/share/lifecycle_msgs/cmake)
[1.133s] -- Found nav2_common: 1.1.13 (/home/derek/work/install/nav2_common/share/nav2_common/cmake)
[1.133s] -- Found nav2_msgs: 1.1.13 (/home/derek/work/install/nav2_msgs/share/nav2_msgs/cmake)
[1.419s] -- Found nav2_util: 1.1.13 (/home/derek/work/install/nav2_util/share/nav2_util/cmake)
[1.539s] -- Found rmw_implementation_cmake: 6.1.1 (/opt/ros/humble/share/rmw_implementation_cmake/cmake)
[1.541s] -- Found rmw_fastrtps_cpp: 6.2.6 (/opt/ros/humble/share/rmw_fastrtps_cpp/cmake)
[1.624s] -- Found OpenSSL: /usr/lib/x86_64-linux-gnu/libcrypto.so (found version "3.0.2")  
[1.654s] -- Found FastRTPS: /opt/ros/humble/include  
[1.700s] -- Using RMW implementation 'rmw_fastrtps_cpp' as default
[1.708s] -- Looking for pthread.h
[1.770s] -- Looking for pthread.h - found
[1.770s] -- Performing Test CMAKE_HAVE_LIBC_PTHREAD
[1.831s] -- Performing Test CMAKE_HAVE_LIBC_PTHREAD - Success
[1.832s] -- Found Threads: TRUE  
[2.181s] -- Found eigen3_cmake_module: 0.1.1 (/opt/ros/humble/share/eigen3_cmake_module/cmake)
[2.182s] -- Found Eigen3: TRUE (found version "3.4.0") 
[2.182s] -- Ensuring Eigen3 include directory is part of orocos-kdl CMake target
[2.364s] -- Found std_srvs: 4.2.3 (/opt/ros/humble/share/std_srvs/cmake)
[2.379s] -- Found diagnostic_updater: 3.1.2 (/opt/ros/humble/share/diagnostic_updater/cmake)
[2.441s] -- Setting build type to Release as none was specified.
[3.427s] -- Found ament_lint_auto: 0.12.10 (/opt/ros/humble/share/ament_lint_auto/cmake)
[3.497s] -- Found gtest sources under '/opt/ros/humble/src/gtest_vendor': C++ tests using 'Google Test' will be built
[4.858s] -- Added test 'copyright' to check source files copyright and LICENSE
[4.859s] -- Added test 'cppcheck' to perform static code analysis on C / C++ code
[4.860s] -- Configured cppcheck include dirs: /home/derek/work/src/navigation2/nav2_lifecycle_manager/include
[4.860s] -- Configured cppcheck exclude dirs and/or files: 
[4.861s] -- Added test 'cpplint' to check C / C++ code against the Google style
[4.861s] -- Configured cpplint exclude dirs and/or files: 
[4.861s] -- Added test 'flake8' to check Python code syntax and style conventions
[4.862s] -- Added test 'lint_cmake' to check CMake code style
[4.862s] -- Added test 'pep257' to check Python code against some of the docstring style conventions in PEP 257
[4.863s] -- Added test 'uncrustify' to check C / C++ code style
[4.863s] -- Configured uncrustify additional arguments: 
[4.863s] -- Added test 'xmllint' to check XML markup files
[4.865s] -- Configuring done
[4.961s] -- Generating done
[4.963s] -- Build files have been written to: /home/derek/work/build/nav2_lifecycle_manager
[4.973s] Invoked command in '/home/derek/work/build/nav2_lifecycle_manager' returned '0': AMENT_PREFIX_PATH=/home/derek/work/install/nav2_util:/home/derek/work/install/nav2_msgs:/home/derek/work/install/nav2_common:${AMENT_PREFIX_PATH} CMAKE_PREFIX_PATH=/home/derek/work/install/nav2_util:/home/derek/work/install/nav2_msgs:/home/derek/work/install/nav2_common:/opt/ros/humble LD_LIBRARY_PATH=/home/derek/work/install/nav2_util/lib:/home/derek/work/install/nav2_msgs/lib:/usr/lib/x86_64-linux-gnu/gazebo-11/plugins:/opt/ros/humble/opt/rviz_ogre_vendor/lib:/opt/ros/humble/lib/x86_64-linux-gnu:/opt/ros/humble/lib:/usr/local/nvidia/lib:/usr/local/nvidia/lib64:/usr/share/gazebo/../../lib/x86_64-linux-gnu/gazebo-11/plugins PYTHONPATH=/home/derek/work/install/nav2_msgs/local/lib/python3.10/dist-packages:/home/derek/work/install/nav2_common/local/lib/python3.10/dist-packages:${PYTHONPATH} /usr/bin/cmake /home/derek/work/src/navigation2/nav2_lifecycle_manager -DCMAKE_INSTALL_PREFIX=/home/derek/work/install/nav2_lifecycle_manager
[4.974s] Invoking command in '/home/derek/work/build/nav2_lifecycle_manager': AMENT_PREFIX_PATH=/home/derek/work/install/nav2_util:/home/derek/work/install/nav2_msgs:/home/derek/work/install/nav2_common:${AMENT_PREFIX_PATH} CMAKE_PREFIX_PATH=/home/derek/work/install/nav2_util:/home/derek/work/install/nav2_msgs:/home/derek/work/install/nav2_common:/opt/ros/humble LD_LIBRARY_PATH=/home/derek/work/install/nav2_util/lib:/home/derek/work/install/nav2_msgs/lib:/usr/lib/x86_64-linux-gnu/gazebo-11/plugins:/opt/ros/humble/opt/rviz_ogre_vendor/lib:/opt/ros/humble/lib/x86_64-linux-gnu:/opt/ros/humble/lib:/usr/local/nvidia/lib:/usr/local/nvidia/lib64:/usr/share/gazebo/../../lib/x86_64-linux-gnu/gazebo-11/plugins PYTHONPATH=/home/derek/work/install/nav2_msgs/local/lib/python3.10/dist-packages:/home/derek/work/install/nav2_common/local/lib/python3.10/dist-packages:${PYTHONPATH} /usr/bin/cmake --build /home/derek/work/build/nav2_lifecycle_manager -- -j16 -l16
[5.025s] [  7%] [32mBuilding CXX object CMakeFiles/nav2_lifecycle_manager_core.dir/src/lifecycle_manager_client.cpp.o[0m
[5.026s] [ 15%] [32mBuilding CXX object gtest/CMakeFiles/gtest.dir/src/gtest-all.cc.o[0m
[5.026s] [ 23%] [32mBuilding CXX object CMakeFiles/nav2_lifecycle_manager_core.dir/src/lifecycle_manager.cpp.o[0m
[5.027s] [ 30%] [32mBuilding CXX object gtest/CMakeFiles/gtest_main.dir/src/gtest_main.cc.o[0m
[6.083s] [ 38%] [32m[1mLinking CXX static library libgtest_main.a[0m
[6.117s] [ 38%] Built target gtest_main
[12.898s] [ 46%] [32m[1mLinking CXX static library libgtest.a[0m
[12.938s] [ 46%] Built target gtest
[15.614s] [ 53%] [32m[1mLinking CXX shared library libnav2_lifecycle_manager_core.so[0m
[15.879s] [ 53%] Built target nav2_lifecycle_manager_core
[15.901s] [ 76%] [32mBuilding CXX object test/CMakeFiles/test_lifecycle_gtest.dir/test_lifecycle_manager.cpp.o[0m
[15.901s] [ 76%] [32mBuilding CXX object test/CMakeFiles/test_bond_gtest.dir/test_bond.cpp.o[0m
[15.901s] [ 76%] [32mBuilding CXX object CMakeFiles/lifecycle_manager.dir/src/main.cpp.o[0m
[19.512s] [ 84%] [32m[1mLinking CXX executable lifecycle_manager[0m
[19.673s] [ 84%] Built target lifecycle_manager
[20.260s] [ 92%] [32m[1mLinking CXX executable test_lifecycle_gtest[0m
[20.435s] [ 92%] Built target test_lifecycle_gtest
[21.305s] [100%] [32m[1mLinking CXX executable test_bond_gtest[0m
[21.496s] [100%] Built target test_bond_gtest
[21.508s] Invoked command in '/home/derek/work/build/nav2_lifecycle_manager' returned '0': AMENT_PREFIX_PATH=/home/derek/work/install/nav2_util:/home/derek/work/install/nav2_msgs:/home/derek/work/install/nav2_common:${AMENT_PREFIX_PATH} CMAKE_PREFIX_PATH=/home/derek/work/install/nav2_util:/home/derek/work/install/nav2_msgs:/home/derek/work/install/nav2_common:/opt/ros/humble LD_LIBRARY_PATH=/home/derek/work/install/nav2_util/lib:/home/derek/work/install/nav2_msgs/lib:/usr/lib/x86_64-linux-gnu/gazebo-11/plugins:/opt/ros/humble/opt/rviz_ogre_vendor/lib:/opt/ros/humble/lib/x86_64-linux-gnu:/opt/ros/humble/lib:/usr/local/nvidia/lib:/usr/local/nvidia/lib64:/usr/share/gazebo/../../lib/x86_64-linux-gnu/gazebo-11/plugins PYTHONPATH=/home/derek/work/install/nav2_msgs/local/lib/python3.10/dist-packages:/home/derek/work/install/nav2_common/local/lib/python3.10/dist-packages:${PYTHONPATH} /usr/bin/cmake --build /home/derek/work/build/nav2_lifecycle_manager -- -j16 -l16
[21.539s] Invoking command in '/home/derek/work/build/nav2_lifecycle_manager': AMENT_PREFIX_PATH=/home/derek/work/install/nav2_util:/home/derek/work/install/nav2_msgs:/home/derek/work/install/nav2_common:${AMENT_PREFIX_PATH} CMAKE_PREFIX_PATH=/home/derek/work/install/nav2_util:/home/derek/work/install/nav2_msgs:/home/derek/work/install/nav2_common:/opt/ros/humble LD_LIBRARY_PATH=/home/derek/work/install/nav2_util/lib:/home/derek/work/install/nav2_msgs/lib:/usr/lib/x86_64-linux-gnu/gazebo-11/plugins:/opt/ros/humble/opt/rviz_ogre_vendor/lib:/opt/ros/humble/lib/x86_64-linux-gnu:/opt/ros/humble/lib:/usr/local/nvidia/lib:/usr/local/nvidia/lib64:/usr/share/gazebo/../../lib/x86_64-linux-gnu/gazebo-11/plugins PYTHONPATH=/home/derek/work/install/nav2_msgs/local/lib/python3.10/dist-packages:/home/derek/work/install/nav2_common/local/lib/python3.10/dist-packages:${PYTHONPATH} /usr/bin/cmake --install /home/derek/work/build/nav2_lifecycle_manager
[21.548s] -- Install configuration: "Release"
[21.548s] -- Installing: /home/derek/work/install/nav2_lifecycle_manager/lib/libnav2_lifecycle_manager_core.so
[21.550s] -- Set runtime path of "/home/derek/work/install/nav2_lifecycle_manager/lib/libnav2_lifecycle_manager_core.so" to ""
[21.550s] -- Installing: /home/derek/work/install/nav2_lifecycle_manager/lib/nav2_lifecycle_manager/lifecycle_manager
[21.550s] -- Set runtime path of "/home/derek/work/install/nav2_lifecycle_manager/lib/nav2_lifecycle_manager/lifecycle_manager" to ""
[21.550s] -- Installing: /home/derek/work/install/nav2_lifecycle_manager/include/
[21.550s] -- Installing: /home/derek/work/install/nav2_lifecycle_manager/include//nav2_lifecycle_manager
[21.551s] -- Installing: /home/derek/work/install/nav2_lifecycle_manager/include//nav2_lifecycle_manager/lifecycle_manager_client.hpp
[21.551s] -- Installing: /home/derek/work/install/nav2_lifecycle_manager/include//nav2_lifecycle_manager/lifecycle_manager.hpp
[21.551s] -- Installing: /home/derek/work/install/nav2_lifecycle_manager/share/nav2_lifecycle_manager/environment/library_path.sh
[21.551s] -- Installing: /home/derek/work/install/nav2_lifecycle_manager/share/nav2_lifecycle_manager/environment/library_path.dsv
[21.551s] -- Installing: /home/derek/work/install/nav2_lifecycle_manager/share/ament_index/resource_index/package_run_dependencies/nav2_lifecycle_manager
[21.551s] -- Installing: /home/derek/work/install/nav2_lifecycle_manager/share/ament_index/resource_index/parent_prefix_path/nav2_lifecycle_manager
[21.552s] -- Installing: /home/derek/work/install/nav2_lifecycle_manager/share/nav2_lifecycle_manager/environment/ament_prefix_path.sh
[21.552s] -- Installing: /home/derek/work/install/nav2_lifecycle_manager/share/nav2_lifecycle_manager/environment/ament_prefix_path.dsv
[21.552s] -- Installing: /home/derek/work/install/nav2_lifecycle_manager/share/nav2_lifecycle_manager/environment/path.sh
[21.552s] -- Installing: /home/derek/work/install/nav2_lifecycle_manager/share/nav2_lifecycle_manager/environment/path.dsv
[21.552s] -- Installing: /home/derek/work/install/nav2_lifecycle_manager/share/nav2_lifecycle_manager/local_setup.bash
[21.552s] -- Installing: /home/derek/work/install/nav2_lifecycle_manager/share/nav2_lifecycle_manager/local_setup.sh
[21.552s] -- Installing: /home/derek/work/install/nav2_lifecycle_manager/share/nav2_lifecycle_manager/local_setup.zsh
[21.553s] -- Installing: /home/derek/work/install/nav2_lifecycle_manager/share/nav2_lifecycle_manager/local_setup.dsv
[21.553s] -- Installing: /home/derek/work/install/nav2_lifecycle_manager/share/nav2_lifecycle_manager/package.dsv
[21.553s] -- Installing: /home/derek/work/install/nav2_lifecycle_manager/share/ament_index/resource_index/packages/nav2_lifecycle_manager
[21.553s] -- Installing: /home/derek/work/install/nav2_lifecycle_manager/share/ament_index/resource_index/rclcpp_components/nav2_lifecycle_manager
[21.553s] -- Installing: /home/derek/work/install/nav2_lifecycle_manager/share/nav2_lifecycle_manager/cmake/ament_cmake_export_include_directories-extras.cmake
[21.553s] -- Installing: /home/derek/work/install/nav2_lifecycle_manager/share/nav2_lifecycle_manager/cmake/ament_cmake_export_libraries-extras.cmake
[21.553s] -- Installing: /home/derek/work/install/nav2_lifecycle_manager/share/nav2_lifecycle_manager/cmake/ament_cmake_export_dependencies-extras.cmake
[21.553s] -- Installing: /home/derek/work/install/nav2_lifecycle_manager/share/nav2_lifecycle_manager/cmake/nav2_lifecycle_managerConfig.cmake
[21.553s] -- Installing: /home/derek/work/install/nav2_lifecycle_manager/share/nav2_lifecycle_manager/cmake/nav2_lifecycle_managerConfig-version.cmake
[21.553s] -- Installing: /home/derek/work/install/nav2_lifecycle_manager/share/nav2_lifecycle_manager/package.xml
[21.555s] Invoked command in '/home/derek/work/build/nav2_lifecycle_manager' returned '0': AMENT_PREFIX_PATH=/home/derek/work/install/nav2_util:/home/derek/work/install/nav2_msgs:/home/derek/work/install/nav2_common:${AMENT_PREFIX_PATH} CMAKE_PREFIX_PATH=/home/derek/work/install/nav2_util:/home/derek/work/install/nav2_msgs:/home/derek/work/install/nav2_common:/opt/ros/humble LD_LIBRARY_PATH=/home/derek/work/install/nav2_util/lib:/home/derek/work/install/nav2_msgs/lib:/usr/lib/x86_64-linux-gnu/gazebo-11/plugins:/opt/ros/humble/opt/rviz_ogre_vendor/lib:/opt/ros/humble/lib/x86_64-linux-gnu:/opt/ros/humble/lib:/usr/local/nvidia/lib:/usr/local/nvidia/lib64:/usr/share/gazebo/../../lib/x86_64-linux-gnu/gazebo-11/plugins PYTHONPATH=/home/derek/work/install/nav2_msgs/local/lib/python3.10/dist-packages:/home/derek/work/install/nav2_common/local/lib/python3.10/dist-packages:${PYTHONPATH} /usr/bin/cmake --install /home/derek/work/build/nav2_lifecycle_manager
