[0.202s] Invoking command in '/home/derek/work/build/nav_2d_utils': AMENT_PREFIX_PATH=/home/derek/work/install/nav2_util:/home/derek/work/install/nav2_msgs:/home/derek/work/install/nav_2d_msgs:/home/derek/work/install/nav2_common:${AMENT_PREFIX_PATH} CMAKE_PREFIX_PATH=/home/derek/work/install/nav2_util:/home/derek/work/install/nav2_msgs:/home/derek/work/install/nav_2d_msgs:/home/derek/work/install/nav2_common:/opt/ros/humble LD_LIBRARY_PATH=/home/derek/work/install/nav2_util/lib:/home/derek/work/install/nav2_msgs/lib:/home/derek/work/install/nav_2d_msgs/lib:/usr/lib/x86_64-linux-gnu/gazebo-11/plugins:/opt/ros/humble/opt/rviz_ogre_vendor/lib:/opt/ros/humble/lib/x86_64-linux-gnu:/opt/ros/humble/lib:/usr/local/nvidia/lib:/usr/local/nvidia/lib64:/usr/share/gazebo/../../lib/x86_64-linux-gnu/gazebo-11/plugins PYTHONPATH=/home/derek/work/install/nav2_msgs/local/lib/python3.10/dist-packages:/home/derek/work/install/nav_2d_msgs/local/lib/python3.10/dist-packages:/home/derek/work/install/nav2_common/local/lib/python3.10/dist-packages:${PYTHONPATH} /usr/bin/cmake /home/derek/work/src/navigation2/nav2_dwb_controller/nav_2d_utils -DCMAKE_INSTALL_PREFIX=/home/derek/work/install/nav_2d_utils
[0.247s] -- The C compiler identification is GNU 11.4.0
[0.297s] -- The CXX compiler identification is GNU 11.4.0
[0.305s] -- Detecting C compiler ABI info
[0.358s] -- Detecting C compiler ABI info - done
[0.365s] -- Check for working C compiler: /usr/bin/cc - skipped
[0.365s] -- Detecting C compile features
[0.365s] -- Detecting C compile features - done
[0.368s] -- Detecting CXX compiler ABI info
[0.436s] -- Detecting CXX compiler ABI info - done
[0.442s] -- Check for working CXX compiler: /usr/bin/c++ - skipped
[0.443s] -- Detecting CXX compile features
[0.443s] -- Detecting CXX compile features - done
[0.445s] -- Found ament_cmake: 1.3.7 (/opt/ros/humble/share/ament_cmake/cmake)
[0.909s] -- Found Python3: /usr/bin/python3.10 (found version "3.10.12") found components: Interpreter 
[0.989s] -- Found nav2_common: 1.1.13 (/home/derek/work/install/nav2_common/share/nav2_common/cmake)
[0.991s] -- Found geometry_msgs: 4.2.3 (/opt/ros/humble/share/geometry_msgs/cmake)
[1.025s] -- Found rosidl_generator_c: 3.1.5 (/opt/ros/humble/share/rosidl_generator_c/cmake)
[1.030s] -- Found rosidl_adapter: 3.1.5 (/opt/ros/humble/share/rosidl_adapter/cmake)
[1.038s] -- Found rosidl_generator_cpp: 3.1.5 (/opt/ros/humble/share/rosidl_generator_cpp/cmake)
[1.054s] -- Using all available rosidl_typesupport_c: rosidl_typesupport_fastrtps_c;rosidl_typesupport_introspection_c
[1.076s] -- Using all available rosidl_typesupport_cpp: rosidl_typesupport_fastrtps_cpp;rosidl_typesupport_introspection_cpp
[1.188s] -- Found nav_2d_msgs: 1.1.13 (/home/derek/work/install/nav_2d_msgs/share/nav_2d_msgs/cmake)
[1.267s] -- Found nav_msgs: 4.2.3 (/opt/ros/humble/share/nav_msgs/cmake)
[1.341s] -- Found rclcpp: 16.0.8 (/opt/ros/humble/share/rclcpp/cmake)
[1.398s] -- Found rmw_implementation_cmake: 6.1.1 (/opt/ros/humble/share/rmw_implementation_cmake/cmake)
[1.400s] -- Found rmw_fastrtps_cpp: 6.2.6 (/opt/ros/humble/share/rmw_fastrtps_cpp/cmake)
[1.485s] -- Found OpenSSL: /usr/lib/x86_64-linux-gnu/libcrypto.so (found version "3.0.2")  
[1.512s] -- Found FastRTPS: /opt/ros/humble/include  
[1.558s] -- Using RMW implementation 'rmw_fastrtps_cpp' as default
[1.567s] -- Looking for pthread.h
[1.624s] -- Looking for pthread.h - found
[1.625s] -- Performing Test CMAKE_HAVE_LIBC_PTHREAD
[1.681s] -- Performing Test CMAKE_HAVE_LIBC_PTHREAD - Success
[1.682s] -- Found Threads: TRUE  
[1.798s] -- Found tf2: 0.25.5 (/opt/ros/humble/share/tf2/cmake)
[1.812s] -- Found tf2_geometry_msgs: 0.25.5 (/opt/ros/humble/share/tf2_geometry_msgs/cmake)
[1.828s] -- Found eigen3_cmake_module: 0.1.1 (/opt/ros/humble/share/eigen3_cmake_module/cmake)
[1.829s] -- Found Eigen3: TRUE (found version "3.4.0") 
[1.829s] -- Ensuring Eigen3 include directory is part of orocos-kdl CMake target
[2.147s] -- Found nav2_msgs: 1.1.13 (/home/derek/work/install/nav2_msgs/share/nav2_msgs/cmake)
[2.293s] -- Found nav2_util: 1.1.13 (/home/derek/work/install/nav2_util/share/nav2_util/cmake)
[2.492s] -- Setting build type to Release as none was specified.
[3.437s] -- Found ament_lint_auto: 0.12.10 (/opt/ros/humble/share/ament_lint_auto/cmake)
[3.516s] -- Found gtest sources under '/opt/ros/humble/src/gtest_vendor': C++ tests using 'Google Test' will be built
[3.524s] -- Added test 'cppcheck' to perform static code analysis on C / C++ code
[3.525s] -- Configured cppcheck include dirs: /home/derek/work/src/navigation2/nav2_dwb_controller/nav_2d_utils/include
[3.525s] -- Configured cppcheck exclude dirs and/or files: 
[3.526s] -- Added test 'cpplint' to check C / C++ code against the Google style
[3.526s] -- Configured cpplint exclude dirs and/or files: 
[3.527s] -- Added test 'lint_cmake' to check CMake code style
[3.528s] -- Added test 'uncrustify' to check C / C++ code style
[3.528s] -- Configured uncrustify additional arguments: 
[3.528s] -- Added test 'xmllint' to check XML markup files
[3.530s] -- Configuring done
[3.654s] -- Generating done
[3.656s] -- Build files have been written to: /home/derek/work/build/nav_2d_utils
[3.665s] Invoked command in '/home/derek/work/build/nav_2d_utils' returned '0': AMENT_PREFIX_PATH=/home/derek/work/install/nav2_util:/home/derek/work/install/nav2_msgs:/home/derek/work/install/nav_2d_msgs:/home/derek/work/install/nav2_common:${AMENT_PREFIX_PATH} CMAKE_PREFIX_PATH=/home/derek/work/install/nav2_util:/home/derek/work/install/nav2_msgs:/home/derek/work/install/nav_2d_msgs:/home/derek/work/install/nav2_common:/opt/ros/humble LD_LIBRARY_PATH=/home/derek/work/install/nav2_util/lib:/home/derek/work/install/nav2_msgs/lib:/home/derek/work/install/nav_2d_msgs/lib:/usr/lib/x86_64-linux-gnu/gazebo-11/plugins:/opt/ros/humble/opt/rviz_ogre_vendor/lib:/opt/ros/humble/lib/x86_64-linux-gnu:/opt/ros/humble/lib:/usr/local/nvidia/lib:/usr/local/nvidia/lib64:/usr/share/gazebo/../../lib/x86_64-linux-gnu/gazebo-11/plugins PYTHONPATH=/home/derek/work/install/nav2_msgs/local/lib/python3.10/dist-packages:/home/derek/work/install/nav_2d_msgs/local/lib/python3.10/dist-packages:/home/derek/work/install/nav2_common/local/lib/python3.10/dist-packages:${PYTHONPATH} /usr/bin/cmake /home/derek/work/src/navigation2/nav2_dwb_controller/nav_2d_utils -DCMAKE_INSTALL_PREFIX=/home/derek/work/install/nav_2d_utils
[3.667s] Invoking command in '/home/derek/work/build/nav_2d_utils': AMENT_PREFIX_PATH=/home/derek/work/install/nav2_util:/home/derek/work/install/nav2_msgs:/home/derek/work/install/nav_2d_msgs:/home/derek/work/install/nav2_common:${AMENT_PREFIX_PATH} CMAKE_PREFIX_PATH=/home/derek/work/install/nav2_util:/home/derek/work/install/nav2_msgs:/home/derek/work/install/nav_2d_msgs:/home/derek/work/install/nav2_common:/opt/ros/humble LD_LIBRARY_PATH=/home/derek/work/install/nav2_util/lib:/home/derek/work/install/nav2_msgs/lib:/home/derek/work/install/nav_2d_msgs/lib:/usr/lib/x86_64-linux-gnu/gazebo-11/plugins:/opt/ros/humble/opt/rviz_ogre_vendor/lib:/opt/ros/humble/lib/x86_64-linux-gnu:/opt/ros/humble/lib:/usr/local/nvidia/lib:/usr/local/nvidia/lib64:/usr/share/gazebo/../../lib/x86_64-linux-gnu/gazebo-11/plugins PYTHONPATH=/home/derek/work/install/nav2_msgs/local/lib/python3.10/dist-packages:/home/derek/work/install/nav_2d_msgs/local/lib/python3.10/dist-packages:/home/derek/work/install/nav2_common/local/lib/python3.10/dist-packages:${PYTHONPATH} /usr/bin/cmake --build /home/derek/work/build/nav_2d_utils -- -j16 -l16
[3.710s] [  6%] [32mBuilding CXX object CMakeFiles/path_ops.dir/src/path_ops.cpp.o[0m
[3.712s] [ 18%] [32mBuilding CXX object gtest/CMakeFiles/gtest_main.dir/src/gtest_main.cc.o[0m
[3.712s] [ 18%] [32mBuilding CXX object gtest/CMakeFiles/gtest.dir/src/gtest-all.cc.o[0m
[3.712s] [ 25%] [32mBuilding CXX object CMakeFiles/conversions.dir/src/conversions.cpp.o[0m
[4.410s] [ 31%] [32m[1mLinking CXX shared library libpath_ops.so[0m
[4.475s] [ 37%] [32m[1mLinking CXX static library libgtest_main.a[0m
[4.502s] [ 37%] Built target gtest_main
[7.044s] [ 37%] Built target path_ops
[7.384s] [ 43%] [32m[1mLinking CXX shared library libconversions.so[0m
[7.682s] [ 43%] Built target conversions
[7.708s] [ 50%] [32mBuilding CXX object CMakeFiles/tf_help.dir/src/tf_help.cpp.o[0m
[10.701s] [ 56%] [32m[1mLinking CXX shared library libtf_help.so[0m
[10.875s] [ 56%] Built target tf_help
[11.201s] [ 62%] [32m[1mLinking CXX static library libgtest.a[0m
[11.241s] [ 62%] Built target gtest
[11.264s] [ 68%] [32mBuilding CXX object test/CMakeFiles/path_ops_tests.dir/path_ops_test.cpp.o[0m
[11.265s] [ 81%] [32mBuilding CXX object test/CMakeFiles/2d_utils_tests.dir/2d_utils_test.cpp.o[0m
[11.265s] [ 81%] [32mBuilding CXX object test/CMakeFiles/tf_help_tests.dir/tf_help_test.cpp.o[0m
[12.764s] [ 87%] [32m[1mLinking CXX executable path_ops_tests[0m
[13.325s] [ 87%] Built target path_ops_tests
[15.766s] [ 93%] [32m[1mLinking CXX executable tf_help_tests[0m
[15.961s] [ 93%] Built target tf_help_tests
[16.638s] [100%] [32m[1mLinking CXX executable 2d_utils_tests[0m
[16.896s] [100%] Built target 2d_utils_tests
[16.911s] Invoked command in '/home/derek/work/build/nav_2d_utils' returned '0': AMENT_PREFIX_PATH=/home/derek/work/install/nav2_util:/home/derek/work/install/nav2_msgs:/home/derek/work/install/nav_2d_msgs:/home/derek/work/install/nav2_common:${AMENT_PREFIX_PATH} CMAKE_PREFIX_PATH=/home/derek/work/install/nav2_util:/home/derek/work/install/nav2_msgs:/home/derek/work/install/nav_2d_msgs:/home/derek/work/install/nav2_common:/opt/ros/humble LD_LIBRARY_PATH=/home/derek/work/install/nav2_util/lib:/home/derek/work/install/nav2_msgs/lib:/home/derek/work/install/nav_2d_msgs/lib:/usr/lib/x86_64-linux-gnu/gazebo-11/plugins:/opt/ros/humble/opt/rviz_ogre_vendor/lib:/opt/ros/humble/lib/x86_64-linux-gnu:/opt/ros/humble/lib:/usr/local/nvidia/lib:/usr/local/nvidia/lib64:/usr/share/gazebo/../../lib/x86_64-linux-gnu/gazebo-11/plugins PYTHONPATH=/home/derek/work/install/nav2_msgs/local/lib/python3.10/dist-packages:/home/derek/work/install/nav_2d_msgs/local/lib/python3.10/dist-packages:/home/derek/work/install/nav2_common/local/lib/python3.10/dist-packages:${PYTHONPATH} /usr/bin/cmake --build /home/derek/work/build/nav_2d_utils -- -j16 -l16
[16.947s] Invoking command in '/home/derek/work/build/nav_2d_utils': AMENT_PREFIX_PATH=/home/derek/work/install/nav2_util:/home/derek/work/install/nav2_msgs:/home/derek/work/install/nav_2d_msgs:/home/derek/work/install/nav2_common:${AMENT_PREFIX_PATH} CMAKE_PREFIX_PATH=/home/derek/work/install/nav2_util:/home/derek/work/install/nav2_msgs:/home/derek/work/install/nav_2d_msgs:/home/derek/work/install/nav2_common:/opt/ros/humble LD_LIBRARY_PATH=/home/derek/work/install/nav2_util/lib:/home/derek/work/install/nav2_msgs/lib:/home/derek/work/install/nav_2d_msgs/lib:/usr/lib/x86_64-linux-gnu/gazebo-11/plugins:/opt/ros/humble/opt/rviz_ogre_vendor/lib:/opt/ros/humble/lib/x86_64-linux-gnu:/opt/ros/humble/lib:/usr/local/nvidia/lib:/usr/local/nvidia/lib64:/usr/share/gazebo/../../lib/x86_64-linux-gnu/gazebo-11/plugins PYTHONPATH=/home/derek/work/install/nav2_msgs/local/lib/python3.10/dist-packages:/home/derek/work/install/nav_2d_msgs/local/lib/python3.10/dist-packages:/home/derek/work/install/nav2_common/local/lib/python3.10/dist-packages:${PYTHONPATH} /usr/bin/cmake --install /home/derek/work/build/nav_2d_utils
[16.955s] -- Install configuration: "Release"
[16.955s] -- Installing: /home/derek/work/install/nav_2d_utils/lib/libconversions.so
[16.956s] -- Set runtime path of "/home/derek/work/install/nav_2d_utils/lib/libconversions.so" to ""
[16.956s] -- Installing: /home/derek/work/install/nav_2d_utils/lib/libpath_ops.so
[16.956s] -- Set runtime path of "/home/derek/work/install/nav_2d_utils/lib/libpath_ops.so" to ""
[16.956s] -- Installing: /home/derek/work/install/nav_2d_utils/lib/libtf_help.so
[16.956s] -- Set runtime path of "/home/derek/work/install/nav_2d_utils/lib/libtf_help.so" to ""
[16.957s] -- Installing: /home/derek/work/install/nav_2d_utils/include/
[16.957s] -- Installing: /home/derek/work/install/nav_2d_utils/include//nav_2d_utils
[16.957s] -- Installing: /home/derek/work/install/nav_2d_utils/include//nav_2d_utils/conversions.hpp
[16.957s] -- Installing: /home/derek/work/install/nav_2d_utils/include//nav_2d_utils/tf_help.hpp
[16.957s] -- Installing: /home/derek/work/install/nav_2d_utils/include//nav_2d_utils/odom_subscriber.hpp
[16.957s] -- Installing: /home/derek/work/install/nav_2d_utils/include//nav_2d_utils/parameters.hpp
[16.957s] -- Installing: /home/derek/work/install/nav_2d_utils/include//nav_2d_utils/path_ops.hpp
[16.957s] -- Installing: /home/derek/work/install/nav_2d_utils/share/nav_2d_utils/environment/library_path.sh
[16.958s] -- Installing: /home/derek/work/install/nav_2d_utils/share/nav_2d_utils/environment/library_path.dsv
[16.958s] -- Installing: /home/derek/work/install/nav_2d_utils/share/ament_index/resource_index/package_run_dependencies/nav_2d_utils
[16.958s] -- Installing: /home/derek/work/install/nav_2d_utils/share/ament_index/resource_index/parent_prefix_path/nav_2d_utils
[16.958s] -- Installing: /home/derek/work/install/nav_2d_utils/share/nav_2d_utils/environment/ament_prefix_path.sh
[16.958s] -- Installing: /home/derek/work/install/nav_2d_utils/share/nav_2d_utils/environment/ament_prefix_path.dsv
[16.958s] -- Installing: /home/derek/work/install/nav_2d_utils/share/nav_2d_utils/environment/path.sh
[16.959s] -- Installing: /home/derek/work/install/nav_2d_utils/share/nav_2d_utils/environment/path.dsv
[16.959s] -- Installing: /home/derek/work/install/nav_2d_utils/share/nav_2d_utils/local_setup.bash
[16.959s] -- Installing: /home/derek/work/install/nav_2d_utils/share/nav_2d_utils/local_setup.sh
[16.959s] -- Installing: /home/derek/work/install/nav_2d_utils/share/nav_2d_utils/local_setup.zsh
[16.959s] -- Installing: /home/derek/work/install/nav_2d_utils/share/nav_2d_utils/local_setup.dsv
[16.959s] -- Installing: /home/derek/work/install/nav_2d_utils/share/nav_2d_utils/package.dsv
[16.960s] -- Installing: /home/derek/work/install/nav_2d_utils/share/ament_index/resource_index/packages/nav_2d_utils
[16.960s] -- Installing: /home/derek/work/install/nav_2d_utils/share/nav_2d_utils/cmake/ament_cmake_export_include_directories-extras.cmake
[16.960s] -- Installing: /home/derek/work/install/nav_2d_utils/share/nav_2d_utils/cmake/ament_cmake_export_libraries-extras.cmake
[16.960s] -- Installing: /home/derek/work/install/nav_2d_utils/share/nav_2d_utils/cmake/ament_cmake_export_dependencies-extras.cmake
[16.960s] -- Installing: /home/derek/work/install/nav_2d_utils/share/nav_2d_utils/cmake/nav_2d_utilsConfig.cmake
[16.960s] -- Installing: /home/derek/work/install/nav_2d_utils/share/nav_2d_utils/cmake/nav_2d_utilsConfig-version.cmake
[16.960s] -- Installing: /home/derek/work/install/nav_2d_utils/share/nav_2d_utils/package.xml
[16.963s] Invoked command in '/home/derek/work/build/nav_2d_utils' returned '0': AMENT_PREFIX_PATH=/home/derek/work/install/nav2_util:/home/derek/work/install/nav2_msgs:/home/derek/work/install/nav_2d_msgs:/home/derek/work/install/nav2_common:${AMENT_PREFIX_PATH} CMAKE_PREFIX_PATH=/home/derek/work/install/nav2_util:/home/derek/work/install/nav2_msgs:/home/derek/work/install/nav_2d_msgs:/home/derek/work/install/nav2_common:/opt/ros/humble LD_LIBRARY_PATH=/home/derek/work/install/nav2_util/lib:/home/derek/work/install/nav2_msgs/lib:/home/derek/work/install/nav_2d_msgs/lib:/usr/lib/x86_64-linux-gnu/gazebo-11/plugins:/opt/ros/humble/opt/rviz_ogre_vendor/lib:/opt/ros/humble/lib/x86_64-linux-gnu:/opt/ros/humble/lib:/usr/local/nvidia/lib:/usr/local/nvidia/lib64:/usr/share/gazebo/../../lib/x86_64-linux-gnu/gazebo-11/plugins PYTHONPATH=/home/derek/work/install/nav2_msgs/local/lib/python3.10/dist-packages:/home/derek/work/install/nav_2d_msgs/local/lib/python3.10/dist-packages:/home/derek/work/install/nav2_common/local/lib/python3.10/dist-packages:${PYTHONPATH} /usr/bin/cmake --install /home/derek/work/build/nav_2d_utils
