[0.310s] Invoking command in '/home/derek/work/build/nav2_waypoint_follower': AMENT_PREFIX_PATH=/home/derek/work/install/nav2_core:/home/derek/work/install/nav2_costmap_2d:/home/derek/work/install/nav2_util:/home/derek/work/install/nav2_voxel_grid:/home/derek/work/install/nav2_msgs:/home/derek/work/install/nav2_common:${AMENT_PREFIX_PATH} CMAKE_PREFIX_PATH=/home/derek/work/install/nav2_core:/home/derek/work/install/nav2_costmap_2d:/home/derek/work/install/nav2_util:/home/derek/work/install/nav2_voxel_grid:/home/derek/work/install/nav2_msgs:/home/derek/work/install/nav2_common:/opt/ros/humble LD_LIBRARY_PATH=/home/derek/work/install/nav2_costmap_2d/lib:/home/derek/work/install/nav2_util/lib:/home/derek/work/install/nav2_voxel_grid/lib:/home/derek/work/install/nav2_msgs/lib:/usr/lib/x86_64-linux-gnu/gazebo-11/plugins:/opt/ros/humble/opt/rviz_ogre_vendor/lib:/opt/ros/humble/lib/x86_64-linux-gnu:/opt/ros/humble/lib:/usr/local/nvidia/lib:/usr/local/nvidia/lib64:/usr/share/gazebo/../../lib/x86_64-linux-gnu/gazebo-11/plugins PYTHONPATH=/home/derek/work/install/nav2_msgs/local/lib/python3.10/dist-packages:/home/derek/work/install/nav2_common/local/lib/python3.10/dist-packages:${PYTHONPATH} /usr/bin/cmake --build /home/derek/work/build/nav2_waypoint_follower -- -j16 -l16
[0.364s] [35m[1mConsolidate compiler generated dependencies of target waypoint_follower_core[0m
[0.365s] [35m[1mConsolidate compiler generated dependencies of target gtest_main[0m
[0.365s] [35m[1mConsolidate compiler generated dependencies of target wait_at_waypoint[0m
[0.365s] [35m[1mConsolidate compiler generated dependencies of target input_at_waypoint[0m
[0.365s] [35m[1mConsolidate compiler generated dependencies of target photo_at_waypoint[0m
[0.365s] [35m[1mConsolidate compiler generated dependencies of target gtest[0m
[0.379s] [ 11%] Built target gtest
[0.379s] [ 22%] Built target gtest_main
[0.382s] [ 33%] Built target waypoint_follower_core
[0.383s] [ 44%] Built target input_at_waypoint
[0.389s] [ 66%] Built target wait_at_waypoint
[0.389s] [ 66%] Built target photo_at_waypoint
[0.391s] [35m[1mConsolidate compiler generated dependencies of target test_dynamic_parameters[0m
[0.392s] [35m[1mConsolidate compiler generated dependencies of target waypoint_follower[0m
[0.402s] [35m[1mConsolidate compiler generated dependencies of target test_task_executors[0m
[0.412s] [ 77%] Built target test_dynamic_parameters
[0.412s] [ 88%] Built target waypoint_follower
[0.419s] [100%] Built target test_task_executors
[0.496s] Invoked command in '/home/derek/work/build/nav2_waypoint_follower' returned '0': AMENT_PREFIX_PATH=/home/derek/work/install/nav2_core:/home/derek/work/install/nav2_costmap_2d:/home/derek/work/install/nav2_util:/home/derek/work/install/nav2_voxel_grid:/home/derek/work/install/nav2_msgs:/home/derek/work/install/nav2_common:${AMENT_PREFIX_PATH} CMAKE_PREFIX_PATH=/home/derek/work/install/nav2_core:/home/derek/work/install/nav2_costmap_2d:/home/derek/work/install/nav2_util:/home/derek/work/install/nav2_voxel_grid:/home/derek/work/install/nav2_msgs:/home/derek/work/install/nav2_common:/opt/ros/humble LD_LIBRARY_PATH=/home/derek/work/install/nav2_costmap_2d/lib:/home/derek/work/install/nav2_util/lib:/home/derek/work/install/nav2_voxel_grid/lib:/home/derek/work/install/nav2_msgs/lib:/usr/lib/x86_64-linux-gnu/gazebo-11/plugins:/opt/ros/humble/opt/rviz_ogre_vendor/lib:/opt/ros/humble/lib/x86_64-linux-gnu:/opt/ros/humble/lib:/usr/local/nvidia/lib:/usr/local/nvidia/lib64:/usr/share/gazebo/../../lib/x86_64-linux-gnu/gazebo-11/plugins PYTHONPATH=/home/derek/work/install/nav2_msgs/local/lib/python3.10/dist-packages:/home/derek/work/install/nav2_common/local/lib/python3.10/dist-packages:${PYTHONPATH} /usr/bin/cmake --build /home/derek/work/build/nav2_waypoint_follower -- -j16 -l16
[0.985s] Invoking command in '/home/derek/work/build/nav2_waypoint_follower': AMENT_PREFIX_PATH=/home/derek/work/install/nav2_core:/home/derek/work/install/nav2_costmap_2d:/home/derek/work/install/nav2_util:/home/derek/work/install/nav2_voxel_grid:/home/derek/work/install/nav2_msgs:/home/derek/work/install/nav2_common:${AMENT_PREFIX_PATH} CMAKE_PREFIX_PATH=/home/derek/work/install/nav2_core:/home/derek/work/install/nav2_costmap_2d:/home/derek/work/install/nav2_util:/home/derek/work/install/nav2_voxel_grid:/home/derek/work/install/nav2_msgs:/home/derek/work/install/nav2_common:/opt/ros/humble LD_LIBRARY_PATH=/home/derek/work/install/nav2_costmap_2d/lib:/home/derek/work/install/nav2_util/lib:/home/derek/work/install/nav2_voxel_grid/lib:/home/derek/work/install/nav2_msgs/lib:/usr/lib/x86_64-linux-gnu/gazebo-11/plugins:/opt/ros/humble/opt/rviz_ogre_vendor/lib:/opt/ros/humble/lib/x86_64-linux-gnu:/opt/ros/humble/lib:/usr/local/nvidia/lib:/usr/local/nvidia/lib64:/usr/share/gazebo/../../lib/x86_64-linux-gnu/gazebo-11/plugins PYTHONPATH=/home/derek/work/install/nav2_msgs/local/lib/python3.10/dist-packages:/home/derek/work/install/nav2_common/local/lib/python3.10/dist-packages:${PYTHONPATH} /usr/bin/cmake --install /home/derek/work/build/nav2_waypoint_follower
[1.176s] -- Install configuration: "Release"
[1.176s] -- Up-to-date: /home/derek/work/install/nav2_waypoint_follower/lib/libwaypoint_follower_core.so
[1.176s] -- Up-to-date: /home/derek/work/install/nav2_waypoint_follower/lib/libwait_at_waypoint.so
[1.176s] -- Up-to-date: /home/derek/work/install/nav2_waypoint_follower/lib/libphoto_at_waypoint.so
[1.176s] -- Up-to-date: /home/derek/work/install/nav2_waypoint_follower/lib/libinput_at_waypoint.so
[1.176s] -- Up-to-date: /home/derek/work/install/nav2_waypoint_follower/lib/nav2_waypoint_follower/waypoint_follower
[1.176s] -- Up-to-date: /home/derek/work/install/nav2_waypoint_follower/include/
[1.177s] -- Up-to-date: /home/derek/work/install/nav2_waypoint_follower/include//nav2_waypoint_follower
[1.177s] -- Up-to-date: /home/derek/work/install/nav2_waypoint_follower/include//nav2_waypoint_follower/waypoint_follower.hpp
[1.177s] -- Up-to-date: /home/derek/work/install/nav2_waypoint_follower/include//nav2_waypoint_follower/plugins
[1.177s] -- Up-to-date: /home/derek/work/install/nav2_waypoint_follower/include//nav2_waypoint_follower/plugins/photo_at_waypoint.hpp
[1.177s] -- Up-to-date: /home/derek/work/install/nav2_waypoint_follower/include//nav2_waypoint_follower/plugins/wait_at_waypoint.hpp
[1.177s] -- Up-to-date: /home/derek/work/install/nav2_waypoint_follower/include//nav2_waypoint_follower/plugins/input_at_waypoint.hpp
[1.177s] -- Up-to-date: /home/derek/work/install/nav2_waypoint_follower/share/nav2_waypoint_follower/environment/library_path.sh
[1.177s] -- Up-to-date: /home/derek/work/install/nav2_waypoint_follower/share/nav2_waypoint_follower/environment/library_path.dsv
[1.177s] -- Up-to-date: /home/derek/work/install/nav2_waypoint_follower/share/nav2_waypoint_follower/plugins.xml
[1.177s] -- Up-to-date: /home/derek/work/install/nav2_waypoint_follower/share/ament_index/resource_index/package_run_dependencies/nav2_waypoint_follower
[1.177s] -- Up-to-date: /home/derek/work/install/nav2_waypoint_follower/share/ament_index/resource_index/parent_prefix_path/nav2_waypoint_follower
[1.177s] -- Up-to-date: /home/derek/work/install/nav2_waypoint_follower/share/nav2_waypoint_follower/environment/ament_prefix_path.sh
[1.177s] -- Up-to-date: /home/derek/work/install/nav2_waypoint_follower/share/nav2_waypoint_follower/environment/ament_prefix_path.dsv
[1.177s] -- Up-to-date: /home/derek/work/install/nav2_waypoint_follower/share/nav2_waypoint_follower/environment/path.sh
[1.178s] -- Up-to-date: /home/derek/work/install/nav2_waypoint_follower/share/nav2_waypoint_follower/environment/path.dsv
[1.178s] -- Up-to-date: /home/derek/work/install/nav2_waypoint_follower/share/nav2_waypoint_follower/local_setup.bash
[1.178s] -- Up-to-date: /home/derek/work/install/nav2_waypoint_follower/share/nav2_waypoint_follower/local_setup.sh
[1.178s] -- Up-to-date: /home/derek/work/install/nav2_waypoint_follower/share/nav2_waypoint_follower/local_setup.zsh
[1.178s] -- Up-to-date: /home/derek/work/install/nav2_waypoint_follower/share/nav2_waypoint_follower/local_setup.dsv
[1.178s] -- Installing: /home/derek/work/install/nav2_waypoint_follower/share/nav2_waypoint_follower/package.dsv
[1.178s] -- Up-to-date: /home/derek/work/install/nav2_waypoint_follower/share/ament_index/resource_index/packages/nav2_waypoint_follower
[1.178s] -- Up-to-date: /home/derek/work/install/nav2_waypoint_follower/share/ament_index/resource_index/nav2_waypoint_follower__pluginlib__plugin/nav2_waypoint_follower
[1.178s] -- Up-to-date: /home/derek/work/install/nav2_waypoint_follower/share/ament_index/resource_index/rclcpp_components/nav2_waypoint_follower
[1.178s] -- Up-to-date: /home/derek/work/install/nav2_waypoint_follower/share/nav2_waypoint_follower/cmake/ament_cmake_export_include_directories-extras.cmake
[1.178s] -- Up-to-date: /home/derek/work/install/nav2_waypoint_follower/share/nav2_waypoint_follower/cmake/ament_cmake_export_libraries-extras.cmake
[1.178s] -- Up-to-date: /home/derek/work/install/nav2_waypoint_follower/share/nav2_waypoint_follower/cmake/ament_cmake_export_dependencies-extras.cmake
[1.178s] -- Up-to-date: /home/derek/work/install/nav2_waypoint_follower/share/nav2_waypoint_follower/cmake/nav2_waypoint_followerConfig.cmake
[1.179s] -- Up-to-date: /home/derek/work/install/nav2_waypoint_follower/share/nav2_waypoint_follower/cmake/nav2_waypoint_followerConfig-version.cmake
[1.179s] -- Up-to-date: /home/derek/work/install/nav2_waypoint_follower/share/nav2_waypoint_follower/package.xml
[1.749s] Invoked command in '/home/derek/work/build/nav2_waypoint_follower' returned '0': AMENT_PREFIX_PATH=/home/derek/work/install/nav2_core:/home/derek/work/install/nav2_costmap_2d:/home/derek/work/install/nav2_util:/home/derek/work/install/nav2_voxel_grid:/home/derek/work/install/nav2_msgs:/home/derek/work/install/nav2_common:${AMENT_PREFIX_PATH} CMAKE_PREFIX_PATH=/home/derek/work/install/nav2_core:/home/derek/work/install/nav2_costmap_2d:/home/derek/work/install/nav2_util:/home/derek/work/install/nav2_voxel_grid:/home/derek/work/install/nav2_msgs:/home/derek/work/install/nav2_common:/opt/ros/humble LD_LIBRARY_PATH=/home/derek/work/install/nav2_costmap_2d/lib:/home/derek/work/install/nav2_util/lib:/home/derek/work/install/nav2_voxel_grid/lib:/home/derek/work/install/nav2_msgs/lib:/usr/lib/x86_64-linux-gnu/gazebo-11/plugins:/opt/ros/humble/opt/rviz_ogre_vendor/lib:/opt/ros/humble/lib/x86_64-linux-gnu:/opt/ros/humble/lib:/usr/local/nvidia/lib:/usr/local/nvidia/lib64:/usr/share/gazebo/../../lib/x86_64-linux-gnu/gazebo-11/plugins PYTHONPATH=/home/derek/work/install/nav2_msgs/local/lib/python3.10/dist-packages:/home/derek/work/install/nav2_common/local/lib/python3.10/dist-packages:${PYTHONPATH} /usr/bin/cmake --install /home/derek/work/build/nav2_waypoint_follower
