[0.112s] Invoking command in '/home/derek/work/build/realsense2_camera': AMENT_PREFIX_PATH=/home/derek/work/install/realsense2_camera_msgs:${AMENT_PREFIX_PATH} CMAKE_PREFIX_PATH=/home/derek/work/install/realsense2_camera_msgs:/opt/ros/humble LD_LIBRARY_PATH=/home/derek/work/install/realsense2_camera_msgs/lib:/usr/lib/x86_64-linux-gnu/gazebo-11/plugins:/opt/ros/humble/opt/rviz_ogre_vendor/lib:/opt/ros/humble/lib/x86_64-linux-gnu:/opt/ros/humble/lib:/usr/local/nvidia/lib:/usr/local/nvidia/lib64:/usr/share/gazebo/../../lib/x86_64-linux-gnu/gazebo-11/plugins PYTHONPATH=/home/derek/work/install/realsense2_camera_msgs/local/lib/python3.10/dist-packages:${PYTHONPATH} /usr/bin/cmake /home/derek/work/src/realsense-ros/realsense2_camera -DCMAKE_INSTALL_PREFIX=/home/derek/work/install/realsense2_camera
[0.180s] -- The C compiler identification is GNU 11.4.0
[0.248s] -- The CXX compiler identification is GNU 11.4.0
[0.260s] -- Detecting C compiler ABI info
[0.352s] -- Detecting C compiler ABI info - done
[0.352s] -- Check for working C compiler: /usr/bin/cc - skipped
[0.352s] -- Detecting C compile features
[0.353s] -- Detecting C compile features - done
[0.356s] -- Detecting CXX compiler ABI info
[0.458s] -- Detecting CXX compiler ABI info - done
[0.469s] -- Check for working CXX compiler: /usr/bin/c++ - skipped
[0.469s] -- Detecting CXX compile features
[0.469s] -- Detecting CXX compile features - done
[0.470s] -- Create Release Build.
[0.473s] -- Found ament_cmake: 1.3.7 (/opt/ros/humble/share/ament_cmake/cmake)
[1.130s] -- Found Python3: /usr/bin/python3.10 (found version "3.10.12") found components: Interpreter 
[1.239s] -- Found builtin_interfaces: 1.2.1 (/opt/ros/humble/share/builtin_interfaces/cmake)
[1.282s] -- Found rosidl_generator_c: 3.1.5 (/opt/ros/humble/share/rosidl_generator_c/cmake)
[1.289s] -- Found rosidl_adapter: 3.1.5 (/opt/ros/humble/share/rosidl_adapter/cmake)
[1.301s] -- Found rosidl_generator_cpp: 3.1.5 (/opt/ros/humble/share/rosidl_generator_cpp/cmake)
[1.319s] -- Using all available rosidl_typesupport_c: rosidl_typesupport_fastrtps_c;rosidl_typesupport_introspection_c
[1.344s] -- Using all available rosidl_typesupport_cpp: rosidl_typesupport_fastrtps_cpp;rosidl_typesupport_introspection_cpp
[1.367s] -- Found cv_bridge: 3.2.1 (/opt/ros/humble/share/cv_bridge/cmake)
[1.657s] -- Found image_transport: 3.1.8 (/opt/ros/humble/share/image_transport/cmake)
[1.733s] -- Found rmw_implementation_cmake: 6.1.1 (/opt/ros/humble/share/rmw_implementation_cmake/cmake)
[1.735s] -- Found rmw_fastrtps_cpp: 6.2.6 (/opt/ros/humble/share/rmw_fastrtps_cpp/cmake)
[1.840s] -- Found OpenSSL: /usr/lib/x86_64-linux-gnu/libcrypto.so (found version "3.0.2")  
[1.868s] -- Found FastRTPS: /opt/ros/humble/include  
[1.916s] -- Using RMW implementation 'rmw_fastrtps_cpp' as default
[1.925s] -- Looking for pthread.h
[1.981s] -- Looking for pthread.h - found
[1.981s] -- Performing Test CMAKE_HAVE_LIBC_PTHREAD
[2.044s] -- Performing Test CMAKE_HAVE_LIBC_PTHREAD - Success
[2.045s] -- Found Threads: TRUE  
[2.220s] -- Found rclcpp_components: 16.0.8 (/opt/ros/humble/share/rclcpp_components/cmake)
[2.271s] -- Found realsense2_camera_msgs: 4.54.1 (/home/derek/work/install/realsense2_camera_msgs/share/realsense2_camera_msgs/cmake)
[2.366s] -- Found nav_msgs: 4.2.3 (/opt/ros/humble/share/nav_msgs/cmake)
[2.442s] -- Found tf2_ros: 0.25.5 (/opt/ros/humble/share/tf2_ros/cmake)
[2.698s] -- Found diagnostic_updater: 3.1.2 (/opt/ros/humble/share/diagnostic_updater/cmake)
[2.761s] -- Build for ROS2 Humble
[2.766s] -- Found ament_cmake_gtest: 1.3.7 (/opt/ros/humble/share/ament_cmake_gtest/cmake)
[2.768s] -- Found gtest sources under '/opt/ros/humble/src/gtest_vendor': C++ tests using 'Google Test' will be built
[2.773s] -- Found ament_cmake_pytest: 1.3.7 (/opt/ros/humble/share/ament_cmake_pytest/cmake)
[6.178s] -- rs_device_info:
[6.181s] -- No device detected. Is it plugged in?
[6.181s] 
[6.263s] -- Configuring done
[6.299s] -- Generating done
[6.302s] -- Build files have been written to: /home/derek/work/build/realsense2_camera
[6.330s] Invoked command in '/home/derek/work/build/realsense2_camera' returned '0': AMENT_PREFIX_PATH=/home/derek/work/install/realsense2_camera_msgs:${AMENT_PREFIX_PATH} CMAKE_PREFIX_PATH=/home/derek/work/install/realsense2_camera_msgs:/opt/ros/humble LD_LIBRARY_PATH=/home/derek/work/install/realsense2_camera_msgs/lib:/usr/lib/x86_64-linux-gnu/gazebo-11/plugins:/opt/ros/humble/opt/rviz_ogre_vendor/lib:/opt/ros/humble/lib/x86_64-linux-gnu:/opt/ros/humble/lib:/usr/local/nvidia/lib:/usr/local/nvidia/lib64:/usr/share/gazebo/../../lib/x86_64-linux-gnu/gazebo-11/plugins PYTHONPATH=/home/derek/work/install/realsense2_camera_msgs/local/lib/python3.10/dist-packages:${PYTHONPATH} /usr/bin/cmake /home/derek/work/src/realsense-ros/realsense2_camera -DCMAKE_INSTALL_PREFIX=/home/derek/work/install/realsense2_camera
[6.331s] Invoking command in '/home/derek/work/build/realsense2_camera': AMENT_PREFIX_PATH=/home/derek/work/install/realsense2_camera_msgs:${AMENT_PREFIX_PATH} CMAKE_PREFIX_PATH=/home/derek/work/install/realsense2_camera_msgs:/opt/ros/humble LD_LIBRARY_PATH=/home/derek/work/install/realsense2_camera_msgs/lib:/usr/lib/x86_64-linux-gnu/gazebo-11/plugins:/opt/ros/humble/opt/rviz_ogre_vendor/lib:/opt/ros/humble/lib/x86_64-linux-gnu:/opt/ros/humble/lib:/usr/local/nvidia/lib:/usr/local/nvidia/lib64:/usr/share/gazebo/../../lib/x86_64-linux-gnu/gazebo-11/plugins PYTHONPATH=/home/derek/work/install/realsense2_camera_msgs/local/lib/python3.10/dist-packages:${PYTHONPATH} /usr/bin/cmake --build /home/derek/work/build/realsense2_camera -- -j16 -l16
[6.407s] [  4%] [32mBuilding CXX object gtest/CMakeFiles/gtest.dir/src/gtest-all.cc.o[0m
[6.408s] [  9%] [32mBuilding CXX object CMakeFiles/realsense2_camera.dir/src/realsense_node_factory.cpp.o[0m
[6.415s] [ 13%] [32mBuilding CXX object CMakeFiles/realsense2_camera_node.dir/rclcpp_components/node_main_realsense2_camera_node.cpp.o[0m
[6.423s] [ 18%] [32mBuilding CXX object gtest/CMakeFiles/gtest_main.dir/src/gtest_main.cc.o[0m
[6.423s] [ 22%] [32mBuilding CXX object CMakeFiles/realsense2_camera.dir/src/base_realsense_node.cpp.o[0m
[6.435s] [ 27%] [32mBuilding CXX object CMakeFiles/realsense2_camera.dir/src/parameters.cpp.o[0m
[6.437s] [ 31%] [32mBuilding CXX object CMakeFiles/realsense2_camera.dir/src/rs_node_setup.cpp.o[0m
[6.474s] [ 36%] [32mBuilding CXX object CMakeFiles/realsense2_camera.dir/src/ros_sensor.cpp.o[0m
[6.490s] [ 40%] [32mBuilding CXX object CMakeFiles/realsense2_camera.dir/src/ros_utils.cpp.o[0m
[6.499s] [ 45%] [32mBuilding CXX object CMakeFiles/realsense2_camera.dir/src/dynamic_params.cpp.o[0m
[6.535s] [ 50%] [32mBuilding CXX object CMakeFiles/realsense2_camera.dir/src/sensor_params.cpp.o[0m
[6.579s] [ 54%] [32mBuilding CXX object CMakeFiles/realsense2_camera.dir/src/image_publisher.cpp.o[0m
[6.585s] [ 59%] [32mBuilding CXX object CMakeFiles/realsense2_camera.dir/src/named_filter.cpp.o[0m
[6.585s] [ 63%] [32mBuilding CXX object CMakeFiles/realsense2_camera.dir/src/profile_manager.cpp.o[0m
[6.595s] [ 68%] [32mBuilding CXX object CMakeFiles/realsense2_camera.dir/src/tfs.cpp.o[0m
[6.608s] [ 72%] [32mBuilding CXX object CMakeFiles/realsense2_camera.dir/src/ros_param_backend.cpp.o[0m
[7.868s] [ 77%] [32m[1mLinking CXX static library libgtest_main.a[0m
[7.915s] [ 77%] Built target gtest_main
[14.742s] [ 81%] [32m[1mLinking CXX executable realsense2_camera_node[0m
[15.132s] [ 81%] Built target realsense2_camera_node
[19.811s] [ 86%] [32m[1mLinking CXX static library libgtest.a[0m
[19.972s] [ 86%] Built target gtest
[20.003s] [ 90%] [32mBuilding CXX object CMakeFiles/gtest_template.dir/test/gtest_template.cpp.o[0m
[21.299s] [ 95%] [32m[1mLinking CXX executable gtest_template[0m
[21.712s] [ 95%] Built target gtest_template
[26.966s] [100%] [32m[1mLinking CXX shared library librealsense2_camera.so[0m
[27.225s] [100%] Built target realsense2_camera
[27.236s] Invoked command in '/home/derek/work/build/realsense2_camera' returned '0': AMENT_PREFIX_PATH=/home/derek/work/install/realsense2_camera_msgs:${AMENT_PREFIX_PATH} CMAKE_PREFIX_PATH=/home/derek/work/install/realsense2_camera_msgs:/opt/ros/humble LD_LIBRARY_PATH=/home/derek/work/install/realsense2_camera_msgs/lib:/usr/lib/x86_64-linux-gnu/gazebo-11/plugins:/opt/ros/humble/opt/rviz_ogre_vendor/lib:/opt/ros/humble/lib/x86_64-linux-gnu:/opt/ros/humble/lib:/usr/local/nvidia/lib:/usr/local/nvidia/lib64:/usr/share/gazebo/../../lib/x86_64-linux-gnu/gazebo-11/plugins PYTHONPATH=/home/derek/work/install/realsense2_camera_msgs/local/lib/python3.10/dist-packages:${PYTHONPATH} /usr/bin/cmake --build /home/derek/work/build/realsense2_camera -- -j16 -l16
[27.294s] Invoking command in '/home/derek/work/build/realsense2_camera': AMENT_PREFIX_PATH=/home/derek/work/install/realsense2_camera_msgs:${AMENT_PREFIX_PATH} CMAKE_PREFIX_PATH=/home/derek/work/install/realsense2_camera_msgs:/opt/ros/humble LD_LIBRARY_PATH=/home/derek/work/install/realsense2_camera_msgs/lib:/usr/lib/x86_64-linux-gnu/gazebo-11/plugins:/opt/ros/humble/opt/rviz_ogre_vendor/lib:/opt/ros/humble/lib/x86_64-linux-gnu:/opt/ros/humble/lib:/usr/local/nvidia/lib:/usr/local/nvidia/lib64:/usr/share/gazebo/../../lib/x86_64-linux-gnu/gazebo-11/plugins PYTHONPATH=/home/derek/work/install/realsense2_camera_msgs/local/lib/python3.10/dist-packages:${PYTHONPATH} /usr/bin/cmake --install /home/derek/work/build/realsense2_camera
[27.300s] -- Install configuration: "Release"
[27.301s] -- Installing: /home/derek/work/install/realsense2_camera/lib/realsense2_camera/realsense2_camera_node
[27.301s] -- Set runtime path of "/home/derek/work/install/realsense2_camera/lib/realsense2_camera/realsense2_camera_node" to ""
[27.301s] -- Installing: /home/derek/work/install/realsense2_camera/lib/librealsense2_camera.so
[27.304s] -- Set runtime path of "/home/derek/work/install/realsense2_camera/lib/librealsense2_camera.so" to ""
[27.304s] -- Installing: /home/derek/work/install/realsense2_camera/include
[27.304s] -- Installing: /home/derek/work/install/realsense2_camera/include/ros_sensor.h
[27.304s] -- Installing: /home/derek/work/install/realsense2_camera/include/base_realsense_node.h
[27.304s] -- Installing: /home/derek/work/install/realsense2_camera/include/dynamic_params.h
[27.304s] -- Installing: /home/derek/work/install/realsense2_camera/include/ros_param_backend.h
[27.304s] -- Installing: /home/derek/work/install/realsense2_camera/include/ros_utils.h
[27.304s] -- Installing: /home/derek/work/install/realsense2_camera/include/named_filter.h
[27.305s] -- Installing: /home/derek/work/install/realsense2_camera/include/sensor_params.h
[27.305s] -- Installing: /home/derek/work/install/realsense2_camera/include/realsense_node_factory.h
[27.305s] -- Installing: /home/derek/work/install/realsense2_camera/include/image_publisher.h
[27.305s] -- Installing: /home/derek/work/install/realsense2_camera/include/constants.h
[27.305s] -- Installing: /home/derek/work/install/realsense2_camera/include/profile_manager.h
[27.305s] -- Installing: /home/derek/work/install/realsense2_camera/share/realsense2_camera/launch
[27.305s] -- Installing: /home/derek/work/install/realsense2_camera/share/realsense2_camera/launch/rs_multi_camera_launch.py
[27.305s] -- Installing: /home/derek/work/install/realsense2_camera/share/realsense2_camera/launch/rs_launch.py
[27.306s] -- Installing: /home/derek/work/install/realsense2_camera/share/realsense2_camera/launch/rs_intra_process_demo_launch.py
[27.306s] -- Installing: /home/derek/work/install/realsense2_camera/share/realsense2_camera/launch/default.rviz
[27.306s] -- Installing: /home/derek/work/install/realsense2_camera/share/realsense2_camera/examples
[27.306s] -- Installing: /home/derek/work/install/realsense2_camera/share/realsense2_camera/examples/launch_params_from_file
[27.306s] -- Installing: /home/derek/work/install/realsense2_camera/share/realsense2_camera/examples/launch_params_from_file/rs_launch_get_params_from_yaml.py
[27.306s] -- Installing: /home/derek/work/install/realsense2_camera/share/realsense2_camera/examples/launch_params_from_file/README.md
[27.306s] -- Installing: /home/derek/work/install/realsense2_camera/share/realsense2_camera/examples/launch_params_from_file/config
[27.306s] -- Installing: /home/derek/work/install/realsense2_camera/share/realsense2_camera/examples/launch_params_from_file/config/config.yaml
[27.307s] -- Installing: /home/derek/work/install/realsense2_camera/share/realsense2_camera/examples/align_depth
[27.307s] -- Installing: /home/derek/work/install/realsense2_camera/share/realsense2_camera/examples/align_depth/README.md
[27.307s] -- Installing: /home/derek/work/install/realsense2_camera/share/realsense2_camera/examples/align_depth/rs_align_depth_launch.py
[27.307s] -- Installing: /home/derek/work/install/realsense2_camera/share/realsense2_camera/examples/dual_camera
[27.307s] -- Installing: /home/derek/work/install/realsense2_camera/share/realsense2_camera/examples/dual_camera/rs_dual_camera_launch.py
[27.307s] -- Installing: /home/derek/work/install/realsense2_camera/share/realsense2_camera/examples/dual_camera/rviz
[27.307s] -- Installing: /home/derek/work/install/realsense2_camera/share/realsense2_camera/examples/dual_camera/rviz/dual_camera_pointcloud.rviz
[27.307s] -- Installing: /home/derek/work/install/realsense2_camera/share/realsense2_camera/examples/dual_camera/README.md
[27.308s] -- Installing: /home/derek/work/install/realsense2_camera/share/realsense2_camera/examples/pointcloud
[27.308s] -- Installing: /home/derek/work/install/realsense2_camera/share/realsense2_camera/examples/pointcloud/rviz
[27.308s] -- Installing: /home/derek/work/install/realsense2_camera/share/realsense2_camera/examples/pointcloud/rviz/pointcloud.rviz
[27.308s] -- Installing: /home/derek/work/install/realsense2_camera/share/realsense2_camera/examples/pointcloud/rviz/urdf_pointcloud.rviz
[27.308s] -- Installing: /home/derek/work/install/realsense2_camera/share/realsense2_camera/examples/pointcloud/README.md
[27.308s] -- Installing: /home/derek/work/install/realsense2_camera/share/realsense2_camera/examples/pointcloud/rs_pointcloud_launch.py
[27.308s] -- Installing: /home/derek/work/install/realsense2_camera/share/realsense2_camera/examples/pointcloud/rs_d455_pointcloud_launch.py
[27.308s] -- Installing: /home/derek/work/install/realsense2_camera/share/realsense2_camera/examples/pointcloud/rs_d405_pointcloud_launch.py
[27.308s] -- Installing: /home/derek/work/install/realsense2_camera/share/realsense2_camera/examples/launch_from_rosbag
[27.308s] -- Installing: /home/derek/work/install/realsense2_camera/share/realsense2_camera/examples/launch_from_rosbag/README.md
[27.308s] -- Installing: /home/derek/work/install/realsense2_camera/share/realsense2_camera/examples/launch_from_rosbag/rs_launch_from_rosbag.py
[27.309s] -- Installing: /home/derek/work/install/realsense2_camera/share/realsense2_camera/environment/library_path.sh
[27.309s] -- Installing: /home/derek/work/install/realsense2_camera/share/realsense2_camera/environment/library_path.dsv
[27.309s] -- Installing: /home/derek/work/install/realsense2_camera/share/ament_index/resource_index/package_run_dependencies/realsense2_camera
[27.309s] -- Installing: /home/derek/work/install/realsense2_camera/share/ament_index/resource_index/parent_prefix_path/realsense2_camera
[27.309s] -- Installing: /home/derek/work/install/realsense2_camera/share/realsense2_camera/environment/ament_prefix_path.sh
[27.309s] -- Installing: /home/derek/work/install/realsense2_camera/share/realsense2_camera/environment/ament_prefix_path.dsv
[27.309s] -- Installing: /home/derek/work/install/realsense2_camera/share/realsense2_camera/environment/path.sh
[27.309s] -- Installing: /home/derek/work/install/realsense2_camera/share/realsense2_camera/environment/path.dsv
[27.309s] -- Installing: /home/derek/work/install/realsense2_camera/share/realsense2_camera/local_setup.bash
[27.309s] -- Installing: /home/derek/work/install/realsense2_camera/share/realsense2_camera/local_setup.sh
[27.309s] -- Installing: /home/derek/work/install/realsense2_camera/share/realsense2_camera/local_setup.zsh
[27.310s] -- Installing: /home/derek/work/install/realsense2_camera/share/realsense2_camera/local_setup.dsv
[27.310s] -- Installing: /home/derek/work/install/realsense2_camera/share/realsense2_camera/package.dsv
[27.310s] -- Installing: /home/derek/work/install/realsense2_camera/share/ament_index/resource_index/packages/realsense2_camera
[27.310s] -- Installing: /home/derek/work/install/realsense2_camera/share/ament_index/resource_index/rclcpp_components/realsense2_camera
[27.310s] -- Installing: /home/derek/work/install/realsense2_camera/share/realsense2_camera/cmake/ament_cmake_export_include_directories-extras.cmake
[27.310s] -- Installing: /home/derek/work/install/realsense2_camera/share/realsense2_camera/cmake/ament_cmake_export_libraries-extras.cmake
[27.310s] -- Installing: /home/derek/work/install/realsense2_camera/share/realsense2_camera/cmake/ament_cmake_export_dependencies-extras.cmake
[27.310s] -- Installing: /home/derek/work/install/realsense2_camera/share/realsense2_camera/cmake/realsense2_cameraConfig.cmake
[27.310s] -- Installing: /home/derek/work/install/realsense2_camera/share/realsense2_camera/cmake/realsense2_cameraConfig-version.cmake
[27.310s] -- Installing: /home/derek/work/install/realsense2_camera/share/realsense2_camera/package.xml
[27.313s] Invoked command in '/home/derek/work/build/realsense2_camera' returned '0': AMENT_PREFIX_PATH=/home/derek/work/install/realsense2_camera_msgs:${AMENT_PREFIX_PATH} CMAKE_PREFIX_PATH=/home/derek/work/install/realsense2_camera_msgs:/opt/ros/humble LD_LIBRARY_PATH=/home/derek/work/install/realsense2_camera_msgs/lib:/usr/lib/x86_64-linux-gnu/gazebo-11/plugins:/opt/ros/humble/opt/rviz_ogre_vendor/lib:/opt/ros/humble/lib/x86_64-linux-gnu:/opt/ros/humble/lib:/usr/local/nvidia/lib:/usr/local/nvidia/lib64:/usr/share/gazebo/../../lib/x86_64-linux-gnu/gazebo-11/plugins PYTHONPATH=/home/derek/work/install/realsense2_camera_msgs/local/lib/python3.10/dist-packages:${PYTHONPATH} /usr/bin/cmake --install /home/derek/work/build/realsense2_camera
