[0.243s] Invoking command in '/home/derek/work/build/nav2_navfn_planner': AMENT_PREFIX_PATH=/home/derek/work/install/nav2_core:/home/derek/work/install/nav2_costmap_2d:/home/derek/work/install/nav2_util:/home/derek/work/install/nav2_voxel_grid:/home/derek/work/install/nav2_msgs:/home/derek/work/install/nav2_common:${AMENT_PREFIX_PATH} CMAKE_PREFIX_PATH=/home/derek/work/install/nav2_core:/home/derek/work/install/nav2_costmap_2d:/home/derek/work/install/nav2_util:/home/derek/work/install/nav2_voxel_grid:/home/derek/work/install/nav2_msgs:/home/derek/work/install/nav2_common:/opt/ros/humble LD_LIBRARY_PATH=/home/derek/work/install/nav2_costmap_2d/lib:/home/derek/work/install/nav2_util/lib:/home/derek/work/install/nav2_voxel_grid/lib:/home/derek/work/install/nav2_msgs/lib:/usr/lib/x86_64-linux-gnu/gazebo-11/plugins:/opt/ros/humble/opt/rviz_ogre_vendor/lib:/opt/ros/humble/lib/x86_64-linux-gnu:/opt/ros/humble/lib:/usr/local/nvidia/lib:/usr/local/nvidia/lib64:/usr/share/gazebo/../../lib/x86_64-linux-gnu/gazebo-11/plugins PYTHONPATH=/home/derek/work/install/nav2_msgs/local/lib/python3.10/dist-packages:/home/derek/work/install/nav2_common/local/lib/python3.10/dist-packages:${PYTHONPATH} /usr/bin/cmake --build /home/derek/work/build/nav2_navfn_planner -- -j16 -l16
[0.302s] [35m[1mConsolidate compiler generated dependencies of target nav2_navfn_planner[0m
[0.320s] [35m[1mConsolidate compiler generated dependencies of target gtest_main[0m
[0.338s] [35m[1mConsolidate compiler generated dependencies of target gtest[0m
[0.345s] [ 33%] Built target nav2_navfn_planner
[0.384s] [ 55%] Built target gtest_main
[0.391s] [ 77%] Built target gtest
[0.406s] [35m[1mConsolidate compiler generated dependencies of target test_dynamic_parameters[0m
[0.437s] [100%] Built target test_dynamic_parameters
[0.498s] Invoked command in '/home/derek/work/build/nav2_navfn_planner' returned '0': AMENT_PREFIX_PATH=/home/derek/work/install/nav2_core:/home/derek/work/install/nav2_costmap_2d:/home/derek/work/install/nav2_util:/home/derek/work/install/nav2_voxel_grid:/home/derek/work/install/nav2_msgs:/home/derek/work/install/nav2_common:${AMENT_PREFIX_PATH} CMAKE_PREFIX_PATH=/home/derek/work/install/nav2_core:/home/derek/work/install/nav2_costmap_2d:/home/derek/work/install/nav2_util:/home/derek/work/install/nav2_voxel_grid:/home/derek/work/install/nav2_msgs:/home/derek/work/install/nav2_common:/opt/ros/humble LD_LIBRARY_PATH=/home/derek/work/install/nav2_costmap_2d/lib:/home/derek/work/install/nav2_util/lib:/home/derek/work/install/nav2_voxel_grid/lib:/home/derek/work/install/nav2_msgs/lib:/usr/lib/x86_64-linux-gnu/gazebo-11/plugins:/opt/ros/humble/opt/rviz_ogre_vendor/lib:/opt/ros/humble/lib/x86_64-linux-gnu:/opt/ros/humble/lib:/usr/local/nvidia/lib:/usr/local/nvidia/lib64:/usr/share/gazebo/../../lib/x86_64-linux-gnu/gazebo-11/plugins PYTHONPATH=/home/derek/work/install/nav2_msgs/local/lib/python3.10/dist-packages:/home/derek/work/install/nav2_common/local/lib/python3.10/dist-packages:${PYTHONPATH} /usr/bin/cmake --build /home/derek/work/build/nav2_navfn_planner -- -j16 -l16
[0.642s] Invoking command in '/home/derek/work/build/nav2_navfn_planner': AMENT_PREFIX_PATH=/home/derek/work/install/nav2_core:/home/derek/work/install/nav2_costmap_2d:/home/derek/work/install/nav2_util:/home/derek/work/install/nav2_voxel_grid:/home/derek/work/install/nav2_msgs:/home/derek/work/install/nav2_common:${AMENT_PREFIX_PATH} CMAKE_PREFIX_PATH=/home/derek/work/install/nav2_core:/home/derek/work/install/nav2_costmap_2d:/home/derek/work/install/nav2_util:/home/derek/work/install/nav2_voxel_grid:/home/derek/work/install/nav2_msgs:/home/derek/work/install/nav2_common:/opt/ros/humble LD_LIBRARY_PATH=/home/derek/work/install/nav2_costmap_2d/lib:/home/derek/work/install/nav2_util/lib:/home/derek/work/install/nav2_voxel_grid/lib:/home/derek/work/install/nav2_msgs/lib:/usr/lib/x86_64-linux-gnu/gazebo-11/plugins:/opt/ros/humble/opt/rviz_ogre_vendor/lib:/opt/ros/humble/lib/x86_64-linux-gnu:/opt/ros/humble/lib:/usr/local/nvidia/lib:/usr/local/nvidia/lib64:/usr/share/gazebo/../../lib/x86_64-linux-gnu/gazebo-11/plugins PYTHONPATH=/home/derek/work/install/nav2_msgs/local/lib/python3.10/dist-packages:/home/derek/work/install/nav2_common/local/lib/python3.10/dist-packages:${PYTHONPATH} /usr/bin/cmake --install /home/derek/work/build/nav2_navfn_planner
[0.662s] -- Install configuration: "Release"
[0.662s] -- Up-to-date: /home/derek/work/install/nav2_navfn_planner/share/nav2_navfn_planner/global_planner_plugin.xml
[0.662s] -- Up-to-date: /home/derek/work/install/nav2_navfn_planner/lib/libnav2_navfn_planner.so
[0.662s] -- Up-to-date: /home/derek/work/install/nav2_navfn_planner/include/
[0.662s] -- Up-to-date: /home/derek/work/install/nav2_navfn_planner/include//nav2_navfn_planner
[0.662s] -- Up-to-date: /home/derek/work/install/nav2_navfn_planner/include//nav2_navfn_planner/navfn.hpp
[0.662s] -- Up-to-date: /home/derek/work/install/nav2_navfn_planner/include//nav2_navfn_planner/navfn_planner.hpp
[0.662s] -- Up-to-date: /home/derek/work/install/nav2_navfn_planner/share/nav2_navfn_planner/global_planner_plugin.xml
[0.662s] -- Up-to-date: /home/derek/work/install/nav2_navfn_planner/share/nav2_navfn_planner/environment/library_path.sh
[0.662s] -- Up-to-date: /home/derek/work/install/nav2_navfn_planner/share/nav2_navfn_planner/environment/library_path.dsv
[0.662s] -- Up-to-date: /home/derek/work/install/nav2_navfn_planner/share/ament_index/resource_index/package_run_dependencies/nav2_navfn_planner
[0.662s] -- Up-to-date: /home/derek/work/install/nav2_navfn_planner/share/ament_index/resource_index/parent_prefix_path/nav2_navfn_planner
[0.662s] -- Up-to-date: /home/derek/work/install/nav2_navfn_planner/share/nav2_navfn_planner/environment/ament_prefix_path.sh
[0.662s] -- Up-to-date: /home/derek/work/install/nav2_navfn_planner/share/nav2_navfn_planner/environment/ament_prefix_path.dsv
[0.662s] -- Up-to-date: /home/derek/work/install/nav2_navfn_planner/share/nav2_navfn_planner/environment/path.sh
[0.663s] -- Up-to-date: /home/derek/work/install/nav2_navfn_planner/share/nav2_navfn_planner/environment/path.dsv
[0.663s] -- Up-to-date: /home/derek/work/install/nav2_navfn_planner/share/nav2_navfn_planner/local_setup.bash
[0.663s] -- Up-to-date: /home/derek/work/install/nav2_navfn_planner/share/nav2_navfn_planner/local_setup.sh
[0.663s] -- Up-to-date: /home/derek/work/install/nav2_navfn_planner/share/nav2_navfn_planner/local_setup.zsh
[0.663s] -- Up-to-date: /home/derek/work/install/nav2_navfn_planner/share/nav2_navfn_planner/local_setup.dsv
[0.663s] -- Installing: /home/derek/work/install/nav2_navfn_planner/share/nav2_navfn_planner/package.dsv
[0.663s] -- Up-to-date: /home/derek/work/install/nav2_navfn_planner/share/ament_index/resource_index/packages/nav2_navfn_planner
[0.663s] -- Up-to-date: /home/derek/work/install/nav2_navfn_planner/share/ament_index/resource_index/nav2_core__pluginlib__plugin/nav2_navfn_planner
[0.663s] -- Up-to-date: /home/derek/work/install/nav2_navfn_planner/share/nav2_navfn_planner/cmake/ament_cmake_export_include_directories-extras.cmake
[0.663s] -- Up-to-date: /home/derek/work/install/nav2_navfn_planner/share/nav2_navfn_planner/cmake/ament_cmake_export_libraries-extras.cmake
[0.663s] -- Up-to-date: /home/derek/work/install/nav2_navfn_planner/share/nav2_navfn_planner/cmake/ament_cmake_export_dependencies-extras.cmake
[0.663s] -- Up-to-date: /home/derek/work/install/nav2_navfn_planner/share/nav2_navfn_planner/cmake/nav2_navfn_plannerConfig.cmake
[0.663s] -- Up-to-date: /home/derek/work/install/nav2_navfn_planner/share/nav2_navfn_planner/cmake/nav2_navfn_plannerConfig-version.cmake
[0.663s] -- Up-to-date: /home/derek/work/install/nav2_navfn_planner/share/nav2_navfn_planner/package.xml
[0.786s] Invoked command in '/home/derek/work/build/nav2_navfn_planner' returned '0': AMENT_PREFIX_PATH=/home/derek/work/install/nav2_core:/home/derek/work/install/nav2_costmap_2d:/home/derek/work/install/nav2_util:/home/derek/work/install/nav2_voxel_grid:/home/derek/work/install/nav2_msgs:/home/derek/work/install/nav2_common:${AMENT_PREFIX_PATH} CMAKE_PREFIX_PATH=/home/derek/work/install/nav2_core:/home/derek/work/install/nav2_costmap_2d:/home/derek/work/install/nav2_util:/home/derek/work/install/nav2_voxel_grid:/home/derek/work/install/nav2_msgs:/home/derek/work/install/nav2_common:/opt/ros/humble LD_LIBRARY_PATH=/home/derek/work/install/nav2_costmap_2d/lib:/home/derek/work/install/nav2_util/lib:/home/derek/work/install/nav2_voxel_grid/lib:/home/derek/work/install/nav2_msgs/lib:/usr/lib/x86_64-linux-gnu/gazebo-11/plugins:/opt/ros/humble/opt/rviz_ogre_vendor/lib:/opt/ros/humble/lib/x86_64-linux-gnu:/opt/ros/humble/lib:/usr/local/nvidia/lib:/usr/local/nvidia/lib64:/usr/share/gazebo/../../lib/x86_64-linux-gnu/gazebo-11/plugins PYTHONPATH=/home/derek/work/install/nav2_msgs/local/lib/python3.10/dist-packages:/home/derek/work/install/nav2_common/local/lib/python3.10/dist-packages:${PYTHONPATH} /usr/bin/cmake --install /home/derek/work/build/nav2_navfn_planner
