[0.077s] Invoking command in '/home/derek/work/build/nav2_amcl': AMENT_PREFIX_PATH=/home/derek/work/install/nav2_util:/home/derek/work/install/nav2_msgs:/home/derek/work/install/nav2_common:${AMENT_PREFIX_PATH} CMAKE_PREFIX_PATH=/home/derek/work/install/nav2_util:/home/derek/work/install/nav2_msgs:/home/derek/work/install/nav2_common:/opt/ros/humble LD_LIBRARY_PATH=/home/derek/work/install/nav2_util/lib:/home/derek/work/install/nav2_msgs/lib:/usr/lib/x86_64-linux-gnu/gazebo-11/plugins:/opt/ros/humble/opt/rviz_ogre_vendor/lib:/opt/ros/humble/lib/x86_64-linux-gnu:/opt/ros/humble/lib:/usr/local/nvidia/lib:/usr/local/nvidia/lib64:/usr/share/gazebo/../../lib/x86_64-linux-gnu/gazebo-11/plugins PYTHONPATH=/home/derek/work/install/nav2_msgs/local/lib/python3.10/dist-packages:/home/derek/work/install/nav2_common/local/lib/python3.10/dist-packages:${PYTHONPATH} /usr/bin/cmake /home/derek/work/src/navigation2/nav2_amcl -DCMAKE_INSTALL_PREFIX=/home/derek/work/install/nav2_amcl
[0.117s] -- The C compiler identification is GNU 11.4.0
[0.162s] -- The CXX compiler identification is GNU 11.4.0
[0.169s] -- Detecting C compiler ABI info
[0.222s] -- Detecting C compiler ABI info - done
[0.231s] -- Check for working C compiler: /usr/bin/cc - skipped
[0.231s] -- Detecting C compile features
[0.232s] -- Detecting C compile features - done
[0.235s] -- Detecting CXX compiler ABI info
[0.298s] -- Detecting CXX compiler ABI info - done
[0.307s] -- Check for working CXX compiler: /usr/bin/c++ - skipped
[0.307s] -- Detecting CXX compile features
[0.308s] -- Detecting CXX compile features - done
[0.310s] -- Found ament_cmake: 1.3.7 (/opt/ros/humble/share/ament_cmake/cmake)
[0.789s] -- Found Python3: /usr/bin/python3.10 (found version "3.10.12") found components: Interpreter 
[0.865s] -- Found nav2_common: 1.1.13 (/home/derek/work/install/nav2_common/share/nav2_common/cmake)
[0.866s] -- Found rclcpp: 16.0.8 (/opt/ros/humble/share/rclcpp/cmake)
[0.902s] -- Found rosidl_generator_c: 3.1.5 (/opt/ros/humble/share/rosidl_generator_c/cmake)
[0.907s] -- Found rosidl_adapter: 3.1.5 (/opt/ros/humble/share/rosidl_adapter/cmake)
[0.914s] -- Found rosidl_generator_cpp: 3.1.5 (/opt/ros/humble/share/rosidl_generator_cpp/cmake)
[0.925s] -- Using all available rosidl_typesupport_c: rosidl_typesupport_fastrtps_c;rosidl_typesupport_introspection_c
[0.944s] -- Using all available rosidl_typesupport_cpp: rosidl_typesupport_fastrtps_cpp;rosidl_typesupport_introspection_cpp
[1.005s] -- Found rmw_implementation_cmake: 6.1.1 (/opt/ros/humble/share/rmw_implementation_cmake/cmake)
[1.007s] -- Found rmw_fastrtps_cpp: 6.2.6 (/opt/ros/humble/share/rmw_fastrtps_cpp/cmake)
[1.097s] -- Found OpenSSL: /usr/lib/x86_64-linux-gnu/libcrypto.so (found version "3.0.2")  
[1.127s] -- Found FastRTPS: /opt/ros/humble/include  
[1.177s] -- Using RMW implementation 'rmw_fastrtps_cpp' as default
[1.186s] -- Looking for pthread.h
[1.245s] -- Looking for pthread.h - found
[1.245s] -- Performing Test CMAKE_HAVE_LIBC_PTHREAD
[1.314s] -- Performing Test CMAKE_HAVE_LIBC_PTHREAD - Success
[1.315s] -- Found Threads: TRUE  
[1.463s] -- Found rclcpp_lifecycle: 16.0.8 (/opt/ros/humble/share/rclcpp_lifecycle/cmake)
[1.499s] -- Found rclcpp_components: 16.0.8 (/opt/ros/humble/share/rclcpp_components/cmake)
[1.560s] -- Found message_filters: 4.3.3 (/opt/ros/humble/share/message_filters/cmake)
[1.566s] -- Found tf2_geometry_msgs: 0.25.5 (/opt/ros/humble/share/tf2_geometry_msgs/cmake)
[1.622s] -- Found eigen3_cmake_module: 0.1.1 (/opt/ros/humble/share/eigen3_cmake_module/cmake)
[1.623s] -- Found Eigen3: TRUE (found version "3.4.0") 
[1.623s] -- Ensuring Eigen3 include directory is part of orocos-kdl CMake target
[1.876s] -- Found nav_msgs: 4.2.3 (/opt/ros/humble/share/nav_msgs/cmake)
[1.948s] -- Found sensor_msgs: 4.2.3 (/opt/ros/humble/share/sensor_msgs/cmake)
[2.021s] -- Found std_srvs: 4.2.3 (/opt/ros/humble/share/std_srvs/cmake)
[2.036s] -- Found nav2_util: 1.1.13 (/home/derek/work/install/nav2_util/share/nav2_util/cmake)
[2.430s] -- Found pluginlib: 5.1.0 (/opt/ros/humble/share/pluginlib/cmake)
[2.447s] -- Setting build type to Release as none was specified.
[2.447s] -- Looking for drand48
[2.505s] -- Looking for drand48 - found
[4.769s] -- Found ament_lint_auto: 0.12.10 (/opt/ros/humble/share/ament_lint_auto/cmake)
[4.840s] -- Added test 'cppcheck' to perform static code analysis on C / C++ code
[4.840s] -- Configured cppcheck include dirs: /home/derek/work/src/navigation2/nav2_amcl/include;/home/derek/work/src/navigation2/nav2_amcl/src/include
[4.840s] -- Configured cppcheck exclude dirs and/or files: 
[4.841s] -- Added test 'lint_cmake' to check CMake code style
[4.845s] -- Added test 'uncrustify' to check C / C++ code style
[4.845s] -- Configured uncrustify additional arguments: 
[4.846s] -- Added test 'xmllint' to check XML markup files
[4.849s] -- Configuring done
[4.928s] -- Generating done
[4.930s] -- Build files have been written to: /home/derek/work/build/nav2_amcl
[4.942s] Invoked command in '/home/derek/work/build/nav2_amcl' returned '0': AMENT_PREFIX_PATH=/home/derek/work/install/nav2_util:/home/derek/work/install/nav2_msgs:/home/derek/work/install/nav2_common:${AMENT_PREFIX_PATH} CMAKE_PREFIX_PATH=/home/derek/work/install/nav2_util:/home/derek/work/install/nav2_msgs:/home/derek/work/install/nav2_common:/opt/ros/humble LD_LIBRARY_PATH=/home/derek/work/install/nav2_util/lib:/home/derek/work/install/nav2_msgs/lib:/usr/lib/x86_64-linux-gnu/gazebo-11/plugins:/opt/ros/humble/opt/rviz_ogre_vendor/lib:/opt/ros/humble/lib/x86_64-linux-gnu:/opt/ros/humble/lib:/usr/local/nvidia/lib:/usr/local/nvidia/lib64:/usr/share/gazebo/../../lib/x86_64-linux-gnu/gazebo-11/plugins PYTHONPATH=/home/derek/work/install/nav2_msgs/local/lib/python3.10/dist-packages:/home/derek/work/install/nav2_common/local/lib/python3.10/dist-packages:${PYTHONPATH} /usr/bin/cmake /home/derek/work/src/navigation2/nav2_amcl -DCMAKE_INSTALL_PREFIX=/home/derek/work/install/nav2_amcl
[4.943s] Invoking command in '/home/derek/work/build/nav2_amcl': AMENT_PREFIX_PATH=/home/derek/work/install/nav2_util:/home/derek/work/install/nav2_msgs:/home/derek/work/install/nav2_common:${AMENT_PREFIX_PATH} CMAKE_PREFIX_PATH=/home/derek/work/install/nav2_util:/home/derek/work/install/nav2_msgs:/home/derek/work/install/nav2_common:/opt/ros/humble LD_LIBRARY_PATH=/home/derek/work/install/nav2_util/lib:/home/derek/work/install/nav2_msgs/lib:/usr/lib/x86_64-linux-gnu/gazebo-11/plugins:/opt/ros/humble/opt/rviz_ogre_vendor/lib:/opt/ros/humble/lib/x86_64-linux-gnu:/opt/ros/humble/lib:/usr/local/nvidia/lib:/usr/local/nvidia/lib64:/usr/share/gazebo/../../lib/x86_64-linux-gnu/gazebo-11/plugins PYTHONPATH=/home/derek/work/install/nav2_msgs/local/lib/python3.10/dist-packages:/home/derek/work/install/nav2_common/local/lib/python3.10/dist-packages:${PYTHONPATH} /usr/bin/cmake --build /home/derek/work/build/nav2_amcl -- -j16 -l16
[4.997s] [ 12%] [32mBuilding C object src/pf/CMakeFiles/pf_lib.dir/pf_pdf.c.o[0m
[4.997s] [ 12%] [32mBuilding C object src/pf/CMakeFiles/pf_lib.dir/pf_kdtree.c.o[0m
[4.997s] [ 12%] [32mBuilding C object src/pf/CMakeFiles/pf_lib.dir/pf.c.o[0m
[4.998s] [ 20%] [32mBuilding C object src/pf/CMakeFiles/pf_lib.dir/pf_vector.c.o[0m
[4.998s] [ 20%] [32mBuilding C object src/map/CMakeFiles/map_lib.dir/map.c.o[0m
[5.006s] [ 33%] [32mBuilding C object src/pf/CMakeFiles/pf_lib.dir/pf_draw.c.o[0m
[5.006s] [ 33%] [32mBuilding C object src/map/CMakeFiles/map_lib.dir/map_range.c.o[0m
[5.006s] [ 33%] [32mBuilding C object src/pf/CMakeFiles/pf_lib.dir/eig3.c.o[0m
[5.014s] [ 41%] [32mBuilding CXX object src/map/CMakeFiles/map_lib.dir/map_cspace.cpp.o[0m
[5.014s] [ 37%] [32mBuilding C object src/map/CMakeFiles/map_lib.dir/map_draw.c.o[0m
[5.166s] [ 45%] [32m[1mLinking C shared library libpf_lib.so[0m
[5.204s] [ 45%] Built target pf_lib
[5.226s] [ 54%] [32mBuilding CXX object src/motion_model/CMakeFiles/motions_lib.dir/differential_motion_model.cpp.o[0m
[5.226s] [ 54%] [32mBuilding CXX object src/motion_model/CMakeFiles/motions_lib.dir/omni_motion_model.cpp.o[0m
[5.322s] [ 58%] [32m[1mLinking CXX shared library libmap_lib.so[0m
[5.455s] [ 58%] Built target map_lib
[5.479s] [ 62%] [32mBuilding CXX object src/sensors/CMakeFiles/sensors_lib.dir/laser/laser.cpp.o[0m
[5.491s] [ 66%] [32mBuilding CXX object src/sensors/CMakeFiles/sensors_lib.dir/laser/beam_model.cpp.o[0m
[5.501s] [ 70%] [32mBuilding CXX object src/sensors/CMakeFiles/sensors_lib.dir/laser/likelihood_field_model.cpp.o[0m
[5.568s] [ 75%] [32mBuilding CXX object src/sensors/CMakeFiles/sensors_lib.dir/laser/likelihood_field_model_prob.cpp.o[0m
[6.121s] [ 79%] [32m[1mLinking CXX shared library libsensors_lib.so[0m
[6.266s] [ 83%] [32m[1mLinking CXX shared library libmotions_lib.so[0m
[6.266s] [ 83%] Built target sensors_lib
[6.289s] [ 87%] [32mBuilding CXX object CMakeFiles/amcl_core.dir/src/amcl_node.cpp.o[0m
[6.544s] [ 87%] Built target motions_lib
[33.983s] [ 91%] [32m[1mLinking CXX shared library libamcl_core.so[0m
[34.285s] [ 91%] Built target amcl_core
[34.306s] [ 95%] [32mBuilding CXX object CMakeFiles/amcl.dir/src/main.cpp.o[0m
[37.951s] [100%] [32m[1mLinking CXX executable amcl[0m
[38.177s] [100%] Built target amcl
[38.186s] Invoked command in '/home/derek/work/build/nav2_amcl' returned '0': AMENT_PREFIX_PATH=/home/derek/work/install/nav2_util:/home/derek/work/install/nav2_msgs:/home/derek/work/install/nav2_common:${AMENT_PREFIX_PATH} CMAKE_PREFIX_PATH=/home/derek/work/install/nav2_util:/home/derek/work/install/nav2_msgs:/home/derek/work/install/nav2_common:/opt/ros/humble LD_LIBRARY_PATH=/home/derek/work/install/nav2_util/lib:/home/derek/work/install/nav2_msgs/lib:/usr/lib/x86_64-linux-gnu/gazebo-11/plugins:/opt/ros/humble/opt/rviz_ogre_vendor/lib:/opt/ros/humble/lib/x86_64-linux-gnu:/opt/ros/humble/lib:/usr/local/nvidia/lib:/usr/local/nvidia/lib64:/usr/share/gazebo/../../lib/x86_64-linux-gnu/gazebo-11/plugins PYTHONPATH=/home/derek/work/install/nav2_msgs/local/lib/python3.10/dist-packages:/home/derek/work/install/nav2_common/local/lib/python3.10/dist-packages:${PYTHONPATH} /usr/bin/cmake --build /home/derek/work/build/nav2_amcl -- -j16 -l16
[38.213s] Invoking command in '/home/derek/work/build/nav2_amcl': AMENT_PREFIX_PATH=/home/derek/work/install/nav2_util:/home/derek/work/install/nav2_msgs:/home/derek/work/install/nav2_common:${AMENT_PREFIX_PATH} CMAKE_PREFIX_PATH=/home/derek/work/install/nav2_util:/home/derek/work/install/nav2_msgs:/home/derek/work/install/nav2_common:/opt/ros/humble LD_LIBRARY_PATH=/home/derek/work/install/nav2_util/lib:/home/derek/work/install/nav2_msgs/lib:/usr/lib/x86_64-linux-gnu/gazebo-11/plugins:/opt/ros/humble/opt/rviz_ogre_vendor/lib:/opt/ros/humble/lib/x86_64-linux-gnu:/opt/ros/humble/lib:/usr/local/nvidia/lib:/usr/local/nvidia/lib64:/usr/share/gazebo/../../lib/x86_64-linux-gnu/gazebo-11/plugins PYTHONPATH=/home/derek/work/install/nav2_msgs/local/lib/python3.10/dist-packages:/home/derek/work/install/nav2_common/local/lib/python3.10/dist-packages:${PYTHONPATH} /usr/bin/cmake --install /home/derek/work/build/nav2_amcl
[38.220s] -- Install configuration: "Release"
[38.220s] -- Installing: /home/derek/work/install/nav2_amcl/lib/libamcl_core.so
[38.223s] -- Set runtime path of "/home/derek/work/install/nav2_amcl/lib/libamcl_core.so" to ""
[38.223s] -- Installing: /home/derek/work/install/nav2_amcl/lib/nav2_amcl/amcl
[38.224s] -- Set runtime path of "/home/derek/work/install/nav2_amcl/lib/nav2_amcl/amcl" to ""
[38.224s] -- Installing: /home/derek/work/install/nav2_amcl/include/
[38.224s] -- Installing: /home/derek/work/install/nav2_amcl/include//nav2_amcl
[38.224s] -- Installing: /home/derek/work/install/nav2_amcl/include//nav2_amcl/map
[38.224s] -- Installing: /home/derek/work/install/nav2_amcl/include//nav2_amcl/map/map.hpp
[38.224s] -- Installing: /home/derek/work/install/nav2_amcl/include//nav2_amcl/amcl_node.hpp
[38.224s] -- Installing: /home/derek/work/install/nav2_amcl/include//nav2_amcl/motion_model
[38.225s] -- Installing: /home/derek/work/install/nav2_amcl/include//nav2_amcl/motion_model/motion_model.hpp
[38.225s] -- Installing: /home/derek/work/install/nav2_amcl/include//nav2_amcl/motion_model/differential_motion_model.hpp
[38.225s] -- Installing: /home/derek/work/install/nav2_amcl/include//nav2_amcl/motion_model/omni_motion_model.hpp
[38.225s] -- Installing: /home/derek/work/install/nav2_amcl/include//nav2_amcl/portable_utils.hpp
[38.225s] -- Installing: /home/derek/work/install/nav2_amcl/include//nav2_amcl/pf
[38.225s] -- Installing: /home/derek/work/install/nav2_amcl/include//nav2_amcl/pf/pf_vector.hpp
[38.225s] -- Installing: /home/derek/work/install/nav2_amcl/include//nav2_amcl/pf/pf.hpp
[38.225s] -- Installing: /home/derek/work/install/nav2_amcl/include//nav2_amcl/pf/eig3.hpp
[38.226s] -- Installing: /home/derek/work/install/nav2_amcl/include//nav2_amcl/pf/pf_kdtree.hpp
[38.226s] -- Installing: /home/derek/work/install/nav2_amcl/include//nav2_amcl/pf/pf_pdf.hpp
[38.226s] -- Installing: /home/derek/work/install/nav2_amcl/include//nav2_amcl/angleutils.hpp
[38.226s] -- Installing: /home/derek/work/install/nav2_amcl/include//nav2_amcl/sensors
[38.226s] -- Installing: /home/derek/work/install/nav2_amcl/include//nav2_amcl/sensors/laser
[38.226s] -- Installing: /home/derek/work/install/nav2_amcl/include//nav2_amcl/sensors/laser/laser.hpp
[38.226s] -- Installing: /home/derek/work/install/nav2_amcl/share/nav2_amcl/environment/library_path.sh
[38.226s] -- Installing: /home/derek/work/install/nav2_amcl/share/nav2_amcl/environment/library_path.dsv
[38.226s] -- Installing: /home/derek/work/install/nav2_amcl/share/nav2_amcl/plugins.xml
[38.227s] -- Installing: /home/derek/work/install/nav2_amcl/share/ament_index/resource_index/package_run_dependencies/nav2_amcl
[38.227s] -- Installing: /home/derek/work/install/nav2_amcl/share/ament_index/resource_index/parent_prefix_path/nav2_amcl
[38.227s] -- Installing: /home/derek/work/install/nav2_amcl/share/nav2_amcl/environment/ament_prefix_path.sh
[38.227s] -- Installing: /home/derek/work/install/nav2_amcl/share/nav2_amcl/environment/ament_prefix_path.dsv
[38.227s] -- Installing: /home/derek/work/install/nav2_amcl/share/nav2_amcl/environment/path.sh
[38.227s] -- Installing: /home/derek/work/install/nav2_amcl/share/nav2_amcl/environment/path.dsv
[38.227s] -- Installing: /home/derek/work/install/nav2_amcl/share/nav2_amcl/local_setup.bash
[38.227s] -- Installing: /home/derek/work/install/nav2_amcl/share/nav2_amcl/local_setup.sh
[38.227s] -- Installing: /home/derek/work/install/nav2_amcl/share/nav2_amcl/local_setup.zsh
[38.227s] -- Installing: /home/derek/work/install/nav2_amcl/share/nav2_amcl/local_setup.dsv
[38.227s] -- Installing: /home/derek/work/install/nav2_amcl/share/nav2_amcl/package.dsv
[38.228s] -- Installing: /home/derek/work/install/nav2_amcl/share/ament_index/resource_index/packages/nav2_amcl
[38.228s] -- Installing: /home/derek/work/install/nav2_amcl/share/ament_index/resource_index/nav2_amcl__pluginlib__plugin/nav2_amcl
[38.228s] -- Installing: /home/derek/work/install/nav2_amcl/share/ament_index/resource_index/rclcpp_components/nav2_amcl
[38.228s] -- Installing: /home/derek/work/install/nav2_amcl/share/nav2_amcl/cmake/ament_cmake_export_include_directories-extras.cmake
[38.228s] -- Installing: /home/derek/work/install/nav2_amcl/share/nav2_amcl/cmake/ament_cmake_export_libraries-extras.cmake
[38.228s] -- Installing: /home/derek/work/install/nav2_amcl/share/nav2_amcl/cmake/ament_cmake_export_dependencies-extras.cmake
[38.228s] -- Installing: /home/derek/work/install/nav2_amcl/share/nav2_amcl/cmake/nav2_amclConfig.cmake
[38.228s] -- Installing: /home/derek/work/install/nav2_amcl/share/nav2_amcl/cmake/nav2_amclConfig-version.cmake
[38.228s] -- Installing: /home/derek/work/install/nav2_amcl/share/nav2_amcl/package.xml
[38.228s] -- Installing: /home/derek/work/install/nav2_amcl/lib/libpf_lib.so
[38.228s] -- Installing: /home/derek/work/install/nav2_amcl/lib/libmap_lib.so
[38.229s] -- Installing: /home/derek/work/install/nav2_amcl/lib/libmotions_lib.so
[38.229s] -- Set runtime path of "/home/derek/work/install/nav2_amcl/lib/libmotions_lib.so" to ""
[38.229s] -- Installing: /home/derek/work/install/nav2_amcl/lib/libsensors_lib.so
[38.229s] -- Set runtime path of "/home/derek/work/install/nav2_amcl/lib/libsensors_lib.so" to ""
[38.231s] Invoked command in '/home/derek/work/build/nav2_amcl' returned '0': AMENT_PREFIX_PATH=/home/derek/work/install/nav2_util:/home/derek/work/install/nav2_msgs:/home/derek/work/install/nav2_common:${AMENT_PREFIX_PATH} CMAKE_PREFIX_PATH=/home/derek/work/install/nav2_util:/home/derek/work/install/nav2_msgs:/home/derek/work/install/nav2_common:/opt/ros/humble LD_LIBRARY_PATH=/home/derek/work/install/nav2_util/lib:/home/derek/work/install/nav2_msgs/lib:/usr/lib/x86_64-linux-gnu/gazebo-11/plugins:/opt/ros/humble/opt/rviz_ogre_vendor/lib:/opt/ros/humble/lib/x86_64-linux-gnu:/opt/ros/humble/lib:/usr/local/nvidia/lib:/usr/local/nvidia/lib64:/usr/share/gazebo/../../lib/x86_64-linux-gnu/gazebo-11/plugins PYTHONPATH=/home/derek/work/install/nav2_msgs/local/lib/python3.10/dist-packages:/home/derek/work/install/nav2_common/local/lib/python3.10/dist-packages:${PYTHONPATH} /usr/bin/cmake --install /home/derek/work/build/nav2_amcl
