[0.258s] Invoking command in '/home/derek/work/build/nav2_mppi_controller': AMENT_PREFIX_PATH=/home/derek/work/install/nav2_core:/home/derek/work/install/nav2_costmap_2d:/home/derek/work/install/nav2_util:/home/derek/work/install/nav2_voxel_grid:/home/derek/work/install/nav2_msgs:/home/derek/work/install/nav2_common:${AMENT_PREFIX_PATH} CMAKE_PREFIX_PATH=/home/derek/work/install/nav2_core:/home/derek/work/install/nav2_costmap_2d:/home/derek/work/install/nav2_util:/home/derek/work/install/nav2_voxel_grid:/home/derek/work/install/nav2_msgs:/home/derek/work/install/nav2_common:/opt/ros/humble LD_LIBRARY_PATH=/home/derek/work/install/nav2_costmap_2d/lib:/home/derek/work/install/nav2_util/lib:/home/derek/work/install/nav2_voxel_grid/lib:/home/derek/work/install/nav2_msgs/lib:/usr/lib/x86_64-linux-gnu/gazebo-11/plugins:/opt/ros/humble/opt/rviz_ogre_vendor/lib:/opt/ros/humble/lib/x86_64-linux-gnu:/opt/ros/humble/lib:/usr/local/nvidia/lib:/usr/local/nvidia/lib64:/usr/share/gazebo/../../lib/x86_64-linux-gnu/gazebo-11/plugins PYTHONPATH=/home/derek/work/install/nav2_msgs/local/lib/python3.10/dist-packages:/home/derek/work/install/nav2_common/local/lib/python3.10/dist-packages:${PYTHONPATH} /usr/bin/cmake /home/derek/work/src/navigation2/nav2_mppi_controller -DCMAKE_INSTALL_PREFIX=/home/derek/work/install/nav2_mppi_controller
[0.314s] -- The C compiler identification is GNU 11.4.0
[0.374s] -- The CXX compiler identification is GNU 11.4.0
[0.383s] -- Detecting C compiler ABI info
[0.452s] -- Detecting C compiler ABI info - done
[0.463s] -- Check for working C compiler: /usr/bin/cc - skipped
[0.463s] -- Detecting C compile features
[0.464s] -- Detecting C compile features - done
[0.467s] -- Detecting CXX compiler ABI info
[0.553s] -- Detecting CXX compiler ABI info - done
[0.564s] -- Check for working CXX compiler: /usr/bin/c++ - skipped
[0.564s] -- Detecting CXX compile features
[0.564s] -- Detecting CXX compile features - done
[0.567s] -- Found ament_cmake: 1.3.7 (/opt/ros/humble/share/ament_cmake/cmake)
[1.289s] -- Found Python3: /usr/bin/python3.10 (found version "3.10.12") found components: Interpreter 
[1.410s] -- Performing Test arch_native_supported
[1.595s] -- Performing Test arch_native_supported - Success
[1.605s] -- Found rclcpp: 16.0.8 (/opt/ros/humble/share/rclcpp/cmake)
[1.660s] -- Found rosidl_generator_c: 3.1.5 (/opt/ros/humble/share/rosidl_generator_c/cmake)
[1.668s] -- Found rosidl_adapter: 3.1.5 (/opt/ros/humble/share/rosidl_adapter/cmake)
[1.680s] -- Found rosidl_generator_cpp: 3.1.5 (/opt/ros/humble/share/rosidl_generator_cpp/cmake)
[1.700s] -- Using all available rosidl_typesupport_c: rosidl_typesupport_fastrtps_c;rosidl_typesupport_introspection_c
[1.727s] -- Using all available rosidl_typesupport_cpp: rosidl_typesupport_fastrtps_cpp;rosidl_typesupport_introspection_cpp
[1.822s] -- Found rmw_implementation_cmake: 6.1.1 (/opt/ros/humble/share/rmw_implementation_cmake/cmake)
[1.826s] -- Found rmw_fastrtps_cpp: 6.2.6 (/opt/ros/humble/share/rmw_fastrtps_cpp/cmake)
[1.975s] -- Found OpenSSL: /usr/lib/x86_64-linux-gnu/libcrypto.so (found version "3.0.2")  
[2.034s] -- Found FastRTPS: /opt/ros/humble/include  
[2.109s] -- Using RMW implementation 'rmw_fastrtps_cpp' as default
[2.124s] -- Looking for pthread.h
[2.360s] -- Looking for pthread.h - found
[2.360s] -- Performing Test CMAKE_HAVE_LIBC_PTHREAD
[2.501s] -- Performing Test CMAKE_HAVE_LIBC_PTHREAD - Success
[2.503s] -- Found Threads: TRUE  
[2.727s] -- Found nav2_common: 1.1.13 (/home/derek/work/install/nav2_common/share/nav2_common/cmake)
[2.729s] -- Found pluginlib: 5.1.0 (/opt/ros/humble/share/pluginlib/cmake)
[2.770s] -- Found tf2: 0.25.5 (/opt/ros/humble/share/tf2/cmake)
[2.848s] -- Found visualization_msgs: 4.2.3 (/opt/ros/humble/share/visualization_msgs/cmake)
[3.152s] -- Found nav_msgs: 4.2.3 (/opt/ros/humble/share/nav_msgs/cmake)
[3.268s] -- Found nav2_core: 1.1.13 (/home/derek/work/install/nav2_core/share/nav2_core/cmake)
[4.294s] -- Found Eigen3: TRUE (found version "3.4.0") 
[4.294s] -- Ensuring Eigen3 include directory is part of orocos-kdl CMake target
[6.535s] -- Found tf2_eigen: 0.25.5 (/opt/ros/humble/share/tf2_eigen/cmake)
[6.541s] -- Setting build type to Release as none was specified.
[6.541s] -- Performing Test COMPILER_SUPPORTS_AVX512
[6.615s] -- Performing Test COMPILER_SUPPORTS_AVX512 - Success
[6.616s] -- Performing Test COMPILER_SUPPORTS_SSE4
[6.690s] -- Performing Test COMPILER_SUPPORTS_SSE4 - Success
[6.691s] -- Performing Test COMPILER_SUPPORTS_AVX2
[6.767s] -- Performing Test COMPILER_SUPPORTS_AVX2 - Success
[6.768s] -- Performing Test COMPILER_SUPPORTS_FMA
[6.845s] -- Performing Test COMPILER_SUPPORTS_FMA - Success
[20.570s] -- Found ament_lint_auto: 0.12.10 (/opt/ros/humble/share/ament_lint_auto/cmake)
[20.572s] -- Found ament_cmake_gtest: 1.3.7 (/opt/ros/humble/share/ament_cmake_gtest/cmake)
[20.820s] -- Found gtest sources under '/opt/ros/humble/src/gtest_vendor': C++ tests using 'Google Test' will be built
[92.228s] -- Added test 'cppcheck' to perform static code analysis on C / C++ code
[92.229s] -- Configured cppcheck include dirs: /home/derek/work/src/navigation2/nav2_mppi_controller/include
[92.229s] -- Configured cppcheck exclude dirs and/or files: 
[92.234s] -- Added test 'cpplint' to check C / C++ code against the Google style
[92.234s] -- Configured cpplint exclude dirs and/or files: 
[92.236s] -- Added test 'lint_cmake' to check CMake code style
[92.241s] -- Added test 'uncrustify' to check C / C++ code style
[92.241s] -- Configured uncrustify additional arguments: 
[92.242s] -- Added test 'xmllint' to check XML markup files
[92.246s] -- Configuring done
[93.441s] -- Generating done
[93.446s] -- Build files have been written to: /home/derek/work/build/nav2_mppi_controller
[93.477s] Invoked command in '/home/derek/work/build/nav2_mppi_controller' returned '0': AMENT_PREFIX_PATH=/home/derek/work/install/nav2_core:/home/derek/work/install/nav2_costmap_2d:/home/derek/work/install/nav2_util:/home/derek/work/install/nav2_voxel_grid:/home/derek/work/install/nav2_msgs:/home/derek/work/install/nav2_common:${AMENT_PREFIX_PATH} CMAKE_PREFIX_PATH=/home/derek/work/install/nav2_core:/home/derek/work/install/nav2_costmap_2d:/home/derek/work/install/nav2_util:/home/derek/work/install/nav2_voxel_grid:/home/derek/work/install/nav2_msgs:/home/derek/work/install/nav2_common:/opt/ros/humble LD_LIBRARY_PATH=/home/derek/work/install/nav2_costmap_2d/lib:/home/derek/work/install/nav2_util/lib:/home/derek/work/install/nav2_voxel_grid/lib:/home/derek/work/install/nav2_msgs/lib:/usr/lib/x86_64-linux-gnu/gazebo-11/plugins:/opt/ros/humble/opt/rviz_ogre_vendor/lib:/opt/ros/humble/lib/x86_64-linux-gnu:/opt/ros/humble/lib:/usr/local/nvidia/lib:/usr/local/nvidia/lib64:/usr/share/gazebo/../../lib/x86_64-linux-gnu/gazebo-11/plugins PYTHONPATH=/home/derek/work/install/nav2_msgs/local/lib/python3.10/dist-packages:/home/derek/work/install/nav2_common/local/lib/python3.10/dist-packages:${PYTHONPATH} /usr/bin/cmake /home/derek/work/src/navigation2/nav2_mppi_controller -DCMAKE_INSTALL_PREFIX=/home/derek/work/install/nav2_mppi_controller
[93.499s] Invoking command in '/home/derek/work/build/nav2_mppi_controller': AMENT_PREFIX_PATH=/home/derek/work/install/nav2_core:/home/derek/work/install/nav2_costmap_2d:/home/derek/work/install/nav2_util:/home/derek/work/install/nav2_voxel_grid:/home/derek/work/install/nav2_msgs:/home/derek/work/install/nav2_common:${AMENT_PREFIX_PATH} CMAKE_PREFIX_PATH=/home/derek/work/install/nav2_core:/home/derek/work/install/nav2_costmap_2d:/home/derek/work/install/nav2_util:/home/derek/work/install/nav2_voxel_grid:/home/derek/work/install/nav2_msgs:/home/derek/work/install/nav2_common:/opt/ros/humble LD_LIBRARY_PATH=/home/derek/work/install/nav2_costmap_2d/lib:/home/derek/work/install/nav2_util/lib:/home/derek/work/install/nav2_voxel_grid/lib:/home/derek/work/install/nav2_msgs/lib:/usr/lib/x86_64-linux-gnu/gazebo-11/plugins:/opt/ros/humble/opt/rviz_ogre_vendor/lib:/opt/ros/humble/lib/x86_64-linux-gnu:/opt/ros/humble/lib:/usr/local/nvidia/lib:/usr/local/nvidia/lib64:/usr/share/gazebo/../../lib/x86_64-linux-gnu/gazebo-11/plugins PYTHONPATH=/home/derek/work/install/nav2_msgs/local/lib/python3.10/dist-packages:/home/derek/work/install/nav2_common/local/lib/python3.10/dist-packages:${PYTHONPATH} /usr/bin/cmake --build /home/derek/work/build/nav2_mppi_controller -- -j16 -l16
[93.731s] [  2%] [32mBuilding CXX object CMakeFiles/mppi_critics.dir/src/critics/obstacles_critic.cpp.o[0m
[93.740s] [  4%] [32mBuilding CXX object CMakeFiles/mppi_critics.dir/src/critics/goal_critic.cpp.o[0m
[93.767s] [  6%] [32mBuilding CXX object CMakeFiles/mppi_controller.dir/src/controller.cpp.o[0m
[93.784s] [  8%] [32mBuilding CXX object CMakeFiles/mppi_controller.dir/src/optimizer.cpp.o[0m
[95.855s] [ 10%] [32mBuilding CXX object CMakeFiles/mppi_controller.dir/src/trajectory_visualizer.cpp.o[0m
[97.928s] [ 12%] [32mBuilding CXX object CMakeFiles/mppi_controller.dir/src/critic_manager.cpp.o[0m
[110.209s] [ 14%] [32mBuilding CXX object CMakeFiles/mppi_critics.dir/src/critics/constraint_critic.cpp.o[0m
[118.312s] [ 17%] [32mBuilding CXX object CMakeFiles/mppi_controller.dir/src/noise_generator.cpp.o[0m
[118.312s] [ 19%] [32mBuilding CXX object CMakeFiles/mppi_controller.dir/src/parameters_handler.cpp.o[0m
[118.315s] [ 21%] [32mBuilding CXX object CMakeFiles/mppi_controller.dir/src/path_handler.cpp.o[0m
[122.594s] [ 23%] [32mBuilding CXX object CMakeFiles/mppi_critics.dir/src/critics/twirling_critic.cpp.o[0m
[122.606s] [ 25%] [32mBuilding CXX object CMakeFiles/mppi_critics.dir/src/critics/prefer_forward_critic.cpp.o[0m
[122.632s] [ 27%] [32mBuilding CXX object CMakeFiles/mppi_critics.dir/src/critics/path_angle_critic.cpp.o[0m
[130.043s] [ 29%] [32m[1mLinking CXX shared library libmppi_controller.so[0m
[130.421s] [ 29%] Built target mppi_controller
[130.442s] [ 31%] [32mBuilding CXX object gtest/CMakeFiles/gtest_main.dir/src/gtest_main.cc.o[0m
[131.445s] [ 34%] [32m[1mLinking CXX static library libgtest_main.a[0m
[131.482s] [ 34%] Built target gtest_main
[131.506s] [ 36%] [32mBuilding CXX object gtest/CMakeFiles/gtest.dir/src/gtest-all.cc.o[0m
[133.886s] [ 38%] [32mBuilding CXX object CMakeFiles/mppi_critics.dir/src/critics/path_align_legacy_critic.cpp.o[0m
[133.887s] [ 40%] [32mBuilding CXX object CMakeFiles/mppi_critics.dir/src/critics/path_follow_critic.cpp.o[0m
[134.654s] [ 44%] [32mBuilding CXX object CMakeFiles/mppi_critics.dir/src/critics/path_align_critic.cpp.o[0m
[134.655s] [ 44%] [32mBuilding CXX object CMakeFiles/mppi_critics.dir/src/critics/goal_angle_critic.cpp.o[0m
[140.882s] [ 46%] [32m[1mLinking CXX static library libgtest.a[0m
[140.928s] [ 46%] Built target gtest
[140.966s] [ 48%] [32mBuilding CXX object test/CMakeFiles/optimizer_smoke_test.dir/optimizer_smoke_test.cpp.o[0m
[141.007s] [ 51%] [32mBuilding CXX object test/CMakeFiles/controller_state_transition_test.dir/controller_state_transition_test.cpp.o[0m
[148.282s] [ 53%] [32m[1mLinking CXX shared library libmppi_critics.so[0m
[148.681s] [ 53%] Built target mppi_critics
[148.707s] [ 57%] [32mBuilding CXX object test/CMakeFiles/optimizer_unit_tests.dir/optimizer_unit_tests.cpp.o[0m
[148.708s] [ 57%] [32mBuilding CXX object test/CMakeFiles/critic_manager_test.dir/critic_manager_test.cpp.o[0m
[148.708s] [ 59%] [32mBuilding CXX object test/CMakeFiles/path_handler_test.dir/path_handler_test.cpp.o[0m
[157.835s] [ 61%] [32m[1mLinking CXX executable controller_state_transition_test[0m
[158.213s] [ 61%] Built target controller_state_transition_test
[158.238s] [ 65%] [32mBuilding CXX object test/CMakeFiles/motion_model_tests.dir/motion_model_tests.cpp.o[0m
[158.238s] [ 65%] [32mBuilding CXX object test/CMakeFiles/critics_tests.dir/critics_tests.cpp.o[0m
[158.239s] [ 68%] [32mBuilding CXX object test/CMakeFiles/parameter_handler_test.dir/parameter_handler_test.cpp.o[0m
[158.239s] [ 72%] [32mBuilding CXX object test/CMakeFiles/utils_test.dir/utils_test.cpp.o[0m
[158.239s] [ 72%] [32mBuilding CXX object test/CMakeFiles/trajectory_visualizer_tests.dir/trajectory_visualizer_tests.cpp.o[0m
[158.839s] [ 74%] [32m[1mLinking CXX executable path_handler_test[0m
[159.379s] [ 74%] Built target path_handler_test
[159.404s] [ 76%] [32mBuilding CXX object test/CMakeFiles/noise_generator_test.dir/noise_generator_test.cpp.o[0m
[159.405s] [ 78%] [32mBuilding CXX object test/CMakeFiles/models_test.dir/models_test.cpp.o[0m
[159.564s] [ 80%] [32m[1mLinking CXX executable optimizer_smoke_test[0m
[160.034s] [ 80%] Built target optimizer_smoke_test
[163.340s] [ 82%] [32m[1mLinking CXX executable critic_manager_test[0m
[163.875s] [ 82%] Built target critic_manager_test
[164.858s] [ 85%] [32m[1mLinking CXX executable parameter_handler_test[0m
[165.156s] [ 85%] Built target parameter_handler_test
[165.507s] [ 87%] [32m[1mLinking CXX executable models_test[0m
[165.767s] [ 87%] Built target models_test
[166.046s] [ 89%] [32m[1mLinking CXX executable noise_generator_test[0m
[166.348s] [ 89%] Built target noise_generator_test
[167.287s] [ 91%] [32m[1mLinking CXX executable motion_model_tests[0m
[167.393s] [ 93%] [32m[1mLinking CXX executable optimizer_unit_tests[0m
[167.573s] [ 93%] Built target motion_model_tests
[167.744s] [ 93%] Built target optimizer_unit_tests
[170.110s] [ 95%] [32m[1mLinking CXX executable utils_test[0m
[170.430s] [ 95%] Built target utils_test
[173.799s] [ 97%] [32m[1mLinking CXX executable critics_tests[0m
[174.129s] [ 97%] Built target critics_tests
[175.953s] [100%] [32m[1mLinking CXX executable trajectory_visualizer_tests[0m
[176.260s] [100%] Built target trajectory_visualizer_tests
[176.268s] Invoked command in '/home/derek/work/build/nav2_mppi_controller' returned '0': AMENT_PREFIX_PATH=/home/derek/work/install/nav2_core:/home/derek/work/install/nav2_costmap_2d:/home/derek/work/install/nav2_util:/home/derek/work/install/nav2_voxel_grid:/home/derek/work/install/nav2_msgs:/home/derek/work/install/nav2_common:${AMENT_PREFIX_PATH} CMAKE_PREFIX_PATH=/home/derek/work/install/nav2_core:/home/derek/work/install/nav2_costmap_2d:/home/derek/work/install/nav2_util:/home/derek/work/install/nav2_voxel_grid:/home/derek/work/install/nav2_msgs:/home/derek/work/install/nav2_common:/opt/ros/humble LD_LIBRARY_PATH=/home/derek/work/install/nav2_costmap_2d/lib:/home/derek/work/install/nav2_util/lib:/home/derek/work/install/nav2_voxel_grid/lib:/home/derek/work/install/nav2_msgs/lib:/usr/lib/x86_64-linux-gnu/gazebo-11/plugins:/opt/ros/humble/opt/rviz_ogre_vendor/lib:/opt/ros/humble/lib/x86_64-linux-gnu:/opt/ros/humble/lib:/usr/local/nvidia/lib:/usr/local/nvidia/lib64:/usr/share/gazebo/../../lib/x86_64-linux-gnu/gazebo-11/plugins PYTHONPATH=/home/derek/work/install/nav2_msgs/local/lib/python3.10/dist-packages:/home/derek/work/install/nav2_common/local/lib/python3.10/dist-packages:${PYTHONPATH} /usr/bin/cmake --build /home/derek/work/build/nav2_mppi_controller -- -j16 -l16
[176.335s] Invoking command in '/home/derek/work/build/nav2_mppi_controller': AMENT_PREFIX_PATH=/home/derek/work/install/nav2_core:/home/derek/work/install/nav2_costmap_2d:/home/derek/work/install/nav2_util:/home/derek/work/install/nav2_voxel_grid:/home/derek/work/install/nav2_msgs:/home/derek/work/install/nav2_common:${AMENT_PREFIX_PATH} CMAKE_PREFIX_PATH=/home/derek/work/install/nav2_core:/home/derek/work/install/nav2_costmap_2d:/home/derek/work/install/nav2_util:/home/derek/work/install/nav2_voxel_grid:/home/derek/work/install/nav2_msgs:/home/derek/work/install/nav2_common:/opt/ros/humble LD_LIBRARY_PATH=/home/derek/work/install/nav2_costmap_2d/lib:/home/derek/work/install/nav2_util/lib:/home/derek/work/install/nav2_voxel_grid/lib:/home/derek/work/install/nav2_msgs/lib:/usr/lib/x86_64-linux-gnu/gazebo-11/plugins:/opt/ros/humble/opt/rviz_ogre_vendor/lib:/opt/ros/humble/lib/x86_64-linux-gnu:/opt/ros/humble/lib:/usr/local/nvidia/lib:/usr/local/nvidia/lib64:/usr/share/gazebo/../../lib/x86_64-linux-gnu/gazebo-11/plugins PYTHONPATH=/home/derek/work/install/nav2_msgs/local/lib/python3.10/dist-packages:/home/derek/work/install/nav2_common/local/lib/python3.10/dist-packages:${PYTHONPATH} /usr/bin/cmake --install /home/derek/work/build/nav2_mppi_controller
[176.343s] -- Install configuration: "Release"
[176.344s] -- Installing: /home/derek/work/install/nav2_mppi_controller/lib/libmppi_controller.so
[176.345s] -- Set runtime path of "/home/derek/work/install/nav2_mppi_controller/lib/libmppi_controller.so" to ""
[176.345s] -- Installing: /home/derek/work/install/nav2_mppi_controller/lib/libmppi_critics.so
[176.346s] -- Set runtime path of "/home/derek/work/install/nav2_mppi_controller/lib/libmppi_critics.so" to ""
[176.346s] -- Installing: /home/derek/work/install/nav2_mppi_controller/include/
[176.346s] -- Installing: /home/derek/work/install/nav2_mppi_controller/include//nav2_mppi_controller
[176.346s] -- Installing: /home/derek/work/install/nav2_mppi_controller/include//nav2_mppi_controller/critics
[176.347s] -- Installing: /home/derek/work/install/nav2_mppi_controller/include//nav2_mppi_controller/critics/obstacles_critic.hpp
[176.347s] -- Installing: /home/derek/work/install/nav2_mppi_controller/include//nav2_mppi_controller/critics/path_align_critic.hpp
[176.347s] -- Installing: /home/derek/work/install/nav2_mppi_controller/include//nav2_mppi_controller/critics/constraint_critic.hpp
[176.347s] -- Installing: /home/derek/work/install/nav2_mppi_controller/include//nav2_mppi_controller/critics/goal_critic.hpp
[176.347s] -- Installing: /home/derek/work/install/nav2_mppi_controller/include//nav2_mppi_controller/critics/path_align_legacy_critic.hpp
[176.347s] -- Installing: /home/derek/work/install/nav2_mppi_controller/include//nav2_mppi_controller/critics/goal_angle_critic.hpp
[176.347s] -- Installing: /home/derek/work/install/nav2_mppi_controller/include//nav2_mppi_controller/critics/path_angle_critic.hpp
[176.347s] -- Installing: /home/derek/work/install/nav2_mppi_controller/include//nav2_mppi_controller/critics/prefer_forward_critic.hpp
[176.347s] -- Installing: /home/derek/work/install/nav2_mppi_controller/include//nav2_mppi_controller/critics/twirling_critic.hpp
[176.347s] -- Installing: /home/derek/work/install/nav2_mppi_controller/include//nav2_mppi_controller/critics/path_follow_critic.hpp
[176.348s] -- Installing: /home/derek/work/install/nav2_mppi_controller/include//nav2_mppi_controller/tools
[176.348s] -- Installing: /home/derek/work/install/nav2_mppi_controller/include//nav2_mppi_controller/tools/trajectory_visualizer.hpp
[176.348s] -- Installing: /home/derek/work/install/nav2_mppi_controller/include//nav2_mppi_controller/tools/path_handler.hpp
[176.348s] -- Installing: /home/derek/work/install/nav2_mppi_controller/include//nav2_mppi_controller/tools/noise_generator.hpp
[176.348s] -- Installing: /home/derek/work/install/nav2_mppi_controller/include//nav2_mppi_controller/tools/utils.hpp
[176.348s] -- Installing: /home/derek/work/install/nav2_mppi_controller/include//nav2_mppi_controller/tools/parameters_handler.hpp
[176.348s] -- Installing: /home/derek/work/install/nav2_mppi_controller/include//nav2_mppi_controller/critic_function.hpp
[176.348s] -- Installing: /home/derek/work/install/nav2_mppi_controller/include//nav2_mppi_controller/controller.hpp
[176.348s] -- Installing: /home/derek/work/install/nav2_mppi_controller/include//nav2_mppi_controller/critic_data.hpp
[176.348s] -- Installing: /home/derek/work/install/nav2_mppi_controller/include//nav2_mppi_controller/models
[176.348s] -- Installing: /home/derek/work/install/nav2_mppi_controller/include//nav2_mppi_controller/models/optimizer_settings.hpp
[176.349s] -- Installing: /home/derek/work/install/nav2_mppi_controller/include//nav2_mppi_controller/models/constraints.hpp
[176.349s] -- Installing: /home/derek/work/install/nav2_mppi_controller/include//nav2_mppi_controller/models/state.hpp
[176.349s] -- Installing: /home/derek/work/install/nav2_mppi_controller/include//nav2_mppi_controller/models/control_sequence.hpp
[176.349s] -- Installing: /home/derek/work/install/nav2_mppi_controller/include//nav2_mppi_controller/models/trajectories.hpp
[176.349s] -- Installing: /home/derek/work/install/nav2_mppi_controller/include//nav2_mppi_controller/models/path.hpp
[176.349s] -- Installing: /home/derek/work/install/nav2_mppi_controller/include//nav2_mppi_controller/critic_manager.hpp
[176.349s] -- Installing: /home/derek/work/install/nav2_mppi_controller/include//nav2_mppi_controller/motion_models.hpp
[176.349s] -- Installing: /home/derek/work/install/nav2_mppi_controller/include//nav2_mppi_controller/optimizer.hpp
[176.350s] -- Installing: /home/derek/work/install/nav2_mppi_controller/share/nav2_mppi_controller/environment/library_path.sh
[176.350s] -- Installing: /home/derek/work/install/nav2_mppi_controller/share/nav2_mppi_controller/environment/library_path.dsv
[176.350s] -- Installing: /home/derek/work/install/nav2_mppi_controller/share/nav2_mppi_controller/mppic.xml
[176.350s] -- Installing: /home/derek/work/install/nav2_mppi_controller/share/nav2_mppi_controller/critics.xml
[176.350s] -- Installing: /home/derek/work/install/nav2_mppi_controller/share/ament_index/resource_index/package_run_dependencies/nav2_mppi_controller
[176.350s] -- Installing: /home/derek/work/install/nav2_mppi_controller/share/ament_index/resource_index/parent_prefix_path/nav2_mppi_controller
[176.350s] -- Installing: /home/derek/work/install/nav2_mppi_controller/share/nav2_mppi_controller/environment/ament_prefix_path.sh
[176.350s] -- Installing: /home/derek/work/install/nav2_mppi_controller/share/nav2_mppi_controller/environment/ament_prefix_path.dsv
[176.351s] -- Installing: /home/derek/work/install/nav2_mppi_controller/share/nav2_mppi_controller/environment/path.sh
[176.351s] -- Installing: /home/derek/work/install/nav2_mppi_controller/share/nav2_mppi_controller/environment/path.dsv
[176.351s] -- Installing: /home/derek/work/install/nav2_mppi_controller/share/nav2_mppi_controller/local_setup.bash
[176.351s] -- Installing: /home/derek/work/install/nav2_mppi_controller/share/nav2_mppi_controller/local_setup.sh
[176.351s] -- Installing: /home/derek/work/install/nav2_mppi_controller/share/nav2_mppi_controller/local_setup.zsh
[176.351s] -- Installing: /home/derek/work/install/nav2_mppi_controller/share/nav2_mppi_controller/local_setup.dsv
[176.351s] -- Installing: /home/derek/work/install/nav2_mppi_controller/share/nav2_mppi_controller/package.dsv
[176.351s] -- Installing: /home/derek/work/install/nav2_mppi_controller/share/ament_index/resource_index/packages/nav2_mppi_controller
[176.351s] -- Installing: /home/derek/work/install/nav2_mppi_controller/share/ament_index/resource_index/nav2_core__pluginlib__plugin/nav2_mppi_controller
[176.352s] -- Installing: /home/derek/work/install/nav2_mppi_controller/share/ament_index/resource_index/nav2_mppi_controller__pluginlib__plugin/nav2_mppi_controller
[176.352s] -- Installing: /home/derek/work/install/nav2_mppi_controller/share/nav2_mppi_controller/cmake/ament_cmake_export_libraries-extras.cmake
[176.352s] -- Installing: /home/derek/work/install/nav2_mppi_controller/share/nav2_mppi_controller/cmake/ament_cmake_export_dependencies-extras.cmake
[176.352s] -- Installing: /home/derek/work/install/nav2_mppi_controller/share/nav2_mppi_controller/cmake/ament_cmake_export_include_directories-extras.cmake
[176.352s] -- Installing: /home/derek/work/install/nav2_mppi_controller/share/nav2_mppi_controller/cmake/nav2_mppi_controllerConfig.cmake
[176.352s] -- Installing: /home/derek/work/install/nav2_mppi_controller/share/nav2_mppi_controller/cmake/nav2_mppi_controllerConfig-version.cmake
[176.352s] -- Installing: /home/derek/work/install/nav2_mppi_controller/share/nav2_mppi_controller/package.xml
[176.353s] Invoked command in '/home/derek/work/build/nav2_mppi_controller' returned '0': AMENT_PREFIX_PATH=/home/derek/work/install/nav2_core:/home/derek/work/install/nav2_costmap_2d:/home/derek/work/install/nav2_util:/home/derek/work/install/nav2_voxel_grid:/home/derek/work/install/nav2_msgs:/home/derek/work/install/nav2_common:${AMENT_PREFIX_PATH} CMAKE_PREFIX_PATH=/home/derek/work/install/nav2_core:/home/derek/work/install/nav2_costmap_2d:/home/derek/work/install/nav2_util:/home/derek/work/install/nav2_voxel_grid:/home/derek/work/install/nav2_msgs:/home/derek/work/install/nav2_common:/opt/ros/humble LD_LIBRARY_PATH=/home/derek/work/install/nav2_costmap_2d/lib:/home/derek/work/install/nav2_util/lib:/home/derek/work/install/nav2_voxel_grid/lib:/home/derek/work/install/nav2_msgs/lib:/usr/lib/x86_64-linux-gnu/gazebo-11/plugins:/opt/ros/humble/opt/rviz_ogre_vendor/lib:/opt/ros/humble/lib/x86_64-linux-gnu:/opt/ros/humble/lib:/usr/local/nvidia/lib:/usr/local/nvidia/lib64:/usr/share/gazebo/../../lib/x86_64-linux-gnu/gazebo-11/plugins PYTHONPATH=/home/derek/work/install/nav2_msgs/local/lib/python3.10/dist-packages:/home/derek/work/install/nav2_common/local/lib/python3.10/dist-packages:${PYTHONPATH} /usr/bin/cmake --install /home/derek/work/build/nav2_mppi_controller
