[0.306s] Invoking command in '/home/derek/work/build/turtlebot3_node': CMAKE_PREFIX_PATH=/opt/ros/humble /usr/bin/cmake --build /home/derek/work/build/turtlebot3_node -- -j16 -l16
[2.410s] [35m[1mConsolidate compiler generated dependencies of target turtlebot3_node_lib[0m
[2.410s] [ 85%] Built target turtlebot3_node_lib
[2.412s] [35m[1mConsolidate compiler generated dependencies of target turtlebot3_ros[0m
[2.412s] [100%] Built target turtlebot3_ros
[2.415s] Invoked command in '/home/derek/work/build/turtlebot3_node' returned '0': CMAKE_PREFIX_PATH=/opt/ros/humble /usr/bin/cmake --build /home/derek/work/build/turtlebot3_node -- -j16 -l16
[2.566s] Invoking command in '/home/derek/work/build/turtlebot3_node': CMAKE_PREFIX_PATH=/opt/ros/humble /usr/bin/cmake --install /home/derek/work/build/turtlebot3_node
[2.609s] -- Install configuration: ""
[2.610s] -- Up-to-date: /home/derek/work/install/turtlebot3_node/share/turtlebot3_node/param
[2.610s] -- Up-to-date: /home/derek/work/install/turtlebot3_node/share/turtlebot3_node/param/waffle_pi.yaml
[2.610s] -- Up-to-date: /home/derek/work/install/turtlebot3_node/share/turtlebot3_node/param/waffle.yaml
[2.610s] -- Up-to-date: /home/derek/work/install/turtlebot3_node/share/turtlebot3_node/param/burger.yaml
[2.610s] -- Up-to-date: /home/derek/work/install/turtlebot3_node/lib/turtlebot3_node/turtlebot3_ros
[2.610s] -- Up-to-date: /home/derek/work/install/turtlebot3_node/share/ament_index/resource_index/package_run_dependencies/turtlebot3_node
[2.610s] -- Up-to-date: /home/derek/work/install/turtlebot3_node/share/ament_index/resource_index/parent_prefix_path/turtlebot3_node
[2.610s] -- Up-to-date: /home/derek/work/install/turtlebot3_node/share/turtlebot3_node/environment/ament_prefix_path.sh
[2.610s] -- Up-to-date: /home/derek/work/install/turtlebot3_node/share/turtlebot3_node/environment/ament_prefix_path.dsv
[2.610s] -- Up-to-date: /home/derek/work/install/turtlebot3_node/share/turtlebot3_node/environment/path.sh
[2.611s] -- Up-to-date: /home/derek/work/install/turtlebot3_node/share/turtlebot3_node/environment/path.dsv
[2.611s] -- Up-to-date: /home/derek/work/install/turtlebot3_node/share/turtlebot3_node/local_setup.bash
[2.611s] -- Up-to-date: /home/derek/work/install/turtlebot3_node/share/turtlebot3_node/local_setup.sh
[2.611s] -- Up-to-date: /home/derek/work/install/turtlebot3_node/share/turtlebot3_node/local_setup.zsh
[2.612s] -- Up-to-date: /home/derek/work/install/turtlebot3_node/share/turtlebot3_node/local_setup.dsv
[2.612s] -- Installing: /home/derek/work/install/turtlebot3_node/share/turtlebot3_node/package.dsv
[2.612s] -- Up-to-date: /home/derek/work/install/turtlebot3_node/share/ament_index/resource_index/packages/turtlebot3_node
[2.612s] -- Up-to-date: /home/derek/work/install/turtlebot3_node/share/turtlebot3_node/cmake/ament_cmake_export_include_directories-extras.cmake
[2.612s] -- Up-to-date: /home/derek/work/install/turtlebot3_node/share/turtlebot3_node/cmake/turtlebot3_nodeConfig.cmake
[2.612s] -- Up-to-date: /home/derek/work/install/turtlebot3_node/share/turtlebot3_node/cmake/turtlebot3_nodeConfig-version.cmake
[2.612s] -- Up-to-date: /home/derek/work/install/turtlebot3_node/share/turtlebot3_node/package.xml
[2.668s] Invoked command in '/home/derek/work/build/turtlebot3_node' returned '0': CMAKE_PREFIX_PATH=/opt/ros/humble /usr/bin/cmake --install /home/derek/work/build/turtlebot3_node
