[0.080s] Invoking command in '/home/derek/work/build/nav2_waypoint_follower': AMENT_PREFIX_PATH=/home/derek/work/install/nav2_core:/home/derek/work/install/nav2_costmap_2d:/home/derek/work/install/nav2_util:/home/derek/work/install/nav2_voxel_grid:/home/derek/work/install/nav2_msgs:/home/derek/work/install/nav2_common:${AMENT_PREFIX_PATH} CMAKE_PREFIX_PATH=/home/derek/work/install/nav2_core:/home/derek/work/install/nav2_costmap_2d:/home/derek/work/install/nav2_util:/home/derek/work/install/nav2_voxel_grid:/home/derek/work/install/nav2_msgs:/home/derek/work/install/nav2_common:/opt/ros/humble LD_LIBRARY_PATH=/home/derek/work/install/nav2_costmap_2d/lib:/home/derek/work/install/nav2_util/lib:/home/derek/work/install/nav2_voxel_grid/lib:/home/derek/work/install/nav2_msgs/lib:/usr/lib/x86_64-linux-gnu/gazebo-11/plugins:/opt/ros/humble/opt/rviz_ogre_vendor/lib:/opt/ros/humble/lib/x86_64-linux-gnu:/opt/ros/humble/lib:/usr/local/nvidia/lib:/usr/local/nvidia/lib64:/usr/share/gazebo/../../lib/x86_64-linux-gnu/gazebo-11/plugins PYTHONPATH=/home/derek/work/install/nav2_msgs/local/lib/python3.10/dist-packages:/home/derek/work/install/nav2_common/local/lib/python3.10/dist-packages:${PYTHONPATH} /usr/bin/cmake /home/derek/work/src/navigation2/nav2_waypoint_follower -DCMAKE_INSTALL_PREFIX=/home/derek/work/install/nav2_waypoint_follower
[19.098s] -- The C compiler identification is GNU 11.4.0
[19.099s] -- The CXX compiler identification is GNU 11.4.0
[19.099s] -- Detecting C compiler ABI info
[19.099s] -- Detecting C compiler ABI info - done
[19.099s] -- Check for working C compiler: /usr/bin/cc - skipped
[19.099s] -- Detecting C compile features
[19.099s] -- Detecting C compile features - done
[19.099s] -- Detecting CXX compiler ABI info
[19.099s] -- Detecting CXX compiler ABI info - done
[19.099s] -- Check for working CXX compiler: /usr/bin/c++ - skipped
[19.099s] -- Detecting CXX compile features
[19.099s] -- Detecting CXX compile features - done
[19.099s] -- Found OpenCV version 4.5.4
[19.100s] -- Found image_transport: 3.1.8 (/opt/ros/humble/share/image_transport/cmake)
[19.100s] -- Found Python3: /usr/bin/python3.10 (found version "3.10.12") found components: Interpreter 
[19.100s] -- Found rosidl_generator_c: 3.1.5 (/opt/ros/humble/share/rosidl_generator_c/cmake)
[19.100s] -- Found rosidl_adapter: 3.1.5 (/opt/ros/humble/share/rosidl_adapter/cmake)
[19.100s] -- Found rosidl_generator_cpp: 3.1.5 (/opt/ros/humble/share/rosidl_generator_cpp/cmake)
[19.100s] -- Using all available rosidl_typesupport_c: rosidl_typesupport_fastrtps_c;rosidl_typesupport_introspection_c
[19.100s] -- Using all available rosidl_typesupport_cpp: rosidl_typesupport_fastrtps_cpp;rosidl_typesupport_introspection_cpp
[19.100s] -- Found rmw_implementation_cmake: 6.1.1 (/opt/ros/humble/share/rmw_implementation_cmake/cmake)
[19.100s] -- Found rmw_fastrtps_cpp: 6.2.6 (/opt/ros/humble/share/rmw_fastrtps_cpp/cmake)
[19.100s] -- Found OpenSSL: /usr/lib/x86_64-linux-gnu/libcrypto.so (found version "3.0.2")  
[19.100s] -- Found FastRTPS: /opt/ros/humble/include  
[19.100s] -- Using RMW implementation 'rmw_fastrtps_cpp' as default
[19.100s] -- Looking for pthread.h
[19.100s] -- Looking for pthread.h - found
[19.101s] -- Performing Test CMAKE_HAVE_LIBC_PTHREAD
[19.101s] -- Performing Test CMAKE_HAVE_LIBC_PTHREAD - Success
[19.101s] -- Found Threads: TRUE  
[19.101s] -- Found cv_bridge: 3.2.1 (/opt/ros/humble/share/cv_bridge/cmake)
[19.101s] -- Found nav2_common: 1.1.13 (/home/derek/work/install/nav2_common/share/nav2_common/cmake)
[19.101s] -- Found rclcpp_action: 16.0.8 (/opt/ros/humble/share/rclcpp_action/cmake)
[19.101s] -- Found rclcpp_lifecycle: 16.0.8 (/opt/ros/humble/share/rclcpp_lifecycle/cmake)
[19.101s] -- Found rclcpp_components: 16.0.8 (/opt/ros/humble/share/rclcpp_components/cmake)
[19.101s] -- Found nav_msgs: 4.2.3 (/opt/ros/humble/share/nav_msgs/cmake)
[19.101s] -- Found nav2_msgs: 1.1.13 (/home/derek/work/install/nav2_msgs/share/nav2_msgs/cmake)
[19.101s] -- Found nav2_util: 1.1.13 (/home/derek/work/install/nav2_util/share/nav2_util/cmake)
[19.101s] -- Found eigen3_cmake_module: 0.1.1 (/opt/ros/humble/share/eigen3_cmake_module/cmake)
[19.101s] -- Found Eigen3: TRUE (found version "3.4.0") 
[19.101s] -- Ensuring Eigen3 include directory is part of orocos-kdl CMake target
[19.102s] -- Found nav2_core: 1.1.13 (/home/derek/work/install/nav2_core/share/nav2_core/cmake)
[19.102s] -- Setting build type to Release as none was specified.
[22.549s] -- Found ament_lint_auto: 0.12.10 (/opt/ros/humble/share/ament_lint_auto/cmake)
[22.560s] -- Found ament_cmake_gtest: 1.3.7 (/opt/ros/humble/share/ament_cmake_gtest/cmake)
[22.776s] -- Found gtest sources under '/opt/ros/humble/src/gtest_vendor': C++ tests using 'Google Test' will be built
[31.735s] -- Added test 'copyright' to check source files copyright and LICENSE
[31.737s] -- Added test 'cppcheck' to perform static code analysis on C / C++ code
[31.739s] -- Configured cppcheck include dirs: /home/derek/work/src/navigation2/nav2_waypoint_follower/include
[31.740s] -- Configured cppcheck exclude dirs and/or files: 
[31.741s] -- Added test 'cpplint' to check C / C++ code against the Google style
[31.742s] -- Configured cpplint exclude dirs and/or files: 
[31.743s] -- Added test 'lint_cmake' to check CMake code style
[31.745s] -- Added test 'uncrustify' to check C / C++ code style
[31.745s] -- Configured uncrustify additional arguments: 
[31.746s] -- Added test 'xmllint' to check XML markup files
[31.750s] -- Configuring done
[32.276s] -- Generating done
[32.280s] -- Build files have been written to: /home/derek/work/build/nav2_waypoint_follower
[32.317s] Invoked command in '/home/derek/work/build/nav2_waypoint_follower' returned '0': AMENT_PREFIX_PATH=/home/derek/work/install/nav2_core:/home/derek/work/install/nav2_costmap_2d:/home/derek/work/install/nav2_util:/home/derek/work/install/nav2_voxel_grid:/home/derek/work/install/nav2_msgs:/home/derek/work/install/nav2_common:${AMENT_PREFIX_PATH} CMAKE_PREFIX_PATH=/home/derek/work/install/nav2_core:/home/derek/work/install/nav2_costmap_2d:/home/derek/work/install/nav2_util:/home/derek/work/install/nav2_voxel_grid:/home/derek/work/install/nav2_msgs:/home/derek/work/install/nav2_common:/opt/ros/humble LD_LIBRARY_PATH=/home/derek/work/install/nav2_costmap_2d/lib:/home/derek/work/install/nav2_util/lib:/home/derek/work/install/nav2_voxel_grid/lib:/home/derek/work/install/nav2_msgs/lib:/usr/lib/x86_64-linux-gnu/gazebo-11/plugins:/opt/ros/humble/opt/rviz_ogre_vendor/lib:/opt/ros/humble/lib/x86_64-linux-gnu:/opt/ros/humble/lib:/usr/local/nvidia/lib:/usr/local/nvidia/lib64:/usr/share/gazebo/../../lib/x86_64-linux-gnu/gazebo-11/plugins PYTHONPATH=/home/derek/work/install/nav2_msgs/local/lib/python3.10/dist-packages:/home/derek/work/install/nav2_common/local/lib/python3.10/dist-packages:${PYTHONPATH} /usr/bin/cmake /home/derek/work/src/navigation2/nav2_waypoint_follower -DCMAKE_INSTALL_PREFIX=/home/derek/work/install/nav2_waypoint_follower
[32.318s] Invoking command in '/home/derek/work/build/nav2_waypoint_follower': AMENT_PREFIX_PATH=/home/derek/work/install/nav2_core:/home/derek/work/install/nav2_costmap_2d:/home/derek/work/install/nav2_util:/home/derek/work/install/nav2_voxel_grid:/home/derek/work/install/nav2_msgs:/home/derek/work/install/nav2_common:${AMENT_PREFIX_PATH} CMAKE_PREFIX_PATH=/home/derek/work/install/nav2_core:/home/derek/work/install/nav2_costmap_2d:/home/derek/work/install/nav2_util:/home/derek/work/install/nav2_voxel_grid:/home/derek/work/install/nav2_msgs:/home/derek/work/install/nav2_common:/opt/ros/humble LD_LIBRARY_PATH=/home/derek/work/install/nav2_costmap_2d/lib:/home/derek/work/install/nav2_util/lib:/home/derek/work/install/nav2_voxel_grid/lib:/home/derek/work/install/nav2_msgs/lib:/usr/lib/x86_64-linux-gnu/gazebo-11/plugins:/opt/ros/humble/opt/rviz_ogre_vendor/lib:/opt/ros/humble/lib/x86_64-linux-gnu:/opt/ros/humble/lib:/usr/local/nvidia/lib:/usr/local/nvidia/lib64:/usr/share/gazebo/../../lib/x86_64-linux-gnu/gazebo-11/plugins PYTHONPATH=/home/derek/work/install/nav2_msgs/local/lib/python3.10/dist-packages:/home/derek/work/install/nav2_common/local/lib/python3.10/dist-packages:${PYTHONPATH} /usr/bin/cmake --build /home/derek/work/build/nav2_waypoint_follower -- -j16 -l16
[50.098s] [  5%] [32mBuilding CXX object CMakeFiles/waypoint_follower_core.dir/src/waypoint_follower.cpp.o[0m
[50.098s] [ 11%] [32m[1mLinking CXX shared library libwaypoint_follower_core.so[0m
[50.098s] [ 11%] Built target waypoint_follower_core
[50.099s] [ 16%] [32mBuilding CXX object gtest/CMakeFiles/gtest.dir/src/gtest-all.cc.o[0m
[56.193s] [ 22%] [32m[1mLinking CXX static library libgtest.a[0m
[56.233s] [ 22%] Built target gtest
[56.258s] [ 27%] [32mBuilding CXX object CMakeFiles/waypoint_follower.dir/src/main.cpp.o[0m
[60.753s] [ 33%] [32m[1mLinking CXX executable waypoint_follower[0m
[61.141s] [ 33%] Built target waypoint_follower
[61.161s] [ 38%] [32mBuilding CXX object gtest/CMakeFiles/gtest_main.dir/src/gtest_main.cc.o[0m
[62.207s] [ 44%] [32m[1mLinking CXX static library libgtest_main.a[0m
[62.242s] [ 44%] Built target gtest_main
[62.267s] [ 50%] [32mBuilding CXX object CMakeFiles/input_at_waypoint.dir/plugins/input_at_waypoint.cpp.o[0m
[75.058s] [ 55%] [32m[1mLinking CXX shared library libinput_at_waypoint.so[0m
[75.432s] [ 55%] Built target input_at_waypoint
[75.461s] [ 61%] [32mBuilding CXX object test/CMakeFiles/test_dynamic_parameters.dir/test_dynamic_parameters.cpp.o[0m
[81.211s] [ 66%] [32m[1mLinking CXX executable test_dynamic_parameters[0m
[81.682s] [ 66%] Built target test_dynamic_parameters
[81.705s] [ 72%] [32mBuilding CXX object CMakeFiles/photo_at_waypoint.dir/plugins/photo_at_waypoint.cpp.o[0m
[99.889s] [ 77%] [32m[1mLinking CXX shared library libphoto_at_waypoint.so[0m
[100.617s] [ 77%] Built target photo_at_waypoint
[100.746s] [ 83%] [32mBuilding CXX object CMakeFiles/wait_at_waypoint.dir/plugins/wait_at_waypoint.cpp.o[0m
[105.856s] [ 88%] [32m[1mLinking CXX shared library libwait_at_waypoint.so[0m
[106.161s] [ 88%] Built target wait_at_waypoint
[106.190s] [ 94%] [32mBuilding CXX object test/CMakeFiles/test_task_executors.dir/test_task_executors.cpp.o[0m
[116.032s] [100%] [32m[1mLinking CXX executable test_task_executors[0m
[116.801s] [100%] Built target test_task_executors
[116.813s] Invoked command in '/home/derek/work/build/nav2_waypoint_follower' returned '0': AMENT_PREFIX_PATH=/home/derek/work/install/nav2_core:/home/derek/work/install/nav2_costmap_2d:/home/derek/work/install/nav2_util:/home/derek/work/install/nav2_voxel_grid:/home/derek/work/install/nav2_msgs:/home/derek/work/install/nav2_common:${AMENT_PREFIX_PATH} CMAKE_PREFIX_PATH=/home/derek/work/install/nav2_core:/home/derek/work/install/nav2_costmap_2d:/home/derek/work/install/nav2_util:/home/derek/work/install/nav2_voxel_grid:/home/derek/work/install/nav2_msgs:/home/derek/work/install/nav2_common:/opt/ros/humble LD_LIBRARY_PATH=/home/derek/work/install/nav2_costmap_2d/lib:/home/derek/work/install/nav2_util/lib:/home/derek/work/install/nav2_voxel_grid/lib:/home/derek/work/install/nav2_msgs/lib:/usr/lib/x86_64-linux-gnu/gazebo-11/plugins:/opt/ros/humble/opt/rviz_ogre_vendor/lib:/opt/ros/humble/lib/x86_64-linux-gnu:/opt/ros/humble/lib:/usr/local/nvidia/lib:/usr/local/nvidia/lib64:/usr/share/gazebo/../../lib/x86_64-linux-gnu/gazebo-11/plugins PYTHONPATH=/home/derek/work/install/nav2_msgs/local/lib/python3.10/dist-packages:/home/derek/work/install/nav2_common/local/lib/python3.10/dist-packages:${PYTHONPATH} /usr/bin/cmake --build /home/derek/work/build/nav2_waypoint_follower -- -j16 -l16
[116.858s] Invoking command in '/home/derek/work/build/nav2_waypoint_follower': AMENT_PREFIX_PATH=/home/derek/work/install/nav2_core:/home/derek/work/install/nav2_costmap_2d:/home/derek/work/install/nav2_util:/home/derek/work/install/nav2_voxel_grid:/home/derek/work/install/nav2_msgs:/home/derek/work/install/nav2_common:${AMENT_PREFIX_PATH} CMAKE_PREFIX_PATH=/home/derek/work/install/nav2_core:/home/derek/work/install/nav2_costmap_2d:/home/derek/work/install/nav2_util:/home/derek/work/install/nav2_voxel_grid:/home/derek/work/install/nav2_msgs:/home/derek/work/install/nav2_common:/opt/ros/humble LD_LIBRARY_PATH=/home/derek/work/install/nav2_costmap_2d/lib:/home/derek/work/install/nav2_util/lib:/home/derek/work/install/nav2_voxel_grid/lib:/home/derek/work/install/nav2_msgs/lib:/usr/lib/x86_64-linux-gnu/gazebo-11/plugins:/opt/ros/humble/opt/rviz_ogre_vendor/lib:/opt/ros/humble/lib/x86_64-linux-gnu:/opt/ros/humble/lib:/usr/local/nvidia/lib:/usr/local/nvidia/lib64:/usr/share/gazebo/../../lib/x86_64-linux-gnu/gazebo-11/plugins PYTHONPATH=/home/derek/work/install/nav2_msgs/local/lib/python3.10/dist-packages:/home/derek/work/install/nav2_common/local/lib/python3.10/dist-packages:${PYTHONPATH} /usr/bin/cmake --install /home/derek/work/build/nav2_waypoint_follower
[116.867s] -- Install configuration: "Release"
[116.867s] -- Installing: /home/derek/work/install/nav2_waypoint_follower/lib/libwaypoint_follower_core.so
[116.868s] -- Set runtime path of "/home/derek/work/install/nav2_waypoint_follower/lib/libwaypoint_follower_core.so" to ""
[116.868s] -- Installing: /home/derek/work/install/nav2_waypoint_follower/lib/libwait_at_waypoint.so
[116.868s] -- Set runtime path of "/home/derek/work/install/nav2_waypoint_follower/lib/libwait_at_waypoint.so" to ""
[116.868s] -- Installing: /home/derek/work/install/nav2_waypoint_follower/lib/libphoto_at_waypoint.so
[116.870s] -- Set runtime path of "/home/derek/work/install/nav2_waypoint_follower/lib/libphoto_at_waypoint.so" to ""
[116.870s] -- Installing: /home/derek/work/install/nav2_waypoint_follower/lib/libinput_at_waypoint.so
[116.871s] -- Set runtime path of "/home/derek/work/install/nav2_waypoint_follower/lib/libinput_at_waypoint.so" to ""
[116.871s] -- Installing: /home/derek/work/install/nav2_waypoint_follower/lib/nav2_waypoint_follower/waypoint_follower
[116.872s] -- Set runtime path of "/home/derek/work/install/nav2_waypoint_follower/lib/nav2_waypoint_follower/waypoint_follower" to ""
[116.872s] -- Installing: /home/derek/work/install/nav2_waypoint_follower/include/
[116.872s] -- Installing: /home/derek/work/install/nav2_waypoint_follower/include//nav2_waypoint_follower
[116.872s] -- Installing: /home/derek/work/install/nav2_waypoint_follower/include//nav2_waypoint_follower/waypoint_follower.hpp
[116.872s] -- Installing: /home/derek/work/install/nav2_waypoint_follower/include//nav2_waypoint_follower/plugins
[116.872s] -- Installing: /home/derek/work/install/nav2_waypoint_follower/include//nav2_waypoint_follower/plugins/photo_at_waypoint.hpp
[116.872s] -- Installing: /home/derek/work/install/nav2_waypoint_follower/include//nav2_waypoint_follower/plugins/wait_at_waypoint.hpp
[116.872s] -- Installing: /home/derek/work/install/nav2_waypoint_follower/include//nav2_waypoint_follower/plugins/input_at_waypoint.hpp
[116.872s] -- Installing: /home/derek/work/install/nav2_waypoint_follower/share/nav2_waypoint_follower/environment/library_path.sh
[116.873s] -- Installing: /home/derek/work/install/nav2_waypoint_follower/share/nav2_waypoint_follower/environment/library_path.dsv
[116.873s] -- Installing: /home/derek/work/install/nav2_waypoint_follower/share/nav2_waypoint_follower/plugins.xml
[116.873s] -- Installing: /home/derek/work/install/nav2_waypoint_follower/share/ament_index/resource_index/package_run_dependencies/nav2_waypoint_follower
[116.873s] -- Installing: /home/derek/work/install/nav2_waypoint_follower/share/ament_index/resource_index/parent_prefix_path/nav2_waypoint_follower
[116.874s] -- Installing: /home/derek/work/install/nav2_waypoint_follower/share/nav2_waypoint_follower/environment/ament_prefix_path.sh
[116.874s] -- Installing: /home/derek/work/install/nav2_waypoint_follower/share/nav2_waypoint_follower/environment/ament_prefix_path.dsv
[116.874s] -- Installing: /home/derek/work/install/nav2_waypoint_follower/share/nav2_waypoint_follower/environment/path.sh
[116.874s] -- Installing: /home/derek/work/install/nav2_waypoint_follower/share/nav2_waypoint_follower/environment/path.dsv
[116.874s] -- Installing: /home/derek/work/install/nav2_waypoint_follower/share/nav2_waypoint_follower/local_setup.bash
[116.874s] -- Installing: /home/derek/work/install/nav2_waypoint_follower/share/nav2_waypoint_follower/local_setup.sh
[116.874s] -- Installing: /home/derek/work/install/nav2_waypoint_follower/share/nav2_waypoint_follower/local_setup.zsh
[116.874s] -- Installing: /home/derek/work/install/nav2_waypoint_follower/share/nav2_waypoint_follower/local_setup.dsv
[116.874s] -- Installing: /home/derek/work/install/nav2_waypoint_follower/share/nav2_waypoint_follower/package.dsv
[116.875s] -- Installing: /home/derek/work/install/nav2_waypoint_follower/share/ament_index/resource_index/packages/nav2_waypoint_follower
[116.875s] -- Installing: /home/derek/work/install/nav2_waypoint_follower/share/ament_index/resource_index/nav2_waypoint_follower__pluginlib__plugin/nav2_waypoint_follower
[116.875s] -- Installing: /home/derek/work/install/nav2_waypoint_follower/share/ament_index/resource_index/rclcpp_components/nav2_waypoint_follower
[116.875s] -- Installing: /home/derek/work/install/nav2_waypoint_follower/share/nav2_waypoint_follower/cmake/ament_cmake_export_include_directories-extras.cmake
[116.875s] -- Installing: /home/derek/work/install/nav2_waypoint_follower/share/nav2_waypoint_follower/cmake/ament_cmake_export_libraries-extras.cmake
[116.875s] -- Installing: /home/derek/work/install/nav2_waypoint_follower/share/nav2_waypoint_follower/cmake/ament_cmake_export_dependencies-extras.cmake
[116.876s] -- Installing: /home/derek/work/install/nav2_waypoint_follower/share/nav2_waypoint_follower/cmake/nav2_waypoint_followerConfig.cmake
[116.876s] -- Installing: /home/derek/work/install/nav2_waypoint_follower/share/nav2_waypoint_follower/cmake/nav2_waypoint_followerConfig-version.cmake
[116.876s] -- Installing: /home/derek/work/install/nav2_waypoint_follower/share/nav2_waypoint_follower/package.xml
[116.878s] Invoked command in '/home/derek/work/build/nav2_waypoint_follower' returned '0': AMENT_PREFIX_PATH=/home/derek/work/install/nav2_core:/home/derek/work/install/nav2_costmap_2d:/home/derek/work/install/nav2_util:/home/derek/work/install/nav2_voxel_grid:/home/derek/work/install/nav2_msgs:/home/derek/work/install/nav2_common:${AMENT_PREFIX_PATH} CMAKE_PREFIX_PATH=/home/derek/work/install/nav2_core:/home/derek/work/install/nav2_costmap_2d:/home/derek/work/install/nav2_util:/home/derek/work/install/nav2_voxel_grid:/home/derek/work/install/nav2_msgs:/home/derek/work/install/nav2_common:/opt/ros/humble LD_LIBRARY_PATH=/home/derek/work/install/nav2_costmap_2d/lib:/home/derek/work/install/nav2_util/lib:/home/derek/work/install/nav2_voxel_grid/lib:/home/derek/work/install/nav2_msgs/lib:/usr/lib/x86_64-linux-gnu/gazebo-11/plugins:/opt/ros/humble/opt/rviz_ogre_vendor/lib:/opt/ros/humble/lib/x86_64-linux-gnu:/opt/ros/humble/lib:/usr/local/nvidia/lib:/usr/local/nvidia/lib64:/usr/share/gazebo/../../lib/x86_64-linux-gnu/gazebo-11/plugins PYTHONPATH=/home/derek/work/install/nav2_msgs/local/lib/python3.10/dist-packages:/home/derek/work/install/nav2_common/local/lib/python3.10/dist-packages:${PYTHONPATH} /usr/bin/cmake --install /home/derek/work/build/nav2_waypoint_follower
