[0.426s] Invoking command in '/home/derek/work/build/nav2_common': CMAKE_PREFIX_PATH=/opt/ros/humble /usr/bin/cmake --build /home/derek/work/build/nav2_common -- -j16 -l16
[2.535s] Built target ament_cmake_python_copy_nav2_common
[2.535s] running egg_info
[2.536s] writing manifest file 'nav2_common.egg-info/SOURCES.txt'
[2.536s] Built target ament_cmake_python_build_nav2_common_egg
[2.548s] Invoked command in '/home/derek/work/build/nav2_common' returned '0': CMAKE_PREFIX_PATH=/opt/ros/humble /usr/bin/cmake --build /home/derek/work/build/nav2_common -- -j16 -l16
[2.580s] Invoking command in '/home/derek/work/build/nav2_common': CMAKE_PREFIX_PATH=/opt/ros/humble /usr/bin/cmake --install /home/derek/work/build/nav2_common
[2.587s] -- Install configuration: ""
[2.588s] -- Up-to-date: /home/derek/work/install/nav2_common/share/nav2_common/environment/pythonpath.sh
[2.588s] -- Up-to-date: /home/derek/work/install/nav2_common/share/nav2_common/environment/pythonpath.dsv
[2.588s] -- Up-to-date: /home/derek/work/install/nav2_common/local/lib/python3.10/dist-packages/nav2_common-1.1.13-py3.10.egg-info
[2.589s] -- Installing: /home/derek/work/install/nav2_common/local/lib/python3.10/dist-packages/nav2_common-1.1.13-py3.10.egg-info/PKG-INFO
[2.589s] -- Installing: /home/derek/work/install/nav2_common/local/lib/python3.10/dist-packages/nav2_common-1.1.13-py3.10.egg-info/top_level.txt
[2.589s] -- Installing: /home/derek/work/install/nav2_common/local/lib/python3.10/dist-packages/nav2_common-1.1.13-py3.10.egg-info/SOURCES.txt
[2.590s] -- Installing: /home/derek/work/install/nav2_common/local/lib/python3.10/dist-packages/nav2_common-1.1.13-py3.10.egg-info/dependency_links.txt
[2.590s] -- Up-to-date: /home/derek/work/install/nav2_common/local/lib/python3.10/dist-packages/nav2_common
[2.590s] -- Up-to-date: /home/derek/work/install/nav2_common/local/lib/python3.10/dist-packages/nav2_common/__init__.py
[2.590s] -- Up-to-date: /home/derek/work/install/nav2_common/local/lib/python3.10/dist-packages/nav2_common/launch
[2.590s] -- Up-to-date: /home/derek/work/install/nav2_common/local/lib/python3.10/dist-packages/nav2_common/launch/replace_string.py
[2.590s] -- Up-to-date: /home/derek/work/install/nav2_common/local/lib/python3.10/dist-packages/nav2_common/launch/rewritten_yaml.py
[2.590s] -- Up-to-date: /home/derek/work/install/nav2_common/local/lib/python3.10/dist-packages/nav2_common/launch/__init__.py
[2.590s] -- Up-to-date: /home/derek/work/install/nav2_common/local/lib/python3.10/dist-packages/nav2_common/launch/parse_multirobot_pose.py
[2.591s] -- Up-to-date: /home/derek/work/install/nav2_common/local/lib/python3.10/dist-packages/nav2_common/launch/has_node_params.py
[2.625s] Listing '/home/derek/work/install/nav2_common/local/lib/python3.10/dist-packages/nav2_common'...
[2.625s] Listing '/home/derek/work/install/nav2_common/local/lib/python3.10/dist-packages/nav2_common/launch'...
[2.629s] -- Up-to-date: /home/derek/work/install/nav2_common/share/ament_index/resource_index/package_run_dependencies/nav2_common
[2.629s] -- Up-to-date: /home/derek/work/install/nav2_common/share/ament_index/resource_index/parent_prefix_path/nav2_common
[2.629s] -- Up-to-date: /home/derek/work/install/nav2_common/share/nav2_common/environment/ament_prefix_path.sh
[2.629s] -- Up-to-date: /home/derek/work/install/nav2_common/share/nav2_common/environment/ament_prefix_path.dsv
[2.629s] -- Up-to-date: /home/derek/work/install/nav2_common/share/nav2_common/environment/path.sh
[2.629s] -- Up-to-date: /home/derek/work/install/nav2_common/share/nav2_common/environment/path.dsv
[2.629s] -- Up-to-date: /home/derek/work/install/nav2_common/share/nav2_common/local_setup.bash
[2.630s] -- Up-to-date: /home/derek/work/install/nav2_common/share/nav2_common/local_setup.sh
[2.630s] -- Up-to-date: /home/derek/work/install/nav2_common/share/nav2_common/local_setup.zsh
[2.630s] -- Up-to-date: /home/derek/work/install/nav2_common/share/nav2_common/local_setup.dsv
[2.630s] -- Installing: /home/derek/work/install/nav2_common/share/nav2_common/package.dsv
[2.630s] -- Up-to-date: /home/derek/work/install/nav2_common/share/ament_index/resource_index/packages/nav2_common
[2.630s] -- Up-to-date: /home/derek/work/install/nav2_common/share/nav2_common/cmake/nav2_common-extras.cmake
[2.630s] -- Up-to-date: /home/derek/work/install/nav2_common/share/nav2_common/cmake/nav2_commonConfig.cmake
[2.630s] -- Up-to-date: /home/derek/work/install/nav2_common/share/nav2_common/cmake/nav2_commonConfig-version.cmake
[2.630s] -- Up-to-date: /home/derek/work/install/nav2_common/share/nav2_common/package.xml
[2.631s] -- Up-to-date: /home/derek/work/install/nav2_common/share/nav2_common/cmake
[2.631s] -- Up-to-date: /home/derek/work/install/nav2_common/share/nav2_common/cmake/nav2_package.cmake
[2.655s] Invoked command in '/home/derek/work/build/nav2_common' returned '0': CMAKE_PREFIX_PATH=/opt/ros/humble /usr/bin/cmake --install /home/derek/work/build/nav2_common
