[0.163s] Invoking command in '/home/derek/work/build/dwb_plugins': AMENT_PREFIX_PATH=/home/derek/work/install/dwb_core:/home/derek/work/install/nav2_core:/home/derek/work/install/nav2_costmap_2d:/home/derek/work/install/nav_2d_utils:/home/derek/work/install/nav2_util:/home/derek/work/install/nav2_voxel_grid:/home/derek/work/install/nav2_msgs:/home/derek/work/install/dwb_msgs:/home/derek/work/install/nav_2d_msgs:/home/derek/work/install/nav2_common:${AMENT_PREFIX_PATH} CMAKE_PREFIX_PATH=/home/derek/work/install/dwb_core:/home/derek/work/install/nav2_core:/home/derek/work/install/nav2_costmap_2d:/home/derek/work/install/nav_2d_utils:/home/derek/work/install/nav2_util:/home/derek/work/install/nav2_voxel_grid:/home/derek/work/install/nav2_msgs:/home/derek/work/install/dwb_msgs:/home/derek/work/install/nav_2d_msgs:/home/derek/work/install/nav2_common:/opt/ros/humble LD_LIBRARY_PATH=/home/derek/work/install/dwb_core/lib:/home/derek/work/install/nav2_costmap_2d/lib:/home/derek/work/install/nav_2d_utils/lib:/home/derek/work/install/nav2_util/lib:/home/derek/work/install/nav2_voxel_grid/lib:/home/derek/work/install/nav2_msgs/lib:/home/derek/work/install/dwb_msgs/lib:/home/derek/work/install/nav_2d_msgs/lib:/usr/lib/x86_64-linux-gnu/gazebo-11/plugins:/opt/ros/humble/opt/rviz_ogre_vendor/lib:/opt/ros/humble/lib/x86_64-linux-gnu:/opt/ros/humble/lib:/usr/local/nvidia/lib:/usr/local/nvidia/lib64:/usr/share/gazebo/../../lib/x86_64-linux-gnu/gazebo-11/plugins PYTHONPATH=/home/derek/work/install/nav2_msgs/local/lib/python3.10/dist-packages:/home/derek/work/install/dwb_msgs/local/lib/python3.10/dist-packages:/home/derek/work/install/nav_2d_msgs/local/lib/python3.10/dist-packages:/home/derek/work/install/nav2_common/local/lib/python3.10/dist-packages:${PYTHONPATH} /usr/bin/cmake /home/derek/work/src/navigation2/nav2_dwb_controller/dwb_plugins -DCMAKE_INSTALL_PREFIX=/home/derek/work/install/dwb_plugins
[17.869s] -- The C compiler identification is GNU 11.4.0
[17.870s] -- The CXX compiler identification is GNU 11.4.0
[17.870s] -- Detecting C compiler ABI info
[17.870s] -- Detecting C compiler ABI info - done
[17.870s] -- Check for working C compiler: /usr/bin/cc - skipped
[17.870s] -- Detecting C compile features
[17.870s] -- Detecting C compile features - done
[17.870s] -- Detecting CXX compiler ABI info
[17.870s] -- Detecting CXX compiler ABI info - done
[17.870s] -- Check for working CXX compiler: /usr/bin/c++ - skipped
[17.871s] -- Detecting CXX compile features
[17.871s] -- Detecting CXX compile features - done
[17.871s] -- Found ament_cmake: 1.3.7 (/opt/ros/humble/share/ament_cmake/cmake)
[17.871s] -- Found Python3: /usr/bin/python3.10 (found version "3.10.12") found components: Interpreter 
[17.871s] -- Found nav2_common: 1.1.13 (/home/derek/work/install/nav2_common/share/nav2_common/cmake)
[17.871s] -- Found angles: 1.15.0 (/opt/ros/humble/share/angles/cmake)
[17.871s] -- Found dwb_core: 1.1.13 (/home/derek/work/install/dwb_core/share/dwb_core/cmake)
[17.871s] -- Found rosidl_generator_c: 3.1.5 (/opt/ros/humble/share/rosidl_generator_c/cmake)
[17.871s] -- Found rosidl_adapter: 3.1.5 (/opt/ros/humble/share/rosidl_adapter/cmake)
[17.872s] -- Found rosidl_generator_cpp: 3.1.5 (/opt/ros/humble/share/rosidl_generator_cpp/cmake)
[17.872s] -- Using all available rosidl_typesupport_c: rosidl_typesupport_fastrtps_c;rosidl_typesupport_introspection_c
[17.872s] -- Using all available rosidl_typesupport_cpp: rosidl_typesupport_fastrtps_cpp;rosidl_typesupport_introspection_cpp
[17.872s] -- Found rmw_implementation_cmake: 6.1.1 (/opt/ros/humble/share/rmw_implementation_cmake/cmake)
[17.872s] -- Found rmw_fastrtps_cpp: 6.2.6 (/opt/ros/humble/share/rmw_fastrtps_cpp/cmake)
[17.872s] -- Found OpenSSL: /usr/lib/x86_64-linux-gnu/libcrypto.so (found version "3.0.2")  
[17.872s] -- Found FastRTPS: /opt/ros/humble/include  
[17.872s] -- Using RMW implementation 'rmw_fastrtps_cpp' as default
[17.872s] -- Looking for pthread.h
[17.872s] -- Looking for pthread.h - found
[17.872s] -- Performing Test CMAKE_HAVE_LIBC_PTHREAD
[17.872s] -- Performing Test CMAKE_HAVE_LIBC_PTHREAD - Success
[17.872s] -- Found Threads: TRUE  
[17.872s] -- Found Eigen3: TRUE (found version "3.4.0") 
[17.872s] -- Ensuring Eigen3 include directory is part of orocos-kdl CMake target
[17.872s] -- Setting build type to Release as none was specified.
[17.872s] -- Found ament_lint_auto: 0.12.10 (/opt/ros/humble/share/ament_lint_auto/cmake)
[17.872s] -- Found gtest sources under '/opt/ros/humble/src/gtest_vendor': C++ tests using 'Google Test' will be built
[17.873s] -- Added test 'cppcheck' to perform static code analysis on C / C++ code
[17.873s] -- Configured cppcheck include dirs: /home/derek/work/src/navigation2/nav2_dwb_controller/dwb_plugins/include
[17.873s] -- Configured cppcheck exclude dirs and/or files: 
[17.873s] -- Added test 'cpplint' to check C / C++ code against the Google style
[17.873s] -- Configured cpplint exclude dirs and/or files: 
[17.873s] -- Added test 'lint_cmake' to check CMake code style
[17.873s] -- Added test 'uncrustify' to check C / C++ code style
[17.873s] -- Configured uncrustify additional arguments: 
[17.873s] -- Added test 'xmllint' to check XML markup files
[17.873s] -- Configuring done
[17.873s] -- Generating done
[17.873s] -- Build files have been written to: /home/derek/work/build/dwb_plugins
[17.882s] Invoked command in '/home/derek/work/build/dwb_plugins' returned '0': AMENT_PREFIX_PATH=/home/derek/work/install/dwb_core:/home/derek/work/install/nav2_core:/home/derek/work/install/nav2_costmap_2d:/home/derek/work/install/nav_2d_utils:/home/derek/work/install/nav2_util:/home/derek/work/install/nav2_voxel_grid:/home/derek/work/install/nav2_msgs:/home/derek/work/install/dwb_msgs:/home/derek/work/install/nav_2d_msgs:/home/derek/work/install/nav2_common:${AMENT_PREFIX_PATH} CMAKE_PREFIX_PATH=/home/derek/work/install/dwb_core:/home/derek/work/install/nav2_core:/home/derek/work/install/nav2_costmap_2d:/home/derek/work/install/nav_2d_utils:/home/derek/work/install/nav2_util:/home/derek/work/install/nav2_voxel_grid:/home/derek/work/install/nav2_msgs:/home/derek/work/install/dwb_msgs:/home/derek/work/install/nav_2d_msgs:/home/derek/work/install/nav2_common:/opt/ros/humble LD_LIBRARY_PATH=/home/derek/work/install/dwb_core/lib:/home/derek/work/install/nav2_costmap_2d/lib:/home/derek/work/install/nav_2d_utils/lib:/home/derek/work/install/nav2_util/lib:/home/derek/work/install/nav2_voxel_grid/lib:/home/derek/work/install/nav2_msgs/lib:/home/derek/work/install/dwb_msgs/lib:/home/derek/work/install/nav_2d_msgs/lib:/usr/lib/x86_64-linux-gnu/gazebo-11/plugins:/opt/ros/humble/opt/rviz_ogre_vendor/lib:/opt/ros/humble/lib/x86_64-linux-gnu:/opt/ros/humble/lib:/usr/local/nvidia/lib:/usr/local/nvidia/lib64:/usr/share/gazebo/../../lib/x86_64-linux-gnu/gazebo-11/plugins PYTHONPATH=/home/derek/work/install/nav2_msgs/local/lib/python3.10/dist-packages:/home/derek/work/install/dwb_msgs/local/lib/python3.10/dist-packages:/home/derek/work/install/nav_2d_msgs/local/lib/python3.10/dist-packages:/home/derek/work/install/nav2_common/local/lib/python3.10/dist-packages:${PYTHONPATH} /usr/bin/cmake /home/derek/work/src/navigation2/nav2_dwb_controller/dwb_plugins -DCMAKE_INSTALL_PREFIX=/home/derek/work/install/dwb_plugins
[17.883s] Invoking command in '/home/derek/work/build/dwb_plugins': AMENT_PREFIX_PATH=/home/derek/work/install/dwb_core:/home/derek/work/install/nav2_core:/home/derek/work/install/nav2_costmap_2d:/home/derek/work/install/nav_2d_utils:/home/derek/work/install/nav2_util:/home/derek/work/install/nav2_voxel_grid:/home/derek/work/install/nav2_msgs:/home/derek/work/install/dwb_msgs:/home/derek/work/install/nav_2d_msgs:/home/derek/work/install/nav2_common:${AMENT_PREFIX_PATH} CMAKE_PREFIX_PATH=/home/derek/work/install/dwb_core:/home/derek/work/install/nav2_core:/home/derek/work/install/nav2_costmap_2d:/home/derek/work/install/nav_2d_utils:/home/derek/work/install/nav2_util:/home/derek/work/install/nav2_voxel_grid:/home/derek/work/install/nav2_msgs:/home/derek/work/install/dwb_msgs:/home/derek/work/install/nav_2d_msgs:/home/derek/work/install/nav2_common:/opt/ros/humble LD_LIBRARY_PATH=/home/derek/work/install/dwb_core/lib:/home/derek/work/install/nav2_costmap_2d/lib:/home/derek/work/install/nav_2d_utils/lib:/home/derek/work/install/nav2_util/lib:/home/derek/work/install/nav2_voxel_grid/lib:/home/derek/work/install/nav2_msgs/lib:/home/derek/work/install/dwb_msgs/lib:/home/derek/work/install/nav_2d_msgs/lib:/usr/lib/x86_64-linux-gnu/gazebo-11/plugins:/opt/ros/humble/opt/rviz_ogre_vendor/lib:/opt/ros/humble/lib/x86_64-linux-gnu:/opt/ros/humble/lib:/usr/local/nvidia/lib:/usr/local/nvidia/lib64:/usr/share/gazebo/../../lib/x86_64-linux-gnu/gazebo-11/plugins PYTHONPATH=/home/derek/work/install/nav2_msgs/local/lib/python3.10/dist-packages:/home/derek/work/install/dwb_msgs/local/lib/python3.10/dist-packages:/home/derek/work/install/nav_2d_msgs/local/lib/python3.10/dist-packages:/home/derek/work/install/nav2_common/local/lib/python3.10/dist-packages:${PYTHONPATH} /usr/bin/cmake --build /home/derek/work/build/dwb_plugins -- -j16 -l16
[17.978s] [  5%] [32mBuilding CXX object CMakeFiles/standard_traj_generator.dir/src/standard_traj_generator.cpp.o[0m
[17.978s] [ 11%] [32mBuilding CXX object gtest/CMakeFiles/gtest.dir/src/gtest-all.cc.o[0m
[17.978s] [ 17%] [32mBuilding CXX object CMakeFiles/standard_traj_generator.dir/src/kinematic_parameters.cpp.o[0m
[17.979s] [ 23%] [32mBuilding CXX object CMakeFiles/standard_traj_generator.dir/src/limited_accel_generator.cpp.o[0m
[17.979s] [ 29%] [32mBuilding CXX object gtest/CMakeFiles/gtest_main.dir/src/gtest_main.cc.o[0m
[19.249s] [ 35%] [32m[1mLinking CXX static library libgtest_main.a[0m
[19.430s] [ 35%] Built target gtest_main
[23.840s] [ 41%] [32mBuilding CXX object CMakeFiles/standard_traj_generator.dir/src/xy_theta_iterator.cpp.o[0m
[26.711s] [ 47%] [32m[1mLinking CXX static library libgtest.a[0m
[26.745s] [ 47%] Built target gtest
[27.516s] [ 52%] [32m[1mLinking CXX shared library libstandard_traj_generator.so[0m
[27.771s] [ 52%] Built target standard_traj_generator
[27.788s] [ 58%] [32mBuilding CXX object test/CMakeFiles/vtest.dir/velocity_iterator_test.cpp.o[0m
[28.828s] [ 64%] [32m[1mLinking CXX executable vtest[0m
[28.900s] [ 64%] Built target vtest
[28.919s] [ 70%] [32mBuilding CXX object test/CMakeFiles/speed_limit_test.dir/speed_limit_test.cpp.o[0m
[32.381s] [ 76%] [32m[1mLinking CXX executable speed_limit_test[0m
[32.606s] [ 76%] Built target speed_limit_test
[32.625s] [ 82%] [32mBuilding CXX object test/CMakeFiles/twist_gen_test.dir/twist_gen.cpp.o[0m
[32.626s] [ 88%] [32mBuilding CXX object test/CMakeFiles/kinematic_parameters_test.dir/kinematic_parameters_test.cpp.o[0m
[37.590s] [ 94%] [32m[1mLinking CXX executable kinematic_parameters_test[0m
[38.378s] [ 94%] Built target kinematic_parameters_test
[40.024s] [100%] [32m[1mLinking CXX executable twist_gen_test[0m
[40.658s] [100%] Built target twist_gen_test
[40.694s] Invoked command in '/home/derek/work/build/dwb_plugins' returned '0': AMENT_PREFIX_PATH=/home/derek/work/install/dwb_core:/home/derek/work/install/nav2_core:/home/derek/work/install/nav2_costmap_2d:/home/derek/work/install/nav_2d_utils:/home/derek/work/install/nav2_util:/home/derek/work/install/nav2_voxel_grid:/home/derek/work/install/nav2_msgs:/home/derek/work/install/dwb_msgs:/home/derek/work/install/nav_2d_msgs:/home/derek/work/install/nav2_common:${AMENT_PREFIX_PATH} CMAKE_PREFIX_PATH=/home/derek/work/install/dwb_core:/home/derek/work/install/nav2_core:/home/derek/work/install/nav2_costmap_2d:/home/derek/work/install/nav_2d_utils:/home/derek/work/install/nav2_util:/home/derek/work/install/nav2_voxel_grid:/home/derek/work/install/nav2_msgs:/home/derek/work/install/dwb_msgs:/home/derek/work/install/nav_2d_msgs:/home/derek/work/install/nav2_common:/opt/ros/humble LD_LIBRARY_PATH=/home/derek/work/install/dwb_core/lib:/home/derek/work/install/nav2_costmap_2d/lib:/home/derek/work/install/nav_2d_utils/lib:/home/derek/work/install/nav2_util/lib:/home/derek/work/install/nav2_voxel_grid/lib:/home/derek/work/install/nav2_msgs/lib:/home/derek/work/install/dwb_msgs/lib:/home/derek/work/install/nav_2d_msgs/lib:/usr/lib/x86_64-linux-gnu/gazebo-11/plugins:/opt/ros/humble/opt/rviz_ogre_vendor/lib:/opt/ros/humble/lib/x86_64-linux-gnu:/opt/ros/humble/lib:/usr/local/nvidia/lib:/usr/local/nvidia/lib64:/usr/share/gazebo/../../lib/x86_64-linux-gnu/gazebo-11/plugins PYTHONPATH=/home/derek/work/install/nav2_msgs/local/lib/python3.10/dist-packages:/home/derek/work/install/dwb_msgs/local/lib/python3.10/dist-packages:/home/derek/work/install/nav_2d_msgs/local/lib/python3.10/dist-packages:/home/derek/work/install/nav2_common/local/lib/python3.10/dist-packages:${PYTHONPATH} /usr/bin/cmake --build /home/derek/work/build/dwb_plugins -- -j16 -l16
[41.349s] Invoking command in '/home/derek/work/build/dwb_plugins': AMENT_PREFIX_PATH=/home/derek/work/install/dwb_core:/home/derek/work/install/nav2_core:/home/derek/work/install/nav2_costmap_2d:/home/derek/work/install/nav_2d_utils:/home/derek/work/install/nav2_util:/home/derek/work/install/nav2_voxel_grid:/home/derek/work/install/nav2_msgs:/home/derek/work/install/dwb_msgs:/home/derek/work/install/nav_2d_msgs:/home/derek/work/install/nav2_common:${AMENT_PREFIX_PATH} CMAKE_PREFIX_PATH=/home/derek/work/install/dwb_core:/home/derek/work/install/nav2_core:/home/derek/work/install/nav2_costmap_2d:/home/derek/work/install/nav_2d_utils:/home/derek/work/install/nav2_util:/home/derek/work/install/nav2_voxel_grid:/home/derek/work/install/nav2_msgs:/home/derek/work/install/dwb_msgs:/home/derek/work/install/nav_2d_msgs:/home/derek/work/install/nav2_common:/opt/ros/humble LD_LIBRARY_PATH=/home/derek/work/install/dwb_core/lib:/home/derek/work/install/nav2_costmap_2d/lib:/home/derek/work/install/nav_2d_utils/lib:/home/derek/work/install/nav2_util/lib:/home/derek/work/install/nav2_voxel_grid/lib:/home/derek/work/install/nav2_msgs/lib:/home/derek/work/install/dwb_msgs/lib:/home/derek/work/install/nav_2d_msgs/lib:/usr/lib/x86_64-linux-gnu/gazebo-11/plugins:/opt/ros/humble/opt/rviz_ogre_vendor/lib:/opt/ros/humble/lib/x86_64-linux-gnu:/opt/ros/humble/lib:/usr/local/nvidia/lib:/usr/local/nvidia/lib64:/usr/share/gazebo/../../lib/x86_64-linux-gnu/gazebo-11/plugins PYTHONPATH=/home/derek/work/install/nav2_msgs/local/lib/python3.10/dist-packages:/home/derek/work/install/dwb_msgs/local/lib/python3.10/dist-packages:/home/derek/work/install/nav_2d_msgs/local/lib/python3.10/dist-packages:/home/derek/work/install/nav2_common/local/lib/python3.10/dist-packages:${PYTHONPATH} /usr/bin/cmake --install /home/derek/work/build/dwb_plugins
[41.370s] -- Install configuration: "Release"
[41.371s] -- Installing: /home/derek/work/install/dwb_plugins/lib/libstandard_traj_generator.so
[41.371s] -- Set runtime path of "/home/derek/work/install/dwb_plugins/lib/libstandard_traj_generator.so" to ""
[41.371s] -- Installing: /home/derek/work/install/dwb_plugins/include/
[41.371s] -- Installing: /home/derek/work/install/dwb_plugins/include//dwb_plugins
[41.371s] -- Installing: /home/derek/work/install/dwb_plugins/include//dwb_plugins/velocity_iterator.hpp
[41.371s] -- Installing: /home/derek/work/install/dwb_plugins/include//dwb_plugins/standard_traj_generator.hpp
[41.371s] -- Installing: /home/derek/work/install/dwb_plugins/include//dwb_plugins/xy_theta_iterator.hpp
[41.371s] -- Installing: /home/derek/work/install/dwb_plugins/include//dwb_plugins/one_d_velocity_iterator.hpp
[41.371s] -- Installing: /home/derek/work/install/dwb_plugins/include//dwb_plugins/kinematic_parameters.hpp
[41.371s] -- Installing: /home/derek/work/install/dwb_plugins/include//dwb_plugins/limited_accel_generator.hpp
[41.372s] -- Installing: /home/derek/work/install/dwb_plugins/share/dwb_plugins/plugins.xml
[41.372s] -- Installing: /home/derek/work/install/dwb_plugins/share/dwb_plugins/environment/library_path.sh
[41.372s] -- Installing: /home/derek/work/install/dwb_plugins/share/dwb_plugins/environment/library_path.dsv
[41.372s] -- Up-to-date: /home/derek/work/install/dwb_plugins/share/dwb_plugins/plugins.xml
[41.372s] -- Installing: /home/derek/work/install/dwb_plugins/share/ament_index/resource_index/package_run_dependencies/dwb_plugins
[41.372s] -- Installing: /home/derek/work/install/dwb_plugins/share/ament_index/resource_index/parent_prefix_path/dwb_plugins
[41.372s] -- Installing: /home/derek/work/install/dwb_plugins/share/dwb_plugins/environment/ament_prefix_path.sh
[41.372s] -- Installing: /home/derek/work/install/dwb_plugins/share/dwb_plugins/environment/ament_prefix_path.dsv
[41.372s] -- Installing: /home/derek/work/install/dwb_plugins/share/dwb_plugins/environment/path.sh
[41.372s] -- Installing: /home/derek/work/install/dwb_plugins/share/dwb_plugins/environment/path.dsv
[41.372s] -- Installing: /home/derek/work/install/dwb_plugins/share/dwb_plugins/local_setup.bash
[41.372s] -- Installing: /home/derek/work/install/dwb_plugins/share/dwb_plugins/local_setup.sh
[41.372s] -- Installing: /home/derek/work/install/dwb_plugins/share/dwb_plugins/local_setup.zsh
[41.373s] -- Installing: /home/derek/work/install/dwb_plugins/share/dwb_plugins/local_setup.dsv
[41.373s] -- Installing: /home/derek/work/install/dwb_plugins/share/dwb_plugins/package.dsv
[41.373s] -- Installing: /home/derek/work/install/dwb_plugins/share/ament_index/resource_index/packages/dwb_plugins
[41.373s] -- Installing: /home/derek/work/install/dwb_plugins/share/ament_index/resource_index/dwb_core__pluginlib__plugin/dwb_plugins
[41.373s] -- Installing: /home/derek/work/install/dwb_plugins/share/dwb_plugins/cmake/ament_cmake_export_include_directories-extras.cmake
[41.373s] -- Installing: /home/derek/work/install/dwb_plugins/share/dwb_plugins/cmake/ament_cmake_export_libraries-extras.cmake
[41.373s] -- Installing: /home/derek/work/install/dwb_plugins/share/dwb_plugins/cmake/dwb_pluginsConfig.cmake
[41.373s] -- Installing: /home/derek/work/install/dwb_plugins/share/dwb_plugins/cmake/dwb_pluginsConfig-version.cmake
[41.373s] -- Installing: /home/derek/work/install/dwb_plugins/share/dwb_plugins/package.xml
[41.373s] Invoked command in '/home/derek/work/build/dwb_plugins' returned '0': AMENT_PREFIX_PATH=/home/derek/work/install/dwb_core:/home/derek/work/install/nav2_core:/home/derek/work/install/nav2_costmap_2d:/home/derek/work/install/nav_2d_utils:/home/derek/work/install/nav2_util:/home/derek/work/install/nav2_voxel_grid:/home/derek/work/install/nav2_msgs:/home/derek/work/install/dwb_msgs:/home/derek/work/install/nav_2d_msgs:/home/derek/work/install/nav2_common:${AMENT_PREFIX_PATH} CMAKE_PREFIX_PATH=/home/derek/work/install/dwb_core:/home/derek/work/install/nav2_core:/home/derek/work/install/nav2_costmap_2d:/home/derek/work/install/nav_2d_utils:/home/derek/work/install/nav2_util:/home/derek/work/install/nav2_voxel_grid:/home/derek/work/install/nav2_msgs:/home/derek/work/install/dwb_msgs:/home/derek/work/install/nav_2d_msgs:/home/derek/work/install/nav2_common:/opt/ros/humble LD_LIBRARY_PATH=/home/derek/work/install/dwb_core/lib:/home/derek/work/install/nav2_costmap_2d/lib:/home/derek/work/install/nav_2d_utils/lib:/home/derek/work/install/nav2_util/lib:/home/derek/work/install/nav2_voxel_grid/lib:/home/derek/work/install/nav2_msgs/lib:/home/derek/work/install/dwb_msgs/lib:/home/derek/work/install/nav_2d_msgs/lib:/usr/lib/x86_64-linux-gnu/gazebo-11/plugins:/opt/ros/humble/opt/rviz_ogre_vendor/lib:/opt/ros/humble/lib/x86_64-linux-gnu:/opt/ros/humble/lib:/usr/local/nvidia/lib:/usr/local/nvidia/lib64:/usr/share/gazebo/../../lib/x86_64-linux-gnu/gazebo-11/plugins PYTHONPATH=/home/derek/work/install/nav2_msgs/local/lib/python3.10/dist-packages:/home/derek/work/install/dwb_msgs/local/lib/python3.10/dist-packages:/home/derek/work/install/nav_2d_msgs/local/lib/python3.10/dist-packages:/home/derek/work/install/nav2_common/local/lib/python3.10/dist-packages:${PYTHONPATH} /usr/bin/cmake --install /home/derek/work/build/dwb_plugins
