[0.059s] Invoking command in '/home/derek/work/build/realsense2_description': AMENT_PREFIX_PATH=/home/derek/work/install/realsense2_camera_msgs:${AMENT_PREFIX_PATH} CMAKE_PREFIX_PATH=/home/derek/work/install/realsense2_camera_msgs:/opt/ros/humble LD_LIBRARY_PATH=/home/derek/work/install/realsense2_camera_msgs/lib:/usr/lib/x86_64-linux-gnu/gazebo-11/plugins:/opt/ros/humble/opt/rviz_ogre_vendor/lib:/opt/ros/humble/lib/x86_64-linux-gnu:/opt/ros/humble/lib:/usr/local/nvidia/lib:/usr/local/nvidia/lib64:/usr/share/gazebo/../../lib/x86_64-linux-gnu/gazebo-11/plugins PYTHONPATH=/home/derek/work/install/realsense2_camera_msgs/local/lib/python3.10/dist-packages:${PYTHONPATH} /usr/bin/cmake /home/derek/work/src/realsense-ros/realsense2_description -DCMAKE_INSTALL_PREFIX=/home/derek/work/install/realsense2_description
[0.120s] -- The C compiler identification is GNU 11.4.0
[0.196s] -- The CXX compiler identification is GNU 11.4.0
[0.208s] -- Detecting C compiler ABI info
[0.310s] -- Detecting C compiler ABI info - done
[0.319s] -- Check for working C compiler: /usr/bin/cc - skipped
[0.319s] -- Detecting C compile features
[0.319s] -- Detecting C compile features - done
[0.324s] -- Detecting CXX compiler ABI info
[0.417s] -- Detecting CXX compiler ABI info - done
[0.425s] -- Check for working CXX compiler: /usr/bin/c++ - skipped
[0.425s] -- Detecting CXX compile features
[0.425s] -- Detecting CXX compile features - done
[0.428s] -- Found ament_cmake: 1.3.7 (/opt/ros/humble/share/ament_cmake/cmake)
[1.112s] -- Found Python3: /usr/bin/python3.10 (found version "3.10.12") found components: Interpreter 
[1.280s] -- Configuring done
[1.280s] -- Generating done
[1.280s] -- Build files have been written to: /home/derek/work/build/realsense2_description
[1.283s] Invoked command in '/home/derek/work/build/realsense2_description' returned '0': AMENT_PREFIX_PATH=/home/derek/work/install/realsense2_camera_msgs:${AMENT_PREFIX_PATH} CMAKE_PREFIX_PATH=/home/derek/work/install/realsense2_camera_msgs:/opt/ros/humble LD_LIBRARY_PATH=/home/derek/work/install/realsense2_camera_msgs/lib:/usr/lib/x86_64-linux-gnu/gazebo-11/plugins:/opt/ros/humble/opt/rviz_ogre_vendor/lib:/opt/ros/humble/lib/x86_64-linux-gnu:/opt/ros/humble/lib:/usr/local/nvidia/lib:/usr/local/nvidia/lib64:/usr/share/gazebo/../../lib/x86_64-linux-gnu/gazebo-11/plugins PYTHONPATH=/home/derek/work/install/realsense2_camera_msgs/local/lib/python3.10/dist-packages:${PYTHONPATH} /usr/bin/cmake /home/derek/work/src/realsense-ros/realsense2_description -DCMAKE_INSTALL_PREFIX=/home/derek/work/install/realsense2_description
[1.285s] Invoking command in '/home/derek/work/build/realsense2_description': AMENT_PREFIX_PATH=/home/derek/work/install/realsense2_camera_msgs:${AMENT_PREFIX_PATH} CMAKE_PREFIX_PATH=/home/derek/work/install/realsense2_camera_msgs:/opt/ros/humble LD_LIBRARY_PATH=/home/derek/work/install/realsense2_camera_msgs/lib:/usr/lib/x86_64-linux-gnu/gazebo-11/plugins:/opt/ros/humble/opt/rviz_ogre_vendor/lib:/opt/ros/humble/lib/x86_64-linux-gnu:/opt/ros/humble/lib:/usr/local/nvidia/lib:/usr/local/nvidia/lib64:/usr/share/gazebo/../../lib/x86_64-linux-gnu/gazebo-11/plugins PYTHONPATH=/home/derek/work/install/realsense2_camera_msgs/local/lib/python3.10/dist-packages:${PYTHONPATH} /usr/bin/cmake --build /home/derek/work/build/realsense2_description -- -j16 -l16
[1.366s] Invoked command in '/home/derek/work/build/realsense2_description' returned '0': AMENT_PREFIX_PATH=/home/derek/work/install/realsense2_camera_msgs:${AMENT_PREFIX_PATH} CMAKE_PREFIX_PATH=/home/derek/work/install/realsense2_camera_msgs:/opt/ros/humble LD_LIBRARY_PATH=/home/derek/work/install/realsense2_camera_msgs/lib:/usr/lib/x86_64-linux-gnu/gazebo-11/plugins:/opt/ros/humble/opt/rviz_ogre_vendor/lib:/opt/ros/humble/lib/x86_64-linux-gnu:/opt/ros/humble/lib:/usr/local/nvidia/lib:/usr/local/nvidia/lib64:/usr/share/gazebo/../../lib/x86_64-linux-gnu/gazebo-11/plugins PYTHONPATH=/home/derek/work/install/realsense2_camera_msgs/local/lib/python3.10/dist-packages:${PYTHONPATH} /usr/bin/cmake --build /home/derek/work/build/realsense2_description -- -j16 -l16
[1.388s] Invoking command in '/home/derek/work/build/realsense2_description': AMENT_PREFIX_PATH=/home/derek/work/install/realsense2_camera_msgs:${AMENT_PREFIX_PATH} CMAKE_PREFIX_PATH=/home/derek/work/install/realsense2_camera_msgs:/opt/ros/humble LD_LIBRARY_PATH=/home/derek/work/install/realsense2_camera_msgs/lib:/usr/lib/x86_64-linux-gnu/gazebo-11/plugins:/opt/ros/humble/opt/rviz_ogre_vendor/lib:/opt/ros/humble/lib/x86_64-linux-gnu:/opt/ros/humble/lib:/usr/local/nvidia/lib:/usr/local/nvidia/lib64:/usr/share/gazebo/../../lib/x86_64-linux-gnu/gazebo-11/plugins PYTHONPATH=/home/derek/work/install/realsense2_camera_msgs/local/lib/python3.10/dist-packages:${PYTHONPATH} /usr/bin/cmake --install /home/derek/work/build/realsense2_description
[1.395s] -- Install configuration: ""
[1.395s] -- Installing: /home/derek/work/install/realsense2_description/share/realsense2_description/launch
[1.395s] -- Installing: /home/derek/work/install/realsense2_description/share/realsense2_description/launch/launch_utils.py
[1.396s] -- Installing: /home/derek/work/install/realsense2_description/share/realsense2_description/launch/view_model.launch.py
[1.396s] -- Installing: /home/derek/work/install/realsense2_description/share/realsense2_description/meshes
[1.396s] -- Installing: /home/derek/work/install/realsense2_description/share/realsense2_description/meshes/plug_collision.stl
[1.396s] -- Installing: /home/derek/work/install/realsense2_description/share/realsense2_description/meshes/d415.stl
[1.415s] -- Installing: /home/derek/work/install/realsense2_description/share/realsense2_description/meshes/l515.dae
[1.441s] -- Installing: /home/derek/work/install/realsense2_description/share/realsense2_description/meshes/plug.stl
[1.441s] -- Installing: /home/derek/work/install/realsense2_description/share/realsense2_description/meshes/d405.stl
[1.442s] -- Installing: /home/derek/work/install/realsense2_description/share/realsense2_description/meshes/d455.stl
[1.444s] -- Installing: /home/derek/work/install/realsense2_description/share/realsense2_description/meshes/d435.dae
[1.456s] -- Installing: /home/derek/work/install/realsense2_description/share/realsense2_description/rviz
[1.456s] -- Installing: /home/derek/work/install/realsense2_description/share/realsense2_description/rviz/urdf.rviz
[1.456s] -- Installing: /home/derek/work/install/realsense2_description/share/realsense2_description/urdf
[1.456s] -- Installing: /home/derek/work/install/realsense2_description/share/realsense2_description/urdf/_d435.urdf.xacro
[1.456s] -- Installing: /home/derek/work/install/realsense2_description/share/realsense2_description/urdf/test_r430_camera.urdf.xacro
[1.457s] -- Installing: /home/derek/work/install/realsense2_description/share/realsense2_description/urdf/test_r410_camera.urdf.xacro
[1.457s] -- Installing: /home/derek/work/install/realsense2_description/share/realsense2_description/urdf/test_d405_camera.urdf.xacro
[1.457s] -- Installing: /home/derek/work/install/realsense2_description/share/realsense2_description/urdf/test_d455_camera.urdf.xacro
[1.457s] -- Installing: /home/derek/work/install/realsense2_description/share/realsense2_description/urdf/test_d435_multiple_cameras.urdf.xacro
[1.457s] -- Installing: /home/derek/work/install/realsense2_description/share/realsense2_description/urdf/test_d435_camera.urdf.xacro
[1.458s] -- Installing: /home/derek/work/install/realsense2_description/share/realsense2_description/urdf/_materials.urdf.xacro
[1.458s] -- Installing: /home/derek/work/install/realsense2_description/share/realsense2_description/urdf/_d415.urdf.xacro
[1.458s] -- Installing: /home/derek/work/install/realsense2_description/share/realsense2_description/urdf/_d435i.urdf.xacro
[1.458s] -- Installing: /home/derek/work/install/realsense2_description/share/realsense2_description/urdf/_r410.urdf.xacro
[1.458s] -- Installing: /home/derek/work/install/realsense2_description/share/realsense2_description/urdf/_d435i_imu_modules.urdf.xacro
[1.458s] -- Installing: /home/derek/work/install/realsense2_description/share/realsense2_description/urdf/test_d435i_camera.urdf.xacro
[1.459s] -- Installing: /home/derek/work/install/realsense2_description/share/realsense2_description/urdf/test_d415_camera.urdf.xacro
[1.459s] -- Installing: /home/derek/work/install/realsense2_description/share/realsense2_description/urdf/_usb_plug.urdf.xacro
[1.459s] -- Installing: /home/derek/work/install/realsense2_description/share/realsense2_description/urdf/_d455.urdf.xacro
[1.459s] -- Installing: /home/derek/work/install/realsense2_description/share/realsense2_description/urdf/_r430.urdf.xacro
[1.459s] -- Installing: /home/derek/work/install/realsense2_description/share/realsense2_description/urdf/_d405.urdf.xacro
[1.459s] -- Installing: /home/derek/work/install/realsense2_description/share/ament_index/resource_index/package_run_dependencies/realsense2_description
[1.459s] -- Installing: /home/derek/work/install/realsense2_description/share/ament_index/resource_index/parent_prefix_path/realsense2_description
[1.459s] -- Installing: /home/derek/work/install/realsense2_description/share/realsense2_description/environment/ament_prefix_path.sh
[1.460s] -- Installing: /home/derek/work/install/realsense2_description/share/realsense2_description/environment/ament_prefix_path.dsv
[1.460s] -- Installing: /home/derek/work/install/realsense2_description/share/realsense2_description/environment/path.sh
[1.460s] -- Installing: /home/derek/work/install/realsense2_description/share/realsense2_description/environment/path.dsv
[1.460s] -- Installing: /home/derek/work/install/realsense2_description/share/realsense2_description/local_setup.bash
[1.460s] -- Installing: /home/derek/work/install/realsense2_description/share/realsense2_description/local_setup.sh
[1.460s] -- Installing: /home/derek/work/install/realsense2_description/share/realsense2_description/local_setup.zsh
[1.460s] -- Installing: /home/derek/work/install/realsense2_description/share/realsense2_description/local_setup.dsv
[1.461s] -- Installing: /home/derek/work/install/realsense2_description/share/realsense2_description/package.dsv
[1.461s] -- Installing: /home/derek/work/install/realsense2_description/share/ament_index/resource_index/packages/realsense2_description
[1.461s] -- Installing: /home/derek/work/install/realsense2_description/share/realsense2_description/cmake/realsense2_descriptionConfig.cmake
[1.461s] -- Installing: /home/derek/work/install/realsense2_description/share/realsense2_description/cmake/realsense2_descriptionConfig-version.cmake
[1.461s] -- Installing: /home/derek/work/install/realsense2_description/share/realsense2_description/package.xml
[1.535s] Invoked command in '/home/derek/work/build/realsense2_description' returned '0': AMENT_PREFIX_PATH=/home/derek/work/install/realsense2_camera_msgs:${AMENT_PREFIX_PATH} CMAKE_PREFIX_PATH=/home/derek/work/install/realsense2_camera_msgs:/opt/ros/humble LD_LIBRARY_PATH=/home/derek/work/install/realsense2_camera_msgs/lib:/usr/lib/x86_64-linux-gnu/gazebo-11/plugins:/opt/ros/humble/opt/rviz_ogre_vendor/lib:/opt/ros/humble/lib/x86_64-linux-gnu:/opt/ros/humble/lib:/usr/local/nvidia/lib:/usr/local/nvidia/lib64:/usr/share/gazebo/../../lib/x86_64-linux-gnu/gazebo-11/plugins PYTHONPATH=/home/derek/work/install/realsense2_camera_msgs/local/lib/python3.10/dist-packages:${PYTHONPATH} /usr/bin/cmake --install /home/derek/work/build/realsense2_description
