[0.150s] Invoking command in '/home/derek/work/build/nav2_core': AMENT_PREFIX_PATH=/home/derek/work/install/nav2_costmap_2d:/home/derek/work/install/nav2_util:/home/derek/work/install/nav2_voxel_grid:/home/derek/work/install/nav2_msgs:/home/derek/work/install/nav2_common:${AMENT_PREFIX_PATH} CMAKE_PREFIX_PATH=/home/derek/work/install/nav2_costmap_2d:/home/derek/work/install/nav2_util:/home/derek/work/install/nav2_voxel_grid:/home/derek/work/install/nav2_msgs:/home/derek/work/install/nav2_common:/opt/ros/humble LD_LIBRARY_PATH=/home/derek/work/install/nav2_costmap_2d/lib:/home/derek/work/install/nav2_util/lib:/home/derek/work/install/nav2_voxel_grid/lib:/home/derek/work/install/nav2_msgs/lib:/usr/lib/x86_64-linux-gnu/gazebo-11/plugins:/opt/ros/humble/opt/rviz_ogre_vendor/lib:/opt/ros/humble/lib/x86_64-linux-gnu:/opt/ros/humble/lib:/usr/local/nvidia/lib:/usr/local/nvidia/lib64:/usr/share/gazebo/../../lib/x86_64-linux-gnu/gazebo-11/plugins PYTHONPATH=/home/derek/work/install/nav2_msgs/local/lib/python3.10/dist-packages:/home/derek/work/install/nav2_common/local/lib/python3.10/dist-packages:${PYTHONPATH} /usr/bin/cmake /home/derek/work/src/navigation2/nav2_core -DCMAKE_INSTALL_PREFIX=/home/derek/work/install/nav2_core
[0.205s] -- The C compiler identification is GNU 11.4.0
[0.257s] -- The CXX compiler identification is GNU 11.4.0
[0.265s] -- Detecting C compiler ABI info
[0.329s] -- Detecting C compiler ABI info - done
[0.339s] -- Check for working C compiler: /usr/bin/cc - skipped
[0.340s] -- Detecting C compile features
[0.340s] -- Detecting C compile features - done
[0.343s] -- Detecting CXX compiler ABI info
[0.417s] -- Detecting CXX compiler ABI info - done
[0.428s] -- Check for working CXX compiler: /usr/bin/c++ - skipped
[0.428s] -- Detecting CXX compile features
[0.428s] -- Detecting CXX compile features - done
[0.430s] -- Found ament_cmake: 1.3.7 (/opt/ros/humble/share/ament_cmake/cmake)
[0.886s] -- Found Python3: /usr/bin/python3.10 (found version "3.10.12") found components: Interpreter 
[0.969s] -- Found nav2_common: 1.1.13 (/home/derek/work/install/nav2_common/share/nav2_common/cmake)
[0.971s] -- Found rclcpp: 16.0.8 (/opt/ros/humble/share/rclcpp/cmake)
[1.011s] -- Found rosidl_generator_c: 3.1.5 (/opt/ros/humble/share/rosidl_generator_c/cmake)
[1.016s] -- Found rosidl_adapter: 3.1.5 (/opt/ros/humble/share/rosidl_adapter/cmake)
[1.024s] -- Found rosidl_generator_cpp: 3.1.5 (/opt/ros/humble/share/rosidl_generator_cpp/cmake)
[1.036s] -- Using all available rosidl_typesupport_c: rosidl_typesupport_fastrtps_c;rosidl_typesupport_introspection_c
[1.055s] -- Using all available rosidl_typesupport_cpp: rosidl_typesupport_fastrtps_cpp;rosidl_typesupport_introspection_cpp
[1.118s] -- Found rmw_implementation_cmake: 6.1.1 (/opt/ros/humble/share/rmw_implementation_cmake/cmake)
[1.121s] -- Found rmw_fastrtps_cpp: 6.2.6 (/opt/ros/humble/share/rmw_fastrtps_cpp/cmake)
[1.220s] -- Found OpenSSL: /usr/lib/x86_64-linux-gnu/libcrypto.so (found version "3.0.2")  
[1.255s] -- Found FastRTPS: /opt/ros/humble/include  
[1.309s] -- Using RMW implementation 'rmw_fastrtps_cpp' as default
[1.320s] -- Looking for pthread.h
[1.390s] -- Looking for pthread.h - found
[1.391s] -- Performing Test CMAKE_HAVE_LIBC_PTHREAD
[1.452s] -- Performing Test CMAKE_HAVE_LIBC_PTHREAD - Success
[1.454s] -- Found Threads: TRUE  
[1.596s] -- Found rclcpp_lifecycle: 16.0.8 (/opt/ros/humble/share/rclcpp_lifecycle/cmake)
[1.632s] -- Found geometry_msgs: 4.2.3 (/opt/ros/humble/share/geometry_msgs/cmake)
[1.669s] -- Found nav2_costmap_2d: 1.1.13 (/home/derek/work/install/nav2_costmap_2d/share/nav2_costmap_2d/cmake)
[2.470s] -- Found Eigen3: TRUE (found version "3.4.0") 
[2.470s] -- Ensuring Eigen3 include directory is part of orocos-kdl CMake target
[3.316s] -- Setting build type to Release as none was specified.
[3.317s] -- Found ament_lint_auto: 0.12.10 (/opt/ros/humble/share/ament_lint_auto/cmake)
[3.413s] -- Added test 'cppcheck' to perform static code analysis on C / C++ code
[3.413s] -- Configured cppcheck include dirs: 
[3.414s] -- Configured cppcheck exclude dirs and/or files: 
[3.414s] -- Added test 'cpplint' to check C / C++ code against the Google style
[3.414s] -- Configured cpplint exclude dirs and/or files: 
[3.415s] -- Added test 'lint_cmake' to check CMake code style
[3.415s] -- Added test 'uncrustify' to check C / C++ code style
[3.415s] -- Configured uncrustify additional arguments: 
[3.416s] -- Added test 'xmllint' to check XML markup files
[3.417s] -- Configuring done
[3.423s] -- Generating done
[3.424s] -- Build files have been written to: /home/derek/work/build/nav2_core
[3.432s] Invoked command in '/home/derek/work/build/nav2_core' returned '0': AMENT_PREFIX_PATH=/home/derek/work/install/nav2_costmap_2d:/home/derek/work/install/nav2_util:/home/derek/work/install/nav2_voxel_grid:/home/derek/work/install/nav2_msgs:/home/derek/work/install/nav2_common:${AMENT_PREFIX_PATH} CMAKE_PREFIX_PATH=/home/derek/work/install/nav2_costmap_2d:/home/derek/work/install/nav2_util:/home/derek/work/install/nav2_voxel_grid:/home/derek/work/install/nav2_msgs:/home/derek/work/install/nav2_common:/opt/ros/humble LD_LIBRARY_PATH=/home/derek/work/install/nav2_costmap_2d/lib:/home/derek/work/install/nav2_util/lib:/home/derek/work/install/nav2_voxel_grid/lib:/home/derek/work/install/nav2_msgs/lib:/usr/lib/x86_64-linux-gnu/gazebo-11/plugins:/opt/ros/humble/opt/rviz_ogre_vendor/lib:/opt/ros/humble/lib/x86_64-linux-gnu:/opt/ros/humble/lib:/usr/local/nvidia/lib:/usr/local/nvidia/lib64:/usr/share/gazebo/../../lib/x86_64-linux-gnu/gazebo-11/plugins PYTHONPATH=/home/derek/work/install/nav2_msgs/local/lib/python3.10/dist-packages:/home/derek/work/install/nav2_common/local/lib/python3.10/dist-packages:${PYTHONPATH} /usr/bin/cmake /home/derek/work/src/navigation2/nav2_core -DCMAKE_INSTALL_PREFIX=/home/derek/work/install/nav2_core
[3.434s] Invoking command in '/home/derek/work/build/nav2_core': AMENT_PREFIX_PATH=/home/derek/work/install/nav2_costmap_2d:/home/derek/work/install/nav2_util:/home/derek/work/install/nav2_voxel_grid:/home/derek/work/install/nav2_msgs:/home/derek/work/install/nav2_common:${AMENT_PREFIX_PATH} CMAKE_PREFIX_PATH=/home/derek/work/install/nav2_costmap_2d:/home/derek/work/install/nav2_util:/home/derek/work/install/nav2_voxel_grid:/home/derek/work/install/nav2_msgs:/home/derek/work/install/nav2_common:/opt/ros/humble LD_LIBRARY_PATH=/home/derek/work/install/nav2_costmap_2d/lib:/home/derek/work/install/nav2_util/lib:/home/derek/work/install/nav2_voxel_grid/lib:/home/derek/work/install/nav2_msgs/lib:/usr/lib/x86_64-linux-gnu/gazebo-11/plugins:/opt/ros/humble/opt/rviz_ogre_vendor/lib:/opt/ros/humble/lib/x86_64-linux-gnu:/opt/ros/humble/lib:/usr/local/nvidia/lib:/usr/local/nvidia/lib64:/usr/share/gazebo/../../lib/x86_64-linux-gnu/gazebo-11/plugins PYTHONPATH=/home/derek/work/install/nav2_msgs/local/lib/python3.10/dist-packages:/home/derek/work/install/nav2_common/local/lib/python3.10/dist-packages:${PYTHONPATH} /usr/bin/cmake --build /home/derek/work/build/nav2_core -- -j16 -l16
[3.470s] Invoked command in '/home/derek/work/build/nav2_core' returned '0': AMENT_PREFIX_PATH=/home/derek/work/install/nav2_costmap_2d:/home/derek/work/install/nav2_util:/home/derek/work/install/nav2_voxel_grid:/home/derek/work/install/nav2_msgs:/home/derek/work/install/nav2_common:${AMENT_PREFIX_PATH} CMAKE_PREFIX_PATH=/home/derek/work/install/nav2_costmap_2d:/home/derek/work/install/nav2_util:/home/derek/work/install/nav2_voxel_grid:/home/derek/work/install/nav2_msgs:/home/derek/work/install/nav2_common:/opt/ros/humble LD_LIBRARY_PATH=/home/derek/work/install/nav2_costmap_2d/lib:/home/derek/work/install/nav2_util/lib:/home/derek/work/install/nav2_voxel_grid/lib:/home/derek/work/install/nav2_msgs/lib:/usr/lib/x86_64-linux-gnu/gazebo-11/plugins:/opt/ros/humble/opt/rviz_ogre_vendor/lib:/opt/ros/humble/lib/x86_64-linux-gnu:/opt/ros/humble/lib:/usr/local/nvidia/lib:/usr/local/nvidia/lib64:/usr/share/gazebo/../../lib/x86_64-linux-gnu/gazebo-11/plugins PYTHONPATH=/home/derek/work/install/nav2_msgs/local/lib/python3.10/dist-packages:/home/derek/work/install/nav2_common/local/lib/python3.10/dist-packages:${PYTHONPATH} /usr/bin/cmake --build /home/derek/work/build/nav2_core -- -j16 -l16
[3.488s] Invoking command in '/home/derek/work/build/nav2_core': AMENT_PREFIX_PATH=/home/derek/work/install/nav2_costmap_2d:/home/derek/work/install/nav2_util:/home/derek/work/install/nav2_voxel_grid:/home/derek/work/install/nav2_msgs:/home/derek/work/install/nav2_common:${AMENT_PREFIX_PATH} CMAKE_PREFIX_PATH=/home/derek/work/install/nav2_costmap_2d:/home/derek/work/install/nav2_util:/home/derek/work/install/nav2_voxel_grid:/home/derek/work/install/nav2_msgs:/home/derek/work/install/nav2_common:/opt/ros/humble LD_LIBRARY_PATH=/home/derek/work/install/nav2_costmap_2d/lib:/home/derek/work/install/nav2_util/lib:/home/derek/work/install/nav2_voxel_grid/lib:/home/derek/work/install/nav2_msgs/lib:/usr/lib/x86_64-linux-gnu/gazebo-11/plugins:/opt/ros/humble/opt/rviz_ogre_vendor/lib:/opt/ros/humble/lib/x86_64-linux-gnu:/opt/ros/humble/lib:/usr/local/nvidia/lib:/usr/local/nvidia/lib64:/usr/share/gazebo/../../lib/x86_64-linux-gnu/gazebo-11/plugins PYTHONPATH=/home/derek/work/install/nav2_msgs/local/lib/python3.10/dist-packages:/home/derek/work/install/nav2_common/local/lib/python3.10/dist-packages:${PYTHONPATH} /usr/bin/cmake --install /home/derek/work/build/nav2_core
[3.496s] -- Install configuration: "Release"
[3.496s] -- Installing: /home/derek/work/install/nav2_core/include/
[3.496s] -- Installing: /home/derek/work/install/nav2_core/include//nav2_core
[3.496s] -- Installing: /home/derek/work/install/nav2_core/include//nav2_core/waypoint_task_executor.hpp
[3.496s] -- Installing: /home/derek/work/install/nav2_core/include//nav2_core/global_planner.hpp
[3.496s] -- Installing: /home/derek/work/install/nav2_core/include//nav2_core/behavior.hpp
[3.496s] -- Installing: /home/derek/work/install/nav2_core/include//nav2_core/controller.hpp
[3.496s] -- Installing: /home/derek/work/install/nav2_core/include//nav2_core/progress_checker.hpp
[3.497s] -- Installing: /home/derek/work/install/nav2_core/include//nav2_core/smoother.hpp
[3.497s] -- Installing: /home/derek/work/install/nav2_core/include//nav2_core/goal_checker.hpp
[3.497s] -- Installing: /home/derek/work/install/nav2_core/include//nav2_core/exceptions.hpp
[3.497s] -- Installing: /home/derek/work/install/nav2_core/share/ament_index/resource_index/package_run_dependencies/nav2_core
[3.497s] -- Installing: /home/derek/work/install/nav2_core/share/ament_index/resource_index/parent_prefix_path/nav2_core
[3.498s] -- Installing: /home/derek/work/install/nav2_core/share/nav2_core/environment/ament_prefix_path.sh
[3.498s] -- Installing: /home/derek/work/install/nav2_core/share/nav2_core/environment/ament_prefix_path.dsv
[3.498s] -- Installing: /home/derek/work/install/nav2_core/share/nav2_core/environment/path.sh
[3.498s] -- Installing: /home/derek/work/install/nav2_core/share/nav2_core/environment/path.dsv
[3.498s] -- Installing: /home/derek/work/install/nav2_core/share/nav2_core/local_setup.bash
[3.498s] -- Installing: /home/derek/work/install/nav2_core/share/nav2_core/local_setup.sh
[3.499s] -- Installing: /home/derek/work/install/nav2_core/share/nav2_core/local_setup.zsh
[3.499s] -- Installing: /home/derek/work/install/nav2_core/share/nav2_core/local_setup.dsv
[3.499s] -- Installing: /home/derek/work/install/nav2_core/share/nav2_core/package.dsv
[3.499s] -- Installing: /home/derek/work/install/nav2_core/share/ament_index/resource_index/packages/nav2_core
[3.499s] -- Installing: /home/derek/work/install/nav2_core/share/nav2_core/cmake/ament_cmake_export_include_directories-extras.cmake
[3.500s] -- Installing: /home/derek/work/install/nav2_core/share/nav2_core/cmake/ament_cmake_export_dependencies-extras.cmake
[3.500s] -- Installing: /home/derek/work/install/nav2_core/share/nav2_core/cmake/nav2_coreConfig.cmake
[3.500s] -- Installing: /home/derek/work/install/nav2_core/share/nav2_core/cmake/nav2_coreConfig-version.cmake
[3.500s] -- Installing: /home/derek/work/install/nav2_core/share/nav2_core/package.xml
[3.502s] Invoked command in '/home/derek/work/build/nav2_core' returned '0': AMENT_PREFIX_PATH=/home/derek/work/install/nav2_costmap_2d:/home/derek/work/install/nav2_util:/home/derek/work/install/nav2_voxel_grid:/home/derek/work/install/nav2_msgs:/home/derek/work/install/nav2_common:${AMENT_PREFIX_PATH} CMAKE_PREFIX_PATH=/home/derek/work/install/nav2_costmap_2d:/home/derek/work/install/nav2_util:/home/derek/work/install/nav2_voxel_grid:/home/derek/work/install/nav2_msgs:/home/derek/work/install/nav2_common:/opt/ros/humble LD_LIBRARY_PATH=/home/derek/work/install/nav2_costmap_2d/lib:/home/derek/work/install/nav2_util/lib:/home/derek/work/install/nav2_voxel_grid/lib:/home/derek/work/install/nav2_msgs/lib:/usr/lib/x86_64-linux-gnu/gazebo-11/plugins:/opt/ros/humble/opt/rviz_ogre_vendor/lib:/opt/ros/humble/lib/x86_64-linux-gnu:/opt/ros/humble/lib:/usr/local/nvidia/lib:/usr/local/nvidia/lib64:/usr/share/gazebo/../../lib/x86_64-linux-gnu/gazebo-11/plugins PYTHONPATH=/home/derek/work/install/nav2_msgs/local/lib/python3.10/dist-packages:/home/derek/work/install/nav2_common/local/lib/python3.10/dist-packages:${PYTHONPATH} /usr/bin/cmake --install /home/derek/work/build/nav2_core
