[0.069s] Invoking command in '/home/derek/work/build/costmap_queue': AMENT_PREFIX_PATH=/home/derek/work/install/nav2_costmap_2d:/home/derek/work/install/nav2_util:/home/derek/work/install/nav2_voxel_grid:/home/derek/work/install/nav2_msgs:/home/derek/work/install/nav2_common:${AMENT_PREFIX_PATH} CMAKE_PREFIX_PATH=/home/derek/work/install/nav2_costmap_2d:/home/derek/work/install/nav2_util:/home/derek/work/install/nav2_voxel_grid:/home/derek/work/install/nav2_msgs:/home/derek/work/install/nav2_common:/opt/ros/humble LD_LIBRARY_PATH=/home/derek/work/install/nav2_costmap_2d/lib:/home/derek/work/install/nav2_util/lib:/home/derek/work/install/nav2_voxel_grid/lib:/home/derek/work/install/nav2_msgs/lib:/usr/lib/x86_64-linux-gnu/gazebo-11/plugins:/opt/ros/humble/opt/rviz_ogre_vendor/lib:/opt/ros/humble/lib/x86_64-linux-gnu:/opt/ros/humble/lib:/usr/local/nvidia/lib:/usr/local/nvidia/lib64:/usr/share/gazebo/../../lib/x86_64-linux-gnu/gazebo-11/plugins PYTHONPATH=/home/derek/work/install/nav2_msgs/local/lib/python3.10/dist-packages:/home/derek/work/install/nav2_common/local/lib/python3.10/dist-packages:${PYTHONPATH} /usr/bin/cmake --build /home/derek/work/build/costmap_queue -- -j16 -l16
[0.108s] [35m[1mConsolidate compiler generated dependencies of target gtest_main[0m
[0.110s] [35m[1mConsolidate compiler generated dependencies of target costmap_queue[0m
[0.111s] [35m[1mConsolidate compiler generated dependencies of target gtest[0m
[0.121s] [ 18%] Built target gtest_main
[0.123s] [ 36%] Built target gtest
[0.123s] [ 63%] Built target costmap_queue
[0.133s] [35m[1mConsolidate compiler generated dependencies of target mbq_test[0m
[0.133s] [35m[1mConsolidate compiler generated dependencies of target utest[0m
[0.145s] [ 81%] Built target mbq_test
[0.147s] [100%] Built target utest
[0.181s] Invoked command in '/home/derek/work/build/costmap_queue' returned '0': AMENT_PREFIX_PATH=/home/derek/work/install/nav2_costmap_2d:/home/derek/work/install/nav2_util:/home/derek/work/install/nav2_voxel_grid:/home/derek/work/install/nav2_msgs:/home/derek/work/install/nav2_common:${AMENT_PREFIX_PATH} CMAKE_PREFIX_PATH=/home/derek/work/install/nav2_costmap_2d:/home/derek/work/install/nav2_util:/home/derek/work/install/nav2_voxel_grid:/home/derek/work/install/nav2_msgs:/home/derek/work/install/nav2_common:/opt/ros/humble LD_LIBRARY_PATH=/home/derek/work/install/nav2_costmap_2d/lib:/home/derek/work/install/nav2_util/lib:/home/derek/work/install/nav2_voxel_grid/lib:/home/derek/work/install/nav2_msgs/lib:/usr/lib/x86_64-linux-gnu/gazebo-11/plugins:/opt/ros/humble/opt/rviz_ogre_vendor/lib:/opt/ros/humble/lib/x86_64-linux-gnu:/opt/ros/humble/lib:/usr/local/nvidia/lib:/usr/local/nvidia/lib64:/usr/share/gazebo/../../lib/x86_64-linux-gnu/gazebo-11/plugins PYTHONPATH=/home/derek/work/install/nav2_msgs/local/lib/python3.10/dist-packages:/home/derek/work/install/nav2_common/local/lib/python3.10/dist-packages:${PYTHONPATH} /usr/bin/cmake --build /home/derek/work/build/costmap_queue -- -j16 -l16
[0.692s] Invoking command in '/home/derek/work/build/costmap_queue': AMENT_PREFIX_PATH=/home/derek/work/install/nav2_costmap_2d:/home/derek/work/install/nav2_util:/home/derek/work/install/nav2_voxel_grid:/home/derek/work/install/nav2_msgs:/home/derek/work/install/nav2_common:${AMENT_PREFIX_PATH} CMAKE_PREFIX_PATH=/home/derek/work/install/nav2_costmap_2d:/home/derek/work/install/nav2_util:/home/derek/work/install/nav2_voxel_grid:/home/derek/work/install/nav2_msgs:/home/derek/work/install/nav2_common:/opt/ros/humble LD_LIBRARY_PATH=/home/derek/work/install/nav2_costmap_2d/lib:/home/derek/work/install/nav2_util/lib:/home/derek/work/install/nav2_voxel_grid/lib:/home/derek/work/install/nav2_msgs/lib:/usr/lib/x86_64-linux-gnu/gazebo-11/plugins:/opt/ros/humble/opt/rviz_ogre_vendor/lib:/opt/ros/humble/lib/x86_64-linux-gnu:/opt/ros/humble/lib:/usr/local/nvidia/lib:/usr/local/nvidia/lib64:/usr/share/gazebo/../../lib/x86_64-linux-gnu/gazebo-11/plugins PYTHONPATH=/home/derek/work/install/nav2_msgs/local/lib/python3.10/dist-packages:/home/derek/work/install/nav2_common/local/lib/python3.10/dist-packages:${PYTHONPATH} /usr/bin/cmake --install /home/derek/work/build/costmap_queue
[0.711s] -- Install configuration: "Release"
[0.712s] -- Up-to-date: /home/derek/work/install/costmap_queue/lib/libcostmap_queue.a
[0.712s] -- Up-to-date: /home/derek/work/install/costmap_queue/include/
[0.712s] -- Up-to-date: /home/derek/work/install/costmap_queue/include//costmap_queue
[0.712s] -- Up-to-date: /home/derek/work/install/costmap_queue/include//costmap_queue/costmap_queue.hpp
[0.713s] -- Up-to-date: /home/derek/work/install/costmap_queue/include//costmap_queue/limited_costmap_queue.hpp
[0.714s] -- Up-to-date: /home/derek/work/install/costmap_queue/include//costmap_queue/map_based_queue.hpp
[0.714s] -- Up-to-date: /home/derek/work/install/costmap_queue/share/costmap_queue/environment/library_path.sh
[0.714s] -- Up-to-date: /home/derek/work/install/costmap_queue/share/costmap_queue/environment/library_path.dsv
[0.714s] -- Up-to-date: /home/derek/work/install/costmap_queue/share/ament_index/resource_index/package_run_dependencies/costmap_queue
[0.715s] -- Up-to-date: /home/derek/work/install/costmap_queue/share/ament_index/resource_index/parent_prefix_path/costmap_queue
[0.715s] -- Up-to-date: /home/derek/work/install/costmap_queue/share/costmap_queue/environment/ament_prefix_path.sh
[0.715s] -- Up-to-date: /home/derek/work/install/costmap_queue/share/costmap_queue/environment/ament_prefix_path.dsv
[0.715s] -- Up-to-date: /home/derek/work/install/costmap_queue/share/costmap_queue/environment/path.sh
[0.715s] -- Up-to-date: /home/derek/work/install/costmap_queue/share/costmap_queue/environment/path.dsv
[0.715s] -- Up-to-date: /home/derek/work/install/costmap_queue/share/costmap_queue/local_setup.bash
[0.716s] -- Up-to-date: /home/derek/work/install/costmap_queue/share/costmap_queue/local_setup.sh
[0.716s] -- Up-to-date: /home/derek/work/install/costmap_queue/share/costmap_queue/local_setup.zsh
[0.716s] -- Up-to-date: /home/derek/work/install/costmap_queue/share/costmap_queue/local_setup.dsv
[0.716s] -- Installing: /home/derek/work/install/costmap_queue/share/costmap_queue/package.dsv
[0.716s] -- Up-to-date: /home/derek/work/install/costmap_queue/share/ament_index/resource_index/packages/costmap_queue
[0.716s] -- Up-to-date: /home/derek/work/install/costmap_queue/share/costmap_queue/cmake/ament_cmake_export_include_directories-extras.cmake
[0.717s] -- Up-to-date: /home/derek/work/install/costmap_queue/share/costmap_queue/cmake/ament_cmake_export_libraries-extras.cmake
[0.717s] -- Up-to-date: /home/derek/work/install/costmap_queue/share/costmap_queue/cmake/costmap_queueConfig.cmake
[0.717s] -- Up-to-date: /home/derek/work/install/costmap_queue/share/costmap_queue/cmake/costmap_queueConfig-version.cmake
[0.717s] -- Up-to-date: /home/derek/work/install/costmap_queue/share/costmap_queue/package.xml
[0.873s] Invoked command in '/home/derek/work/build/costmap_queue' returned '0': AMENT_PREFIX_PATH=/home/derek/work/install/nav2_costmap_2d:/home/derek/work/install/nav2_util:/home/derek/work/install/nav2_voxel_grid:/home/derek/work/install/nav2_msgs:/home/derek/work/install/nav2_common:${AMENT_PREFIX_PATH} CMAKE_PREFIX_PATH=/home/derek/work/install/nav2_costmap_2d:/home/derek/work/install/nav2_util:/home/derek/work/install/nav2_voxel_grid:/home/derek/work/install/nav2_msgs:/home/derek/work/install/nav2_common:/opt/ros/humble LD_LIBRARY_PATH=/home/derek/work/install/nav2_costmap_2d/lib:/home/derek/work/install/nav2_util/lib:/home/derek/work/install/nav2_voxel_grid/lib:/home/derek/work/install/nav2_msgs/lib:/usr/lib/x86_64-linux-gnu/gazebo-11/plugins:/opt/ros/humble/opt/rviz_ogre_vendor/lib:/opt/ros/humble/lib/x86_64-linux-gnu:/opt/ros/humble/lib:/usr/local/nvidia/lib:/usr/local/nvidia/lib64:/usr/share/gazebo/../../lib/x86_64-linux-gnu/gazebo-11/plugins PYTHONPATH=/home/derek/work/install/nav2_msgs/local/lib/python3.10/dist-packages:/home/derek/work/install/nav2_common/local/lib/python3.10/dist-packages:${PYTHONPATH} /usr/bin/cmake --install /home/derek/work/build/costmap_queue
