[0.220s] Invoking command in '/home/derek/work/build/dwb_critics': AMENT_PREFIX_PATH=/home/derek/work/install/dwb_core:/home/derek/work/install/nav2_core:/home/derek/work/install/costmap_queue:/home/derek/work/install/nav2_costmap_2d:/home/derek/work/install/nav_2d_utils:/home/derek/work/install/nav2_util:/home/derek/work/install/nav2_voxel_grid:/home/derek/work/install/nav2_msgs:/home/derek/work/install/dwb_msgs:/home/derek/work/install/nav_2d_msgs:/home/derek/work/install/nav2_common:${AMENT_PREFIX_PATH} CMAKE_PREFIX_PATH=/home/derek/work/install/dwb_core:/home/derek/work/install/nav2_core:/home/derek/work/install/costmap_queue:/home/derek/work/install/nav2_costmap_2d:/home/derek/work/install/nav_2d_utils:/home/derek/work/install/nav2_util:/home/derek/work/install/nav2_voxel_grid:/home/derek/work/install/nav2_msgs:/home/derek/work/install/dwb_msgs:/home/derek/work/install/nav_2d_msgs:/home/derek/work/install/nav2_common:/opt/ros/humble LD_LIBRARY_PATH=/home/derek/work/install/dwb_core/lib:/home/derek/work/install/costmap_queue/lib:/home/derek/work/install/nav2_costmap_2d/lib:/home/derek/work/install/nav_2d_utils/lib:/home/derek/work/install/nav2_util/lib:/home/derek/work/install/nav2_voxel_grid/lib:/home/derek/work/install/nav2_msgs/lib:/home/derek/work/install/dwb_msgs/lib:/home/derek/work/install/nav_2d_msgs/lib:/usr/lib/x86_64-linux-gnu/gazebo-11/plugins:/opt/ros/humble/opt/rviz_ogre_vendor/lib:/opt/ros/humble/lib/x86_64-linux-gnu:/opt/ros/humble/lib:/usr/local/nvidia/lib:/usr/local/nvidia/lib64:/usr/share/gazebo/../../lib/x86_64-linux-gnu/gazebo-11/plugins PYTHONPATH=/home/derek/work/install/nav2_msgs/local/lib/python3.10/dist-packages:/home/derek/work/install/dwb_msgs/local/lib/python3.10/dist-packages:/home/derek/work/install/nav_2d_msgs/local/lib/python3.10/dist-packages:/home/derek/work/install/nav2_common/local/lib/python3.10/dist-packages:${PYTHONPATH} /usr/bin/cmake /home/derek/work/src/navigation2/nav2_dwb_controller/dwb_critics -DCMAKE_INSTALL_PREFIX=/home/derek/work/install/dwb_critics
[6.535s] -- The C compiler identification is GNU 11.4.0
[6.535s] -- The CXX compiler identification is GNU 11.4.0
[6.536s] -- Detecting C compiler ABI info
[6.536s] -- Detecting C compiler ABI info - done
[6.536s] -- Check for working C compiler: /usr/bin/cc - skipped
[6.536s] -- Detecting C compile features
[6.536s] -- Detecting C compile features - done
[6.536s] -- Detecting CXX compiler ABI info
[6.536s] -- Detecting CXX compiler ABI info - done
[6.536s] -- Check for working CXX compiler: /usr/bin/c++ - skipped
[6.536s] -- Detecting CXX compile features
[6.536s] -- Detecting CXX compile features - done
[6.536s] -- Found ament_cmake: 1.3.7 (/opt/ros/humble/share/ament_cmake/cmake)
[6.536s] -- Found Python3: /usr/bin/python3.10 (found version "3.10.12") found components: Interpreter 
[6.536s] -- Found nav2_common: 1.1.13 (/home/derek/work/install/nav2_common/share/nav2_common/cmake)
[6.537s] -- Found angles: 1.15.0 (/opt/ros/humble/share/angles/cmake)
[6.537s] -- Found nav2_costmap_2d: 1.1.13 (/home/derek/work/install/nav2_costmap_2d/share/nav2_costmap_2d/cmake)
[6.537s] -- Found rosidl_generator_c: 3.1.5 (/opt/ros/humble/share/rosidl_generator_c/cmake)
[6.537s] -- Found rosidl_adapter: 3.1.5 (/opt/ros/humble/share/rosidl_adapter/cmake)
[6.537s] -- Found rosidl_generator_cpp: 3.1.5 (/opt/ros/humble/share/rosidl_generator_cpp/cmake)
[6.537s] -- Using all available rosidl_typesupport_c: rosidl_typesupport_fastrtps_c;rosidl_typesupport_introspection_c
[6.537s] -- Using all available rosidl_typesupport_cpp: rosidl_typesupport_fastrtps_cpp;rosidl_typesupport_introspection_cpp
[6.537s] -- Found rmw_implementation_cmake: 6.1.1 (/opt/ros/humble/share/rmw_implementation_cmake/cmake)
[6.537s] -- Found rmw_fastrtps_cpp: 6.2.6 (/opt/ros/humble/share/rmw_fastrtps_cpp/cmake)
[6.537s] -- Found OpenSSL: /usr/lib/x86_64-linux-gnu/libcrypto.so (found version "3.0.2")  
[6.537s] -- Found FastRTPS: /opt/ros/humble/include  
[6.537s] -- Using RMW implementation 'rmw_fastrtps_cpp' as default
[6.537s] -- Looking for pthread.h
[6.537s] -- Looking for pthread.h - found
[6.538s] -- Performing Test CMAKE_HAVE_LIBC_PTHREAD
[6.538s] -- Performing Test CMAKE_HAVE_LIBC_PTHREAD - Success
[6.538s] -- Found Threads: TRUE  
[6.538s] -- Found Eigen3: TRUE (found version "3.4.0") 
[6.538s] -- Ensuring Eigen3 include directory is part of orocos-kdl CMake target
[6.538s] -- Found costmap_queue: 1.1.13 (/home/derek/work/install/costmap_queue/share/costmap_queue/cmake)
[6.538s] -- Found dwb_core: 1.1.13 (/home/derek/work/install/dwb_core/share/dwb_core/cmake)
[8.920s] -- Setting build type to Release as none was specified.
[18.089s] -- Found ament_lint_auto: 0.12.10 (/opt/ros/humble/share/ament_lint_auto/cmake)
[18.197s] -- Found gtest sources under '/opt/ros/humble/src/gtest_vendor': C++ tests using 'Google Test' will be built
[18.215s] -- Added test 'cppcheck' to perform static code analysis on C / C++ code
[18.216s] -- Configured cppcheck include dirs: /home/derek/work/src/navigation2/nav2_dwb_controller/dwb_critics/include
[18.216s] -- Configured cppcheck exclude dirs and/or files: 
[18.218s] -- Added test 'cpplint' to check C / C++ code against the Google style
[18.219s] -- Configured cpplint exclude dirs and/or files: 
[18.220s] -- Added test 'lint_cmake' to check CMake code style
[18.223s] -- Added test 'uncrustify' to check C / C++ code style
[18.224s] -- Configured uncrustify additional arguments: 
[18.224s] -- Added test 'xmllint' to check XML markup files
[18.226s] -- Configuring done
[18.512s] -- Generating done
[18.516s] -- Build files have been written to: /home/derek/work/build/dwb_critics
[18.542s] Invoked command in '/home/derek/work/build/dwb_critics' returned '0': AMENT_PREFIX_PATH=/home/derek/work/install/dwb_core:/home/derek/work/install/nav2_core:/home/derek/work/install/costmap_queue:/home/derek/work/install/nav2_costmap_2d:/home/derek/work/install/nav_2d_utils:/home/derek/work/install/nav2_util:/home/derek/work/install/nav2_voxel_grid:/home/derek/work/install/nav2_msgs:/home/derek/work/install/dwb_msgs:/home/derek/work/install/nav_2d_msgs:/home/derek/work/install/nav2_common:${AMENT_PREFIX_PATH} CMAKE_PREFIX_PATH=/home/derek/work/install/dwb_core:/home/derek/work/install/nav2_core:/home/derek/work/install/costmap_queue:/home/derek/work/install/nav2_costmap_2d:/home/derek/work/install/nav_2d_utils:/home/derek/work/install/nav2_util:/home/derek/work/install/nav2_voxel_grid:/home/derek/work/install/nav2_msgs:/home/derek/work/install/dwb_msgs:/home/derek/work/install/nav_2d_msgs:/home/derek/work/install/nav2_common:/opt/ros/humble LD_LIBRARY_PATH=/home/derek/work/install/dwb_core/lib:/home/derek/work/install/costmap_queue/lib:/home/derek/work/install/nav2_costmap_2d/lib:/home/derek/work/install/nav_2d_utils/lib:/home/derek/work/install/nav2_util/lib:/home/derek/work/install/nav2_voxel_grid/lib:/home/derek/work/install/nav2_msgs/lib:/home/derek/work/install/dwb_msgs/lib:/home/derek/work/install/nav_2d_msgs/lib:/usr/lib/x86_64-linux-gnu/gazebo-11/plugins:/opt/ros/humble/opt/rviz_ogre_vendor/lib:/opt/ros/humble/lib/x86_64-linux-gnu:/opt/ros/humble/lib:/usr/local/nvidia/lib:/usr/local/nvidia/lib64:/usr/share/gazebo/../../lib/x86_64-linux-gnu/gazebo-11/plugins PYTHONPATH=/home/derek/work/install/nav2_msgs/local/lib/python3.10/dist-packages:/home/derek/work/install/dwb_msgs/local/lib/python3.10/dist-packages:/home/derek/work/install/nav_2d_msgs/local/lib/python3.10/dist-packages:/home/derek/work/install/nav2_common/local/lib/python3.10/dist-packages:${PYTHONPATH} /usr/bin/cmake /home/derek/work/src/navigation2/nav2_dwb_controller/dwb_critics -DCMAKE_INSTALL_PREFIX=/home/derek/work/install/dwb_critics
[18.542s] Invoking command in '/home/derek/work/build/dwb_critics': AMENT_PREFIX_PATH=/home/derek/work/install/dwb_core:/home/derek/work/install/nav2_core:/home/derek/work/install/costmap_queue:/home/derek/work/install/nav2_costmap_2d:/home/derek/work/install/nav_2d_utils:/home/derek/work/install/nav2_util:/home/derek/work/install/nav2_voxel_grid:/home/derek/work/install/nav2_msgs:/home/derek/work/install/dwb_msgs:/home/derek/work/install/nav_2d_msgs:/home/derek/work/install/nav2_common:${AMENT_PREFIX_PATH} CMAKE_PREFIX_PATH=/home/derek/work/install/dwb_core:/home/derek/work/install/nav2_core:/home/derek/work/install/costmap_queue:/home/derek/work/install/nav2_costmap_2d:/home/derek/work/install/nav_2d_utils:/home/derek/work/install/nav2_util:/home/derek/work/install/nav2_voxel_grid:/home/derek/work/install/nav2_msgs:/home/derek/work/install/dwb_msgs:/home/derek/work/install/nav_2d_msgs:/home/derek/work/install/nav2_common:/opt/ros/humble LD_LIBRARY_PATH=/home/derek/work/install/dwb_core/lib:/home/derek/work/install/costmap_queue/lib:/home/derek/work/install/nav2_costmap_2d/lib:/home/derek/work/install/nav_2d_utils/lib:/home/derek/work/install/nav2_util/lib:/home/derek/work/install/nav2_voxel_grid/lib:/home/derek/work/install/nav2_msgs/lib:/home/derek/work/install/dwb_msgs/lib:/home/derek/work/install/nav_2d_msgs/lib:/usr/lib/x86_64-linux-gnu/gazebo-11/plugins:/opt/ros/humble/opt/rviz_ogre_vendor/lib:/opt/ros/humble/lib/x86_64-linux-gnu:/opt/ros/humble/lib:/usr/local/nvidia/lib:/usr/local/nvidia/lib64:/usr/share/gazebo/../../lib/x86_64-linux-gnu/gazebo-11/plugins PYTHONPATH=/home/derek/work/install/nav2_msgs/local/lib/python3.10/dist-packages:/home/derek/work/install/dwb_msgs/local/lib/python3.10/dist-packages:/home/derek/work/install/nav_2d_msgs/local/lib/python3.10/dist-packages:/home/derek/work/install/nav2_common/local/lib/python3.10/dist-packages:${PYTHONPATH} /usr/bin/cmake --build /home/derek/work/build/dwb_critics -- -j16 -l16
[18.633s] [  3%] [32mBuilding CXX object gtest/CMakeFiles/gtest_main.dir/src/gtest_main.cc.o[0m
[18.642s] [  7%] [32mBuilding CXX object CMakeFiles/dwb_critics.dir/src/alignment_util.cpp.o[0m
[18.654s] [ 11%] [32mBuilding CXX object CMakeFiles/dwb_critics.dir/src/map_grid.cpp.o[0m
[18.663s] [ 14%] [32mBuilding CXX object CMakeFiles/dwb_critics.dir/src/goal_dist.cpp.o[0m
[18.677s] [ 18%] [32mBuilding CXX object gtest/CMakeFiles/gtest.dir/src/gtest-all.cc.o[0m
[19.644s] [ 22%] [32mBuilding CXX object CMakeFiles/dwb_critics.dir/src/twirling.cpp.o[0m
[19.652s] [ 25%] [32mBuilding CXX object CMakeFiles/dwb_critics.dir/src/rotate_to_goal.cpp.o[0m
[19.951s] [ 29%] [32m[1mLinking CXX static library libgtest_main.a[0m
[20.151s] [ 29%] Built target gtest_main
[26.737s] [ 33%] [32mBuilding CXX object CMakeFiles/dwb_critics.dir/src/prefer_forward.cpp.o[0m
[27.728s] [ 37%] [32m[1mLinking CXX static library libgtest.a[0m
[27.766s] [ 37%] Built target gtest
[31.218s] [ 44%] [32mBuilding CXX object CMakeFiles/dwb_critics.dir/src/base_obstacle.cpp.o[0m
[31.219s] [ 44%] [32mBuilding CXX object CMakeFiles/dwb_critics.dir/src/obstacle_footprint.cpp.o[0m
[31.219s] [ 48%] [32mBuilding CXX object CMakeFiles/dwb_critics.dir/src/oscillation.cpp.o[0m
[37.385s] [ 51%] [32mBuilding CXX object CMakeFiles/dwb_critics.dir/src/path_align.cpp.o[0m
[37.404s] [ 55%] [32mBuilding CXX object CMakeFiles/dwb_critics.dir/src/goal_align.cpp.o[0m
[37.404s] [ 59%] [32mBuilding CXX object CMakeFiles/dwb_critics.dir/src/path_dist.cpp.o[0m
[48.558s] [ 62%] [32m[1mLinking CXX shared library libdwb_critics.so[0m
[49.268s] [ 62%] Built target dwb_critics
[49.404s] [ 66%] [32mBuilding CXX object test/CMakeFiles/prefer_forward_tests.dir/prefer_forward_test.cpp.o[0m
[57.915s] [ 70%] [32m[1mLinking CXX executable prefer_forward_tests[0m
[58.291s] [ 70%] Built target prefer_forward_tests
[58.315s] [ 74%] [32mBuilding CXX object test/CMakeFiles/twirling_tests.dir/twirling_test.cpp.o[0m
[64.967s] [ 77%] [32m[1mLinking CXX executable twirling_tests[0m
[65.224s] [ 77%] Built target twirling_tests
[65.242s] [ 81%] [32mBuilding CXX object test/CMakeFiles/alignment_util_tests.dir/alignment_util_test.cpp.o[0m
[69.100s] [ 85%] [32m[1mLinking CXX executable alignment_util_tests[0m
[69.437s] [ 85%] Built target alignment_util_tests
[69.476s] [ 88%] [32mBuilding CXX object test/CMakeFiles/base_obstacle_tests.dir/base_obstacle_test.cpp.o[0m
[69.485s] [ 92%] [32mBuilding CXX object test/CMakeFiles/obstacle_footprint_tests.dir/obstacle_footprint_test.cpp.o[0m
[77.510s] [ 96%] [32m[1mLinking CXX executable base_obstacle_tests[0m
[77.915s] [ 96%] Built target base_obstacle_tests
[78.065s] [100%] [32m[1mLinking CXX executable obstacle_footprint_tests[0m
[78.454s] [100%] Built target obstacle_footprint_tests
[78.468s] Invoked command in '/home/derek/work/build/dwb_critics' returned '0': AMENT_PREFIX_PATH=/home/derek/work/install/dwb_core:/home/derek/work/install/nav2_core:/home/derek/work/install/costmap_queue:/home/derek/work/install/nav2_costmap_2d:/home/derek/work/install/nav_2d_utils:/home/derek/work/install/nav2_util:/home/derek/work/install/nav2_voxel_grid:/home/derek/work/install/nav2_msgs:/home/derek/work/install/dwb_msgs:/home/derek/work/install/nav_2d_msgs:/home/derek/work/install/nav2_common:${AMENT_PREFIX_PATH} CMAKE_PREFIX_PATH=/home/derek/work/install/dwb_core:/home/derek/work/install/nav2_core:/home/derek/work/install/costmap_queue:/home/derek/work/install/nav2_costmap_2d:/home/derek/work/install/nav_2d_utils:/home/derek/work/install/nav2_util:/home/derek/work/install/nav2_voxel_grid:/home/derek/work/install/nav2_msgs:/home/derek/work/install/dwb_msgs:/home/derek/work/install/nav_2d_msgs:/home/derek/work/install/nav2_common:/opt/ros/humble LD_LIBRARY_PATH=/home/derek/work/install/dwb_core/lib:/home/derek/work/install/costmap_queue/lib:/home/derek/work/install/nav2_costmap_2d/lib:/home/derek/work/install/nav_2d_utils/lib:/home/derek/work/install/nav2_util/lib:/home/derek/work/install/nav2_voxel_grid/lib:/home/derek/work/install/nav2_msgs/lib:/home/derek/work/install/dwb_msgs/lib:/home/derek/work/install/nav_2d_msgs/lib:/usr/lib/x86_64-linux-gnu/gazebo-11/plugins:/opt/ros/humble/opt/rviz_ogre_vendor/lib:/opt/ros/humble/lib/x86_64-linux-gnu:/opt/ros/humble/lib:/usr/local/nvidia/lib:/usr/local/nvidia/lib64:/usr/share/gazebo/../../lib/x86_64-linux-gnu/gazebo-11/plugins PYTHONPATH=/home/derek/work/install/nav2_msgs/local/lib/python3.10/dist-packages:/home/derek/work/install/dwb_msgs/local/lib/python3.10/dist-packages:/home/derek/work/install/nav_2d_msgs/local/lib/python3.10/dist-packages:/home/derek/work/install/nav2_common/local/lib/python3.10/dist-packages:${PYTHONPATH} /usr/bin/cmake --build /home/derek/work/build/dwb_critics -- -j16 -l16
[78.529s] Invoking command in '/home/derek/work/build/dwb_critics': AMENT_PREFIX_PATH=/home/derek/work/install/dwb_core:/home/derek/work/install/nav2_core:/home/derek/work/install/costmap_queue:/home/derek/work/install/nav2_costmap_2d:/home/derek/work/install/nav_2d_utils:/home/derek/work/install/nav2_util:/home/derek/work/install/nav2_voxel_grid:/home/derek/work/install/nav2_msgs:/home/derek/work/install/dwb_msgs:/home/derek/work/install/nav_2d_msgs:/home/derek/work/install/nav2_common:${AMENT_PREFIX_PATH} CMAKE_PREFIX_PATH=/home/derek/work/install/dwb_core:/home/derek/work/install/nav2_core:/home/derek/work/install/costmap_queue:/home/derek/work/install/nav2_costmap_2d:/home/derek/work/install/nav_2d_utils:/home/derek/work/install/nav2_util:/home/derek/work/install/nav2_voxel_grid:/home/derek/work/install/nav2_msgs:/home/derek/work/install/dwb_msgs:/home/derek/work/install/nav_2d_msgs:/home/derek/work/install/nav2_common:/opt/ros/humble LD_LIBRARY_PATH=/home/derek/work/install/dwb_core/lib:/home/derek/work/install/costmap_queue/lib:/home/derek/work/install/nav2_costmap_2d/lib:/home/derek/work/install/nav_2d_utils/lib:/home/derek/work/install/nav2_util/lib:/home/derek/work/install/nav2_voxel_grid/lib:/home/derek/work/install/nav2_msgs/lib:/home/derek/work/install/dwb_msgs/lib:/home/derek/work/install/nav_2d_msgs/lib:/usr/lib/x86_64-linux-gnu/gazebo-11/plugins:/opt/ros/humble/opt/rviz_ogre_vendor/lib:/opt/ros/humble/lib/x86_64-linux-gnu:/opt/ros/humble/lib:/usr/local/nvidia/lib:/usr/local/nvidia/lib64:/usr/share/gazebo/../../lib/x86_64-linux-gnu/gazebo-11/plugins PYTHONPATH=/home/derek/work/install/nav2_msgs/local/lib/python3.10/dist-packages:/home/derek/work/install/dwb_msgs/local/lib/python3.10/dist-packages:/home/derek/work/install/nav_2d_msgs/local/lib/python3.10/dist-packages:/home/derek/work/install/nav2_common/local/lib/python3.10/dist-packages:${PYTHONPATH} /usr/bin/cmake --install /home/derek/work/build/dwb_critics
[78.538s] -- Install configuration: "Release"
[78.538s] -- Installing: /home/derek/work/install/dwb_critics/lib/libdwb_critics.so
[78.538s] -- Set runtime path of "/home/derek/work/install/dwb_critics/lib/libdwb_critics.so" to ""
[78.538s] -- Installing: /home/derek/work/install/dwb_critics/include/
[78.539s] -- Installing: /home/derek/work/install/dwb_critics/include//dwb_critics
[78.539s] -- Installing: /home/derek/work/install/dwb_critics/include//dwb_critics/oscillation.hpp
[78.539s] -- Installing: /home/derek/work/install/dwb_critics/include//dwb_critics/goal_dist.hpp
[78.539s] -- Installing: /home/derek/work/install/dwb_critics/include//dwb_critics/goal_align.hpp
[78.539s] -- Installing: /home/derek/work/install/dwb_critics/include//dwb_critics/alignment_util.hpp
[78.539s] -- Installing: /home/derek/work/install/dwb_critics/include//dwb_critics/line_iterator.hpp
[78.539s] -- Installing: /home/derek/work/install/dwb_critics/include//dwb_critics/base_obstacle.hpp
[78.540s] -- Installing: /home/derek/work/install/dwb_critics/include//dwb_critics/rotate_to_goal.hpp
[78.540s] -- Installing: /home/derek/work/install/dwb_critics/include//dwb_critics/path_dist.hpp
[78.540s] -- Installing: /home/derek/work/install/dwb_critics/include//dwb_critics/twirling.hpp
[78.540s] -- Installing: /home/derek/work/install/dwb_critics/include//dwb_critics/map_grid.hpp
[78.540s] -- Installing: /home/derek/work/install/dwb_critics/include//dwb_critics/obstacle_footprint.hpp
[78.540s] -- Installing: /home/derek/work/install/dwb_critics/include//dwb_critics/prefer_forward.hpp
[78.540s] -- Installing: /home/derek/work/install/dwb_critics/include//dwb_critics/path_align.hpp
[78.540s] -- Installing: /home/derek/work/install/dwb_critics/share/dwb_critics/default_critics.xml
[78.541s] -- Installing: /home/derek/work/install/dwb_critics/share/dwb_critics/environment/library_path.sh
[78.541s] -- Installing: /home/derek/work/install/dwb_critics/share/dwb_critics/environment/library_path.dsv
[78.541s] -- Up-to-date: /home/derek/work/install/dwb_critics/share/dwb_critics/default_critics.xml
[78.541s] -- Installing: /home/derek/work/install/dwb_critics/share/ament_index/resource_index/package_run_dependencies/dwb_critics
[78.541s] -- Installing: /home/derek/work/install/dwb_critics/share/ament_index/resource_index/parent_prefix_path/dwb_critics
[78.541s] -- Installing: /home/derek/work/install/dwb_critics/share/dwb_critics/environment/ament_prefix_path.sh
[78.541s] -- Installing: /home/derek/work/install/dwb_critics/share/dwb_critics/environment/ament_prefix_path.dsv
[78.541s] -- Installing: /home/derek/work/install/dwb_critics/share/dwb_critics/environment/path.sh
[78.542s] -- Installing: /home/derek/work/install/dwb_critics/share/dwb_critics/environment/path.dsv
[78.542s] -- Installing: /home/derek/work/install/dwb_critics/share/dwb_critics/local_setup.bash
[78.542s] -- Installing: /home/derek/work/install/dwb_critics/share/dwb_critics/local_setup.sh
[78.542s] -- Installing: /home/derek/work/install/dwb_critics/share/dwb_critics/local_setup.zsh
[78.542s] -- Installing: /home/derek/work/install/dwb_critics/share/dwb_critics/local_setup.dsv
[78.542s] -- Installing: /home/derek/work/install/dwb_critics/share/dwb_critics/package.dsv
[78.542s] -- Installing: /home/derek/work/install/dwb_critics/share/ament_index/resource_index/packages/dwb_critics
[78.542s] -- Installing: /home/derek/work/install/dwb_critics/share/ament_index/resource_index/dwb_core__pluginlib__plugin/dwb_critics
[78.543s] -- Installing: /home/derek/work/install/dwb_critics/share/dwb_critics/cmake/ament_cmake_export_include_directories-extras.cmake
[78.543s] -- Installing: /home/derek/work/install/dwb_critics/share/dwb_critics/cmake/ament_cmake_export_libraries-extras.cmake
[78.543s] -- Installing: /home/derek/work/install/dwb_critics/share/dwb_critics/cmake/ament_cmake_export_dependencies-extras.cmake
[78.543s] -- Installing: /home/derek/work/install/dwb_critics/share/dwb_critics/cmake/dwb_criticsConfig.cmake
[78.543s] -- Installing: /home/derek/work/install/dwb_critics/share/dwb_critics/cmake/dwb_criticsConfig-version.cmake
[78.543s] -- Installing: /home/derek/work/install/dwb_critics/share/dwb_critics/package.xml
[78.546s] Invoked command in '/home/derek/work/build/dwb_critics' returned '0': AMENT_PREFIX_PATH=/home/derek/work/install/dwb_core:/home/derek/work/install/nav2_core:/home/derek/work/install/costmap_queue:/home/derek/work/install/nav2_costmap_2d:/home/derek/work/install/nav_2d_utils:/home/derek/work/install/nav2_util:/home/derek/work/install/nav2_voxel_grid:/home/derek/work/install/nav2_msgs:/home/derek/work/install/dwb_msgs:/home/derek/work/install/nav_2d_msgs:/home/derek/work/install/nav2_common:${AMENT_PREFIX_PATH} CMAKE_PREFIX_PATH=/home/derek/work/install/dwb_core:/home/derek/work/install/nav2_core:/home/derek/work/install/costmap_queue:/home/derek/work/install/nav2_costmap_2d:/home/derek/work/install/nav_2d_utils:/home/derek/work/install/nav2_util:/home/derek/work/install/nav2_voxel_grid:/home/derek/work/install/nav2_msgs:/home/derek/work/install/dwb_msgs:/home/derek/work/install/nav_2d_msgs:/home/derek/work/install/nav2_common:/opt/ros/humble LD_LIBRARY_PATH=/home/derek/work/install/dwb_core/lib:/home/derek/work/install/costmap_queue/lib:/home/derek/work/install/nav2_costmap_2d/lib:/home/derek/work/install/nav_2d_utils/lib:/home/derek/work/install/nav2_util/lib:/home/derek/work/install/nav2_voxel_grid/lib:/home/derek/work/install/nav2_msgs/lib:/home/derek/work/install/dwb_msgs/lib:/home/derek/work/install/nav_2d_msgs/lib:/usr/lib/x86_64-linux-gnu/gazebo-11/plugins:/opt/ros/humble/opt/rviz_ogre_vendor/lib:/opt/ros/humble/lib/x86_64-linux-gnu:/opt/ros/humble/lib:/usr/local/nvidia/lib:/usr/local/nvidia/lib64:/usr/share/gazebo/../../lib/x86_64-linux-gnu/gazebo-11/plugins PYTHONPATH=/home/derek/work/install/nav2_msgs/local/lib/python3.10/dist-packages:/home/derek/work/install/dwb_msgs/local/lib/python3.10/dist-packages:/home/derek/work/install/nav_2d_msgs/local/lib/python3.10/dist-packages:/home/derek/work/install/nav2_common/local/lib/python3.10/dist-packages:${PYTHONPATH} /usr/bin/cmake --install /home/derek/work/build/dwb_critics
