[0.129s] Invoking command in '/home/derek/work/build/nav2_theta_star_planner': AMENT_PREFIX_PATH=/home/derek/work/install/nav2_core:/home/derek/work/install/nav2_costmap_2d:/home/derek/work/install/nav2_util:/home/derek/work/install/nav2_voxel_grid:/home/derek/work/install/nav2_msgs:/home/derek/work/install/nav2_common:${AMENT_PREFIX_PATH} CMAKE_PREFIX_PATH=/home/derek/work/install/nav2_core:/home/derek/work/install/nav2_costmap_2d:/home/derek/work/install/nav2_util:/home/derek/work/install/nav2_voxel_grid:/home/derek/work/install/nav2_msgs:/home/derek/work/install/nav2_common:/opt/ros/humble LD_LIBRARY_PATH=/home/derek/work/install/nav2_costmap_2d/lib:/home/derek/work/install/nav2_util/lib:/home/derek/work/install/nav2_voxel_grid/lib:/home/derek/work/install/nav2_msgs/lib:/usr/lib/x86_64-linux-gnu/gazebo-11/plugins:/opt/ros/humble/opt/rviz_ogre_vendor/lib:/opt/ros/humble/lib/x86_64-linux-gnu:/opt/ros/humble/lib:/usr/local/nvidia/lib:/usr/local/nvidia/lib64:/usr/share/gazebo/../../lib/x86_64-linux-gnu/gazebo-11/plugins PYTHONPATH=/home/derek/work/install/nav2_msgs/local/lib/python3.10/dist-packages:/home/derek/work/install/nav2_common/local/lib/python3.10/dist-packages:${PYTHONPATH} /usr/bin/cmake --build /home/derek/work/build/nav2_theta_star_planner -- -j16 -l16
[0.349s] [35m[1mConsolidate compiler generated dependencies of target nav2_theta_star_planner[0m
[0.349s] [35m[1mConsolidate compiler generated dependencies of target gtest[0m
[0.349s] [35m[1mConsolidate compiler generated dependencies of target gtest_main[0m
[0.349s] [ 22%] Built target gtest
[0.349s] [ 44%] Built target gtest_main
[0.349s] [ 77%] Built target nav2_theta_star_planner
[0.349s] [35m[1mConsolidate compiler generated dependencies of target test_theta_star[0m
[0.349s] [100%] Built target test_theta_star
[0.377s] Invoked command in '/home/derek/work/build/nav2_theta_star_planner' returned '0': AMENT_PREFIX_PATH=/home/derek/work/install/nav2_core:/home/derek/work/install/nav2_costmap_2d:/home/derek/work/install/nav2_util:/home/derek/work/install/nav2_voxel_grid:/home/derek/work/install/nav2_msgs:/home/derek/work/install/nav2_common:${AMENT_PREFIX_PATH} CMAKE_PREFIX_PATH=/home/derek/work/install/nav2_core:/home/derek/work/install/nav2_costmap_2d:/home/derek/work/install/nav2_util:/home/derek/work/install/nav2_voxel_grid:/home/derek/work/install/nav2_msgs:/home/derek/work/install/nav2_common:/opt/ros/humble LD_LIBRARY_PATH=/home/derek/work/install/nav2_costmap_2d/lib:/home/derek/work/install/nav2_util/lib:/home/derek/work/install/nav2_voxel_grid/lib:/home/derek/work/install/nav2_msgs/lib:/usr/lib/x86_64-linux-gnu/gazebo-11/plugins:/opt/ros/humble/opt/rviz_ogre_vendor/lib:/opt/ros/humble/lib/x86_64-linux-gnu:/opt/ros/humble/lib:/usr/local/nvidia/lib:/usr/local/nvidia/lib64:/usr/share/gazebo/../../lib/x86_64-linux-gnu/gazebo-11/plugins PYTHONPATH=/home/derek/work/install/nav2_msgs/local/lib/python3.10/dist-packages:/home/derek/work/install/nav2_common/local/lib/python3.10/dist-packages:${PYTHONPATH} /usr/bin/cmake --build /home/derek/work/build/nav2_theta_star_planner -- -j16 -l16
[0.519s] Invoking command in '/home/derek/work/build/nav2_theta_star_planner': AMENT_PREFIX_PATH=/home/derek/work/install/nav2_core:/home/derek/work/install/nav2_costmap_2d:/home/derek/work/install/nav2_util:/home/derek/work/install/nav2_voxel_grid:/home/derek/work/install/nav2_msgs:/home/derek/work/install/nav2_common:${AMENT_PREFIX_PATH} CMAKE_PREFIX_PATH=/home/derek/work/install/nav2_core:/home/derek/work/install/nav2_costmap_2d:/home/derek/work/install/nav2_util:/home/derek/work/install/nav2_voxel_grid:/home/derek/work/install/nav2_msgs:/home/derek/work/install/nav2_common:/opt/ros/humble LD_LIBRARY_PATH=/home/derek/work/install/nav2_costmap_2d/lib:/home/derek/work/install/nav2_util/lib:/home/derek/work/install/nav2_voxel_grid/lib:/home/derek/work/install/nav2_msgs/lib:/usr/lib/x86_64-linux-gnu/gazebo-11/plugins:/opt/ros/humble/opt/rviz_ogre_vendor/lib:/opt/ros/humble/lib/x86_64-linux-gnu:/opt/ros/humble/lib:/usr/local/nvidia/lib:/usr/local/nvidia/lib64:/usr/share/gazebo/../../lib/x86_64-linux-gnu/gazebo-11/plugins PYTHONPATH=/home/derek/work/install/nav2_msgs/local/lib/python3.10/dist-packages:/home/derek/work/install/nav2_common/local/lib/python3.10/dist-packages:${PYTHONPATH} /usr/bin/cmake --install /home/derek/work/build/nav2_theta_star_planner
[0.547s] -- Install configuration: "Release"
[0.547s] -- Up-to-date: /home/derek/work/install/nav2_theta_star_planner/share/nav2_theta_star_planner/theta_star_planner.xml
[0.547s] -- Up-to-date: /home/derek/work/install/nav2_theta_star_planner/lib/libnav2_theta_star_planner.so
[0.547s] -- Up-to-date: /home/derek/work/install/nav2_theta_star_planner/include/
[0.547s] -- Up-to-date: /home/derek/work/install/nav2_theta_star_planner/include//nav2_theta_star_planner
[0.547s] -- Up-to-date: /home/derek/work/install/nav2_theta_star_planner/include//nav2_theta_star_planner/theta_star.hpp
[0.547s] -- Up-to-date: /home/derek/work/install/nav2_theta_star_planner/include//nav2_theta_star_planner/theta_star_planner.hpp
[0.547s] -- Up-to-date: /home/derek/work/install/nav2_theta_star_planner/share/nav2_theta_star_planner/theta_star_planner.xml
[0.548s] -- Up-to-date: /home/derek/work/install/nav2_theta_star_planner/share/nav2_theta_star_planner/environment/library_path.sh
[0.548s] -- Up-to-date: /home/derek/work/install/nav2_theta_star_planner/share/nav2_theta_star_planner/environment/library_path.dsv
[0.548s] -- Up-to-date: /home/derek/work/install/nav2_theta_star_planner/share/ament_index/resource_index/package_run_dependencies/nav2_theta_star_planner
[0.548s] -- Up-to-date: /home/derek/work/install/nav2_theta_star_planner/share/ament_index/resource_index/parent_prefix_path/nav2_theta_star_planner
[0.548s] -- Up-to-date: /home/derek/work/install/nav2_theta_star_planner/share/nav2_theta_star_planner/environment/ament_prefix_path.sh
[0.548s] -- Up-to-date: /home/derek/work/install/nav2_theta_star_planner/share/nav2_theta_star_planner/environment/ament_prefix_path.dsv
[0.548s] -- Up-to-date: /home/derek/work/install/nav2_theta_star_planner/share/nav2_theta_star_planner/environment/path.sh
[0.548s] -- Up-to-date: /home/derek/work/install/nav2_theta_star_planner/share/nav2_theta_star_planner/environment/path.dsv
[0.548s] -- Up-to-date: /home/derek/work/install/nav2_theta_star_planner/share/nav2_theta_star_planner/local_setup.bash
[0.548s] -- Up-to-date: /home/derek/work/install/nav2_theta_star_planner/share/nav2_theta_star_planner/local_setup.sh
[0.548s] -- Up-to-date: /home/derek/work/install/nav2_theta_star_planner/share/nav2_theta_star_planner/local_setup.zsh
[0.548s] -- Up-to-date: /home/derek/work/install/nav2_theta_star_planner/share/nav2_theta_star_planner/local_setup.dsv
[0.548s] -- Installing: /home/derek/work/install/nav2_theta_star_planner/share/nav2_theta_star_planner/package.dsv
[0.548s] -- Up-to-date: /home/derek/work/install/nav2_theta_star_planner/share/ament_index/resource_index/packages/nav2_theta_star_planner
[0.549s] -- Up-to-date: /home/derek/work/install/nav2_theta_star_planner/share/ament_index/resource_index/nav2_core__pluginlib__plugin/nav2_theta_star_planner
[0.549s] -- Up-to-date: /home/derek/work/install/nav2_theta_star_planner/share/nav2_theta_star_planner/cmake/ament_cmake_export_include_directories-extras.cmake
[0.549s] -- Up-to-date: /home/derek/work/install/nav2_theta_star_planner/share/nav2_theta_star_planner/cmake/ament_cmake_export_libraries-extras.cmake
[0.549s] -- Up-to-date: /home/derek/work/install/nav2_theta_star_planner/share/nav2_theta_star_planner/cmake/ament_cmake_export_dependencies-extras.cmake
[0.549s] -- Up-to-date: /home/derek/work/install/nav2_theta_star_planner/share/nav2_theta_star_planner/cmake/nav2_theta_star_plannerConfig.cmake
[0.549s] -- Up-to-date: /home/derek/work/install/nav2_theta_star_planner/share/nav2_theta_star_planner/cmake/nav2_theta_star_plannerConfig-version.cmake
[0.549s] -- Up-to-date: /home/derek/work/install/nav2_theta_star_planner/share/nav2_theta_star_planner/package.xml
[0.882s] Invoked command in '/home/derek/work/build/nav2_theta_star_planner' returned '0': AMENT_PREFIX_PATH=/home/derek/work/install/nav2_core:/home/derek/work/install/nav2_costmap_2d:/home/derek/work/install/nav2_util:/home/derek/work/install/nav2_voxel_grid:/home/derek/work/install/nav2_msgs:/home/derek/work/install/nav2_common:${AMENT_PREFIX_PATH} CMAKE_PREFIX_PATH=/home/derek/work/install/nav2_core:/home/derek/work/install/nav2_costmap_2d:/home/derek/work/install/nav2_util:/home/derek/work/install/nav2_voxel_grid:/home/derek/work/install/nav2_msgs:/home/derek/work/install/nav2_common:/opt/ros/humble LD_LIBRARY_PATH=/home/derek/work/install/nav2_costmap_2d/lib:/home/derek/work/install/nav2_util/lib:/home/derek/work/install/nav2_voxel_grid/lib:/home/derek/work/install/nav2_msgs/lib:/usr/lib/x86_64-linux-gnu/gazebo-11/plugins:/opt/ros/humble/opt/rviz_ogre_vendor/lib:/opt/ros/humble/lib/x86_64-linux-gnu:/opt/ros/humble/lib:/usr/local/nvidia/lib:/usr/local/nvidia/lib64:/usr/share/gazebo/../../lib/x86_64-linux-gnu/gazebo-11/plugins PYTHONPATH=/home/derek/work/install/nav2_msgs/local/lib/python3.10/dist-packages:/home/derek/work/install/nav2_common/local/lib/python3.10/dist-packages:${PYTHONPATH} /usr/bin/cmake --install /home/derek/work/build/nav2_theta_star_planner
