[0.277s] Invoking command in '/home/derek/work/build/turtlebot3_cartographer': CMAKE_PREFIX_PATH=/opt/ros/humble /usr/bin/cmake --build /home/derek/work/build/turtlebot3_cartographer -- -j16 -l16
[2.382s] Invoked command in '/home/derek/work/build/turtlebot3_cartographer' returned '0': CMAKE_PREFIX_PATH=/opt/ros/humble /usr/bin/cmake --build /home/derek/work/build/turtlebot3_cartographer -- -j16 -l16
[2.414s] Invoking command in '/home/derek/work/build/turtlebot3_cartographer': CMAKE_PREFIX_PATH=/opt/ros/humble /usr/bin/cmake --install /home/derek/work/build/turtlebot3_cartographer
[2.423s] -- Install configuration: ""
[2.424s] -- Up-to-date: /home/derek/work/install/turtlebot3_cartographer/share/turtlebot3_cartographer/config
[2.424s] -- Up-to-date: /home/derek/work/install/turtlebot3_cartographer/share/turtlebot3_cartographer/config/turtlebot3_lds_2d.lua
[2.424s] -- Up-to-date: /home/derek/work/install/turtlebot3_cartographer/share/turtlebot3_cartographer/launch
[2.424s] -- Up-to-date: /home/derek/work/install/turtlebot3_cartographer/share/turtlebot3_cartographer/launch/occupancy_grid.launch.py
[2.424s] -- Up-to-date: /home/derek/work/install/turtlebot3_cartographer/share/turtlebot3_cartographer/launch/cartographer.launch.py
[2.424s] -- Up-to-date: /home/derek/work/install/turtlebot3_cartographer/share/turtlebot3_cartographer/rviz
[2.424s] -- Up-to-date: /home/derek/work/install/turtlebot3_cartographer/share/turtlebot3_cartographer/rviz/tb3_cartographer.rviz
[2.425s] -- Up-to-date: /home/derek/work/install/turtlebot3_cartographer/share/ament_index/resource_index/package_run_dependencies/turtlebot3_cartographer
[2.425s] -- Up-to-date: /home/derek/work/install/turtlebot3_cartographer/share/ament_index/resource_index/parent_prefix_path/turtlebot3_cartographer
[2.425s] -- Up-to-date: /home/derek/work/install/turtlebot3_cartographer/share/turtlebot3_cartographer/environment/ament_prefix_path.sh
[2.426s] -- Up-to-date: /home/derek/work/install/turtlebot3_cartographer/share/turtlebot3_cartographer/environment/ament_prefix_path.dsv
[2.426s] -- Up-to-date: /home/derek/work/install/turtlebot3_cartographer/share/turtlebot3_cartographer/environment/path.sh
[2.426s] -- Up-to-date: /home/derek/work/install/turtlebot3_cartographer/share/turtlebot3_cartographer/environment/path.dsv
[2.426s] -- Up-to-date: /home/derek/work/install/turtlebot3_cartographer/share/turtlebot3_cartographer/local_setup.bash
[2.426s] -- Up-to-date: /home/derek/work/install/turtlebot3_cartographer/share/turtlebot3_cartographer/local_setup.sh
[2.426s] -- Up-to-date: /home/derek/work/install/turtlebot3_cartographer/share/turtlebot3_cartographer/local_setup.zsh
[2.427s] -- Up-to-date: /home/derek/work/install/turtlebot3_cartographer/share/turtlebot3_cartographer/local_setup.dsv
[2.427s] -- Installing: /home/derek/work/install/turtlebot3_cartographer/share/turtlebot3_cartographer/package.dsv
[2.428s] -- Up-to-date: /home/derek/work/install/turtlebot3_cartographer/share/ament_index/resource_index/packages/turtlebot3_cartographer
[2.428s] -- Up-to-date: /home/derek/work/install/turtlebot3_cartographer/share/turtlebot3_cartographer/cmake/turtlebot3_cartographerConfig.cmake
[2.428s] -- Up-to-date: /home/derek/work/install/turtlebot3_cartographer/share/turtlebot3_cartographer/cmake/turtlebot3_cartographerConfig-version.cmake
[2.428s] -- Up-to-date: /home/derek/work/install/turtlebot3_cartographer/share/turtlebot3_cartographer/package.xml
[2.432s] Invoked command in '/home/derek/work/build/turtlebot3_cartographer' returned '0': CMAKE_PREFIX_PATH=/opt/ros/humble /usr/bin/cmake --install /home/derek/work/build/turtlebot3_cartographer
