-- Found ament_cmake_core: 1.3.7 (/opt/ros/humble/share/ament_cmake_core/cmake)
-- Found Python3: /usr/bin/python3.10 (found version "3.10.12") found components: Interpreter 
-- Found ament_cmake_python: 1.3.7 (/opt/ros/humble/share/ament_cmake_python/cmake)
-- Configuring done
-- Generating done
-- Build files have been written to: /home/derek/work/build/nav2_common
Built target ament_cmake_python_copy_nav2_common
running egg_info
creating nav2_common.egg-info
writing manifest file 'nav2_common.egg-info/SOURCES.txt'
writing manifest file 'nav2_common.egg-info/SOURCES.txt'
Built target ament_cmake_python_build_nav2_common_egg
-- Install configuration: ""
-- Installing: /home/derek/work/install/nav2_common/share/nav2_common/environment/pythonpath.sh
-- Installing: /home/derek/work/install/nav2_common/share/nav2_common/environment/pythonpath.dsv
-- Installing: /home/derek/work/install/nav2_common/local/lib/python3.10/dist-packages/nav2_common-1.1.13-py3.10.egg-info
-- Installing: /home/derek/work/install/nav2_common/local/lib/python3.10/dist-packages/nav2_common-1.1.13-py3.10.egg-info/PKG-INFO
-- Installing: /home/derek/work/install/nav2_common/local/lib/python3.10/dist-packages/nav2_common-1.1.13-py3.10.egg-info/top_level.txt
-- Installing: /home/derek/work/install/nav2_common/local/lib/python3.10/dist-packages/nav2_common-1.1.13-py3.10.egg-info/SOURCES.txt
-- Installing: /home/derek/work/install/nav2_common/local/lib/python3.10/dist-packages/nav2_common-1.1.13-py3.10.egg-info/dependency_links.txt
-- Installing: /home/derek/work/install/nav2_common/local/lib/python3.10/dist-packages/nav2_common
-- Installing: /home/derek/work/install/nav2_common/local/lib/python3.10/dist-packages/nav2_common/__init__.py
-- Installing: /home/derek/work/install/nav2_common/local/lib/python3.10/dist-packages/nav2_common/launch
-- Installing: /home/derek/work/install/nav2_common/local/lib/python3.10/dist-packages/nav2_common/launch/replace_string.py
-- Installing: /home/derek/work/install/nav2_common/local/lib/python3.10/dist-packages/nav2_common/launch/rewritten_yaml.py
-- Installing: /home/derek/work/install/nav2_common/local/lib/python3.10/dist-packages/nav2_common/launch/__init__.py
-- Installing: /home/derek/work/install/nav2_common/local/lib/python3.10/dist-packages/nav2_common/launch/parse_multirobot_pose.py
-- Installing: /home/derek/work/install/nav2_common/local/lib/python3.10/dist-packages/nav2_common/launch/has_node_params.py
Listing '/home/derek/work/install/nav2_common/local/lib/python3.10/dist-packages/nav2_common'...
Compiling '/home/derek/work/install/nav2_common/local/lib/python3.10/dist-packages/nav2_common/__init__.py'...
Listing '/home/derek/work/install/nav2_common/local/lib/python3.10/dist-packages/nav2_common/launch'...
Compiling '/home/derek/work/install/nav2_common/local/lib/python3.10/dist-packages/nav2_common/launch/__init__.py'...
Compiling '/home/derek/work/install/nav2_common/local/lib/python3.10/dist-packages/nav2_common/launch/has_node_params.py'...
Compiling '/home/derek/work/install/nav2_common/local/lib/python3.10/dist-packages/nav2_common/launch/parse_multirobot_pose.py'...
Compiling '/home/derek/work/install/nav2_common/local/lib/python3.10/dist-packages/nav2_common/launch/replace_string.py'...
Compiling '/home/derek/work/install/nav2_common/local/lib/python3.10/dist-packages/nav2_common/launch/rewritten_yaml.py'...
-- Installing: /home/derek/work/install/nav2_common/share/ament_index/resource_index/package_run_dependencies/nav2_common
-- Installing: /home/derek/work/install/nav2_common/share/ament_index/resource_index/parent_prefix_path/nav2_common
-- Installing: /home/derek/work/install/nav2_common/share/nav2_common/environment/ament_prefix_path.sh
-- Installing: /home/derek/work/install/nav2_common/share/nav2_common/environment/ament_prefix_path.dsv
-- Installing: /home/derek/work/install/nav2_common/share/nav2_common/environment/path.sh
-- Installing: /home/derek/work/install/nav2_common/share/nav2_common/environment/path.dsv
-- Installing: /home/derek/work/install/nav2_common/share/nav2_common/local_setup.bash
-- Installing: /home/derek/work/install/nav2_common/share/nav2_common/local_setup.sh
-- Installing: /home/derek/work/install/nav2_common/share/nav2_common/local_setup.zsh
-- Installing: /home/derek/work/install/nav2_common/share/nav2_common/local_setup.dsv
-- Installing: /home/derek/work/install/nav2_common/share/nav2_common/package.dsv
-- Installing: /home/derek/work/install/nav2_common/share/ament_index/resource_index/packages/nav2_common
-- Installing: /home/derek/work/install/nav2_common/share/nav2_common/cmake/nav2_common-extras.cmake
-- Installing: /home/derek/work/install/nav2_common/share/nav2_common/cmake/nav2_commonConfig.cmake
-- Installing: /home/derek/work/install/nav2_common/share/nav2_common/cmake/nav2_commonConfig-version.cmake
-- Installing: /home/derek/work/install/nav2_common/share/nav2_common/package.xml
-- Up-to-date: /home/derek/work/install/nav2_common/share/nav2_common/cmake
-- Installing: /home/derek/work/install/nav2_common/share/nav2_common/cmake/nav2_package.cmake
