[0.419s] Invoking command in '/home/derek/work/build/nav2_common': CMAKE_PREFIX_PATH=/opt/ros/humble /usr/bin/cmake /home/derek/work/src/navigation2/nav2_common -DCMAKE_INSTALL_PREFIX=/home/derek/work/install/nav2_common
[2.716s] -- Found ament_cmake_core: 1.3.7 (/opt/ros/humble/share/ament_cmake_core/cmake)
[2.717s] -- Found Python3: /usr/bin/python3.10 (found version "3.10.12") found components: Interpreter 
[2.717s] -- Found ament_cmake_python: 1.3.7 (/opt/ros/humble/share/ament_cmake_python/cmake)
[2.717s] -- Configuring done
[2.718s] -- Generating done
[2.718s] -- Build files have been written to: /home/derek/work/build/nav2_common
[2.748s] Invoked command in '/home/derek/work/build/nav2_common' returned '0': CMAKE_PREFIX_PATH=/opt/ros/humble /usr/bin/cmake /home/derek/work/src/navigation2/nav2_common -DCMAKE_INSTALL_PREFIX=/home/derek/work/install/nav2_common
[2.748s] Invoking command in '/home/derek/work/build/nav2_common': CMAKE_PREFIX_PATH=/opt/ros/humble /usr/bin/cmake --build /home/derek/work/build/nav2_common -- -j16 -l16
[2.777s] Built target ament_cmake_python_copy_nav2_common
[3.136s] running egg_info
[3.137s] creating nav2_common.egg-info
[3.138s] writing manifest file 'nav2_common.egg-info/SOURCES.txt'
[3.141s] writing manifest file 'nav2_common.egg-info/SOURCES.txt'
[3.208s] Built target ament_cmake_python_build_nav2_common_egg
[3.574s] Invoked command in '/home/derek/work/build/nav2_common' returned '0': CMAKE_PREFIX_PATH=/opt/ros/humble /usr/bin/cmake --build /home/derek/work/build/nav2_common -- -j16 -l16
[3.698s] Invoking command in '/home/derek/work/build/nav2_common': CMAKE_PREFIX_PATH=/opt/ros/humble /usr/bin/cmake --install /home/derek/work/build/nav2_common
[3.722s] -- Install configuration: ""
[3.722s] -- Installing: /home/derek/work/install/nav2_common/share/nav2_common/environment/pythonpath.sh
[3.722s] -- Installing: /home/derek/work/install/nav2_common/share/nav2_common/environment/pythonpath.dsv
[3.722s] -- Installing: /home/derek/work/install/nav2_common/local/lib/python3.10/dist-packages/nav2_common-1.1.13-py3.10.egg-info
[3.722s] -- Installing: /home/derek/work/install/nav2_common/local/lib/python3.10/dist-packages/nav2_common-1.1.13-py3.10.egg-info/PKG-INFO
[3.722s] -- Installing: /home/derek/work/install/nav2_common/local/lib/python3.10/dist-packages/nav2_common-1.1.13-py3.10.egg-info/top_level.txt
[3.722s] -- Installing: /home/derek/work/install/nav2_common/local/lib/python3.10/dist-packages/nav2_common-1.1.13-py3.10.egg-info/SOURCES.txt
[3.722s] -- Installing: /home/derek/work/install/nav2_common/local/lib/python3.10/dist-packages/nav2_common-1.1.13-py3.10.egg-info/dependency_links.txt
[3.722s] -- Installing: /home/derek/work/install/nav2_common/local/lib/python3.10/dist-packages/nav2_common
[3.723s] -- Installing: /home/derek/work/install/nav2_common/local/lib/python3.10/dist-packages/nav2_common/__init__.py
[3.723s] -- Installing: /home/derek/work/install/nav2_common/local/lib/python3.10/dist-packages/nav2_common/launch
[3.723s] -- Installing: /home/derek/work/install/nav2_common/local/lib/python3.10/dist-packages/nav2_common/launch/replace_string.py
[3.723s] -- Installing: /home/derek/work/install/nav2_common/local/lib/python3.10/dist-packages/nav2_common/launch/rewritten_yaml.py
[3.723s] -- Installing: /home/derek/work/install/nav2_common/local/lib/python3.10/dist-packages/nav2_common/launch/__init__.py
[3.723s] -- Installing: /home/derek/work/install/nav2_common/local/lib/python3.10/dist-packages/nav2_common/launch/parse_multirobot_pose.py
[3.723s] -- Installing: /home/derek/work/install/nav2_common/local/lib/python3.10/dist-packages/nav2_common/launch/has_node_params.py
[3.768s] Listing '/home/derek/work/install/nav2_common/local/lib/python3.10/dist-packages/nav2_common'...
[3.768s] Compiling '/home/derek/work/install/nav2_common/local/lib/python3.10/dist-packages/nav2_common/__init__.py'...
[3.768s] Listing '/home/derek/work/install/nav2_common/local/lib/python3.10/dist-packages/nav2_common/launch'...
[3.768s] Compiling '/home/derek/work/install/nav2_common/local/lib/python3.10/dist-packages/nav2_common/launch/__init__.py'...
[3.768s] Compiling '/home/derek/work/install/nav2_common/local/lib/python3.10/dist-packages/nav2_common/launch/has_node_params.py'...
[3.768s] Compiling '/home/derek/work/install/nav2_common/local/lib/python3.10/dist-packages/nav2_common/launch/parse_multirobot_pose.py'...
[3.768s] Compiling '/home/derek/work/install/nav2_common/local/lib/python3.10/dist-packages/nav2_common/launch/replace_string.py'...
[3.768s] Compiling '/home/derek/work/install/nav2_common/local/lib/python3.10/dist-packages/nav2_common/launch/rewritten_yaml.py'...
[3.792s] -- Installing: /home/derek/work/install/nav2_common/share/ament_index/resource_index/package_run_dependencies/nav2_common
[3.792s] -- Installing: /home/derek/work/install/nav2_common/share/ament_index/resource_index/parent_prefix_path/nav2_common
[3.793s] -- Installing: /home/derek/work/install/nav2_common/share/nav2_common/environment/ament_prefix_path.sh
[3.793s] -- Installing: /home/derek/work/install/nav2_common/share/nav2_common/environment/ament_prefix_path.dsv
[3.793s] -- Installing: /home/derek/work/install/nav2_common/share/nav2_common/environment/path.sh
[3.793s] -- Installing: /home/derek/work/install/nav2_common/share/nav2_common/environment/path.dsv
[3.793s] -- Installing: /home/derek/work/install/nav2_common/share/nav2_common/local_setup.bash
[3.793s] -- Installing: /home/derek/work/install/nav2_common/share/nav2_common/local_setup.sh
[3.793s] -- Installing: /home/derek/work/install/nav2_common/share/nav2_common/local_setup.zsh
[3.793s] -- Installing: /home/derek/work/install/nav2_common/share/nav2_common/local_setup.dsv
[3.794s] -- Installing: /home/derek/work/install/nav2_common/share/nav2_common/package.dsv
[3.794s] -- Installing: /home/derek/work/install/nav2_common/share/ament_index/resource_index/packages/nav2_common
[3.794s] -- Installing: /home/derek/work/install/nav2_common/share/nav2_common/cmake/nav2_common-extras.cmake
[3.794s] -- Installing: /home/derek/work/install/nav2_common/share/nav2_common/cmake/nav2_commonConfig.cmake
[3.794s] -- Installing: /home/derek/work/install/nav2_common/share/nav2_common/cmake/nav2_commonConfig-version.cmake
[3.794s] -- Installing: /home/derek/work/install/nav2_common/share/nav2_common/package.xml
[3.794s] -- Up-to-date: /home/derek/work/install/nav2_common/share/nav2_common/cmake
[3.795s] -- Installing: /home/derek/work/install/nav2_common/share/nav2_common/cmake/nav2_package.cmake
[3.797s] Invoked command in '/home/derek/work/build/nav2_common' returned '0': CMAKE_PREFIX_PATH=/opt/ros/humble /usr/bin/cmake --install /home/derek/work/build/nav2_common
