[0.269s] Invoking command in '/home/derek/work/build/nav2_voxel_grid': AMENT_PREFIX_PATH=/home/derek/work/install/nav2_common:${AMENT_PREFIX_PATH} CMAKE_PREFIX_PATH=/home/derek/work/install/nav2_common:/opt/ros/humble PYTHONPATH=/home/derek/work/install/nav2_common/local/lib/python3.10/dist-packages:${PYTHONPATH} /usr/bin/cmake /home/derek/work/src/navigation2/nav2_voxel_grid -DCMAKE_INSTALL_PREFIX=/home/derek/work/install/nav2_voxel_grid
[0.511s] -- The C compiler identification is GNU 11.4.0
[0.787s] -- The CXX compiler identification is GNU 11.4.0
[0.807s] -- Detecting C compiler ABI info
[1.197s] -- Detecting C compiler ABI info - done
[1.207s] -- Check for working C compiler: /usr/bin/cc - skipped
[1.207s] -- Detecting C compile features
[1.207s] -- Detecting C compile features - done
[1.238s] -- Detecting CXX compiler ABI info
[1.668s] -- Detecting CXX compiler ABI info - done
[1.678s] -- Check for working CXX compiler: /usr/bin/c++ - skipped
[1.678s] -- Detecting CXX compile features
[1.679s] -- Detecting CXX compile features - done
[1.691s] -- Found ament_cmake: 1.3.7 (/opt/ros/humble/share/ament_cmake/cmake)
[2.840s] -- Found Python3: /usr/bin/python3.10 (found version "3.10.12") found components: Interpreter 
[2.942s] -- Found nav2_common: 1.1.13 (/home/derek/work/install/nav2_common/share/nav2_common/cmake)
[2.944s] -- Found rclcpp: 16.0.8 (/opt/ros/humble/share/rclcpp/cmake)
[3.001s] -- Found rosidl_generator_c: 3.1.5 (/opt/ros/humble/share/rosidl_generator_c/cmake)
[3.007s] -- Found rosidl_adapter: 3.1.5 (/opt/ros/humble/share/rosidl_adapter/cmake)
[3.018s] -- Found rosidl_generator_cpp: 3.1.5 (/opt/ros/humble/share/rosidl_generator_cpp/cmake)
[3.037s] -- Using all available rosidl_typesupport_c: rosidl_typesupport_fastrtps_c;rosidl_typesupport_introspection_c
[3.067s] -- Using all available rosidl_typesupport_cpp: rosidl_typesupport_fastrtps_cpp;rosidl_typesupport_introspection_cpp
[3.173s] -- Found rmw_implementation_cmake: 6.1.1 (/opt/ros/humble/share/rmw_implementation_cmake/cmake)
[3.177s] -- Found rmw_fastrtps_cpp: 6.2.6 (/opt/ros/humble/share/rmw_fastrtps_cpp/cmake)
[3.294s] -- Found OpenSSL: /usr/lib/x86_64-linux-gnu/libcrypto.so (found version "3.0.2")  
[3.332s] -- Found FastRTPS: /opt/ros/humble/include  
[3.464s] -- Using RMW implementation 'rmw_fastrtps_cpp' as default
[3.490s] -- Looking for pthread.h
[3.892s] -- Looking for pthread.h - found
[3.892s] -- Performing Test CMAKE_HAVE_LIBC_PTHREAD
[4.261s] -- Performing Test CMAKE_HAVE_LIBC_PTHREAD - Success
[4.263s] -- Found Threads: TRUE  
[4.789s] -- Setting build type to Release as none was specified.
[4.792s] -- Found ament_lint_auto: 0.12.10 (/opt/ros/humble/share/ament_lint_auto/cmake)
[4.968s] -- Found gtest sources under '/opt/ros/humble/src/gtest_vendor': C++ tests using 'Google Test' will be built
[4.992s] -- Added test 'cppcheck' to perform static code analysis on C / C++ code
[4.992s] -- Configured cppcheck include dirs: /home/derek/work/src/navigation2/nav2_voxel_grid/include
[4.992s] -- Configured cppcheck exclude dirs and/or files: 
[4.993s] -- Added test 'cpplint' to check C / C++ code against the Google style
[4.997s] -- Configured cpplint exclude dirs and/or files: 
[4.998s] -- Added test 'lint_cmake' to check CMake code style
[5.000s] -- Added test 'uncrustify' to check C / C++ code style
[5.000s] -- Configured uncrustify additional arguments: 
[5.004s] -- Added test 'xmllint' to check XML markup files
[5.026s] -- Configuring done
[5.077s] -- Generating done
[5.079s] -- Build files have been written to: /home/derek/work/build/nav2_voxel_grid
[5.096s] Invoked command in '/home/derek/work/build/nav2_voxel_grid' returned '0': AMENT_PREFIX_PATH=/home/derek/work/install/nav2_common:${AMENT_PREFIX_PATH} CMAKE_PREFIX_PATH=/home/derek/work/install/nav2_common:/opt/ros/humble PYTHONPATH=/home/derek/work/install/nav2_common/local/lib/python3.10/dist-packages:${PYTHONPATH} /usr/bin/cmake /home/derek/work/src/navigation2/nav2_voxel_grid -DCMAKE_INSTALL_PREFIX=/home/derek/work/install/nav2_voxel_grid
[5.097s] Invoking command in '/home/derek/work/build/nav2_voxel_grid': AMENT_PREFIX_PATH=/home/derek/work/install/nav2_common:${AMENT_PREFIX_PATH} CMAKE_PREFIX_PATH=/home/derek/work/install/nav2_common:/opt/ros/humble PYTHONPATH=/home/derek/work/install/nav2_common/local/lib/python3.10/dist-packages:${PYTHONPATH} /usr/bin/cmake --build /home/derek/work/build/nav2_voxel_grid -- -j16 -l16
[5.353s] [ 10%] [32mBuilding CXX object CMakeFiles/voxel_grid.dir/src/voxel_grid.cpp.o[0m
[5.386s] [ 20%] [32mBuilding CXX object gtest/CMakeFiles/gtest_main.dir/src/gtest_main.cc.o[0m
[5.463s] [ 30%] [32mBuilding CXX object gtest/CMakeFiles/gtest.dir/src/gtest-all.cc.o[0m
[7.064s] [ 40%] [32m[1mLinking CXX static library libgtest_main.a[0m
[7.147s] [ 40%] Built target gtest_main
[9.664s] [ 50%] [32m[1mLinking CXX shared library libvoxel_grid.so[0m
[9.752s] [ 50%] Built target voxel_grid
[13.913s] [ 60%] [32m[1mLinking CXX static library libgtest.a[0m
[14.074s] [ 60%] Built target gtest
[14.122s] [ 70%] [32mBuilding CXX object test/CMakeFiles/voxel_grid_tests.dir/voxel_grid_tests.cpp.o[0m
[14.161s] [ 80%] [32mBuilding CXX object test/CMakeFiles/voxel_grid_bresenham_3d.dir/voxel_grid_bresenham_3d.cpp.o[0m
[20.619s] [ 90%] [32m[1mLinking CXX executable voxel_grid_bresenham_3d[0m
[21.059s] [100%] [32m[1mLinking CXX executable voxel_grid_tests[0m
[21.156s] [100%] Built target voxel_grid_bresenham_3d
[21.602s] [100%] Built target voxel_grid_tests
[21.643s] Invoked command in '/home/derek/work/build/nav2_voxel_grid' returned '0': AMENT_PREFIX_PATH=/home/derek/work/install/nav2_common:${AMENT_PREFIX_PATH} CMAKE_PREFIX_PATH=/home/derek/work/install/nav2_common:/opt/ros/humble PYTHONPATH=/home/derek/work/install/nav2_common/local/lib/python3.10/dist-packages:${PYTHONPATH} /usr/bin/cmake --build /home/derek/work/build/nav2_voxel_grid -- -j16 -l16
[22.075s] Invoking command in '/home/derek/work/build/nav2_voxel_grid': AMENT_PREFIX_PATH=/home/derek/work/install/nav2_common:${AMENT_PREFIX_PATH} CMAKE_PREFIX_PATH=/home/derek/work/install/nav2_common:/opt/ros/humble PYTHONPATH=/home/derek/work/install/nav2_common/local/lib/python3.10/dist-packages:${PYTHONPATH} /usr/bin/cmake --install /home/derek/work/build/nav2_voxel_grid
[22.105s] -- Install configuration: "Release"
[22.106s] -- Installing: /home/derek/work/install/nav2_voxel_grid/lib/libvoxel_grid.so
[22.106s] -- Set runtime path of "/home/derek/work/install/nav2_voxel_grid/lib/libvoxel_grid.so" to ""
[22.106s] -- Installing: /home/derek/work/install/nav2_voxel_grid/include
[22.106s] -- Installing: /home/derek/work/install/nav2_voxel_grid/include/nav2_voxel_grid
[22.106s] -- Installing: /home/derek/work/install/nav2_voxel_grid/include/nav2_voxel_grid/voxel_grid.hpp
[22.106s] -- Installing: /home/derek/work/install/nav2_voxel_grid/share/nav2_voxel_grid/environment/library_path.sh
[22.106s] -- Installing: /home/derek/work/install/nav2_voxel_grid/share/nav2_voxel_grid/environment/library_path.dsv
[22.107s] -- Installing: /home/derek/work/install/nav2_voxel_grid/share/ament_index/resource_index/package_run_dependencies/nav2_voxel_grid
[22.107s] -- Installing: /home/derek/work/install/nav2_voxel_grid/share/ament_index/resource_index/parent_prefix_path/nav2_voxel_grid
[22.107s] -- Installing: /home/derek/work/install/nav2_voxel_grid/share/nav2_voxel_grid/environment/ament_prefix_path.sh
[22.107s] -- Installing: /home/derek/work/install/nav2_voxel_grid/share/nav2_voxel_grid/environment/ament_prefix_path.dsv
[22.107s] -- Installing: /home/derek/work/install/nav2_voxel_grid/share/nav2_voxel_grid/environment/path.sh
[22.107s] -- Installing: /home/derek/work/install/nav2_voxel_grid/share/nav2_voxel_grid/environment/path.dsv
[22.107s] -- Installing: /home/derek/work/install/nav2_voxel_grid/share/nav2_voxel_grid/local_setup.bash
[22.108s] -- Installing: /home/derek/work/install/nav2_voxel_grid/share/nav2_voxel_grid/local_setup.sh
[22.108s] -- Installing: /home/derek/work/install/nav2_voxel_grid/share/nav2_voxel_grid/local_setup.zsh
[22.108s] -- Installing: /home/derek/work/install/nav2_voxel_grid/share/nav2_voxel_grid/local_setup.dsv
[22.108s] -- Installing: /home/derek/work/install/nav2_voxel_grid/share/nav2_voxel_grid/package.dsv
[22.108s] -- Installing: /home/derek/work/install/nav2_voxel_grid/share/ament_index/resource_index/packages/nav2_voxel_grid
[22.108s] -- Installing: /home/derek/work/install/nav2_voxel_grid/share/nav2_voxel_grid/cmake/ament_cmake_export_dependencies-extras.cmake
[22.108s] -- Installing: /home/derek/work/install/nav2_voxel_grid/share/nav2_voxel_grid/cmake/ament_cmake_export_include_directories-extras.cmake
[22.109s] -- Installing: /home/derek/work/install/nav2_voxel_grid/share/nav2_voxel_grid/cmake/ament_cmake_export_libraries-extras.cmake
[22.109s] -- Installing: /home/derek/work/install/nav2_voxel_grid/share/nav2_voxel_grid/cmake/nav2_voxel_gridConfig.cmake
[22.109s] -- Installing: /home/derek/work/install/nav2_voxel_grid/share/nav2_voxel_grid/cmake/nav2_voxel_gridConfig-version.cmake
[22.109s] -- Installing: /home/derek/work/install/nav2_voxel_grid/share/nav2_voxel_grid/package.xml
[22.123s] Invoked command in '/home/derek/work/build/nav2_voxel_grid' returned '0': AMENT_PREFIX_PATH=/home/derek/work/install/nav2_common:${AMENT_PREFIX_PATH} CMAKE_PREFIX_PATH=/home/derek/work/install/nav2_common:/opt/ros/humble PYTHONPATH=/home/derek/work/install/nav2_common/local/lib/python3.10/dist-packages:${PYTHONPATH} /usr/bin/cmake --install /home/derek/work/build/nav2_voxel_grid
