[0.303s] Invoking command in '/home/derek/work/build/nav2_constrained_smoother': AMENT_PREFIX_PATH=/home/derek/work/install/nav2_core:/home/derek/work/install/nav2_costmap_2d:/home/derek/work/install/nav2_util:/home/derek/work/install/nav2_voxel_grid:/home/derek/work/install/nav2_msgs:/home/derek/work/install/nav2_common:${AMENT_PREFIX_PATH} CMAKE_PREFIX_PATH=/home/derek/work/install/nav2_core:/home/derek/work/install/nav2_costmap_2d:/home/derek/work/install/nav2_util:/home/derek/work/install/nav2_voxel_grid:/home/derek/work/install/nav2_msgs:/home/derek/work/install/nav2_common:/opt/ros/humble LD_LIBRARY_PATH=/home/derek/work/install/nav2_costmap_2d/lib:/home/derek/work/install/nav2_util/lib:/home/derek/work/install/nav2_voxel_grid/lib:/home/derek/work/install/nav2_msgs/lib:/usr/lib/x86_64-linux-gnu/gazebo-11/plugins:/opt/ros/humble/opt/rviz_ogre_vendor/lib:/opt/ros/humble/lib/x86_64-linux-gnu:/opt/ros/humble/lib:/usr/local/nvidia/lib:/usr/local/nvidia/lib64:/usr/share/gazebo/../../lib/x86_64-linux-gnu/gazebo-11/plugins PYTHONPATH=/home/derek/work/install/nav2_msgs/local/lib/python3.10/dist-packages:/home/derek/work/install/nav2_common/local/lib/python3.10/dist-packages:${PYTHONPATH} /usr/bin/cmake --build /home/derek/work/build/nav2_constrained_smoother -- -j16 -l16
[0.354s] [35m[1mConsolidate compiler generated dependencies of target gtest[0m
[0.355s] [35m[1mConsolidate compiler generated dependencies of target gtest_main[0m
[0.358s] [35m[1mConsolidate compiler generated dependencies of target nav2_constrained_smoother[0m
[0.404s] [ 20%] Built target gtest_main
[0.405s] [ 40%] Built target gtest
[0.415s] [ 60%] Built target nav2_constrained_smoother
[0.457s] [35m[1mConsolidate compiler generated dependencies of target test_smoother_cost_function[0m
[0.469s] [35m[1mConsolidate compiler generated dependencies of target test_constrained_smoother[0m
[0.506s] [ 80%] Built target test_smoother_cost_function
[0.512s] [100%] Built target test_constrained_smoother
[0.573s] Invoked command in '/home/derek/work/build/nav2_constrained_smoother' returned '0': AMENT_PREFIX_PATH=/home/derek/work/install/nav2_core:/home/derek/work/install/nav2_costmap_2d:/home/derek/work/install/nav2_util:/home/derek/work/install/nav2_voxel_grid:/home/derek/work/install/nav2_msgs:/home/derek/work/install/nav2_common:${AMENT_PREFIX_PATH} CMAKE_PREFIX_PATH=/home/derek/work/install/nav2_core:/home/derek/work/install/nav2_costmap_2d:/home/derek/work/install/nav2_util:/home/derek/work/install/nav2_voxel_grid:/home/derek/work/install/nav2_msgs:/home/derek/work/install/nav2_common:/opt/ros/humble LD_LIBRARY_PATH=/home/derek/work/install/nav2_costmap_2d/lib:/home/derek/work/install/nav2_util/lib:/home/derek/work/install/nav2_voxel_grid/lib:/home/derek/work/install/nav2_msgs/lib:/usr/lib/x86_64-linux-gnu/gazebo-11/plugins:/opt/ros/humble/opt/rviz_ogre_vendor/lib:/opt/ros/humble/lib/x86_64-linux-gnu:/opt/ros/humble/lib:/usr/local/nvidia/lib:/usr/local/nvidia/lib64:/usr/share/gazebo/../../lib/x86_64-linux-gnu/gazebo-11/plugins PYTHONPATH=/home/derek/work/install/nav2_msgs/local/lib/python3.10/dist-packages:/home/derek/work/install/nav2_common/local/lib/python3.10/dist-packages:${PYTHONPATH} /usr/bin/cmake --build /home/derek/work/build/nav2_constrained_smoother -- -j16 -l16
[0.705s] Invoking command in '/home/derek/work/build/nav2_constrained_smoother': AMENT_PREFIX_PATH=/home/derek/work/install/nav2_core:/home/derek/work/install/nav2_costmap_2d:/home/derek/work/install/nav2_util:/home/derek/work/install/nav2_voxel_grid:/home/derek/work/install/nav2_msgs:/home/derek/work/install/nav2_common:${AMENT_PREFIX_PATH} CMAKE_PREFIX_PATH=/home/derek/work/install/nav2_core:/home/derek/work/install/nav2_costmap_2d:/home/derek/work/install/nav2_util:/home/derek/work/install/nav2_voxel_grid:/home/derek/work/install/nav2_msgs:/home/derek/work/install/nav2_common:/opt/ros/humble LD_LIBRARY_PATH=/home/derek/work/install/nav2_costmap_2d/lib:/home/derek/work/install/nav2_util/lib:/home/derek/work/install/nav2_voxel_grid/lib:/home/derek/work/install/nav2_msgs/lib:/usr/lib/x86_64-linux-gnu/gazebo-11/plugins:/opt/ros/humble/opt/rviz_ogre_vendor/lib:/opt/ros/humble/lib/x86_64-linux-gnu:/opt/ros/humble/lib:/usr/local/nvidia/lib:/usr/local/nvidia/lib64:/usr/share/gazebo/../../lib/x86_64-linux-gnu/gazebo-11/plugins PYTHONPATH=/home/derek/work/install/nav2_msgs/local/lib/python3.10/dist-packages:/home/derek/work/install/nav2_common/local/lib/python3.10/dist-packages:${PYTHONPATH} /usr/bin/cmake --install /home/derek/work/build/nav2_constrained_smoother
[0.722s] -- Install configuration: "Release"
[0.722s] -- Up-to-date: /home/derek/work/install/nav2_constrained_smoother/lib/libnav2_constrained_smoother.so
[0.722s] -- Up-to-date: /home/derek/work/install/nav2_constrained_smoother/include/
[0.723s] -- Up-to-date: /home/derek/work/install/nav2_constrained_smoother/include//nav2_constrained_smoother
[0.723s] -- Up-to-date: /home/derek/work/install/nav2_constrained_smoother/include//nav2_constrained_smoother/options.hpp
[0.723s] -- Up-to-date: /home/derek/work/install/nav2_constrained_smoother/include//nav2_constrained_smoother/smoother_cost_function.hpp
[0.723s] -- Up-to-date: /home/derek/work/install/nav2_constrained_smoother/include//nav2_constrained_smoother/utils.hpp
[0.723s] -- Up-to-date: /home/derek/work/install/nav2_constrained_smoother/include//nav2_constrained_smoother/constrained_smoother.hpp
[0.723s] -- Up-to-date: /home/derek/work/install/nav2_constrained_smoother/include//nav2_constrained_smoother/smoother.hpp
[0.723s] -- Up-to-date: /home/derek/work/install/nav2_constrained_smoother/share/nav2_constrained_smoother/environment/library_path.sh
[0.723s] -- Up-to-date: /home/derek/work/install/nav2_constrained_smoother/share/nav2_constrained_smoother/environment/library_path.dsv
[0.724s] -- Up-to-date: /home/derek/work/install/nav2_constrained_smoother/share/nav2_constrained_smoother/nav2_constrained_smoother.xml
[0.724s] -- Up-to-date: /home/derek/work/install/nav2_constrained_smoother/share/ament_index/resource_index/package_run_dependencies/nav2_constrained_smoother
[0.724s] -- Up-to-date: /home/derek/work/install/nav2_constrained_smoother/share/ament_index/resource_index/parent_prefix_path/nav2_constrained_smoother
[0.724s] -- Up-to-date: /home/derek/work/install/nav2_constrained_smoother/share/nav2_constrained_smoother/environment/ament_prefix_path.sh
[0.724s] -- Up-to-date: /home/derek/work/install/nav2_constrained_smoother/share/nav2_constrained_smoother/environment/ament_prefix_path.dsv
[0.724s] -- Up-to-date: /home/derek/work/install/nav2_constrained_smoother/share/nav2_constrained_smoother/environment/path.sh
[0.724s] -- Up-to-date: /home/derek/work/install/nav2_constrained_smoother/share/nav2_constrained_smoother/environment/path.dsv
[0.724s] -- Up-to-date: /home/derek/work/install/nav2_constrained_smoother/share/nav2_constrained_smoother/local_setup.bash
[0.724s] -- Up-to-date: /home/derek/work/install/nav2_constrained_smoother/share/nav2_constrained_smoother/local_setup.sh
[0.724s] -- Up-to-date: /home/derek/work/install/nav2_constrained_smoother/share/nav2_constrained_smoother/local_setup.zsh
[0.724s] -- Up-to-date: /home/derek/work/install/nav2_constrained_smoother/share/nav2_constrained_smoother/local_setup.dsv
[0.724s] -- Installing: /home/derek/work/install/nav2_constrained_smoother/share/nav2_constrained_smoother/package.dsv
[0.724s] -- Up-to-date: /home/derek/work/install/nav2_constrained_smoother/share/ament_index/resource_index/packages/nav2_constrained_smoother
[0.724s] -- Up-to-date: /home/derek/work/install/nav2_constrained_smoother/share/ament_index/resource_index/nav2_core__pluginlib__plugin/nav2_constrained_smoother
[0.724s] -- Up-to-date: /home/derek/work/install/nav2_constrained_smoother/share/nav2_constrained_smoother/cmake/ament_cmake_export_include_directories-extras.cmake
[0.725s] -- Up-to-date: /home/derek/work/install/nav2_constrained_smoother/share/nav2_constrained_smoother/cmake/ament_cmake_export_libraries-extras.cmake
[0.725s] -- Up-to-date: /home/derek/work/install/nav2_constrained_smoother/share/nav2_constrained_smoother/cmake/ament_cmake_export_dependencies-extras.cmake
[0.725s] -- Up-to-date: /home/derek/work/install/nav2_constrained_smoother/share/nav2_constrained_smoother/cmake/nav2_constrained_smootherConfig.cmake
[0.725s] -- Up-to-date: /home/derek/work/install/nav2_constrained_smoother/share/nav2_constrained_smoother/cmake/nav2_constrained_smootherConfig-version.cmake
[0.725s] -- Up-to-date: /home/derek/work/install/nav2_constrained_smoother/share/nav2_constrained_smoother/package.xml
[0.805s] Invoked command in '/home/derek/work/build/nav2_constrained_smoother' returned '0': AMENT_PREFIX_PATH=/home/derek/work/install/nav2_core:/home/derek/work/install/nav2_costmap_2d:/home/derek/work/install/nav2_util:/home/derek/work/install/nav2_voxel_grid:/home/derek/work/install/nav2_msgs:/home/derek/work/install/nav2_common:${AMENT_PREFIX_PATH} CMAKE_PREFIX_PATH=/home/derek/work/install/nav2_core:/home/derek/work/install/nav2_costmap_2d:/home/derek/work/install/nav2_util:/home/derek/work/install/nav2_voxel_grid:/home/derek/work/install/nav2_msgs:/home/derek/work/install/nav2_common:/opt/ros/humble LD_LIBRARY_PATH=/home/derek/work/install/nav2_costmap_2d/lib:/home/derek/work/install/nav2_util/lib:/home/derek/work/install/nav2_voxel_grid/lib:/home/derek/work/install/nav2_msgs/lib:/usr/lib/x86_64-linux-gnu/gazebo-11/plugins:/opt/ros/humble/opt/rviz_ogre_vendor/lib:/opt/ros/humble/lib/x86_64-linux-gnu:/opt/ros/humble/lib:/usr/local/nvidia/lib:/usr/local/nvidia/lib64:/usr/share/gazebo/../../lib/x86_64-linux-gnu/gazebo-11/plugins PYTHONPATH=/home/derek/work/install/nav2_msgs/local/lib/python3.10/dist-packages:/home/derek/work/install/nav2_common/local/lib/python3.10/dist-packages:${PYTHONPATH} /usr/bin/cmake --install /home/derek/work/build/nav2_constrained_smoother
