[3.106s] Invoking command in '/home/derek/work/src/pallet_seg': PYTHONPATH=/home/derek/work/build/pallet_seg/prefix_override:/home/derek/work/install/pallet_seg/lib/python3.10/site-packages:${PYTHONPATH} /usr/bin/python3 setup.py egg_info --egg-base ../../build/pallet_seg build --build-base /home/derek/work/build/pallet_seg/build install --record /home/derek/work/build/pallet_seg/install.log --single-version-externally-managed
[3.521s] running egg_info
[3.522s] creating ../../build/pallet_seg/pallet_seg.egg-info
[3.523s] writing manifest file '../../build/pallet_seg/pallet_seg.egg-info/SOURCES.txt'
[3.534s] writing manifest file '../../build/pallet_seg/pallet_seg.egg-info/SOURCES.txt'
[3.534s] running build
[3.535s] running build_py
[3.535s] creating /home/derek/work/build/pallet_seg/build
[3.535s] creating /home/derek/work/build/pallet_seg/build/lib
[3.535s] creating /home/derek/work/build/pallet_seg/build/lib/pallet_seg
[3.535s] copying pallet_seg/__init__.py -> /home/derek/work/build/pallet_seg/build/lib/pallet_seg
[3.536s] copying pallet_seg/solo_detect_all.py -> /home/derek/work/build/pallet_seg/build/lib/pallet_seg
[3.536s] running install
[3.536s] running install_lib
[3.536s] /usr/local/lib/python3.10/dist-packages/setuptools/command/install.py:34: SetuptoolsDeprecationWarning: setup.py install is deprecated. Use build and pip and other standards-based tools.
[3.536s]   warnings.warn(
[3.536s] creating /home/derek/work/install/pallet_seg/lib/python3.10/site-packages/pallet_seg
[3.537s] copying /home/derek/work/build/pallet_seg/build/lib/pallet_seg/__init__.py -> /home/derek/work/install/pallet_seg/lib/python3.10/site-packages/pallet_seg
[3.537s] copying /home/derek/work/build/pallet_seg/build/lib/pallet_seg/solo_detect_all.py -> /home/derek/work/install/pallet_seg/lib/python3.10/site-packages/pallet_seg
[3.537s] byte-compiling /home/derek/work/install/pallet_seg/lib/python3.10/site-packages/pallet_seg/__init__.py to __init__.cpython-310.pyc
[3.537s] byte-compiling /home/derek/work/install/pallet_seg/lib/python3.10/site-packages/pallet_seg/solo_detect_all.py to solo_detect_all.cpython-310.pyc
[3.538s] running install_data
[3.538s] creating /home/derek/work/install/pallet_seg/share/ament_index
[3.538s] creating /home/derek/work/install/pallet_seg/share/ament_index/resource_index
[3.538s] creating /home/derek/work/install/pallet_seg/share/ament_index/resource_index/packages
[3.539s] copying resource/pallet_seg -> /home/derek/work/install/pallet_seg/share/ament_index/resource_index/packages
[3.539s] copying package.xml -> /home/derek/work/install/pallet_seg/share/pallet_seg
[3.539s] copying launch/pallet_seg_altek_cam_launch.py -> /home/derek/work/install/pallet_seg/share/pallet_seg
[3.539s] running install_egg_info
[3.541s] Copying ../../build/pallet_seg/pallet_seg.egg-info to /home/derek/work/install/pallet_seg/lib/python3.10/site-packages/pallet_seg-0.0.0-py3.10.egg-info
[3.542s] running install_scripts
[3.567s] writing list of installed files to '/home/derek/work/build/pallet_seg/install.log'
[3.764s] Invoked command in '/home/derek/work/src/pallet_seg' returned '0': PYTHONPATH=/home/derek/work/build/pallet_seg/prefix_override:/home/derek/work/install/pallet_seg/lib/python3.10/site-packages:${PYTHONPATH} /usr/bin/python3 setup.py egg_info --egg-base ../../build/pallet_seg build --build-base /home/derek/work/build/pallet_seg/build install --record /home/derek/work/build/pallet_seg/install.log --single-version-externally-managed
