[0.397s] Invoking command in '/home/derek/work/build/nav_2d_msgs': CMAKE_PREFIX_PATH=/opt/ros/humble /usr/bin/cmake --build /home/derek/work/build/nav_2d_msgs -- -j16 -l16
[2.504s] [35m[1mConsolidate compiler generated dependencies of target nav_2d_msgs__rosidl_generator_c[0m
[2.504s] [  1%] Built target nav_2d_msgs__cpp
[2.504s] [  1%] Built target ament_cmake_python_copy_nav_2d_msgs
[2.504s] [ 12%] Built target nav_2d_msgs__rosidl_generator_c
[2.504s] [35m[1mConsolidate compiler generated dependencies of target nav_2d_msgs__rosidl_typesupport_cpp[0m
[2.504s] [35m[1mConsolidate compiler generated dependencies of target nav_2d_msgs__rosidl_typesupport_introspection_cpp[0m
[2.505s] [35m[1mConsolidate compiler generated dependencies of target nav_2d_msgs__rosidl_typesupport_fastrtps_cpp[0m
[2.505s] [35m[1mConsolidate compiler generated dependencies of target nav_2d_msgs__rosidl_typesupport_c[0m
[2.505s] [35m[1mConsolidate compiler generated dependencies of target nav_2d_msgs__rosidl_typesupport_fastrtps_c[0m
[2.505s] [35m[1mConsolidate compiler generated dependencies of target nav_2d_msgs__rosidl_typesupport_introspection_c[0m
[2.505s] [ 35%] Built target nav_2d_msgs__rosidl_typesupport_introspection_cpp
[2.505s] [ 35%] Built target nav_2d_msgs__rosidl_typesupport_cpp
[2.505s] [ 46%] Built target nav_2d_msgs__rosidl_typesupport_fastrtps_cpp
[2.505s] [ 69%] Built target nav_2d_msgs__rosidl_typesupport_introspection_c
[2.505s] [ 69%] Built target nav_2d_msgs__rosidl_typesupport_c
[2.505s] [ 80%] Built target nav_2d_msgs__rosidl_typesupport_fastrtps_c
[2.505s] [ 80%] Built target nav_2d_msgs
[2.505s] [ 81%] Built target nav_2d_msgs__py
[2.505s] [35m[1mConsolidate compiler generated dependencies of target nav_2d_msgs__rosidl_generator_py[0m
[2.506s] [ 91%] Built target nav_2d_msgs__rosidl_generator_py
[2.506s] [35m[1mConsolidate compiler generated dependencies of target nav_2d_msgs__rosidl_typesupport_fastrtps_c__pyext[0m
[2.506s] [35m[1mConsolidate compiler generated dependencies of target nav_2d_msgs__rosidl_typesupport_introspection_c__pyext[0m
[2.506s] [35m[1mConsolidate compiler generated dependencies of target nav_2d_msgs__rosidl_typesupport_c__pyext[0m
[2.506s] [ 94%] Built target nav_2d_msgs__rosidl_typesupport_fastrtps_c__pyext
[2.506s] [ 97%] Built target nav_2d_msgs__rosidl_typesupport_introspection_c__pyext
[2.506s] [100%] Built target nav_2d_msgs__rosidl_typesupport_c__pyext
[2.506s] running egg_info
[2.506s] writing manifest file 'nav_2d_msgs.egg-info/SOURCES.txt'
[2.506s] [100%] Built target ament_cmake_python_build_nav_2d_msgs_egg
[2.515s] Invoked command in '/home/derek/work/build/nav_2d_msgs' returned '0': CMAKE_PREFIX_PATH=/opt/ros/humble /usr/bin/cmake --build /home/derek/work/build/nav_2d_msgs -- -j16 -l16
[2.712s] Invoking command in '/home/derek/work/build/nav_2d_msgs': CMAKE_PREFIX_PATH=/opt/ros/humble /usr/bin/cmake --install /home/derek/work/build/nav_2d_msgs
[2.784s] -- Install configuration: ""
[2.784s] -- Up-to-date: /home/derek/work/install/nav_2d_msgs/share/ament_index/resource_index/rosidl_interfaces/nav_2d_msgs
[2.784s] -- Up-to-date: /home/derek/work/install/nav_2d_msgs/include/nav_2d_msgs/nav_2d_msgs
[2.785s] -- Up-to-date: /home/derek/work/install/nav_2d_msgs/include/nav_2d_msgs/nav_2d_msgs/msg
[2.785s] -- Up-to-date: /home/derek/work/install/nav_2d_msgs/include/nav_2d_msgs/nav_2d_msgs/msg/path2_d.h
[2.785s] -- Up-to-date: /home/derek/work/install/nav_2d_msgs/include/nav_2d_msgs/nav_2d_msgs/msg/pose2_d_stamped.h
[2.785s] -- Up-to-date: /home/derek/work/install/nav_2d_msgs/include/nav_2d_msgs/nav_2d_msgs/msg/rosidl_generator_c__visibility_control.h
[2.785s] -- Up-to-date: /home/derek/work/install/nav_2d_msgs/include/nav_2d_msgs/nav_2d_msgs/msg/pose2_d32.h
[2.785s] -- Up-to-date: /home/derek/work/install/nav_2d_msgs/include/nav_2d_msgs/nav_2d_msgs/msg/twist2_d_stamped.h
[2.785s] -- Up-to-date: /home/derek/work/install/nav_2d_msgs/include/nav_2d_msgs/nav_2d_msgs/msg/detail
[2.785s] -- Up-to-date: /home/derek/work/install/nav_2d_msgs/include/nav_2d_msgs/nav_2d_msgs/msg/detail/twist2_d32__functions.h
[2.785s] -- Up-to-date: /home/derek/work/install/nav_2d_msgs/include/nav_2d_msgs/nav_2d_msgs/msg/detail/pose2_d32__struct.h
[2.785s] -- Up-to-date: /home/derek/work/install/nav_2d_msgs/include/nav_2d_msgs/nav_2d_msgs/msg/detail/path2_d__functions.h
[2.785s] -- Up-to-date: /home/derek/work/install/nav_2d_msgs/include/nav_2d_msgs/nav_2d_msgs/msg/detail/twist2_d32__functions.c
[2.785s] -- Up-to-date: /home/derek/work/install/nav_2d_msgs/include/nav_2d_msgs/nav_2d_msgs/msg/detail/twist2_d32__type_support.h
[2.785s] -- Up-to-date: /home/derek/work/install/nav_2d_msgs/include/nav_2d_msgs/nav_2d_msgs/msg/detail/twist2_d__type_support.h
[2.785s] -- Up-to-date: /home/derek/work/install/nav_2d_msgs/include/nav_2d_msgs/nav_2d_msgs/msg/detail/twist2_d__functions.h
[2.785s] -- Up-to-date: /home/derek/work/install/nav_2d_msgs/include/nav_2d_msgs/nav_2d_msgs/msg/detail/path2_d__functions.c
[2.785s] -- Up-to-date: /home/derek/work/install/nav_2d_msgs/include/nav_2d_msgs/nav_2d_msgs/msg/detail/twist2_d__functions.c
[2.785s] -- Up-to-date: /home/derek/work/install/nav_2d_msgs/include/nav_2d_msgs/nav_2d_msgs/msg/detail/twist2_d_stamped__type_support.h
[2.785s] -- Up-to-date: /home/derek/work/install/nav_2d_msgs/include/nav_2d_msgs/nav_2d_msgs/msg/detail/pose2_d32__type_support.h
[2.785s] -- Up-to-date: /home/derek/work/install/nav_2d_msgs/include/nav_2d_msgs/nav_2d_msgs/msg/detail/pose2_d_stamped__functions.c
[2.786s] -- Up-to-date: /home/derek/work/install/nav_2d_msgs/include/nav_2d_msgs/nav_2d_msgs/msg/detail/path2_d__type_support.h
[2.786s] -- Up-to-date: /home/derek/work/install/nav_2d_msgs/include/nav_2d_msgs/nav_2d_msgs/msg/detail/path2_d__struct.h
[2.786s] -- Up-to-date: /home/derek/work/install/nav_2d_msgs/include/nav_2d_msgs/nav_2d_msgs/msg/detail/pose2_d_stamped__struct.h
[2.786s] -- Up-to-date: /home/derek/work/install/nav_2d_msgs/include/nav_2d_msgs/nav_2d_msgs/msg/detail/pose2_d_stamped__functions.h
[2.786s] -- Up-to-date: /home/derek/work/install/nav_2d_msgs/include/nav_2d_msgs/nav_2d_msgs/msg/detail/pose2_d32__functions.h
[2.786s] -- Up-to-date: /home/derek/work/install/nav_2d_msgs/include/nav_2d_msgs/nav_2d_msgs/msg/detail/twist2_d_stamped__struct.h
[2.786s] -- Up-to-date: /home/derek/work/install/nav_2d_msgs/include/nav_2d_msgs/nav_2d_msgs/msg/detail/twist2_d_stamped__functions.h
[2.786s] -- Up-to-date: /home/derek/work/install/nav_2d_msgs/include/nav_2d_msgs/nav_2d_msgs/msg/detail/twist2_d__struct.h
[2.786s] -- Up-to-date: /home/derek/work/install/nav_2d_msgs/include/nav_2d_msgs/nav_2d_msgs/msg/detail/twist2_d_stamped__functions.c
[2.786s] -- Up-to-date: /home/derek/work/install/nav_2d_msgs/include/nav_2d_msgs/nav_2d_msgs/msg/detail/twist2_d32__struct.h
[2.786s] -- Up-to-date: /home/derek/work/install/nav_2d_msgs/include/nav_2d_msgs/nav_2d_msgs/msg/detail/pose2_d32__functions.c
[2.786s] -- Up-to-date: /home/derek/work/install/nav_2d_msgs/include/nav_2d_msgs/nav_2d_msgs/msg/detail/pose2_d_stamped__type_support.h
[2.786s] -- Up-to-date: /home/derek/work/install/nav_2d_msgs/include/nav_2d_msgs/nav_2d_msgs/msg/twist2_d.h
[2.786s] -- Up-to-date: /home/derek/work/install/nav_2d_msgs/include/nav_2d_msgs/nav_2d_msgs/msg/twist2_d32.h
[2.786s] -- Up-to-date: /home/derek/work/install/nav_2d_msgs/share/nav_2d_msgs/environment/library_path.sh
[2.786s] -- Up-to-date: /home/derek/work/install/nav_2d_msgs/share/nav_2d_msgs/environment/library_path.dsv
[2.786s] -- Up-to-date: /home/derek/work/install/nav_2d_msgs/lib/libnav_2d_msgs__rosidl_generator_c.so
[2.786s] -- Up-to-date: /home/derek/work/install/nav_2d_msgs/include/nav_2d_msgs/nav_2d_msgs
[2.786s] -- Up-to-date: /home/derek/work/install/nav_2d_msgs/include/nav_2d_msgs/nav_2d_msgs/msg
[2.786s] -- Up-to-date: /home/derek/work/install/nav_2d_msgs/include/nav_2d_msgs/nav_2d_msgs/msg/rosidl_typesupport_fastrtps_c__visibility_control.h
[2.786s] -- Up-to-date: /home/derek/work/install/nav_2d_msgs/include/nav_2d_msgs/nav_2d_msgs/msg/detail
[2.787s] -- Up-to-date: /home/derek/work/install/nav_2d_msgs/include/nav_2d_msgs/nav_2d_msgs/msg/detail/pose2_d_stamped__rosidl_typesupport_fastrtps_c.h
[2.787s] -- Up-to-date: /home/derek/work/install/nav_2d_msgs/include/nav_2d_msgs/nav_2d_msgs/msg/detail/twist2_d32__rosidl_typesupport_fastrtps_c.h
[2.787s] -- Up-to-date: /home/derek/work/install/nav_2d_msgs/include/nav_2d_msgs/nav_2d_msgs/msg/detail/pose2_d32__rosidl_typesupport_fastrtps_c.h
[2.787s] -- Up-to-date: /home/derek/work/install/nav_2d_msgs/include/nav_2d_msgs/nav_2d_msgs/msg/detail/twist2_d_stamped__rosidl_typesupport_fastrtps_c.h
[2.787s] -- Up-to-date: /home/derek/work/install/nav_2d_msgs/include/nav_2d_msgs/nav_2d_msgs/msg/detail/twist2_d__rosidl_typesupport_fastrtps_c.h
[2.787s] -- Up-to-date: /home/derek/work/install/nav_2d_msgs/include/nav_2d_msgs/nav_2d_msgs/msg/detail/path2_d__rosidl_typesupport_fastrtps_c.h
[2.787s] -- Up-to-date: /home/derek/work/install/nav_2d_msgs/lib/libnav_2d_msgs__rosidl_typesupport_fastrtps_c.so
[2.788s] -- Up-to-date: /home/derek/work/install/nav_2d_msgs/include/nav_2d_msgs/nav_2d_msgs
[2.788s] -- Up-to-date: /home/derek/work/install/nav_2d_msgs/include/nav_2d_msgs/nav_2d_msgs/msg
[2.788s] -- Up-to-date: /home/derek/work/install/nav_2d_msgs/include/nav_2d_msgs/nav_2d_msgs/msg/twist2_d_stamped.hpp
[2.788s] -- Up-to-date: /home/derek/work/install/nav_2d_msgs/include/nav_2d_msgs/nav_2d_msgs/msg/path2_d.hpp
[2.788s] -- Up-to-date: /home/derek/work/install/nav_2d_msgs/include/nav_2d_msgs/nav_2d_msgs/msg/detail
[2.788s] -- Up-to-date: /home/derek/work/install/nav_2d_msgs/include/nav_2d_msgs/nav_2d_msgs/msg/detail/twist2_d_stamped__builder.hpp
[2.788s] -- Up-to-date: /home/derek/work/install/nav_2d_msgs/include/nav_2d_msgs/nav_2d_msgs/msg/detail/pose2_d32__struct.hpp
[2.788s] -- Up-to-date: /home/derek/work/install/nav_2d_msgs/include/nav_2d_msgs/nav_2d_msgs/msg/detail/twist2_d32__builder.hpp
[2.789s] -- Up-to-date: /home/derek/work/install/nav_2d_msgs/include/nav_2d_msgs/nav_2d_msgs/msg/detail/twist2_d_stamped__traits.hpp
[2.789s] -- Up-to-date: /home/derek/work/install/nav_2d_msgs/include/nav_2d_msgs/nav_2d_msgs/msg/detail/twist2_d32__struct.hpp
[2.789s] -- Up-to-date: /home/derek/work/install/nav_2d_msgs/include/nav_2d_msgs/nav_2d_msgs/msg/detail/path2_d__struct.hpp
[2.789s] -- Up-to-date: /home/derek/work/install/nav_2d_msgs/include/nav_2d_msgs/nav_2d_msgs/msg/detail/twist2_d_stamped__struct.hpp
[2.789s] -- Up-to-date: /home/derek/work/install/nav_2d_msgs/include/nav_2d_msgs/nav_2d_msgs/msg/detail/pose2_d_stamped__builder.hpp
[2.789s] -- Up-to-date: /home/derek/work/install/nav_2d_msgs/include/nav_2d_msgs/nav_2d_msgs/msg/detail/twist2_d__builder.hpp
[2.789s] -- Up-to-date: /home/derek/work/install/nav_2d_msgs/include/nav_2d_msgs/nav_2d_msgs/msg/detail/twist2_d__struct.hpp
[2.789s] -- Up-to-date: /home/derek/work/install/nav_2d_msgs/include/nav_2d_msgs/nav_2d_msgs/msg/detail/pose2_d32__traits.hpp
[2.789s] -- Up-to-date: /home/derek/work/install/nav_2d_msgs/include/nav_2d_msgs/nav_2d_msgs/msg/detail/path2_d__builder.hpp
[2.789s] -- Up-to-date: /home/derek/work/install/nav_2d_msgs/include/nav_2d_msgs/nav_2d_msgs/msg/detail/twist2_d32__traits.hpp
[2.789s] -- Up-to-date: /home/derek/work/install/nav_2d_msgs/include/nav_2d_msgs/nav_2d_msgs/msg/detail/pose2_d_stamped__struct.hpp
[2.790s] -- Up-to-date: /home/derek/work/install/nav_2d_msgs/include/nav_2d_msgs/nav_2d_msgs/msg/detail/pose2_d_stamped__traits.hpp
[2.790s] -- Up-to-date: /home/derek/work/install/nav_2d_msgs/include/nav_2d_msgs/nav_2d_msgs/msg/detail/path2_d__traits.hpp
[2.790s] -- Up-to-date: /home/derek/work/install/nav_2d_msgs/include/nav_2d_msgs/nav_2d_msgs/msg/detail/twist2_d__traits.hpp
[2.790s] -- Up-to-date: /home/derek/work/install/nav_2d_msgs/include/nav_2d_msgs/nav_2d_msgs/msg/detail/pose2_d32__builder.hpp
[2.790s] -- Up-to-date: /home/derek/work/install/nav_2d_msgs/include/nav_2d_msgs/nav_2d_msgs/msg/pose2_d32.hpp
[2.790s] -- Up-to-date: /home/derek/work/install/nav_2d_msgs/include/nav_2d_msgs/nav_2d_msgs/msg/twist2_d.hpp
[2.790s] -- Up-to-date: /home/derek/work/install/nav_2d_msgs/include/nav_2d_msgs/nav_2d_msgs/msg/twist2_d32.hpp
[2.791s] -- Up-to-date: /home/derek/work/install/nav_2d_msgs/include/nav_2d_msgs/nav_2d_msgs/msg/pose2_d_stamped.hpp
[2.791s] -- Up-to-date: /home/derek/work/install/nav_2d_msgs/include/nav_2d_msgs/nav_2d_msgs
[2.791s] -- Up-to-date: /home/derek/work/install/nav_2d_msgs/include/nav_2d_msgs/nav_2d_msgs/msg
[2.791s] -- Up-to-date: /home/derek/work/install/nav_2d_msgs/include/nav_2d_msgs/nav_2d_msgs/msg/rosidl_typesupport_fastrtps_cpp__visibility_control.h
[2.791s] -- Up-to-date: /home/derek/work/install/nav_2d_msgs/include/nav_2d_msgs/nav_2d_msgs/msg/detail
[2.791s] -- Up-to-date: /home/derek/work/install/nav_2d_msgs/include/nav_2d_msgs/nav_2d_msgs/msg/detail/dds_fastrtps
[2.792s] -- Up-to-date: /home/derek/work/install/nav_2d_msgs/include/nav_2d_msgs/nav_2d_msgs/msg/detail/pose2_d_stamped__rosidl_typesupport_fastrtps_cpp.hpp
[2.792s] -- Up-to-date: /home/derek/work/install/nav_2d_msgs/include/nav_2d_msgs/nav_2d_msgs/msg/detail/twist2_d32__rosidl_typesupport_fastrtps_cpp.hpp
[2.792s] -- Up-to-date: /home/derek/work/install/nav_2d_msgs/include/nav_2d_msgs/nav_2d_msgs/msg/detail/path2_d__rosidl_typesupport_fastrtps_cpp.hpp
[2.792s] -- Up-to-date: /home/derek/work/install/nav_2d_msgs/include/nav_2d_msgs/nav_2d_msgs/msg/detail/twist2_d_stamped__rosidl_typesupport_fastrtps_cpp.hpp
[2.792s] -- Up-to-date: /home/derek/work/install/nav_2d_msgs/include/nav_2d_msgs/nav_2d_msgs/msg/detail/pose2_d32__rosidl_typesupport_fastrtps_cpp.hpp
[2.792s] -- Up-to-date: /home/derek/work/install/nav_2d_msgs/include/nav_2d_msgs/nav_2d_msgs/msg/detail/twist2_d__rosidl_typesupport_fastrtps_cpp.hpp
[2.793s] -- Up-to-date: /home/derek/work/install/nav_2d_msgs/lib/libnav_2d_msgs__rosidl_typesupport_fastrtps_cpp.so
[2.793s] -- Up-to-date: /home/derek/work/install/nav_2d_msgs/include/nav_2d_msgs/nav_2d_msgs
[2.793s] -- Up-to-date: /home/derek/work/install/nav_2d_msgs/include/nav_2d_msgs/nav_2d_msgs/msg
[2.793s] -- Up-to-date: /home/derek/work/install/nav_2d_msgs/include/nav_2d_msgs/nav_2d_msgs/msg/rosidl_typesupport_introspection_c__visibility_control.h
[2.793s] -- Up-to-date: /home/derek/work/install/nav_2d_msgs/include/nav_2d_msgs/nav_2d_msgs/msg/detail
[2.793s] -- Up-to-date: /home/derek/work/install/nav_2d_msgs/include/nav_2d_msgs/nav_2d_msgs/msg/detail/twist2_d_stamped__type_support.c
[2.794s] -- Up-to-date: /home/derek/work/install/nav_2d_msgs/include/nav_2d_msgs/nav_2d_msgs/msg/detail/pose2_d32__type_support.c
[2.794s] -- Up-to-date: /home/derek/work/install/nav_2d_msgs/include/nav_2d_msgs/nav_2d_msgs/msg/detail/path2_d__rosidl_typesupport_introspection_c.h
[2.794s] -- Up-to-date: /home/derek/work/install/nav_2d_msgs/include/nav_2d_msgs/nav_2d_msgs/msg/detail/twist2_d_stamped__rosidl_typesupport_introspection_c.h
[2.794s] -- Up-to-date: /home/derek/work/install/nav_2d_msgs/include/nav_2d_msgs/nav_2d_msgs/msg/detail/path2_d__type_support.c
[2.794s] -- Up-to-date: /home/derek/work/install/nav_2d_msgs/include/nav_2d_msgs/nav_2d_msgs/msg/detail/twist2_d__type_support.c
[2.794s] -- Up-to-date: /home/derek/work/install/nav_2d_msgs/include/nav_2d_msgs/nav_2d_msgs/msg/detail/twist2_d32__type_support.c
[2.794s] -- Up-to-date: /home/derek/work/install/nav_2d_msgs/include/nav_2d_msgs/nav_2d_msgs/msg/detail/twist2_d32__rosidl_typesupport_introspection_c.h
[2.794s] -- Up-to-date: /home/derek/work/install/nav_2d_msgs/include/nav_2d_msgs/nav_2d_msgs/msg/detail/twist2_d__rosidl_typesupport_introspection_c.h
[2.795s] -- Up-to-date: /home/derek/work/install/nav_2d_msgs/include/nav_2d_msgs/nav_2d_msgs/msg/detail/pose2_d32__rosidl_typesupport_introspection_c.h
[2.795s] -- Up-to-date: /home/derek/work/install/nav_2d_msgs/include/nav_2d_msgs/nav_2d_msgs/msg/detail/pose2_d_stamped__type_support.c
[2.795s] -- Up-to-date: /home/derek/work/install/nav_2d_msgs/include/nav_2d_msgs/nav_2d_msgs/msg/detail/pose2_d_stamped__rosidl_typesupport_introspection_c.h
[2.795s] -- Up-to-date: /home/derek/work/install/nav_2d_msgs/lib/libnav_2d_msgs__rosidl_typesupport_introspection_c.so
[2.795s] -- Up-to-date: /home/derek/work/install/nav_2d_msgs/lib/libnav_2d_msgs__rosidl_typesupport_c.so
[2.795s] -- Up-to-date: /home/derek/work/install/nav_2d_msgs/include/nav_2d_msgs/nav_2d_msgs
[2.795s] -- Up-to-date: /home/derek/work/install/nav_2d_msgs/include/nav_2d_msgs/nav_2d_msgs/msg
[2.796s] -- Up-to-date: /home/derek/work/install/nav_2d_msgs/include/nav_2d_msgs/nav_2d_msgs/msg/detail
[2.796s] -- Up-to-date: /home/derek/work/install/nav_2d_msgs/include/nav_2d_msgs/nav_2d_msgs/msg/detail/twist2_d__rosidl_typesupport_introspection_cpp.hpp
[2.796s] -- Up-to-date: /home/derek/work/install/nav_2d_msgs/include/nav_2d_msgs/nav_2d_msgs/msg/detail/path2_d__rosidl_typesupport_introspection_cpp.hpp
[2.796s] -- Up-to-date: /home/derek/work/install/nav_2d_msgs/include/nav_2d_msgs/nav_2d_msgs/msg/detail/twist2_d32__rosidl_typesupport_introspection_cpp.hpp
[2.796s] -- Up-to-date: /home/derek/work/install/nav_2d_msgs/include/nav_2d_msgs/nav_2d_msgs/msg/detail/twist2_d32__type_support.cpp
[2.796s] -- Up-to-date: /home/derek/work/install/nav_2d_msgs/include/nav_2d_msgs/nav_2d_msgs/msg/detail/pose2_d_stamped__type_support.cpp
[2.796s] -- Up-to-date: /home/derek/work/install/nav_2d_msgs/include/nav_2d_msgs/nav_2d_msgs/msg/detail/twist2_d__type_support.cpp
[2.796s] -- Up-to-date: /home/derek/work/install/nav_2d_msgs/include/nav_2d_msgs/nav_2d_msgs/msg/detail/pose2_d32__type_support.cpp
[2.796s] -- Up-to-date: /home/derek/work/install/nav_2d_msgs/include/nav_2d_msgs/nav_2d_msgs/msg/detail/pose2_d32__rosidl_typesupport_introspection_cpp.hpp
[2.797s] -- Up-to-date: /home/derek/work/install/nav_2d_msgs/include/nav_2d_msgs/nav_2d_msgs/msg/detail/path2_d__type_support.cpp
[2.797s] -- Up-to-date: /home/derek/work/install/nav_2d_msgs/include/nav_2d_msgs/nav_2d_msgs/msg/detail/twist2_d_stamped__type_support.cpp
[2.797s] -- Up-to-date: /home/derek/work/install/nav_2d_msgs/include/nav_2d_msgs/nav_2d_msgs/msg/detail/twist2_d_stamped__rosidl_typesupport_introspection_cpp.hpp
[2.797s] -- Up-to-date: /home/derek/work/install/nav_2d_msgs/include/nav_2d_msgs/nav_2d_msgs/msg/detail/pose2_d_stamped__rosidl_typesupport_introspection_cpp.hpp
[2.797s] -- Up-to-date: /home/derek/work/install/nav_2d_msgs/lib/libnav_2d_msgs__rosidl_typesupport_introspection_cpp.so
[2.797s] -- Up-to-date: /home/derek/work/install/nav_2d_msgs/lib/libnav_2d_msgs__rosidl_typesupport_cpp.so
[2.797s] -- Up-to-date: /home/derek/work/install/nav_2d_msgs/share/nav_2d_msgs/environment/pythonpath.sh
[2.797s] -- Up-to-date: /home/derek/work/install/nav_2d_msgs/share/nav_2d_msgs/environment/pythonpath.dsv
[2.797s] -- Up-to-date: /home/derek/work/install/nav_2d_msgs/local/lib/python3.10/dist-packages/nav_2d_msgs-1.1.13-py3.10.egg-info
[2.797s] -- Installing: /home/derek/work/install/nav_2d_msgs/local/lib/python3.10/dist-packages/nav_2d_msgs-1.1.13-py3.10.egg-info/PKG-INFO
[2.798s] -- Installing: /home/derek/work/install/nav_2d_msgs/local/lib/python3.10/dist-packages/nav_2d_msgs-1.1.13-py3.10.egg-info/top_level.txt
[2.798s] -- Installing: /home/derek/work/install/nav_2d_msgs/local/lib/python3.10/dist-packages/nav_2d_msgs-1.1.13-py3.10.egg-info/SOURCES.txt
[2.798s] -- Installing: /home/derek/work/install/nav_2d_msgs/local/lib/python3.10/dist-packages/nav_2d_msgs-1.1.13-py3.10.egg-info/dependency_links.txt
[2.798s] -- Up-to-date: /home/derek/work/install/nav_2d_msgs/local/lib/python3.10/dist-packages/nav_2d_msgs
[2.798s] -- Up-to-date: /home/derek/work/install/nav_2d_msgs/local/lib/python3.10/dist-packages/nav_2d_msgs/nav_2d_msgs_s__rosidl_typesupport_fastrtps_c.cpython-310-x86_64-linux-gnu.so
[2.798s] -- Up-to-date: /home/derek/work/install/nav_2d_msgs/local/lib/python3.10/dist-packages/nav_2d_msgs/_nav_2d_msgs_s.ep.rosidl_typesupport_introspection_c.c
[2.798s] -- Up-to-date: /home/derek/work/install/nav_2d_msgs/local/lib/python3.10/dist-packages/nav_2d_msgs/_nav_2d_msgs_s.ep.rosidl_typesupport_c.c
[2.798s] -- Up-to-date: /home/derek/work/install/nav_2d_msgs/local/lib/python3.10/dist-packages/nav_2d_msgs/_nav_2d_msgs_s.ep.rosidl_typesupport_fastrtps_c.c
[2.798s] -- Up-to-date: /home/derek/work/install/nav_2d_msgs/local/lib/python3.10/dist-packages/nav_2d_msgs/__init__.py
[2.798s] -- Up-to-date: /home/derek/work/install/nav_2d_msgs/local/lib/python3.10/dist-packages/nav_2d_msgs/nav_2d_msgs_s__rosidl_typesupport_introspection_c.cpython-310-x86_64-linux-gnu.so
[2.799s] -- Up-to-date: /home/derek/work/install/nav_2d_msgs/local/lib/python3.10/dist-packages/nav_2d_msgs/libnav_2d_msgs__rosidl_generator_py.so
[2.799s] -- Up-to-date: /home/derek/work/install/nav_2d_msgs/local/lib/python3.10/dist-packages/nav_2d_msgs/nav_2d_msgs_s__rosidl_typesupport_c.cpython-310-x86_64-linux-gnu.so
[2.799s] -- Up-to-date: /home/derek/work/install/nav_2d_msgs/local/lib/python3.10/dist-packages/nav_2d_msgs/msg
[2.799s] -- Up-to-date: /home/derek/work/install/nav_2d_msgs/local/lib/python3.10/dist-packages/nav_2d_msgs/msg/_pose2_d_stamped_s.c
[2.799s] -- Up-to-date: /home/derek/work/install/nav_2d_msgs/local/lib/python3.10/dist-packages/nav_2d_msgs/msg/_twist2_d.py
[2.799s] -- Up-to-date: /home/derek/work/install/nav_2d_msgs/local/lib/python3.10/dist-packages/nav_2d_msgs/msg/_path2_d.py
[2.799s] -- Up-to-date: /home/derek/work/install/nav_2d_msgs/local/lib/python3.10/dist-packages/nav_2d_msgs/msg/_twist2_d32_s.c
[2.800s] -- Up-to-date: /home/derek/work/install/nav_2d_msgs/local/lib/python3.10/dist-packages/nav_2d_msgs/msg/_path2_d_s.c
[2.800s] -- Up-to-date: /home/derek/work/install/nav_2d_msgs/local/lib/python3.10/dist-packages/nav_2d_msgs/msg/_pose2_d_stamped.py
[2.800s] -- Up-to-date: /home/derek/work/install/nav_2d_msgs/local/lib/python3.10/dist-packages/nav_2d_msgs/msg/__init__.py
[2.800s] -- Up-to-date: /home/derek/work/install/nav_2d_msgs/local/lib/python3.10/dist-packages/nav_2d_msgs/msg/_twist2_d_stamped.py
[2.800s] -- Up-to-date: /home/derek/work/install/nav_2d_msgs/local/lib/python3.10/dist-packages/nav_2d_msgs/msg/_twist2_d32.py
[2.800s] -- Up-to-date: /home/derek/work/install/nav_2d_msgs/local/lib/python3.10/dist-packages/nav_2d_msgs/msg/_twist2_d_s.c
[2.800s] -- Up-to-date: /home/derek/work/install/nav_2d_msgs/local/lib/python3.10/dist-packages/nav_2d_msgs/msg/_pose2_d32.py
[2.800s] -- Up-to-date: /home/derek/work/install/nav_2d_msgs/local/lib/python3.10/dist-packages/nav_2d_msgs/msg/_twist2_d_stamped_s.c
[2.801s] -- Up-to-date: /home/derek/work/install/nav_2d_msgs/local/lib/python3.10/dist-packages/nav_2d_msgs/msg/_pose2_d32_s.c
[2.807s] Listing '/home/derek/work/install/nav_2d_msgs/local/lib/python3.10/dist-packages/nav_2d_msgs'...
[2.807s] Listing '/home/derek/work/install/nav_2d_msgs/local/lib/python3.10/dist-packages/nav_2d_msgs/msg'...
[2.813s] -- Up-to-date: /home/derek/work/install/nav_2d_msgs/local/lib/python3.10/dist-packages/nav_2d_msgs/nav_2d_msgs_s__rosidl_typesupport_fastrtps_c.cpython-310-x86_64-linux-gnu.so
[2.813s] -- Up-to-date: /home/derek/work/install/nav_2d_msgs/local/lib/python3.10/dist-packages/nav_2d_msgs/nav_2d_msgs_s__rosidl_typesupport_introspection_c.cpython-310-x86_64-linux-gnu.so
[2.813s] -- Up-to-date: /home/derek/work/install/nav_2d_msgs/local/lib/python3.10/dist-packages/nav_2d_msgs/nav_2d_msgs_s__rosidl_typesupport_c.cpython-310-x86_64-linux-gnu.so
[2.814s] -- Up-to-date: /home/derek/work/install/nav_2d_msgs/lib/libnav_2d_msgs__rosidl_generator_py.so
[2.814s] -- Up-to-date: /home/derek/work/install/nav_2d_msgs/share/nav_2d_msgs/msg/Path2D.idl
[2.814s] -- Up-to-date: /home/derek/work/install/nav_2d_msgs/share/nav_2d_msgs/msg/Pose2D32.idl
[2.814s] -- Up-to-date: /home/derek/work/install/nav_2d_msgs/share/nav_2d_msgs/msg/Pose2DStamped.idl
[2.814s] -- Up-to-date: /home/derek/work/install/nav_2d_msgs/share/nav_2d_msgs/msg/Twist2D.idl
[2.814s] -- Up-to-date: /home/derek/work/install/nav_2d_msgs/share/nav_2d_msgs/msg/Twist2D32.idl
[2.814s] -- Up-to-date: /home/derek/work/install/nav_2d_msgs/share/nav_2d_msgs/msg/Twist2DStamped.idl
[2.814s] -- Up-to-date: /home/derek/work/install/nav_2d_msgs/share/nav_2d_msgs/msg/Path2D.msg
[2.814s] -- Up-to-date: /home/derek/work/install/nav_2d_msgs/share/nav_2d_msgs/msg/Pose2D32.msg
[2.815s] -- Up-to-date: /home/derek/work/install/nav_2d_msgs/share/nav_2d_msgs/msg/Pose2DStamped.msg
[2.815s] -- Up-to-date: /home/derek/work/install/nav_2d_msgs/share/nav_2d_msgs/msg/Twist2D.msg
[2.815s] -- Up-to-date: /home/derek/work/install/nav_2d_msgs/share/nav_2d_msgs/msg/Twist2D32.msg
[2.815s] -- Up-to-date: /home/derek/work/install/nav_2d_msgs/share/nav_2d_msgs/msg/Twist2DStamped.msg
[2.815s] -- Up-to-date: /home/derek/work/install/nav_2d_msgs/share/ament_index/resource_index/package_run_dependencies/nav_2d_msgs
[2.815s] -- Up-to-date: /home/derek/work/install/nav_2d_msgs/share/ament_index/resource_index/parent_prefix_path/nav_2d_msgs
[2.815s] -- Up-to-date: /home/derek/work/install/nav_2d_msgs/share/nav_2d_msgs/environment/ament_prefix_path.sh
[2.815s] -- Up-to-date: /home/derek/work/install/nav_2d_msgs/share/nav_2d_msgs/environment/ament_prefix_path.dsv
[2.815s] -- Up-to-date: /home/derek/work/install/nav_2d_msgs/share/nav_2d_msgs/environment/path.sh
[2.815s] -- Up-to-date: /home/derek/work/install/nav_2d_msgs/share/nav_2d_msgs/environment/path.dsv
[2.815s] -- Up-to-date: /home/derek/work/install/nav_2d_msgs/share/nav_2d_msgs/local_setup.bash
[2.815s] -- Up-to-date: /home/derek/work/install/nav_2d_msgs/share/nav_2d_msgs/local_setup.sh
[2.815s] -- Up-to-date: /home/derek/work/install/nav_2d_msgs/share/nav_2d_msgs/local_setup.zsh
[2.815s] -- Up-to-date: /home/derek/work/install/nav_2d_msgs/share/nav_2d_msgs/local_setup.dsv
[2.816s] -- Installing: /home/derek/work/install/nav_2d_msgs/share/nav_2d_msgs/package.dsv
[2.816s] -- Up-to-date: /home/derek/work/install/nav_2d_msgs/share/ament_index/resource_index/packages/nav_2d_msgs
[2.816s] -- Up-to-date: /home/derek/work/install/nav_2d_msgs/share/nav_2d_msgs/cmake/export_nav_2d_msgs__rosidl_generator_cExport.cmake
[2.816s] -- Up-to-date: /home/derek/work/install/nav_2d_msgs/share/nav_2d_msgs/cmake/export_nav_2d_msgs__rosidl_generator_cExport-noconfig.cmake
[2.816s] -- Up-to-date: /home/derek/work/install/nav_2d_msgs/share/nav_2d_msgs/cmake/export_nav_2d_msgs__rosidl_typesupport_fastrtps_cExport.cmake
[2.816s] -- Up-to-date: /home/derek/work/install/nav_2d_msgs/share/nav_2d_msgs/cmake/export_nav_2d_msgs__rosidl_typesupport_fastrtps_cExport-noconfig.cmake
[2.816s] -- Up-to-date: /home/derek/work/install/nav_2d_msgs/share/nav_2d_msgs/cmake/export_nav_2d_msgs__rosidl_generator_cppExport.cmake
[2.816s] -- Up-to-date: /home/derek/work/install/nav_2d_msgs/share/nav_2d_msgs/cmake/export_nav_2d_msgs__rosidl_typesupport_fastrtps_cppExport.cmake
[2.816s] -- Up-to-date: /home/derek/work/install/nav_2d_msgs/share/nav_2d_msgs/cmake/export_nav_2d_msgs__rosidl_typesupport_fastrtps_cppExport-noconfig.cmake
[2.816s] -- Up-to-date: /home/derek/work/install/nav_2d_msgs/share/nav_2d_msgs/cmake/nav_2d_msgs__rosidl_typesupport_introspection_cExport.cmake
[2.816s] -- Up-to-date: /home/derek/work/install/nav_2d_msgs/share/nav_2d_msgs/cmake/nav_2d_msgs__rosidl_typesupport_introspection_cExport-noconfig.cmake
[2.816s] -- Up-to-date: /home/derek/work/install/nav_2d_msgs/share/nav_2d_msgs/cmake/nav_2d_msgs__rosidl_typesupport_cExport.cmake
[2.816s] -- Up-to-date: /home/derek/work/install/nav_2d_msgs/share/nav_2d_msgs/cmake/nav_2d_msgs__rosidl_typesupport_cExport-noconfig.cmake
[2.816s] -- Up-to-date: /home/derek/work/install/nav_2d_msgs/share/nav_2d_msgs/cmake/nav_2d_msgs__rosidl_typesupport_introspection_cppExport.cmake
[2.817s] -- Up-to-date: /home/derek/work/install/nav_2d_msgs/share/nav_2d_msgs/cmake/nav_2d_msgs__rosidl_typesupport_introspection_cppExport-noconfig.cmake
[2.817s] -- Up-to-date: /home/derek/work/install/nav_2d_msgs/share/nav_2d_msgs/cmake/nav_2d_msgs__rosidl_typesupport_cppExport.cmake
[2.817s] -- Up-to-date: /home/derek/work/install/nav_2d_msgs/share/nav_2d_msgs/cmake/nav_2d_msgs__rosidl_typesupport_cppExport-noconfig.cmake
[2.817s] -- Up-to-date: /home/derek/work/install/nav_2d_msgs/share/nav_2d_msgs/cmake/export_nav_2d_msgs__rosidl_generator_pyExport.cmake
[2.817s] -- Up-to-date: /home/derek/work/install/nav_2d_msgs/share/nav_2d_msgs/cmake/export_nav_2d_msgs__rosidl_generator_pyExport-noconfig.cmake
[2.817s] -- Up-to-date: /home/derek/work/install/nav_2d_msgs/share/nav_2d_msgs/cmake/rosidl_cmake-extras.cmake
[2.817s] -- Up-to-date: /home/derek/work/install/nav_2d_msgs/share/nav_2d_msgs/cmake/ament_cmake_export_dependencies-extras.cmake
[2.817s] -- Up-to-date: /home/derek/work/install/nav_2d_msgs/share/nav_2d_msgs/cmake/ament_cmake_export_include_directories-extras.cmake
[2.817s] -- Up-to-date: /home/derek/work/install/nav_2d_msgs/share/nav_2d_msgs/cmake/ament_cmake_export_libraries-extras.cmake
[2.817s] -- Up-to-date: /home/derek/work/install/nav_2d_msgs/share/nav_2d_msgs/cmake/ament_cmake_export_targets-extras.cmake
[2.817s] -- Up-to-date: /home/derek/work/install/nav_2d_msgs/share/nav_2d_msgs/cmake/rosidl_cmake_export_typesupport_targets-extras.cmake
[2.817s] -- Up-to-date: /home/derek/work/install/nav_2d_msgs/share/nav_2d_msgs/cmake/rosidl_cmake_export_typesupport_libraries-extras.cmake
[2.817s] -- Up-to-date: /home/derek/work/install/nav_2d_msgs/share/nav_2d_msgs/cmake/nav_2d_msgsConfig.cmake
[2.817s] -- Up-to-date: /home/derek/work/install/nav_2d_msgs/share/nav_2d_msgs/cmake/nav_2d_msgsConfig-version.cmake
[2.818s] -- Up-to-date: /home/derek/work/install/nav_2d_msgs/share/nav_2d_msgs/package.xml
[3.105s] Invoked command in '/home/derek/work/build/nav_2d_msgs' returned '0': CMAKE_PREFIX_PATH=/opt/ros/humble /usr/bin/cmake --install /home/derek/work/build/nav_2d_msgs
