[0.039s] Invoking command in '/home/derek/work/build/turtlebot3_bringup': AMENT_PREFIX_PATH=/home/derek/work/install/turtlebot3_node:/home/derek/work/install/turtlebot3_description:${AMENT_PREFIX_PATH} CMAKE_PREFIX_PATH=/home/derek/work/install/turtlebot3_node:/home/derek/work/install/turtlebot3_description:/opt/ros/humble /usr/bin/cmake /home/derek/work/src/turtlebot3/turtlebot3_bringup -DCMAKE_INSTALL_PREFIX=/home/derek/work/install/turtlebot3_bringup
[0.093s] -- The C compiler identification is GNU 11.4.0
[0.145s] -- The CXX compiler identification is GNU 11.4.0
[0.155s] -- Detecting C compiler ABI info
[0.221s] -- Detecting C compiler ABI info - done
[0.227s] -- Check for working C compiler: /usr/bin/cc - skipped
[0.228s] -- Detecting C compile features
[0.228s] -- Detecting C compile features - done
[0.230s] -- Detecting CXX compiler ABI info
[0.301s] -- Detecting CXX compiler ABI info - done
[0.312s] -- Check for working CXX compiler: /usr/bin/c++ - skipped
[0.312s] -- Detecting CXX compile features
[0.313s] -- Detecting CXX compile features - done
[0.315s] -- Found ament_cmake: 1.3.7 (/opt/ros/humble/share/ament_cmake/cmake)
[0.770s] -- Found Python3: /usr/bin/python3.10 (found version "3.10.12") found components: Interpreter 
[0.907s] -- Configuring done
[0.909s] -- Generating done
[0.910s] -- Build files have been written to: /home/derek/work/build/turtlebot3_bringup
[0.914s] Invoked command in '/home/derek/work/build/turtlebot3_bringup' returned '0': AMENT_PREFIX_PATH=/home/derek/work/install/turtlebot3_node:/home/derek/work/install/turtlebot3_description:${AMENT_PREFIX_PATH} CMAKE_PREFIX_PATH=/home/derek/work/install/turtlebot3_node:/home/derek/work/install/turtlebot3_description:/opt/ros/humble /usr/bin/cmake /home/derek/work/src/turtlebot3/turtlebot3_bringup -DCMAKE_INSTALL_PREFIX=/home/derek/work/install/turtlebot3_bringup
[0.915s] Invoking command in '/home/derek/work/build/turtlebot3_bringup': AMENT_PREFIX_PATH=/home/derek/work/install/turtlebot3_node:/home/derek/work/install/turtlebot3_description:${AMENT_PREFIX_PATH} CMAKE_PREFIX_PATH=/home/derek/work/install/turtlebot3_node:/home/derek/work/install/turtlebot3_description:/opt/ros/humble /usr/bin/cmake --build /home/derek/work/build/turtlebot3_bringup -- -j16 -l16
[0.951s] Invoked command in '/home/derek/work/build/turtlebot3_bringup' returned '0': AMENT_PREFIX_PATH=/home/derek/work/install/turtlebot3_node:/home/derek/work/install/turtlebot3_description:${AMENT_PREFIX_PATH} CMAKE_PREFIX_PATH=/home/derek/work/install/turtlebot3_node:/home/derek/work/install/turtlebot3_description:/opt/ros/humble /usr/bin/cmake --build /home/derek/work/build/turtlebot3_bringup -- -j16 -l16
[0.974s] Invoking command in '/home/derek/work/build/turtlebot3_bringup': AMENT_PREFIX_PATH=/home/derek/work/install/turtlebot3_node:/home/derek/work/install/turtlebot3_description:${AMENT_PREFIX_PATH} CMAKE_PREFIX_PATH=/home/derek/work/install/turtlebot3_node:/home/derek/work/install/turtlebot3_description:/opt/ros/humble /usr/bin/cmake --install /home/derek/work/build/turtlebot3_bringup
[0.981s] -- Install configuration: ""
[0.981s] -- Installing: /home/derek/work/install/turtlebot3_bringup/share/turtlebot3_bringup/launch
[0.981s] -- Installing: /home/derek/work/install/turtlebot3_bringup/share/turtlebot3_bringup/launch/robot.launch.py
[0.981s] -- Installing: /home/derek/work/install/turtlebot3_bringup/share/turtlebot3_bringup/launch/turtlebot3_state_publisher.launch.py
[0.982s] -- Installing: /home/derek/work/install/turtlebot3_bringup/share/turtlebot3_bringup/launch/rviz2.launch.py
[0.982s] -- Installing: /home/derek/work/install/turtlebot3_bringup/share/turtlebot3_bringup/param
[0.982s] -- Installing: /home/derek/work/install/turtlebot3_bringup/share/turtlebot3_bringup/param/waffle_pi.yaml
[0.982s] -- Installing: /home/derek/work/install/turtlebot3_bringup/share/turtlebot3_bringup/param/waffle.yaml
[0.982s] -- Installing: /home/derek/work/install/turtlebot3_bringup/share/turtlebot3_bringup/param/burger.yaml
[0.982s] -- Installing: /home/derek/work/install/turtlebot3_bringup/share/turtlebot3_bringup/script
[0.982s] -- Installing: /home/derek/work/install/turtlebot3_bringup/share/turtlebot3_bringup/script/create_udev_rules
[0.982s] -- Installing: /home/derek/work/install/turtlebot3_bringup/share/turtlebot3_bringup/script/99-turtlebot3-cdc.rules
[0.982s] -- Installing: /home/derek/work/install/turtlebot3_bringup/share/ament_index/resource_index/package_run_dependencies/turtlebot3_bringup
[0.983s] -- Installing: /home/derek/work/install/turtlebot3_bringup/share/ament_index/resource_index/parent_prefix_path/turtlebot3_bringup
[0.983s] -- Installing: /home/derek/work/install/turtlebot3_bringup/share/turtlebot3_bringup/environment/ament_prefix_path.sh
[0.983s] -- Installing: /home/derek/work/install/turtlebot3_bringup/share/turtlebot3_bringup/environment/ament_prefix_path.dsv
[0.983s] -- Installing: /home/derek/work/install/turtlebot3_bringup/share/turtlebot3_bringup/environment/path.sh
[0.983s] -- Installing: /home/derek/work/install/turtlebot3_bringup/share/turtlebot3_bringup/environment/path.dsv
[0.983s] -- Installing: /home/derek/work/install/turtlebot3_bringup/share/turtlebot3_bringup/local_setup.bash
[0.983s] -- Installing: /home/derek/work/install/turtlebot3_bringup/share/turtlebot3_bringup/local_setup.sh
[0.984s] -- Installing: /home/derek/work/install/turtlebot3_bringup/share/turtlebot3_bringup/local_setup.zsh
[0.984s] -- Installing: /home/derek/work/install/turtlebot3_bringup/share/turtlebot3_bringup/local_setup.dsv
[0.984s] -- Installing: /home/derek/work/install/turtlebot3_bringup/share/turtlebot3_bringup/package.dsv
[0.984s] -- Installing: /home/derek/work/install/turtlebot3_bringup/share/ament_index/resource_index/packages/turtlebot3_bringup
[0.984s] -- Installing: /home/derek/work/install/turtlebot3_bringup/share/turtlebot3_bringup/cmake/turtlebot3_bringupConfig.cmake
[0.984s] -- Installing: /home/derek/work/install/turtlebot3_bringup/share/turtlebot3_bringup/cmake/turtlebot3_bringupConfig-version.cmake
[0.984s] -- Installing: /home/derek/work/install/turtlebot3_bringup/share/turtlebot3_bringup/package.xml
[0.986s] Invoked command in '/home/derek/work/build/turtlebot3_bringup' returned '0': AMENT_PREFIX_PATH=/home/derek/work/install/turtlebot3_node:/home/derek/work/install/turtlebot3_description:${AMENT_PREFIX_PATH} CMAKE_PREFIX_PATH=/home/derek/work/install/turtlebot3_node:/home/derek/work/install/turtlebot3_description:/opt/ros/humble /usr/bin/cmake --install /home/derek/work/build/turtlebot3_bringup
