[0.173s] Invoking command in '/home/derek/work/build/nav2_behavior_tree': AMENT_PREFIX_PATH=/home/derek/work/install/nav2_util:/home/derek/work/install/nav2_msgs:/home/derek/work/install/nav2_common:${AMENT_PREFIX_PATH} CMAKE_PREFIX_PATH=/home/derek/work/install/nav2_util:/home/derek/work/install/nav2_msgs:/home/derek/work/install/nav2_common:/opt/ros/humble LD_LIBRARY_PATH=/home/derek/work/install/nav2_util/lib:/home/derek/work/install/nav2_msgs/lib:/usr/lib/x86_64-linux-gnu/gazebo-11/plugins:/opt/ros/humble/opt/rviz_ogre_vendor/lib:/opt/ros/humble/lib/x86_64-linux-gnu:/opt/ros/humble/lib:/usr/local/nvidia/lib:/usr/local/nvidia/lib64:/usr/share/gazebo/../../lib/x86_64-linux-gnu/gazebo-11/plugins PYTHONPATH=/home/derek/work/install/nav2_msgs/local/lib/python3.10/dist-packages:/home/derek/work/install/nav2_common/local/lib/python3.10/dist-packages:${PYTHONPATH} /usr/bin/cmake /home/derek/work/src/navigation2/nav2_behavior_tree -DCMAKE_INSTALL_PREFIX=/home/derek/work/install/nav2_behavior_tree
[0.224s] -- The CXX compiler identification is GNU 11.4.0
[0.232s] -- Detecting CXX compiler ABI info
[0.301s] -- Detecting CXX compiler ABI info - done
[0.308s] -- Check for working CXX compiler: /usr/bin/c++ - skipped
[0.308s] -- Detecting CXX compile features
[0.309s] -- Detecting CXX compile features - done
[0.311s] -- Found ament_cmake: 1.3.7 (/opt/ros/humble/share/ament_cmake/cmake)
[0.759s] -- Found Python3: /usr/bin/python3.10 (found version "3.10.12") found components: Interpreter 
[0.845s] -- Found nav2_common: 1.1.13 (/home/derek/work/install/nav2_common/share/nav2_common/cmake)
[0.846s] -- Found rclcpp: 16.0.8 (/opt/ros/humble/share/rclcpp/cmake)
[0.891s] -- Found rosidl_generator_c: 3.1.5 (/opt/ros/humble/share/rosidl_generator_c/cmake)
[0.895s] -- Found rosidl_adapter: 3.1.5 (/opt/ros/humble/share/rosidl_adapter/cmake)
[0.903s] -- Found rosidl_generator_cpp: 3.1.5 (/opt/ros/humble/share/rosidl_generator_cpp/cmake)
[0.915s] -- Using all available rosidl_typesupport_c: rosidl_typesupport_fastrtps_c;rosidl_typesupport_introspection_c
[0.933s] -- Using all available rosidl_typesupport_cpp: rosidl_typesupport_fastrtps_cpp;rosidl_typesupport_introspection_cpp
[0.996s] -- Found rmw_implementation_cmake: 6.1.1 (/opt/ros/humble/share/rmw_implementation_cmake/cmake)
[1.000s] -- Found rmw_fastrtps_cpp: 6.2.6 (/opt/ros/humble/share/rmw_fastrtps_cpp/cmake)
[1.095s] -- Found OpenSSL: /usr/lib/x86_64-linux-gnu/libcrypto.so (found version "3.0.2")  
[1.123s] -- Found FastRTPS: /opt/ros/humble/include  
[1.171s] -- Using RMW implementation 'rmw_fastrtps_cpp' as default
[1.180s] -- Looking for C++ include pthread.h
[1.248s] -- Looking for C++ include pthread.h - found
[1.248s] -- Performing Test CMAKE_HAVE_LIBC_PTHREAD
[1.323s] -- Performing Test CMAKE_HAVE_LIBC_PTHREAD - Success
[1.324s] -- Found Threads: TRUE  
[1.467s] -- Found rclcpp_action: 16.0.8 (/opt/ros/humble/share/rclcpp_action/cmake)
[1.555s] -- Found rclcpp_lifecycle: 16.0.8 (/opt/ros/humble/share/rclcpp_lifecycle/cmake)
[1.593s] -- Found geometry_msgs: 4.2.3 (/opt/ros/humble/share/geometry_msgs/cmake)
[1.633s] -- Found sensor_msgs: 4.2.3 (/opt/ros/humble/share/sensor_msgs/cmake)
[1.708s] -- Found nav2_msgs: 1.1.13 (/home/derek/work/install/nav2_msgs/share/nav2_msgs/cmake)
[1.948s] -- Found tf2_ros: 0.25.5 (/opt/ros/humble/share/tf2_ros/cmake)
[2.175s] -- Found tf2_geometry_msgs: 0.25.5 (/opt/ros/humble/share/tf2_geometry_msgs/cmake)
[2.189s] -- Found eigen3_cmake_module: 0.1.1 (/opt/ros/humble/share/eigen3_cmake_module/cmake)
[2.190s] -- Found Eigen3: TRUE (found version "3.4.0") 
[2.190s] -- Ensuring Eigen3 include directory is part of orocos-kdl CMake target
[2.199s] -- Found std_srvs: 4.2.3 (/opt/ros/humble/share/std_srvs/cmake)
[2.213s] -- Found nav2_util: 1.1.13 (/home/derek/work/install/nav2_util/share/nav2_util/cmake)
[2.414s] -- Setting build type to Release as none was specified.
[28.557s] -- Found ament_lint_auto: 0.12.10 (/opt/ros/humble/share/ament_lint_auto/cmake)
[28.693s] -- Found gtest sources under '/opt/ros/humble/src/gtest_vendor': C++ tests using 'Google Test' will be built
[28.731s] -- The C compiler identification is GNU 11.4.0
[28.739s] -- Detecting C compiler ABI info
[28.804s] -- Detecting C compiler ABI info - done
[28.814s] -- Check for working C compiler: /usr/bin/cc - skipped
[28.814s] -- Detecting C compile features
[28.815s] -- Detecting C compile features - done
[54.384s] -- Added test 'copyright' to check source files copyright and LICENSE
[54.389s] -- Added test 'cppcheck' to perform static code analysis on C / C++ code
[54.399s] -- Configured cppcheck include dirs: /home/derek/work/src/navigation2/nav2_behavior_tree/include
[54.399s] -- Configured cppcheck exclude dirs and/or files: 
[54.403s] -- Added test 'cpplint' to check C / C++ code against the Google style
[54.403s] -- Configured cpplint exclude dirs and/or files: 
[54.405s] -- Added test 'lint_cmake' to check CMake code style
[54.411s] -- Added test 'uncrustify' to check C / C++ code style
[54.411s] -- Configured uncrustify additional arguments: 
[54.412s] -- Added test 'xmllint' to check XML markup files
[54.414s] -- Configuring done
[56.003s] -- Generating done
[56.010s] -- Build files have been written to: /home/derek/work/build/nav2_behavior_tree
[56.037s] Invoked command in '/home/derek/work/build/nav2_behavior_tree' returned '0': AMENT_PREFIX_PATH=/home/derek/work/install/nav2_util:/home/derek/work/install/nav2_msgs:/home/derek/work/install/nav2_common:${AMENT_PREFIX_PATH} CMAKE_PREFIX_PATH=/home/derek/work/install/nav2_util:/home/derek/work/install/nav2_msgs:/home/derek/work/install/nav2_common:/opt/ros/humble LD_LIBRARY_PATH=/home/derek/work/install/nav2_util/lib:/home/derek/work/install/nav2_msgs/lib:/usr/lib/x86_64-linux-gnu/gazebo-11/plugins:/opt/ros/humble/opt/rviz_ogre_vendor/lib:/opt/ros/humble/lib/x86_64-linux-gnu:/opt/ros/humble/lib:/usr/local/nvidia/lib:/usr/local/nvidia/lib64:/usr/share/gazebo/../../lib/x86_64-linux-gnu/gazebo-11/plugins PYTHONPATH=/home/derek/work/install/nav2_msgs/local/lib/python3.10/dist-packages:/home/derek/work/install/nav2_common/local/lib/python3.10/dist-packages:${PYTHONPATH} /usr/bin/cmake /home/derek/work/src/navigation2/nav2_behavior_tree -DCMAKE_INSTALL_PREFIX=/home/derek/work/install/nav2_behavior_tree
[56.043s] Invoking command in '/home/derek/work/build/nav2_behavior_tree': AMENT_PREFIX_PATH=/home/derek/work/install/nav2_util:/home/derek/work/install/nav2_msgs:/home/derek/work/install/nav2_common:${AMENT_PREFIX_PATH} CMAKE_PREFIX_PATH=/home/derek/work/install/nav2_util:/home/derek/work/install/nav2_msgs:/home/derek/work/install/nav2_common:/opt/ros/humble LD_LIBRARY_PATH=/home/derek/work/install/nav2_util/lib:/home/derek/work/install/nav2_msgs/lib:/usr/lib/x86_64-linux-gnu/gazebo-11/plugins:/opt/ros/humble/opt/rviz_ogre_vendor/lib:/opt/ros/humble/lib/x86_64-linux-gnu:/opt/ros/humble/lib:/usr/local/nvidia/lib:/usr/local/nvidia/lib64:/usr/share/gazebo/../../lib/x86_64-linux-gnu/gazebo-11/plugins PYTHONPATH=/home/derek/work/install/nav2_msgs/local/lib/python3.10/dist-packages:/home/derek/work/install/nav2_common/local/lib/python3.10/dist-packages:${PYTHONPATH} /usr/bin/cmake --build /home/derek/work/build/nav2_behavior_tree -- -j16 -l16
[56.110s] [  1%] [32mBuilding CXX object CMakeFiles/nav2_compute_path_to_pose_action_bt_node.dir/plugins/action/compute_path_to_pose_action.cpp.o[0m
[56.112s] [  2%] [32mBuilding CXX object CMakeFiles/nav2_behavior_tree.dir/src/behavior_tree_engine.cpp.o[0m
[56.113s] [  3%] [32mBuilding CXX object CMakeFiles/nav2_smooth_path_action_bt_node.dir/plugins/action/smooth_path_action.cpp.o[0m
[56.113s] [  4%] [32mBuilding CXX object CMakeFiles/nav2_controller_cancel_bt_node.dir/plugins/action/controller_cancel_node.cpp.o[0m
[56.114s] [  6%] [32mBuilding CXX object CMakeFiles/nav2_compute_path_through_poses_action_bt_node.dir/plugins/action/compute_path_through_poses_action.cpp.o[0m
[56.114s] [  6%] [32mBuilding CXX object CMakeFiles/nav2_back_up_cancel_bt_node.dir/plugins/action/back_up_cancel_node.cpp.o[0m
[56.115s] [  7%] [32mBuilding CXX object CMakeFiles/nav2_assisted_teleop_cancel_bt_node.dir/plugins/action/assisted_teleop_cancel_node.cpp.o[0m
[56.115s] [  9%] [32mBuilding CXX object CMakeFiles/nav2_drive_on_heading_cancel_bt_node.dir/plugins/action/drive_on_heading_cancel_node.cpp.o[0m
[56.115s] [  9%] [32mBuilding CXX object CMakeFiles/nav2_drive_on_heading_bt_node.dir/plugins/action/drive_on_heading_action.cpp.o[0m
[56.115s] [ 10%] [32mBuilding CXX object CMakeFiles/nav2_wait_cancel_bt_node.dir/plugins/action/wait_cancel_node.cpp.o[0m
[56.115s] [ 11%] [32mBuilding CXX object CMakeFiles/nav2_back_up_action_bt_node.dir/plugins/action/back_up_action.cpp.o[0m
[56.117s] [ 12%] [32mBuilding CXX object CMakeFiles/nav2_spin_cancel_bt_node.dir/plugins/action/spin_cancel_node.cpp.o[0m
[56.117s] [ 13%] [32mBuilding CXX object CMakeFiles/nav2_wait_action_bt_node.dir/plugins/action/wait_action.cpp.o[0m
[56.118s] [ 14%] [32mBuilding CXX object CMakeFiles/nav2_spin_action_bt_node.dir/plugins/action/spin_action.cpp.o[0m
[56.119s] [ 15%] [32mBuilding CXX object CMakeFiles/nav2_assisted_teleop_action_bt_node.dir/plugins/action/assisted_teleop_action.cpp.o[0m
[56.121s] [ 16%] [32mBuilding CXX object CMakeFiles/nav2_follow_path_action_bt_node.dir/plugins/action/follow_path_action.cpp.o[0m
[61.628s] [ 16%] [32m[1mLinking CXX shared library libnav2_behavior_tree.so[0m
[61.963s] [ 16%] Built target nav2_behavior_tree
[62.101s] [ 17%] [32mBuilding CXX object CMakeFiles/nav2_clear_costmap_service_bt_node.dir/plugins/action/clear_costmap_service.cpp.o[0m
[63.209s] [ 17%] [32m[1mLinking CXX shared library libnav2_back_up_cancel_bt_node.so[0m
[63.331s] [ 17%] [32m[1mLinking CXX shared library libnav2_drive_on_heading_cancel_bt_node.so[0m
[63.643s] [ 17%] [32m[1mLinking CXX shared library libnav2_spin_cancel_bt_node.so[0m
[63.789s] [ 17%] Built target nav2_back_up_cancel_bt_node
[63.956s] [ 18%] [32mBuilding CXX object CMakeFiles/nav2_is_stuck_condition_bt_node.dir/plugins/condition/is_stuck_condition.cpp.o[0m
[63.962s] [ 18%] [32m[1mLinking CXX shared library libnav2_controller_cancel_bt_node.so[0m
[63.991s] [ 18%] Built target nav2_drive_on_heading_cancel_bt_node
[64.139s] [ 19%] [32mBuilding CXX object CMakeFiles/nav2_transform_available_condition_bt_node.dir/plugins/condition/transform_available_condition.cpp.o[0m
[64.195s] [ 19%] [32m[1mLinking CXX shared library libnav2_wait_cancel_bt_node.so[0m
[64.263s] [ 19%] Built target nav2_spin_cancel_bt_node
[64.323s] [ 19%] [32m[1mLinking CXX shared library libnav2_assisted_teleop_cancel_bt_node.so[0m
[64.371s] [ 20%] [32mBuilding CXX object CMakeFiles/nav2_goal_reached_condition_bt_node.dir/plugins/condition/goal_reached_condition.cpp.o[0m
[64.536s] [ 20%] Built target nav2_controller_cancel_bt_node
[64.643s] [ 21%] [32mBuilding CXX object CMakeFiles/nav2_globally_updated_goal_condition_bt_node.dir/plugins/condition/globally_updated_goal_condition.cpp.o[0m
[64.799s] [ 21%] Built target nav2_wait_cancel_bt_node
[64.854s] [ 22%] [32mBuilding CXX object CMakeFiles/nav2_goal_updated_condition_bt_node.dir/plugins/condition/goal_updated_condition.cpp.o[0m
[64.861s] [ 22%] Built target nav2_assisted_teleop_cancel_bt_node
[65.019s] [ 23%] [32mBuilding CXX object CMakeFiles/nav2_is_path_valid_condition_bt_node.dir/plugins/condition/is_path_valid_condition.cpp.o[0m
[65.966s] [ 23%] [32m[1mLinking CXX shared library libnav2_back_up_action_bt_node.so[0m
[66.656s] [ 23%] Built target nav2_back_up_action_bt_node
[66.679s] [ 23%] [32m[1mLinking CXX shared library libnav2_assisted_teleop_action_bt_node.so[0m
[66.811s] [ 24%] [32mBuilding CXX object CMakeFiles/nav2_time_expired_condition_bt_node.dir/plugins/condition/time_expired_condition.cpp.o[0m
[67.151s] [ 24%] [32m[1mLinking CXX shared library libnav2_wait_action_bt_node.so[0m
[67.303s] [ 24%] Built target nav2_assisted_teleop_action_bt_node
[67.416s] [ 25%] [32mBuilding CXX object CMakeFiles/nav2_path_expiring_timer_condition.dir/plugins/condition/path_expiring_timer_condition.cpp.o[0m
[67.423s] [ 25%] [32m[1mLinking CXX shared library libnav2_spin_action_bt_node.so[0m
[67.568s] [ 25%] Built target nav2_wait_action_bt_node
[67.675s] [ 25%] [32m[1mLinking CXX shared library libnav2_follow_path_action_bt_node.so[0m
[67.719s] [ 26%] [32mBuilding CXX object CMakeFiles/nav2_distance_traveled_condition_bt_node.dir/plugins/condition/distance_traveled_condition.cpp.o[0m
[67.907s] [ 26%] [32m[1mLinking CXX shared library libnav2_drive_on_heading_bt_node.so[0m
[67.907s] [ 26%] [32m[1mLinking CXX shared library libnav2_compute_path_to_pose_action_bt_node.so[0m
[67.997s] [ 26%] Built target nav2_spin_action_bt_node
[68.123s] [ 27%] [32mBuilding CXX object CMakeFiles/nav2_initial_pose_received_condition_bt_node.dir/plugins/condition/initial_pose_received_condition.cpp.o[0m
[68.287s] [ 27%] Built target nav2_follow_path_action_bt_node
[68.367s] [ 27%] Built target nav2_compute_path_to_pose_action_bt_node
[68.424s] [ 28%] [32mBuilding CXX object CMakeFiles/nav2_is_battery_charging_condition_bt_node.dir/plugins/condition/is_battery_charging_condition.cpp.o[0m
[68.479s] [ 29%] [32mBuilding CXX object CMakeFiles/nav2_is_battery_low_condition_bt_node.dir/plugins/condition/is_battery_low_condition.cpp.o[0m
[68.547s] [ 29%] Built target nav2_drive_on_heading_bt_node
[68.695s] [ 29%] [32m[1mLinking CXX shared library libnav2_smooth_path_action_bt_node.so[0m
[68.738s] [ 30%] [32mBuilding CXX object CMakeFiles/nav2_reinitialize_global_localization_service_bt_node.dir/plugins/action/reinitialize_global_localization_service.cpp.o[0m
[68.823s] [ 30%] [32m[1mLinking CXX shared library libnav2_compute_path_through_poses_action_bt_node.so[0m
[69.260s] [ 30%] [32m[1mLinking CXX shared library libnav2_goal_updated_condition_bt_node.so[0m
[69.374s] [ 30%] Built target nav2_smooth_path_action_bt_node
[69.514s] [ 31%] [32mBuilding CXX object CMakeFiles/nav2_rate_controller_bt_node.dir/plugins/decorator/rate_controller.cpp.o[0m
[69.562s] [ 31%] Built target nav2_compute_path_through_poses_action_bt_node
[69.707s] [ 32%] [32mBuilding CXX object CMakeFiles/nav2_distance_controller_bt_node.dir/plugins/decorator/distance_controller.cpp.o[0m
[69.848s] [ 32%] Built target nav2_goal_updated_condition_bt_node
[69.999s] [ 33%] [32mBuilding CXX object CMakeFiles/nav2_speed_controller_bt_node.dir/plugins/decorator/speed_controller.cpp.o[0m
[71.615s] [ 33%] [32m[1mLinking CXX shared library libnav2_initial_pose_received_condition_bt_node.so[0m
[72.263s] [ 33%] Built target nav2_initial_pose_received_condition_bt_node
[72.412s] [ 34%] [32mBuilding CXX object CMakeFiles/nav2_truncate_path_action_bt_node.dir/plugins/action/truncate_path_action.cpp.o[0m
[73.346s] [ 34%] [32m[1mLinking CXX shared library libnav2_rate_controller_bt_node.so[0m
[73.715s] [ 34%] Built target nav2_rate_controller_bt_node
[73.863s] [ 35%] [32mBuilding CXX object CMakeFiles/nav2_truncate_path_local_action_bt_node.dir/plugins/action/truncate_path_local_action.cpp.o[0m
[75.032s] [ 35%] [32m[1mLinking CXX shared library libnav2_globally_updated_goal_condition_bt_node.so[0m
[75.300s] [ 35%] [32m[1mLinking CXX shared library libnav2_transform_available_condition_bt_node.so[0m
[75.591s] [ 35%] Built target nav2_globally_updated_goal_condition_bt_node
[75.727s] [ 36%] [32mBuilding CXX object CMakeFiles/nav2_goal_updater_node_bt_node.dir/plugins/decorator/goal_updater_node.cpp.o[0m
[75.855s] [ 36%] Built target nav2_transform_available_condition_bt_node
[76.007s] [ 37%] [32mBuilding CXX object CMakeFiles/nav2_path_longer_on_approach_bt_node.dir/plugins/decorator/path_longer_on_approach.cpp.o[0m
[77.497s] [ 37%] [32m[1mLinking CXX shared library libnav2_goal_reached_condition_bt_node.so[0m
[78.085s] [ 37%] Built target nav2_goal_reached_condition_bt_node
[78.222s] [ 38%] [32mBuilding CXX object CMakeFiles/nav2_recovery_node_bt_node.dir/plugins/control/recovery_node.cpp.o[0m
[78.235s] [ 38%] [32m[1mLinking CXX shared library libnav2_is_path_valid_condition_bt_node.so[0m
[78.827s] [ 38%] [32m[1mLinking CXX shared library libnav2_time_expired_condition_bt_node.so[0m
[78.879s] [ 38%] Built target nav2_is_path_valid_condition_bt_node
[79.003s] [ 39%] [32mBuilding CXX object CMakeFiles/nav2_navigate_to_pose_action_bt_node.dir/plugins/action/navigate_to_pose_action.cpp.o[0m
[79.568s] [ 39%] Built target nav2_time_expired_condition_bt_node
[79.689s] [ 39%] [32m[1mLinking CXX shared library libnav2_path_expiring_timer_condition.so[0m
[79.707s] [ 40%] [32mBuilding CXX object CMakeFiles/nav2_navigate_through_poses_action_bt_node.dir/plugins/action/navigate_through_poses_action.cpp.o[0m
[80.326s] [ 40%] Built target nav2_path_expiring_timer_condition
[80.489s] [ 41%] [32mBuilding CXX object CMakeFiles/nav2_remove_passed_goals_action_bt_node.dir/plugins/action/remove_passed_goals_action.cpp.o[0m
[80.751s] [ 41%] [32m[1mLinking CXX shared library libnav2_clear_costmap_service_bt_node.so[0m
[81.071s] [ 41%] [32m[1mLinking CXX shared library libnav2_distance_traveled_condition_bt_node.so[0m
[81.408s] [ 41%] Built target nav2_clear_costmap_service_bt_node
[81.532s] [ 42%] [32mBuilding CXX object CMakeFiles/nav2_pipeline_sequence_bt_node.dir/plugins/control/pipeline_sequence.cpp.o[0m
[81.819s] [ 42%] Built target nav2_distance_traveled_condition_bt_node
[81.980s] [ 43%] [32mBuilding CXX object CMakeFiles/nav2_round_robin_node_bt_node.dir/plugins/control/round_robin_node.cpp.o[0m
[82.499s] [ 43%] [32m[1mLinking CXX shared library libnav2_reinitialize_global_localization_service_bt_node.so[0m
[82.727s] [ 43%] [32m[1mLinking CXX shared library libnav2_recovery_node_bt_node.so[0m
[82.932s] [ 43%] [32m[1mLinking CXX shared library libnav2_truncate_path_action_bt_node.so[0m
[82.941s] [ 43%] Built target nav2_reinitialize_global_localization_service_bt_node
[83.087s] [ 44%] [32mBuilding CXX object CMakeFiles/nav2_single_trigger_bt_node.dir/plugins/decorator/single_trigger_node.cpp.o[0m
[83.417s] [ 44%] Built target nav2_recovery_node_bt_node
[83.543s] [ 45%] [32mBuilding CXX object CMakeFiles/nav2_planner_selector_bt_node.dir/plugins/action/planner_selector_node.cpp.o[0m
[83.625s] [ 45%] [32m[1mLinking CXX shared library libnav2_distance_controller_bt_node.so[0m
[83.752s] [ 45%] Built target nav2_truncate_path_action_bt_node
[83.799s] [ 45%] [32m[1mLinking CXX shared library libnav2_speed_controller_bt_node.so[0m
[83.936s] [ 46%] [32mBuilding CXX object CMakeFiles/nav2_controller_selector_bt_node.dir/plugins/action/controller_selector_node.cpp.o[0m
[84.399s] [ 46%] Built target nav2_speed_controller_bt_node
[84.455s] [ 46%] Built target nav2_distance_controller_bt_node
[84.545s] [ 47%] [32mBuilding CXX object CMakeFiles/nav2_smoother_selector_bt_node.dir/plugins/action/smoother_selector_node.cpp.o[0m
[84.613s] [ 48%] [32mBuilding CXX object CMakeFiles/nav2_goal_checker_selector_bt_node.dir/plugins/action/goal_checker_selector_node.cpp.o[0m
[85.368s] [ 48%] [32m[1mLinking CXX shared library libnav2_pipeline_sequence_bt_node.so[0m
[85.656s] [ 48%] [32m[1mLinking CXX shared library libnav2_round_robin_node_bt_node.so[0m
[85.840s] [ 48%] [32m[1mLinking CXX shared library libnav2_truncate_path_local_action_bt_node.so[0m
[85.968s] [ 48%] Built target nav2_pipeline_sequence_bt_node
[86.012s] [ 48%] [32m[1mLinking CXX shared library libnav2_single_trigger_bt_node.so[0m
[86.227s] [ 48%] Built target nav2_round_robin_node_bt_node
[86.391s] [ 48%] Built target nav2_single_trigger_bt_node
[86.432s] [ 48%] Built target nav2_truncate_path_local_action_bt_node
[88.066s] [ 48%] [32m[1mLinking CXX shared library libnav2_path_longer_on_approach_bt_node.so[0m
[88.512s] [ 48%] Built target nav2_path_longer_on_approach_bt_node
[90.563s] [ 48%] [32m[1mLinking CXX shared library libnav2_remove_passed_goals_action_bt_node.so[0m
[90.987s] [ 48%] Built target nav2_remove_passed_goals_action_bt_node
[91.041s] [ 48%] [32m[1mLinking CXX shared library libnav2_is_stuck_condition_bt_node.so[0m
[91.351s] [ 48%] Built target nav2_is_stuck_condition_bt_node
[92.036s] [ 48%] [32m[1mLinking CXX shared library libnav2_is_battery_charging_condition_bt_node.so[0m
[92.353s] [ 48%] Built target nav2_is_battery_charging_condition_bt_node
[92.854s] [ 48%] [32m[1mLinking CXX shared library libnav2_navigate_to_pose_action_bt_node.so[0m
[93.114s] [ 48%] Built target nav2_navigate_to_pose_action_bt_node
[93.615s] [ 48%] [32m[1mLinking CXX shared library libnav2_is_battery_low_condition_bt_node.so[0m
[93.847s] [ 48%] [32m[1mLinking CXX shared library libnav2_navigate_through_poses_action_bt_node.so[0m
[93.910s] [ 48%] Built target nav2_is_battery_low_condition_bt_node
[94.116s] [ 48%] Built target nav2_navigate_through_poses_action_bt_node
[95.982s] [ 48%] [32m[1mLinking CXX shared library libnav2_goal_updater_node_bt_node.so[0m
[96.163s] [ 48%] Built target nav2_goal_updater_node_bt_node
[98.018s] [ 48%] [32m[1mLinking CXX shared library libnav2_planner_selector_bt_node.so[0m
[98.201s] [ 48%] Built target nav2_planner_selector_bt_node
[98.238s] [ 48%] [32m[1mLinking CXX shared library libnav2_controller_selector_bt_node.so[0m
[98.408s] [ 48%] Built target nav2_controller_selector_bt_node
[98.953s] [ 48%] [32m[1mLinking CXX shared library libnav2_smoother_selector_bt_node.so[0m
[99.029s] [ 48%] [32m[1mLinking CXX shared library libnav2_goal_checker_selector_bt_node.so[0m
[99.122s] [ 48%] Built target nav2_smoother_selector_bt_node
[99.191s] [ 48%] Built target nav2_goal_checker_selector_bt_node
[99.211s] [ 48%] [32mBuilding CXX object gtest/CMakeFiles/gtest.dir/src/gtest-all.cc.o[0m
[104.367s] [ 48%] [32m[1mLinking CXX static library libgtest.a[0m
[104.405s] [ 48%] Built target gtest
[104.425s] [ 49%] [32mBuilding CXX object gtest/CMakeFiles/gtest_main.dir/src/gtest_main.cc.o[0m
[104.430s] [ 50%] [32mBuilding CXX object CMakeFiles/nav2_goal_updated_controller_bt_node.dir/plugins/decorator/goal_updated_controller.cpp.o[0m
[105.084s] [ 50%] [32m[1mLinking CXX static library libgtest_main.a[0m
[105.116s] [ 50%] Built target gtest_main
[105.135s] [ 50%] [32mBuilding CXX object test/plugins/condition/CMakeFiles/test_condition_time_expired.dir/test_time_expired.cpp.o[0m
[105.137s] [ 50%] [32mBuilding CXX object test/plugins/condition/CMakeFiles/test_condition_distance_traveled.dir/test_distance_traveled.cpp.o[0m
[105.137s] [ 50%] [32mBuilding CXX object test/CMakeFiles/test_bt_conversions.dir/test_bt_conversions.cpp.o[0m
[106.151s] [ 50%] [32mBuilding CXX object test/plugins/decorator/CMakeFiles/test_decorator_speed_controller.dir/test_speed_controller.cpp.o[0m
[106.151s] [ 50%] [32mBuilding CXX object test/plugins/condition/CMakeFiles/test_condition_is_battery_low.dir/test_is_battery_low.cpp.o[0m
[106.152s] [ 50%] [32mBuilding CXX object test/plugins/condition/CMakeFiles/test_condition_is_path_valid.dir/test_is_path_valid.cpp.o[0m
[106.152s] [ 50%] [32mBuilding CXX object test/plugins/decorator/CMakeFiles/test_decorator_distance_controller.dir/test_distance_controller.cpp.o[0m
[106.153s] [ 50%] [32mBuilding CXX object test/plugins/condition/CMakeFiles/test_condition_is_battery_charging.dir/test_is_battery_charging.cpp.o[0m
[107.168s] [ 50%] [32mBuilding CXX object test/plugins/condition/CMakeFiles/test_condition_is_stuck.dir/test_is_stuck.cpp.o[0m
[107.169s] [ 50%] [32mBuilding CXX object test/plugins/condition/CMakeFiles/test_condition_goal_updated.dir/test_goal_updated.cpp.o[0m
[107.169s] [ 50%] [32mBuilding CXX object test/plugins/condition/CMakeFiles/test_condition_initial_pose_received.dir/test_initial_pose_received.cpp.o[0m
[107.170s] [ 50%] [32mBuilding CXX object test/plugins/condition/CMakeFiles/test_condition_transform_available.dir/test_transform_available.cpp.o[0m
[107.170s] [ 50%] [32mBuilding CXX object test/plugins/condition/CMakeFiles/test_condition_globally_updated_goal.dir/test_globally_updated_goal.cpp.o[0m
[107.512s] [ 50%] [32m[1mLinking CXX shared library libnav2_goal_updated_controller_bt_node.so[0m
[107.720s] [ 50%] Built target nav2_goal_updated_controller_bt_node
[107.743s] [ 50%] [32mBuilding CXX object test/plugins/condition/CMakeFiles/test_condition_path_expiring_timer.dir/test_path_expiring_timer.cpp.o[0m
[107.752s] [ 50%] [32mBuilding CXX object test/plugins/condition/CMakeFiles/test_condition_goal_reached.dir/test_goal_reached.cpp.o[0m
[107.756s] [ 50%] [32mBuilding CXX object test/plugins/decorator/CMakeFiles/test_decorator_rate_controller.dir/test_rate_controller.cpp.o[0m
[108.922s] [ 51%] [32m[1mLinking CXX executable test_bt_conversions[0m
[109.278s] [ 51%] Built target test_bt_conversions
[109.305s] [ 51%] [32mBuilding CXX object test/plugins/decorator/CMakeFiles/test_goal_updater_node.dir/test_goal_updater_node.cpp.o[0m
[114.319s] [ 52%] [32m[1mLinking CXX executable test_condition_time_expired[0m
[115.203s] [ 52%] Built target test_condition_time_expired
[115.327s] [ 52%] [32mBuilding CXX object test/plugins/decorator/CMakeFiles/test_single_trigger_node.dir/test_single_trigger_node.cpp.o[0m
[115.502s] [ 53%] [32m[1mLinking CXX executable test_condition_distance_traveled[0m
[116.147s] [ 53%] Built target test_condition_distance_traveled
[116.303s] [ 53%] [32mBuilding CXX object test/plugins/decorator/CMakeFiles/test_goal_updated_controller.dir/test_goal_updated_controller.cpp.o[0m
[117.103s] [ 54%] [32m[1mLinking CXX executable test_decorator_distance_controller[0m
[117.891s] [ 54%] Built target test_decorator_distance_controller
[118.019s] [ 54%] [32mBuilding CXX object test/plugins/decorator/CMakeFiles/test_decorator_path_longer_on_approach.dir/test_path_longer_on_approach.cpp.o[0m
[118.127s] [ 55%] [32m[1mLinking CXX executable test_condition_is_battery_charging[0m
[118.699s] [ 56%] [32m[1mLinking CXX executable test_condition_is_battery_low[0m
[118.735s] [ 57%] [32m[1mLinking CXX executable test_condition_is_path_valid[0m
[118.829s] [ 57%] Built target test_condition_is_battery_charging
[118.939s] [ 57%] [32mBuilding CXX object test/plugins/control/CMakeFiles/test_control_recovery_node.dir/test_recovery_node.cpp.o[0m
[119.032s] [ 58%] [32m[1mLinking CXX executable test_condition_globally_updated_goal[0m
[119.064s] [ 59%] [32m[1mLinking CXX executable test_condition_transform_available[0m
[119.237s] [ 59%] Built target test_condition_is_battery_low
[119.268s] [ 59%] Built target test_condition_is_path_valid
[119.295s] [ 60%] [32m[1mLinking CXX executable test_condition_initial_pose_received[0m
[119.355s] [ 60%] [32mBuilding CXX object test/plugins/control/CMakeFiles/test_control_pipeline_sequence.dir/test_pipeline_sequence.cpp.o[0m
[119.391s] [ 60%] [32mBuilding CXX object test/plugins/control/CMakeFiles/test_control_round_robin_node.dir/test_round_robin_node.cpp.o[0m
[119.543s] [ 61%] [32m[1mLinking CXX executable test_condition_path_expiring_timer[0m
[119.554s] [ 61%] Built target test_condition_globally_updated_goal
[119.678s] [ 61%] [32mBuilding CXX object test/plugins/action/CMakeFiles/test_bt_action_node.dir/test_bt_action_node.cpp.o[0m
[119.803s] [ 62%] [32m[1mLinking CXX executable test_condition_goal_updated[0m
[119.820s] [ 62%] Built target test_condition_transform_available
[119.851s] [ 62%] Built target test_condition_initial_pose_received
[119.943s] [ 62%] [32mBuilding CXX object test/plugins/action/CMakeFiles/test_action_spin_action.dir/test_spin_action.cpp.o[0m
[119.966s] [ 62%] [32mBuilding CXX object test/plugins/action/CMakeFiles/test_action_back_up_action.dir/test_back_up_action.cpp.o[0m
[120.156s] [ 62%] Built target test_condition_path_expiring_timer
[120.283s] [ 62%] [32mBuilding CXX object test/plugins/action/CMakeFiles/test_action_drive_on_heading.dir/test_drive_on_heading_action.cpp.o[0m
[120.301s] [ 63%] [32m[1mLinking CXX executable test_decorator_rate_controller[0m
[120.359s] [ 64%] [32m[1mLinking CXX executable test_condition_goal_reached[0m
[120.374s] [ 64%] Built target test_condition_goal_updated
[120.523s] [ 64%] [32mBuilding CXX object test/plugins/action/CMakeFiles/test_action_wait_action.dir/test_wait_action.cpp.o[0m
[120.763s] [ 64%] Built target test_condition_goal_reached
[120.789s] [ 64%] [32mBuilding CXX object test/plugins/action/CMakeFiles/test_action_assisted_teleop_action.dir/test_assisted_teleop_action.cpp.o[0m
[120.831s] [ 64%] Built target test_decorator_rate_controller
[120.954s] [ 64%] [32mBuilding CXX object test/plugins/action/CMakeFiles/test_action_controller_cancel_action.dir/test_controller_cancel_node.cpp.o[0m
[121.427s] [ 65%] [32m[1mLinking CXX executable test_condition_is_stuck[0m
[121.583s] [ 66%] [32m[1mLinking CXX executable test_decorator_speed_controller[0m
[122.163s] [ 66%] Built target test_condition_is_stuck
[122.255s] [ 66%] Built target test_decorator_speed_controller
[122.907s] [ 67%] [32m[1mLinking CXX executable test_goal_updater_node[0m
[123.535s] [ 67%] Built target test_goal_updater_node
[127.107s] [ 68%] [32m[1mLinking CXX executable test_single_trigger_node[0m
[127.723s] [ 68%] Built target test_single_trigger_node
[129.035s] [ 69%] [32m[1mLinking CXX executable test_goal_updated_controller[0m
[129.470s] [ 69%] Built target test_goal_updated_controller
[129.511s] [ 70%] [32m[1mLinking CXX executable test_decorator_path_longer_on_approach[0m
[129.832s] [ 70%] Built target test_decorator_path_longer_on_approach
[130.199s] [ 71%] [32m[1mLinking CXX executable test_control_recovery_node[0m
[130.534s] [ 71%] Built target test_control_recovery_node
[130.564s] [ 72%] [32m[1mLinking CXX executable test_control_pipeline_sequence[0m
[130.658s] [ 73%] [32m[1mLinking CXX executable test_control_round_robin_node[0m
[130.807s] [ 73%] Built target test_control_pipeline_sequence
[130.863s] [ 74%] [32m[1mLinking CXX executable test_action_back_up_action[0m
[130.887s] [ 74%] Built target test_control_round_robin_node
[130.903s] [ 75%] [32m[1mLinking CXX executable test_action_drive_on_heading[0m
[131.069s] [ 75%] Built target test_action_back_up_action
[131.090s] [ 75%] [32mBuilding CXX object test/plugins/action/CMakeFiles/test_action_compute_path_through_poses_action.dir/test_compute_path_through_poses_action.cpp.o[0m
[131.108s] [ 75%] Built target test_action_drive_on_heading
[131.127s] [ 75%] [32mBuilding CXX object test/plugins/action/CMakeFiles/test_action_smooth_path_action.dir/test_smooth_path_action.cpp.o[0m
[131.232s] [ 76%] [32m[1mLinking CXX executable test_action_wait_action[0m
[131.442s] [ 76%] Built target test_action_wait_action
[131.454s] [ 76%] [32mBuilding CXX object test/plugins/action/CMakeFiles/test_action_follow_path_action.dir/test_follow_path_action.cpp.o[0m
[131.465s] [ 76%] [32mBuilding CXX object test/plugins/action/CMakeFiles/test_action_compute_path_to_pose_action.dir/test_compute_path_to_pose_action.cpp.o[0m
[131.734s] [ 77%] [32m[1mLinking CXX executable test_action_controller_cancel_action[0m
[131.812s] [ 78%] [32m[1mLinking CXX executable test_action_assisted_teleop_action[0m
[131.837s] [ 79%] [32m[1mLinking CXX executable test_action_spin_action[0m
[132.044s] [ 79%] Built target test_action_assisted_teleop_action
[132.052s] [ 79%] Built target test_action_controller_cancel_action
[132.056s] [ 79%] Built target test_action_spin_action
[132.060s] [ 79%] [32mBuilding CXX object test/plugins/action/CMakeFiles/test_action_navigate_to_pose_action.dir/test_navigate_to_pose_action.cpp.o[0m
[132.072s] [ 79%] [32mBuilding CXX object test/plugins/action/CMakeFiles/test_action_navigate_through_poses_action.dir/test_navigate_through_poses_action.cpp.o[0m
[132.076s] [ 79%] [32mBuilding CXX object test/plugins/action/CMakeFiles/test_truncate_path_action.dir/test_truncate_path_action.cpp.o[0m
[132.851s] [ 80%] [32m[1mLinking CXX executable test_bt_action_node[0m
[133.078s] [ 80%] Built target test_bt_action_node
[133.086s] [ 80%] [32mBuilding CXX object test/plugins/action/CMakeFiles/test_truncate_path_local_action.dir/test_truncate_path_local_action.cpp.o[0m
[133.103s] [ 80%] [32mBuilding CXX object test/plugins/action/CMakeFiles/test_action_reinitialize_global_localization_service.dir/test_reinitialize_global_localization_service.cpp.o[0m
[134.118s] [ 80%] [32mBuilding CXX object test/plugins/action/CMakeFiles/test_remove_passed_goals_action.dir/test_remove_passed_goals_action.cpp.o[0m
[135.132s] [ 80%] [32mBuilding CXX object test/plugins/action/CMakeFiles/test_action_clear_costmap_service.dir/test_clear_costmap_service.cpp.o[0m
[136.147s] [ 80%] [32mBuilding CXX object test/plugins/action/CMakeFiles/test_action_assisted_teleop_cancel_action.dir/test_assisted_teleop_cancel_node.cpp.o[0m
[136.147s] [ 80%] [32mBuilding CXX object test/plugins/action/CMakeFiles/test_action_drive_on_heading_cancel_action.dir/test_drive_on_heading_cancel_node.cpp.o[0m
[137.161s] [ 80%] [32mBuilding CXX object test/plugins/action/CMakeFiles/test_action_spin_cancel_action.dir/test_spin_cancel_node.cpp.o[0m
[137.162s] [ 80%] [32mBuilding CXX object test/plugins/action/CMakeFiles/test_action_back_up_cancel_action.dir/test_back_up_cancel_node.cpp.o[0m
[138.263s] [ 80%] [32mBuilding CXX object test/plugins/action/CMakeFiles/test_action_wait_cancel_action.dir/test_wait_cancel_node.cpp.o[0m
[139.234s] [ 81%] [32m[1mLinking CXX executable test_action_follow_path_action[0m
[139.256s] [ 82%] [32m[1mLinking CXX executable test_truncate_path_action[0m
[139.613s] [ 83%] [32m[1mLinking CXX executable test_action_navigate_to_pose_action[0m
[139.629s] [ 83%] Built target test_action_follow_path_action
[139.639s] [ 84%] [32m[1mLinking CXX executable test_action_smooth_path_action[0m
[139.654s] [ 84%] [32mBuilding CXX object test/plugins/action/CMakeFiles/test_planner_selector_node.dir/test_planner_selector_node.cpp.o[0m
[139.788s] [ 84%] Built target test_truncate_path_action
[139.843s] [ 84%] [32mBuilding CXX object test/plugins/action/CMakeFiles/test_controller_selector_node.dir/test_controller_selector_node.cpp.o[0m
[139.936s] [ 85%] [32m[1mLinking CXX executable test_action_compute_path_through_poses_action[0m
[140.019s] [ 85%] Built target test_action_navigate_to_pose_action
[140.071s] [ 85%] [32mBuilding CXX object test/plugins/action/CMakeFiles/test_smoother_selector_node.dir/test_smoother_selector_node.cpp.o[0m
[140.076s] [ 86%] [32m[1mLinking CXX executable test_action_navigate_through_poses_action[0m
[140.111s] [ 86%] Built target test_action_smooth_path_action
[140.223s] [ 86%] [32mBuilding CXX object test/plugins/action/CMakeFiles/test_goal_checker_selector_node.dir/test_goal_checker_selector_node.cpp.o[0m
[140.443s] [ 86%] Built target test_action_compute_path_through_poses_action
[140.565s] [ 86%] Built target test_action_navigate_through_poses_action
[140.959s] [ 87%] [32m[1mLinking CXX executable test_action_reinitialize_global_localization_service[0m
[141.493s] [ 87%] Built target test_action_reinitialize_global_localization_service
[141.613s] [ 88%] [32m[1mLinking CXX executable test_action_compute_path_to_pose_action[0m
[141.959s] [ 88%] Built target test_action_compute_path_to_pose_action
[143.908s] [ 89%] [32m[1mLinking CXX executable test_truncate_path_local_action[0m
[144.256s] [ 89%] Built target test_truncate_path_local_action
[144.536s] [ 90%] [32m[1mLinking CXX executable test_remove_passed_goals_action[0m
[144.898s] [ 90%] Built target test_remove_passed_goals_action
[145.033s] [ 91%] [32m[1mLinking CXX executable test_action_clear_costmap_service[0m
[145.265s] [ 91%] Built target test_action_clear_costmap_service
[145.457s] [ 92%] [32m[1mLinking CXX executable test_action_assisted_teleop_cancel_action[0m
[145.678s] [ 92%] Built target test_action_assisted_teleop_cancel_action
[146.126s] [ 93%] [32m[1mLinking CXX executable test_action_drive_on_heading_cancel_action[0m
[146.411s] [ 93%] Built target test_action_drive_on_heading_cancel_action
[146.710s] [ 94%] [32m[1mLinking CXX executable test_action_spin_cancel_action[0m
[146.927s] [ 94%] Built target test_action_spin_cancel_action
[146.932s] [ 95%] [32m[1mLinking CXX executable test_action_back_up_cancel_action[0m
[147.132s] [ 95%] Built target test_action_back_up_cancel_action
[147.635s] [ 96%] [32m[1mLinking CXX executable test_action_wait_cancel_action[0m
[147.826s] [ 96%] Built target test_action_wait_cancel_action
[148.113s] [ 97%] [32m[1mLinking CXX executable test_controller_selector_node[0m
[148.273s] [ 98%] [32m[1mLinking CXX executable test_planner_selector_node[0m
[148.308s] [ 98%] Built target test_controller_selector_node
[148.462s] [ 98%] Built target test_planner_selector_node
[148.651s] [ 99%] [32m[1mLinking CXX executable test_goal_checker_selector_node[0m
[148.839s] [ 99%] Built target test_goal_checker_selector_node
[148.937s] [100%] [32m[1mLinking CXX executable test_smoother_selector_node[0m
[149.119s] [100%] Built target test_smoother_selector_node
[149.133s] Invoked command in '/home/derek/work/build/nav2_behavior_tree' returned '0': AMENT_PREFIX_PATH=/home/derek/work/install/nav2_util:/home/derek/work/install/nav2_msgs:/home/derek/work/install/nav2_common:${AMENT_PREFIX_PATH} CMAKE_PREFIX_PATH=/home/derek/work/install/nav2_util:/home/derek/work/install/nav2_msgs:/home/derek/work/install/nav2_common:/opt/ros/humble LD_LIBRARY_PATH=/home/derek/work/install/nav2_util/lib:/home/derek/work/install/nav2_msgs/lib:/usr/lib/x86_64-linux-gnu/gazebo-11/plugins:/opt/ros/humble/opt/rviz_ogre_vendor/lib:/opt/ros/humble/lib/x86_64-linux-gnu:/opt/ros/humble/lib:/usr/local/nvidia/lib:/usr/local/nvidia/lib64:/usr/share/gazebo/../../lib/x86_64-linux-gnu/gazebo-11/plugins PYTHONPATH=/home/derek/work/install/nav2_msgs/local/lib/python3.10/dist-packages:/home/derek/work/install/nav2_common/local/lib/python3.10/dist-packages:${PYTHONPATH} /usr/bin/cmake --build /home/derek/work/build/nav2_behavior_tree -- -j16 -l16
[149.307s] Invoking command in '/home/derek/work/build/nav2_behavior_tree': AMENT_PREFIX_PATH=/home/derek/work/install/nav2_util:/home/derek/work/install/nav2_msgs:/home/derek/work/install/nav2_common:${AMENT_PREFIX_PATH} CMAKE_PREFIX_PATH=/home/derek/work/install/nav2_util:/home/derek/work/install/nav2_msgs:/home/derek/work/install/nav2_common:/opt/ros/humble LD_LIBRARY_PATH=/home/derek/work/install/nav2_util/lib:/home/derek/work/install/nav2_msgs/lib:/usr/lib/x86_64-linux-gnu/gazebo-11/plugins:/opt/ros/humble/opt/rviz_ogre_vendor/lib:/opt/ros/humble/lib/x86_64-linux-gnu:/opt/ros/humble/lib:/usr/local/nvidia/lib:/usr/local/nvidia/lib64:/usr/share/gazebo/../../lib/x86_64-linux-gnu/gazebo-11/plugins PYTHONPATH=/home/derek/work/install/nav2_msgs/local/lib/python3.10/dist-packages:/home/derek/work/install/nav2_common/local/lib/python3.10/dist-packages:${PYTHONPATH} /usr/bin/cmake --install /home/derek/work/build/nav2_behavior_tree
[149.315s] -- Install configuration: "Release"
[149.315s] -- Installing: /home/derek/work/install/nav2_behavior_tree/lib/libnav2_behavior_tree.so
[149.316s] -- Set runtime path of "/home/derek/work/install/nav2_behavior_tree/lib/libnav2_behavior_tree.so" to ""
[149.316s] -- Installing: /home/derek/work/install/nav2_behavior_tree/lib/libnav2_compute_path_to_pose_action_bt_node.so
[149.316s] -- Set runtime path of "/home/derek/work/install/nav2_behavior_tree/lib/libnav2_compute_path_to_pose_action_bt_node.so" to ""
[149.316s] -- Installing: /home/derek/work/install/nav2_behavior_tree/lib/libnav2_compute_path_through_poses_action_bt_node.so
[149.317s] -- Set runtime path of "/home/derek/work/install/nav2_behavior_tree/lib/libnav2_compute_path_through_poses_action_bt_node.so" to ""
[149.317s] -- Installing: /home/derek/work/install/nav2_behavior_tree/lib/libnav2_controller_cancel_bt_node.so
[149.317s] -- Set runtime path of "/home/derek/work/install/nav2_behavior_tree/lib/libnav2_controller_cancel_bt_node.so" to ""
[149.317s] -- Installing: /home/derek/work/install/nav2_behavior_tree/lib/libnav2_wait_cancel_bt_node.so
[149.317s] -- Set runtime path of "/home/derek/work/install/nav2_behavior_tree/lib/libnav2_wait_cancel_bt_node.so" to ""
[149.318s] -- Installing: /home/derek/work/install/nav2_behavior_tree/lib/libnav2_spin_cancel_bt_node.so
[149.318s] -- Set runtime path of "/home/derek/work/install/nav2_behavior_tree/lib/libnav2_spin_cancel_bt_node.so" to ""
[149.318s] -- Installing: /home/derek/work/install/nav2_behavior_tree/lib/libnav2_back_up_cancel_bt_node.so
[149.318s] -- Set runtime path of "/home/derek/work/install/nav2_behavior_tree/lib/libnav2_back_up_cancel_bt_node.so" to ""
[149.318s] -- Installing: /home/derek/work/install/nav2_behavior_tree/lib/libnav2_assisted_teleop_cancel_bt_node.so
[149.318s] -- Set runtime path of "/home/derek/work/install/nav2_behavior_tree/lib/libnav2_assisted_teleop_cancel_bt_node.so" to ""
[149.319s] -- Installing: /home/derek/work/install/nav2_behavior_tree/lib/libnav2_drive_on_heading_cancel_bt_node.so
[149.319s] -- Set runtime path of "/home/derek/work/install/nav2_behavior_tree/lib/libnav2_drive_on_heading_cancel_bt_node.so" to ""
[149.319s] -- Installing: /home/derek/work/install/nav2_behavior_tree/lib/libnav2_smooth_path_action_bt_node.so
[149.320s] -- Set runtime path of "/home/derek/work/install/nav2_behavior_tree/lib/libnav2_smooth_path_action_bt_node.so" to ""
[149.320s] -- Installing: /home/derek/work/install/nav2_behavior_tree/lib/libnav2_follow_path_action_bt_node.so
[149.320s] -- Set runtime path of "/home/derek/work/install/nav2_behavior_tree/lib/libnav2_follow_path_action_bt_node.so" to ""
[149.320s] -- Installing: /home/derek/work/install/nav2_behavior_tree/lib/libnav2_back_up_action_bt_node.so
[149.321s] -- Set runtime path of "/home/derek/work/install/nav2_behavior_tree/lib/libnav2_back_up_action_bt_node.so" to ""
[149.321s] -- Installing: /home/derek/work/install/nav2_behavior_tree/lib/libnav2_drive_on_heading_bt_node.so
[149.321s] -- Set runtime path of "/home/derek/work/install/nav2_behavior_tree/lib/libnav2_drive_on_heading_bt_node.so" to ""
[149.321s] -- Installing: /home/derek/work/install/nav2_behavior_tree/lib/libnav2_spin_action_bt_node.so
[149.321s] -- Set runtime path of "/home/derek/work/install/nav2_behavior_tree/lib/libnav2_spin_action_bt_node.so" to ""
[149.322s] -- Installing: /home/derek/work/install/nav2_behavior_tree/lib/libnav2_wait_action_bt_node.so
[149.322s] -- Set runtime path of "/home/derek/work/install/nav2_behavior_tree/lib/libnav2_wait_action_bt_node.so" to ""
[149.322s] -- Installing: /home/derek/work/install/nav2_behavior_tree/lib/libnav2_assisted_teleop_action_bt_node.so
[149.322s] -- Set runtime path of "/home/derek/work/install/nav2_behavior_tree/lib/libnav2_assisted_teleop_action_bt_node.so" to ""
[149.323s] -- Installing: /home/derek/work/install/nav2_behavior_tree/lib/libnav2_clear_costmap_service_bt_node.so
[149.323s] -- Set runtime path of "/home/derek/work/install/nav2_behavior_tree/lib/libnav2_clear_costmap_service_bt_node.so" to ""
[149.323s] -- Installing: /home/derek/work/install/nav2_behavior_tree/lib/libnav2_is_stuck_condition_bt_node.so
[149.324s] -- Set runtime path of "/home/derek/work/install/nav2_behavior_tree/lib/libnav2_is_stuck_condition_bt_node.so" to ""
[149.324s] -- Installing: /home/derek/work/install/nav2_behavior_tree/lib/libnav2_transform_available_condition_bt_node.so
[149.324s] -- Set runtime path of "/home/derek/work/install/nav2_behavior_tree/lib/libnav2_transform_available_condition_bt_node.so" to ""
[149.324s] -- Installing: /home/derek/work/install/nav2_behavior_tree/lib/libnav2_goal_reached_condition_bt_node.so
[149.324s] -- Set runtime path of "/home/derek/work/install/nav2_behavior_tree/lib/libnav2_goal_reached_condition_bt_node.so" to ""
[149.325s] -- Installing: /home/derek/work/install/nav2_behavior_tree/lib/libnav2_globally_updated_goal_condition_bt_node.so
[149.325s] -- Set runtime path of "/home/derek/work/install/nav2_behavior_tree/lib/libnav2_globally_updated_goal_condition_bt_node.so" to ""
[149.325s] -- Installing: /home/derek/work/install/nav2_behavior_tree/lib/libnav2_goal_updated_condition_bt_node.so
[149.325s] -- Set runtime path of "/home/derek/work/install/nav2_behavior_tree/lib/libnav2_goal_updated_condition_bt_node.so" to ""
[149.325s] -- Installing: /home/derek/work/install/nav2_behavior_tree/lib/libnav2_is_path_valid_condition_bt_node.so
[149.325s] -- Set runtime path of "/home/derek/work/install/nav2_behavior_tree/lib/libnav2_is_path_valid_condition_bt_node.so" to ""
[149.325s] -- Installing: /home/derek/work/install/nav2_behavior_tree/lib/libnav2_time_expired_condition_bt_node.so
[149.326s] -- Set runtime path of "/home/derek/work/install/nav2_behavior_tree/lib/libnav2_time_expired_condition_bt_node.so" to ""
[149.326s] -- Installing: /home/derek/work/install/nav2_behavior_tree/lib/libnav2_path_expiring_timer_condition.so
[149.326s] -- Set runtime path of "/home/derek/work/install/nav2_behavior_tree/lib/libnav2_path_expiring_timer_condition.so" to ""
[149.326s] -- Installing: /home/derek/work/install/nav2_behavior_tree/lib/libnav2_distance_traveled_condition_bt_node.so
[149.326s] -- Set runtime path of "/home/derek/work/install/nav2_behavior_tree/lib/libnav2_distance_traveled_condition_bt_node.so" to ""
[149.326s] -- Installing: /home/derek/work/install/nav2_behavior_tree/lib/libnav2_initial_pose_received_condition_bt_node.so
[149.326s] -- Set runtime path of "/home/derek/work/install/nav2_behavior_tree/lib/libnav2_initial_pose_received_condition_bt_node.so" to ""
[149.327s] -- Installing: /home/derek/work/install/nav2_behavior_tree/lib/libnav2_is_battery_charging_condition_bt_node.so
[149.327s] -- Set runtime path of "/home/derek/work/install/nav2_behavior_tree/lib/libnav2_is_battery_charging_condition_bt_node.so" to ""
[149.328s] -- Installing: /home/derek/work/install/nav2_behavior_tree/lib/libnav2_is_battery_low_condition_bt_node.so
[149.328s] -- Set runtime path of "/home/derek/work/install/nav2_behavior_tree/lib/libnav2_is_battery_low_condition_bt_node.so" to ""
[149.329s] -- Installing: /home/derek/work/install/nav2_behavior_tree/lib/libnav2_reinitialize_global_localization_service_bt_node.so
[149.329s] -- Set runtime path of "/home/derek/work/install/nav2_behavior_tree/lib/libnav2_reinitialize_global_localization_service_bt_node.so" to ""
[149.329s] -- Installing: /home/derek/work/install/nav2_behavior_tree/lib/libnav2_rate_controller_bt_node.so
[149.329s] -- Set runtime path of "/home/derek/work/install/nav2_behavior_tree/lib/libnav2_rate_controller_bt_node.so" to ""
[149.329s] -- Installing: /home/derek/work/install/nav2_behavior_tree/lib/libnav2_distance_controller_bt_node.so
[149.329s] -- Set runtime path of "/home/derek/work/install/nav2_behavior_tree/lib/libnav2_distance_controller_bt_node.so" to ""
[149.330s] -- Installing: /home/derek/work/install/nav2_behavior_tree/lib/libnav2_speed_controller_bt_node.so
[149.330s] -- Set runtime path of "/home/derek/work/install/nav2_behavior_tree/lib/libnav2_speed_controller_bt_node.so" to ""
[149.330s] -- Installing: /home/derek/work/install/nav2_behavior_tree/lib/libnav2_truncate_path_action_bt_node.so
[149.330s] -- Set runtime path of "/home/derek/work/install/nav2_behavior_tree/lib/libnav2_truncate_path_action_bt_node.so" to ""
[149.330s] -- Installing: /home/derek/work/install/nav2_behavior_tree/lib/libnav2_truncate_path_local_action_bt_node.so
[149.330s] -- Set runtime path of "/home/derek/work/install/nav2_behavior_tree/lib/libnav2_truncate_path_local_action_bt_node.so" to ""
[149.331s] -- Installing: /home/derek/work/install/nav2_behavior_tree/lib/libnav2_goal_updater_node_bt_node.so
[149.331s] -- Set runtime path of "/home/derek/work/install/nav2_behavior_tree/lib/libnav2_goal_updater_node_bt_node.so" to ""
[149.332s] -- Installing: /home/derek/work/install/nav2_behavior_tree/lib/libnav2_path_longer_on_approach_bt_node.so
[149.332s] -- Set runtime path of "/home/derek/work/install/nav2_behavior_tree/lib/libnav2_path_longer_on_approach_bt_node.so" to ""
[149.332s] -- Installing: /home/derek/work/install/nav2_behavior_tree/lib/libnav2_recovery_node_bt_node.so
[149.332s] -- Set runtime path of "/home/derek/work/install/nav2_behavior_tree/lib/libnav2_recovery_node_bt_node.so" to ""
[149.332s] -- Installing: /home/derek/work/install/nav2_behavior_tree/lib/libnav2_navigate_to_pose_action_bt_node.so
[149.332s] -- Set runtime path of "/home/derek/work/install/nav2_behavior_tree/lib/libnav2_navigate_to_pose_action_bt_node.so" to ""
[149.332s] -- Installing: /home/derek/work/install/nav2_behavior_tree/lib/libnav2_navigate_through_poses_action_bt_node.so
[149.333s] -- Set runtime path of "/home/derek/work/install/nav2_behavior_tree/lib/libnav2_navigate_through_poses_action_bt_node.so" to ""
[149.333s] -- Installing: /home/derek/work/install/nav2_behavior_tree/lib/libnav2_remove_passed_goals_action_bt_node.so
[149.333s] -- Set runtime path of "/home/derek/work/install/nav2_behavior_tree/lib/libnav2_remove_passed_goals_action_bt_node.so" to ""
[149.333s] -- Installing: /home/derek/work/install/nav2_behavior_tree/lib/libnav2_pipeline_sequence_bt_node.so
[149.333s] -- Set runtime path of "/home/derek/work/install/nav2_behavior_tree/lib/libnav2_pipeline_sequence_bt_node.so" to ""
[149.334s] -- Installing: /home/derek/work/install/nav2_behavior_tree/lib/libnav2_round_robin_node_bt_node.so
[149.334s] -- Set runtime path of "/home/derek/work/install/nav2_behavior_tree/lib/libnav2_round_robin_node_bt_node.so" to ""
[149.334s] -- Installing: /home/derek/work/install/nav2_behavior_tree/lib/libnav2_single_trigger_bt_node.so
[149.334s] -- Set runtime path of "/home/derek/work/install/nav2_behavior_tree/lib/libnav2_single_trigger_bt_node.so" to ""
[149.334s] -- Installing: /home/derek/work/install/nav2_behavior_tree/lib/libnav2_planner_selector_bt_node.so
[149.335s] -- Set runtime path of "/home/derek/work/install/nav2_behavior_tree/lib/libnav2_planner_selector_bt_node.so" to ""
[149.335s] -- Installing: /home/derek/work/install/nav2_behavior_tree/lib/libnav2_controller_selector_bt_node.so
[149.336s] -- Set runtime path of "/home/derek/work/install/nav2_behavior_tree/lib/libnav2_controller_selector_bt_node.so" to ""
[149.336s] -- Installing: /home/derek/work/install/nav2_behavior_tree/lib/libnav2_smoother_selector_bt_node.so
[149.337s] -- Set runtime path of "/home/derek/work/install/nav2_behavior_tree/lib/libnav2_smoother_selector_bt_node.so" to ""
[149.337s] -- Installing: /home/derek/work/install/nav2_behavior_tree/lib/libnav2_goal_checker_selector_bt_node.so
[149.338s] -- Set runtime path of "/home/derek/work/install/nav2_behavior_tree/lib/libnav2_goal_checker_selector_bt_node.so" to ""
[149.338s] -- Installing: /home/derek/work/install/nav2_behavior_tree/lib/libnav2_goal_updated_controller_bt_node.so
[149.338s] -- Set runtime path of "/home/derek/work/install/nav2_behavior_tree/lib/libnav2_goal_updated_controller_bt_node.so" to ""
[149.338s] -- Installing: /home/derek/work/install/nav2_behavior_tree/include/
[149.338s] -- Installing: /home/derek/work/install/nav2_behavior_tree/include//nav2_behavior_tree
[149.338s] -- Installing: /home/derek/work/install/nav2_behavior_tree/include//nav2_behavior_tree/ros_topic_logger.hpp
[149.338s] -- Installing: /home/derek/work/install/nav2_behavior_tree/include//nav2_behavior_tree/bt_action_server_impl.hpp
[149.338s] -- Installing: /home/derek/work/install/nav2_behavior_tree/include//nav2_behavior_tree/bt_action_server.hpp
[149.338s] -- Installing: /home/derek/work/install/nav2_behavior_tree/include//nav2_behavior_tree/bt_service_node.hpp
[149.338s] -- Installing: /home/derek/work/install/nav2_behavior_tree/include//nav2_behavior_tree/behavior_tree_engine.hpp
[149.340s] -- Installing: /home/derek/work/install/nav2_behavior_tree/include//nav2_behavior_tree/bt_cancel_action_node.hpp
[149.340s] -- Installing: /home/derek/work/install/nav2_behavior_tree/include//nav2_behavior_tree/plugins
[149.341s] -- Installing: /home/derek/work/install/nav2_behavior_tree/include//nav2_behavior_tree/plugins/control
[149.341s] -- Installing: /home/derek/work/install/nav2_behavior_tree/include//nav2_behavior_tree/plugins/control/recovery_node.hpp
[149.341s] -- Installing: /home/derek/work/install/nav2_behavior_tree/include//nav2_behavior_tree/plugins/control/round_robin_node.hpp
[149.341s] -- Installing: /home/derek/work/install/nav2_behavior_tree/include//nav2_behavior_tree/plugins/control/pipeline_sequence.hpp
[149.341s] -- Installing: /home/derek/work/install/nav2_behavior_tree/include//nav2_behavior_tree/plugins/decorator
[149.341s] -- Installing: /home/derek/work/install/nav2_behavior_tree/include//nav2_behavior_tree/plugins/decorator/distance_controller.hpp
[149.341s] -- Installing: /home/derek/work/install/nav2_behavior_tree/include//nav2_behavior_tree/plugins/decorator/goal_updated_controller.hpp
[149.341s] -- Installing: /home/derek/work/install/nav2_behavior_tree/include//nav2_behavior_tree/plugins/decorator/path_longer_on_approach.hpp
[149.341s] -- Installing: /home/derek/work/install/nav2_behavior_tree/include//nav2_behavior_tree/plugins/decorator/goal_updater_node.hpp
[149.341s] -- Installing: /home/derek/work/install/nav2_behavior_tree/include//nav2_behavior_tree/plugins/decorator/single_trigger_node.hpp
[149.342s] -- Installing: /home/derek/work/install/nav2_behavior_tree/include//nav2_behavior_tree/plugins/decorator/rate_controller.hpp
[149.342s] -- Installing: /home/derek/work/install/nav2_behavior_tree/include//nav2_behavior_tree/plugins/decorator/speed_controller.hpp
[149.342s] -- Installing: /home/derek/work/install/nav2_behavior_tree/include//nav2_behavior_tree/plugins/condition
[149.342s] -- Installing: /home/derek/work/install/nav2_behavior_tree/include//nav2_behavior_tree/plugins/condition/is_path_valid_condition.hpp
[149.342s] -- Installing: /home/derek/work/install/nav2_behavior_tree/include//nav2_behavior_tree/plugins/condition/is_battery_low_condition.hpp
[149.342s] -- Installing: /home/derek/work/install/nav2_behavior_tree/include//nav2_behavior_tree/plugins/condition/transform_available_condition.hpp
[149.342s] -- Installing: /home/derek/work/install/nav2_behavior_tree/include//nav2_behavior_tree/plugins/condition/path_expiring_timer_condition.hpp
[149.342s] -- Installing: /home/derek/work/install/nav2_behavior_tree/include//nav2_behavior_tree/plugins/condition/goal_reached_condition.hpp
[149.342s] -- Installing: /home/derek/work/install/nav2_behavior_tree/include//nav2_behavior_tree/plugins/condition/time_expired_condition.hpp
[149.342s] -- Installing: /home/derek/work/install/nav2_behavior_tree/include//nav2_behavior_tree/plugins/condition/is_battery_charging_condition.hpp
[149.343s] -- Installing: /home/derek/work/install/nav2_behavior_tree/include//nav2_behavior_tree/plugins/condition/is_stuck_condition.hpp
[149.343s] -- Installing: /home/derek/work/install/nav2_behavior_tree/include//nav2_behavior_tree/plugins/condition/initial_pose_received_condition.hpp
[149.343s] -- Installing: /home/derek/work/install/nav2_behavior_tree/include//nav2_behavior_tree/plugins/condition/goal_updated_condition.hpp
[149.343s] -- Installing: /home/derek/work/install/nav2_behavior_tree/include//nav2_behavior_tree/plugins/condition/globally_updated_goal_condition.hpp
[149.343s] -- Installing: /home/derek/work/install/nav2_behavior_tree/include//nav2_behavior_tree/plugins/condition/distance_traveled_condition.hpp
[149.343s] -- Installing: /home/derek/work/install/nav2_behavior_tree/include//nav2_behavior_tree/plugins/action
[149.343s] -- Installing: /home/derek/work/install/nav2_behavior_tree/include//nav2_behavior_tree/plugins/action/reinitialize_global_localization_service.hpp
[149.343s] -- Installing: /home/derek/work/install/nav2_behavior_tree/include//nav2_behavior_tree/plugins/action/smooth_path_action.hpp
[149.343s] -- Installing: /home/derek/work/install/nav2_behavior_tree/include//nav2_behavior_tree/plugins/action/controller_cancel_node.hpp
[149.343s] -- Installing: /home/derek/work/install/nav2_behavior_tree/include//nav2_behavior_tree/plugins/action/spin_action.hpp
[149.343s] -- Installing: /home/derek/work/install/nav2_behavior_tree/include//nav2_behavior_tree/plugins/action/back_up_cancel_node.hpp
[149.344s] -- Installing: /home/derek/work/install/nav2_behavior_tree/include//nav2_behavior_tree/plugins/action/wait_action.hpp
[149.344s] -- Installing: /home/derek/work/install/nav2_behavior_tree/include//nav2_behavior_tree/plugins/action/planner_selector_node.hpp
[149.344s] -- Installing: /home/derek/work/install/nav2_behavior_tree/include//nav2_behavior_tree/plugins/action/follow_path_action.hpp
[149.344s] -- Installing: /home/derek/work/install/nav2_behavior_tree/include//nav2_behavior_tree/plugins/action/compute_path_to_pose_action.hpp
[149.344s] -- Installing: /home/derek/work/install/nav2_behavior_tree/include//nav2_behavior_tree/plugins/action/smoother_selector_node.hpp
[149.344s] -- Installing: /home/derek/work/install/nav2_behavior_tree/include//nav2_behavior_tree/plugins/action/remove_passed_goals_action.hpp
[149.344s] -- Installing: /home/derek/work/install/nav2_behavior_tree/include//nav2_behavior_tree/plugins/action/wait_cancel_node.hpp
[149.344s] -- Installing: /home/derek/work/install/nav2_behavior_tree/include//nav2_behavior_tree/plugins/action/back_up_action.hpp
[149.344s] -- Installing: /home/derek/work/install/nav2_behavior_tree/include//nav2_behavior_tree/plugins/action/truncate_path_local_action.hpp
[149.344s] -- Installing: /home/derek/work/install/nav2_behavior_tree/include//nav2_behavior_tree/plugins/action/spin_cancel_node.hpp
[149.344s] -- Installing: /home/derek/work/install/nav2_behavior_tree/include//nav2_behavior_tree/plugins/action/truncate_path_action.hpp
[149.344s] -- Installing: /home/derek/work/install/nav2_behavior_tree/include//nav2_behavior_tree/plugins/action/assisted_teleop_action.hpp
[149.345s] -- Installing: /home/derek/work/install/nav2_behavior_tree/include//nav2_behavior_tree/plugins/action/compute_path_through_poses_action.hpp
[149.345s] -- Installing: /home/derek/work/install/nav2_behavior_tree/include//nav2_behavior_tree/plugins/action/drive_on_heading_cancel_node.hpp
[149.345s] -- Installing: /home/derek/work/install/nav2_behavior_tree/include//nav2_behavior_tree/plugins/action/goal_checker_selector_node.hpp
[149.345s] -- Installing: /home/derek/work/install/nav2_behavior_tree/include//nav2_behavior_tree/plugins/action/assisted_teleop_cancel_node.hpp
[149.345s] -- Installing: /home/derek/work/install/nav2_behavior_tree/include//nav2_behavior_tree/plugins/action/clear_costmap_service.hpp
[149.345s] -- Installing: /home/derek/work/install/nav2_behavior_tree/include//nav2_behavior_tree/plugins/action/controller_selector_node.hpp
[149.345s] -- Installing: /home/derek/work/install/nav2_behavior_tree/include//nav2_behavior_tree/plugins/action/navigate_through_poses_action.hpp
[149.345s] -- Installing: /home/derek/work/install/nav2_behavior_tree/include//nav2_behavior_tree/plugins/action/drive_on_heading_action.hpp
[149.345s] -- Installing: /home/derek/work/install/nav2_behavior_tree/include//nav2_behavior_tree/plugins/action/navigate_to_pose_action.hpp
[149.345s] -- Installing: /home/derek/work/install/nav2_behavior_tree/include//nav2_behavior_tree/bt_action_node.hpp
[149.346s] -- Installing: /home/derek/work/install/nav2_behavior_tree/include//nav2_behavior_tree/bt_conversions.hpp
[149.346s] -- Installing: /home/derek/work/install/nav2_behavior_tree/share/nav2_behavior_tree/nav2_tree_nodes.xml
[149.346s] -- Installing: /home/derek/work/install/nav2_behavior_tree/share/nav2_behavior_tree/environment/library_path.sh
[149.346s] -- Installing: /home/derek/work/install/nav2_behavior_tree/share/nav2_behavior_tree/environment/library_path.dsv
[149.346s] -- Installing: /home/derek/work/install/nav2_behavior_tree/share/ament_index/resource_index/package_run_dependencies/nav2_behavior_tree
[149.346s] -- Installing: /home/derek/work/install/nav2_behavior_tree/share/ament_index/resource_index/parent_prefix_path/nav2_behavior_tree
[149.346s] -- Installing: /home/derek/work/install/nav2_behavior_tree/share/nav2_behavior_tree/environment/ament_prefix_path.sh
[149.346s] -- Installing: /home/derek/work/install/nav2_behavior_tree/share/nav2_behavior_tree/environment/ament_prefix_path.dsv
[149.346s] -- Installing: /home/derek/work/install/nav2_behavior_tree/share/nav2_behavior_tree/environment/path.sh
[149.346s] -- Installing: /home/derek/work/install/nav2_behavior_tree/share/nav2_behavior_tree/environment/path.dsv
[149.346s] -- Installing: /home/derek/work/install/nav2_behavior_tree/share/nav2_behavior_tree/local_setup.bash
[149.346s] -- Installing: /home/derek/work/install/nav2_behavior_tree/share/nav2_behavior_tree/local_setup.sh
[149.347s] -- Installing: /home/derek/work/install/nav2_behavior_tree/share/nav2_behavior_tree/local_setup.zsh
[149.347s] -- Installing: /home/derek/work/install/nav2_behavior_tree/share/nav2_behavior_tree/local_setup.dsv
[149.347s] -- Installing: /home/derek/work/install/nav2_behavior_tree/share/nav2_behavior_tree/package.dsv
[149.347s] -- Installing: /home/derek/work/install/nav2_behavior_tree/share/ament_index/resource_index/packages/nav2_behavior_tree
[149.347s] -- Installing: /home/derek/work/install/nav2_behavior_tree/share/nav2_behavior_tree/cmake/ament_cmake_export_include_directories-extras.cmake
[149.347s] -- Installing: /home/derek/work/install/nav2_behavior_tree/share/nav2_behavior_tree/cmake/ament_cmake_export_libraries-extras.cmake
[149.347s] -- Installing: /home/derek/work/install/nav2_behavior_tree/share/nav2_behavior_tree/cmake/ament_cmake_export_dependencies-extras.cmake
[149.347s] -- Installing: /home/derek/work/install/nav2_behavior_tree/share/nav2_behavior_tree/cmake/nav2_behavior_treeConfig.cmake
[149.347s] -- Installing: /home/derek/work/install/nav2_behavior_tree/share/nav2_behavior_tree/cmake/nav2_behavior_treeConfig-version.cmake
[149.347s] -- Installing: /home/derek/work/install/nav2_behavior_tree/share/nav2_behavior_tree/package.xml
[149.500s] Invoked command in '/home/derek/work/build/nav2_behavior_tree' returned '0': AMENT_PREFIX_PATH=/home/derek/work/install/nav2_util:/home/derek/work/install/nav2_msgs:/home/derek/work/install/nav2_common:${AMENT_PREFIX_PATH} CMAKE_PREFIX_PATH=/home/derek/work/install/nav2_util:/home/derek/work/install/nav2_msgs:/home/derek/work/install/nav2_common:/opt/ros/humble LD_LIBRARY_PATH=/home/derek/work/install/nav2_util/lib:/home/derek/work/install/nav2_msgs/lib:/usr/lib/x86_64-linux-gnu/gazebo-11/plugins:/opt/ros/humble/opt/rviz_ogre_vendor/lib:/opt/ros/humble/lib/x86_64-linux-gnu:/opt/ros/humble/lib:/usr/local/nvidia/lib:/usr/local/nvidia/lib64:/usr/share/gazebo/../../lib/x86_64-linux-gnu/gazebo-11/plugins PYTHONPATH=/home/derek/work/install/nav2_msgs/local/lib/python3.10/dist-packages:/home/derek/work/install/nav2_common/local/lib/python3.10/dist-packages:${PYTHONPATH} /usr/bin/cmake --install /home/derek/work/build/nav2_behavior_tree
