running egg_info
creating ../../build/move/move.egg-info
writing manifest file '../../build/move/move.egg-info/SOURCES.txt'
writing manifest file '../../build/move/move.egg-info/SOURCES.txt'
running build
running build_py
creating /home/derek/work/build/move/build
creating /home/derek/work/build/move/build/lib
creating /home/derek/work/build/move/build/lib/move
copying move/__init__.py -> /home/derek/work/build/move/build/lib/move
running install
/usr/local/lib/python3.10/dist-packages/setuptools/command/install.py:34: SetuptoolsDeprecationWarning: setup.py install is deprecated. Use build and pip and other standards-based tools.
  warnings.warn(
running install_lib
creating /home/derek/work/install/move/lib/python3.10/site-packages/move
copying /home/derek/work/build/move/build/lib/move/__init__.py -> /home/derek/work/install/move/lib/python3.10/site-packages/move
byte-compiling /home/derek/work/install/move/lib/python3.10/site-packages/move/__init__.py to __init__.cpython-310.pyc
running install_data
creating /home/derek/work/install/move/share/ament_index
creating /home/derek/work/install/move/share/ament_index/resource_index
creating /home/derek/work/install/move/share/ament_index/resource_index/packages
copying resource/move -> /home/derek/work/install/move/share/ament_index/resource_index/packages
copying package.xml -> /home/derek/work/install/move/share/move
running install_egg_info
Copying ../../build/move/move.egg-info to /home/derek/work/install/move/lib/python3.10/site-packages/move-0.0.0-py3.10.egg-info
running install_scripts
writing list of installed files to '/home/derek/work/build/move/install.log'
