[0.118s] Invoking command in '/home/derek/work/build/costmap_queue': AMENT_PREFIX_PATH=/home/derek/work/install/nav2_costmap_2d:/home/derek/work/install/nav2_util:/home/derek/work/install/nav2_voxel_grid:/home/derek/work/install/nav2_msgs:/home/derek/work/install/nav2_common:${AMENT_PREFIX_PATH} CMAKE_PREFIX_PATH=/home/derek/work/install/nav2_costmap_2d:/home/derek/work/install/nav2_util:/home/derek/work/install/nav2_voxel_grid:/home/derek/work/install/nav2_msgs:/home/derek/work/install/nav2_common:/opt/ros/humble LD_LIBRARY_PATH=/home/derek/work/install/nav2_costmap_2d/lib:/home/derek/work/install/nav2_util/lib:/home/derek/work/install/nav2_voxel_grid/lib:/home/derek/work/install/nav2_msgs/lib:/usr/lib/x86_64-linux-gnu/gazebo-11/plugins:/opt/ros/humble/opt/rviz_ogre_vendor/lib:/opt/ros/humble/lib/x86_64-linux-gnu:/opt/ros/humble/lib:/usr/local/nvidia/lib:/usr/local/nvidia/lib64:/usr/share/gazebo/../../lib/x86_64-linux-gnu/gazebo-11/plugins PYTHONPATH=/home/derek/work/install/nav2_msgs/local/lib/python3.10/dist-packages:/home/derek/work/install/nav2_common/local/lib/python3.10/dist-packages:${PYTHONPATH} /usr/bin/cmake /home/derek/work/src/navigation2/nav2_dwb_controller/costmap_queue -DCMAKE_INSTALL_PREFIX=/home/derek/work/install/costmap_queue
[0.170s] -- The C compiler identification is GNU 11.4.0
[0.223s] -- The CXX compiler identification is GNU 11.4.0
[0.230s] -- Detecting C compiler ABI info
[0.296s] -- Detecting C compiler ABI info - done
[0.308s] -- Check for working C compiler: /usr/bin/cc - skipped
[0.309s] -- Detecting C compile features
[0.309s] -- Detecting C compile features - done
[0.311s] -- Detecting CXX compiler ABI info
[0.386s] -- Detecting CXX compiler ABI info - done
[0.398s] -- Check for working CXX compiler: /usr/bin/c++ - skipped
[0.398s] -- Detecting CXX compile features
[0.398s] -- Detecting CXX compile features - done
[0.400s] -- Found ament_cmake: 1.3.7 (/opt/ros/humble/share/ament_cmake/cmake)
[0.855s] -- Found Python3: /usr/bin/python3.10 (found version "3.10.12") found components: Interpreter 
[0.934s] -- Found nav2_common: 1.1.13 (/home/derek/work/install/nav2_common/share/nav2_common/cmake)
[0.934s] -- Found nav2_costmap_2d: 1.1.13 (/home/derek/work/install/nav2_costmap_2d/share/nav2_costmap_2d/cmake)
[0.976s] -- Found rosidl_generator_c: 3.1.5 (/opt/ros/humble/share/rosidl_generator_c/cmake)
[0.981s] -- Found rosidl_adapter: 3.1.5 (/opt/ros/humble/share/rosidl_adapter/cmake)
[0.989s] -- Found rosidl_generator_cpp: 3.1.5 (/opt/ros/humble/share/rosidl_generator_cpp/cmake)
[1.000s] -- Using all available rosidl_typesupport_c: rosidl_typesupport_fastrtps_c;rosidl_typesupport_introspection_c
[1.018s] -- Using all available rosidl_typesupport_cpp: rosidl_typesupport_fastrtps_cpp;rosidl_typesupport_introspection_cpp
[1.195s] -- Found rmw_implementation_cmake: 6.1.1 (/opt/ros/humble/share/rmw_implementation_cmake/cmake)
[1.198s] -- Found rmw_fastrtps_cpp: 6.2.6 (/opt/ros/humble/share/rmw_fastrtps_cpp/cmake)
[1.297s] -- Found OpenSSL: /usr/lib/x86_64-linux-gnu/libcrypto.so (found version "3.0.2")  
[1.339s] -- Found FastRTPS: /opt/ros/humble/include  
[1.396s] -- Using RMW implementation 'rmw_fastrtps_cpp' as default
[1.405s] -- Looking for pthread.h
[1.474s] -- Looking for pthread.h - found
[1.474s] -- Performing Test CMAKE_HAVE_LIBC_PTHREAD
[1.552s] -- Performing Test CMAKE_HAVE_LIBC_PTHREAD - Success
[1.554s] -- Found Threads: TRUE  
[2.462s] -- Found Eigen3: TRUE (found version "3.4.0") 
[2.462s] -- Ensuring Eigen3 include directory is part of orocos-kdl CMake target
[3.212s] -- Setting build type to Release as none was specified.
[3.649s] -- Found ament_lint_auto: 0.12.10 (/opt/ros/humble/share/ament_lint_auto/cmake)
[3.720s] -- Found gtest sources under '/opt/ros/humble/src/gtest_vendor': C++ tests using 'Google Test' will be built
[4.937s] -- Added test 'cppcheck' to perform static code analysis on C / C++ code
[4.939s] -- Configured cppcheck include dirs: /home/derek/work/src/navigation2/nav2_dwb_controller/costmap_queue/include
[4.939s] -- Configured cppcheck exclude dirs and/or files: 
[4.940s] -- Added test 'cpplint' to check C / C++ code against the Google style
[4.940s] -- Configured cpplint exclude dirs and/or files: 
[4.941s] -- Added test 'lint_cmake' to check CMake code style
[4.942s] -- Added test 'uncrustify' to check C / C++ code style
[4.943s] -- Configured uncrustify additional arguments: 
[4.943s] -- Added test 'xmllint' to check XML markup files
[4.946s] -- Configuring done
[5.100s] -- Generating done
[5.102s] -- Build files have been written to: /home/derek/work/build/costmap_queue
[5.116s] Invoked command in '/home/derek/work/build/costmap_queue' returned '0': AMENT_PREFIX_PATH=/home/derek/work/install/nav2_costmap_2d:/home/derek/work/install/nav2_util:/home/derek/work/install/nav2_voxel_grid:/home/derek/work/install/nav2_msgs:/home/derek/work/install/nav2_common:${AMENT_PREFIX_PATH} CMAKE_PREFIX_PATH=/home/derek/work/install/nav2_costmap_2d:/home/derek/work/install/nav2_util:/home/derek/work/install/nav2_voxel_grid:/home/derek/work/install/nav2_msgs:/home/derek/work/install/nav2_common:/opt/ros/humble LD_LIBRARY_PATH=/home/derek/work/install/nav2_costmap_2d/lib:/home/derek/work/install/nav2_util/lib:/home/derek/work/install/nav2_voxel_grid/lib:/home/derek/work/install/nav2_msgs/lib:/usr/lib/x86_64-linux-gnu/gazebo-11/plugins:/opt/ros/humble/opt/rviz_ogre_vendor/lib:/opt/ros/humble/lib/x86_64-linux-gnu:/opt/ros/humble/lib:/usr/local/nvidia/lib:/usr/local/nvidia/lib64:/usr/share/gazebo/../../lib/x86_64-linux-gnu/gazebo-11/plugins PYTHONPATH=/home/derek/work/install/nav2_msgs/local/lib/python3.10/dist-packages:/home/derek/work/install/nav2_common/local/lib/python3.10/dist-packages:${PYTHONPATH} /usr/bin/cmake /home/derek/work/src/navigation2/nav2_dwb_controller/costmap_queue -DCMAKE_INSTALL_PREFIX=/home/derek/work/install/costmap_queue
[5.116s] Invoking command in '/home/derek/work/build/costmap_queue': AMENT_PREFIX_PATH=/home/derek/work/install/nav2_costmap_2d:/home/derek/work/install/nav2_util:/home/derek/work/install/nav2_voxel_grid:/home/derek/work/install/nav2_msgs:/home/derek/work/install/nav2_common:${AMENT_PREFIX_PATH} CMAKE_PREFIX_PATH=/home/derek/work/install/nav2_costmap_2d:/home/derek/work/install/nav2_util:/home/derek/work/install/nav2_voxel_grid:/home/derek/work/install/nav2_msgs:/home/derek/work/install/nav2_common:/opt/ros/humble LD_LIBRARY_PATH=/home/derek/work/install/nav2_costmap_2d/lib:/home/derek/work/install/nav2_util/lib:/home/derek/work/install/nav2_voxel_grid/lib:/home/derek/work/install/nav2_msgs/lib:/usr/lib/x86_64-linux-gnu/gazebo-11/plugins:/opt/ros/humble/opt/rviz_ogre_vendor/lib:/opt/ros/humble/lib/x86_64-linux-gnu:/opt/ros/humble/lib:/usr/local/nvidia/lib:/usr/local/nvidia/lib64:/usr/share/gazebo/../../lib/x86_64-linux-gnu/gazebo-11/plugins PYTHONPATH=/home/derek/work/install/nav2_msgs/local/lib/python3.10/dist-packages:/home/derek/work/install/nav2_common/local/lib/python3.10/dist-packages:${PYTHONPATH} /usr/bin/cmake --build /home/derek/work/build/costmap_queue -- -j16 -l16
[23.545s] [  9%] [32mBuilding CXX object CMakeFiles/costmap_queue.dir/src/limited_costmap_queue.cpp.o[0m
[23.546s] [ 18%] [32mBuilding CXX object gtest/CMakeFiles/gtest.dir/src/gtest-all.cc.o[0m
[23.568s] [ 27%] [32mBuilding CXX object CMakeFiles/costmap_queue.dir/src/costmap_queue.cpp.o[0m
[23.568s] [ 36%] [32mBuilding CXX object gtest/CMakeFiles/gtest_main.dir/src/gtest_main.cc.o[0m
[23.568s] [ 45%] [32m[1mLinking CXX static library libgtest_main.a[0m
[23.568s] [ 45%] Built target gtest_main
[23.568s] [ 54%] [32m[1mLinking CXX static library libcostmap_queue.a[0m
[23.568s] [ 54%] Built target costmap_queue
[23.568s] [ 63%] [32m[1mLinking CXX static library libgtest.a[0m
[23.569s] [ 63%] Built target gtest
[23.569s] [ 72%] [32mBuilding CXX object CMakeFiles/mbq_test.dir/test/mbq_test.cpp.o[0m
[23.569s] [ 81%] [32mBuilding CXX object CMakeFiles/utest.dir/test/utest.cpp.o[0m
[23.569s] [ 90%] [32m[1mLinking CXX executable mbq_test[0m
[23.569s] [ 90%] Built target mbq_test
[23.569s] [100%] [32m[1mLinking CXX executable utest[0m
[23.569s] [100%] Built target utest
[23.584s] Invoked command in '/home/derek/work/build/costmap_queue' returned '0': AMENT_PREFIX_PATH=/home/derek/work/install/nav2_costmap_2d:/home/derek/work/install/nav2_util:/home/derek/work/install/nav2_voxel_grid:/home/derek/work/install/nav2_msgs:/home/derek/work/install/nav2_common:${AMENT_PREFIX_PATH} CMAKE_PREFIX_PATH=/home/derek/work/install/nav2_costmap_2d:/home/derek/work/install/nav2_util:/home/derek/work/install/nav2_voxel_grid:/home/derek/work/install/nav2_msgs:/home/derek/work/install/nav2_common:/opt/ros/humble LD_LIBRARY_PATH=/home/derek/work/install/nav2_costmap_2d/lib:/home/derek/work/install/nav2_util/lib:/home/derek/work/install/nav2_voxel_grid/lib:/home/derek/work/install/nav2_msgs/lib:/usr/lib/x86_64-linux-gnu/gazebo-11/plugins:/opt/ros/humble/opt/rviz_ogre_vendor/lib:/opt/ros/humble/lib/x86_64-linux-gnu:/opt/ros/humble/lib:/usr/local/nvidia/lib:/usr/local/nvidia/lib64:/usr/share/gazebo/../../lib/x86_64-linux-gnu/gazebo-11/plugins PYTHONPATH=/home/derek/work/install/nav2_msgs/local/lib/python3.10/dist-packages:/home/derek/work/install/nav2_common/local/lib/python3.10/dist-packages:${PYTHONPATH} /usr/bin/cmake --build /home/derek/work/build/costmap_queue -- -j16 -l16
[24.152s] Invoking command in '/home/derek/work/build/costmap_queue': AMENT_PREFIX_PATH=/home/derek/work/install/nav2_costmap_2d:/home/derek/work/install/nav2_util:/home/derek/work/install/nav2_voxel_grid:/home/derek/work/install/nav2_msgs:/home/derek/work/install/nav2_common:${AMENT_PREFIX_PATH} CMAKE_PREFIX_PATH=/home/derek/work/install/nav2_costmap_2d:/home/derek/work/install/nav2_util:/home/derek/work/install/nav2_voxel_grid:/home/derek/work/install/nav2_msgs:/home/derek/work/install/nav2_common:/opt/ros/humble LD_LIBRARY_PATH=/home/derek/work/install/nav2_costmap_2d/lib:/home/derek/work/install/nav2_util/lib:/home/derek/work/install/nav2_voxel_grid/lib:/home/derek/work/install/nav2_msgs/lib:/usr/lib/x86_64-linux-gnu/gazebo-11/plugins:/opt/ros/humble/opt/rviz_ogre_vendor/lib:/opt/ros/humble/lib/x86_64-linux-gnu:/opt/ros/humble/lib:/usr/local/nvidia/lib:/usr/local/nvidia/lib64:/usr/share/gazebo/../../lib/x86_64-linux-gnu/gazebo-11/plugins PYTHONPATH=/home/derek/work/install/nav2_msgs/local/lib/python3.10/dist-packages:/home/derek/work/install/nav2_common/local/lib/python3.10/dist-packages:${PYTHONPATH} /usr/bin/cmake --install /home/derek/work/build/costmap_queue
[47.450s] -- Install configuration: "Release"
[47.450s] -- Installing: /home/derek/work/install/costmap_queue/lib/libcostmap_queue.a
[47.450s] -- Installing: /home/derek/work/install/costmap_queue/include/
[47.450s] -- Installing: /home/derek/work/install/costmap_queue/include//costmap_queue
[47.450s] -- Installing: /home/derek/work/install/costmap_queue/include//costmap_queue/costmap_queue.hpp
[47.450s] -- Installing: /home/derek/work/install/costmap_queue/include//costmap_queue/limited_costmap_queue.hpp
[47.450s] -- Installing: /home/derek/work/install/costmap_queue/include//costmap_queue/map_based_queue.hpp
[47.450s] -- Installing: /home/derek/work/install/costmap_queue/share/costmap_queue/environment/library_path.sh
[47.451s] -- Installing: /home/derek/work/install/costmap_queue/share/costmap_queue/environment/library_path.dsv
[47.451s] -- Installing: /home/derek/work/install/costmap_queue/share/ament_index/resource_index/package_run_dependencies/costmap_queue
[47.451s] -- Installing: /home/derek/work/install/costmap_queue/share/ament_index/resource_index/parent_prefix_path/costmap_queue
[47.451s] -- Installing: /home/derek/work/install/costmap_queue/share/costmap_queue/environment/ament_prefix_path.sh
[47.451s] -- Installing: /home/derek/work/install/costmap_queue/share/costmap_queue/environment/ament_prefix_path.dsv
[47.451s] -- Installing: /home/derek/work/install/costmap_queue/share/costmap_queue/environment/path.sh
[47.451s] -- Installing: /home/derek/work/install/costmap_queue/share/costmap_queue/environment/path.dsv
[47.451s] -- Installing: /home/derek/work/install/costmap_queue/share/costmap_queue/local_setup.bash
[47.451s] -- Installing: /home/derek/work/install/costmap_queue/share/costmap_queue/local_setup.sh
[47.451s] -- Installing: /home/derek/work/install/costmap_queue/share/costmap_queue/local_setup.zsh
[47.451s] -- Installing: /home/derek/work/install/costmap_queue/share/costmap_queue/local_setup.dsv
[47.451s] -- Installing: /home/derek/work/install/costmap_queue/share/costmap_queue/package.dsv
[47.452s] -- Installing: /home/derek/work/install/costmap_queue/share/ament_index/resource_index/packages/costmap_queue
[47.452s] -- Installing: /home/derek/work/install/costmap_queue/share/costmap_queue/cmake/ament_cmake_export_include_directories-extras.cmake
[47.452s] -- Installing: /home/derek/work/install/costmap_queue/share/costmap_queue/cmake/ament_cmake_export_libraries-extras.cmake
[47.452s] -- Installing: /home/derek/work/install/costmap_queue/share/costmap_queue/cmake/costmap_queueConfig.cmake
[47.452s] -- Installing: /home/derek/work/install/costmap_queue/share/costmap_queue/cmake/costmap_queueConfig-version.cmake
[47.453s] -- Installing: /home/derek/work/install/costmap_queue/share/costmap_queue/package.xml
[47.461s] Invoked command in '/home/derek/work/build/costmap_queue' returned '0': AMENT_PREFIX_PATH=/home/derek/work/install/nav2_costmap_2d:/home/derek/work/install/nav2_util:/home/derek/work/install/nav2_voxel_grid:/home/derek/work/install/nav2_msgs:/home/derek/work/install/nav2_common:${AMENT_PREFIX_PATH} CMAKE_PREFIX_PATH=/home/derek/work/install/nav2_costmap_2d:/home/derek/work/install/nav2_util:/home/derek/work/install/nav2_voxel_grid:/home/derek/work/install/nav2_msgs:/home/derek/work/install/nav2_common:/opt/ros/humble LD_LIBRARY_PATH=/home/derek/work/install/nav2_costmap_2d/lib:/home/derek/work/install/nav2_util/lib:/home/derek/work/install/nav2_voxel_grid/lib:/home/derek/work/install/nav2_msgs/lib:/usr/lib/x86_64-linux-gnu/gazebo-11/plugins:/opt/ros/humble/opt/rviz_ogre_vendor/lib:/opt/ros/humble/lib/x86_64-linux-gnu:/opt/ros/humble/lib:/usr/local/nvidia/lib:/usr/local/nvidia/lib64:/usr/share/gazebo/../../lib/x86_64-linux-gnu/gazebo-11/plugins PYTHONPATH=/home/derek/work/install/nav2_msgs/local/lib/python3.10/dist-packages:/home/derek/work/install/nav2_common/local/lib/python3.10/dist-packages:${PYTHONPATH} /usr/bin/cmake --install /home/derek/work/build/costmap_queue
