[0.439s] Invoking command in '/home/derek/work/build/dwb_core': AMENT_PREFIX_PATH=/home/derek/work/install/nav2_core:/home/derek/work/install/nav2_costmap_2d:/home/derek/work/install/nav_2d_utils:/home/derek/work/install/nav2_util:/home/derek/work/install/nav2_voxel_grid:/home/derek/work/install/nav2_msgs:/home/derek/work/install/dwb_msgs:/home/derek/work/install/nav_2d_msgs:/home/derek/work/install/nav2_common:${AMENT_PREFIX_PATH} CMAKE_PREFIX_PATH=/home/derek/work/install/nav2_core:/home/derek/work/install/nav2_costmap_2d:/home/derek/work/install/nav_2d_utils:/home/derek/work/install/nav2_util:/home/derek/work/install/nav2_voxel_grid:/home/derek/work/install/nav2_msgs:/home/derek/work/install/dwb_msgs:/home/derek/work/install/nav_2d_msgs:/home/derek/work/install/nav2_common:/opt/ros/humble LD_LIBRARY_PATH=/home/derek/work/install/nav2_costmap_2d/lib:/home/derek/work/install/nav_2d_utils/lib:/home/derek/work/install/nav2_util/lib:/home/derek/work/install/nav2_voxel_grid/lib:/home/derek/work/install/nav2_msgs/lib:/home/derek/work/install/dwb_msgs/lib:/home/derek/work/install/nav_2d_msgs/lib:/usr/lib/x86_64-linux-gnu/gazebo-11/plugins:/opt/ros/humble/opt/rviz_ogre_vendor/lib:/opt/ros/humble/lib/x86_64-linux-gnu:/opt/ros/humble/lib:/usr/local/nvidia/lib:/usr/local/nvidia/lib64:/usr/share/gazebo/../../lib/x86_64-linux-gnu/gazebo-11/plugins PYTHONPATH=/home/derek/work/install/nav2_msgs/local/lib/python3.10/dist-packages:/home/derek/work/install/dwb_msgs/local/lib/python3.10/dist-packages:/home/derek/work/install/nav_2d_msgs/local/lib/python3.10/dist-packages:/home/derek/work/install/nav2_common/local/lib/python3.10/dist-packages:${PYTHONPATH} /usr/bin/cmake /home/derek/work/src/navigation2/nav2_dwb_controller/dwb_core -DCMAKE_INSTALL_PREFIX=/home/derek/work/install/dwb_core
[0.501s] -- The C compiler identification is GNU 11.4.0
[0.563s] -- The CXX compiler identification is GNU 11.4.0
[0.570s] -- Detecting C compiler ABI info
[0.649s] -- Detecting C compiler ABI info - done
[0.659s] -- Check for working C compiler: /usr/bin/cc - skipped
[0.659s] -- Detecting C compile features
[0.660s] -- Detecting C compile features - done
[0.663s] -- Detecting CXX compiler ABI info
[0.752s] -- Detecting CXX compiler ABI info - done
[0.761s] -- Check for working CXX compiler: /usr/bin/c++ - skipped
[0.762s] -- Detecting CXX compile features
[0.762s] -- Detecting CXX compile features - done
[0.766s] -- Found ament_cmake: 1.3.7 (/opt/ros/humble/share/ament_cmake/cmake)
[1.399s] -- Found Python3: /usr/bin/python3.10 (found version "3.10.12") found components: Interpreter 
[1.516s] -- Found nav2_common: 1.1.13 (/home/derek/work/install/nav2_common/share/nav2_common/cmake)
[1.519s] -- Found rclcpp: 16.0.8 (/opt/ros/humble/share/rclcpp/cmake)
[1.580s] -- Found rosidl_generator_c: 3.1.5 (/opt/ros/humble/share/rosidl_generator_c/cmake)
[1.588s] -- Found rosidl_adapter: 3.1.5 (/opt/ros/humble/share/rosidl_adapter/cmake)
[1.601s] -- Found rosidl_generator_cpp: 3.1.5 (/opt/ros/humble/share/rosidl_generator_cpp/cmake)
[1.621s] -- Using all available rosidl_typesupport_c: rosidl_typesupport_fastrtps_c;rosidl_typesupport_introspection_c
[1.650s] -- Using all available rosidl_typesupport_cpp: rosidl_typesupport_fastrtps_cpp;rosidl_typesupport_introspection_cpp
[1.755s] -- Found rmw_implementation_cmake: 6.1.1 (/opt/ros/humble/share/rmw_implementation_cmake/cmake)
[1.759s] -- Found rmw_fastrtps_cpp: 6.2.6 (/opt/ros/humble/share/rmw_fastrtps_cpp/cmake)
[1.961s] -- Found OpenSSL: /usr/lib/x86_64-linux-gnu/libcrypto.so (found version "3.0.2")  
[2.001s] -- Found FastRTPS: /opt/ros/humble/include  
[2.075s] -- Using RMW implementation 'rmw_fastrtps_cpp' as default
[2.087s] -- Looking for pthread.h
[2.210s] -- Looking for pthread.h - found
[2.210s] -- Performing Test CMAKE_HAVE_LIBC_PTHREAD
[2.310s] -- Performing Test CMAKE_HAVE_LIBC_PTHREAD - Success
[2.311s] -- Found Threads: TRUE  
[2.552s] -- Found geometry_msgs: 4.2.3 (/opt/ros/humble/share/geometry_msgs/cmake)
[2.616s] -- Found nav_2d_msgs: 1.1.13 (/home/derek/work/install/nav_2d_msgs/share/nav_2d_msgs/cmake)
[2.714s] -- Found dwb_msgs: 1.1.13 (/home/derek/work/install/dwb_msgs/share/dwb_msgs/cmake)
[3.027s] -- Found nav2_costmap_2d: 1.1.13 (/home/derek/work/install/nav2_costmap_2d/share/nav2_costmap_2d/cmake)
[4.127s] -- Found Eigen3: TRUE (found version "3.4.0") 
[4.127s] -- Ensuring Eigen3 include directory is part of orocos-kdl CMake target
[5.330s] -- Found nav_2d_utils: 1.1.13 (/home/derek/work/install/nav_2d_utils/share/nav_2d_utils/cmake)
[6.001s] -- Found nav2_core: 1.1.13 (/home/derek/work/install/nav2_core/share/nav2_core/cmake)
[6.978s] -- Setting build type to Release as none was specified.
[15.509s] -- Found ament_lint_auto: 0.12.10 (/opt/ros/humble/share/ament_lint_auto/cmake)
[15.637s] -- Found gtest sources under '/opt/ros/humble/src/gtest_vendor': C++ tests using 'Google Test' will be built
[15.646s] -- Added test 'cppcheck' to perform static code analysis on C / C++ code
[15.647s] -- Configured cppcheck include dirs: /home/derek/work/src/navigation2/nav2_dwb_controller/dwb_core/include
[15.647s] -- Configured cppcheck exclude dirs and/or files: 
[15.649s] -- Added test 'cpplint' to check C / C++ code against the Google style
[15.649s] -- Configured cpplint exclude dirs and/or files: 
[15.650s] -- Added test 'lint_cmake' to check CMake code style
[15.652s] -- Added test 'uncrustify' to check C / C++ code style
[15.652s] -- Configured uncrustify additional arguments: 
[15.653s] -- Added test 'xmllint' to check XML markup files
[15.656s] -- Configuring done
[15.753s] -- Generating done
[15.756s] -- Build files have been written to: /home/derek/work/build/dwb_core
[15.776s] Invoked command in '/home/derek/work/build/dwb_core' returned '0': AMENT_PREFIX_PATH=/home/derek/work/install/nav2_core:/home/derek/work/install/nav2_costmap_2d:/home/derek/work/install/nav_2d_utils:/home/derek/work/install/nav2_util:/home/derek/work/install/nav2_voxel_grid:/home/derek/work/install/nav2_msgs:/home/derek/work/install/dwb_msgs:/home/derek/work/install/nav_2d_msgs:/home/derek/work/install/nav2_common:${AMENT_PREFIX_PATH} CMAKE_PREFIX_PATH=/home/derek/work/install/nav2_core:/home/derek/work/install/nav2_costmap_2d:/home/derek/work/install/nav_2d_utils:/home/derek/work/install/nav2_util:/home/derek/work/install/nav2_voxel_grid:/home/derek/work/install/nav2_msgs:/home/derek/work/install/dwb_msgs:/home/derek/work/install/nav_2d_msgs:/home/derek/work/install/nav2_common:/opt/ros/humble LD_LIBRARY_PATH=/home/derek/work/install/nav2_costmap_2d/lib:/home/derek/work/install/nav_2d_utils/lib:/home/derek/work/install/nav2_util/lib:/home/derek/work/install/nav2_voxel_grid/lib:/home/derek/work/install/nav2_msgs/lib:/home/derek/work/install/dwb_msgs/lib:/home/derek/work/install/nav_2d_msgs/lib:/usr/lib/x86_64-linux-gnu/gazebo-11/plugins:/opt/ros/humble/opt/rviz_ogre_vendor/lib:/opt/ros/humble/lib/x86_64-linux-gnu:/opt/ros/humble/lib:/usr/local/nvidia/lib:/usr/local/nvidia/lib64:/usr/share/gazebo/../../lib/x86_64-linux-gnu/gazebo-11/plugins PYTHONPATH=/home/derek/work/install/nav2_msgs/local/lib/python3.10/dist-packages:/home/derek/work/install/dwb_msgs/local/lib/python3.10/dist-packages:/home/derek/work/install/nav_2d_msgs/local/lib/python3.10/dist-packages:/home/derek/work/install/nav2_common/local/lib/python3.10/dist-packages:${PYTHONPATH} /usr/bin/cmake /home/derek/work/src/navigation2/nav2_dwb_controller/dwb_core -DCMAKE_INSTALL_PREFIX=/home/derek/work/install/dwb_core
[15.777s] Invoking command in '/home/derek/work/build/dwb_core': AMENT_PREFIX_PATH=/home/derek/work/install/nav2_core:/home/derek/work/install/nav2_costmap_2d:/home/derek/work/install/nav_2d_utils:/home/derek/work/install/nav2_util:/home/derek/work/install/nav2_voxel_grid:/home/derek/work/install/nav2_msgs:/home/derek/work/install/dwb_msgs:/home/derek/work/install/nav_2d_msgs:/home/derek/work/install/nav2_common:${AMENT_PREFIX_PATH} CMAKE_PREFIX_PATH=/home/derek/work/install/nav2_core:/home/derek/work/install/nav2_costmap_2d:/home/derek/work/install/nav_2d_utils:/home/derek/work/install/nav2_util:/home/derek/work/install/nav2_voxel_grid:/home/derek/work/install/nav2_msgs:/home/derek/work/install/dwb_msgs:/home/derek/work/install/nav_2d_msgs:/home/derek/work/install/nav2_common:/opt/ros/humble LD_LIBRARY_PATH=/home/derek/work/install/nav2_costmap_2d/lib:/home/derek/work/install/nav_2d_utils/lib:/home/derek/work/install/nav2_util/lib:/home/derek/work/install/nav2_voxel_grid/lib:/home/derek/work/install/nav2_msgs/lib:/home/derek/work/install/dwb_msgs/lib:/home/derek/work/install/nav_2d_msgs/lib:/usr/lib/x86_64-linux-gnu/gazebo-11/plugins:/opt/ros/humble/opt/rviz_ogre_vendor/lib:/opt/ros/humble/lib/x86_64-linux-gnu:/opt/ros/humble/lib:/usr/local/nvidia/lib:/usr/local/nvidia/lib64:/usr/share/gazebo/../../lib/x86_64-linux-gnu/gazebo-11/plugins PYTHONPATH=/home/derek/work/install/nav2_msgs/local/lib/python3.10/dist-packages:/home/derek/work/install/dwb_msgs/local/lib/python3.10/dist-packages:/home/derek/work/install/nav_2d_msgs/local/lib/python3.10/dist-packages:/home/derek/work/install/nav2_common/local/lib/python3.10/dist-packages:${PYTHONPATH} /usr/bin/cmake --build /home/derek/work/build/dwb_core -- -j16 -l16
[19.993s] [ 18%] [32mBuilding CXX object gtest/CMakeFiles/gtest_main.dir/src/gtest_main.cc.o[0m
[19.993s] [ 18%] [32mBuilding CXX object gtest/CMakeFiles/gtest.dir/src/gtest-all.cc.o[0m
[19.993s] [ 27%] [32mBuilding CXX object CMakeFiles/dwb_core.dir/src/publisher.cpp.o[0m
[19.993s] [ 36%] [32mBuilding CXX object CMakeFiles/dwb_core.dir/src/dwb_local_planner.cpp.o[0m
[19.993s] [ 45%] [32mBuilding CXX object CMakeFiles/dwb_core.dir/src/illegal_trajectory_tracker.cpp.o[0m
[19.993s] [ 54%] [32mBuilding CXX object CMakeFiles/dwb_core.dir/src/trajectory_utils.cpp.o[0m
[19.993s] [ 63%] [32m[1mLinking CXX static library libgtest_main.a[0m
[19.994s] [ 63%] Built target gtest_main
[31.280s] [ 72%] [32m[1mLinking CXX static library libgtest.a[0m
[31.459s] [ 72%] Built target gtest
[38.671s] [ 81%] [32m[1mLinking CXX shared library libdwb_core.so[0m
[39.057s] [ 81%] Built target dwb_core
[39.082s] [ 90%] [32mBuilding CXX object test/CMakeFiles/utils_test.dir/utils_test.cpp.o[0m
[43.528s] [100%] [32m[1mLinking CXX executable utils_test[0m
[43.860s] [100%] Built target utils_test
[43.876s] Invoked command in '/home/derek/work/build/dwb_core' returned '0': AMENT_PREFIX_PATH=/home/derek/work/install/nav2_core:/home/derek/work/install/nav2_costmap_2d:/home/derek/work/install/nav_2d_utils:/home/derek/work/install/nav2_util:/home/derek/work/install/nav2_voxel_grid:/home/derek/work/install/nav2_msgs:/home/derek/work/install/dwb_msgs:/home/derek/work/install/nav_2d_msgs:/home/derek/work/install/nav2_common:${AMENT_PREFIX_PATH} CMAKE_PREFIX_PATH=/home/derek/work/install/nav2_core:/home/derek/work/install/nav2_costmap_2d:/home/derek/work/install/nav_2d_utils:/home/derek/work/install/nav2_util:/home/derek/work/install/nav2_voxel_grid:/home/derek/work/install/nav2_msgs:/home/derek/work/install/dwb_msgs:/home/derek/work/install/nav_2d_msgs:/home/derek/work/install/nav2_common:/opt/ros/humble LD_LIBRARY_PATH=/home/derek/work/install/nav2_costmap_2d/lib:/home/derek/work/install/nav_2d_utils/lib:/home/derek/work/install/nav2_util/lib:/home/derek/work/install/nav2_voxel_grid/lib:/home/derek/work/install/nav2_msgs/lib:/home/derek/work/install/dwb_msgs/lib:/home/derek/work/install/nav_2d_msgs/lib:/usr/lib/x86_64-linux-gnu/gazebo-11/plugins:/opt/ros/humble/opt/rviz_ogre_vendor/lib:/opt/ros/humble/lib/x86_64-linux-gnu:/opt/ros/humble/lib:/usr/local/nvidia/lib:/usr/local/nvidia/lib64:/usr/share/gazebo/../../lib/x86_64-linux-gnu/gazebo-11/plugins PYTHONPATH=/home/derek/work/install/nav2_msgs/local/lib/python3.10/dist-packages:/home/derek/work/install/dwb_msgs/local/lib/python3.10/dist-packages:/home/derek/work/install/nav_2d_msgs/local/lib/python3.10/dist-packages:/home/derek/work/install/nav2_common/local/lib/python3.10/dist-packages:${PYTHONPATH} /usr/bin/cmake --build /home/derek/work/build/dwb_core -- -j16 -l16
[43.932s] Invoking command in '/home/derek/work/build/dwb_core': AMENT_PREFIX_PATH=/home/derek/work/install/nav2_core:/home/derek/work/install/nav2_costmap_2d:/home/derek/work/install/nav_2d_utils:/home/derek/work/install/nav2_util:/home/derek/work/install/nav2_voxel_grid:/home/derek/work/install/nav2_msgs:/home/derek/work/install/dwb_msgs:/home/derek/work/install/nav_2d_msgs:/home/derek/work/install/nav2_common:${AMENT_PREFIX_PATH} CMAKE_PREFIX_PATH=/home/derek/work/install/nav2_core:/home/derek/work/install/nav2_costmap_2d:/home/derek/work/install/nav_2d_utils:/home/derek/work/install/nav2_util:/home/derek/work/install/nav2_voxel_grid:/home/derek/work/install/nav2_msgs:/home/derek/work/install/dwb_msgs:/home/derek/work/install/nav_2d_msgs:/home/derek/work/install/nav2_common:/opt/ros/humble LD_LIBRARY_PATH=/home/derek/work/install/nav2_costmap_2d/lib:/home/derek/work/install/nav_2d_utils/lib:/home/derek/work/install/nav2_util/lib:/home/derek/work/install/nav2_voxel_grid/lib:/home/derek/work/install/nav2_msgs/lib:/home/derek/work/install/dwb_msgs/lib:/home/derek/work/install/nav_2d_msgs/lib:/usr/lib/x86_64-linux-gnu/gazebo-11/plugins:/opt/ros/humble/opt/rviz_ogre_vendor/lib:/opt/ros/humble/lib/x86_64-linux-gnu:/opt/ros/humble/lib:/usr/local/nvidia/lib:/usr/local/nvidia/lib64:/usr/share/gazebo/../../lib/x86_64-linux-gnu/gazebo-11/plugins PYTHONPATH=/home/derek/work/install/nav2_msgs/local/lib/python3.10/dist-packages:/home/derek/work/install/dwb_msgs/local/lib/python3.10/dist-packages:/home/derek/work/install/nav_2d_msgs/local/lib/python3.10/dist-packages:/home/derek/work/install/nav2_common/local/lib/python3.10/dist-packages:${PYTHONPATH} /usr/bin/cmake --install /home/derek/work/build/dwb_core
[51.420s] -- Install configuration: "Release"
[51.420s] -- Installing: /home/derek/work/install/dwb_core/lib/libdwb_core.so
[51.421s] -- Set runtime path of "/home/derek/work/install/dwb_core/lib/libdwb_core.so" to ""
[51.421s] -- Installing: /home/derek/work/install/dwb_core/include/
[51.421s] -- Installing: /home/derek/work/install/dwb_core/include//dwb_core
[51.421s] -- Installing: /home/derek/work/install/dwb_core/include//dwb_core/trajectory_generator.hpp
[51.421s] -- Installing: /home/derek/work/install/dwb_core/include//dwb_core/publisher.hpp
[51.421s] -- Installing: /home/derek/work/install/dwb_core/include//dwb_core/dwb_local_planner.hpp
[51.421s] -- Installing: /home/derek/work/install/dwb_core/include//dwb_core/illegal_trajectory_tracker.hpp
[51.421s] -- Installing: /home/derek/work/install/dwb_core/include//dwb_core/exceptions.hpp
[51.421s] -- Installing: /home/derek/work/install/dwb_core/include//dwb_core/trajectory_critic.hpp
[51.421s] -- Installing: /home/derek/work/install/dwb_core/include//dwb_core/trajectory_utils.hpp
[51.421s] -- Installing: /home/derek/work/install/dwb_core/share/dwb_core/environment/library_path.sh
[51.422s] -- Installing: /home/derek/work/install/dwb_core/share/dwb_core/environment/library_path.dsv
[51.422s] -- Installing: /home/derek/work/install/dwb_core/share/dwb_core/local_planner_plugin.xml
[51.422s] -- Installing: /home/derek/work/install/dwb_core/share/ament_index/resource_index/package_run_dependencies/dwb_core
[51.422s] -- Installing: /home/derek/work/install/dwb_core/share/ament_index/resource_index/parent_prefix_path/dwb_core
[51.422s] -- Installing: /home/derek/work/install/dwb_core/share/dwb_core/environment/ament_prefix_path.sh
[51.422s] -- Installing: /home/derek/work/install/dwb_core/share/dwb_core/environment/ament_prefix_path.dsv
[51.422s] -- Installing: /home/derek/work/install/dwb_core/share/dwb_core/environment/path.sh
[51.422s] -- Installing: /home/derek/work/install/dwb_core/share/dwb_core/environment/path.dsv
[51.422s] -- Installing: /home/derek/work/install/dwb_core/share/dwb_core/local_setup.bash
[51.422s] -- Installing: /home/derek/work/install/dwb_core/share/dwb_core/local_setup.sh
[51.422s] -- Installing: /home/derek/work/install/dwb_core/share/dwb_core/local_setup.zsh
[51.422s] -- Installing: /home/derek/work/install/dwb_core/share/dwb_core/local_setup.dsv
[51.423s] -- Installing: /home/derek/work/install/dwb_core/share/dwb_core/package.dsv
[51.423s] -- Installing: /home/derek/work/install/dwb_core/share/ament_index/resource_index/packages/dwb_core
[51.423s] -- Installing: /home/derek/work/install/dwb_core/share/ament_index/resource_index/nav2_core__pluginlib__plugin/dwb_core
[51.423s] -- Installing: /home/derek/work/install/dwb_core/share/dwb_core/cmake/ament_cmake_export_include_directories-extras.cmake
[51.423s] -- Installing: /home/derek/work/install/dwb_core/share/dwb_core/cmake/ament_cmake_export_libraries-extras.cmake
[51.423s] -- Installing: /home/derek/work/install/dwb_core/share/dwb_core/cmake/ament_cmake_export_dependencies-extras.cmake
[51.423s] -- Installing: /home/derek/work/install/dwb_core/share/dwb_core/cmake/dwb_coreConfig.cmake
[51.423s] -- Installing: /home/derek/work/install/dwb_core/share/dwb_core/cmake/dwb_coreConfig-version.cmake
[51.423s] -- Installing: /home/derek/work/install/dwb_core/share/dwb_core/package.xml
[51.514s] Invoked command in '/home/derek/work/build/dwb_core' returned '0': AMENT_PREFIX_PATH=/home/derek/work/install/nav2_core:/home/derek/work/install/nav2_costmap_2d:/home/derek/work/install/nav_2d_utils:/home/derek/work/install/nav2_util:/home/derek/work/install/nav2_voxel_grid:/home/derek/work/install/nav2_msgs:/home/derek/work/install/dwb_msgs:/home/derek/work/install/nav_2d_msgs:/home/derek/work/install/nav2_common:${AMENT_PREFIX_PATH} CMAKE_PREFIX_PATH=/home/derek/work/install/nav2_core:/home/derek/work/install/nav2_costmap_2d:/home/derek/work/install/nav_2d_utils:/home/derek/work/install/nav2_util:/home/derek/work/install/nav2_voxel_grid:/home/derek/work/install/nav2_msgs:/home/derek/work/install/dwb_msgs:/home/derek/work/install/nav_2d_msgs:/home/derek/work/install/nav2_common:/opt/ros/humble LD_LIBRARY_PATH=/home/derek/work/install/nav2_costmap_2d/lib:/home/derek/work/install/nav_2d_utils/lib:/home/derek/work/install/nav2_util/lib:/home/derek/work/install/nav2_voxel_grid/lib:/home/derek/work/install/nav2_msgs/lib:/home/derek/work/install/dwb_msgs/lib:/home/derek/work/install/nav_2d_msgs/lib:/usr/lib/x86_64-linux-gnu/gazebo-11/plugins:/opt/ros/humble/opt/rviz_ogre_vendor/lib:/opt/ros/humble/lib/x86_64-linux-gnu:/opt/ros/humble/lib:/usr/local/nvidia/lib:/usr/local/nvidia/lib64:/usr/share/gazebo/../../lib/x86_64-linux-gnu/gazebo-11/plugins PYTHONPATH=/home/derek/work/install/nav2_msgs/local/lib/python3.10/dist-packages:/home/derek/work/install/dwb_msgs/local/lib/python3.10/dist-packages:/home/derek/work/install/nav_2d_msgs/local/lib/python3.10/dist-packages:/home/derek/work/install/nav2_common/local/lib/python3.10/dist-packages:${PYTHONPATH} /usr/bin/cmake --install /home/derek/work/build/dwb_core
