[0.085s] Invoking command in '/home/derek/work/build/nav2_collision_monitor': AMENT_PREFIX_PATH=/home/derek/work/install/nav2_costmap_2d:/home/derek/work/install/nav2_util:/home/derek/work/install/nav2_voxel_grid:/home/derek/work/install/nav2_msgs:/home/derek/work/install/nav2_common:${AMENT_PREFIX_PATH} CMAKE_PREFIX_PATH=/home/derek/work/install/nav2_costmap_2d:/home/derek/work/install/nav2_util:/home/derek/work/install/nav2_voxel_grid:/home/derek/work/install/nav2_msgs:/home/derek/work/install/nav2_common:/opt/ros/humble LD_LIBRARY_PATH=/home/derek/work/install/nav2_costmap_2d/lib:/home/derek/work/install/nav2_util/lib:/home/derek/work/install/nav2_voxel_grid/lib:/home/derek/work/install/nav2_msgs/lib:/usr/lib/x86_64-linux-gnu/gazebo-11/plugins:/opt/ros/humble/opt/rviz_ogre_vendor/lib:/opt/ros/humble/lib/x86_64-linux-gnu:/opt/ros/humble/lib:/usr/local/nvidia/lib:/usr/local/nvidia/lib64:/usr/share/gazebo/../../lib/x86_64-linux-gnu/gazebo-11/plugins PYTHONPATH=/home/derek/work/install/nav2_msgs/local/lib/python3.10/dist-packages:/home/derek/work/install/nav2_common/local/lib/python3.10/dist-packages:${PYTHONPATH} /usr/bin/cmake /home/derek/work/src/navigation2/nav2_collision_monitor -DCMAKE_INSTALL_PREFIX=/home/derek/work/install/nav2_collision_monitor
[0.140s] -- The C compiler identification is GNU 11.4.0
[0.196s] -- The CXX compiler identification is GNU 11.4.0
[0.202s] -- Detecting C compiler ABI info
[0.269s] -- Detecting C compiler ABI info - done
[0.280s] -- Check for working C compiler: /usr/bin/cc - skipped
[0.280s] -- Detecting C compile features
[0.281s] -- Detecting C compile features - done
[0.283s] -- Detecting CXX compiler ABI info
[0.345s] -- Detecting CXX compiler ABI info - done
[0.352s] -- Check for working CXX compiler: /usr/bin/c++ - skipped
[0.352s] -- Detecting CXX compile features
[0.352s] -- Detecting CXX compile features - done
[0.354s] -- Found ament_cmake: 1.3.7 (/opt/ros/humble/share/ament_cmake/cmake)
[0.801s] -- Found Python3: /usr/bin/python3.10 (found version "3.10.12") found components: Interpreter 
[0.885s] -- Found rclcpp: 16.0.8 (/opt/ros/humble/share/rclcpp/cmake)
[0.924s] -- Found rosidl_generator_c: 3.1.5 (/opt/ros/humble/share/rosidl_generator_c/cmake)
[0.929s] -- Found rosidl_adapter: 3.1.5 (/opt/ros/humble/share/rosidl_adapter/cmake)
[0.936s] -- Found rosidl_generator_cpp: 3.1.5 (/opt/ros/humble/share/rosidl_generator_cpp/cmake)
[0.948s] -- Using all available rosidl_typesupport_c: rosidl_typesupport_fastrtps_c;rosidl_typesupport_introspection_c
[0.965s] -- Using all available rosidl_typesupport_cpp: rosidl_typesupport_fastrtps_cpp;rosidl_typesupport_introspection_cpp
[1.030s] -- Found rmw_implementation_cmake: 6.1.1 (/opt/ros/humble/share/rmw_implementation_cmake/cmake)
[1.032s] -- Found rmw_fastrtps_cpp: 6.2.6 (/opt/ros/humble/share/rmw_fastrtps_cpp/cmake)
[1.130s] -- Found OpenSSL: /usr/lib/x86_64-linux-gnu/libcrypto.so (found version "3.0.2")  
[1.164s] -- Found FastRTPS: /opt/ros/humble/include  
[1.221s] -- Using RMW implementation 'rmw_fastrtps_cpp' as default
[1.230s] -- Looking for pthread.h
[1.305s] -- Looking for pthread.h - found
[1.305s] -- Performing Test CMAKE_HAVE_LIBC_PTHREAD
[1.374s] -- Performing Test CMAKE_HAVE_LIBC_PTHREAD - Success
[1.376s] -- Found Threads: TRUE  
[1.517s] -- Found rclcpp_components: 16.0.8 (/opt/ros/humble/share/rclcpp_components/cmake)
[1.578s] -- Found sensor_msgs: 4.2.3 (/opt/ros/humble/share/sensor_msgs/cmake)
[1.689s] -- Found tf2: 0.25.5 (/opt/ros/humble/share/tf2/cmake)
[1.696s] -- Found tf2_ros: 0.25.5 (/opt/ros/humble/share/tf2_ros/cmake)
[1.921s] -- Found tf2_geometry_msgs: 0.25.5 (/opt/ros/humble/share/tf2_geometry_msgs/cmake)
[1.936s] -- Found eigen3_cmake_module: 0.1.1 (/opt/ros/humble/share/eigen3_cmake_module/cmake)
[1.937s] -- Found Eigen3: TRUE (found version "3.4.0") 
[1.937s] -- Ensuring Eigen3 include directory is part of orocos-kdl CMake target
[1.945s] -- Found nav2_common: 1.1.13 (/home/derek/work/install/nav2_common/share/nav2_common/cmake)
[1.945s] -- Found nav2_util: 1.1.13 (/home/derek/work/install/nav2_util/share/nav2_util/cmake)
[2.416s] -- Found nav2_costmap_2d: 1.1.13 (/home/derek/work/install/nav2_costmap_2d/share/nav2_costmap_2d/cmake)
[3.315s] -- Setting build type to Release as none was specified.
[8.384s] -- Found ament_lint_auto: 0.12.10 (/opt/ros/humble/share/ament_lint_auto/cmake)
[8.473s] -- Found gtest sources under '/opt/ros/humble/src/gtest_vendor': C++ tests using 'Google Test' will be built
[19.709s] -- Added test 'cppcheck' to perform static code analysis on C / C++ code
[19.710s] -- Configured cppcheck include dirs: /home/derek/work/src/navigation2/nav2_collision_monitor/include
[19.710s] -- Configured cppcheck exclude dirs and/or files: 
[19.711s] -- Added test 'flake8' to check Python code syntax and style conventions
[19.712s] -- Added test 'lint_cmake' to check CMake code style
[19.713s] -- Added test 'pep257' to check Python code against some of the docstring style conventions in PEP 257
[19.715s] -- Added test 'uncrustify' to check C / C++ code style
[19.715s] -- Configured uncrustify additional arguments: 
[19.715s] -- Added test 'xmllint' to check XML markup files
[19.718s] -- Configuring done
[20.046s] -- Generating done
[20.049s] -- Build files have been written to: /home/derek/work/build/nav2_collision_monitor
[20.089s] Invoked command in '/home/derek/work/build/nav2_collision_monitor' returned '0': AMENT_PREFIX_PATH=/home/derek/work/install/nav2_costmap_2d:/home/derek/work/install/nav2_util:/home/derek/work/install/nav2_voxel_grid:/home/derek/work/install/nav2_msgs:/home/derek/work/install/nav2_common:${AMENT_PREFIX_PATH} CMAKE_PREFIX_PATH=/home/derek/work/install/nav2_costmap_2d:/home/derek/work/install/nav2_util:/home/derek/work/install/nav2_voxel_grid:/home/derek/work/install/nav2_msgs:/home/derek/work/install/nav2_common:/opt/ros/humble LD_LIBRARY_PATH=/home/derek/work/install/nav2_costmap_2d/lib:/home/derek/work/install/nav2_util/lib:/home/derek/work/install/nav2_voxel_grid/lib:/home/derek/work/install/nav2_msgs/lib:/usr/lib/x86_64-linux-gnu/gazebo-11/plugins:/opt/ros/humble/opt/rviz_ogre_vendor/lib:/opt/ros/humble/lib/x86_64-linux-gnu:/opt/ros/humble/lib:/usr/local/nvidia/lib:/usr/local/nvidia/lib64:/usr/share/gazebo/../../lib/x86_64-linux-gnu/gazebo-11/plugins PYTHONPATH=/home/derek/work/install/nav2_msgs/local/lib/python3.10/dist-packages:/home/derek/work/install/nav2_common/local/lib/python3.10/dist-packages:${PYTHONPATH} /usr/bin/cmake /home/derek/work/src/navigation2/nav2_collision_monitor -DCMAKE_INSTALL_PREFIX=/home/derek/work/install/nav2_collision_monitor
[20.090s] Invoking command in '/home/derek/work/build/nav2_collision_monitor': AMENT_PREFIX_PATH=/home/derek/work/install/nav2_costmap_2d:/home/derek/work/install/nav2_util:/home/derek/work/install/nav2_voxel_grid:/home/derek/work/install/nav2_msgs:/home/derek/work/install/nav2_common:${AMENT_PREFIX_PATH} CMAKE_PREFIX_PATH=/home/derek/work/install/nav2_costmap_2d:/home/derek/work/install/nav2_util:/home/derek/work/install/nav2_voxel_grid:/home/derek/work/install/nav2_msgs:/home/derek/work/install/nav2_common:/opt/ros/humble LD_LIBRARY_PATH=/home/derek/work/install/nav2_costmap_2d/lib:/home/derek/work/install/nav2_util/lib:/home/derek/work/install/nav2_voxel_grid/lib:/home/derek/work/install/nav2_msgs/lib:/usr/lib/x86_64-linux-gnu/gazebo-11/plugins:/opt/ros/humble/opt/rviz_ogre_vendor/lib:/opt/ros/humble/lib/x86_64-linux-gnu:/opt/ros/humble/lib:/usr/local/nvidia/lib:/usr/local/nvidia/lib64:/usr/share/gazebo/../../lib/x86_64-linux-gnu/gazebo-11/plugins PYTHONPATH=/home/derek/work/install/nav2_msgs/local/lib/python3.10/dist-packages:/home/derek/work/install/nav2_common/local/lib/python3.10/dist-packages:${PYTHONPATH} /usr/bin/cmake --build /home/derek/work/build/nav2_collision_monitor -- -j16 -l16
[23.900s] [  4%] [32mBuilding CXX object CMakeFiles/collision_monitor_core.dir/src/collision_monitor_node.cpp.o[0m
[23.900s] [  8%] [32mBuilding CXX object gtest/CMakeFiles/gtest_main.dir/src/gtest_main.cc.o[0m
[23.900s] [ 13%] [32mBuilding CXX object CMakeFiles/collision_monitor_core.dir/src/polygon.cpp.o[0m
[23.900s] [ 21%] [32mBuilding CXX object gtest/CMakeFiles/gtest.dir/src/gtest-all.cc.o[0m
[23.900s] [ 21%] [32mBuilding CXX object CMakeFiles/collision_monitor_core.dir/src/circle.cpp.o[0m
[23.900s] [ 26%] [32mBuilding CXX object CMakeFiles/collision_monitor_core.dir/src/source.cpp.o[0m
[23.900s] [ 30%] [32mBuilding CXX object CMakeFiles/collision_monitor_core.dir/src/scan.cpp.o[0m
[23.900s] [ 34%] [32mBuilding CXX object CMakeFiles/collision_monitor_core.dir/src/pointcloud.cpp.o[0m
[23.900s] [ 39%] [32mBuilding CXX object CMakeFiles/collision_monitor_core.dir/src/range.cpp.o[0m
[23.900s] [ 43%] [32mBuilding CXX object CMakeFiles/collision_monitor_core.dir/src/kinematics.cpp.o[0m
[23.901s] [ 47%] [32m[1mLinking CXX static library libgtest_main.a[0m
[23.901s] [ 47%] Built target gtest_main
[35.578s] [ 52%] [32m[1mLinking CXX static library libgtest.a[0m
[35.727s] [ 52%] Built target gtest
[42.343s] [ 56%] [32m[1mLinking CXX shared library libcollision_monitor_core.so[0m
[42.918s] [ 56%] Built target collision_monitor_core
[42.944s] [ 60%] [32mBuilding CXX object CMakeFiles/collision_monitor.dir/src/main.cpp.o[0m
[47.380s] [ 65%] [32m[1mLinking CXX executable collision_monitor[0m
[47.644s] [ 65%] Built target collision_monitor
[47.664s] [ 69%] [32mBuilding CXX object test/CMakeFiles/collision_monitor_node_test.dir/collision_monitor_node_test.cpp.o[0m
[64.577s] [ 73%] [32m[1mLinking CXX executable collision_monitor_node_test[0m
[65.080s] [ 73%] Built target collision_monitor_node_test
[65.097s] [ 78%] [32mBuilding CXX object test/CMakeFiles/polygons_test.dir/polygons_test.cpp.o[0m
[78.368s] [ 82%] [32m[1mLinking CXX executable polygons_test[0m
[78.976s] [ 82%] Built target polygons_test
[79.003s] [ 86%] [32mBuilding CXX object test/CMakeFiles/sources_test.dir/sources_test.cpp.o[0m
[88.177s] [ 91%] [32m[1mLinking CXX executable sources_test[0m
[88.559s] [ 91%] Built target sources_test
[88.579s] [ 95%] [32mBuilding CXX object test/CMakeFiles/kinematics_test.dir/kinematics_test.cpp.o[0m
[91.712s] [100%] [32m[1mLinking CXX executable kinematics_test[0m
[92.084s] [100%] Built target kinematics_test
[92.095s] Invoked command in '/home/derek/work/build/nav2_collision_monitor' returned '0': AMENT_PREFIX_PATH=/home/derek/work/install/nav2_costmap_2d:/home/derek/work/install/nav2_util:/home/derek/work/install/nav2_voxel_grid:/home/derek/work/install/nav2_msgs:/home/derek/work/install/nav2_common:${AMENT_PREFIX_PATH} CMAKE_PREFIX_PATH=/home/derek/work/install/nav2_costmap_2d:/home/derek/work/install/nav2_util:/home/derek/work/install/nav2_voxel_grid:/home/derek/work/install/nav2_msgs:/home/derek/work/install/nav2_common:/opt/ros/humble LD_LIBRARY_PATH=/home/derek/work/install/nav2_costmap_2d/lib:/home/derek/work/install/nav2_util/lib:/home/derek/work/install/nav2_voxel_grid/lib:/home/derek/work/install/nav2_msgs/lib:/usr/lib/x86_64-linux-gnu/gazebo-11/plugins:/opt/ros/humble/opt/rviz_ogre_vendor/lib:/opt/ros/humble/lib/x86_64-linux-gnu:/opt/ros/humble/lib:/usr/local/nvidia/lib:/usr/local/nvidia/lib64:/usr/share/gazebo/../../lib/x86_64-linux-gnu/gazebo-11/plugins PYTHONPATH=/home/derek/work/install/nav2_msgs/local/lib/python3.10/dist-packages:/home/derek/work/install/nav2_common/local/lib/python3.10/dist-packages:${PYTHONPATH} /usr/bin/cmake --build /home/derek/work/build/nav2_collision_monitor -- -j16 -l16
[92.146s] Invoking command in '/home/derek/work/build/nav2_collision_monitor': AMENT_PREFIX_PATH=/home/derek/work/install/nav2_costmap_2d:/home/derek/work/install/nav2_util:/home/derek/work/install/nav2_voxel_grid:/home/derek/work/install/nav2_msgs:/home/derek/work/install/nav2_common:${AMENT_PREFIX_PATH} CMAKE_PREFIX_PATH=/home/derek/work/install/nav2_costmap_2d:/home/derek/work/install/nav2_util:/home/derek/work/install/nav2_voxel_grid:/home/derek/work/install/nav2_msgs:/home/derek/work/install/nav2_common:/opt/ros/humble LD_LIBRARY_PATH=/home/derek/work/install/nav2_costmap_2d/lib:/home/derek/work/install/nav2_util/lib:/home/derek/work/install/nav2_voxel_grid/lib:/home/derek/work/install/nav2_msgs/lib:/usr/lib/x86_64-linux-gnu/gazebo-11/plugins:/opt/ros/humble/opt/rviz_ogre_vendor/lib:/opt/ros/humble/lib/x86_64-linux-gnu:/opt/ros/humble/lib:/usr/local/nvidia/lib:/usr/local/nvidia/lib64:/usr/share/gazebo/../../lib/x86_64-linux-gnu/gazebo-11/plugins PYTHONPATH=/home/derek/work/install/nav2_msgs/local/lib/python3.10/dist-packages:/home/derek/work/install/nav2_common/local/lib/python3.10/dist-packages:${PYTHONPATH} /usr/bin/cmake --install /home/derek/work/build/nav2_collision_monitor
[92.155s] -- Install configuration: "Release"
[92.155s] -- Installing: /home/derek/work/install/nav2_collision_monitor/lib/libcollision_monitor_core.so
[92.158s] -- Set runtime path of "/home/derek/work/install/nav2_collision_monitor/lib/libcollision_monitor_core.so" to ""
[92.159s] -- Installing: /home/derek/work/install/nav2_collision_monitor/lib/nav2_collision_monitor/collision_monitor
[92.159s] -- Set runtime path of "/home/derek/work/install/nav2_collision_monitor/lib/nav2_collision_monitor/collision_monitor" to ""
[92.159s] -- Installing: /home/derek/work/install/nav2_collision_monitor/include/
[92.159s] -- Installing: /home/derek/work/install/nav2_collision_monitor/include//nav2_collision_monitor
[92.159s] -- Installing: /home/derek/work/install/nav2_collision_monitor/include//nav2_collision_monitor/circle.hpp
[92.159s] -- Installing: /home/derek/work/install/nav2_collision_monitor/include//nav2_collision_monitor/polygon.hpp
[92.159s] -- Installing: /home/derek/work/install/nav2_collision_monitor/include//nav2_collision_monitor/pointcloud.hpp
[92.159s] -- Installing: /home/derek/work/install/nav2_collision_monitor/include//nav2_collision_monitor/types.hpp
[92.160s] -- Installing: /home/derek/work/install/nav2_collision_monitor/include//nav2_collision_monitor/range.hpp
[92.160s] -- Installing: /home/derek/work/install/nav2_collision_monitor/include//nav2_collision_monitor/scan.hpp
[92.160s] -- Installing: /home/derek/work/install/nav2_collision_monitor/include//nav2_collision_monitor/collision_monitor_node.hpp
[92.160s] -- Installing: /home/derek/work/install/nav2_collision_monitor/include//nav2_collision_monitor/source.hpp
[92.160s] -- Installing: /home/derek/work/install/nav2_collision_monitor/include//nav2_collision_monitor/kinematics.hpp
[92.160s] -- Installing: /home/derek/work/install/nav2_collision_monitor/share/nav2_collision_monitor/launch
[92.160s] -- Installing: /home/derek/work/install/nav2_collision_monitor/share/nav2_collision_monitor/launch/collision_monitor_node.launch.py
[92.160s] -- Installing: /home/derek/work/install/nav2_collision_monitor/share/nav2_collision_monitor/params
[92.161s] -- Installing: /home/derek/work/install/nav2_collision_monitor/share/nav2_collision_monitor/params/collision_monitor_params.yaml
[92.161s] -- Installing: /home/derek/work/install/nav2_collision_monitor/share/nav2_collision_monitor/environment/library_path.sh
[92.161s] -- Installing: /home/derek/work/install/nav2_collision_monitor/share/nav2_collision_monitor/environment/library_path.dsv
[92.161s] -- Installing: /home/derek/work/install/nav2_collision_monitor/share/ament_index/resource_index/package_run_dependencies/nav2_collision_monitor
[92.161s] -- Installing: /home/derek/work/install/nav2_collision_monitor/share/ament_index/resource_index/parent_prefix_path/nav2_collision_monitor
[92.161s] -- Installing: /home/derek/work/install/nav2_collision_monitor/share/nav2_collision_monitor/environment/ament_prefix_path.sh
[92.162s] -- Installing: /home/derek/work/install/nav2_collision_monitor/share/nav2_collision_monitor/environment/ament_prefix_path.dsv
[92.162s] -- Installing: /home/derek/work/install/nav2_collision_monitor/share/nav2_collision_monitor/environment/path.sh
[92.162s] -- Installing: /home/derek/work/install/nav2_collision_monitor/share/nav2_collision_monitor/environment/path.dsv
[92.162s] -- Installing: /home/derek/work/install/nav2_collision_monitor/share/nav2_collision_monitor/local_setup.bash
[92.162s] -- Installing: /home/derek/work/install/nav2_collision_monitor/share/nav2_collision_monitor/local_setup.sh
[92.162s] -- Installing: /home/derek/work/install/nav2_collision_monitor/share/nav2_collision_monitor/local_setup.zsh
[92.162s] -- Installing: /home/derek/work/install/nav2_collision_monitor/share/nav2_collision_monitor/local_setup.dsv
[92.163s] -- Installing: /home/derek/work/install/nav2_collision_monitor/share/nav2_collision_monitor/package.dsv
[92.163s] -- Installing: /home/derek/work/install/nav2_collision_monitor/share/ament_index/resource_index/packages/nav2_collision_monitor
[92.163s] -- Installing: /home/derek/work/install/nav2_collision_monitor/share/ament_index/resource_index/rclcpp_components/nav2_collision_monitor
[92.163s] -- Installing: /home/derek/work/install/nav2_collision_monitor/share/nav2_collision_monitor/cmake/ament_cmake_export_include_directories-extras.cmake
[92.163s] -- Installing: /home/derek/work/install/nav2_collision_monitor/share/nav2_collision_monitor/cmake/ament_cmake_export_libraries-extras.cmake
[92.164s] -- Installing: /home/derek/work/install/nav2_collision_monitor/share/nav2_collision_monitor/cmake/ament_cmake_export_dependencies-extras.cmake
[92.164s] -- Installing: /home/derek/work/install/nav2_collision_monitor/share/nav2_collision_monitor/cmake/nav2_collision_monitorConfig.cmake
[92.164s] -- Installing: /home/derek/work/install/nav2_collision_monitor/share/nav2_collision_monitor/cmake/nav2_collision_monitorConfig-version.cmake
[92.164s] -- Installing: /home/derek/work/install/nav2_collision_monitor/share/nav2_collision_monitor/package.xml
[92.175s] Invoked command in '/home/derek/work/build/nav2_collision_monitor' returned '0': AMENT_PREFIX_PATH=/home/derek/work/install/nav2_costmap_2d:/home/derek/work/install/nav2_util:/home/derek/work/install/nav2_voxel_grid:/home/derek/work/install/nav2_msgs:/home/derek/work/install/nav2_common:${AMENT_PREFIX_PATH} CMAKE_PREFIX_PATH=/home/derek/work/install/nav2_costmap_2d:/home/derek/work/install/nav2_util:/home/derek/work/install/nav2_voxel_grid:/home/derek/work/install/nav2_msgs:/home/derek/work/install/nav2_common:/opt/ros/humble LD_LIBRARY_PATH=/home/derek/work/install/nav2_costmap_2d/lib:/home/derek/work/install/nav2_util/lib:/home/derek/work/install/nav2_voxel_grid/lib:/home/derek/work/install/nav2_msgs/lib:/usr/lib/x86_64-linux-gnu/gazebo-11/plugins:/opt/ros/humble/opt/rviz_ogre_vendor/lib:/opt/ros/humble/lib/x86_64-linux-gnu:/opt/ros/humble/lib:/usr/local/nvidia/lib:/usr/local/nvidia/lib64:/usr/share/gazebo/../../lib/x86_64-linux-gnu/gazebo-11/plugins PYTHONPATH=/home/derek/work/install/nav2_msgs/local/lib/python3.10/dist-packages:/home/derek/work/install/nav2_common/local/lib/python3.10/dist-packages:${PYTHONPATH} /usr/bin/cmake --install /home/derek/work/build/nav2_collision_monitor
