running egg_info
creating ../../../build/turtlebot3_example/turtlebot3_example.egg-info
writing manifest file '../../../build/turtlebot3_example/turtlebot3_example.egg-info/SOURCES.txt'
writing manifest file '../../../build/turtlebot3_example/turtlebot3_example.egg-info/SOURCES.txt'
running build
running build_py
creating /home/derek/work/build/turtlebot3_example/build
creating /home/derek/work/build/turtlebot3_example/build/lib
creating /home/derek/work/build/turtlebot3_example/build/lib/turtlebot3_example
copying turtlebot3_example/__init__.py -> /home/derek/work/build/turtlebot3_example/build/lib/turtlebot3_example
creating /home/derek/work/build/turtlebot3_example/build/lib/turtlebot3_example/turtlebot3_patrol_server
copying turtlebot3_example/turtlebot3_patrol_server/turtlebot3_path.py -> /home/derek/work/build/turtlebot3_example/build/lib/turtlebot3_example/turtlebot3_patrol_server
copying turtlebot3_example/turtlebot3_patrol_server/main.py -> /home/derek/work/build/turtlebot3_example/build/lib/turtlebot3_example/turtlebot3_patrol_server
copying turtlebot3_example/turtlebot3_patrol_server/__init__.py -> /home/derek/work/build/turtlebot3_example/build/lib/turtlebot3_example/turtlebot3_patrol_server
copying turtlebot3_example/turtlebot3_patrol_server/turtlebot3_patrol_server.py -> /home/derek/work/build/turtlebot3_example/build/lib/turtlebot3_example/turtlebot3_patrol_server
creating /home/derek/work/build/turtlebot3_example/build/lib/turtlebot3_example/turtlebot3_position_control
copying turtlebot3_example/turtlebot3_position_control/turtlebot3_path.py -> /home/derek/work/build/turtlebot3_example/build/lib/turtlebot3_example/turtlebot3_position_control
copying turtlebot3_example/turtlebot3_position_control/main.py -> /home/derek/work/build/turtlebot3_example/build/lib/turtlebot3_example/turtlebot3_position_control
copying turtlebot3_example/turtlebot3_position_control/__init__.py -> /home/derek/work/build/turtlebot3_example/build/lib/turtlebot3_example/turtlebot3_position_control
copying turtlebot3_example/turtlebot3_position_control/turtlebot3_position_control.py -> /home/derek/work/build/turtlebot3_example/build/lib/turtlebot3_example/turtlebot3_position_control
creating /home/derek/work/build/turtlebot3_example/build/lib/turtlebot3_example/turtlebot3_obstacle_detection
copying turtlebot3_example/turtlebot3_obstacle_detection/main.py -> /home/derek/work/build/turtlebot3_example/build/lib/turtlebot3_example/turtlebot3_obstacle_detection
copying turtlebot3_example/turtlebot3_obstacle_detection/turtlebot3_obstacle_detection.py -> /home/derek/work/build/turtlebot3_example/build/lib/turtlebot3_example/turtlebot3_obstacle_detection
copying turtlebot3_example/turtlebot3_obstacle_detection/__init__.py -> /home/derek/work/build/turtlebot3_example/build/lib/turtlebot3_example/turtlebot3_obstacle_detection
creating /home/derek/work/build/turtlebot3_example/build/lib/turtlebot3_example/turtlebot3_patrol_client
copying turtlebot3_example/turtlebot3_patrol_client/main.py -> /home/derek/work/build/turtlebot3_example/build/lib/turtlebot3_example/turtlebot3_patrol_client
copying turtlebot3_example/turtlebot3_patrol_client/__init__.py -> /home/derek/work/build/turtlebot3_example/build/lib/turtlebot3_example/turtlebot3_patrol_client
copying turtlebot3_example/turtlebot3_patrol_client/turtlebot3_patrol_client.py -> /home/derek/work/build/turtlebot3_example/build/lib/turtlebot3_example/turtlebot3_patrol_client
running install
running install_lib
creating /home/derek/work/install/turtlebot3_example/lib/python3.10/site-packages/turtlebot3_example
creating /home/derek/work/install/turtlebot3_example/lib/python3.10/site-packages/turtlebot3_example/turtlebot3_patrol_server
copying /home/derek/work/build/turtlebot3_example/build/lib/turtlebot3_example/turtlebot3_patrol_server/turtlebot3_path.py -> /home/derek/work/install/turtlebot3_example/lib/python3.10/site-packages/turtlebot3_example/turtlebot3_patrol_server
copying /home/derek/work/build/turtlebot3_example/build/lib/turtlebot3_example/turtlebot3_patrol_server/main.py -> /home/derek/work/install/turtlebot3_example/lib/python3.10/site-packages/turtlebot3_example/turtlebot3_patrol_server
copying /home/derek/work/build/turtlebot3_example/build/lib/turtlebot3_example/turtlebot3_patrol_server/__init__.py -> /home/derek/work/install/turtlebot3_example/lib/python3.10/site-packages/turtlebot3_example/turtlebot3_patrol_server
copying /home/derek/work/build/turtlebot3_example/build/lib/turtlebot3_example/turtlebot3_patrol_server/turtlebot3_patrol_server.py -> /home/derek/work/install/turtlebot3_example/lib/python3.10/site-packages/turtlebot3_example/turtlebot3_patrol_server
creating /home/derek/work/install/turtlebot3_example/lib/python3.10/site-packages/turtlebot3_example/turtlebot3_position_control
copying /home/derek/work/build/turtlebot3_example/build/lib/turtlebot3_example/turtlebot3_position_control/turtlebot3_path.py -> /home/derek/work/install/turtlebot3_example/lib/python3.10/site-packages/turtlebot3_example/turtlebot3_position_control
copying /home/derek/work/build/turtlebot3_example/build/lib/turtlebot3_example/turtlebot3_position_control/main.py -> /home/derek/work/install/turtlebot3_example/lib/python3.10/site-packages/turtlebot3_example/turtlebot3_position_control
copying /home/derek/work/build/turtlebot3_example/build/lib/turtlebot3_example/turtlebot3_position_control/__init__.py -> /home/derek/work/install/turtlebot3_example/lib/python3.10/site-packages/turtlebot3_example/turtlebot3_position_control
copying /home/derek/work/build/turtlebot3_example/build/lib/turtlebot3_example/turtlebot3_position_control/turtlebot3_position_control.py -> /home/derek/work/install/turtlebot3_example/lib/python3.10/site-packages/turtlebot3_example/turtlebot3_position_control
creating /home/derek/work/install/turtlebot3_example/lib/python3.10/site-packages/turtlebot3_example/turtlebot3_obstacle_detection
copying /home/derek/work/build/turtlebot3_example/build/lib/turtlebot3_example/turtlebot3_obstacle_detection/main.py -> /home/derek/work/install/turtlebot3_example/lib/python3.10/site-packages/turtlebot3_example/turtlebot3_obstacle_detection
copying /home/derek/work/build/turtlebot3_example/build/lib/turtlebot3_example/turtlebot3_obstacle_detection/turtlebot3_obstacle_detection.py -> /home/derek/work/install/turtlebot3_example/lib/python3.10/site-packages/turtlebot3_example/turtlebot3_obstacle_detection
copying /home/derek/work/build/turtlebot3_example/build/lib/turtlebot3_example/turtlebot3_obstacle_detection/__init__.py -> /home/derek/work/install/turtlebot3_example/lib/python3.10/site-packages/turtlebot3_example/turtlebot3_obstacle_detection
copying /home/derek/work/build/turtlebot3_example/build/lib/turtlebot3_example/__init__.py -> /home/derek/work/install/turtlebot3_example/lib/python3.10/site-packages/turtlebot3_example
creating /home/derek/work/install/turtlebot3_example/lib/python3.10/site-packages/turtlebot3_example/turtlebot3_patrol_client
copying /home/derek/work/build/turtlebot3_example/build/lib/turtlebot3_example/turtlebot3_patrol_client/main.py -> /home/derek/work/install/turtlebot3_example/lib/python3.10/site-packages/turtlebot3_example/turtlebot3_patrol_client
copying /home/derek/work/build/turtlebot3_example/build/lib/turtlebot3_example/turtlebot3_patrol_client/__init__.py -> /home/derek/work/install/turtlebot3_example/lib/python3.10/site-packages/turtlebot3_example/turtlebot3_patrol_client
copying /home/derek/work/build/turtlebot3_example/build/lib/turtlebot3_example/turtlebot3_patrol_client/turtlebot3_patrol_client.py -> /home/derek/work/install/turtlebot3_example/lib/python3.10/site-packages/turtlebot3_example/turtlebot3_patrol_client
byte-compiling /home/derek/work/install/turtlebot3_example/lib/python3.10/site-packages/turtlebot3_example/turtlebot3_patrol_server/turtlebot3_path.py to turtlebot3_path.cpython-310.pyc
byte-compiling /home/derek/work/install/turtlebot3_example/lib/python3.10/site-packages/turtlebot3_example/turtlebot3_patrol_server/main.py to main.cpython-310.pyc
byte-compiling /home/derek/work/install/turtlebot3_example/lib/python3.10/site-packages/turtlebot3_example/turtlebot3_patrol_server/__init__.py to __init__.cpython-310.pyc
byte-compiling /home/derek/work/install/turtlebot3_example/lib/python3.10/site-packages/turtlebot3_example/turtlebot3_patrol_server/turtlebot3_patrol_server.py to turtlebot3_patrol_server.cpython-310.pyc
byte-compiling /home/derek/work/install/turtlebot3_example/lib/python3.10/site-packages/turtlebot3_example/turtlebot3_position_control/turtlebot3_path.py to turtlebot3_path.cpython-310.pyc
byte-compiling /home/derek/work/install/turtlebot3_example/lib/python3.10/site-packages/turtlebot3_example/turtlebot3_position_control/main.py to main.cpython-310.pyc
byte-compiling /home/derek/work/install/turtlebot3_example/lib/python3.10/site-packages/turtlebot3_example/turtlebot3_position_control/__init__.py to __init__.cpython-310.pyc
byte-compiling /home/derek/work/install/turtlebot3_example/lib/python3.10/site-packages/turtlebot3_example/turtlebot3_position_control/turtlebot3_position_control.py to turtlebot3_position_control.cpython-310.pyc
byte-compiling /home/derek/work/install/turtlebot3_example/lib/python3.10/site-packages/turtlebot3_example/turtlebot3_obstacle_detection/main.py to main.cpython-310.pyc
byte-compiling /home/derek/work/install/turtlebot3_example/lib/python3.10/site-packages/turtlebot3_example/turtlebot3_obstacle_detection/turtlebot3_obstacle_detection.py to turtlebot3_obstacle_detection.cpython-310.pyc
byte-compiling /home/derek/work/install/turtlebot3_example/lib/python3.10/site-packages/turtlebot3_example/turtlebot3_obstacle_detection/__init__.py to __init__.cpython-310.pyc
byte-compiling /home/derek/work/install/turtlebot3_example/lib/python3.10/site-packages/turtlebot3_example/__init__.py to __init__.cpython-310.pyc
byte-compiling /home/derek/work/install/turtlebot3_example/lib/python3.10/site-packages/turtlebot3_example/turtlebot3_patrol_client/main.py to main.cpython-310.pyc
byte-compiling /home/derek/work/install/turtlebot3_example/lib/python3.10/site-packages/turtlebot3_example/turtlebot3_patrol_client/__init__.py to __init__.cpython-310.pyc
byte-compiling /home/derek/work/install/turtlebot3_example/lib/python3.10/site-packages/turtlebot3_example/turtlebot3_patrol_client/turtlebot3_patrol_client.py to turtlebot3_patrol_client.cpython-310.pyc
running install_data
creating /home/derek/work/install/turtlebot3_example/share/ament_index
creating /home/derek/work/install/turtlebot3_example/share/ament_index/resource_index
creating /home/derek/work/install/turtlebot3_example/share/ament_index/resource_index/packages
copying resource/turtlebot3_example -> /home/derek/work/install/turtlebot3_example/share/ament_index/resource_index/packages
copying package.xml -> /home/derek/work/install/turtlebot3_example/share/turtlebot3_example
running install_egg_info
Copying ../../../build/turtlebot3_example/turtlebot3_example.egg-info to /home/derek/work/install/turtlebot3_example/lib/python3.10/site-packages/turtlebot3_example-2.1.5-py3.10.egg-info
running install_scripts
writing list of installed files to '/home/derek/work/build/turtlebot3_example/install.log'
