[0.045s] Invoking command in '/home/derek/work/build/nav2_velocity_smoother': AMENT_PREFIX_PATH=/home/derek/work/install/nav2_util:/home/derek/work/install/nav2_msgs:/home/derek/work/install/nav2_common:${AMENT_PREFIX_PATH} CMAKE_PREFIX_PATH=/home/derek/work/install/nav2_util:/home/derek/work/install/nav2_msgs:/home/derek/work/install/nav2_common:/opt/ros/humble LD_LIBRARY_PATH=/home/derek/work/install/nav2_util/lib:/home/derek/work/install/nav2_msgs/lib:/usr/lib/x86_64-linux-gnu/gazebo-11/plugins:/opt/ros/humble/opt/rviz_ogre_vendor/lib:/opt/ros/humble/lib/x86_64-linux-gnu:/opt/ros/humble/lib:/usr/local/nvidia/lib:/usr/local/nvidia/lib64:/usr/share/gazebo/../../lib/x86_64-linux-gnu/gazebo-11/plugins PYTHONPATH=/home/derek/work/install/nav2_msgs/local/lib/python3.10/dist-packages:/home/derek/work/install/nav2_common/local/lib/python3.10/dist-packages:${PYTHONPATH} /usr/bin/cmake /home/derek/work/src/navigation2/nav2_velocity_smoother -DCMAKE_INSTALL_PREFIX=/home/derek/work/install/nav2_velocity_smoother
[0.090s] -- The C compiler identification is GNU 11.4.0
[0.137s] -- The CXX compiler identification is GNU 11.4.0
[0.144s] -- Detecting C compiler ABI info
[0.199s] -- Detecting C compiler ABI info - done
[0.208s] -- Check for working C compiler: /usr/bin/cc - skipped
[0.208s] -- Detecting C compile features
[0.209s] -- Detecting C compile features - done
[0.212s] -- Detecting CXX compiler ABI info
[0.285s] -- Detecting CXX compiler ABI info - done
[0.296s] -- Check for working CXX compiler: /usr/bin/c++ - skipped
[0.296s] -- Detecting CXX compile features
[0.297s] -- Detecting CXX compile features - done
[0.299s] -- Found ament_cmake: 1.3.7 (/opt/ros/humble/share/ament_cmake/cmake)
[0.776s] -- Found Python3: /usr/bin/python3.10 (found version "3.10.12") found components: Interpreter 
[0.854s] -- Found nav2_common: 1.1.13 (/home/derek/work/install/nav2_common/share/nav2_common/cmake)
[0.856s] -- Found rclcpp: 16.0.8 (/opt/ros/humble/share/rclcpp/cmake)
[0.892s] -- Found rosidl_generator_c: 3.1.5 (/opt/ros/humble/share/rosidl_generator_c/cmake)
[0.897s] -- Found rosidl_adapter: 3.1.5 (/opt/ros/humble/share/rosidl_adapter/cmake)
[0.904s] -- Found rosidl_generator_cpp: 3.1.5 (/opt/ros/humble/share/rosidl_generator_cpp/cmake)
[0.916s] -- Using all available rosidl_typesupport_c: rosidl_typesupport_fastrtps_c;rosidl_typesupport_introspection_c
[0.933s] -- Using all available rosidl_typesupport_cpp: rosidl_typesupport_fastrtps_cpp;rosidl_typesupport_introspection_cpp
[0.999s] -- Found rmw_implementation_cmake: 6.1.1 (/opt/ros/humble/share/rmw_implementation_cmake/cmake)
[1.001s] -- Found rmw_fastrtps_cpp: 6.2.6 (/opt/ros/humble/share/rmw_fastrtps_cpp/cmake)
[1.081s] -- Found OpenSSL: /usr/lib/x86_64-linux-gnu/libcrypto.so (found version "3.0.2")  
[1.114s] -- Found FastRTPS: /opt/ros/humble/include  
[1.161s] -- Using RMW implementation 'rmw_fastrtps_cpp' as default
[1.170s] -- Looking for pthread.h
[1.233s] -- Looking for pthread.h - found
[1.233s] -- Performing Test CMAKE_HAVE_LIBC_PTHREAD
[1.290s] -- Performing Test CMAKE_HAVE_LIBC_PTHREAD - Success
[1.291s] -- Found Threads: TRUE  
[1.434s] -- Found rclcpp_components: 16.0.8 (/opt/ros/humble/share/rclcpp_components/cmake)
[1.497s] -- Found geometry_msgs: 4.2.3 (/opt/ros/humble/share/geometry_msgs/cmake)
[1.535s] -- Found nav2_util: 1.1.13 (/home/derek/work/install/nav2_util/share/nav2_util/cmake)
[2.042s] -- Found eigen3_cmake_module: 0.1.1 (/opt/ros/humble/share/eigen3_cmake_module/cmake)
[2.043s] -- Found Eigen3: TRUE (found version "3.4.0") 
[2.043s] -- Ensuring Eigen3 include directory is part of orocos-kdl CMake target
[2.227s] -- Setting build type to Release as none was specified.
[2.848s] -- Found ament_lint_auto: 0.12.10 (/opt/ros/humble/share/ament_lint_auto/cmake)
[2.922s] -- Found gtest sources under '/opt/ros/humble/src/gtest_vendor': C++ tests using 'Google Test' will be built
[3.234s] -- Added test 'cppcheck' to perform static code analysis on C / C++ code
[3.235s] -- Configured cppcheck include dirs: /home/derek/work/src/navigation2/nav2_velocity_smoother/include
[3.235s] -- Configured cppcheck exclude dirs and/or files: 
[3.236s] -- Added test 'cpplint' to check C / C++ code against the Google style
[3.236s] -- Configured cpplint exclude dirs and/or files: 
[3.236s] -- Added test 'lint_cmake' to check CMake code style
[3.237s] -- Added test 'uncrustify' to check C / C++ code style
[3.237s] -- Configured uncrustify additional arguments: 
[3.238s] -- Added test 'xmllint' to check XML markup files
[3.240s] -- Configuring done
[3.318s] -- Generating done
[3.320s] -- Build files have been written to: /home/derek/work/build/nav2_velocity_smoother
[3.328s] Invoked command in '/home/derek/work/build/nav2_velocity_smoother' returned '0': AMENT_PREFIX_PATH=/home/derek/work/install/nav2_util:/home/derek/work/install/nav2_msgs:/home/derek/work/install/nav2_common:${AMENT_PREFIX_PATH} CMAKE_PREFIX_PATH=/home/derek/work/install/nav2_util:/home/derek/work/install/nav2_msgs:/home/derek/work/install/nav2_common:/opt/ros/humble LD_LIBRARY_PATH=/home/derek/work/install/nav2_util/lib:/home/derek/work/install/nav2_msgs/lib:/usr/lib/x86_64-linux-gnu/gazebo-11/plugins:/opt/ros/humble/opt/rviz_ogre_vendor/lib:/opt/ros/humble/lib/x86_64-linux-gnu:/opt/ros/humble/lib:/usr/local/nvidia/lib:/usr/local/nvidia/lib64:/usr/share/gazebo/../../lib/x86_64-linux-gnu/gazebo-11/plugins PYTHONPATH=/home/derek/work/install/nav2_msgs/local/lib/python3.10/dist-packages:/home/derek/work/install/nav2_common/local/lib/python3.10/dist-packages:${PYTHONPATH} /usr/bin/cmake /home/derek/work/src/navigation2/nav2_velocity_smoother -DCMAKE_INSTALL_PREFIX=/home/derek/work/install/nav2_velocity_smoother
[3.329s] Invoking command in '/home/derek/work/build/nav2_velocity_smoother': AMENT_PREFIX_PATH=/home/derek/work/install/nav2_util:/home/derek/work/install/nav2_msgs:/home/derek/work/install/nav2_common:${AMENT_PREFIX_PATH} CMAKE_PREFIX_PATH=/home/derek/work/install/nav2_util:/home/derek/work/install/nav2_msgs:/home/derek/work/install/nav2_common:/opt/ros/humble LD_LIBRARY_PATH=/home/derek/work/install/nav2_util/lib:/home/derek/work/install/nav2_msgs/lib:/usr/lib/x86_64-linux-gnu/gazebo-11/plugins:/opt/ros/humble/opt/rviz_ogre_vendor/lib:/opt/ros/humble/lib/x86_64-linux-gnu:/opt/ros/humble/lib:/usr/local/nvidia/lib:/usr/local/nvidia/lib64:/usr/share/gazebo/../../lib/x86_64-linux-gnu/gazebo-11/plugins PYTHONPATH=/home/derek/work/install/nav2_msgs/local/lib/python3.10/dist-packages:/home/derek/work/install/nav2_common/local/lib/python3.10/dist-packages:${PYTHONPATH} /usr/bin/cmake --build /home/derek/work/build/nav2_velocity_smoother -- -j16 -l16
[3.368s] [ 10%] [32mBuilding CXX object gtest/CMakeFiles/gtest_main.dir/src/gtest_main.cc.o[0m
[3.375s] [ 20%] [32mBuilding CXX object gtest/CMakeFiles/gtest.dir/src/gtest-all.cc.o[0m
[3.377s] [ 30%] [32mBuilding CXX object CMakeFiles/velocity_smoother_core.dir/src/velocity_smoother.cpp.o[0m
[4.053s] [ 40%] [32m[1mLinking CXX static library libgtest_main.a[0m
[4.086s] [ 40%] Built target gtest_main
[10.724s] [ 50%] [32m[1mLinking CXX static library libgtest.a[0m
[10.764s] [ 50%] Built target gtest
[16.194s] [ 60%] [32m[1mLinking CXX shared library libvelocity_smoother_core.so[0m
[16.491s] [ 60%] Built target velocity_smoother_core
[16.516s] [ 80%] [32mBuilding CXX object test/CMakeFiles/velocity_smoother_tests.dir/test_velocity_smoother.cpp.o[0m
[16.516s] [ 80%] [32mBuilding CXX object CMakeFiles/velocity_smoother.dir/src/main.cpp.o[0m
[20.000s] [ 90%] [32m[1mLinking CXX executable velocity_smoother[0m
[20.192s] [ 90%] Built target velocity_smoother
[29.250s] [100%] [32m[1mLinking CXX executable velocity_smoother_tests[0m
[29.525s] [100%] Built target velocity_smoother_tests
[29.534s] Invoked command in '/home/derek/work/build/nav2_velocity_smoother' returned '0': AMENT_PREFIX_PATH=/home/derek/work/install/nav2_util:/home/derek/work/install/nav2_msgs:/home/derek/work/install/nav2_common:${AMENT_PREFIX_PATH} CMAKE_PREFIX_PATH=/home/derek/work/install/nav2_util:/home/derek/work/install/nav2_msgs:/home/derek/work/install/nav2_common:/opt/ros/humble LD_LIBRARY_PATH=/home/derek/work/install/nav2_util/lib:/home/derek/work/install/nav2_msgs/lib:/usr/lib/x86_64-linux-gnu/gazebo-11/plugins:/opt/ros/humble/opt/rviz_ogre_vendor/lib:/opt/ros/humble/lib/x86_64-linux-gnu:/opt/ros/humble/lib:/usr/local/nvidia/lib:/usr/local/nvidia/lib64:/usr/share/gazebo/../../lib/x86_64-linux-gnu/gazebo-11/plugins PYTHONPATH=/home/derek/work/install/nav2_msgs/local/lib/python3.10/dist-packages:/home/derek/work/install/nav2_common/local/lib/python3.10/dist-packages:${PYTHONPATH} /usr/bin/cmake --build /home/derek/work/build/nav2_velocity_smoother -- -j16 -l16
[29.561s] Invoking command in '/home/derek/work/build/nav2_velocity_smoother': AMENT_PREFIX_PATH=/home/derek/work/install/nav2_util:/home/derek/work/install/nav2_msgs:/home/derek/work/install/nav2_common:${AMENT_PREFIX_PATH} CMAKE_PREFIX_PATH=/home/derek/work/install/nav2_util:/home/derek/work/install/nav2_msgs:/home/derek/work/install/nav2_common:/opt/ros/humble LD_LIBRARY_PATH=/home/derek/work/install/nav2_util/lib:/home/derek/work/install/nav2_msgs/lib:/usr/lib/x86_64-linux-gnu/gazebo-11/plugins:/opt/ros/humble/opt/rviz_ogre_vendor/lib:/opt/ros/humble/lib/x86_64-linux-gnu:/opt/ros/humble/lib:/usr/local/nvidia/lib:/usr/local/nvidia/lib64:/usr/share/gazebo/../../lib/x86_64-linux-gnu/gazebo-11/plugins PYTHONPATH=/home/derek/work/install/nav2_msgs/local/lib/python3.10/dist-packages:/home/derek/work/install/nav2_common/local/lib/python3.10/dist-packages:${PYTHONPATH} /usr/bin/cmake --install /home/derek/work/build/nav2_velocity_smoother
[29.567s] -- Install configuration: "Release"
[29.567s] -- Installing: /home/derek/work/install/nav2_velocity_smoother/lib/libvelocity_smoother_core.so
[29.568s] -- Set runtime path of "/home/derek/work/install/nav2_velocity_smoother/lib/libvelocity_smoother_core.so" to ""
[29.569s] -- Installing: /home/derek/work/install/nav2_velocity_smoother/lib/nav2_velocity_smoother/velocity_smoother
[29.569s] -- Set runtime path of "/home/derek/work/install/nav2_velocity_smoother/lib/nav2_velocity_smoother/velocity_smoother" to ""
[29.569s] -- Installing: /home/derek/work/install/nav2_velocity_smoother/include/
[29.569s] -- Installing: /home/derek/work/install/nav2_velocity_smoother/include//nav2_velocity_smoother
[29.569s] -- Installing: /home/derek/work/install/nav2_velocity_smoother/include//nav2_velocity_smoother/velocity_smoother.hpp
[29.570s] -- Installing: /home/derek/work/install/nav2_velocity_smoother/share/nav2_velocity_smoother/environment/library_path.sh
[29.570s] -- Installing: /home/derek/work/install/nav2_velocity_smoother/share/nav2_velocity_smoother/environment/library_path.dsv
[29.570s] -- Installing: /home/derek/work/install/nav2_velocity_smoother/share/ament_index/resource_index/package_run_dependencies/nav2_velocity_smoother
[29.570s] -- Installing: /home/derek/work/install/nav2_velocity_smoother/share/ament_index/resource_index/parent_prefix_path/nav2_velocity_smoother
[29.570s] -- Installing: /home/derek/work/install/nav2_velocity_smoother/share/nav2_velocity_smoother/environment/ament_prefix_path.sh
[29.570s] -- Installing: /home/derek/work/install/nav2_velocity_smoother/share/nav2_velocity_smoother/environment/ament_prefix_path.dsv
[29.570s] -- Installing: /home/derek/work/install/nav2_velocity_smoother/share/nav2_velocity_smoother/environment/path.sh
[29.570s] -- Installing: /home/derek/work/install/nav2_velocity_smoother/share/nav2_velocity_smoother/environment/path.dsv
[29.571s] -- Installing: /home/derek/work/install/nav2_velocity_smoother/share/nav2_velocity_smoother/local_setup.bash
[29.571s] -- Installing: /home/derek/work/install/nav2_velocity_smoother/share/nav2_velocity_smoother/local_setup.sh
[29.571s] -- Installing: /home/derek/work/install/nav2_velocity_smoother/share/nav2_velocity_smoother/local_setup.zsh
[29.571s] -- Installing: /home/derek/work/install/nav2_velocity_smoother/share/nav2_velocity_smoother/local_setup.dsv
[29.571s] -- Installing: /home/derek/work/install/nav2_velocity_smoother/share/nav2_velocity_smoother/package.dsv
[29.571s] -- Installing: /home/derek/work/install/nav2_velocity_smoother/share/ament_index/resource_index/packages/nav2_velocity_smoother
[29.571s] -- Installing: /home/derek/work/install/nav2_velocity_smoother/share/ament_index/resource_index/rclcpp_components/nav2_velocity_smoother
[29.572s] -- Installing: /home/derek/work/install/nav2_velocity_smoother/share/nav2_velocity_smoother/cmake/ament_cmake_export_include_directories-extras.cmake
[29.572s] -- Installing: /home/derek/work/install/nav2_velocity_smoother/share/nav2_velocity_smoother/cmake/ament_cmake_export_libraries-extras.cmake
[29.572s] -- Installing: /home/derek/work/install/nav2_velocity_smoother/share/nav2_velocity_smoother/cmake/ament_cmake_export_dependencies-extras.cmake
[29.572s] -- Installing: /home/derek/work/install/nav2_velocity_smoother/share/nav2_velocity_smoother/cmake/nav2_velocity_smootherConfig.cmake
[29.572s] -- Installing: /home/derek/work/install/nav2_velocity_smoother/share/nav2_velocity_smoother/cmake/nav2_velocity_smootherConfig-version.cmake
[29.572s] -- Installing: /home/derek/work/install/nav2_velocity_smoother/share/nav2_velocity_smoother/package.xml
[29.574s] Invoked command in '/home/derek/work/build/nav2_velocity_smoother' returned '0': AMENT_PREFIX_PATH=/home/derek/work/install/nav2_util:/home/derek/work/install/nav2_msgs:/home/derek/work/install/nav2_common:${AMENT_PREFIX_PATH} CMAKE_PREFIX_PATH=/home/derek/work/install/nav2_util:/home/derek/work/install/nav2_msgs:/home/derek/work/install/nav2_common:/opt/ros/humble LD_LIBRARY_PATH=/home/derek/work/install/nav2_util/lib:/home/derek/work/install/nav2_msgs/lib:/usr/lib/x86_64-linux-gnu/gazebo-11/plugins:/opt/ros/humble/opt/rviz_ogre_vendor/lib:/opt/ros/humble/lib/x86_64-linux-gnu:/opt/ros/humble/lib:/usr/local/nvidia/lib:/usr/local/nvidia/lib64:/usr/share/gazebo/../../lib/x86_64-linux-gnu/gazebo-11/plugins PYTHONPATH=/home/derek/work/install/nav2_msgs/local/lib/python3.10/dist-packages:/home/derek/work/install/nav2_common/local/lib/python3.10/dist-packages:${PYTHONPATH} /usr/bin/cmake --install /home/derek/work/build/nav2_velocity_smoother
