[2.155s] Invoking command in '/home/derek/work/build/rplidar_ros': CMAKE_PREFIX_PATH=/opt/ros/humble /usr/bin/cmake --build /home/derek/work/build/rplidar_ros -- -j16 -l16
[2.199s] [35m[1mConsolidate compiler generated dependencies of target rplidar_client[0m
[2.206s] [35m[1mConsolidate compiler generated dependencies of target rplidar_node[0m
[2.209s] [35m[1mConsolidate compiler generated dependencies of target rplidar_composition[0m
[2.225s] [  5%] Built target rplidar_client
[2.239s] [ 52%] Built target rplidar_node
[2.247s] [100%] Built target rplidar_composition
[2.348s] Invoked command in '/home/derek/work/build/rplidar_ros' returned '0': CMAKE_PREFIX_PATH=/opt/ros/humble /usr/bin/cmake --build /home/derek/work/build/rplidar_ros -- -j16 -l16
[2.690s] Invoking command in '/home/derek/work/build/rplidar_ros': CMAKE_PREFIX_PATH=/opt/ros/humble /usr/bin/cmake --install /home/derek/work/build/rplidar_ros
[2.794s] -- Install configuration: ""
[2.794s] -- Up-to-date: /home/derek/work/install/rplidar_ros/share/rplidar_ros/launch
[2.794s] -- Up-to-date: /home/derek/work/install/rplidar_ros/share/rplidar_ros/launch/view_rplidar_s1_launch.py
[2.794s] -- Up-to-date: /home/derek/work/install/rplidar_ros/share/rplidar_ros/launch/view_rplidar_c1_launch.py
[2.795s] -- Up-to-date: /home/derek/work/install/rplidar_ros/share/rplidar_ros/launch/view_rplidar_a2m8_launch.py
[2.795s] -- Up-to-date: /home/derek/work/install/rplidar_ros/share/rplidar_ros/launch/view_rplidar_s3_launch.py
[2.795s] -- Up-to-date: /home/derek/work/install/rplidar_ros/share/rplidar_ros/launch/view_rplidar_s1_tcp_launch.py
[2.795s] -- Up-to-date: /home/derek/work/install/rplidar_ros/share/rplidar_ros/launch/rplidar_a1_launch.py
[2.795s] -- Up-to-date: /home/derek/work/install/rplidar_ros/share/rplidar_ros/launch/rplidar_s3_launch.py
[2.795s] -- Up-to-date: /home/derek/work/install/rplidar_ros/share/rplidar_ros/launch/view_rplidar_t1_launch.py
[2.795s] -- Up-to-date: /home/derek/work/install/rplidar_ros/share/rplidar_ros/launch/view_rplidar_a3_launch.py
[2.795s] -- Up-to-date: /home/derek/work/install/rplidar_ros/share/rplidar_ros/launch/rplidar_s1_tcp_launch.py
[2.795s] -- Up-to-date: /home/derek/work/install/rplidar_ros/share/rplidar_ros/launch/rplidar_c1_launch.py
[2.795s] -- Up-to-date: /home/derek/work/install/rplidar_ros/share/rplidar_ros/launch/view_rplidar_a1_launch.py
[2.795s] -- Up-to-date: /home/derek/work/install/rplidar_ros/share/rplidar_ros/launch/rplidar_s1_launch.py
[2.795s] -- Up-to-date: /home/derek/work/install/rplidar_ros/share/rplidar_ros/launch/rplidar_s2e_launch.py
[2.795s] -- Up-to-date: /home/derek/work/install/rplidar_ros/share/rplidar_ros/launch/rplidar_a2m7_launch.py
[2.795s] -- Up-to-date: /home/derek/work/install/rplidar_ros/share/rplidar_ros/launch/view_rplidar_a2m12_launch.py
[2.795s] -- Up-to-date: /home/derek/work/install/rplidar_ros/share/rplidar_ros/launch/rplidar_a3_launch.py
[2.796s] -- Up-to-date: /home/derek/work/install/rplidar_ros/share/rplidar_ros/launch/view_rplidar_a2m7_launch.py
[2.796s] -- Up-to-date: /home/derek/work/install/rplidar_ros/share/rplidar_ros/launch/view_rplidar_s2e_launch.py
[2.796s] -- Up-to-date: /home/derek/work/install/rplidar_ros/share/rplidar_ros/launch/rplidar_s2_launch.py
[2.796s] -- Up-to-date: /home/derek/work/install/rplidar_ros/share/rplidar_ros/launch/rplidar_a2m12_launch.py
[2.796s] -- Up-to-date: /home/derek/work/install/rplidar_ros/share/rplidar_ros/launch/rplidar_t1_launch.py
[2.796s] -- Up-to-date: /home/derek/work/install/rplidar_ros/share/rplidar_ros/launch/rplidar_a2m8_launch.py
[2.796s] -- Up-to-date: /home/derek/work/install/rplidar_ros/share/rplidar_ros/launch/view_rplidar_s2_launch.py
[2.796s] -- Up-to-date: /home/derek/work/install/rplidar_ros/share/rplidar_ros/rviz
[2.796s] -- Up-to-date: /home/derek/work/install/rplidar_ros/share/rplidar_ros/rviz/rplidar_ros.rviz
[2.796s] -- Up-to-date: /home/derek/work/install/rplidar_ros/lib/rplidar_ros/rplidar_node
[2.796s] -- Up-to-date: /home/derek/work/install/rplidar_ros/lib/rplidar_ros/rplidar_composition
[2.796s] -- Up-to-date: /home/derek/work/install/rplidar_ros/lib/rplidar_ros/rplidar_client
[2.797s] -- Up-to-date: /home/derek/work/install/rplidar_ros/share/ament_index/resource_index/package_run_dependencies/rplidar_ros
[2.797s] -- Up-to-date: /home/derek/work/install/rplidar_ros/share/ament_index/resource_index/parent_prefix_path/rplidar_ros
[2.797s] -- Up-to-date: /home/derek/work/install/rplidar_ros/share/rplidar_ros/environment/ament_prefix_path.sh
[2.797s] -- Up-to-date: /home/derek/work/install/rplidar_ros/share/rplidar_ros/environment/ament_prefix_path.dsv
[2.797s] -- Up-to-date: /home/derek/work/install/rplidar_ros/share/rplidar_ros/environment/path.sh
[2.797s] -- Up-to-date: /home/derek/work/install/rplidar_ros/share/rplidar_ros/environment/path.dsv
[2.797s] -- Up-to-date: /home/derek/work/install/rplidar_ros/share/rplidar_ros/local_setup.bash
[2.797s] -- Up-to-date: /home/derek/work/install/rplidar_ros/share/rplidar_ros/local_setup.sh
[2.798s] -- Up-to-date: /home/derek/work/install/rplidar_ros/share/rplidar_ros/local_setup.zsh
[2.798s] -- Up-to-date: /home/derek/work/install/rplidar_ros/share/rplidar_ros/local_setup.dsv
[2.798s] -- Installing: /home/derek/work/install/rplidar_ros/share/rplidar_ros/package.dsv
[2.798s] -- Up-to-date: /home/derek/work/install/rplidar_ros/share/ament_index/resource_index/packages/rplidar_ros
[2.798s] -- Up-to-date: /home/derek/work/install/rplidar_ros/share/rplidar_ros/cmake/ament_cmake_export_dependencies-extras.cmake
[2.798s] -- Up-to-date: /home/derek/work/install/rplidar_ros/share/rplidar_ros/cmake/ament_cmake_export_include_directories-extras.cmake
[2.798s] -- Up-to-date: /home/derek/work/install/rplidar_ros/share/rplidar_ros/cmake/rplidar_rosConfig.cmake
[2.798s] -- Up-to-date: /home/derek/work/install/rplidar_ros/share/rplidar_ros/cmake/rplidar_rosConfig-version.cmake
[2.798s] -- Up-to-date: /home/derek/work/install/rplidar_ros/share/rplidar_ros/package.xml
[2.963s] Invoked command in '/home/derek/work/build/rplidar_ros' returned '0': CMAKE_PREFIX_PATH=/opt/ros/humble /usr/bin/cmake --install /home/derek/work/build/rplidar_ros
