[0.052s] Invoking command in '/home/derek/work/build/nav2_velocity_smoother': AMENT_PREFIX_PATH=/home/derek/work/install/nav2_util:/home/derek/work/install/nav2_msgs:/home/derek/work/install/nav2_common:${AMENT_PREFIX_PATH} CMAKE_PREFIX_PATH=/home/derek/work/install/nav2_util:/home/derek/work/install/nav2_msgs:/home/derek/work/install/nav2_common:/opt/ros/humble LD_LIBRARY_PATH=/home/derek/work/install/nav2_util/lib:/home/derek/work/install/nav2_msgs/lib:/usr/lib/x86_64-linux-gnu/gazebo-11/plugins:/opt/ros/humble/opt/rviz_ogre_vendor/lib:/opt/ros/humble/lib/x86_64-linux-gnu:/opt/ros/humble/lib:/usr/local/nvidia/lib:/usr/local/nvidia/lib64:/usr/share/gazebo/../../lib/x86_64-linux-gnu/gazebo-11/plugins PYTHONPATH=/home/derek/work/install/nav2_msgs/local/lib/python3.10/dist-packages:/home/derek/work/install/nav2_common/local/lib/python3.10/dist-packages:${PYTHONPATH} /usr/bin/cmake --build /home/derek/work/build/nav2_velocity_smoother -- -j16 -l16
[0.092s] [35m[1mConsolidate compiler generated dependencies of target gtest_main[0m
[0.092s] [35m[1mConsolidate compiler generated dependencies of target velocity_smoother_core[0m
[0.106s] [35m[1mConsolidate compiler generated dependencies of target gtest[0m
[0.114s] [ 20%] Built target gtest_main
[0.128s] [ 40%] Built target velocity_smoother_core
[0.129s] [ 60%] Built target gtest
[0.146s] [35m[1mConsolidate compiler generated dependencies of target velocity_smoother[0m
[0.147s] [35m[1mConsolidate compiler generated dependencies of target velocity_smoother_tests[0m
[0.169s] [ 80%] Built target velocity_smoother_tests
[0.173s] [100%] Built target velocity_smoother
[0.201s] Invoked command in '/home/derek/work/build/nav2_velocity_smoother' returned '0': AMENT_PREFIX_PATH=/home/derek/work/install/nav2_util:/home/derek/work/install/nav2_msgs:/home/derek/work/install/nav2_common:${AMENT_PREFIX_PATH} CMAKE_PREFIX_PATH=/home/derek/work/install/nav2_util:/home/derek/work/install/nav2_msgs:/home/derek/work/install/nav2_common:/opt/ros/humble LD_LIBRARY_PATH=/home/derek/work/install/nav2_util/lib:/home/derek/work/install/nav2_msgs/lib:/usr/lib/x86_64-linux-gnu/gazebo-11/plugins:/opt/ros/humble/opt/rviz_ogre_vendor/lib:/opt/ros/humble/lib/x86_64-linux-gnu:/opt/ros/humble/lib:/usr/local/nvidia/lib:/usr/local/nvidia/lib64:/usr/share/gazebo/../../lib/x86_64-linux-gnu/gazebo-11/plugins PYTHONPATH=/home/derek/work/install/nav2_msgs/local/lib/python3.10/dist-packages:/home/derek/work/install/nav2_common/local/lib/python3.10/dist-packages:${PYTHONPATH} /usr/bin/cmake --build /home/derek/work/build/nav2_velocity_smoother -- -j16 -l16
[0.236s] Invoking command in '/home/derek/work/build/nav2_velocity_smoother': AMENT_PREFIX_PATH=/home/derek/work/install/nav2_util:/home/derek/work/install/nav2_msgs:/home/derek/work/install/nav2_common:${AMENT_PREFIX_PATH} CMAKE_PREFIX_PATH=/home/derek/work/install/nav2_util:/home/derek/work/install/nav2_msgs:/home/derek/work/install/nav2_common:/opt/ros/humble LD_LIBRARY_PATH=/home/derek/work/install/nav2_util/lib:/home/derek/work/install/nav2_msgs/lib:/usr/lib/x86_64-linux-gnu/gazebo-11/plugins:/opt/ros/humble/opt/rviz_ogre_vendor/lib:/opt/ros/humble/lib/x86_64-linux-gnu:/opt/ros/humble/lib:/usr/local/nvidia/lib:/usr/local/nvidia/lib64:/usr/share/gazebo/../../lib/x86_64-linux-gnu/gazebo-11/plugins PYTHONPATH=/home/derek/work/install/nav2_msgs/local/lib/python3.10/dist-packages:/home/derek/work/install/nav2_common/local/lib/python3.10/dist-packages:${PYTHONPATH} /usr/bin/cmake --install /home/derek/work/build/nav2_velocity_smoother
[0.250s] -- Install configuration: "Release"
[0.250s] -- Up-to-date: /home/derek/work/install/nav2_velocity_smoother/lib/libvelocity_smoother_core.so
[0.250s] -- Up-to-date: /home/derek/work/install/nav2_velocity_smoother/lib/nav2_velocity_smoother/velocity_smoother
[0.250s] -- Up-to-date: /home/derek/work/install/nav2_velocity_smoother/include/
[0.250s] -- Up-to-date: /home/derek/work/install/nav2_velocity_smoother/include//nav2_velocity_smoother
[0.250s] -- Up-to-date: /home/derek/work/install/nav2_velocity_smoother/include//nav2_velocity_smoother/velocity_smoother.hpp
[0.250s] -- Up-to-date: /home/derek/work/install/nav2_velocity_smoother/share/nav2_velocity_smoother/environment/library_path.sh
[0.250s] -- Up-to-date: /home/derek/work/install/nav2_velocity_smoother/share/nav2_velocity_smoother/environment/library_path.dsv
[0.251s] -- Up-to-date: /home/derek/work/install/nav2_velocity_smoother/share/ament_index/resource_index/package_run_dependencies/nav2_velocity_smoother
[0.251s] -- Up-to-date: /home/derek/work/install/nav2_velocity_smoother/share/ament_index/resource_index/parent_prefix_path/nav2_velocity_smoother
[0.251s] -- Up-to-date: /home/derek/work/install/nav2_velocity_smoother/share/nav2_velocity_smoother/environment/ament_prefix_path.sh
[0.251s] -- Up-to-date: /home/derek/work/install/nav2_velocity_smoother/share/nav2_velocity_smoother/environment/ament_prefix_path.dsv
[0.251s] -- Up-to-date: /home/derek/work/install/nav2_velocity_smoother/share/nav2_velocity_smoother/environment/path.sh
[0.251s] -- Up-to-date: /home/derek/work/install/nav2_velocity_smoother/share/nav2_velocity_smoother/environment/path.dsv
[0.251s] -- Up-to-date: /home/derek/work/install/nav2_velocity_smoother/share/nav2_velocity_smoother/local_setup.bash
[0.251s] -- Up-to-date: /home/derek/work/install/nav2_velocity_smoother/share/nav2_velocity_smoother/local_setup.sh
[0.251s] -- Up-to-date: /home/derek/work/install/nav2_velocity_smoother/share/nav2_velocity_smoother/local_setup.zsh
[0.251s] -- Up-to-date: /home/derek/work/install/nav2_velocity_smoother/share/nav2_velocity_smoother/local_setup.dsv
[0.251s] -- Installing: /home/derek/work/install/nav2_velocity_smoother/share/nav2_velocity_smoother/package.dsv
[0.251s] -- Up-to-date: /home/derek/work/install/nav2_velocity_smoother/share/ament_index/resource_index/packages/nav2_velocity_smoother
[0.251s] -- Up-to-date: /home/derek/work/install/nav2_velocity_smoother/share/ament_index/resource_index/rclcpp_components/nav2_velocity_smoother
[0.251s] -- Up-to-date: /home/derek/work/install/nav2_velocity_smoother/share/nav2_velocity_smoother/cmake/ament_cmake_export_include_directories-extras.cmake
[0.251s] -- Up-to-date: /home/derek/work/install/nav2_velocity_smoother/share/nav2_velocity_smoother/cmake/ament_cmake_export_libraries-extras.cmake
[0.251s] -- Up-to-date: /home/derek/work/install/nav2_velocity_smoother/share/nav2_velocity_smoother/cmake/ament_cmake_export_dependencies-extras.cmake
[0.252s] -- Up-to-date: /home/derek/work/install/nav2_velocity_smoother/share/nav2_velocity_smoother/cmake/nav2_velocity_smootherConfig.cmake
[0.252s] -- Up-to-date: /home/derek/work/install/nav2_velocity_smoother/share/nav2_velocity_smoother/cmake/nav2_velocity_smootherConfig-version.cmake
[0.252s] -- Up-to-date: /home/derek/work/install/nav2_velocity_smoother/share/nav2_velocity_smoother/package.xml
[0.357s] Invoked command in '/home/derek/work/build/nav2_velocity_smoother' returned '0': AMENT_PREFIX_PATH=/home/derek/work/install/nav2_util:/home/derek/work/install/nav2_msgs:/home/derek/work/install/nav2_common:${AMENT_PREFIX_PATH} CMAKE_PREFIX_PATH=/home/derek/work/install/nav2_util:/home/derek/work/install/nav2_msgs:/home/derek/work/install/nav2_common:/opt/ros/humble LD_LIBRARY_PATH=/home/derek/work/install/nav2_util/lib:/home/derek/work/install/nav2_msgs/lib:/usr/lib/x86_64-linux-gnu/gazebo-11/plugins:/opt/ros/humble/opt/rviz_ogre_vendor/lib:/opt/ros/humble/lib/x86_64-linux-gnu:/opt/ros/humble/lib:/usr/local/nvidia/lib:/usr/local/nvidia/lib64:/usr/share/gazebo/../../lib/x86_64-linux-gnu/gazebo-11/plugins PYTHONPATH=/home/derek/work/install/nav2_msgs/local/lib/python3.10/dist-packages:/home/derek/work/install/nav2_common/local/lib/python3.10/dist-packages:${PYTHONPATH} /usr/bin/cmake --install /home/derek/work/build/nav2_velocity_smoother
