[0.262s] Invoking command in '/home/derek/work/build/dwb_plugins': AMENT_PREFIX_PATH=/home/derek/work/install/dwb_core:/home/derek/work/install/nav2_core:/home/derek/work/install/nav2_costmap_2d:/home/derek/work/install/nav_2d_utils:/home/derek/work/install/nav2_util:/home/derek/work/install/nav2_voxel_grid:/home/derek/work/install/nav2_msgs:/home/derek/work/install/dwb_msgs:/home/derek/work/install/nav_2d_msgs:/home/derek/work/install/nav2_common:${AMENT_PREFIX_PATH} CMAKE_PREFIX_PATH=/home/derek/work/install/dwb_core:/home/derek/work/install/nav2_core:/home/derek/work/install/nav2_costmap_2d:/home/derek/work/install/nav_2d_utils:/home/derek/work/install/nav2_util:/home/derek/work/install/nav2_voxel_grid:/home/derek/work/install/nav2_msgs:/home/derek/work/install/dwb_msgs:/home/derek/work/install/nav_2d_msgs:/home/derek/work/install/nav2_common:/opt/ros/humble LD_LIBRARY_PATH=/home/derek/work/install/dwb_core/lib:/home/derek/work/install/nav2_costmap_2d/lib:/home/derek/work/install/nav_2d_utils/lib:/home/derek/work/install/nav2_util/lib:/home/derek/work/install/nav2_voxel_grid/lib:/home/derek/work/install/nav2_msgs/lib:/home/derek/work/install/dwb_msgs/lib:/home/derek/work/install/nav_2d_msgs/lib:/usr/lib/x86_64-linux-gnu/gazebo-11/plugins:/opt/ros/humble/opt/rviz_ogre_vendor/lib:/opt/ros/humble/lib/x86_64-linux-gnu:/opt/ros/humble/lib:/usr/local/nvidia/lib:/usr/local/nvidia/lib64:/usr/share/gazebo/../../lib/x86_64-linux-gnu/gazebo-11/plugins PYTHONPATH=/home/derek/work/install/nav2_msgs/local/lib/python3.10/dist-packages:/home/derek/work/install/dwb_msgs/local/lib/python3.10/dist-packages:/home/derek/work/install/nav_2d_msgs/local/lib/python3.10/dist-packages:/home/derek/work/install/nav2_common/local/lib/python3.10/dist-packages:${PYTHONPATH} /usr/bin/cmake --build /home/derek/work/build/dwb_plugins -- -j16 -l16
[0.303s] [35m[1mConsolidate compiler generated dependencies of target gtest_main[0m
[0.305s] [35m[1mConsolidate compiler generated dependencies of target standard_traj_generator[0m
[0.307s] [35m[1mConsolidate compiler generated dependencies of target gtest[0m
[0.318s] [ 11%] Built target gtest_main
[0.323s] [ 23%] Built target gtest
[0.328s] [ 52%] Built target standard_traj_generator
[0.332s] [35m[1mConsolidate compiler generated dependencies of target vtest[0m
[0.339s] [35m[1mConsolidate compiler generated dependencies of target speed_limit_test[0m
[0.340s] [35m[1mConsolidate compiler generated dependencies of target kinematic_parameters_test[0m
[0.341s] [35m[1mConsolidate compiler generated dependencies of target twist_gen_test[0m
[0.344s] [ 64%] Built target vtest
[0.355s] [ 76%] Built target kinematic_parameters_test
[0.357s] [ 88%] Built target speed_limit_test
[0.359s] [100%] Built target twist_gen_test
[0.450s] Invoked command in '/home/derek/work/build/dwb_plugins' returned '0': AMENT_PREFIX_PATH=/home/derek/work/install/dwb_core:/home/derek/work/install/nav2_core:/home/derek/work/install/nav2_costmap_2d:/home/derek/work/install/nav_2d_utils:/home/derek/work/install/nav2_util:/home/derek/work/install/nav2_voxel_grid:/home/derek/work/install/nav2_msgs:/home/derek/work/install/dwb_msgs:/home/derek/work/install/nav_2d_msgs:/home/derek/work/install/nav2_common:${AMENT_PREFIX_PATH} CMAKE_PREFIX_PATH=/home/derek/work/install/dwb_core:/home/derek/work/install/nav2_core:/home/derek/work/install/nav2_costmap_2d:/home/derek/work/install/nav_2d_utils:/home/derek/work/install/nav2_util:/home/derek/work/install/nav2_voxel_grid:/home/derek/work/install/nav2_msgs:/home/derek/work/install/dwb_msgs:/home/derek/work/install/nav_2d_msgs:/home/derek/work/install/nav2_common:/opt/ros/humble LD_LIBRARY_PATH=/home/derek/work/install/dwb_core/lib:/home/derek/work/install/nav2_costmap_2d/lib:/home/derek/work/install/nav_2d_utils/lib:/home/derek/work/install/nav2_util/lib:/home/derek/work/install/nav2_voxel_grid/lib:/home/derek/work/install/nav2_msgs/lib:/home/derek/work/install/dwb_msgs/lib:/home/derek/work/install/nav_2d_msgs/lib:/usr/lib/x86_64-linux-gnu/gazebo-11/plugins:/opt/ros/humble/opt/rviz_ogre_vendor/lib:/opt/ros/humble/lib/x86_64-linux-gnu:/opt/ros/humble/lib:/usr/local/nvidia/lib:/usr/local/nvidia/lib64:/usr/share/gazebo/../../lib/x86_64-linux-gnu/gazebo-11/plugins PYTHONPATH=/home/derek/work/install/nav2_msgs/local/lib/python3.10/dist-packages:/home/derek/work/install/dwb_msgs/local/lib/python3.10/dist-packages:/home/derek/work/install/nav_2d_msgs/local/lib/python3.10/dist-packages:/home/derek/work/install/nav2_common/local/lib/python3.10/dist-packages:${PYTHONPATH} /usr/bin/cmake --build /home/derek/work/build/dwb_plugins -- -j16 -l16
[0.489s] Invoking command in '/home/derek/work/build/dwb_plugins': AMENT_PREFIX_PATH=/home/derek/work/install/dwb_core:/home/derek/work/install/nav2_core:/home/derek/work/install/nav2_costmap_2d:/home/derek/work/install/nav_2d_utils:/home/derek/work/install/nav2_util:/home/derek/work/install/nav2_voxel_grid:/home/derek/work/install/nav2_msgs:/home/derek/work/install/dwb_msgs:/home/derek/work/install/nav_2d_msgs:/home/derek/work/install/nav2_common:${AMENT_PREFIX_PATH} CMAKE_PREFIX_PATH=/home/derek/work/install/dwb_core:/home/derek/work/install/nav2_core:/home/derek/work/install/nav2_costmap_2d:/home/derek/work/install/nav_2d_utils:/home/derek/work/install/nav2_util:/home/derek/work/install/nav2_voxel_grid:/home/derek/work/install/nav2_msgs:/home/derek/work/install/dwb_msgs:/home/derek/work/install/nav_2d_msgs:/home/derek/work/install/nav2_common:/opt/ros/humble LD_LIBRARY_PATH=/home/derek/work/install/dwb_core/lib:/home/derek/work/install/nav2_costmap_2d/lib:/home/derek/work/install/nav_2d_utils/lib:/home/derek/work/install/nav2_util/lib:/home/derek/work/install/nav2_voxel_grid/lib:/home/derek/work/install/nav2_msgs/lib:/home/derek/work/install/dwb_msgs/lib:/home/derek/work/install/nav_2d_msgs/lib:/usr/lib/x86_64-linux-gnu/gazebo-11/plugins:/opt/ros/humble/opt/rviz_ogre_vendor/lib:/opt/ros/humble/lib/x86_64-linux-gnu:/opt/ros/humble/lib:/usr/local/nvidia/lib:/usr/local/nvidia/lib64:/usr/share/gazebo/../../lib/x86_64-linux-gnu/gazebo-11/plugins PYTHONPATH=/home/derek/work/install/nav2_msgs/local/lib/python3.10/dist-packages:/home/derek/work/install/dwb_msgs/local/lib/python3.10/dist-packages:/home/derek/work/install/nav_2d_msgs/local/lib/python3.10/dist-packages:/home/derek/work/install/nav2_common/local/lib/python3.10/dist-packages:${PYTHONPATH} /usr/bin/cmake --install /home/derek/work/build/dwb_plugins
[0.493s] -- Install configuration: "Release"
[0.493s] -- Up-to-date: /home/derek/work/install/dwb_plugins/lib/libstandard_traj_generator.so
[0.493s] -- Up-to-date: /home/derek/work/install/dwb_plugins/include/
[0.493s] -- Up-to-date: /home/derek/work/install/dwb_plugins/include//dwb_plugins
[0.493s] -- Up-to-date: /home/derek/work/install/dwb_plugins/include//dwb_plugins/velocity_iterator.hpp
[0.494s] -- Up-to-date: /home/derek/work/install/dwb_plugins/include//dwb_plugins/standard_traj_generator.hpp
[0.494s] -- Up-to-date: /home/derek/work/install/dwb_plugins/include//dwb_plugins/xy_theta_iterator.hpp
[0.494s] -- Up-to-date: /home/derek/work/install/dwb_plugins/include//dwb_plugins/one_d_velocity_iterator.hpp
[0.494s] -- Up-to-date: /home/derek/work/install/dwb_plugins/include//dwb_plugins/kinematic_parameters.hpp
[0.494s] -- Up-to-date: /home/derek/work/install/dwb_plugins/include//dwb_plugins/limited_accel_generator.hpp
[0.495s] -- Up-to-date: /home/derek/work/install/dwb_plugins/share/dwb_plugins/plugins.xml
[0.495s] -- Up-to-date: /home/derek/work/install/dwb_plugins/share/dwb_plugins/environment/library_path.sh
[0.495s] -- Up-to-date: /home/derek/work/install/dwb_plugins/share/dwb_plugins/environment/library_path.dsv
[0.495s] -- Up-to-date: /home/derek/work/install/dwb_plugins/share/dwb_plugins/plugins.xml
[0.495s] -- Up-to-date: /home/derek/work/install/dwb_plugins/share/ament_index/resource_index/package_run_dependencies/dwb_plugins
[0.495s] -- Up-to-date: /home/derek/work/install/dwb_plugins/share/ament_index/resource_index/parent_prefix_path/dwb_plugins
[0.495s] -- Up-to-date: /home/derek/work/install/dwb_plugins/share/dwb_plugins/environment/ament_prefix_path.sh
[0.495s] -- Up-to-date: /home/derek/work/install/dwb_plugins/share/dwb_plugins/environment/ament_prefix_path.dsv
[0.495s] -- Up-to-date: /home/derek/work/install/dwb_plugins/share/dwb_plugins/environment/path.sh
[0.496s] -- Up-to-date: /home/derek/work/install/dwb_plugins/share/dwb_plugins/environment/path.dsv
[0.496s] -- Up-to-date: /home/derek/work/install/dwb_plugins/share/dwb_plugins/local_setup.bash
[0.496s] -- Up-to-date: /home/derek/work/install/dwb_plugins/share/dwb_plugins/local_setup.sh
[0.496s] -- Up-to-date: /home/derek/work/install/dwb_plugins/share/dwb_plugins/local_setup.zsh
[0.496s] -- Up-to-date: /home/derek/work/install/dwb_plugins/share/dwb_plugins/local_setup.dsv
[0.497s] -- Installing: /home/derek/work/install/dwb_plugins/share/dwb_plugins/package.dsv
[0.497s] -- Up-to-date: /home/derek/work/install/dwb_plugins/share/ament_index/resource_index/packages/dwb_plugins
[0.497s] -- Up-to-date: /home/derek/work/install/dwb_plugins/share/ament_index/resource_index/dwb_core__pluginlib__plugin/dwb_plugins
[0.497s] -- Up-to-date: /home/derek/work/install/dwb_plugins/share/dwb_plugins/cmake/ament_cmake_export_include_directories-extras.cmake
[0.497s] -- Up-to-date: /home/derek/work/install/dwb_plugins/share/dwb_plugins/cmake/ament_cmake_export_libraries-extras.cmake
[0.498s] -- Up-to-date: /home/derek/work/install/dwb_plugins/share/dwb_plugins/cmake/dwb_pluginsConfig.cmake
[0.498s] -- Up-to-date: /home/derek/work/install/dwb_plugins/share/dwb_plugins/cmake/dwb_pluginsConfig-version.cmake
[0.498s] -- Up-to-date: /home/derek/work/install/dwb_plugins/share/dwb_plugins/package.xml
[0.544s] Invoked command in '/home/derek/work/build/dwb_plugins' returned '0': AMENT_PREFIX_PATH=/home/derek/work/install/dwb_core:/home/derek/work/install/nav2_core:/home/derek/work/install/nav2_costmap_2d:/home/derek/work/install/nav_2d_utils:/home/derek/work/install/nav2_util:/home/derek/work/install/nav2_voxel_grid:/home/derek/work/install/nav2_msgs:/home/derek/work/install/dwb_msgs:/home/derek/work/install/nav_2d_msgs:/home/derek/work/install/nav2_common:${AMENT_PREFIX_PATH} CMAKE_PREFIX_PATH=/home/derek/work/install/dwb_core:/home/derek/work/install/nav2_core:/home/derek/work/install/nav2_costmap_2d:/home/derek/work/install/nav_2d_utils:/home/derek/work/install/nav2_util:/home/derek/work/install/nav2_voxel_grid:/home/derek/work/install/nav2_msgs:/home/derek/work/install/dwb_msgs:/home/derek/work/install/nav_2d_msgs:/home/derek/work/install/nav2_common:/opt/ros/humble LD_LIBRARY_PATH=/home/derek/work/install/dwb_core/lib:/home/derek/work/install/nav2_costmap_2d/lib:/home/derek/work/install/nav_2d_utils/lib:/home/derek/work/install/nav2_util/lib:/home/derek/work/install/nav2_voxel_grid/lib:/home/derek/work/install/nav2_msgs/lib:/home/derek/work/install/dwb_msgs/lib:/home/derek/work/install/nav_2d_msgs/lib:/usr/lib/x86_64-linux-gnu/gazebo-11/plugins:/opt/ros/humble/opt/rviz_ogre_vendor/lib:/opt/ros/humble/lib/x86_64-linux-gnu:/opt/ros/humble/lib:/usr/local/nvidia/lib:/usr/local/nvidia/lib64:/usr/share/gazebo/../../lib/x86_64-linux-gnu/gazebo-11/plugins PYTHONPATH=/home/derek/work/install/nav2_msgs/local/lib/python3.10/dist-packages:/home/derek/work/install/dwb_msgs/local/lib/python3.10/dist-packages:/home/derek/work/install/nav_2d_msgs/local/lib/python3.10/dist-packages:/home/derek/work/install/nav2_common/local/lib/python3.10/dist-packages:${PYTHONPATH} /usr/bin/cmake --install /home/derek/work/build/dwb_plugins
