[0.122s] Invoking command in '/home/derek/work/build/nav2_util': AMENT_PREFIX_PATH=/home/derek/work/install/nav2_msgs:/home/derek/work/install/nav2_common:${AMENT_PREFIX_PATH} CMAKE_PREFIX_PATH=/home/derek/work/install/nav2_msgs:/home/derek/work/install/nav2_common:/opt/ros/humble LD_LIBRARY_PATH=/home/derek/work/install/nav2_msgs/lib:/usr/lib/x86_64-linux-gnu/gazebo-11/plugins:/opt/ros/humble/opt/rviz_ogre_vendor/lib:/opt/ros/humble/lib/x86_64-linux-gnu:/opt/ros/humble/lib:/usr/local/nvidia/lib:/usr/local/nvidia/lib64:/usr/share/gazebo/../../lib/x86_64-linux-gnu/gazebo-11/plugins PYTHONPATH=/home/derek/work/install/nav2_msgs/local/lib/python3.10/dist-packages:/home/derek/work/install/nav2_common/local/lib/python3.10/dist-packages:${PYTHONPATH} /usr/bin/cmake --build /home/derek/work/build/nav2_util -- -j16 -l16
[0.366s] [35m[1mConsolidate compiler generated dependencies of target gtest_main[0m
[0.367s] [35m[1mConsolidate compiler generated dependencies of target gtest[0m
[0.367s] [35m[1mConsolidate compiler generated dependencies of target nav2_util_core[0m
[0.367s] [  5%] Built target gtest_main
[0.367s] [ 10%] Built target gtest
[0.367s] [35m[1mConsolidate compiler generated dependencies of target test_execution_timer[0m
[0.367s] [ 36%] Built target nav2_util_core
[0.367s] [ 42%] Built target test_execution_timer
[0.367s] [35m[1mConsolidate compiler generated dependencies of target lifecycle_bringup[0m
[0.367s] [35m[1mConsolidate compiler generated dependencies of target test_node_utils[0m
[0.368s] [35m[1mConsolidate compiler generated dependencies of target test_actions[0m
[0.368s] [35m[1mConsolidate compiler generated dependencies of target test_string_utils[0m
[0.368s] [35m[1mConsolidate compiler generated dependencies of target test_service_client[0m
[0.368s] [35m[1mConsolidate compiler generated dependencies of target test_lifecycle_node[0m
[0.368s] [35m[1mConsolidate compiler generated dependencies of target test_geometry_utils[0m
[0.368s] [35m[1mConsolidate compiler generated dependencies of target test_odometry_utils[0m
[0.368s] [35m[1mConsolidate compiler generated dependencies of target test_lifecycle_utils[0m
[0.368s] [35m[1mConsolidate compiler generated dependencies of target test_lifecycle_cli_node[0m
[0.368s] [35m[1mConsolidate compiler generated dependencies of target test_robot_utils[0m
[0.368s] [ 47%] Built target lifecycle_bringup
[0.368s] [ 52%] Built target test_string_utils
[0.368s] [ 57%] Built target test_node_utils
[0.368s] [ 63%] Built target test_actions
[0.369s] [ 71%] Built target test_lifecycle_utils
[0.369s] [ 73%] Built target test_service_client
[0.369s] [ 78%] Built target test_lifecycle_cli_node
[0.369s] [ 84%] Built target test_lifecycle_node
[0.369s] [ 89%] Built target test_geometry_utils
[0.369s] [100%] Built target test_odometry_utils
[0.369s] [100%] Built target test_robot_utils
[0.593s] Invoked command in '/home/derek/work/build/nav2_util' returned '0': AMENT_PREFIX_PATH=/home/derek/work/install/nav2_msgs:/home/derek/work/install/nav2_common:${AMENT_PREFIX_PATH} CMAKE_PREFIX_PATH=/home/derek/work/install/nav2_msgs:/home/derek/work/install/nav2_common:/opt/ros/humble LD_LIBRARY_PATH=/home/derek/work/install/nav2_msgs/lib:/usr/lib/x86_64-linux-gnu/gazebo-11/plugins:/opt/ros/humble/opt/rviz_ogre_vendor/lib:/opt/ros/humble/lib/x86_64-linux-gnu:/opt/ros/humble/lib:/usr/local/nvidia/lib:/usr/local/nvidia/lib64:/usr/share/gazebo/../../lib/x86_64-linux-gnu/gazebo-11/plugins PYTHONPATH=/home/derek/work/install/nav2_msgs/local/lib/python3.10/dist-packages:/home/derek/work/install/nav2_common/local/lib/python3.10/dist-packages:${PYTHONPATH} /usr/bin/cmake --build /home/derek/work/build/nav2_util -- -j16 -l16
[0.646s] Invoking command in '/home/derek/work/build/nav2_util': AMENT_PREFIX_PATH=/home/derek/work/install/nav2_msgs:/home/derek/work/install/nav2_common:${AMENT_PREFIX_PATH} CMAKE_PREFIX_PATH=/home/derek/work/install/nav2_msgs:/home/derek/work/install/nav2_common:/opt/ros/humble LD_LIBRARY_PATH=/home/derek/work/install/nav2_msgs/lib:/usr/lib/x86_64-linux-gnu/gazebo-11/plugins:/opt/ros/humble/opt/rviz_ogre_vendor/lib:/opt/ros/humble/lib/x86_64-linux-gnu:/opt/ros/humble/lib:/usr/local/nvidia/lib:/usr/local/nvidia/lib64:/usr/share/gazebo/../../lib/x86_64-linux-gnu/gazebo-11/plugins PYTHONPATH=/home/derek/work/install/nav2_msgs/local/lib/python3.10/dist-packages:/home/derek/work/install/nav2_common/local/lib/python3.10/dist-packages:${PYTHONPATH} /usr/bin/cmake --install /home/derek/work/build/nav2_util
[0.653s] -- Install configuration: "Release"
[0.653s] -- Up-to-date: /home/derek/work/install/nav2_util/include/
[0.653s] -- Up-to-date: /home/derek/work/install/nav2_util/include//nav2_util
[0.653s] -- Up-to-date: /home/derek/work/install/nav2_util/include//nav2_util/service_client.hpp
[0.654s] -- Up-to-date: /home/derek/work/install/nav2_util/include//nav2_util/geometry_utils.hpp
[0.654s] -- Up-to-date: /home/derek/work/install/nav2_util/include//nav2_util/occ_grid_values.hpp
[0.654s] -- Up-to-date: /home/derek/work/install/nav2_util/include//nav2_util/line_iterator.hpp
[0.654s] -- Up-to-date: /home/derek/work/install/nav2_util/include//nav2_util/string_utils.hpp
[0.654s] -- Up-to-date: /home/derek/work/install/nav2_util/include//nav2_util/lifecycle_utils.hpp
[0.654s] -- Up-to-date: /home/derek/work/install/nav2_util/include//nav2_util/clear_entirely_costmap_service_client.hpp
[0.654s] -- Up-to-date: /home/derek/work/install/nav2_util/include//nav2_util/costmap.hpp
[0.654s] -- Up-to-date: /home/derek/work/install/nav2_util/include//nav2_util/node_thread.hpp
[0.654s] -- Up-to-date: /home/derek/work/install/nav2_util/include//nav2_util/lifecycle_service_client.hpp
[0.654s] -- Up-to-date: /home/derek/work/install/nav2_util/include//nav2_util/execution_timer.hpp
[0.655s] -- Up-to-date: /home/derek/work/install/nav2_util/include//nav2_util/simple_action_server.hpp
[0.655s] -- Up-to-date: /home/derek/work/install/nav2_util/include//nav2_util/odometry_utils.hpp
[0.655s] -- Up-to-date: /home/derek/work/install/nav2_util/include//nav2_util/robot_utils.hpp
[0.655s] -- Up-to-date: /home/derek/work/install/nav2_util/include//nav2_util/node_utils.hpp
[0.655s] -- Up-to-date: /home/derek/work/install/nav2_util/include//nav2_util/lifecycle_node.hpp
[0.655s] -- Up-to-date: /home/derek/work/install/nav2_util/share/nav2_util/environment/library_path.sh
[0.655s] -- Up-to-date: /home/derek/work/install/nav2_util/share/nav2_util/environment/library_path.dsv
[0.655s] -- Up-to-date: /home/derek/work/install/nav2_util/share/ament_index/resource_index/package_run_dependencies/nav2_util
[0.655s] -- Up-to-date: /home/derek/work/install/nav2_util/share/ament_index/resource_index/parent_prefix_path/nav2_util
[0.655s] -- Up-to-date: /home/derek/work/install/nav2_util/share/nav2_util/environment/ament_prefix_path.sh
[0.656s] -- Up-to-date: /home/derek/work/install/nav2_util/share/nav2_util/environment/ament_prefix_path.dsv
[0.656s] -- Up-to-date: /home/derek/work/install/nav2_util/share/nav2_util/environment/path.sh
[0.656s] -- Up-to-date: /home/derek/work/install/nav2_util/share/nav2_util/environment/path.dsv
[0.656s] -- Up-to-date: /home/derek/work/install/nav2_util/share/nav2_util/local_setup.bash
[0.656s] -- Up-to-date: /home/derek/work/install/nav2_util/share/nav2_util/local_setup.sh
[0.656s] -- Up-to-date: /home/derek/work/install/nav2_util/share/nav2_util/local_setup.zsh
[0.656s] -- Up-to-date: /home/derek/work/install/nav2_util/share/nav2_util/local_setup.dsv
[0.656s] -- Installing: /home/derek/work/install/nav2_util/share/nav2_util/package.dsv
[0.656s] -- Up-to-date: /home/derek/work/install/nav2_util/share/ament_index/resource_index/packages/nav2_util
[0.656s] -- Up-to-date: /home/derek/work/install/nav2_util/share/nav2_util/cmake/ament_cmake_export_include_directories-extras.cmake
[0.657s] -- Up-to-date: /home/derek/work/install/nav2_util/share/nav2_util/cmake/ament_cmake_export_libraries-extras.cmake
[0.657s] -- Up-to-date: /home/derek/work/install/nav2_util/share/nav2_util/cmake/ament_cmake_export_dependencies-extras.cmake
[0.657s] -- Up-to-date: /home/derek/work/install/nav2_util/share/nav2_util/cmake/nav2_utilConfig.cmake
[0.657s] -- Up-to-date: /home/derek/work/install/nav2_util/share/nav2_util/cmake/nav2_utilConfig-version.cmake
[0.657s] -- Up-to-date: /home/derek/work/install/nav2_util/share/nav2_util/package.xml
[0.657s] -- Up-to-date: /home/derek/work/install/nav2_util/lib/libnav2_util_core.so
[0.657s] -- Up-to-date: /home/derek/work/install/nav2_util/lib/nav2_util/lifecycle_bringup
[0.658s] Invoked command in '/home/derek/work/build/nav2_util' returned '0': AMENT_PREFIX_PATH=/home/derek/work/install/nav2_msgs:/home/derek/work/install/nav2_common:${AMENT_PREFIX_PATH} CMAKE_PREFIX_PATH=/home/derek/work/install/nav2_msgs:/home/derek/work/install/nav2_common:/opt/ros/humble LD_LIBRARY_PATH=/home/derek/work/install/nav2_msgs/lib:/usr/lib/x86_64-linux-gnu/gazebo-11/plugins:/opt/ros/humble/opt/rviz_ogre_vendor/lib:/opt/ros/humble/lib/x86_64-linux-gnu:/opt/ros/humble/lib:/usr/local/nvidia/lib:/usr/local/nvidia/lib64:/usr/share/gazebo/../../lib/x86_64-linux-gnu/gazebo-11/plugins PYTHONPATH=/home/derek/work/install/nav2_msgs/local/lib/python3.10/dist-packages:/home/derek/work/install/nav2_common/local/lib/python3.10/dist-packages:${PYTHONPATH} /usr/bin/cmake --install /home/derek/work/build/nav2_util
