[0.350s] Invoking command in '/home/derek/work/build/nav2_behaviors': AMENT_PREFIX_PATH=/home/derek/work/install/nav2_core:/home/derek/work/install/nav2_costmap_2d:/home/derek/work/install/nav2_behavior_tree:/home/derek/work/install/nav2_util:/home/derek/work/install/nav2_voxel_grid:/home/derek/work/install/nav2_msgs:/home/derek/work/install/nav2_common:${AMENT_PREFIX_PATH} CMAKE_PREFIX_PATH=/home/derek/work/install/nav2_core:/home/derek/work/install/nav2_costmap_2d:/home/derek/work/install/nav2_behavior_tree:/home/derek/work/install/nav2_util:/home/derek/work/install/nav2_voxel_grid:/home/derek/work/install/nav2_msgs:/home/derek/work/install/nav2_common:/opt/ros/humble LD_LIBRARY_PATH=/home/derek/work/install/nav2_costmap_2d/lib:/home/derek/work/install/nav2_behavior_tree/lib:/home/derek/work/install/nav2_util/lib:/home/derek/work/install/nav2_voxel_grid/lib:/home/derek/work/install/nav2_msgs/lib:/usr/lib/x86_64-linux-gnu/gazebo-11/plugins:/opt/ros/humble/opt/rviz_ogre_vendor/lib:/opt/ros/humble/lib/x86_64-linux-gnu:/opt/ros/humble/lib:/usr/local/nvidia/lib:/usr/local/nvidia/lib64:/usr/share/gazebo/../../lib/x86_64-linux-gnu/gazebo-11/plugins PYTHONPATH=/home/derek/work/install/nav2_msgs/local/lib/python3.10/dist-packages:/home/derek/work/install/nav2_common/local/lib/python3.10/dist-packages:${PYTHONPATH} /usr/bin/cmake /home/derek/work/src/navigation2/nav2_behaviors -DCMAKE_INSTALL_PREFIX=/home/derek/work/install/nav2_behaviors
[0.405s] -- The C compiler identification is GNU 11.4.0
[0.469s] -- The CXX compiler identification is GNU 11.4.0
[0.478s] -- Detecting C compiler ABI info
[0.560s] -- Detecting C compiler ABI info - done
[0.570s] -- Check for working C compiler: /usr/bin/cc - skipped
[0.570s] -- Detecting C compile features
[0.570s] -- Detecting C compile features - done
[0.574s] -- Detecting CXX compiler ABI info
[0.661s] -- Detecting CXX compiler ABI info - done
[0.671s] -- Check for working CXX compiler: /usr/bin/c++ - skipped
[0.671s] -- Detecting CXX compile features
[0.671s] -- Detecting CXX compile features - done
[0.675s] -- Found ament_cmake: 1.3.7 (/opt/ros/humble/share/ament_cmake/cmake)
[1.389s] -- Found Python3: /usr/bin/python3.10 (found version "3.10.12") found components: Interpreter 
[1.508s] -- Found nav2_common: 1.1.13 (/home/derek/work/install/nav2_common/share/nav2_common/cmake)
[1.509s] -- Found rclcpp: 16.0.8 (/opt/ros/humble/share/rclcpp/cmake)
[1.575s] -- Found rosidl_generator_c: 3.1.5 (/opt/ros/humble/share/rosidl_generator_c/cmake)
[1.583s] -- Found rosidl_adapter: 3.1.5 (/opt/ros/humble/share/rosidl_adapter/cmake)
[1.594s] -- Found rosidl_generator_cpp: 3.1.5 (/opt/ros/humble/share/rosidl_generator_cpp/cmake)
[1.613s] -- Using all available rosidl_typesupport_c: rosidl_typesupport_fastrtps_c;rosidl_typesupport_introspection_c
[1.642s] -- Using all available rosidl_typesupport_cpp: rosidl_typesupport_fastrtps_cpp;rosidl_typesupport_introspection_cpp
[1.768s] -- Found rmw_implementation_cmake: 6.1.1 (/opt/ros/humble/share/rmw_implementation_cmake/cmake)
[1.772s] -- Found rmw_fastrtps_cpp: 6.2.6 (/opt/ros/humble/share/rmw_fastrtps_cpp/cmake)
[1.949s] -- Found OpenSSL: /usr/lib/x86_64-linux-gnu/libcrypto.so (found version "3.0.2")  
[1.985s] -- Found FastRTPS: /opt/ros/humble/include  
[2.057s] -- Using RMW implementation 'rmw_fastrtps_cpp' as default
[2.073s] -- Looking for pthread.h
[2.175s] -- Looking for pthread.h - found
[2.175s] -- Performing Test CMAKE_HAVE_LIBC_PTHREAD
[2.273s] -- Performing Test CMAKE_HAVE_LIBC_PTHREAD - Success
[2.274s] -- Found Threads: TRUE  
[2.511s] -- Found rclcpp_action: 16.0.8 (/opt/ros/humble/share/rclcpp_action/cmake)
[2.646s] -- Found rclcpp_lifecycle: 16.0.8 (/opt/ros/humble/share/rclcpp_lifecycle/cmake)
[2.706s] -- Found rclcpp_components: 16.0.8 (/opt/ros/humble/share/rclcpp_components/cmake)
[2.799s] -- Found nav2_behavior_tree: 1.1.13 (/home/derek/work/install/nav2_behavior_tree/share/nav2_behavior_tree/cmake)
[3.716s] -- Found eigen3_cmake_module: 0.1.1 (/opt/ros/humble/share/eigen3_cmake_module/cmake)
[3.717s] -- Found Eigen3: TRUE (found version "3.4.0") 
[3.717s] -- Ensuring Eigen3 include directory is part of orocos-kdl CMake target
[4.957s] -- Found nav2_costmap_2d: 1.1.13 (/home/derek/work/install/nav2_costmap_2d/share/nav2_costmap_2d/cmake)
[6.438s] -- Found nav2_core: 1.1.13 (/home/derek/work/install/nav2_core/share/nav2_core/cmake)
[7.778s] -- Setting build type to Release as none was specified.
[85.194s] -- Found ament_lint_auto: 0.12.10 (/opt/ros/humble/share/ament_lint_auto/cmake)
[85.277s] -- Found gtest sources under '/opt/ros/humble/src/gtest_vendor': C++ tests using 'Google Test' will be built
[98.975s] -- Added test 'copyright' to check source files copyright and LICENSE
[98.985s] -- Added test 'cppcheck' to perform static code analysis on C / C++ code
[98.988s] -- Configured cppcheck include dirs: /home/derek/work/src/navigation2/nav2_behaviors/include
[98.988s] -- Configured cppcheck exclude dirs and/or files: 
[98.990s] -- Added test 'cpplint' to check C / C++ code against the Google style
[98.990s] -- Configured cpplint exclude dirs and/or files: 
[98.991s] -- Added test 'lint_cmake' to check CMake code style
[99.000s] -- Added test 'uncrustify' to check C / C++ code style
[99.000s] -- Configured uncrustify additional arguments: 
[99.001s] -- Added test 'xmllint' to check XML markup files
[99.004s] -- Configuring done
[99.740s] -- Generating done
[99.744s] -- Build files have been written to: /home/derek/work/build/nav2_behaviors
[99.813s] Invoked command in '/home/derek/work/build/nav2_behaviors' returned '0': AMENT_PREFIX_PATH=/home/derek/work/install/nav2_core:/home/derek/work/install/nav2_costmap_2d:/home/derek/work/install/nav2_behavior_tree:/home/derek/work/install/nav2_util:/home/derek/work/install/nav2_voxel_grid:/home/derek/work/install/nav2_msgs:/home/derek/work/install/nav2_common:${AMENT_PREFIX_PATH} CMAKE_PREFIX_PATH=/home/derek/work/install/nav2_core:/home/derek/work/install/nav2_costmap_2d:/home/derek/work/install/nav2_behavior_tree:/home/derek/work/install/nav2_util:/home/derek/work/install/nav2_voxel_grid:/home/derek/work/install/nav2_msgs:/home/derek/work/install/nav2_common:/opt/ros/humble LD_LIBRARY_PATH=/home/derek/work/install/nav2_costmap_2d/lib:/home/derek/work/install/nav2_behavior_tree/lib:/home/derek/work/install/nav2_util/lib:/home/derek/work/install/nav2_voxel_grid/lib:/home/derek/work/install/nav2_msgs/lib:/usr/lib/x86_64-linux-gnu/gazebo-11/plugins:/opt/ros/humble/opt/rviz_ogre_vendor/lib:/opt/ros/humble/lib/x86_64-linux-gnu:/opt/ros/humble/lib:/usr/local/nvidia/lib:/usr/local/nvidia/lib64:/usr/share/gazebo/../../lib/x86_64-linux-gnu/gazebo-11/plugins PYTHONPATH=/home/derek/work/install/nav2_msgs/local/lib/python3.10/dist-packages:/home/derek/work/install/nav2_common/local/lib/python3.10/dist-packages:${PYTHONPATH} /usr/bin/cmake /home/derek/work/src/navigation2/nav2_behaviors -DCMAKE_INSTALL_PREFIX=/home/derek/work/install/nav2_behaviors
[99.814s] Invoking command in '/home/derek/work/build/nav2_behaviors': AMENT_PREFIX_PATH=/home/derek/work/install/nav2_core:/home/derek/work/install/nav2_costmap_2d:/home/derek/work/install/nav2_behavior_tree:/home/derek/work/install/nav2_util:/home/derek/work/install/nav2_voxel_grid:/home/derek/work/install/nav2_msgs:/home/derek/work/install/nav2_common:${AMENT_PREFIX_PATH} CMAKE_PREFIX_PATH=/home/derek/work/install/nav2_core:/home/derek/work/install/nav2_costmap_2d:/home/derek/work/install/nav2_behavior_tree:/home/derek/work/install/nav2_util:/home/derek/work/install/nav2_voxel_grid:/home/derek/work/install/nav2_msgs:/home/derek/work/install/nav2_common:/opt/ros/humble LD_LIBRARY_PATH=/home/derek/work/install/nav2_costmap_2d/lib:/home/derek/work/install/nav2_behavior_tree/lib:/home/derek/work/install/nav2_util/lib:/home/derek/work/install/nav2_voxel_grid/lib:/home/derek/work/install/nav2_msgs/lib:/usr/lib/x86_64-linux-gnu/gazebo-11/plugins:/opt/ros/humble/opt/rviz_ogre_vendor/lib:/opt/ros/humble/lib/x86_64-linux-gnu:/opt/ros/humble/lib:/usr/local/nvidia/lib:/usr/local/nvidia/lib64:/usr/share/gazebo/../../lib/x86_64-linux-gnu/gazebo-11/plugins PYTHONPATH=/home/derek/work/install/nav2_msgs/local/lib/python3.10/dist-packages:/home/derek/work/install/nav2_common/local/lib/python3.10/dist-packages:${PYTHONPATH} /usr/bin/cmake --build /home/derek/work/build/nav2_behaviors -- -j16 -l16
[100.074s] [  5%] [32mBuilding CXX object CMakeFiles/nav2_spin_behavior.dir/plugins/spin.cpp.o[0m
[111.983s] [ 10%] [32m[1mLinking CXX shared library libnav2_spin_behavior.so[0m
[112.258s] [ 10%] Built target nav2_spin_behavior
[112.277s] [ 15%] [32mBuilding CXX object gtest/CMakeFiles/gtest.dir/src/gtest-all.cc.o[0m
[118.410s] [ 20%] [32m[1mLinking CXX static library libgtest.a[0m
[118.451s] [ 20%] Built target gtest
[118.474s] [ 30%] [32mBuilding CXX object CMakeFiles/nav2_assisted_teleop_behavior.dir/plugins/assisted_teleop.cpp.o[0m
[118.474s] [ 30%] [32mBuilding CXX object gtest/CMakeFiles/gtest_main.dir/src/gtest_main.cc.o[0m
[118.478s] [ 35%] [32mBuilding CXX object CMakeFiles/behavior_server_core.dir/src/behavior_server.cpp.o[0m
[119.529s] [ 40%] [32m[1mLinking CXX static library libgtest_main.a[0m
[119.568s] [ 40%] Built target gtest_main
[119.596s] [ 45%] [32mBuilding CXX object CMakeFiles/nav2_back_up_behavior.dir/plugins/back_up.cpp.o[0m
[131.087s] [ 50%] [32m[1mLinking CXX shared library libnav2_back_up_behavior.so[0m
[131.425s] [ 50%] Built target nav2_back_up_behavior
[131.447s] [ 55%] [32mBuilding CXX object test/CMakeFiles/test_behaviors.dir/test_behaviors.cpp.o[0m
[131.488s] [ 60%] [32m[1mLinking CXX shared library libbehavior_server_core.so[0m
[131.793s] [ 60%] Built target behavior_server_core
[131.813s] [ 65%] [32mBuilding CXX object CMakeFiles/nav2_drive_on_heading_behavior.dir/plugins/drive_on_heading.cpp.o[0m
[140.115s] [ 70%] [32m[1mLinking CXX shared library libnav2_assisted_teleop_behavior.so[0m
[140.606s] [ 70%] Built target nav2_assisted_teleop_behavior
[140.634s] [ 80%] [32mBuilding CXX object CMakeFiles/nav2_wait_behavior.dir/plugins/wait.cpp.o[0m
[140.634s] [ 80%] [32mBuilding CXX object CMakeFiles/behavior_server.dir/src/main.cpp.o[0m
[141.716s] [ 85%] [32m[1mLinking CXX shared library libnav2_drive_on_heading_behavior.so[0m
[142.106s] [ 85%] Built target nav2_drive_on_heading_behavior
[145.975s] [ 90%] [32m[1mLinking CXX executable test_behaviors[0m
[146.447s] [ 90%] Built target test_behaviors
[147.118s] [ 95%] [32m[1mLinking CXX executable behavior_server[0m
[147.528s] [ 95%] Built target behavior_server
[151.849s] [100%] [32m[1mLinking CXX shared library libnav2_wait_behavior.so[0m
[152.211s] [100%] Built target nav2_wait_behavior
[152.228s] Invoked command in '/home/derek/work/build/nav2_behaviors' returned '0': AMENT_PREFIX_PATH=/home/derek/work/install/nav2_core:/home/derek/work/install/nav2_costmap_2d:/home/derek/work/install/nav2_behavior_tree:/home/derek/work/install/nav2_util:/home/derek/work/install/nav2_voxel_grid:/home/derek/work/install/nav2_msgs:/home/derek/work/install/nav2_common:${AMENT_PREFIX_PATH} CMAKE_PREFIX_PATH=/home/derek/work/install/nav2_core:/home/derek/work/install/nav2_costmap_2d:/home/derek/work/install/nav2_behavior_tree:/home/derek/work/install/nav2_util:/home/derek/work/install/nav2_voxel_grid:/home/derek/work/install/nav2_msgs:/home/derek/work/install/nav2_common:/opt/ros/humble LD_LIBRARY_PATH=/home/derek/work/install/nav2_costmap_2d/lib:/home/derek/work/install/nav2_behavior_tree/lib:/home/derek/work/install/nav2_util/lib:/home/derek/work/install/nav2_voxel_grid/lib:/home/derek/work/install/nav2_msgs/lib:/usr/lib/x86_64-linux-gnu/gazebo-11/plugins:/opt/ros/humble/opt/rviz_ogre_vendor/lib:/opt/ros/humble/lib/x86_64-linux-gnu:/opt/ros/humble/lib:/usr/local/nvidia/lib:/usr/local/nvidia/lib64:/usr/share/gazebo/../../lib/x86_64-linux-gnu/gazebo-11/plugins PYTHONPATH=/home/derek/work/install/nav2_msgs/local/lib/python3.10/dist-packages:/home/derek/work/install/nav2_common/local/lib/python3.10/dist-packages:${PYTHONPATH} /usr/bin/cmake --build /home/derek/work/build/nav2_behaviors -- -j16 -l16
[152.285s] Invoking command in '/home/derek/work/build/nav2_behaviors': AMENT_PREFIX_PATH=/home/derek/work/install/nav2_core:/home/derek/work/install/nav2_costmap_2d:/home/derek/work/install/nav2_behavior_tree:/home/derek/work/install/nav2_util:/home/derek/work/install/nav2_voxel_grid:/home/derek/work/install/nav2_msgs:/home/derek/work/install/nav2_common:${AMENT_PREFIX_PATH} CMAKE_PREFIX_PATH=/home/derek/work/install/nav2_core:/home/derek/work/install/nav2_costmap_2d:/home/derek/work/install/nav2_behavior_tree:/home/derek/work/install/nav2_util:/home/derek/work/install/nav2_voxel_grid:/home/derek/work/install/nav2_msgs:/home/derek/work/install/nav2_common:/opt/ros/humble LD_LIBRARY_PATH=/home/derek/work/install/nav2_costmap_2d/lib:/home/derek/work/install/nav2_behavior_tree/lib:/home/derek/work/install/nav2_util/lib:/home/derek/work/install/nav2_voxel_grid/lib:/home/derek/work/install/nav2_msgs/lib:/usr/lib/x86_64-linux-gnu/gazebo-11/plugins:/opt/ros/humble/opt/rviz_ogre_vendor/lib:/opt/ros/humble/lib/x86_64-linux-gnu:/opt/ros/humble/lib:/usr/local/nvidia/lib:/usr/local/nvidia/lib64:/usr/share/gazebo/../../lib/x86_64-linux-gnu/gazebo-11/plugins PYTHONPATH=/home/derek/work/install/nav2_msgs/local/lib/python3.10/dist-packages:/home/derek/work/install/nav2_common/local/lib/python3.10/dist-packages:${PYTHONPATH} /usr/bin/cmake --install /home/derek/work/build/nav2_behaviors
[152.294s] -- Install configuration: "Release"
[152.294s] -- Installing: /home/derek/work/install/nav2_behaviors/share/nav2_behaviors/behavior_plugin.xml
[152.294s] -- Installing: /home/derek/work/install/nav2_behaviors/lib/libbehavior_server_core.so
[152.295s] -- Set runtime path of "/home/derek/work/install/nav2_behaviors/lib/libbehavior_server_core.so" to ""
[152.295s] -- Installing: /home/derek/work/install/nav2_behaviors/lib/libnav2_spin_behavior.so
[152.296s] -- Set runtime path of "/home/derek/work/install/nav2_behaviors/lib/libnav2_spin_behavior.so" to ""
[152.296s] -- Installing: /home/derek/work/install/nav2_behaviors/lib/libnav2_wait_behavior.so
[152.298s] -- Set runtime path of "/home/derek/work/install/nav2_behaviors/lib/libnav2_wait_behavior.so" to ""
[152.298s] -- Installing: /home/derek/work/install/nav2_behaviors/lib/libnav2_assisted_teleop_behavior.so
[152.300s] -- Set runtime path of "/home/derek/work/install/nav2_behaviors/lib/libnav2_assisted_teleop_behavior.so" to ""
[152.300s] -- Installing: /home/derek/work/install/nav2_behaviors/lib/libnav2_drive_on_heading_behavior.so
[152.301s] -- Set runtime path of "/home/derek/work/install/nav2_behaviors/lib/libnav2_drive_on_heading_behavior.so" to ""
[152.301s] -- Installing: /home/derek/work/install/nav2_behaviors/lib/libnav2_back_up_behavior.so
[152.302s] -- Set runtime path of "/home/derek/work/install/nav2_behaviors/lib/libnav2_back_up_behavior.so" to ""
[152.302s] -- Installing: /home/derek/work/install/nav2_behaviors/lib/nav2_behaviors/behavior_server
[152.302s] -- Set runtime path of "/home/derek/work/install/nav2_behaviors/lib/nav2_behaviors/behavior_server" to ""
[152.302s] -- Installing: /home/derek/work/install/nav2_behaviors/include/
[152.302s] -- Installing: /home/derek/work/install/nav2_behaviors/include//nav2_behaviors
[152.303s] -- Installing: /home/derek/work/install/nav2_behaviors/include//nav2_behaviors/timed_behavior.hpp
[152.303s] -- Installing: /home/derek/work/install/nav2_behaviors/include//nav2_behaviors/behavior_server.hpp
[152.303s] -- Installing: /home/derek/work/install/nav2_behaviors/include//nav2_behaviors/plugins
[152.303s] -- Installing: /home/derek/work/install/nav2_behaviors/include//nav2_behaviors/plugins/spin.hpp
[152.303s] -- Installing: /home/derek/work/install/nav2_behaviors/include//nav2_behaviors/plugins/back_up.hpp
[152.303s] -- Installing: /home/derek/work/install/nav2_behaviors/include//nav2_behaviors/plugins/drive_on_heading.hpp
[152.303s] -- Installing: /home/derek/work/install/nav2_behaviors/include//nav2_behaviors/plugins/wait.hpp
[152.304s] -- Installing: /home/derek/work/install/nav2_behaviors/include//nav2_behaviors/plugins/assisted_teleop.hpp
[152.304s] -- Up-to-date: /home/derek/work/install/nav2_behaviors/share/nav2_behaviors/behavior_plugin.xml
[152.304s] -- Installing: /home/derek/work/install/nav2_behaviors/share/nav2_behaviors/plugins/
[152.304s] -- Installing: /home/derek/work/install/nav2_behaviors/share/nav2_behaviors/plugins//drive_on_heading.cpp
[152.304s] -- Installing: /home/derek/work/install/nav2_behaviors/share/nav2_behaviors/plugins//back_up.cpp
[152.304s] -- Installing: /home/derek/work/install/nav2_behaviors/share/nav2_behaviors/plugins//spin.cpp
[152.304s] -- Installing: /home/derek/work/install/nav2_behaviors/share/nav2_behaviors/plugins//wait.cpp
[152.304s] -- Installing: /home/derek/work/install/nav2_behaviors/share/nav2_behaviors/plugins//assisted_teleop.cpp
[152.304s] -- Installing: /home/derek/work/install/nav2_behaviors/share/nav2_behaviors/environment/library_path.sh
[152.304s] -- Installing: /home/derek/work/install/nav2_behaviors/share/nav2_behaviors/environment/library_path.dsv
[152.304s] -- Installing: /home/derek/work/install/nav2_behaviors/share/ament_index/resource_index/package_run_dependencies/nav2_behaviors
[152.305s] -- Installing: /home/derek/work/install/nav2_behaviors/share/ament_index/resource_index/parent_prefix_path/nav2_behaviors
[152.306s] -- Installing: /home/derek/work/install/nav2_behaviors/share/nav2_behaviors/environment/ament_prefix_path.sh
[152.306s] -- Installing: /home/derek/work/install/nav2_behaviors/share/nav2_behaviors/environment/ament_prefix_path.dsv
[152.306s] -- Installing: /home/derek/work/install/nav2_behaviors/share/nav2_behaviors/environment/path.sh
[152.306s] -- Installing: /home/derek/work/install/nav2_behaviors/share/nav2_behaviors/environment/path.dsv
[152.306s] -- Installing: /home/derek/work/install/nav2_behaviors/share/nav2_behaviors/local_setup.bash
[152.306s] -- Installing: /home/derek/work/install/nav2_behaviors/share/nav2_behaviors/local_setup.sh
[152.306s] -- Installing: /home/derek/work/install/nav2_behaviors/share/nav2_behaviors/local_setup.zsh
[152.306s] -- Installing: /home/derek/work/install/nav2_behaviors/share/nav2_behaviors/local_setup.dsv
[152.306s] -- Installing: /home/derek/work/install/nav2_behaviors/share/nav2_behaviors/package.dsv
[152.306s] -- Installing: /home/derek/work/install/nav2_behaviors/share/ament_index/resource_index/packages/nav2_behaviors
[152.306s] -- Installing: /home/derek/work/install/nav2_behaviors/share/ament_index/resource_index/nav2_core__pluginlib__plugin/nav2_behaviors
[152.306s] -- Installing: /home/derek/work/install/nav2_behaviors/share/ament_index/resource_index/rclcpp_components/nav2_behaviors
[152.307s] -- Installing: /home/derek/work/install/nav2_behaviors/share/nav2_behaviors/cmake/ament_cmake_export_include_directories-extras.cmake
[152.307s] -- Installing: /home/derek/work/install/nav2_behaviors/share/nav2_behaviors/cmake/ament_cmake_export_libraries-extras.cmake
[152.307s] -- Installing: /home/derek/work/install/nav2_behaviors/share/nav2_behaviors/cmake/ament_cmake_export_dependencies-extras.cmake
[152.307s] -- Installing: /home/derek/work/install/nav2_behaviors/share/nav2_behaviors/cmake/nav2_behaviorsConfig.cmake
[152.307s] -- Installing: /home/derek/work/install/nav2_behaviors/share/nav2_behaviors/cmake/nav2_behaviorsConfig-version.cmake
[152.307s] -- Installing: /home/derek/work/install/nav2_behaviors/share/nav2_behaviors/package.xml
[152.313s] Invoked command in '/home/derek/work/build/nav2_behaviors' returned '0': AMENT_PREFIX_PATH=/home/derek/work/install/nav2_core:/home/derek/work/install/nav2_costmap_2d:/home/derek/work/install/nav2_behavior_tree:/home/derek/work/install/nav2_util:/home/derek/work/install/nav2_voxel_grid:/home/derek/work/install/nav2_msgs:/home/derek/work/install/nav2_common:${AMENT_PREFIX_PATH} CMAKE_PREFIX_PATH=/home/derek/work/install/nav2_core:/home/derek/work/install/nav2_costmap_2d:/home/derek/work/install/nav2_behavior_tree:/home/derek/work/install/nav2_util:/home/derek/work/install/nav2_voxel_grid:/home/derek/work/install/nav2_msgs:/home/derek/work/install/nav2_common:/opt/ros/humble LD_LIBRARY_PATH=/home/derek/work/install/nav2_costmap_2d/lib:/home/derek/work/install/nav2_behavior_tree/lib:/home/derek/work/install/nav2_util/lib:/home/derek/work/install/nav2_voxel_grid/lib:/home/derek/work/install/nav2_msgs/lib:/usr/lib/x86_64-linux-gnu/gazebo-11/plugins:/opt/ros/humble/opt/rviz_ogre_vendor/lib:/opt/ros/humble/lib/x86_64-linux-gnu:/opt/ros/humble/lib:/usr/local/nvidia/lib:/usr/local/nvidia/lib64:/usr/share/gazebo/../../lib/x86_64-linux-gnu/gazebo-11/plugins PYTHONPATH=/home/derek/work/install/nav2_msgs/local/lib/python3.10/dist-packages:/home/derek/work/install/nav2_common/local/lib/python3.10/dist-packages:${PYTHONPATH} /usr/bin/cmake --install /home/derek/work/build/nav2_behaviors
