[0.175s] Invoking command in '/home/derek/work/build/nav2_smac_planner': AMENT_PREFIX_PATH=/home/derek/work/install/nav2_core:/home/derek/work/install/nav2_costmap_2d:/home/derek/work/install/nav2_util:/home/derek/work/install/nav2_voxel_grid:/home/derek/work/install/nav2_msgs:/home/derek/work/install/nav2_common:${AMENT_PREFIX_PATH} CMAKE_PREFIX_PATH=/home/derek/work/install/nav2_core:/home/derek/work/install/nav2_costmap_2d:/home/derek/work/install/nav2_util:/home/derek/work/install/nav2_voxel_grid:/home/derek/work/install/nav2_msgs:/home/derek/work/install/nav2_common:/opt/ros/humble LD_LIBRARY_PATH=/home/derek/work/install/nav2_costmap_2d/lib:/home/derek/work/install/nav2_util/lib:/home/derek/work/install/nav2_voxel_grid/lib:/home/derek/work/install/nav2_msgs/lib:/usr/lib/x86_64-linux-gnu/gazebo-11/plugins:/opt/ros/humble/opt/rviz_ogre_vendor/lib:/opt/ros/humble/lib/x86_64-linux-gnu:/opt/ros/humble/lib:/usr/local/nvidia/lib:/usr/local/nvidia/lib64:/usr/share/gazebo/../../lib/x86_64-linux-gnu/gazebo-11/plugins PYTHONPATH=/home/derek/work/install/nav2_msgs/local/lib/python3.10/dist-packages:/home/derek/work/install/nav2_common/local/lib/python3.10/dist-packages:${PYTHONPATH} /usr/bin/cmake --build /home/derek/work/build/nav2_smac_planner -- -j16 -l16
[0.261s] [35m[1mConsolidate compiler generated dependencies of target nav2_smac_planner_2d[0m
[0.267s] [35m[1mConsolidate compiler generated dependencies of target nav2_smac_planner[0m
[0.279s] [35m[1mConsolidate compiler generated dependencies of target gtest_main[0m
[0.280s] [35m[1mConsolidate compiler generated dependencies of target nav2_smac_planner_lattice[0m
[0.281s] [35m[1mConsolidate compiler generated dependencies of target gtest[0m
[0.310s] [  3%] Built target gtest_main
[0.310s] [  6%] Built target gtest
[0.354s] [ 25%] Built target nav2_smac_planner_2d
[0.375s] [ 44%] Built target nav2_smac_planner
[0.377s] [35m[1mConsolidate compiler generated dependencies of target test_smac_2d[0m
[0.392s] [ 62%] Built target nav2_smac_planner_lattice
[0.395s] [35m[1mConsolidate compiler generated dependencies of target test_costmap_downsampler[0m
[0.395s] [35m[1mConsolidate compiler generated dependencies of target test_nodehybrid[0m
[0.395s] [35m[1mConsolidate compiler generated dependencies of target test_node2d[0m
[0.398s] [35m[1mConsolidate compiler generated dependencies of target test_nodebasic[0m
[0.400s] [35m[1mConsolidate compiler generated dependencies of target test_collision_checker[0m
[0.403s] [35m[1mConsolidate compiler generated dependencies of target test_a_star[0m
[0.414s] [35m[1mConsolidate compiler generated dependencies of target test_smac_hybrid[0m
[0.418s] [35m[1mConsolidate compiler generated dependencies of target test_lattice_node[0m
[0.427s] [ 66%] Built target test_costmap_downsampler
[0.430s] [ 69%] Built target test_smac_2d
[0.430s] [ 72%] Built target test_node2d
[0.431s] [ 76%] Built target test_nodehybrid
[0.431s] [ 79%] Built target test_nodebasic
[0.432s] [ 83%] Built target test_collision_checker
[0.438s] [ 86%] Built target test_a_star
[0.445s] [35m[1mConsolidate compiler generated dependencies of target test_smac_lattice[0m
[0.445s] [35m[1mConsolidate compiler generated dependencies of target test_smoother[0m
[0.448s] [ 89%] Built target test_lattice_node
[0.449s] [ 93%] Built target test_smac_hybrid
[0.480s] [ 96%] Built target test_smac_lattice
[0.480s] [100%] Built target test_smoother
[0.593s] Invoked command in '/home/derek/work/build/nav2_smac_planner' returned '0': AMENT_PREFIX_PATH=/home/derek/work/install/nav2_core:/home/derek/work/install/nav2_costmap_2d:/home/derek/work/install/nav2_util:/home/derek/work/install/nav2_voxel_grid:/home/derek/work/install/nav2_msgs:/home/derek/work/install/nav2_common:${AMENT_PREFIX_PATH} CMAKE_PREFIX_PATH=/home/derek/work/install/nav2_core:/home/derek/work/install/nav2_costmap_2d:/home/derek/work/install/nav2_util:/home/derek/work/install/nav2_voxel_grid:/home/derek/work/install/nav2_msgs:/home/derek/work/install/nav2_common:/opt/ros/humble LD_LIBRARY_PATH=/home/derek/work/install/nav2_costmap_2d/lib:/home/derek/work/install/nav2_util/lib:/home/derek/work/install/nav2_voxel_grid/lib:/home/derek/work/install/nav2_msgs/lib:/usr/lib/x86_64-linux-gnu/gazebo-11/plugins:/opt/ros/humble/opt/rviz_ogre_vendor/lib:/opt/ros/humble/lib/x86_64-linux-gnu:/opt/ros/humble/lib:/usr/local/nvidia/lib:/usr/local/nvidia/lib64:/usr/share/gazebo/../../lib/x86_64-linux-gnu/gazebo-11/plugins PYTHONPATH=/home/derek/work/install/nav2_msgs/local/lib/python3.10/dist-packages:/home/derek/work/install/nav2_common/local/lib/python3.10/dist-packages:${PYTHONPATH} /usr/bin/cmake --build /home/derek/work/build/nav2_smac_planner -- -j16 -l16
[1.082s] Invoking command in '/home/derek/work/build/nav2_smac_planner': AMENT_PREFIX_PATH=/home/derek/work/install/nav2_core:/home/derek/work/install/nav2_costmap_2d:/home/derek/work/install/nav2_util:/home/derek/work/install/nav2_voxel_grid:/home/derek/work/install/nav2_msgs:/home/derek/work/install/nav2_common:${AMENT_PREFIX_PATH} CMAKE_PREFIX_PATH=/home/derek/work/install/nav2_core:/home/derek/work/install/nav2_costmap_2d:/home/derek/work/install/nav2_util:/home/derek/work/install/nav2_voxel_grid:/home/derek/work/install/nav2_msgs:/home/derek/work/install/nav2_common:/opt/ros/humble LD_LIBRARY_PATH=/home/derek/work/install/nav2_costmap_2d/lib:/home/derek/work/install/nav2_util/lib:/home/derek/work/install/nav2_voxel_grid/lib:/home/derek/work/install/nav2_msgs/lib:/usr/lib/x86_64-linux-gnu/gazebo-11/plugins:/opt/ros/humble/opt/rviz_ogre_vendor/lib:/opt/ros/humble/lib/x86_64-linux-gnu:/opt/ros/humble/lib:/usr/local/nvidia/lib:/usr/local/nvidia/lib64:/usr/share/gazebo/../../lib/x86_64-linux-gnu/gazebo-11/plugins PYTHONPATH=/home/derek/work/install/nav2_msgs/local/lib/python3.10/dist-packages:/home/derek/work/install/nav2_common/local/lib/python3.10/dist-packages:${PYTHONPATH} /usr/bin/cmake --install /home/derek/work/build/nav2_smac_planner
[1.265s] -- Install configuration: "Release"
[1.265s] -- Up-to-date: /home/derek/work/install/nav2_smac_planner/share/nav2_smac_planner/smac_plugin_hybrid.xml
[1.265s] -- Up-to-date: /home/derek/work/install/nav2_smac_planner/share/nav2_smac_planner/smac_plugin_2d.xml
[1.266s] -- Up-to-date: /home/derek/work/install/nav2_smac_planner/share/nav2_smac_planner/smac_plugin_lattice.xml
[1.266s] -- Up-to-date: /home/derek/work/install/nav2_smac_planner/lib/libnav2_smac_planner.so
[1.266s] -- Up-to-date: /home/derek/work/install/nav2_smac_planner/lib/libnav2_smac_planner_2d.so
[1.266s] -- Up-to-date: /home/derek/work/install/nav2_smac_planner/lib/libnav2_smac_planner_lattice.so
[1.266s] -- Up-to-date: /home/derek/work/install/nav2_smac_planner/include/
[1.266s] -- Up-to-date: /home/derek/work/install/nav2_smac_planner/include//nav2_smac_planner
[1.266s] -- Up-to-date: /home/derek/work/install/nav2_smac_planner/include//nav2_smac_planner/node_lattice.hpp
[1.267s] -- Up-to-date: /home/derek/work/install/nav2_smac_planner/include//nav2_smac_planner/collision_checker.hpp
[1.267s] -- Up-to-date: /home/derek/work/install/nav2_smac_planner/include//nav2_smac_planner/node_2d.hpp
[1.267s] -- Up-to-date: /home/derek/work/install/nav2_smac_planner/include//nav2_smac_planner/node_hybrid.hpp
[1.267s] -- Up-to-date: /home/derek/work/install/nav2_smac_planner/include//nav2_smac_planner/smac_planner_2d.hpp
[1.267s] -- Up-to-date: /home/derek/work/install/nav2_smac_planner/include//nav2_smac_planner/a_star.hpp
[1.267s] -- Up-to-date: /home/derek/work/install/nav2_smac_planner/include//nav2_smac_planner/analytic_expansion.hpp
[1.268s] -- Up-to-date: /home/derek/work/install/nav2_smac_planner/include//nav2_smac_planner/utils.hpp
[1.268s] -- Up-to-date: /home/derek/work/install/nav2_smac_planner/include//nav2_smac_planner/thirdparty
[1.268s] -- Up-to-date: /home/derek/work/install/nav2_smac_planner/include//nav2_smac_planner/thirdparty/robin_hood.h
[1.268s] -- Up-to-date: /home/derek/work/install/nav2_smac_planner/include//nav2_smac_planner/constants.hpp
[1.268s] -- Up-to-date: /home/derek/work/install/nav2_smac_planner/include//nav2_smac_planner/types.hpp
[1.269s] -- Up-to-date: /home/derek/work/install/nav2_smac_planner/include//nav2_smac_planner/smac_planner_hybrid.hpp
[1.269s] -- Up-to-date: /home/derek/work/install/nav2_smac_planner/include//nav2_smac_planner/smoother.hpp
[1.269s] -- Up-to-date: /home/derek/work/install/nav2_smac_planner/include//nav2_smac_planner/smac_planner_lattice.hpp
[1.269s] -- Up-to-date: /home/derek/work/install/nav2_smac_planner/include//nav2_smac_planner/node_basic.hpp
[1.269s] -- Up-to-date: /home/derek/work/install/nav2_smac_planner/include//nav2_smac_planner/costmap_downsampler.hpp
[1.269s] -- Up-to-date: /home/derek/work/install/nav2_smac_planner/share/nav2_smac_planner/sample_primitives
[1.269s] -- Up-to-date: /home/derek/work/install/nav2_smac_planner/share/nav2_smac_planner/sample_primitives/5cm_resolution
[1.270s] -- Up-to-date: /home/derek/work/install/nav2_smac_planner/share/nav2_smac_planner/sample_primitives/5cm_resolution/1m_turning_radius
[1.270s] -- Up-to-date: /home/derek/work/install/nav2_smac_planner/share/nav2_smac_planner/sample_primitives/5cm_resolution/1m_turning_radius/omni
[1.270s] -- Up-to-date: /home/derek/work/install/nav2_smac_planner/share/nav2_smac_planner/sample_primitives/5cm_resolution/1m_turning_radius/omni/output.json
[1.270s] -- Up-to-date: /home/derek/work/install/nav2_smac_planner/share/nav2_smac_planner/sample_primitives/5cm_resolution/1m_turning_radius/diff
[1.270s] -- Up-to-date: /home/derek/work/install/nav2_smac_planner/share/nav2_smac_planner/sample_primitives/5cm_resolution/1m_turning_radius/diff/output.json
[1.270s] -- Up-to-date: /home/derek/work/install/nav2_smac_planner/share/nav2_smac_planner/sample_primitives/5cm_resolution/1m_turning_radius/ackermann
[1.271s] -- Up-to-date: /home/derek/work/install/nav2_smac_planner/share/nav2_smac_planner/sample_primitives/5cm_resolution/1m_turning_radius/ackermann/output.json
[1.271s] -- Up-to-date: /home/derek/work/install/nav2_smac_planner/share/nav2_smac_planner/sample_primitives/5cm_resolution/1m_turning_radius/all_trajectories.png
[1.271s] -- Up-to-date: /home/derek/work/install/nav2_smac_planner/share/nav2_smac_planner/sample_primitives/5cm_resolution/0.5m_turning_radius
[1.271s] -- Up-to-date: /home/derek/work/install/nav2_smac_planner/share/nav2_smac_planner/sample_primitives/5cm_resolution/0.5m_turning_radius/omni
[1.271s] -- Up-to-date: /home/derek/work/install/nav2_smac_planner/share/nav2_smac_planner/sample_primitives/5cm_resolution/0.5m_turning_radius/omni/output.json
[1.271s] -- Up-to-date: /home/derek/work/install/nav2_smac_planner/share/nav2_smac_planner/sample_primitives/5cm_resolution/0.5m_turning_radius/diff
[1.271s] -- Up-to-date: /home/derek/work/install/nav2_smac_planner/share/nav2_smac_planner/sample_primitives/5cm_resolution/0.5m_turning_radius/diff/output.json
[1.272s] -- Up-to-date: /home/derek/work/install/nav2_smac_planner/share/nav2_smac_planner/sample_primitives/5cm_resolution/0.5m_turning_radius/ackermann
[1.272s] -- Up-to-date: /home/derek/work/install/nav2_smac_planner/share/nav2_smac_planner/sample_primitives/5cm_resolution/0.5m_turning_radius/ackermann/output.json
[1.272s] -- Up-to-date: /home/derek/work/install/nav2_smac_planner/share/nav2_smac_planner/sample_primitives/5cm_resolution/0.5m_turning_radius/all_trajectories.png
[1.272s] -- Up-to-date: /home/derek/work/install/nav2_smac_planner/share/nav2_smac_planner/environment/library_path.sh
[1.272s] -- Up-to-date: /home/derek/work/install/nav2_smac_planner/share/nav2_smac_planner/environment/library_path.dsv
[1.273s] -- Up-to-date: /home/derek/work/install/nav2_smac_planner/share/ament_index/resource_index/package_run_dependencies/nav2_smac_planner
[1.273s] -- Up-to-date: /home/derek/work/install/nav2_smac_planner/share/ament_index/resource_index/parent_prefix_path/nav2_smac_planner
[1.273s] -- Up-to-date: /home/derek/work/install/nav2_smac_planner/share/nav2_smac_planner/environment/ament_prefix_path.sh
[1.273s] -- Up-to-date: /home/derek/work/install/nav2_smac_planner/share/nav2_smac_planner/environment/ament_prefix_path.dsv
[1.273s] -- Up-to-date: /home/derek/work/install/nav2_smac_planner/share/nav2_smac_planner/environment/path.sh
[1.273s] -- Up-to-date: /home/derek/work/install/nav2_smac_planner/share/nav2_smac_planner/environment/path.dsv
[1.274s] -- Up-to-date: /home/derek/work/install/nav2_smac_planner/share/nav2_smac_planner/local_setup.bash
[1.274s] -- Up-to-date: /home/derek/work/install/nav2_smac_planner/share/nav2_smac_planner/local_setup.sh
[1.274s] -- Up-to-date: /home/derek/work/install/nav2_smac_planner/share/nav2_smac_planner/local_setup.zsh
[1.274s] -- Up-to-date: /home/derek/work/install/nav2_smac_planner/share/nav2_smac_planner/local_setup.dsv
[1.274s] -- Installing: /home/derek/work/install/nav2_smac_planner/share/nav2_smac_planner/package.dsv
[1.274s] -- Up-to-date: /home/derek/work/install/nav2_smac_planner/share/ament_index/resource_index/packages/nav2_smac_planner
[1.274s] -- Up-to-date: /home/derek/work/install/nav2_smac_planner/share/ament_index/resource_index/nav2_core__pluginlib__plugin/nav2_smac_planner
[1.274s] -- Up-to-date: /home/derek/work/install/nav2_smac_planner/share/nav2_smac_planner/cmake/ament_cmake_export_include_directories-extras.cmake
[1.274s] -- Up-to-date: /home/derek/work/install/nav2_smac_planner/share/nav2_smac_planner/cmake/ament_cmake_export_libraries-extras.cmake
[1.274s] -- Up-to-date: /home/derek/work/install/nav2_smac_planner/share/nav2_smac_planner/cmake/ament_cmake_export_dependencies-extras.cmake
[1.274s] -- Up-to-date: /home/derek/work/install/nav2_smac_planner/share/nav2_smac_planner/cmake/nav2_smac_plannerConfig.cmake
[1.274s] -- Up-to-date: /home/derek/work/install/nav2_smac_planner/share/nav2_smac_planner/cmake/nav2_smac_plannerConfig-version.cmake
[1.275s] -- Up-to-date: /home/derek/work/install/nav2_smac_planner/share/nav2_smac_planner/package.xml
[1.803s] Invoked command in '/home/derek/work/build/nav2_smac_planner' returned '0': AMENT_PREFIX_PATH=/home/derek/work/install/nav2_core:/home/derek/work/install/nav2_costmap_2d:/home/derek/work/install/nav2_util:/home/derek/work/install/nav2_voxel_grid:/home/derek/work/install/nav2_msgs:/home/derek/work/install/nav2_common:${AMENT_PREFIX_PATH} CMAKE_PREFIX_PATH=/home/derek/work/install/nav2_core:/home/derek/work/install/nav2_costmap_2d:/home/derek/work/install/nav2_util:/home/derek/work/install/nav2_voxel_grid:/home/derek/work/install/nav2_msgs:/home/derek/work/install/nav2_common:/opt/ros/humble LD_LIBRARY_PATH=/home/derek/work/install/nav2_costmap_2d/lib:/home/derek/work/install/nav2_util/lib:/home/derek/work/install/nav2_voxel_grid/lib:/home/derek/work/install/nav2_msgs/lib:/usr/lib/x86_64-linux-gnu/gazebo-11/plugins:/opt/ros/humble/opt/rviz_ogre_vendor/lib:/opt/ros/humble/lib/x86_64-linux-gnu:/opt/ros/humble/lib:/usr/local/nvidia/lib:/usr/local/nvidia/lib64:/usr/share/gazebo/../../lib/x86_64-linux-gnu/gazebo-11/plugins PYTHONPATH=/home/derek/work/install/nav2_msgs/local/lib/python3.10/dist-packages:/home/derek/work/install/nav2_common/local/lib/python3.10/dist-packages:${PYTHONPATH} /usr/bin/cmake --install /home/derek/work/build/nav2_smac_planner
