[0.071s] Invoking command in '/home/derek/work/build/dwb_msgs': AMENT_PREFIX_PATH=/home/derek/work/install/nav_2d_msgs:${AMENT_PREFIX_PATH} CMAKE_PREFIX_PATH=/home/derek/work/install/nav_2d_msgs:/opt/ros/humble LD_LIBRARY_PATH=/home/derek/work/install/nav_2d_msgs/lib:/usr/lib/x86_64-linux-gnu/gazebo-11/plugins:/opt/ros/humble/opt/rviz_ogre_vendor/lib:/opt/ros/humble/lib/x86_64-linux-gnu:/opt/ros/humble/lib:/usr/local/nvidia/lib:/usr/local/nvidia/lib64:/usr/share/gazebo/../../lib/x86_64-linux-gnu/gazebo-11/plugins PYTHONPATH=/home/derek/work/install/nav_2d_msgs/local/lib/python3.10/dist-packages:${PYTHONPATH} /usr/bin/cmake /home/derek/work/src/navigation2/nav2_dwb_controller/dwb_msgs -DCMAKE_INSTALL_PREFIX=/home/derek/work/install/dwb_msgs
[0.132s] -- The C compiler identification is GNU 11.4.0
[0.196s] -- The CXX compiler identification is GNU 11.4.0
[0.205s] -- Detecting C compiler ABI info
[0.278s] -- Detecting C compiler ABI info - done
[0.288s] -- Check for working C compiler: /usr/bin/cc - skipped
[0.288s] -- Detecting C compile features
[0.289s] -- Detecting C compile features - done
[0.292s] -- Detecting CXX compiler ABI info
[0.366s] -- Detecting CXX compiler ABI info - done
[0.375s] -- Check for working CXX compiler: /usr/bin/c++ - skipped
[0.375s] -- Detecting CXX compile features
[0.375s] -- Detecting CXX compile features - done
[0.377s] -- Found builtin_interfaces: 1.2.1 (/opt/ros/humble/share/builtin_interfaces/cmake)
[1.003s] -- Found Python3: /usr/bin/python3.10 (found version "3.10.12") found components: Interpreter 
[1.154s] -- Found rosidl_generator_c: 3.1.5 (/opt/ros/humble/share/rosidl_generator_c/cmake)
[1.161s] -- Found rosidl_adapter: 3.1.5 (/opt/ros/humble/share/rosidl_adapter/cmake)
[1.171s] -- Found rosidl_generator_cpp: 3.1.5 (/opt/ros/humble/share/rosidl_generator_cpp/cmake)
[1.189s] -- Using all available rosidl_typesupport_c: rosidl_typesupport_fastrtps_c;rosidl_typesupport_introspection_c
[1.214s] -- Using all available rosidl_typesupport_cpp: rosidl_typesupport_fastrtps_cpp;rosidl_typesupport_introspection_cpp
[1.236s] -- Found geometry_msgs: 4.2.3 (/opt/ros/humble/share/geometry_msgs/cmake)
[1.331s] -- Found nav_2d_msgs: 1.1.13 (/home/derek/work/install/nav_2d_msgs/share/nav_2d_msgs/cmake)
[1.399s] -- Found nav_msgs: 4.2.3 (/opt/ros/humble/share/nav_msgs/cmake)
[1.477s] -- Found rosidl_default_generators: 1.2.0 (/opt/ros/humble/share/rosidl_default_generators/cmake)
[1.807s] -- Found ament_cmake_ros: 0.10.0 (/opt/ros/humble/share/ament_cmake_ros/cmake)
[2.226s] -- Using all available rosidl_typesupport_c: rosidl_typesupport_fastrtps_c;rosidl_typesupport_introspection_c
[2.408s] -- Using all available rosidl_typesupport_cpp: rosidl_typesupport_fastrtps_cpp;rosidl_typesupport_introspection_cpp
[2.427s] -- Found PythonInterp: /usr/bin/python3 (found suitable version "3.10.12", minimum required is "3.6") 
[2.428s] -- Found python_cmake_module: 0.10.0 (/opt/ros/humble/share/python_cmake_module/cmake)
[2.454s] -- Found PythonLibs: /usr/lib/x86_64-linux-gnu/libpython3.10.so (found suitable version "3.10.12", minimum required is "3.5") 
[2.454s] -- Using PYTHON_EXECUTABLE: /usr/bin/python3
[2.454s] -- Using PYTHON_INCLUDE_DIRS: /usr/include/python3.10
[2.454s] -- Using PYTHON_LIBRARIES: /usr/lib/x86_64-linux-gnu/libpython3.10.so
[2.477s] -- Found PythonExtra: .so  
[2.549s] -- Configuring done
[2.593s] -- Generating done
[2.594s] -- Build files have been written to: /home/derek/work/build/dwb_msgs
[2.603s] Invoked command in '/home/derek/work/build/dwb_msgs' returned '0': AMENT_PREFIX_PATH=/home/derek/work/install/nav_2d_msgs:${AMENT_PREFIX_PATH} CMAKE_PREFIX_PATH=/home/derek/work/install/nav_2d_msgs:/opt/ros/humble LD_LIBRARY_PATH=/home/derek/work/install/nav_2d_msgs/lib:/usr/lib/x86_64-linux-gnu/gazebo-11/plugins:/opt/ros/humble/opt/rviz_ogre_vendor/lib:/opt/ros/humble/lib/x86_64-linux-gnu:/opt/ros/humble/lib:/usr/local/nvidia/lib:/usr/local/nvidia/lib64:/usr/share/gazebo/../../lib/x86_64-linux-gnu/gazebo-11/plugins PYTHONPATH=/home/derek/work/install/nav_2d_msgs/local/lib/python3.10/dist-packages:${PYTHONPATH} /usr/bin/cmake /home/derek/work/src/navigation2/nav2_dwb_controller/dwb_msgs -DCMAKE_INSTALL_PREFIX=/home/derek/work/install/dwb_msgs
[2.605s] Invoking command in '/home/derek/work/build/dwb_msgs': AMENT_PREFIX_PATH=/home/derek/work/install/nav_2d_msgs:${AMENT_PREFIX_PATH} CMAKE_PREFIX_PATH=/home/derek/work/install/nav_2d_msgs:/opt/ros/humble LD_LIBRARY_PATH=/home/derek/work/install/nav_2d_msgs/lib:/usr/lib/x86_64-linux-gnu/gazebo-11/plugins:/opt/ros/humble/opt/rviz_ogre_vendor/lib:/opt/ros/humble/lib/x86_64-linux-gnu:/opt/ros/humble/lib:/usr/local/nvidia/lib:/usr/local/nvidia/lib64:/usr/share/gazebo/../../lib/x86_64-linux-gnu/gazebo-11/plugins PYTHONPATH=/home/derek/work/install/nav_2d_msgs/local/lib/python3.10/dist-packages:${PYTHONPATH} /usr/bin/cmake --build /home/derek/work/build/dwb_msgs -- -j16 -l16
[2.647s] [  1%] [34m[1mGenerating C code for ROS interfaces[0m
[2.654s] [  2%] [34m[1mGenerating C++ code for ROS interfaces[0m
[2.662s] [  2%] Built target ament_cmake_python_copy_dwb_msgs
[2.858s] running egg_info
[2.858s] creating dwb_msgs.egg-info
[2.858s] writing manifest file 'dwb_msgs.egg-info/SOURCES.txt'
[2.860s] writing manifest file 'dwb_msgs.egg-info/SOURCES.txt'
[2.887s] [  2%] Built target ament_cmake_python_build_dwb_msgs_egg
[3.500s] [  4%] [32mBuilding C object CMakeFiles/dwb_msgs__rosidl_generator_c.dir/rosidl_generator_c/dwb_msgs/msg/detail/local_plan_evaluation__functions.c.o[0m
[3.500s] [  4%] [32mBuilding C object CMakeFiles/dwb_msgs__rosidl_generator_c.dir/rosidl_generator_c/dwb_msgs/msg/detail/critic_score__functions.c.o[0m
[3.501s] [  5%] [32mBuilding C object CMakeFiles/dwb_msgs__rosidl_generator_c.dir/rosidl_generator_c/dwb_msgs/msg/detail/trajectory_score__functions.c.o[0m
[3.505s] [  6%] [32mBuilding C object CMakeFiles/dwb_msgs__rosidl_generator_c.dir/rosidl_generator_c/dwb_msgs/msg/detail/trajectory2_d__functions.c.o[0m
[3.508s] [  8%] [32mBuilding C object CMakeFiles/dwb_msgs__rosidl_generator_c.dir/rosidl_generator_c/dwb_msgs/srv/detail/generate_twists__functions.c.o[0m
[3.508s] [  8%] [32mBuilding C object CMakeFiles/dwb_msgs__rosidl_generator_c.dir/rosidl_generator_c/dwb_msgs/srv/detail/debug_local_plan__functions.c.o[0m
[3.508s] [  9%] [32mBuilding C object CMakeFiles/dwb_msgs__rosidl_generator_c.dir/rosidl_generator_c/dwb_msgs/srv/detail/generate_trajectory__functions.c.o[0m
[3.511s] [ 10%] [32mBuilding C object CMakeFiles/dwb_msgs__rosidl_generator_c.dir/rosidl_generator_c/dwb_msgs/srv/detail/score_trajectory__functions.c.o[0m
[3.516s] [ 11%] [32mBuilding C object CMakeFiles/dwb_msgs__rosidl_generator_c.dir/rosidl_generator_c/dwb_msgs/srv/detail/get_critic_score__functions.c.o[0m
[3.588s] [ 11%] Built target dwb_msgs__cpp
[3.597s] [ 12%] [34m[1mGenerating C++ type support dispatch for ROS interfaces[0m
[3.599s] [ 13%] [32m[1mLinking C shared library libdwb_msgs__rosidl_generator_c.so[0m
[3.599s] [ 14%] [34m[1mGenerating C++ type support for eProsima Fast-RTPS[0m
[3.600s] [ 15%] [34m[1mGenerating C++ introspection for ROS interfaces[0m
[3.640s] [ 15%] Built target dwb_msgs__rosidl_generator_c
[3.652s] [ 18%] [34m[1mGenerating C type support for eProsima Fast-RTPS[0m
[3.652s] [ 18%] [34m[1mGenerating C introspection for ROS interfaces[0m
[3.652s] [ 18%] [34m[1mGenerating C type support dispatch for ROS interfaces[0m
[4.158s] [ 20%] [32mBuilding CXX object CMakeFiles/dwb_msgs__rosidl_typesupport_cpp.dir/rosidl_typesupport_cpp/dwb_msgs/msg/critic_score__type_support.cpp.o[0m
[4.159s] [ 21%] [32mBuilding CXX object CMakeFiles/dwb_msgs__rosidl_typesupport_cpp.dir/rosidl_typesupport_cpp/dwb_msgs/srv/generate_trajectory__type_support.cpp.o[0m
[4.160s] [ 22%] [32mBuilding CXX object CMakeFiles/dwb_msgs__rosidl_typesupport_cpp.dir/rosidl_typesupport_cpp/dwb_msgs/msg/local_plan_evaluation__type_support.cpp.o[0m
[4.160s] [ 23%] [32mBuilding CXX object CMakeFiles/dwb_msgs__rosidl_typesupport_cpp.dir/rosidl_typesupport_cpp/dwb_msgs/srv/debug_local_plan__type_support.cpp.o[0m
[4.167s] [ 26%] [32mBuilding CXX object CMakeFiles/dwb_msgs__rosidl_typesupport_cpp.dir/rosidl_typesupport_cpp/dwb_msgs/msg/trajectory_score__type_support.cpp.o[0m
[4.167s] [ 26%] [32mBuilding CXX object CMakeFiles/dwb_msgs__rosidl_typesupport_cpp.dir/rosidl_typesupport_cpp/dwb_msgs/srv/score_trajectory__type_support.cpp.o[0m
[4.167s] [ 26%] [32mBuilding CXX object CMakeFiles/dwb_msgs__rosidl_typesupport_cpp.dir/rosidl_typesupport_cpp/dwb_msgs/msg/trajectory2_d__type_support.cpp.o[0m
[4.169s] [ 27%] [32mBuilding CXX object CMakeFiles/dwb_msgs__rosidl_typesupport_cpp.dir/rosidl_typesupport_cpp/dwb_msgs/srv/generate_twists__type_support.cpp.o[0m
[4.173s] [ 28%] [32mBuilding CXX object CMakeFiles/dwb_msgs__rosidl_typesupport_cpp.dir/rosidl_typesupport_cpp/dwb_msgs/srv/get_critic_score__type_support.cpp.o[0m
[4.580s] [ 29%] [32mBuilding CXX object CMakeFiles/dwb_msgs__rosidl_typesupport_introspection_cpp.dir/rosidl_typesupport_introspection_cpp/dwb_msgs/msg/detail/critic_score__type_support.cpp.o[0m
[4.585s] [ 30%] [32mBuilding CXX object CMakeFiles/dwb_msgs__rosidl_typesupport_introspection_cpp.dir/rosidl_typesupport_introspection_cpp/dwb_msgs/msg/detail/local_plan_evaluation__type_support.cpp.o[0m
[4.590s] [ 31%] [32mBuilding CXX object CMakeFiles/dwb_msgs__rosidl_typesupport_c.dir/rosidl_typesupport_c/dwb_msgs/msg/local_plan_evaluation__type_support.cpp.o[0m
[4.592s] [ 32%] [32mBuilding CXX object CMakeFiles/dwb_msgs__rosidl_typesupport_introspection_cpp.dir/rosidl_typesupport_introspection_cpp/dwb_msgs/msg/detail/trajectory2_d__type_support.cpp.o[0m
[4.597s] [ 34%] [32mBuilding CXX object CMakeFiles/dwb_msgs__rosidl_typesupport_c.dir/rosidl_typesupport_c/dwb_msgs/msg/critic_score__type_support.cpp.o[0m
[4.597s] [ 34%] [32mBuilding CXX object CMakeFiles/dwb_msgs__rosidl_typesupport_introspection_cpp.dir/rosidl_typesupport_introspection_cpp/dwb_msgs/msg/detail/trajectory_score__type_support.cpp.o[0m
[4.603s] [ 35%] [32mBuilding CXX object CMakeFiles/dwb_msgs__rosidl_typesupport_c.dir/rosidl_typesupport_c/dwb_msgs/msg/trajectory2_d__type_support.cpp.o[0m
[4.621s] [ 36%] [32mBuilding CXX object CMakeFiles/dwb_msgs__rosidl_typesupport_c.dir/rosidl_typesupport_c/dwb_msgs/msg/trajectory_score__type_support.cpp.o[0m
[4.621s] [ 37%] [32mBuilding CXX object CMakeFiles/dwb_msgs__rosidl_typesupport_c.dir/rosidl_typesupport_c/dwb_msgs/srv/generate_trajectory__type_support.cpp.o[0m
[4.629s] [ 38%] [32m[1mLinking CXX shared library libdwb_msgs__rosidl_typesupport_cpp.so[0m
[4.632s] [ 40%] [32mBuilding CXX object CMakeFiles/dwb_msgs__rosidl_typesupport_c.dir/rosidl_typesupport_c/dwb_msgs/srv/debug_local_plan__type_support.cpp.o[0m
[4.639s] [ 41%] [32mBuilding CXX object CMakeFiles/dwb_msgs__rosidl_typesupport_introspection_cpp.dir/rosidl_typesupport_introspection_cpp/dwb_msgs/srv/detail/debug_local_plan__type_support.cpp.o[0m
[4.648s] [ 42%] [32mBuilding CXX object CMakeFiles/dwb_msgs__rosidl_typesupport_introspection_cpp.dir/rosidl_typesupport_introspection_cpp/dwb_msgs/srv/detail/generate_trajectory__type_support.cpp.o[0m
[4.664s] [ 43%] [32mBuilding CXX object CMakeFiles/dwb_msgs__rosidl_typesupport_c.dir/rosidl_typesupport_c/dwb_msgs/srv/generate_twists__type_support.cpp.o[0m
[4.675s] [ 44%] [32mBuilding CXX object CMakeFiles/dwb_msgs__rosidl_typesupport_c.dir/rosidl_typesupport_c/dwb_msgs/srv/get_critic_score__type_support.cpp.o[0m
[4.697s] [ 45%] [32mBuilding CXX object CMakeFiles/dwb_msgs__rosidl_typesupport_c.dir/rosidl_typesupport_c/dwb_msgs/srv/score_trajectory__type_support.cpp.o[0m
[4.712s] [ 46%] [32mBuilding CXX object CMakeFiles/dwb_msgs__rosidl_typesupport_introspection_cpp.dir/rosidl_typesupport_introspection_cpp/dwb_msgs/srv/detail/generate_twists__type_support.cpp.o[0m
[4.726s] [ 47%] [32mBuilding C object CMakeFiles/dwb_msgs__rosidl_typesupport_introspection_c.dir/rosidl_typesupport_introspection_c/dwb_msgs/msg/detail/critic_score__type_support.c.o[0m
[4.741s] [ 48%] [32mBuilding C object CMakeFiles/dwb_msgs__rosidl_typesupport_introspection_c.dir/rosidl_typesupport_introspection_c/dwb_msgs/msg/detail/local_plan_evaluation__type_support.c.o[0m
[4.742s] [ 49%] [32mBuilding C object CMakeFiles/dwb_msgs__rosidl_typesupport_introspection_c.dir/rosidl_typesupport_introspection_c/dwb_msgs/msg/detail/trajectory2_d__type_support.c.o[0m
[4.761s] [ 50%] [32mBuilding CXX object CMakeFiles/dwb_msgs__rosidl_typesupport_introspection_cpp.dir/rosidl_typesupport_introspection_cpp/dwb_msgs/srv/detail/get_critic_score__type_support.cpp.o[0m
[4.774s] [ 50%] Built target dwb_msgs__rosidl_typesupport_cpp
[4.800s] [ 51%] [32mBuilding C object CMakeFiles/dwb_msgs__rosidl_typesupport_introspection_c.dir/rosidl_typesupport_introspection_c/dwb_msgs/srv/detail/debug_local_plan__type_support.c.o[0m
[4.825s] [ 52%] [32m[1mLinking CXX shared library libdwb_msgs__rosidl_typesupport_c.so[0m
[4.840s] [ 53%] [32mBuilding C object CMakeFiles/dwb_msgs__rosidl_typesupport_introspection_c.dir/rosidl_typesupport_introspection_c/dwb_msgs/msg/detail/trajectory_score__type_support.c.o[0m
[4.840s] [ 54%] [32mBuilding C object CMakeFiles/dwb_msgs__rosidl_typesupport_introspection_c.dir/rosidl_typesupport_introspection_c/dwb_msgs/srv/detail/generate_trajectory__type_support.c.o[0m
[4.843s] [ 55%] [32mBuilding CXX object CMakeFiles/dwb_msgs__rosidl_typesupport_introspection_cpp.dir/rosidl_typesupport_introspection_cpp/dwb_msgs/srv/detail/score_trajectory__type_support.cpp.o[0m
[4.914s] [ 56%] [32mBuilding C object CMakeFiles/dwb_msgs__rosidl_typesupport_introspection_c.dir/rosidl_typesupport_introspection_c/dwb_msgs/srv/detail/generate_twists__type_support.c.o[0m
[4.983s] [ 56%] Built target dwb_msgs__rosidl_typesupport_c
[4.988s] [ 57%] [32mBuilding C object CMakeFiles/dwb_msgs__rosidl_typesupport_introspection_c.dir/rosidl_typesupport_introspection_c/dwb_msgs/srv/detail/get_critic_score__type_support.c.o[0m
[5.010s] [ 58%] [32mBuilding C object CMakeFiles/dwb_msgs__rosidl_typesupport_introspection_c.dir/rosidl_typesupport_introspection_c/dwb_msgs/srv/detail/score_trajectory__type_support.c.o[0m
[5.055s] [ 60%] [32mBuilding CXX object CMakeFiles/dwb_msgs__rosidl_typesupport_fastrtps_cpp.dir/rosidl_typesupport_fastrtps_cpp/dwb_msgs/msg/detail/dds_fastrtps/critic_score__type_support.cpp.o[0m
[5.073s] [ 61%] [32mBuilding CXX object CMakeFiles/dwb_msgs__rosidl_typesupport_fastrtps_cpp.dir/rosidl_typesupport_fastrtps_cpp/dwb_msgs/msg/detail/dds_fastrtps/local_plan_evaluation__type_support.cpp.o[0m
[5.113s] [ 62%] [32mBuilding CXX object CMakeFiles/dwb_msgs__rosidl_typesupport_fastrtps_cpp.dir/rosidl_typesupport_fastrtps_cpp/dwb_msgs/msg/detail/dds_fastrtps/trajectory2_d__type_support.cpp.o[0m
[5.129s] [ 63%] [32mBuilding CXX object CMakeFiles/dwb_msgs__rosidl_typesupport_fastrtps_cpp.dir/rosidl_typesupport_fastrtps_cpp/dwb_msgs/msg/detail/dds_fastrtps/trajectory_score__type_support.cpp.o[0m
[5.133s] [ 64%] [32m[1mLinking C shared library libdwb_msgs__rosidl_typesupport_introspection_c.so[0m
[5.134s] [ 65%] [32mBuilding CXX object CMakeFiles/dwb_msgs__rosidl_typesupport_fastrtps_cpp.dir/rosidl_typesupport_fastrtps_cpp/dwb_msgs/srv/detail/dds_fastrtps/debug_local_plan__type_support.cpp.o[0m
[5.137s] [ 66%] [32mBuilding CXX object CMakeFiles/dwb_msgs__rosidl_typesupport_fastrtps_c.dir/rosidl_typesupport_fastrtps_c/dwb_msgs/msg/detail/critic_score__type_support_c.cpp.o[0m
[5.145s] [ 67%] [32mBuilding CXX object CMakeFiles/dwb_msgs__rosidl_typesupport_fastrtps_c.dir/rosidl_typesupport_fastrtps_c/dwb_msgs/msg/detail/local_plan_evaluation__type_support_c.cpp.o[0m
[5.205s] [ 68%] [32mBuilding CXX object CMakeFiles/dwb_msgs__rosidl_typesupport_fastrtps_cpp.dir/rosidl_typesupport_fastrtps_cpp/dwb_msgs/srv/detail/dds_fastrtps/generate_trajectory__type_support.cpp.o[0m
[5.213s] [ 69%] [32mBuilding CXX object CMakeFiles/dwb_msgs__rosidl_typesupport_fastrtps_c.dir/rosidl_typesupport_fastrtps_c/dwb_msgs/msg/detail/trajectory2_d__type_support_c.cpp.o[0m
[5.213s] [ 69%] Built target dwb_msgs__rosidl_typesupport_introspection_c
[5.222s] [ 70%] [32mBuilding CXX object CMakeFiles/dwb_msgs__rosidl_typesupport_fastrtps_c.dir/rosidl_typesupport_fastrtps_c/dwb_msgs/msg/detail/trajectory_score__type_support_c.cpp.o[0m
[5.257s] [ 71%] [32mBuilding CXX object CMakeFiles/dwb_msgs__rosidl_typesupport_fastrtps_c.dir/rosidl_typesupport_fastrtps_c/dwb_msgs/srv/detail/debug_local_plan__type_support_c.cpp.o[0m
[5.260s] [ 72%] [32mBuilding CXX object CMakeFiles/dwb_msgs__rosidl_typesupport_fastrtps_c.dir/rosidl_typesupport_fastrtps_c/dwb_msgs/srv/detail/generate_trajectory__type_support_c.cpp.o[0m
[5.325s] [ 73%] [32mBuilding CXX object CMakeFiles/dwb_msgs__rosidl_typesupport_fastrtps_c.dir/rosidl_typesupport_fastrtps_c/dwb_msgs/srv/detail/generate_twists__type_support_c.cpp.o[0m
[5.341s] [ 74%] [32mBuilding CXX object CMakeFiles/dwb_msgs__rosidl_typesupport_fastrtps_c.dir/rosidl_typesupport_fastrtps_c/dwb_msgs/srv/detail/get_critic_score__type_support_c.cpp.o[0m
[5.395s] [ 75%] [32mBuilding CXX object CMakeFiles/dwb_msgs__rosidl_typesupport_fastrtps_c.dir/rosidl_typesupport_fastrtps_c/dwb_msgs/srv/detail/score_trajectory__type_support_c.cpp.o[0m
[5.636s] [ 76%] [32m[1mLinking CXX shared library libdwb_msgs__rosidl_typesupport_introspection_cpp.so[0m
[5.715s] [ 77%] [32mBuilding CXX object CMakeFiles/dwb_msgs__rosidl_typesupport_fastrtps_cpp.dir/rosidl_typesupport_fastrtps_cpp/dwb_msgs/srv/detail/dds_fastrtps/generate_twists__type_support.cpp.o[0m
[5.725s] [ 78%] [32mBuilding CXX object CMakeFiles/dwb_msgs__rosidl_typesupport_fastrtps_cpp.dir/rosidl_typesupport_fastrtps_cpp/dwb_msgs/srv/detail/dds_fastrtps/get_critic_score__type_support.cpp.o[0m
[5.735s] [ 80%] [32mBuilding CXX object CMakeFiles/dwb_msgs__rosidl_typesupport_fastrtps_cpp.dir/rosidl_typesupport_fastrtps_cpp/dwb_msgs/srv/detail/dds_fastrtps/score_trajectory__type_support.cpp.o[0m
[5.821s] [ 80%] Built target dwb_msgs__rosidl_typesupport_introspection_cpp
[5.966s] [ 81%] [32m[1mLinking CXX shared library libdwb_msgs__rosidl_typesupport_fastrtps_c.so[0m
[6.134s] [ 81%] Built target dwb_msgs__rosidl_typesupport_fastrtps_c
[6.317s] [ 82%] [32m[1mLinking CXX shared library libdwb_msgs__rosidl_typesupport_fastrtps_cpp.so[0m
[6.661s] [ 82%] Built target dwb_msgs__rosidl_typesupport_fastrtps_cpp
[6.757s] [ 82%] Built target dwb_msgs
[6.908s] [ 83%] [34m[1mGenerating Python code for ROS interfaces[0m
[11.341s] [ 83%] Built target dwb_msgs__py
[11.489s] [ 85%] [32mBuilding C object CMakeFiles/dwb_msgs__rosidl_generator_py.dir/rosidl_generator_py/dwb_msgs/msg/_local_plan_evaluation_s.c.o[0m
[11.489s] [ 85%] [32mBuilding C object CMakeFiles/dwb_msgs__rosidl_generator_py.dir/rosidl_generator_py/dwb_msgs/msg/_critic_score_s.c.o[0m
[11.505s] [ 86%] [32mBuilding C object CMakeFiles/dwb_msgs__rosidl_generator_py.dir/rosidl_generator_py/dwb_msgs/msg/_trajectory_score_s.c.o[0m
[11.505s] [ 87%] [32mBuilding C object CMakeFiles/dwb_msgs__rosidl_generator_py.dir/rosidl_generator_py/dwb_msgs/srv/_debug_local_plan_s.c.o[0m
[11.509s] [ 88%] [32mBuilding C object CMakeFiles/dwb_msgs__rosidl_generator_py.dir/rosidl_generator_py/dwb_msgs/msg/_trajectory2_d_s.c.o[0m
[11.537s] [ 89%] [32mBuilding C object CMakeFiles/dwb_msgs__rosidl_generator_py.dir/rosidl_generator_py/dwb_msgs/srv/_generate_trajectory_s.c.o[0m
[11.540s] [ 90%] [32mBuilding C object CMakeFiles/dwb_msgs__rosidl_generator_py.dir/rosidl_generator_py/dwb_msgs/srv/_generate_twists_s.c.o[0m
[11.692s] [ 91%] [32mBuilding C object CMakeFiles/dwb_msgs__rosidl_generator_py.dir/rosidl_generator_py/dwb_msgs/srv/_get_critic_score_s.c.o[0m
[11.697s] [ 92%] [32mBuilding C object CMakeFiles/dwb_msgs__rosidl_generator_py.dir/rosidl_generator_py/dwb_msgs/srv/_score_trajectory_s.c.o[0m
[12.117s] [ 93%] [32m[1mLinking C shared library rosidl_generator_py/dwb_msgs/libdwb_msgs__rosidl_generator_py.so[0m
[12.315s] [ 93%] Built target dwb_msgs__rosidl_generator_py
[12.425s] [ 94%] [32mBuilding C object CMakeFiles/dwb_msgs__rosidl_typesupport_fastrtps_c__pyext.dir/rosidl_generator_py/dwb_msgs/_dwb_msgs_s.ep.rosidl_typesupport_fastrtps_c.c.o[0m
[12.441s] [ 95%] [32mBuilding C object CMakeFiles/dwb_msgs__rosidl_typesupport_introspection_c__pyext.dir/rosidl_generator_py/dwb_msgs/_dwb_msgs_s.ep.rosidl_typesupport_introspection_c.c.o[0m
[12.473s] [ 96%] [32mBuilding C object CMakeFiles/dwb_msgs__rosidl_typesupport_c__pyext.dir/rosidl_generator_py/dwb_msgs/_dwb_msgs_s.ep.rosidl_typesupport_c.c.o[0m
[12.773s] [ 97%] [32m[1mLinking C shared library rosidl_generator_py/dwb_msgs/dwb_msgs_s__rosidl_typesupport_fastrtps_c.cpython-310-x86_64-linux-gnu.so[0m
[12.917s] [ 98%] [32m[1mLinking C shared library rosidl_generator_py/dwb_msgs/dwb_msgs_s__rosidl_typesupport_introspection_c.cpython-310-x86_64-linux-gnu.so[0m
[12.964s] [ 98%] Built target dwb_msgs__rosidl_typesupport_fastrtps_c__pyext
[13.009s] [100%] [32m[1mLinking C shared library rosidl_generator_py/dwb_msgs/dwb_msgs_s__rosidl_typesupport_c.cpython-310-x86_64-linux-gnu.so[0m
[13.112s] [100%] Built target dwb_msgs__rosidl_typesupport_introspection_c__pyext
[13.226s] [100%] Built target dwb_msgs__rosidl_typesupport_c__pyext
[13.271s] Invoked command in '/home/derek/work/build/dwb_msgs' returned '0': AMENT_PREFIX_PATH=/home/derek/work/install/nav_2d_msgs:${AMENT_PREFIX_PATH} CMAKE_PREFIX_PATH=/home/derek/work/install/nav_2d_msgs:/opt/ros/humble LD_LIBRARY_PATH=/home/derek/work/install/nav_2d_msgs/lib:/usr/lib/x86_64-linux-gnu/gazebo-11/plugins:/opt/ros/humble/opt/rviz_ogre_vendor/lib:/opt/ros/humble/lib/x86_64-linux-gnu:/opt/ros/humble/lib:/usr/local/nvidia/lib:/usr/local/nvidia/lib64:/usr/share/gazebo/../../lib/x86_64-linux-gnu/gazebo-11/plugins PYTHONPATH=/home/derek/work/install/nav_2d_msgs/local/lib/python3.10/dist-packages:${PYTHONPATH} /usr/bin/cmake --build /home/derek/work/build/dwb_msgs -- -j16 -l16
[15.229s] Invoking command in '/home/derek/work/build/dwb_msgs': AMENT_PREFIX_PATH=/home/derek/work/install/nav_2d_msgs:${AMENT_PREFIX_PATH} CMAKE_PREFIX_PATH=/home/derek/work/install/nav_2d_msgs:/opt/ros/humble LD_LIBRARY_PATH=/home/derek/work/install/nav_2d_msgs/lib:/usr/lib/x86_64-linux-gnu/gazebo-11/plugins:/opt/ros/humble/opt/rviz_ogre_vendor/lib:/opt/ros/humble/lib/x86_64-linux-gnu:/opt/ros/humble/lib:/usr/local/nvidia/lib:/usr/local/nvidia/lib64:/usr/share/gazebo/../../lib/x86_64-linux-gnu/gazebo-11/plugins PYTHONPATH=/home/derek/work/install/nav_2d_msgs/local/lib/python3.10/dist-packages:${PYTHONPATH} /usr/bin/cmake --install /home/derek/work/build/dwb_msgs
[15.241s] -- Install configuration: ""
[15.241s] -- Installing: /home/derek/work/install/dwb_msgs/share/ament_index/resource_index/rosidl_interfaces/dwb_msgs
[15.242s] -- Installing: /home/derek/work/install/dwb_msgs/include/dwb_msgs/dwb_msgs
[15.245s] -- Installing: /home/derek/work/install/dwb_msgs/include/dwb_msgs/dwb_msgs/srv
[15.245s] -- Installing: /home/derek/work/install/dwb_msgs/include/dwb_msgs/dwb_msgs/srv/debug_local_plan.h
[15.246s] -- Installing: /home/derek/work/install/dwb_msgs/include/dwb_msgs/dwb_msgs/srv/generate_twists.h
[15.246s] -- Installing: /home/derek/work/install/dwb_msgs/include/dwb_msgs/dwb_msgs/srv/score_trajectory.h
[15.246s] -- Installing: /home/derek/work/install/dwb_msgs/include/dwb_msgs/dwb_msgs/srv/generate_trajectory.h
[15.246s] -- Installing: /home/derek/work/install/dwb_msgs/include/dwb_msgs/dwb_msgs/srv/detail
[15.246s] -- Installing: /home/derek/work/install/dwb_msgs/include/dwb_msgs/dwb_msgs/srv/detail/get_critic_score__functions.h
[15.246s] -- Installing: /home/derek/work/install/dwb_msgs/include/dwb_msgs/dwb_msgs/srv/detail/score_trajectory__struct.h
[15.246s] -- Installing: /home/derek/work/install/dwb_msgs/include/dwb_msgs/dwb_msgs/srv/detail/score_trajectory__type_support.h
[15.246s] -- Installing: /home/derek/work/install/dwb_msgs/include/dwb_msgs/dwb_msgs/srv/detail/generate_trajectory__functions.c
[15.246s] -- Installing: /home/derek/work/install/dwb_msgs/include/dwb_msgs/dwb_msgs/srv/detail/score_trajectory__functions.c
[15.246s] -- Installing: /home/derek/work/install/dwb_msgs/include/dwb_msgs/dwb_msgs/srv/detail/generate_trajectory__struct.h
[15.247s] -- Installing: /home/derek/work/install/dwb_msgs/include/dwb_msgs/dwb_msgs/srv/detail/generate_twists__functions.h
[15.247s] -- Installing: /home/derek/work/install/dwb_msgs/include/dwb_msgs/dwb_msgs/srv/detail/debug_local_plan__functions.c
[15.247s] -- Installing: /home/derek/work/install/dwb_msgs/include/dwb_msgs/dwb_msgs/srv/detail/score_trajectory__functions.h
[15.247s] -- Installing: /home/derek/work/install/dwb_msgs/include/dwb_msgs/dwb_msgs/srv/detail/debug_local_plan__struct.h
[15.247s] -- Installing: /home/derek/work/install/dwb_msgs/include/dwb_msgs/dwb_msgs/srv/detail/get_critic_score__functions.c
[15.247s] -- Installing: /home/derek/work/install/dwb_msgs/include/dwb_msgs/dwb_msgs/srv/detail/get_critic_score__struct.h
[15.247s] -- Installing: /home/derek/work/install/dwb_msgs/include/dwb_msgs/dwb_msgs/srv/detail/generate_twists__functions.c
[15.247s] -- Installing: /home/derek/work/install/dwb_msgs/include/dwb_msgs/dwb_msgs/srv/detail/generate_trajectory__functions.h
[15.247s] -- Installing: /home/derek/work/install/dwb_msgs/include/dwb_msgs/dwb_msgs/srv/detail/generate_trajectory__type_support.h
[15.247s] -- Installing: /home/derek/work/install/dwb_msgs/include/dwb_msgs/dwb_msgs/srv/detail/generate_twists__type_support.h
[15.248s] -- Installing: /home/derek/work/install/dwb_msgs/include/dwb_msgs/dwb_msgs/srv/detail/get_critic_score__type_support.h
[15.248s] -- Installing: /home/derek/work/install/dwb_msgs/include/dwb_msgs/dwb_msgs/srv/detail/debug_local_plan__functions.h
[15.248s] -- Installing: /home/derek/work/install/dwb_msgs/include/dwb_msgs/dwb_msgs/srv/detail/debug_local_plan__type_support.h
[15.248s] -- Installing: /home/derek/work/install/dwb_msgs/include/dwb_msgs/dwb_msgs/srv/detail/generate_twists__struct.h
[15.248s] -- Installing: /home/derek/work/install/dwb_msgs/include/dwb_msgs/dwb_msgs/srv/get_critic_score.h
[15.248s] -- Installing: /home/derek/work/install/dwb_msgs/include/dwb_msgs/dwb_msgs/msg
[15.248s] -- Installing: /home/derek/work/install/dwb_msgs/include/dwb_msgs/dwb_msgs/msg/local_plan_evaluation.h
[15.248s] -- Installing: /home/derek/work/install/dwb_msgs/include/dwb_msgs/dwb_msgs/msg/rosidl_generator_c__visibility_control.h
[15.248s] -- Installing: /home/derek/work/install/dwb_msgs/include/dwb_msgs/dwb_msgs/msg/critic_score.h
[15.248s] -- Installing: /home/derek/work/install/dwb_msgs/include/dwb_msgs/dwb_msgs/msg/detail
[15.248s] -- Installing: /home/derek/work/install/dwb_msgs/include/dwb_msgs/dwb_msgs/msg/detail/trajectory_score__type_support.h
[15.249s] -- Installing: /home/derek/work/install/dwb_msgs/include/dwb_msgs/dwb_msgs/msg/detail/trajectory2_d__struct.h
[15.249s] -- Installing: /home/derek/work/install/dwb_msgs/include/dwb_msgs/dwb_msgs/msg/detail/local_plan_evaluation__type_support.h
[15.249s] -- Installing: /home/derek/work/install/dwb_msgs/include/dwb_msgs/dwb_msgs/msg/detail/trajectory_score__struct.h
[15.249s] -- Installing: /home/derek/work/install/dwb_msgs/include/dwb_msgs/dwb_msgs/msg/detail/trajectory2_d__type_support.h
[15.249s] -- Installing: /home/derek/work/install/dwb_msgs/include/dwb_msgs/dwb_msgs/msg/detail/local_plan_evaluation__struct.h
[15.249s] -- Installing: /home/derek/work/install/dwb_msgs/include/dwb_msgs/dwb_msgs/msg/detail/critic_score__struct.h
[15.249s] -- Installing: /home/derek/work/install/dwb_msgs/include/dwb_msgs/dwb_msgs/msg/detail/local_plan_evaluation__functions.c
[15.249s] -- Installing: /home/derek/work/install/dwb_msgs/include/dwb_msgs/dwb_msgs/msg/detail/local_plan_evaluation__functions.h
[15.249s] -- Installing: /home/derek/work/install/dwb_msgs/include/dwb_msgs/dwb_msgs/msg/detail/critic_score__type_support.h
[15.250s] -- Installing: /home/derek/work/install/dwb_msgs/include/dwb_msgs/dwb_msgs/msg/detail/trajectory2_d__functions.c
[15.250s] -- Installing: /home/derek/work/install/dwb_msgs/include/dwb_msgs/dwb_msgs/msg/detail/trajectory2_d__functions.h
[15.250s] -- Installing: /home/derek/work/install/dwb_msgs/include/dwb_msgs/dwb_msgs/msg/detail/trajectory_score__functions.h
[15.250s] -- Installing: /home/derek/work/install/dwb_msgs/include/dwb_msgs/dwb_msgs/msg/detail/trajectory_score__functions.c
[15.250s] -- Installing: /home/derek/work/install/dwb_msgs/include/dwb_msgs/dwb_msgs/msg/detail/critic_score__functions.c
[15.250s] -- Installing: /home/derek/work/install/dwb_msgs/include/dwb_msgs/dwb_msgs/msg/detail/critic_score__functions.h
[15.250s] -- Installing: /home/derek/work/install/dwb_msgs/include/dwb_msgs/dwb_msgs/msg/trajectory2_d.h
[15.250s] -- Installing: /home/derek/work/install/dwb_msgs/include/dwb_msgs/dwb_msgs/msg/trajectory_score.h
[15.250s] -- Installing: /home/derek/work/install/dwb_msgs/share/dwb_msgs/environment/library_path.sh
[15.250s] -- Installing: /home/derek/work/install/dwb_msgs/share/dwb_msgs/environment/library_path.dsv
[15.251s] -- Installing: /home/derek/work/install/dwb_msgs/lib/libdwb_msgs__rosidl_generator_c.so
[15.251s] -- Set runtime path of "/home/derek/work/install/dwb_msgs/lib/libdwb_msgs__rosidl_generator_c.so" to ""
[15.251s] -- Up-to-date: /home/derek/work/install/dwb_msgs/include/dwb_msgs/dwb_msgs
[15.251s] -- Up-to-date: /home/derek/work/install/dwb_msgs/include/dwb_msgs/dwb_msgs/srv
[15.251s] -- Up-to-date: /home/derek/work/install/dwb_msgs/include/dwb_msgs/dwb_msgs/srv/detail
[15.252s] -- Installing: /home/derek/work/install/dwb_msgs/include/dwb_msgs/dwb_msgs/srv/detail/debug_local_plan__rosidl_typesupport_fastrtps_c.h
[15.252s] -- Installing: /home/derek/work/install/dwb_msgs/include/dwb_msgs/dwb_msgs/srv/detail/get_critic_score__rosidl_typesupport_fastrtps_c.h
[15.252s] -- Installing: /home/derek/work/install/dwb_msgs/include/dwb_msgs/dwb_msgs/srv/detail/generate_twists__rosidl_typesupport_fastrtps_c.h
[15.252s] -- Installing: /home/derek/work/install/dwb_msgs/include/dwb_msgs/dwb_msgs/srv/detail/score_trajectory__rosidl_typesupport_fastrtps_c.h
[15.252s] -- Installing: /home/derek/work/install/dwb_msgs/include/dwb_msgs/dwb_msgs/srv/detail/generate_trajectory__rosidl_typesupport_fastrtps_c.h
[15.252s] -- Up-to-date: /home/derek/work/install/dwb_msgs/include/dwb_msgs/dwb_msgs/msg
[15.252s] -- Installing: /home/derek/work/install/dwb_msgs/include/dwb_msgs/dwb_msgs/msg/rosidl_typesupport_fastrtps_c__visibility_control.h
[15.252s] -- Up-to-date: /home/derek/work/install/dwb_msgs/include/dwb_msgs/dwb_msgs/msg/detail
[15.252s] -- Installing: /home/derek/work/install/dwb_msgs/include/dwb_msgs/dwb_msgs/msg/detail/local_plan_evaluation__rosidl_typesupport_fastrtps_c.h
[15.252s] -- Installing: /home/derek/work/install/dwb_msgs/include/dwb_msgs/dwb_msgs/msg/detail/trajectory2_d__rosidl_typesupport_fastrtps_c.h
[15.253s] -- Installing: /home/derek/work/install/dwb_msgs/include/dwb_msgs/dwb_msgs/msg/detail/critic_score__rosidl_typesupport_fastrtps_c.h
[15.253s] -- Installing: /home/derek/work/install/dwb_msgs/include/dwb_msgs/dwb_msgs/msg/detail/trajectory_score__rosidl_typesupport_fastrtps_c.h
[15.254s] -- Installing: /home/derek/work/install/dwb_msgs/lib/libdwb_msgs__rosidl_typesupport_fastrtps_c.so
[15.254s] -- Set runtime path of "/home/derek/work/install/dwb_msgs/lib/libdwb_msgs__rosidl_typesupport_fastrtps_c.so" to ""
[15.254s] -- Up-to-date: /home/derek/work/install/dwb_msgs/include/dwb_msgs/dwb_msgs
[15.255s] -- Up-to-date: /home/derek/work/install/dwb_msgs/include/dwb_msgs/dwb_msgs/srv
[15.255s] -- Installing: /home/derek/work/install/dwb_msgs/include/dwb_msgs/dwb_msgs/srv/score_trajectory.hpp
[15.255s] -- Installing: /home/derek/work/install/dwb_msgs/include/dwb_msgs/dwb_msgs/srv/get_critic_score.hpp
[15.255s] -- Installing: /home/derek/work/install/dwb_msgs/include/dwb_msgs/dwb_msgs/srv/generate_twists.hpp
[15.255s] -- Installing: /home/derek/work/install/dwb_msgs/include/dwb_msgs/dwb_msgs/srv/debug_local_plan.hpp
[15.255s] -- Up-to-date: /home/derek/work/install/dwb_msgs/include/dwb_msgs/dwb_msgs/srv/detail
[15.255s] -- Installing: /home/derek/work/install/dwb_msgs/include/dwb_msgs/dwb_msgs/srv/detail/score_trajectory__traits.hpp
[15.255s] -- Installing: /home/derek/work/install/dwb_msgs/include/dwb_msgs/dwb_msgs/srv/detail/debug_local_plan__struct.hpp
[15.255s] -- Installing: /home/derek/work/install/dwb_msgs/include/dwb_msgs/dwb_msgs/srv/detail/generate_trajectory__struct.hpp
[15.256s] -- Installing: /home/derek/work/install/dwb_msgs/include/dwb_msgs/dwb_msgs/srv/detail/debug_local_plan__builder.hpp
[15.256s] -- Installing: /home/derek/work/install/dwb_msgs/include/dwb_msgs/dwb_msgs/srv/detail/score_trajectory__builder.hpp
[15.256s] -- Installing: /home/derek/work/install/dwb_msgs/include/dwb_msgs/dwb_msgs/srv/detail/get_critic_score__struct.hpp
[15.256s] -- Installing: /home/derek/work/install/dwb_msgs/include/dwb_msgs/dwb_msgs/srv/detail/score_trajectory__struct.hpp
[15.256s] -- Installing: /home/derek/work/install/dwb_msgs/include/dwb_msgs/dwb_msgs/srv/detail/generate_twists__struct.hpp
[15.256s] -- Installing: /home/derek/work/install/dwb_msgs/include/dwb_msgs/dwb_msgs/srv/detail/generate_twists__builder.hpp
[15.256s] -- Installing: /home/derek/work/install/dwb_msgs/include/dwb_msgs/dwb_msgs/srv/detail/get_critic_score__traits.hpp
[15.257s] -- Installing: /home/derek/work/install/dwb_msgs/include/dwb_msgs/dwb_msgs/srv/detail/get_critic_score__builder.hpp
[15.257s] -- Installing: /home/derek/work/install/dwb_msgs/include/dwb_msgs/dwb_msgs/srv/detail/generate_trajectory__builder.hpp
[15.257s] -- Installing: /home/derek/work/install/dwb_msgs/include/dwb_msgs/dwb_msgs/srv/detail/generate_trajectory__traits.hpp
[15.257s] -- Installing: /home/derek/work/install/dwb_msgs/include/dwb_msgs/dwb_msgs/srv/detail/debug_local_plan__traits.hpp
[15.257s] -- Installing: /home/derek/work/install/dwb_msgs/include/dwb_msgs/dwb_msgs/srv/detail/generate_twists__traits.hpp
[15.257s] -- Installing: /home/derek/work/install/dwb_msgs/include/dwb_msgs/dwb_msgs/srv/generate_trajectory.hpp
[15.257s] -- Up-to-date: /home/derek/work/install/dwb_msgs/include/dwb_msgs/dwb_msgs/msg
[15.258s] -- Installing: /home/derek/work/install/dwb_msgs/include/dwb_msgs/dwb_msgs/msg/trajectory2_d.hpp
[15.258s] -- Installing: /home/derek/work/install/dwb_msgs/include/dwb_msgs/dwb_msgs/msg/critic_score.hpp
[15.258s] -- Installing: /home/derek/work/install/dwb_msgs/include/dwb_msgs/dwb_msgs/msg/local_plan_evaluation.hpp
[15.258s] -- Up-to-date: /home/derek/work/install/dwb_msgs/include/dwb_msgs/dwb_msgs/msg/detail
[15.258s] -- Installing: /home/derek/work/install/dwb_msgs/include/dwb_msgs/dwb_msgs/msg/detail/trajectory_score__struct.hpp
[15.258s] -- Installing: /home/derek/work/install/dwb_msgs/include/dwb_msgs/dwb_msgs/msg/detail/trajectory_score__builder.hpp
[15.258s] -- Installing: /home/derek/work/install/dwb_msgs/include/dwb_msgs/dwb_msgs/msg/detail/trajectory2_d__builder.hpp
[15.258s] -- Installing: /home/derek/work/install/dwb_msgs/include/dwb_msgs/dwb_msgs/msg/detail/trajectory2_d__traits.hpp
[15.259s] -- Installing: /home/derek/work/install/dwb_msgs/include/dwb_msgs/dwb_msgs/msg/detail/trajectory2_d__struct.hpp
[15.259s] -- Installing: /home/derek/work/install/dwb_msgs/include/dwb_msgs/dwb_msgs/msg/detail/critic_score__builder.hpp
[15.259s] -- Installing: /home/derek/work/install/dwb_msgs/include/dwb_msgs/dwb_msgs/msg/detail/critic_score__traits.hpp
[15.259s] -- Installing: /home/derek/work/install/dwb_msgs/include/dwb_msgs/dwb_msgs/msg/detail/local_plan_evaluation__traits.hpp
[15.259s] -- Installing: /home/derek/work/install/dwb_msgs/include/dwb_msgs/dwb_msgs/msg/detail/local_plan_evaluation__builder.hpp
[15.259s] -- Installing: /home/derek/work/install/dwb_msgs/include/dwb_msgs/dwb_msgs/msg/detail/local_plan_evaluation__struct.hpp
[15.259s] -- Installing: /home/derek/work/install/dwb_msgs/include/dwb_msgs/dwb_msgs/msg/detail/critic_score__struct.hpp
[15.260s] -- Installing: /home/derek/work/install/dwb_msgs/include/dwb_msgs/dwb_msgs/msg/detail/trajectory_score__traits.hpp
[15.260s] -- Installing: /home/derek/work/install/dwb_msgs/include/dwb_msgs/dwb_msgs/msg/trajectory_score.hpp
[15.260s] -- Up-to-date: /home/derek/work/install/dwb_msgs/include/dwb_msgs/dwb_msgs
[15.260s] -- Up-to-date: /home/derek/work/install/dwb_msgs/include/dwb_msgs/dwb_msgs/srv
[15.260s] -- Up-to-date: /home/derek/work/install/dwb_msgs/include/dwb_msgs/dwb_msgs/srv/detail
[15.265s] -- Installing: /home/derek/work/install/dwb_msgs/include/dwb_msgs/dwb_msgs/srv/detail/dds_fastrtps
[15.269s] -- Installing: /home/derek/work/install/dwb_msgs/include/dwb_msgs/dwb_msgs/srv/detail/get_critic_score__rosidl_typesupport_fastrtps_cpp.hpp
[15.269s] -- Installing: /home/derek/work/install/dwb_msgs/include/dwb_msgs/dwb_msgs/srv/detail/generate_trajectory__rosidl_typesupport_fastrtps_cpp.hpp
[15.269s] -- Installing: /home/derek/work/install/dwb_msgs/include/dwb_msgs/dwb_msgs/srv/detail/debug_local_plan__rosidl_typesupport_fastrtps_cpp.hpp
[15.269s] -- Installing: /home/derek/work/install/dwb_msgs/include/dwb_msgs/dwb_msgs/srv/detail/generate_twists__rosidl_typesupport_fastrtps_cpp.hpp
[15.269s] -- Installing: /home/derek/work/install/dwb_msgs/include/dwb_msgs/dwb_msgs/srv/detail/score_trajectory__rosidl_typesupport_fastrtps_cpp.hpp
[15.269s] -- Up-to-date: /home/derek/work/install/dwb_msgs/include/dwb_msgs/dwb_msgs/msg
[15.269s] -- Installing: /home/derek/work/install/dwb_msgs/include/dwb_msgs/dwb_msgs/msg/rosidl_typesupport_fastrtps_cpp__visibility_control.h
[15.270s] -- Up-to-date: /home/derek/work/install/dwb_msgs/include/dwb_msgs/dwb_msgs/msg/detail
[15.270s] -- Installing: /home/derek/work/install/dwb_msgs/include/dwb_msgs/dwb_msgs/msg/detail/dds_fastrtps
[15.270s] -- Installing: /home/derek/work/install/dwb_msgs/include/dwb_msgs/dwb_msgs/msg/detail/local_plan_evaluation__rosidl_typesupport_fastrtps_cpp.hpp
[15.270s] -- Installing: /home/derek/work/install/dwb_msgs/include/dwb_msgs/dwb_msgs/msg/detail/critic_score__rosidl_typesupport_fastrtps_cpp.hpp
[15.270s] -- Installing: /home/derek/work/install/dwb_msgs/include/dwb_msgs/dwb_msgs/msg/detail/trajectory2_d__rosidl_typesupport_fastrtps_cpp.hpp
[15.270s] -- Installing: /home/derek/work/install/dwb_msgs/include/dwb_msgs/dwb_msgs/msg/detail/trajectory_score__rosidl_typesupport_fastrtps_cpp.hpp
[15.270s] -- Installing: /home/derek/work/install/dwb_msgs/lib/libdwb_msgs__rosidl_typesupport_fastrtps_cpp.so
[15.270s] -- Set runtime path of "/home/derek/work/install/dwb_msgs/lib/libdwb_msgs__rosidl_typesupport_fastrtps_cpp.so" to ""
[15.270s] -- Up-to-date: /home/derek/work/install/dwb_msgs/include/dwb_msgs/dwb_msgs
[15.270s] -- Up-to-date: /home/derek/work/install/dwb_msgs/include/dwb_msgs/dwb_msgs/srv
[15.270s] -- Up-to-date: /home/derek/work/install/dwb_msgs/include/dwb_msgs/dwb_msgs/srv/detail
[15.270s] -- Installing: /home/derek/work/install/dwb_msgs/include/dwb_msgs/dwb_msgs/srv/detail/generate_twists__rosidl_typesupport_introspection_c.h
[15.271s] -- Installing: /home/derek/work/install/dwb_msgs/include/dwb_msgs/dwb_msgs/srv/detail/get_critic_score__rosidl_typesupport_introspection_c.h
[15.271s] -- Installing: /home/derek/work/install/dwb_msgs/include/dwb_msgs/dwb_msgs/srv/detail/score_trajectory__type_support.c
[15.271s] -- Installing: /home/derek/work/install/dwb_msgs/include/dwb_msgs/dwb_msgs/srv/detail/debug_local_plan__rosidl_typesupport_introspection_c.h
[15.271s] -- Installing: /home/derek/work/install/dwb_msgs/include/dwb_msgs/dwb_msgs/srv/detail/get_critic_score__type_support.c
[15.271s] -- Installing: /home/derek/work/install/dwb_msgs/include/dwb_msgs/dwb_msgs/srv/detail/generate_trajectory__rosidl_typesupport_introspection_c.h
[15.271s] -- Installing: /home/derek/work/install/dwb_msgs/include/dwb_msgs/dwb_msgs/srv/detail/debug_local_plan__type_support.c
[15.271s] -- Installing: /home/derek/work/install/dwb_msgs/include/dwb_msgs/dwb_msgs/srv/detail/generate_trajectory__type_support.c
[15.271s] -- Installing: /home/derek/work/install/dwb_msgs/include/dwb_msgs/dwb_msgs/srv/detail/score_trajectory__rosidl_typesupport_introspection_c.h
[15.271s] -- Installing: /home/derek/work/install/dwb_msgs/include/dwb_msgs/dwb_msgs/srv/detail/generate_twists__type_support.c
[15.271s] -- Up-to-date: /home/derek/work/install/dwb_msgs/include/dwb_msgs/dwb_msgs/msg
[15.271s] -- Installing: /home/derek/work/install/dwb_msgs/include/dwb_msgs/dwb_msgs/msg/rosidl_typesupport_introspection_c__visibility_control.h
[15.271s] -- Up-to-date: /home/derek/work/install/dwb_msgs/include/dwb_msgs/dwb_msgs/msg/detail
[15.271s] -- Installing: /home/derek/work/install/dwb_msgs/include/dwb_msgs/dwb_msgs/msg/detail/critic_score__type_support.c
[15.271s] -- Installing: /home/derek/work/install/dwb_msgs/include/dwb_msgs/dwb_msgs/msg/detail/local_plan_evaluation__type_support.c
[15.271s] -- Installing: /home/derek/work/install/dwb_msgs/include/dwb_msgs/dwb_msgs/msg/detail/trajectory2_d__type_support.c
[15.271s] -- Installing: /home/derek/work/install/dwb_msgs/include/dwb_msgs/dwb_msgs/msg/detail/trajectory2_d__rosidl_typesupport_introspection_c.h
[15.272s] -- Installing: /home/derek/work/install/dwb_msgs/include/dwb_msgs/dwb_msgs/msg/detail/critic_score__rosidl_typesupport_introspection_c.h
[15.272s] -- Installing: /home/derek/work/install/dwb_msgs/include/dwb_msgs/dwb_msgs/msg/detail/trajectory_score__rosidl_typesupport_introspection_c.h
[15.272s] -- Installing: /home/derek/work/install/dwb_msgs/include/dwb_msgs/dwb_msgs/msg/detail/local_plan_evaluation__rosidl_typesupport_introspection_c.h
[15.272s] -- Installing: /home/derek/work/install/dwb_msgs/include/dwb_msgs/dwb_msgs/msg/detail/trajectory_score__type_support.c
[15.272s] -- Installing: /home/derek/work/install/dwb_msgs/lib/libdwb_msgs__rosidl_typesupport_introspection_c.so
[15.272s] -- Set runtime path of "/home/derek/work/install/dwb_msgs/lib/libdwb_msgs__rosidl_typesupport_introspection_c.so" to ""
[15.272s] -- Installing: /home/derek/work/install/dwb_msgs/lib/libdwb_msgs__rosidl_typesupport_c.so
[15.272s] -- Set runtime path of "/home/derek/work/install/dwb_msgs/lib/libdwb_msgs__rosidl_typesupport_c.so" to ""
[15.272s] -- Up-to-date: /home/derek/work/install/dwb_msgs/include/dwb_msgs/dwb_msgs
[15.272s] -- Up-to-date: /home/derek/work/install/dwb_msgs/include/dwb_msgs/dwb_msgs/srv
[15.272s] -- Up-to-date: /home/derek/work/install/dwb_msgs/include/dwb_msgs/dwb_msgs/srv/detail
[15.272s] -- Installing: /home/derek/work/install/dwb_msgs/include/dwb_msgs/dwb_msgs/srv/detail/get_critic_score__rosidl_typesupport_introspection_cpp.hpp
[15.272s] -- Installing: /home/derek/work/install/dwb_msgs/include/dwb_msgs/dwb_msgs/srv/detail/generate_twists__rosidl_typesupport_introspection_cpp.hpp
[15.272s] -- Installing: /home/derek/work/install/dwb_msgs/include/dwb_msgs/dwb_msgs/srv/detail/generate_trajectory__rosidl_typesupport_introspection_cpp.hpp
[15.272s] -- Installing: /home/derek/work/install/dwb_msgs/include/dwb_msgs/dwb_msgs/srv/detail/debug_local_plan__rosidl_typesupport_introspection_cpp.hpp
[15.273s] -- Installing: /home/derek/work/install/dwb_msgs/include/dwb_msgs/dwb_msgs/srv/detail/score_trajectory__type_support.cpp
[15.273s] -- Installing: /home/derek/work/install/dwb_msgs/include/dwb_msgs/dwb_msgs/srv/detail/get_critic_score__type_support.cpp
[15.273s] -- Installing: /home/derek/work/install/dwb_msgs/include/dwb_msgs/dwb_msgs/srv/detail/debug_local_plan__type_support.cpp
[15.273s] -- Installing: /home/derek/work/install/dwb_msgs/include/dwb_msgs/dwb_msgs/srv/detail/generate_trajectory__type_support.cpp
[15.273s] -- Installing: /home/derek/work/install/dwb_msgs/include/dwb_msgs/dwb_msgs/srv/detail/score_trajectory__rosidl_typesupport_introspection_cpp.hpp
[15.277s] -- Installing: /home/derek/work/install/dwb_msgs/include/dwb_msgs/dwb_msgs/srv/detail/generate_twists__type_support.cpp
[15.277s] -- Up-to-date: /home/derek/work/install/dwb_msgs/include/dwb_msgs/dwb_msgs/msg
[15.277s] -- Up-to-date: /home/derek/work/install/dwb_msgs/include/dwb_msgs/dwb_msgs/msg/detail
[15.277s] -- Installing: /home/derek/work/install/dwb_msgs/include/dwb_msgs/dwb_msgs/msg/detail/critic_score__rosidl_typesupport_introspection_cpp.hpp
[15.277s] -- Installing: /home/derek/work/install/dwb_msgs/include/dwb_msgs/dwb_msgs/msg/detail/local_plan_evaluation__type_support.cpp
[15.277s] -- Installing: /home/derek/work/install/dwb_msgs/include/dwb_msgs/dwb_msgs/msg/detail/trajectory2_d__type_support.cpp
[15.277s] -- Installing: /home/derek/work/install/dwb_msgs/include/dwb_msgs/dwb_msgs/msg/detail/local_plan_evaluation__rosidl_typesupport_introspection_cpp.hpp
[15.277s] -- Installing: /home/derek/work/install/dwb_msgs/include/dwb_msgs/dwb_msgs/msg/detail/trajectory_score__type_support.cpp
[15.278s] -- Installing: /home/derek/work/install/dwb_msgs/include/dwb_msgs/dwb_msgs/msg/detail/critic_score__type_support.cpp
[15.278s] -- Installing: /home/derek/work/install/dwb_msgs/include/dwb_msgs/dwb_msgs/msg/detail/trajectory2_d__rosidl_typesupport_introspection_cpp.hpp
[15.278s] -- Installing: /home/derek/work/install/dwb_msgs/include/dwb_msgs/dwb_msgs/msg/detail/trajectory_score__rosidl_typesupport_introspection_cpp.hpp
[15.278s] -- Installing: /home/derek/work/install/dwb_msgs/lib/libdwb_msgs__rosidl_typesupport_introspection_cpp.so
[15.278s] -- Set runtime path of "/home/derek/work/install/dwb_msgs/lib/libdwb_msgs__rosidl_typesupport_introspection_cpp.so" to ""
[15.278s] -- Installing: /home/derek/work/install/dwb_msgs/lib/libdwb_msgs__rosidl_typesupport_cpp.so
[15.278s] -- Set runtime path of "/home/derek/work/install/dwb_msgs/lib/libdwb_msgs__rosidl_typesupport_cpp.so" to ""
[15.278s] -- Installing: /home/derek/work/install/dwb_msgs/share/dwb_msgs/environment/pythonpath.sh
[15.278s] -- Installing: /home/derek/work/install/dwb_msgs/share/dwb_msgs/environment/pythonpath.dsv
[15.278s] -- Installing: /home/derek/work/install/dwb_msgs/local/lib/python3.10/dist-packages/dwb_msgs-1.1.13-py3.10.egg-info
[15.278s] -- Installing: /home/derek/work/install/dwb_msgs/local/lib/python3.10/dist-packages/dwb_msgs-1.1.13-py3.10.egg-info/PKG-INFO
[15.278s] -- Installing: /home/derek/work/install/dwb_msgs/local/lib/python3.10/dist-packages/dwb_msgs-1.1.13-py3.10.egg-info/top_level.txt
[15.278s] -- Installing: /home/derek/work/install/dwb_msgs/local/lib/python3.10/dist-packages/dwb_msgs-1.1.13-py3.10.egg-info/SOURCES.txt
[15.281s] -- Installing: /home/derek/work/install/dwb_msgs/local/lib/python3.10/dist-packages/dwb_msgs-1.1.13-py3.10.egg-info/dependency_links.txt
[15.281s] -- Installing: /home/derek/work/install/dwb_msgs/local/lib/python3.10/dist-packages/dwb_msgs
[15.281s] -- Installing: /home/derek/work/install/dwb_msgs/local/lib/python3.10/dist-packages/dwb_msgs/dwb_msgs_s__rosidl_typesupport_c.cpython-310-x86_64-linux-gnu.so
[15.281s] -- Installing: /home/derek/work/install/dwb_msgs/local/lib/python3.10/dist-packages/dwb_msgs/dwb_msgs_s__rosidl_typesupport_introspection_c.cpython-310-x86_64-linux-gnu.so
[15.281s] -- Installing: /home/derek/work/install/dwb_msgs/local/lib/python3.10/dist-packages/dwb_msgs/libdwb_msgs__rosidl_generator_py.so
[15.282s] -- Installing: /home/derek/work/install/dwb_msgs/local/lib/python3.10/dist-packages/dwb_msgs/__init__.py
[15.282s] -- Installing: /home/derek/work/install/dwb_msgs/local/lib/python3.10/dist-packages/dwb_msgs/_dwb_msgs_s.ep.rosidl_typesupport_fastrtps_c.c
[15.282s] -- Installing: /home/derek/work/install/dwb_msgs/local/lib/python3.10/dist-packages/dwb_msgs/_dwb_msgs_s.ep.rosidl_typesupport_introspection_c.c
[15.282s] -- Installing: /home/derek/work/install/dwb_msgs/local/lib/python3.10/dist-packages/dwb_msgs/_dwb_msgs_s.ep.rosidl_typesupport_c.c
[15.282s] -- Installing: /home/derek/work/install/dwb_msgs/local/lib/python3.10/dist-packages/dwb_msgs/dwb_msgs_s__rosidl_typesupport_fastrtps_c.cpython-310-x86_64-linux-gnu.so
[15.283s] -- Installing: /home/derek/work/install/dwb_msgs/local/lib/python3.10/dist-packages/dwb_msgs/srv
[15.283s] -- Installing: /home/derek/work/install/dwb_msgs/local/lib/python3.10/dist-packages/dwb_msgs/srv/_score_trajectory.py
[15.283s] -- Installing: /home/derek/work/install/dwb_msgs/local/lib/python3.10/dist-packages/dwb_msgs/srv/_get_critic_score.py
[15.283s] -- Installing: /home/derek/work/install/dwb_msgs/local/lib/python3.10/dist-packages/dwb_msgs/srv/_generate_trajectory.py
[15.283s] -- Installing: /home/derek/work/install/dwb_msgs/local/lib/python3.10/dist-packages/dwb_msgs/srv/_debug_local_plan.py
[15.283s] -- Installing: /home/derek/work/install/dwb_msgs/local/lib/python3.10/dist-packages/dwb_msgs/srv/_generate_twists.py
[15.284s] -- Installing: /home/derek/work/install/dwb_msgs/local/lib/python3.10/dist-packages/dwb_msgs/srv/_debug_local_plan_s.c
[15.284s] -- Installing: /home/derek/work/install/dwb_msgs/local/lib/python3.10/dist-packages/dwb_msgs/srv/__init__.py
[15.284s] -- Installing: /home/derek/work/install/dwb_msgs/local/lib/python3.10/dist-packages/dwb_msgs/srv/_generate_twists_s.c
[15.284s] -- Installing: /home/derek/work/install/dwb_msgs/local/lib/python3.10/dist-packages/dwb_msgs/srv/_score_trajectory_s.c
[15.284s] -- Installing: /home/derek/work/install/dwb_msgs/local/lib/python3.10/dist-packages/dwb_msgs/srv/_generate_trajectory_s.c
[15.284s] -- Installing: /home/derek/work/install/dwb_msgs/local/lib/python3.10/dist-packages/dwb_msgs/srv/_get_critic_score_s.c
[15.284s] -- Installing: /home/derek/work/install/dwb_msgs/local/lib/python3.10/dist-packages/dwb_msgs/msg
[15.285s] -- Installing: /home/derek/work/install/dwb_msgs/local/lib/python3.10/dist-packages/dwb_msgs/msg/_local_plan_evaluation.py
[15.285s] -- Installing: /home/derek/work/install/dwb_msgs/local/lib/python3.10/dist-packages/dwb_msgs/msg/_critic_score.py
[15.285s] -- Installing: /home/derek/work/install/dwb_msgs/local/lib/python3.10/dist-packages/dwb_msgs/msg/__init__.py
[15.285s] -- Installing: /home/derek/work/install/dwb_msgs/local/lib/python3.10/dist-packages/dwb_msgs/msg/_trajectory_score_s.c
[15.285s] -- Installing: /home/derek/work/install/dwb_msgs/local/lib/python3.10/dist-packages/dwb_msgs/msg/_local_plan_evaluation_s.c
[15.285s] -- Installing: /home/derek/work/install/dwb_msgs/local/lib/python3.10/dist-packages/dwb_msgs/msg/_critic_score_s.c
[15.285s] -- Installing: /home/derek/work/install/dwb_msgs/local/lib/python3.10/dist-packages/dwb_msgs/msg/_trajectory_score.py
[15.285s] -- Installing: /home/derek/work/install/dwb_msgs/local/lib/python3.10/dist-packages/dwb_msgs/msg/_trajectory2_d.py
[15.285s] -- Installing: /home/derek/work/install/dwb_msgs/local/lib/python3.10/dist-packages/dwb_msgs/msg/_trajectory2_d_s.c
[15.386s] Listing '/home/derek/work/install/dwb_msgs/local/lib/python3.10/dist-packages/dwb_msgs'...
[15.386s] Compiling '/home/derek/work/install/dwb_msgs/local/lib/python3.10/dist-packages/dwb_msgs/__init__.py'...
[15.386s] Listing '/home/derek/work/install/dwb_msgs/local/lib/python3.10/dist-packages/dwb_msgs/msg'...
[15.386s] Compiling '/home/derek/work/install/dwb_msgs/local/lib/python3.10/dist-packages/dwb_msgs/msg/__init__.py'...
[15.386s] Compiling '/home/derek/work/install/dwb_msgs/local/lib/python3.10/dist-packages/dwb_msgs/msg/_critic_score.py'...
[15.386s] Compiling '/home/derek/work/install/dwb_msgs/local/lib/python3.10/dist-packages/dwb_msgs/msg/_local_plan_evaluation.py'...
[15.386s] Compiling '/home/derek/work/install/dwb_msgs/local/lib/python3.10/dist-packages/dwb_msgs/msg/_trajectory2_d.py'...
[15.386s] Compiling '/home/derek/work/install/dwb_msgs/local/lib/python3.10/dist-packages/dwb_msgs/msg/_trajectory_score.py'...
[15.386s] Listing '/home/derek/work/install/dwb_msgs/local/lib/python3.10/dist-packages/dwb_msgs/srv'...
[15.386s] Compiling '/home/derek/work/install/dwb_msgs/local/lib/python3.10/dist-packages/dwb_msgs/srv/__init__.py'...
[15.386s] Compiling '/home/derek/work/install/dwb_msgs/local/lib/python3.10/dist-packages/dwb_msgs/srv/_debug_local_plan.py'...
[15.386s] Compiling '/home/derek/work/install/dwb_msgs/local/lib/python3.10/dist-packages/dwb_msgs/srv/_generate_trajectory.py'...
[15.387s] Compiling '/home/derek/work/install/dwb_msgs/local/lib/python3.10/dist-packages/dwb_msgs/srv/_generate_twists.py'...
[15.387s] Compiling '/home/derek/work/install/dwb_msgs/local/lib/python3.10/dist-packages/dwb_msgs/srv/_get_critic_score.py'...
[15.387s] Compiling '/home/derek/work/install/dwb_msgs/local/lib/python3.10/dist-packages/dwb_msgs/srv/_score_trajectory.py'...
[15.401s] -- Installing: /home/derek/work/install/dwb_msgs/local/lib/python3.10/dist-packages/dwb_msgs/dwb_msgs_s__rosidl_typesupport_fastrtps_c.cpython-310-x86_64-linux-gnu.so
[15.402s] -- Set runtime path of "/home/derek/work/install/dwb_msgs/local/lib/python3.10/dist-packages/dwb_msgs/dwb_msgs_s__rosidl_typesupport_fastrtps_c.cpython-310-x86_64-linux-gnu.so" to ""
[15.402s] -- Installing: /home/derek/work/install/dwb_msgs/local/lib/python3.10/dist-packages/dwb_msgs/dwb_msgs_s__rosidl_typesupport_introspection_c.cpython-310-x86_64-linux-gnu.so
[15.402s] -- Set runtime path of "/home/derek/work/install/dwb_msgs/local/lib/python3.10/dist-packages/dwb_msgs/dwb_msgs_s__rosidl_typesupport_introspection_c.cpython-310-x86_64-linux-gnu.so" to ""
[15.403s] -- Installing: /home/derek/work/install/dwb_msgs/local/lib/python3.10/dist-packages/dwb_msgs/dwb_msgs_s__rosidl_typesupport_c.cpython-310-x86_64-linux-gnu.so
[15.403s] -- Set runtime path of "/home/derek/work/install/dwb_msgs/local/lib/python3.10/dist-packages/dwb_msgs/dwb_msgs_s__rosidl_typesupport_c.cpython-310-x86_64-linux-gnu.so" to ""
[15.403s] -- Installing: /home/derek/work/install/dwb_msgs/lib/libdwb_msgs__rosidl_generator_py.so
[15.404s] -- Set runtime path of "/home/derek/work/install/dwb_msgs/lib/libdwb_msgs__rosidl_generator_py.so" to ""
[15.404s] -- Installing: /home/derek/work/install/dwb_msgs/share/dwb_msgs/msg/CriticScore.idl
[15.404s] -- Installing: /home/derek/work/install/dwb_msgs/share/dwb_msgs/msg/LocalPlanEvaluation.idl
[15.404s] -- Installing: /home/derek/work/install/dwb_msgs/share/dwb_msgs/msg/Trajectory2D.idl
[15.404s] -- Installing: /home/derek/work/install/dwb_msgs/share/dwb_msgs/msg/TrajectoryScore.idl
[15.404s] -- Installing: /home/derek/work/install/dwb_msgs/share/dwb_msgs/srv/DebugLocalPlan.idl
[15.405s] -- Installing: /home/derek/work/install/dwb_msgs/share/dwb_msgs/srv/GenerateTrajectory.idl
[15.405s] -- Installing: /home/derek/work/install/dwb_msgs/share/dwb_msgs/srv/GenerateTwists.idl
[15.405s] -- Installing: /home/derek/work/install/dwb_msgs/share/dwb_msgs/srv/GetCriticScore.idl
[15.405s] -- Installing: /home/derek/work/install/dwb_msgs/share/dwb_msgs/srv/ScoreTrajectory.idl
[15.405s] -- Installing: /home/derek/work/install/dwb_msgs/share/dwb_msgs/msg/CriticScore.msg
[15.405s] -- Installing: /home/derek/work/install/dwb_msgs/share/dwb_msgs/msg/LocalPlanEvaluation.msg
[15.405s] -- Installing: /home/derek/work/install/dwb_msgs/share/dwb_msgs/msg/Trajectory2D.msg
[15.406s] -- Installing: /home/derek/work/install/dwb_msgs/share/dwb_msgs/msg/TrajectoryScore.msg
[15.406s] -- Installing: /home/derek/work/install/dwb_msgs/share/dwb_msgs/srv/DebugLocalPlan.srv
[15.406s] -- Installing: /home/derek/work/install/dwb_msgs/share/dwb_msgs/srv/DebugLocalPlan_Request.msg
[15.406s] -- Installing: /home/derek/work/install/dwb_msgs/share/dwb_msgs/srv/DebugLocalPlan_Response.msg
[15.406s] -- Installing: /home/derek/work/install/dwb_msgs/share/dwb_msgs/srv/GenerateTrajectory.srv
[15.406s] -- Installing: /home/derek/work/install/dwb_msgs/share/dwb_msgs/srv/GenerateTrajectory_Request.msg
[15.406s] -- Installing: /home/derek/work/install/dwb_msgs/share/dwb_msgs/srv/GenerateTrajectory_Response.msg
[15.407s] -- Installing: /home/derek/work/install/dwb_msgs/share/dwb_msgs/srv/GenerateTwists.srv
[15.407s] -- Installing: /home/derek/work/install/dwb_msgs/share/dwb_msgs/srv/GenerateTwists_Request.msg
[15.407s] -- Installing: /home/derek/work/install/dwb_msgs/share/dwb_msgs/srv/GenerateTwists_Response.msg
[15.407s] -- Installing: /home/derek/work/install/dwb_msgs/share/dwb_msgs/srv/GetCriticScore.srv
[15.407s] -- Installing: /home/derek/work/install/dwb_msgs/share/dwb_msgs/srv/GetCriticScore_Request.msg
[15.407s] -- Installing: /home/derek/work/install/dwb_msgs/share/dwb_msgs/srv/GetCriticScore_Response.msg
[15.407s] -- Installing: /home/derek/work/install/dwb_msgs/share/dwb_msgs/srv/ScoreTrajectory.srv
[15.408s] -- Installing: /home/derek/work/install/dwb_msgs/share/dwb_msgs/srv/ScoreTrajectory_Request.msg
[15.408s] -- Installing: /home/derek/work/install/dwb_msgs/share/dwb_msgs/srv/ScoreTrajectory_Response.msg
[15.408s] -- Installing: /home/derek/work/install/dwb_msgs/share/ament_index/resource_index/package_run_dependencies/dwb_msgs
[15.408s] -- Installing: /home/derek/work/install/dwb_msgs/share/ament_index/resource_index/parent_prefix_path/dwb_msgs
[15.408s] -- Installing: /home/derek/work/install/dwb_msgs/share/dwb_msgs/environment/ament_prefix_path.sh
[15.409s] -- Installing: /home/derek/work/install/dwb_msgs/share/dwb_msgs/environment/ament_prefix_path.dsv
[15.409s] -- Installing: /home/derek/work/install/dwb_msgs/share/dwb_msgs/environment/path.sh
[15.409s] -- Installing: /home/derek/work/install/dwb_msgs/share/dwb_msgs/environment/path.dsv
[15.409s] -- Installing: /home/derek/work/install/dwb_msgs/share/dwb_msgs/local_setup.bash
[15.409s] -- Installing: /home/derek/work/install/dwb_msgs/share/dwb_msgs/local_setup.sh
[15.409s] -- Installing: /home/derek/work/install/dwb_msgs/share/dwb_msgs/local_setup.zsh
[15.409s] -- Installing: /home/derek/work/install/dwb_msgs/share/dwb_msgs/local_setup.dsv
[15.410s] -- Installing: /home/derek/work/install/dwb_msgs/share/dwb_msgs/package.dsv
[15.410s] -- Installing: /home/derek/work/install/dwb_msgs/share/ament_index/resource_index/packages/dwb_msgs
[15.410s] -- Installing: /home/derek/work/install/dwb_msgs/share/dwb_msgs/cmake/export_dwb_msgs__rosidl_generator_cExport.cmake
[15.411s] -- Installing: /home/derek/work/install/dwb_msgs/share/dwb_msgs/cmake/export_dwb_msgs__rosidl_generator_cExport-noconfig.cmake
[15.411s] -- Installing: /home/derek/work/install/dwb_msgs/share/dwb_msgs/cmake/export_dwb_msgs__rosidl_typesupport_fastrtps_cExport.cmake
[15.411s] -- Installing: /home/derek/work/install/dwb_msgs/share/dwb_msgs/cmake/export_dwb_msgs__rosidl_typesupport_fastrtps_cExport-noconfig.cmake
[15.411s] -- Installing: /home/derek/work/install/dwb_msgs/share/dwb_msgs/cmake/export_dwb_msgs__rosidl_generator_cppExport.cmake
[15.411s] -- Installing: /home/derek/work/install/dwb_msgs/share/dwb_msgs/cmake/export_dwb_msgs__rosidl_typesupport_fastrtps_cppExport.cmake
[15.411s] -- Installing: /home/derek/work/install/dwb_msgs/share/dwb_msgs/cmake/export_dwb_msgs__rosidl_typesupport_fastrtps_cppExport-noconfig.cmake
[15.411s] -- Installing: /home/derek/work/install/dwb_msgs/share/dwb_msgs/cmake/dwb_msgs__rosidl_typesupport_introspection_cExport.cmake
[15.411s] -- Installing: /home/derek/work/install/dwb_msgs/share/dwb_msgs/cmake/dwb_msgs__rosidl_typesupport_introspection_cExport-noconfig.cmake
[15.411s] -- Installing: /home/derek/work/install/dwb_msgs/share/dwb_msgs/cmake/dwb_msgs__rosidl_typesupport_cExport.cmake
[15.412s] -- Installing: /home/derek/work/install/dwb_msgs/share/dwb_msgs/cmake/dwb_msgs__rosidl_typesupport_cExport-noconfig.cmake
[15.412s] -- Installing: /home/derek/work/install/dwb_msgs/share/dwb_msgs/cmake/dwb_msgs__rosidl_typesupport_introspection_cppExport.cmake
[15.412s] -- Installing: /home/derek/work/install/dwb_msgs/share/dwb_msgs/cmake/dwb_msgs__rosidl_typesupport_introspection_cppExport-noconfig.cmake
[15.412s] -- Installing: /home/derek/work/install/dwb_msgs/share/dwb_msgs/cmake/dwb_msgs__rosidl_typesupport_cppExport.cmake
[15.412s] -- Installing: /home/derek/work/install/dwb_msgs/share/dwb_msgs/cmake/dwb_msgs__rosidl_typesupport_cppExport-noconfig.cmake
[15.412s] -- Installing: /home/derek/work/install/dwb_msgs/share/dwb_msgs/cmake/export_dwb_msgs__rosidl_generator_pyExport.cmake
[15.412s] -- Installing: /home/derek/work/install/dwb_msgs/share/dwb_msgs/cmake/export_dwb_msgs__rosidl_generator_pyExport-noconfig.cmake
[15.413s] -- Installing: /home/derek/work/install/dwb_msgs/share/dwb_msgs/cmake/rosidl_cmake-extras.cmake
[15.413s] -- Installing: /home/derek/work/install/dwb_msgs/share/dwb_msgs/cmake/ament_cmake_export_dependencies-extras.cmake
[15.413s] -- Installing: /home/derek/work/install/dwb_msgs/share/dwb_msgs/cmake/ament_cmake_export_include_directories-extras.cmake
[15.413s] -- Installing: /home/derek/work/install/dwb_msgs/share/dwb_msgs/cmake/ament_cmake_export_libraries-extras.cmake
[15.413s] -- Installing: /home/derek/work/install/dwb_msgs/share/dwb_msgs/cmake/ament_cmake_export_targets-extras.cmake
[15.414s] -- Installing: /home/derek/work/install/dwb_msgs/share/dwb_msgs/cmake/rosidl_cmake_export_typesupport_targets-extras.cmake
[15.414s] -- Installing: /home/derek/work/install/dwb_msgs/share/dwb_msgs/cmake/rosidl_cmake_export_typesupport_libraries-extras.cmake
[15.414s] -- Installing: /home/derek/work/install/dwb_msgs/share/dwb_msgs/cmake/dwb_msgsConfig.cmake
[15.421s] -- Installing: /home/derek/work/install/dwb_msgs/share/dwb_msgs/cmake/dwb_msgsConfig-version.cmake
[15.421s] -- Installing: /home/derek/work/install/dwb_msgs/share/dwb_msgs/package.xml
[15.424s] Invoked command in '/home/derek/work/build/dwb_msgs' returned '0': AMENT_PREFIX_PATH=/home/derek/work/install/nav_2d_msgs:${AMENT_PREFIX_PATH} CMAKE_PREFIX_PATH=/home/derek/work/install/nav_2d_msgs:/opt/ros/humble LD_LIBRARY_PATH=/home/derek/work/install/nav_2d_msgs/lib:/usr/lib/x86_64-linux-gnu/gazebo-11/plugins:/opt/ros/humble/opt/rviz_ogre_vendor/lib:/opt/ros/humble/lib/x86_64-linux-gnu:/opt/ros/humble/lib:/usr/local/nvidia/lib:/usr/local/nvidia/lib64:/usr/share/gazebo/../../lib/x86_64-linux-gnu/gazebo-11/plugins PYTHONPATH=/home/derek/work/install/nav_2d_msgs/local/lib/python3.10/dist-packages:${PYTHONPATH} /usr/bin/cmake --install /home/derek/work/build/dwb_msgs
