[0.290s] Invoking command in '/home/derek/work/build/dwb_critics': AMENT_PREFIX_PATH=/home/derek/work/install/dwb_core:/home/derek/work/install/nav2_core:/home/derek/work/install/costmap_queue:/home/derek/work/install/nav2_costmap_2d:/home/derek/work/install/nav_2d_utils:/home/derek/work/install/nav2_util:/home/derek/work/install/nav2_voxel_grid:/home/derek/work/install/nav2_msgs:/home/derek/work/install/dwb_msgs:/home/derek/work/install/nav_2d_msgs:/home/derek/work/install/nav2_common:${AMENT_PREFIX_PATH} CMAKE_PREFIX_PATH=/home/derek/work/install/dwb_core:/home/derek/work/install/nav2_core:/home/derek/work/install/costmap_queue:/home/derek/work/install/nav2_costmap_2d:/home/derek/work/install/nav_2d_utils:/home/derek/work/install/nav2_util:/home/derek/work/install/nav2_voxel_grid:/home/derek/work/install/nav2_msgs:/home/derek/work/install/dwb_msgs:/home/derek/work/install/nav_2d_msgs:/home/derek/work/install/nav2_common:/opt/ros/humble LD_LIBRARY_PATH=/home/derek/work/install/dwb_core/lib:/home/derek/work/install/costmap_queue/lib:/home/derek/work/install/nav2_costmap_2d/lib:/home/derek/work/install/nav_2d_utils/lib:/home/derek/work/install/nav2_util/lib:/home/derek/work/install/nav2_voxel_grid/lib:/home/derek/work/install/nav2_msgs/lib:/home/derek/work/install/dwb_msgs/lib:/home/derek/work/install/nav_2d_msgs/lib:/usr/lib/x86_64-linux-gnu/gazebo-11/plugins:/opt/ros/humble/opt/rviz_ogre_vendor/lib:/opt/ros/humble/lib/x86_64-linux-gnu:/opt/ros/humble/lib:/usr/local/nvidia/lib:/usr/local/nvidia/lib64:/usr/share/gazebo/../../lib/x86_64-linux-gnu/gazebo-11/plugins PYTHONPATH=/home/derek/work/install/nav2_msgs/local/lib/python3.10/dist-packages:/home/derek/work/install/dwb_msgs/local/lib/python3.10/dist-packages:/home/derek/work/install/nav_2d_msgs/local/lib/python3.10/dist-packages:/home/derek/work/install/nav2_common/local/lib/python3.10/dist-packages:${PYTHONPATH} /usr/bin/cmake --build /home/derek/work/build/dwb_critics -- -j16 -l16
[0.336s] [35m[1mConsolidate compiler generated dependencies of target gtest[0m
[0.336s] [35m[1mConsolidate compiler generated dependencies of target gtest_main[0m
[0.344s] [35m[1mConsolidate compiler generated dependencies of target dwb_critics[0m
[0.349s] [  7%] Built target gtest
[0.350s] [ 14%] Built target gtest_main
[0.391s] [ 62%] Built target dwb_critics
[0.402s] [35m[1mConsolidate compiler generated dependencies of target alignment_util_tests[0m
[0.403s] [35m[1mConsolidate compiler generated dependencies of target base_obstacle_tests[0m
[0.403s] [35m[1mConsolidate compiler generated dependencies of target prefer_forward_tests[0m
[0.404s] [35m[1mConsolidate compiler generated dependencies of target twirling_tests[0m
[0.405s] [35m[1mConsolidate compiler generated dependencies of target obstacle_footprint_tests[0m
[0.421s] [ 70%] Built target alignment_util_tests
[0.422s] [ 77%] Built target obstacle_footprint_tests
[0.422s] [ 85%] Built target base_obstacle_tests
[0.422s] [ 92%] Built target prefer_forward_tests
[0.424s] [100%] Built target twirling_tests
[0.483s] Invoked command in '/home/derek/work/build/dwb_critics' returned '0': AMENT_PREFIX_PATH=/home/derek/work/install/dwb_core:/home/derek/work/install/nav2_core:/home/derek/work/install/costmap_queue:/home/derek/work/install/nav2_costmap_2d:/home/derek/work/install/nav_2d_utils:/home/derek/work/install/nav2_util:/home/derek/work/install/nav2_voxel_grid:/home/derek/work/install/nav2_msgs:/home/derek/work/install/dwb_msgs:/home/derek/work/install/nav_2d_msgs:/home/derek/work/install/nav2_common:${AMENT_PREFIX_PATH} CMAKE_PREFIX_PATH=/home/derek/work/install/dwb_core:/home/derek/work/install/nav2_core:/home/derek/work/install/costmap_queue:/home/derek/work/install/nav2_costmap_2d:/home/derek/work/install/nav_2d_utils:/home/derek/work/install/nav2_util:/home/derek/work/install/nav2_voxel_grid:/home/derek/work/install/nav2_msgs:/home/derek/work/install/dwb_msgs:/home/derek/work/install/nav_2d_msgs:/home/derek/work/install/nav2_common:/opt/ros/humble LD_LIBRARY_PATH=/home/derek/work/install/dwb_core/lib:/home/derek/work/install/costmap_queue/lib:/home/derek/work/install/nav2_costmap_2d/lib:/home/derek/work/install/nav_2d_utils/lib:/home/derek/work/install/nav2_util/lib:/home/derek/work/install/nav2_voxel_grid/lib:/home/derek/work/install/nav2_msgs/lib:/home/derek/work/install/dwb_msgs/lib:/home/derek/work/install/nav_2d_msgs/lib:/usr/lib/x86_64-linux-gnu/gazebo-11/plugins:/opt/ros/humble/opt/rviz_ogre_vendor/lib:/opt/ros/humble/lib/x86_64-linux-gnu:/opt/ros/humble/lib:/usr/local/nvidia/lib:/usr/local/nvidia/lib64:/usr/share/gazebo/../../lib/x86_64-linux-gnu/gazebo-11/plugins PYTHONPATH=/home/derek/work/install/nav2_msgs/local/lib/python3.10/dist-packages:/home/derek/work/install/dwb_msgs/local/lib/python3.10/dist-packages:/home/derek/work/install/nav_2d_msgs/local/lib/python3.10/dist-packages:/home/derek/work/install/nav2_common/local/lib/python3.10/dist-packages:${PYTHONPATH} /usr/bin/cmake --build /home/derek/work/build/dwb_critics -- -j16 -l16
[0.575s] Invoking command in '/home/derek/work/build/dwb_critics': AMENT_PREFIX_PATH=/home/derek/work/install/dwb_core:/home/derek/work/install/nav2_core:/home/derek/work/install/costmap_queue:/home/derek/work/install/nav2_costmap_2d:/home/derek/work/install/nav_2d_utils:/home/derek/work/install/nav2_util:/home/derek/work/install/nav2_voxel_grid:/home/derek/work/install/nav2_msgs:/home/derek/work/install/dwb_msgs:/home/derek/work/install/nav_2d_msgs:/home/derek/work/install/nav2_common:${AMENT_PREFIX_PATH} CMAKE_PREFIX_PATH=/home/derek/work/install/dwb_core:/home/derek/work/install/nav2_core:/home/derek/work/install/costmap_queue:/home/derek/work/install/nav2_costmap_2d:/home/derek/work/install/nav_2d_utils:/home/derek/work/install/nav2_util:/home/derek/work/install/nav2_voxel_grid:/home/derek/work/install/nav2_msgs:/home/derek/work/install/dwb_msgs:/home/derek/work/install/nav_2d_msgs:/home/derek/work/install/nav2_common:/opt/ros/humble LD_LIBRARY_PATH=/home/derek/work/install/dwb_core/lib:/home/derek/work/install/costmap_queue/lib:/home/derek/work/install/nav2_costmap_2d/lib:/home/derek/work/install/nav_2d_utils/lib:/home/derek/work/install/nav2_util/lib:/home/derek/work/install/nav2_voxel_grid/lib:/home/derek/work/install/nav2_msgs/lib:/home/derek/work/install/dwb_msgs/lib:/home/derek/work/install/nav_2d_msgs/lib:/usr/lib/x86_64-linux-gnu/gazebo-11/plugins:/opt/ros/humble/opt/rviz_ogre_vendor/lib:/opt/ros/humble/lib/x86_64-linux-gnu:/opt/ros/humble/lib:/usr/local/nvidia/lib:/usr/local/nvidia/lib64:/usr/share/gazebo/../../lib/x86_64-linux-gnu/gazebo-11/plugins PYTHONPATH=/home/derek/work/install/nav2_msgs/local/lib/python3.10/dist-packages:/home/derek/work/install/dwb_msgs/local/lib/python3.10/dist-packages:/home/derek/work/install/nav_2d_msgs/local/lib/python3.10/dist-packages:/home/derek/work/install/nav2_common/local/lib/python3.10/dist-packages:${PYTHONPATH} /usr/bin/cmake --install /home/derek/work/build/dwb_critics
[0.583s] -- Install configuration: "Release"
[0.584s] -- Up-to-date: /home/derek/work/install/dwb_critics/lib/libdwb_critics.so
[0.584s] -- Up-to-date: /home/derek/work/install/dwb_critics/include/
[0.584s] -- Up-to-date: /home/derek/work/install/dwb_critics/include//dwb_critics
[0.584s] -- Up-to-date: /home/derek/work/install/dwb_critics/include//dwb_critics/oscillation.hpp
[0.584s] -- Up-to-date: /home/derek/work/install/dwb_critics/include//dwb_critics/goal_dist.hpp
[0.585s] -- Up-to-date: /home/derek/work/install/dwb_critics/include//dwb_critics/goal_align.hpp
[0.585s] -- Up-to-date: /home/derek/work/install/dwb_critics/include//dwb_critics/alignment_util.hpp
[0.585s] -- Up-to-date: /home/derek/work/install/dwb_critics/include//dwb_critics/line_iterator.hpp
[0.585s] -- Up-to-date: /home/derek/work/install/dwb_critics/include//dwb_critics/base_obstacle.hpp
[0.585s] -- Up-to-date: /home/derek/work/install/dwb_critics/include//dwb_critics/rotate_to_goal.hpp
[0.586s] -- Up-to-date: /home/derek/work/install/dwb_critics/include//dwb_critics/path_dist.hpp
[0.586s] -- Up-to-date: /home/derek/work/install/dwb_critics/include//dwb_critics/twirling.hpp
[0.586s] -- Up-to-date: /home/derek/work/install/dwb_critics/include//dwb_critics/map_grid.hpp
[0.586s] -- Up-to-date: /home/derek/work/install/dwb_critics/include//dwb_critics/obstacle_footprint.hpp
[0.586s] -- Up-to-date: /home/derek/work/install/dwb_critics/include//dwb_critics/prefer_forward.hpp
[0.586s] -- Up-to-date: /home/derek/work/install/dwb_critics/include//dwb_critics/path_align.hpp
[0.587s] -- Up-to-date: /home/derek/work/install/dwb_critics/share/dwb_critics/default_critics.xml
[0.587s] -- Up-to-date: /home/derek/work/install/dwb_critics/share/dwb_critics/environment/library_path.sh
[0.587s] -- Up-to-date: /home/derek/work/install/dwb_critics/share/dwb_critics/environment/library_path.dsv
[0.587s] -- Up-to-date: /home/derek/work/install/dwb_critics/share/dwb_critics/default_critics.xml
[0.587s] -- Up-to-date: /home/derek/work/install/dwb_critics/share/ament_index/resource_index/package_run_dependencies/dwb_critics
[0.588s] -- Up-to-date: /home/derek/work/install/dwb_critics/share/ament_index/resource_index/parent_prefix_path/dwb_critics
[0.588s] -- Up-to-date: /home/derek/work/install/dwb_critics/share/dwb_critics/environment/ament_prefix_path.sh
[0.588s] -- Up-to-date: /home/derek/work/install/dwb_critics/share/dwb_critics/environment/ament_prefix_path.dsv
[0.588s] -- Up-to-date: /home/derek/work/install/dwb_critics/share/dwb_critics/environment/path.sh
[0.589s] -- Up-to-date: /home/derek/work/install/dwb_critics/share/dwb_critics/environment/path.dsv
[0.589s] -- Up-to-date: /home/derek/work/install/dwb_critics/share/dwb_critics/local_setup.bash
[0.589s] -- Up-to-date: /home/derek/work/install/dwb_critics/share/dwb_critics/local_setup.sh
[0.589s] -- Up-to-date: /home/derek/work/install/dwb_critics/share/dwb_critics/local_setup.zsh
[0.590s] -- Up-to-date: /home/derek/work/install/dwb_critics/share/dwb_critics/local_setup.dsv
[0.590s] -- Installing: /home/derek/work/install/dwb_critics/share/dwb_critics/package.dsv
[0.590s] -- Up-to-date: /home/derek/work/install/dwb_critics/share/ament_index/resource_index/packages/dwb_critics
[0.591s] -- Up-to-date: /home/derek/work/install/dwb_critics/share/ament_index/resource_index/dwb_core__pluginlib__plugin/dwb_critics
[0.591s] -- Up-to-date: /home/derek/work/install/dwb_critics/share/dwb_critics/cmake/ament_cmake_export_include_directories-extras.cmake
[0.591s] -- Up-to-date: /home/derek/work/install/dwb_critics/share/dwb_critics/cmake/ament_cmake_export_libraries-extras.cmake
[0.591s] -- Up-to-date: /home/derek/work/install/dwb_critics/share/dwb_critics/cmake/ament_cmake_export_dependencies-extras.cmake
[0.592s] -- Up-to-date: /home/derek/work/install/dwb_critics/share/dwb_critics/cmake/dwb_criticsConfig.cmake
[0.593s] -- Up-to-date: /home/derek/work/install/dwb_critics/share/dwb_critics/cmake/dwb_criticsConfig-version.cmake
[0.594s] -- Up-to-date: /home/derek/work/install/dwb_critics/share/dwb_critics/package.xml
[0.684s] Invoked command in '/home/derek/work/build/dwb_critics' returned '0': AMENT_PREFIX_PATH=/home/derek/work/install/dwb_core:/home/derek/work/install/nav2_core:/home/derek/work/install/costmap_queue:/home/derek/work/install/nav2_costmap_2d:/home/derek/work/install/nav_2d_utils:/home/derek/work/install/nav2_util:/home/derek/work/install/nav2_voxel_grid:/home/derek/work/install/nav2_msgs:/home/derek/work/install/dwb_msgs:/home/derek/work/install/nav_2d_msgs:/home/derek/work/install/nav2_common:${AMENT_PREFIX_PATH} CMAKE_PREFIX_PATH=/home/derek/work/install/dwb_core:/home/derek/work/install/nav2_core:/home/derek/work/install/costmap_queue:/home/derek/work/install/nav2_costmap_2d:/home/derek/work/install/nav_2d_utils:/home/derek/work/install/nav2_util:/home/derek/work/install/nav2_voxel_grid:/home/derek/work/install/nav2_msgs:/home/derek/work/install/dwb_msgs:/home/derek/work/install/nav_2d_msgs:/home/derek/work/install/nav2_common:/opt/ros/humble LD_LIBRARY_PATH=/home/derek/work/install/dwb_core/lib:/home/derek/work/install/costmap_queue/lib:/home/derek/work/install/nav2_costmap_2d/lib:/home/derek/work/install/nav_2d_utils/lib:/home/derek/work/install/nav2_util/lib:/home/derek/work/install/nav2_voxel_grid/lib:/home/derek/work/install/nav2_msgs/lib:/home/derek/work/install/dwb_msgs/lib:/home/derek/work/install/nav_2d_msgs/lib:/usr/lib/x86_64-linux-gnu/gazebo-11/plugins:/opt/ros/humble/opt/rviz_ogre_vendor/lib:/opt/ros/humble/lib/x86_64-linux-gnu:/opt/ros/humble/lib:/usr/local/nvidia/lib:/usr/local/nvidia/lib64:/usr/share/gazebo/../../lib/x86_64-linux-gnu/gazebo-11/plugins PYTHONPATH=/home/derek/work/install/nav2_msgs/local/lib/python3.10/dist-packages:/home/derek/work/install/dwb_msgs/local/lib/python3.10/dist-packages:/home/derek/work/install/nav_2d_msgs/local/lib/python3.10/dist-packages:/home/derek/work/install/nav2_common/local/lib/python3.10/dist-packages:${PYTHONPATH} /usr/bin/cmake --install /home/derek/work/build/dwb_critics
