[0.409s] Invoking command in '/home/derek/work/build/nav2_controller': AMENT_PREFIX_PATH=/home/derek/work/install/nav2_core:/home/derek/work/install/nav2_costmap_2d:/home/derek/work/install/nav_2d_utils:/home/derek/work/install/nav2_util:/home/derek/work/install/nav2_voxel_grid:/home/derek/work/install/nav2_msgs:/home/derek/work/install/nav_2d_msgs:/home/derek/work/install/nav2_common:${AMENT_PREFIX_PATH} CMAKE_PREFIX_PATH=/home/derek/work/install/nav2_core:/home/derek/work/install/nav2_costmap_2d:/home/derek/work/install/nav_2d_utils:/home/derek/work/install/nav2_util:/home/derek/work/install/nav2_voxel_grid:/home/derek/work/install/nav2_msgs:/home/derek/work/install/nav_2d_msgs:/home/derek/work/install/nav2_common:/opt/ros/humble LD_LIBRARY_PATH=/home/derek/work/install/nav2_costmap_2d/lib:/home/derek/work/install/nav_2d_utils/lib:/home/derek/work/install/nav2_util/lib:/home/derek/work/install/nav2_voxel_grid/lib:/home/derek/work/install/nav2_msgs/lib:/home/derek/work/install/nav_2d_msgs/lib:/usr/lib/x86_64-linux-gnu/gazebo-11/plugins:/opt/ros/humble/opt/rviz_ogre_vendor/lib:/opt/ros/humble/lib/x86_64-linux-gnu:/opt/ros/humble/lib:/usr/local/nvidia/lib:/usr/local/nvidia/lib64:/usr/share/gazebo/../../lib/x86_64-linux-gnu/gazebo-11/plugins PYTHONPATH=/home/derek/work/install/nav2_msgs/local/lib/python3.10/dist-packages:/home/derek/work/install/nav_2d_msgs/local/lib/python3.10/dist-packages:/home/derek/work/install/nav2_common/local/lib/python3.10/dist-packages:${PYTHONPATH} /usr/bin/cmake /home/derek/work/src/navigation2/nav2_controller -DCMAKE_INSTALL_PREFIX=/home/derek/work/install/nav2_controller
[0.465s] -- The C compiler identification is GNU 11.4.0
[0.531s] -- The CXX compiler identification is GNU 11.4.0
[0.539s] -- Detecting C compiler ABI info
[0.619s] -- Detecting C compiler ABI info - done
[0.626s] -- Check for working C compiler: /usr/bin/cc - skipped
[0.626s] -- Detecting C compile features
[0.627s] -- Detecting C compile features - done
[0.631s] -- Detecting CXX compiler ABI info
[0.727s] -- Detecting CXX compiler ABI info - done
[0.737s] -- Check for working CXX compiler: /usr/bin/c++ - skipped
[0.737s] -- Detecting CXX compile features
[0.738s] -- Detecting CXX compile features - done
[0.741s] -- Found ament_cmake: 1.3.7 (/opt/ros/humble/share/ament_cmake/cmake)
[1.473s] -- Found Python3: /usr/bin/python3.10 (found version "3.10.12") found components: Interpreter 
[1.587s] -- Found nav2_core: 1.1.13 (/home/derek/work/install/nav2_core/share/nav2_core/cmake)
[1.662s] -- Found rosidl_generator_c: 3.1.5 (/opt/ros/humble/share/rosidl_generator_c/cmake)
[1.676s] -- Found rosidl_adapter: 3.1.5 (/opt/ros/humble/share/rosidl_adapter/cmake)
[1.688s] -- Found rosidl_generator_cpp: 3.1.5 (/opt/ros/humble/share/rosidl_generator_cpp/cmake)
[1.708s] -- Using all available rosidl_typesupport_c: rosidl_typesupport_fastrtps_c;rosidl_typesupport_introspection_c
[1.736s] -- Using all available rosidl_typesupport_cpp: rosidl_typesupport_fastrtps_cpp;rosidl_typesupport_introspection_cpp
[1.838s] -- Found rmw_implementation_cmake: 6.1.1 (/opt/ros/humble/share/rmw_implementation_cmake/cmake)
[1.842s] -- Found rmw_fastrtps_cpp: 6.2.6 (/opt/ros/humble/share/rmw_fastrtps_cpp/cmake)
[2.005s] -- Found OpenSSL: /usr/lib/x86_64-linux-gnu/libcrypto.so (found version "3.0.2")  
[2.048s] -- Found FastRTPS: /opt/ros/humble/include  
[2.121s] -- Using RMW implementation 'rmw_fastrtps_cpp' as default
[2.136s] -- Looking for pthread.h
[2.241s] -- Looking for pthread.h - found
[2.241s] -- Performing Test CMAKE_HAVE_LIBC_PTHREAD
[2.372s] -- Performing Test CMAKE_HAVE_LIBC_PTHREAD - Success
[2.374s] -- Found Threads: TRUE  
[4.055s] -- Found Eigen3: TRUE (found version "3.4.0") 
[4.055s] -- Ensuring Eigen3 include directory is part of orocos-kdl CMake target
[6.415s] -- Found nav2_common: 1.1.13 (/home/derek/work/install/nav2_common/share/nav2_common/cmake)
[6.416s] -- Found nav_2d_utils: 1.1.13 (/home/derek/work/install/nav_2d_utils/share/nav_2d_utils/cmake)
[7.393s] -- Setting build type to Release as none was specified.
[41.072s] -- Found ament_lint_auto: 0.12.10 (/opt/ros/humble/share/ament_lint_auto/cmake)
[41.195s] -- Found gtest sources under '/opt/ros/humble/src/gtest_vendor': C++ tests using 'Google Test' will be built
[45.449s] -- Found gtest sources under '/opt/ros/humble/src/gtest_vendor': C++ tests using 'Google Test' will be built
[49.949s] -- Added test 'cppcheck' to perform static code analysis on C / C++ code
[49.952s] -- Configured cppcheck include dirs: /home/derek/work/src/navigation2/nav2_controller/include
[49.952s] -- Configured cppcheck exclude dirs and/or files: 
[49.953s] -- Added test 'cpplint' to check C / C++ code against the Google style
[49.954s] -- Configured cpplint exclude dirs and/or files: 
[49.955s] -- Added test 'lint_cmake' to check CMake code style
[49.957s] -- Added test 'uncrustify' to check C / C++ code style
[49.957s] -- Configured uncrustify additional arguments: 
[49.957s] -- Added test 'xmllint' to check XML markup files
[49.961s] -- Configuring done
[50.430s] -- Generating done
[50.434s] -- Build files have been written to: /home/derek/work/build/nav2_controller
[50.453s] Invoked command in '/home/derek/work/build/nav2_controller' returned '0': AMENT_PREFIX_PATH=/home/derek/work/install/nav2_core:/home/derek/work/install/nav2_costmap_2d:/home/derek/work/install/nav_2d_utils:/home/derek/work/install/nav2_util:/home/derek/work/install/nav2_voxel_grid:/home/derek/work/install/nav2_msgs:/home/derek/work/install/nav_2d_msgs:/home/derek/work/install/nav2_common:${AMENT_PREFIX_PATH} CMAKE_PREFIX_PATH=/home/derek/work/install/nav2_core:/home/derek/work/install/nav2_costmap_2d:/home/derek/work/install/nav_2d_utils:/home/derek/work/install/nav2_util:/home/derek/work/install/nav2_voxel_grid:/home/derek/work/install/nav2_msgs:/home/derek/work/install/nav_2d_msgs:/home/derek/work/install/nav2_common:/opt/ros/humble LD_LIBRARY_PATH=/home/derek/work/install/nav2_costmap_2d/lib:/home/derek/work/install/nav_2d_utils/lib:/home/derek/work/install/nav2_util/lib:/home/derek/work/install/nav2_voxel_grid/lib:/home/derek/work/install/nav2_msgs/lib:/home/derek/work/install/nav_2d_msgs/lib:/usr/lib/x86_64-linux-gnu/gazebo-11/plugins:/opt/ros/humble/opt/rviz_ogre_vendor/lib:/opt/ros/humble/lib/x86_64-linux-gnu:/opt/ros/humble/lib:/usr/local/nvidia/lib:/usr/local/nvidia/lib64:/usr/share/gazebo/../../lib/x86_64-linux-gnu/gazebo-11/plugins PYTHONPATH=/home/derek/work/install/nav2_msgs/local/lib/python3.10/dist-packages:/home/derek/work/install/nav_2d_msgs/local/lib/python3.10/dist-packages:/home/derek/work/install/nav2_common/local/lib/python3.10/dist-packages:${PYTHONPATH} /usr/bin/cmake /home/derek/work/src/navigation2/nav2_controller -DCMAKE_INSTALL_PREFIX=/home/derek/work/install/nav2_controller
[50.455s] Invoking command in '/home/derek/work/build/nav2_controller': AMENT_PREFIX_PATH=/home/derek/work/install/nav2_core:/home/derek/work/install/nav2_costmap_2d:/home/derek/work/install/nav_2d_utils:/home/derek/work/install/nav2_util:/home/derek/work/install/nav2_voxel_grid:/home/derek/work/install/nav2_msgs:/home/derek/work/install/nav_2d_msgs:/home/derek/work/install/nav2_common:${AMENT_PREFIX_PATH} CMAKE_PREFIX_PATH=/home/derek/work/install/nav2_core:/home/derek/work/install/nav2_costmap_2d:/home/derek/work/install/nav_2d_utils:/home/derek/work/install/nav2_util:/home/derek/work/install/nav2_voxel_grid:/home/derek/work/install/nav2_msgs:/home/derek/work/install/nav_2d_msgs:/home/derek/work/install/nav2_common:/opt/ros/humble LD_LIBRARY_PATH=/home/derek/work/install/nav2_costmap_2d/lib:/home/derek/work/install/nav_2d_utils/lib:/home/derek/work/install/nav2_util/lib:/home/derek/work/install/nav2_voxel_grid/lib:/home/derek/work/install/nav2_msgs/lib:/home/derek/work/install/nav_2d_msgs/lib:/usr/lib/x86_64-linux-gnu/gazebo-11/plugins:/opt/ros/humble/opt/rviz_ogre_vendor/lib:/opt/ros/humble/lib/x86_64-linux-gnu:/opt/ros/humble/lib:/usr/local/nvidia/lib:/usr/local/nvidia/lib64:/usr/share/gazebo/../../lib/x86_64-linux-gnu/gazebo-11/plugins PYTHONPATH=/home/derek/work/install/nav2_msgs/local/lib/python3.10/dist-packages:/home/derek/work/install/nav_2d_msgs/local/lib/python3.10/dist-packages:/home/derek/work/install/nav2_common/local/lib/python3.10/dist-packages:${PYTHONPATH} /usr/bin/cmake --build /home/derek/work/build/nav2_controller -- -j16 -l16
[51.398s] [  4%] [32mBuilding CXX object CMakeFiles/controller_server_core.dir/src/controller_server.cpp.o[0m
[80.388s] [  9%] [32m[1mLinking CXX shared library libcontroller_server_core.so[0m
[80.707s] [  9%] Built target controller_server_core
[80.725s] [ 13%] [32mBuilding CXX object gtest/CMakeFiles/gtest.dir/src/gtest-all.cc.o[0m
[88.008s] [ 18%] [32m[1mLinking CXX static library libgtest.a[0m
[88.047s] [ 18%] Built target gtest
[88.071s] [ 27%] [32mBuilding CXX object CMakeFiles/controller_server.dir/src/main.cpp.o[0m
[88.071s] [ 27%] [32mBuilding CXX object CMakeFiles/simple_goal_checker.dir/plugins/simple_goal_checker.cpp.o[0m
[88.071s] [ 31%] [32mBuilding CXX object gtest/CMakeFiles/gtest_main.dir/src/gtest_main.cc.o[0m
[89.142s] [ 36%] [32m[1mLinking CXX static library libgtest_main.a[0m
[89.350s] [ 36%] Built target gtest_main
[89.477s] [ 40%] [32mBuilding CXX object CMakeFiles/simple_progress_checker.dir/plugins/simple_progress_checker.cpp.o[0m
[89.514s] [ 45%] [32mBuilding CXX object test/CMakeFiles/test_dynamic_parameters.dir/test_dynamic_parameters.cpp.o[0m
[95.670s] [ 50%] [32m[1mLinking CXX shared library libsimple_progress_checker.so[0m
[96.237s] [ 50%] Built target simple_progress_checker
[96.382s] [ 54%] [32mBuilding CXX object CMakeFiles/pose_progress_checker.dir/plugins/pose_progress_checker.cpp.o[0m
[97.730s] [ 59%] [32m[1mLinking CXX shared library libsimple_goal_checker.so[0m
[98.254s] [ 59%] Built target simple_goal_checker
[101.173s] [ 63%] [32m[1mLinking CXX executable controller_server[0m
[101.849s] [ 63%] Built target controller_server
[103.430s] [ 68%] [32m[1mLinking CXX shared library libpose_progress_checker.so[0m
[103.870s] [ 68%] Built target pose_progress_checker
[106.616s] [ 72%] [32m[1mLinking CXX executable test_dynamic_parameters[0m
[107.143s] [ 72%] Built target test_dynamic_parameters
[107.170s] [ 77%] [32mBuilding CXX object plugins/test/CMakeFiles/pctest.dir/progress_checker.cpp.o[0m
[112.440s] [ 81%] [32m[1mLinking CXX executable pctest[0m
[112.704s] [ 81%] Built target pctest
[112.724s] [ 86%] [32mBuilding CXX object CMakeFiles/stopped_goal_checker.dir/plugins/stopped_goal_checker.cpp.o[0m
[117.332s] [ 90%] [32m[1mLinking CXX shared library libstopped_goal_checker.so[0m
[117.532s] [ 90%] Built target stopped_goal_checker
[117.553s] [ 95%] [32mBuilding CXX object plugins/test/CMakeFiles/gctest.dir/goal_checker.cpp.o[0m
[125.806s] [100%] [32m[1mLinking CXX executable gctest[0m
[126.406s] [100%] Built target gctest
[126.421s] Invoked command in '/home/derek/work/build/nav2_controller' returned '0': AMENT_PREFIX_PATH=/home/derek/work/install/nav2_core:/home/derek/work/install/nav2_costmap_2d:/home/derek/work/install/nav_2d_utils:/home/derek/work/install/nav2_util:/home/derek/work/install/nav2_voxel_grid:/home/derek/work/install/nav2_msgs:/home/derek/work/install/nav_2d_msgs:/home/derek/work/install/nav2_common:${AMENT_PREFIX_PATH} CMAKE_PREFIX_PATH=/home/derek/work/install/nav2_core:/home/derek/work/install/nav2_costmap_2d:/home/derek/work/install/nav_2d_utils:/home/derek/work/install/nav2_util:/home/derek/work/install/nav2_voxel_grid:/home/derek/work/install/nav2_msgs:/home/derek/work/install/nav_2d_msgs:/home/derek/work/install/nav2_common:/opt/ros/humble LD_LIBRARY_PATH=/home/derek/work/install/nav2_costmap_2d/lib:/home/derek/work/install/nav_2d_utils/lib:/home/derek/work/install/nav2_util/lib:/home/derek/work/install/nav2_voxel_grid/lib:/home/derek/work/install/nav2_msgs/lib:/home/derek/work/install/nav_2d_msgs/lib:/usr/lib/x86_64-linux-gnu/gazebo-11/plugins:/opt/ros/humble/opt/rviz_ogre_vendor/lib:/opt/ros/humble/lib/x86_64-linux-gnu:/opt/ros/humble/lib:/usr/local/nvidia/lib:/usr/local/nvidia/lib64:/usr/share/gazebo/../../lib/x86_64-linux-gnu/gazebo-11/plugins PYTHONPATH=/home/derek/work/install/nav2_msgs/local/lib/python3.10/dist-packages:/home/derek/work/install/nav_2d_msgs/local/lib/python3.10/dist-packages:/home/derek/work/install/nav2_common/local/lib/python3.10/dist-packages:${PYTHONPATH} /usr/bin/cmake --build /home/derek/work/build/nav2_controller -- -j16 -l16
[126.474s] Invoking command in '/home/derek/work/build/nav2_controller': AMENT_PREFIX_PATH=/home/derek/work/install/nav2_core:/home/derek/work/install/nav2_costmap_2d:/home/derek/work/install/nav_2d_utils:/home/derek/work/install/nav2_util:/home/derek/work/install/nav2_voxel_grid:/home/derek/work/install/nav2_msgs:/home/derek/work/install/nav_2d_msgs:/home/derek/work/install/nav2_common:${AMENT_PREFIX_PATH} CMAKE_PREFIX_PATH=/home/derek/work/install/nav2_core:/home/derek/work/install/nav2_costmap_2d:/home/derek/work/install/nav_2d_utils:/home/derek/work/install/nav2_util:/home/derek/work/install/nav2_voxel_grid:/home/derek/work/install/nav2_msgs:/home/derek/work/install/nav_2d_msgs:/home/derek/work/install/nav2_common:/opt/ros/humble LD_LIBRARY_PATH=/home/derek/work/install/nav2_costmap_2d/lib:/home/derek/work/install/nav_2d_utils/lib:/home/derek/work/install/nav2_util/lib:/home/derek/work/install/nav2_voxel_grid/lib:/home/derek/work/install/nav2_msgs/lib:/home/derek/work/install/nav_2d_msgs/lib:/usr/lib/x86_64-linux-gnu/gazebo-11/plugins:/opt/ros/humble/opt/rviz_ogre_vendor/lib:/opt/ros/humble/lib/x86_64-linux-gnu:/opt/ros/humble/lib:/usr/local/nvidia/lib:/usr/local/nvidia/lib64:/usr/share/gazebo/../../lib/x86_64-linux-gnu/gazebo-11/plugins PYTHONPATH=/home/derek/work/install/nav2_msgs/local/lib/python3.10/dist-packages:/home/derek/work/install/nav_2d_msgs/local/lib/python3.10/dist-packages:/home/derek/work/install/nav2_common/local/lib/python3.10/dist-packages:${PYTHONPATH} /usr/bin/cmake --install /home/derek/work/build/nav2_controller
[126.494s] -- Install configuration: "Release"
[126.494s] -- Installing: /home/derek/work/install/nav2_controller/lib/libsimple_progress_checker.so
[126.494s] -- Set runtime path of "/home/derek/work/install/nav2_controller/lib/libsimple_progress_checker.so" to ""
[126.494s] -- Installing: /home/derek/work/install/nav2_controller/lib/libpose_progress_checker.so
[126.494s] -- Set runtime path of "/home/derek/work/install/nav2_controller/lib/libpose_progress_checker.so" to ""
[126.494s] -- Installing: /home/derek/work/install/nav2_controller/lib/libsimple_goal_checker.so
[126.494s] -- Set runtime path of "/home/derek/work/install/nav2_controller/lib/libsimple_goal_checker.so" to ""
[126.494s] -- Installing: /home/derek/work/install/nav2_controller/lib/libstopped_goal_checker.so
[126.494s] -- Set runtime path of "/home/derek/work/install/nav2_controller/lib/libstopped_goal_checker.so" to ""
[126.495s] -- Installing: /home/derek/work/install/nav2_controller/lib/libcontroller_server_core.so
[126.495s] -- Set runtime path of "/home/derek/work/install/nav2_controller/lib/libcontroller_server_core.so" to ""
[126.495s] -- Installing: /home/derek/work/install/nav2_controller/lib/nav2_controller/controller_server
[126.495s] -- Set runtime path of "/home/derek/work/install/nav2_controller/lib/nav2_controller/controller_server" to ""
[126.495s] -- Installing: /home/derek/work/install/nav2_controller/include/
[126.495s] -- Installing: /home/derek/work/install/nav2_controller/include//nav2_controller
[126.495s] -- Installing: /home/derek/work/install/nav2_controller/include//nav2_controller/controller_server.hpp
[126.495s] -- Installing: /home/derek/work/install/nav2_controller/include//nav2_controller/plugins
[126.495s] -- Installing: /home/derek/work/install/nav2_controller/include//nav2_controller/plugins/simple_goal_checker.hpp
[126.495s] -- Installing: /home/derek/work/install/nav2_controller/include//nav2_controller/plugins/pose_progress_checker.hpp
[126.495s] -- Installing: /home/derek/work/install/nav2_controller/include//nav2_controller/plugins/stopped_goal_checker.hpp
[126.495s] -- Installing: /home/derek/work/install/nav2_controller/include//nav2_controller/plugins/simple_progress_checker.hpp
[126.495s] -- Installing: /home/derek/work/install/nav2_controller/share/nav2_controller/environment/library_path.sh
[126.495s] -- Installing: /home/derek/work/install/nav2_controller/share/nav2_controller/environment/library_path.dsv
[126.495s] -- Installing: /home/derek/work/install/nav2_controller/share/nav2_controller/plugins.xml
[126.495s] -- Installing: /home/derek/work/install/nav2_controller/share/ament_index/resource_index/package_run_dependencies/nav2_controller
[126.496s] -- Installing: /home/derek/work/install/nav2_controller/share/ament_index/resource_index/parent_prefix_path/nav2_controller
[126.496s] -- Installing: /home/derek/work/install/nav2_controller/share/nav2_controller/environment/ament_prefix_path.sh
[126.496s] -- Installing: /home/derek/work/install/nav2_controller/share/nav2_controller/environment/ament_prefix_path.dsv
[126.496s] -- Installing: /home/derek/work/install/nav2_controller/share/nav2_controller/environment/path.sh
[126.496s] -- Installing: /home/derek/work/install/nav2_controller/share/nav2_controller/environment/path.dsv
[126.496s] -- Installing: /home/derek/work/install/nav2_controller/share/nav2_controller/local_setup.bash
[126.496s] -- Installing: /home/derek/work/install/nav2_controller/share/nav2_controller/local_setup.sh
[126.496s] -- Installing: /home/derek/work/install/nav2_controller/share/nav2_controller/local_setup.zsh
[126.496s] -- Installing: /home/derek/work/install/nav2_controller/share/nav2_controller/local_setup.dsv
[126.496s] -- Installing: /home/derek/work/install/nav2_controller/share/nav2_controller/package.dsv
[126.496s] -- Installing: /home/derek/work/install/nav2_controller/share/ament_index/resource_index/packages/nav2_controller
[126.497s] -- Installing: /home/derek/work/install/nav2_controller/share/ament_index/resource_index/nav2_core__pluginlib__plugin/nav2_controller
[126.497s] -- Installing: /home/derek/work/install/nav2_controller/share/ament_index/resource_index/rclcpp_components/nav2_controller
[126.497s] -- Installing: /home/derek/work/install/nav2_controller/share/nav2_controller/cmake/ament_cmake_export_include_directories-extras.cmake
[126.497s] -- Installing: /home/derek/work/install/nav2_controller/share/nav2_controller/cmake/ament_cmake_export_libraries-extras.cmake
[126.497s] -- Installing: /home/derek/work/install/nav2_controller/share/nav2_controller/cmake/ament_cmake_export_dependencies-extras.cmake
[126.497s] -- Installing: /home/derek/work/install/nav2_controller/share/nav2_controller/cmake/nav2_controllerConfig.cmake
[126.497s] -- Installing: /home/derek/work/install/nav2_controller/share/nav2_controller/cmake/nav2_controllerConfig-version.cmake
[126.497s] -- Installing: /home/derek/work/install/nav2_controller/share/nav2_controller/package.xml
[126.499s] Invoked command in '/home/derek/work/build/nav2_controller' returned '0': AMENT_PREFIX_PATH=/home/derek/work/install/nav2_core:/home/derek/work/install/nav2_costmap_2d:/home/derek/work/install/nav_2d_utils:/home/derek/work/install/nav2_util:/home/derek/work/install/nav2_voxel_grid:/home/derek/work/install/nav2_msgs:/home/derek/work/install/nav_2d_msgs:/home/derek/work/install/nav2_common:${AMENT_PREFIX_PATH} CMAKE_PREFIX_PATH=/home/derek/work/install/nav2_core:/home/derek/work/install/nav2_costmap_2d:/home/derek/work/install/nav_2d_utils:/home/derek/work/install/nav2_util:/home/derek/work/install/nav2_voxel_grid:/home/derek/work/install/nav2_msgs:/home/derek/work/install/nav_2d_msgs:/home/derek/work/install/nav2_common:/opt/ros/humble LD_LIBRARY_PATH=/home/derek/work/install/nav2_costmap_2d/lib:/home/derek/work/install/nav_2d_utils/lib:/home/derek/work/install/nav2_util/lib:/home/derek/work/install/nav2_voxel_grid/lib:/home/derek/work/install/nav2_msgs/lib:/home/derek/work/install/nav_2d_msgs/lib:/usr/lib/x86_64-linux-gnu/gazebo-11/plugins:/opt/ros/humble/opt/rviz_ogre_vendor/lib:/opt/ros/humble/lib/x86_64-linux-gnu:/opt/ros/humble/lib:/usr/local/nvidia/lib:/usr/local/nvidia/lib64:/usr/share/gazebo/../../lib/x86_64-linux-gnu/gazebo-11/plugins PYTHONPATH=/home/derek/work/install/nav2_msgs/local/lib/python3.10/dist-packages:/home/derek/work/install/nav_2d_msgs/local/lib/python3.10/dist-packages:/home/derek/work/install/nav2_common/local/lib/python3.10/dist-packages:${PYTHONPATH} /usr/bin/cmake --install /home/derek/work/build/nav2_controller
