[0.045s] Invoking command in '/home/derek/work/build/nav2_rviz_plugins': AMENT_PREFIX_PATH=/home/derek/work/install/nav2_lifecycle_manager:/home/derek/work/install/nav2_util:/home/derek/work/install/nav2_msgs:/home/derek/work/install/nav2_common:${AMENT_PREFIX_PATH} CMAKE_PREFIX_PATH=/home/derek/work/install/nav2_lifecycle_manager:/home/derek/work/install/nav2_util:/home/derek/work/install/nav2_msgs:/home/derek/work/install/nav2_common:/opt/ros/humble LD_LIBRARY_PATH=/home/derek/work/install/nav2_lifecycle_manager/lib:/home/derek/work/install/nav2_util/lib:/home/derek/work/install/nav2_msgs/lib:/usr/lib/x86_64-linux-gnu/gazebo-11/plugins:/opt/ros/humble/opt/rviz_ogre_vendor/lib:/opt/ros/humble/lib/x86_64-linux-gnu:/opt/ros/humble/lib:/usr/local/nvidia/lib:/usr/local/nvidia/lib64:/usr/share/gazebo/../../lib/x86_64-linux-gnu/gazebo-11/plugins PYTHONPATH=/home/derek/work/install/nav2_msgs/local/lib/python3.10/dist-packages:/home/derek/work/install/nav2_common/local/lib/python3.10/dist-packages:${PYTHONPATH} /usr/bin/cmake /home/derek/work/src/navigation2/nav2_rviz_plugins -DCMAKE_INSTALL_PREFIX=/home/derek/work/install/nav2_rviz_plugins
[0.102s] -- The C compiler identification is GNU 11.4.0
[0.153s] -- The CXX compiler identification is GNU 11.4.0
[0.160s] -- Detecting C compiler ABI info
[0.219s] -- Detecting C compiler ABI info - done
[0.227s] -- Check for working C compiler: /usr/bin/cc - skipped
[0.228s] -- Detecting C compile features
[0.228s] -- Detecting C compile features - done
[0.232s] -- Detecting CXX compiler ABI info
[0.304s] -- Detecting CXX compiler ABI info - done
[0.314s] -- Check for working CXX compiler: /usr/bin/c++ - skipped
[0.315s] -- Detecting CXX compile features
[0.315s] -- Detecting CXX compile features - done
[0.318s] -- Found ament_cmake: 1.3.7 (/opt/ros/humble/share/ament_cmake/cmake)
[0.795s] -- Found Python3: /usr/bin/python3.10 (found version "3.10.12") found components: Interpreter 
[0.885s] -- Found geometry_msgs: 4.2.3 (/opt/ros/humble/share/geometry_msgs/cmake)
[0.933s] -- Found rosidl_generator_c: 3.1.5 (/opt/ros/humble/share/rosidl_generator_c/cmake)
[0.939s] -- Found rosidl_adapter: 3.1.5 (/opt/ros/humble/share/rosidl_adapter/cmake)
[0.951s] -- Found rosidl_generator_cpp: 3.1.5 (/opt/ros/humble/share/rosidl_generator_cpp/cmake)
[0.969s] -- Using all available rosidl_typesupport_c: rosidl_typesupport_fastrtps_c;rosidl_typesupport_introspection_c
[0.995s] -- Using all available rosidl_typesupport_cpp: rosidl_typesupport_fastrtps_cpp;rosidl_typesupport_introspection_cpp
[1.161s] -- Found nav2_util: 1.1.13 (/home/derek/work/install/nav2_util/share/nav2_util/cmake)
[1.845s] -- Found rmw_implementation_cmake: 6.1.1 (/opt/ros/humble/share/rmw_implementation_cmake/cmake)
[1.849s] -- Found rmw_fastrtps_cpp: 6.2.6 (/opt/ros/humble/share/rmw_fastrtps_cpp/cmake)
[1.987s] -- Found OpenSSL: /usr/lib/x86_64-linux-gnu/libcrypto.so (found version "3.0.2")  
[2.025s] -- Found FastRTPS: /opt/ros/humble/include  
[2.096s] -- Using RMW implementation 'rmw_fastrtps_cpp' as default
[2.110s] -- Looking for pthread.h
[2.187s] -- Looking for pthread.h - found
[2.188s] -- Performing Test CMAKE_HAVE_LIBC_PTHREAD
[2.271s] -- Performing Test CMAKE_HAVE_LIBC_PTHREAD - Success
[2.272s] -- Found Threads: TRUE  
[2.811s] -- Found eigen3_cmake_module: 0.1.1 (/opt/ros/humble/share/eigen3_cmake_module/cmake)
[2.812s] -- Found Eigen3: TRUE (found version "3.4.0") 
[2.813s] -- Ensuring Eigen3 include directory is part of orocos-kdl CMake target
[3.114s] -- Found nav2_lifecycle_manager: 1.1.13 (/home/derek/work/install/nav2_lifecycle_manager/share/nav2_lifecycle_manager/cmake)
[4.027s] -- Found pluginlib: 5.1.0 (/opt/ros/humble/share/pluginlib/cmake)
[4.070s] -- Found rviz_common: 11.2.10 (/opt/ros/humble/share/rviz_common/cmake)
[4.087s] -- Setting OGRE_DIR to: '/opt/ros/humble/share/rviz_ogre_vendor/cmake/../../../opt/rviz_ogre_vendor/lib/OGRE/cmake'
[4.089s] -- Found OGRE
[4.089s] --   static     : OFF
[4.089s] --   components : HLMS;MeshLodGenerator;Overlay;Paging;Property;RTShaderSystem;Terrain;Volume
[4.089s] --   plugins    : Plugin_BSPSceneManager;Plugin_OctreeSceneManager;Plugin_PCZSceneManager;Plugin_ParticleFX;RenderSystem_GL;RenderSystem_GL3Plus;Codec_STBI
[4.089s] --   media      : /opt/ros/humble/opt/rviz_ogre_vendor/share/OGRE/Media
[4.089s] -- OGRE_LIBRARIES: OgreHLMS;OgreMeshLodGenerator;OgreOverlay;OgrePaging;OgreProperty;OgreRTShaderSystem;OgreTerrain;OgreVolume;OgreMain
[4.089s] -- OGRE_LIBRARY_DIRS: /opt/ros/humble/opt/rviz_ogre_vendor/lib
[4.090s] -- OGRE_PLUGINS: Plugin_BSPSceneManager;Plugin_OctreeSceneManager;Plugin_PCZSceneManager;Plugin_ParticleFX;RenderSystem_GL;RenderSystem_GL3Plus;Codec_STBI
[4.090s] -- OGRE_PLUGIN_DIR: /opt/ros/humble/opt/rviz_ogre_vendor/lib/OGRE
[4.090s] -- rviz_ogre_vendor::OgreOverlay for IMPORTED_LOCATION_RELEASE: /opt/ros/humble/opt/rviz_ogre_vendor/lib/libOgreOverlay.so
[4.090s] -- rviz_ogre_vendor::OgreOverlay for IMPORTED_LOCATION_DEBUG: /opt/ros/humble/opt/rviz_ogre_vendor/lib/libOgreOverlay.so
[4.090s] -- rviz_ogre_vendor::OgreMain for IMPORTED_LOCATION_RELEASE: /opt/ros/humble/opt/rviz_ogre_vendor/lib/libOgreMain.so
[4.090s] -- rviz_ogre_vendor::OgreMain for IMPORTED_LOCATION_DEBUG: /opt/ros/humble/opt/rviz_ogre_vendor/lib/libOgreMain.so
[4.113s] -- Found ZLIB: /usr/lib/x86_64-linux-gnu/libz.so (found version "1.2.11") 
[4.119s] -- Found OpenGL: /usr/lib/x86_64-linux-gnu/libOpenGL.so   
[4.216s] -- Found X11: /usr/include   
[4.216s] -- Looking for XOpenDisplay in /usr/lib/x86_64-linux-gnu/libX11.so;/usr/lib/x86_64-linux-gnu/libXext.so
[4.287s] -- Looking for XOpenDisplay in /usr/lib/x86_64-linux-gnu/libX11.so;/usr/lib/x86_64-linux-gnu/libXext.so - found
[4.287s] -- Looking for gethostbyname
[4.346s] -- Looking for gethostbyname - found
[4.346s] -- Looking for connect
[4.407s] -- Looking for connect - found
[4.407s] -- Looking for remove
[4.477s] -- Looking for remove - found
[4.477s] -- Looking for shmat
[4.552s] -- Looking for shmat - found
[4.552s] -- Looking for IceConnectionNumber in ICE
[4.618s] -- Looking for IceConnectionNumber in ICE - found
[4.620s] -- rviz_ogre_vendor::RenderSystem_GL for IMPORTED_LOCATION_RELEASE: _render_system_gl_static_library_abs-NOTFOUND
[4.620s] -- rviz_ogre_vendor::RenderSystem_GL for IMPORTED_LOCATION_DEBUG: _render_system_gl_static_library_abs-NOTFOUND
[4.717s] -- library: /usr/lib/x86_64-linux-gnu/libcurl.so
[4.865s] -- Found rviz_default_plugins: 11.2.10 (/opt/ros/humble/share/rviz_default_plugins/cmake)
[6.950s] -- Found ament_lint_auto: 0.12.10 (/opt/ros/humble/share/ament_lint_auto/cmake)
[7.027s] -- Added test 'copyright' to check source files copyright and LICENSE
[7.028s] -- Added test 'cppcheck' to perform static code analysis on C / C++ code
[7.028s] -- Configured cppcheck include dirs: /home/derek/work/src/navigation2/nav2_rviz_plugins/include
[7.028s] -- Configured cppcheck exclude dirs and/or files: 
[7.029s] -- Added test 'cpplint' to check C / C++ code against the Google style
[7.029s] -- Configured cpplint exclude dirs and/or files: 
[7.030s] -- Added test 'lint_cmake' to check CMake code style
[7.031s] -- Added test 'uncrustify' to check C / C++ code style
[7.031s] -- Configured uncrustify additional arguments: 
[7.031s] -- Added test 'xmllint' to check XML markup files
[7.033s] -- Configuring done
[7.104s] -- Generating done
[7.106s] -- Build files have been written to: /home/derek/work/build/nav2_rviz_plugins
[7.117s] Invoked command in '/home/derek/work/build/nav2_rviz_plugins' returned '0': AMENT_PREFIX_PATH=/home/derek/work/install/nav2_lifecycle_manager:/home/derek/work/install/nav2_util:/home/derek/work/install/nav2_msgs:/home/derek/work/install/nav2_common:${AMENT_PREFIX_PATH} CMAKE_PREFIX_PATH=/home/derek/work/install/nav2_lifecycle_manager:/home/derek/work/install/nav2_util:/home/derek/work/install/nav2_msgs:/home/derek/work/install/nav2_common:/opt/ros/humble LD_LIBRARY_PATH=/home/derek/work/install/nav2_lifecycle_manager/lib:/home/derek/work/install/nav2_util/lib:/home/derek/work/install/nav2_msgs/lib:/usr/lib/x86_64-linux-gnu/gazebo-11/plugins:/opt/ros/humble/opt/rviz_ogre_vendor/lib:/opt/ros/humble/lib/x86_64-linux-gnu:/opt/ros/humble/lib:/usr/local/nvidia/lib:/usr/local/nvidia/lib64:/usr/share/gazebo/../../lib/x86_64-linux-gnu/gazebo-11/plugins PYTHONPATH=/home/derek/work/install/nav2_msgs/local/lib/python3.10/dist-packages:/home/derek/work/install/nav2_common/local/lib/python3.10/dist-packages:${PYTHONPATH} /usr/bin/cmake /home/derek/work/src/navigation2/nav2_rviz_plugins -DCMAKE_INSTALL_PREFIX=/home/derek/work/install/nav2_rviz_plugins
[7.120s] Invoking command in '/home/derek/work/build/nav2_rviz_plugins': AMENT_PREFIX_PATH=/home/derek/work/install/nav2_lifecycle_manager:/home/derek/work/install/nav2_util:/home/derek/work/install/nav2_msgs:/home/derek/work/install/nav2_common:${AMENT_PREFIX_PATH} CMAKE_PREFIX_PATH=/home/derek/work/install/nav2_lifecycle_manager:/home/derek/work/install/nav2_util:/home/derek/work/install/nav2_msgs:/home/derek/work/install/nav2_common:/opt/ros/humble LD_LIBRARY_PATH=/home/derek/work/install/nav2_lifecycle_manager/lib:/home/derek/work/install/nav2_util/lib:/home/derek/work/install/nav2_msgs/lib:/usr/lib/x86_64-linux-gnu/gazebo-11/plugins:/opt/ros/humble/opt/rviz_ogre_vendor/lib:/opt/ros/humble/lib/x86_64-linux-gnu:/opt/ros/humble/lib:/usr/local/nvidia/lib:/usr/local/nvidia/lib64:/usr/share/gazebo/../../lib/x86_64-linux-gnu/gazebo-11/plugins PYTHONPATH=/home/derek/work/install/nav2_msgs/local/lib/python3.10/dist-packages:/home/derek/work/install/nav2_common/local/lib/python3.10/dist-packages:${PYTHONPATH} /usr/bin/cmake --build /home/derek/work/build/nav2_rviz_plugins -- -j16 -l16
[7.172s] [ 14%] [34m[1mAutomatic MOC for target nav2_rviz_plugins[0m
[7.702s] [ 14%] Built target nav2_rviz_plugins_autogen
[7.723s] [ 28%] [32mBuilding CXX object CMakeFiles/nav2_rviz_plugins.dir/nav2_rviz_plugins_autogen/mocs_compilation.cpp.o[0m
[7.724s] [ 42%] [32mBuilding CXX object CMakeFiles/nav2_rviz_plugins.dir/src/particle_cloud_display/particle_cloud_display.cpp.o[0m
[7.725s] [ 57%] [32mBuilding CXX object CMakeFiles/nav2_rviz_plugins.dir/src/nav2_panel.cpp.o[0m
[7.727s] [ 71%] [32mBuilding CXX object CMakeFiles/nav2_rviz_plugins.dir/src/goal_tool.cpp.o[0m
[7.727s] [ 85%] [32mBuilding CXX object CMakeFiles/nav2_rviz_plugins.dir/src/particle_cloud_display/flat_weighted_arrows_array.cpp.o[0m
[25.424s] [100%] [32m[1mLinking CXX shared library libnav2_rviz_plugins.so[0m
[31.315s] [100%] Built target nav2_rviz_plugins
[31.323s] Invoked command in '/home/derek/work/build/nav2_rviz_plugins' returned '0': AMENT_PREFIX_PATH=/home/derek/work/install/nav2_lifecycle_manager:/home/derek/work/install/nav2_util:/home/derek/work/install/nav2_msgs:/home/derek/work/install/nav2_common:${AMENT_PREFIX_PATH} CMAKE_PREFIX_PATH=/home/derek/work/install/nav2_lifecycle_manager:/home/derek/work/install/nav2_util:/home/derek/work/install/nav2_msgs:/home/derek/work/install/nav2_common:/opt/ros/humble LD_LIBRARY_PATH=/home/derek/work/install/nav2_lifecycle_manager/lib:/home/derek/work/install/nav2_util/lib:/home/derek/work/install/nav2_msgs/lib:/usr/lib/x86_64-linux-gnu/gazebo-11/plugins:/opt/ros/humble/opt/rviz_ogre_vendor/lib:/opt/ros/humble/lib/x86_64-linux-gnu:/opt/ros/humble/lib:/usr/local/nvidia/lib:/usr/local/nvidia/lib64:/usr/share/gazebo/../../lib/x86_64-linux-gnu/gazebo-11/plugins PYTHONPATH=/home/derek/work/install/nav2_msgs/local/lib/python3.10/dist-packages:/home/derek/work/install/nav2_common/local/lib/python3.10/dist-packages:${PYTHONPATH} /usr/bin/cmake --build /home/derek/work/build/nav2_rviz_plugins -- -j16 -l16
[31.357s] Invoking command in '/home/derek/work/build/nav2_rviz_plugins': AMENT_PREFIX_PATH=/home/derek/work/install/nav2_lifecycle_manager:/home/derek/work/install/nav2_util:/home/derek/work/install/nav2_msgs:/home/derek/work/install/nav2_common:${AMENT_PREFIX_PATH} CMAKE_PREFIX_PATH=/home/derek/work/install/nav2_lifecycle_manager:/home/derek/work/install/nav2_util:/home/derek/work/install/nav2_msgs:/home/derek/work/install/nav2_common:/opt/ros/humble LD_LIBRARY_PATH=/home/derek/work/install/nav2_lifecycle_manager/lib:/home/derek/work/install/nav2_util/lib:/home/derek/work/install/nav2_msgs/lib:/usr/lib/x86_64-linux-gnu/gazebo-11/plugins:/opt/ros/humble/opt/rviz_ogre_vendor/lib:/opt/ros/humble/lib/x86_64-linux-gnu:/opt/ros/humble/lib:/usr/local/nvidia/lib:/usr/local/nvidia/lib64:/usr/share/gazebo/../../lib/x86_64-linux-gnu/gazebo-11/plugins PYTHONPATH=/home/derek/work/install/nav2_msgs/local/lib/python3.10/dist-packages:/home/derek/work/install/nav2_common/local/lib/python3.10/dist-packages:${PYTHONPATH} /usr/bin/cmake --install /home/derek/work/build/nav2_rviz_plugins
[31.365s] -- Install configuration: ""
[31.365s] -- Installing: /home/derek/work/install/nav2_rviz_plugins/share/nav2_rviz_plugins/plugins_description.xml
[31.365s] -- Installing: /home/derek/work/install/nav2_rviz_plugins/lib/libnav2_rviz_plugins.so
[31.382s] -- Set runtime path of "/home/derek/work/install/nav2_rviz_plugins/lib/libnav2_rviz_plugins.so" to ""
[31.382s] -- Installing: /home/derek/work/install/nav2_rviz_plugins/include/
[31.382s] -- Installing: /home/derek/work/install/nav2_rviz_plugins/include//nav2_rviz_plugins
[31.382s] -- Installing: /home/derek/work/install/nav2_rviz_plugins/include//nav2_rviz_plugins/goal_common.hpp
[31.382s] -- Installing: /home/derek/work/install/nav2_rviz_plugins/include//nav2_rviz_plugins/nav2_panel.hpp
[31.382s] -- Installing: /home/derek/work/install/nav2_rviz_plugins/include//nav2_rviz_plugins/ros_action_qevent.hpp
[31.383s] -- Installing: /home/derek/work/install/nav2_rviz_plugins/include//nav2_rviz_plugins/particle_cloud_display
[31.383s] -- Installing: /home/derek/work/install/nav2_rviz_plugins/include//nav2_rviz_plugins/particle_cloud_display/flat_weighted_arrows_array.hpp
[31.383s] -- Installing: /home/derek/work/install/nav2_rviz_plugins/include//nav2_rviz_plugins/particle_cloud_display/particle_cloud_display.hpp
[31.383s] -- Installing: /home/derek/work/install/nav2_rviz_plugins/include//nav2_rviz_plugins/goal_pose_updater.hpp
[31.383s] -- Installing: /home/derek/work/install/nav2_rviz_plugins/include//nav2_rviz_plugins/goal_tool.hpp
[31.383s] -- Installing: /home/derek/work/install/nav2_rviz_plugins/share/nav2_rviz_plugins/environment/library_path.sh
[31.383s] -- Installing: /home/derek/work/install/nav2_rviz_plugins/share/nav2_rviz_plugins/environment/library_path.dsv
[31.384s] -- Installing: /home/derek/work/install/nav2_rviz_plugins/share/ament_index/resource_index/package_run_dependencies/nav2_rviz_plugins
[31.384s] -- Installing: /home/derek/work/install/nav2_rviz_plugins/share/ament_index/resource_index/parent_prefix_path/nav2_rviz_plugins
[31.384s] -- Installing: /home/derek/work/install/nav2_rviz_plugins/share/nav2_rviz_plugins/environment/ament_prefix_path.sh
[31.384s] -- Installing: /home/derek/work/install/nav2_rviz_plugins/share/nav2_rviz_plugins/environment/ament_prefix_path.dsv
[31.384s] -- Installing: /home/derek/work/install/nav2_rviz_plugins/share/nav2_rviz_plugins/environment/path.sh
[31.384s] -- Installing: /home/derek/work/install/nav2_rviz_plugins/share/nav2_rviz_plugins/environment/path.dsv
[31.384s] -- Installing: /home/derek/work/install/nav2_rviz_plugins/share/nav2_rviz_plugins/local_setup.bash
[31.384s] -- Installing: /home/derek/work/install/nav2_rviz_plugins/share/nav2_rviz_plugins/local_setup.sh
[31.385s] -- Installing: /home/derek/work/install/nav2_rviz_plugins/share/nav2_rviz_plugins/local_setup.zsh
[31.385s] -- Installing: /home/derek/work/install/nav2_rviz_plugins/share/nav2_rviz_plugins/local_setup.dsv
[31.385s] -- Installing: /home/derek/work/install/nav2_rviz_plugins/share/nav2_rviz_plugins/package.dsv
[31.385s] -- Installing: /home/derek/work/install/nav2_rviz_plugins/share/ament_index/resource_index/packages/nav2_rviz_plugins
[31.385s] -- Installing: /home/derek/work/install/nav2_rviz_plugins/share/ament_index/resource_index/rviz_common__pluginlib__plugin/nav2_rviz_plugins
[31.385s] -- Installing: /home/derek/work/install/nav2_rviz_plugins/share/nav2_rviz_plugins/cmake/nav2_rviz_pluginsExport.cmake
[31.385s] -- Installing: /home/derek/work/install/nav2_rviz_plugins/share/nav2_rviz_plugins/cmake/nav2_rviz_pluginsExport-noconfig.cmake
[31.385s] -- Installing: /home/derek/work/install/nav2_rviz_plugins/share/nav2_rviz_plugins/cmake/ament_cmake_export_include_directories-extras.cmake
[31.385s] -- Installing: /home/derek/work/install/nav2_rviz_plugins/share/nav2_rviz_plugins/cmake/ament_cmake_export_targets-extras.cmake
[31.385s] -- Installing: /home/derek/work/install/nav2_rviz_plugins/share/nav2_rviz_plugins/cmake/ament_cmake_export_dependencies-extras.cmake
[31.385s] -- Installing: /home/derek/work/install/nav2_rviz_plugins/share/nav2_rviz_plugins/cmake/nav2_rviz_pluginsConfig.cmake
[31.385s] -- Installing: /home/derek/work/install/nav2_rviz_plugins/share/nav2_rviz_plugins/cmake/nav2_rviz_pluginsConfig-version.cmake
[31.386s] -- Installing: /home/derek/work/install/nav2_rviz_plugins/share/nav2_rviz_plugins/package.xml
[31.386s] Invoked command in '/home/derek/work/build/nav2_rviz_plugins' returned '0': AMENT_PREFIX_PATH=/home/derek/work/install/nav2_lifecycle_manager:/home/derek/work/install/nav2_util:/home/derek/work/install/nav2_msgs:/home/derek/work/install/nav2_common:${AMENT_PREFIX_PATH} CMAKE_PREFIX_PATH=/home/derek/work/install/nav2_lifecycle_manager:/home/derek/work/install/nav2_util:/home/derek/work/install/nav2_msgs:/home/derek/work/install/nav2_common:/opt/ros/humble LD_LIBRARY_PATH=/home/derek/work/install/nav2_lifecycle_manager/lib:/home/derek/work/install/nav2_util/lib:/home/derek/work/install/nav2_msgs/lib:/usr/lib/x86_64-linux-gnu/gazebo-11/plugins:/opt/ros/humble/opt/rviz_ogre_vendor/lib:/opt/ros/humble/lib/x86_64-linux-gnu:/opt/ros/humble/lib:/usr/local/nvidia/lib:/usr/local/nvidia/lib64:/usr/share/gazebo/../../lib/x86_64-linux-gnu/gazebo-11/plugins PYTHONPATH=/home/derek/work/install/nav2_msgs/local/lib/python3.10/dist-packages:/home/derek/work/install/nav2_common/local/lib/python3.10/dist-packages:${PYTHONPATH} /usr/bin/cmake --install /home/derek/work/build/nav2_rviz_plugins
