[0.071s] Invoking command in '/home/derek/work/build/nav2_costmap_2d': AMENT_PREFIX_PATH=/home/derek/work/install/nav2_map_server:/home/derek/work/install/nav2_lifecycle_manager:/home/derek/work/install/nav2_util:/home/derek/work/install/nav2_voxel_grid:/home/derek/work/install/nav2_msgs:/home/derek/work/install/nav2_common:${AMENT_PREFIX_PATH} CMAKE_PREFIX_PATH=/home/derek/work/install/nav2_map_server:/home/derek/work/install/nav2_lifecycle_manager:/home/derek/work/install/nav2_util:/home/derek/work/install/nav2_voxel_grid:/home/derek/work/install/nav2_msgs:/home/derek/work/install/nav2_common:/opt/ros/humble LD_LIBRARY_PATH=/home/derek/work/install/nav2_map_server/lib:/home/derek/work/install/nav2_lifecycle_manager/lib:/home/derek/work/install/nav2_util/lib:/home/derek/work/install/nav2_voxel_grid/lib:/home/derek/work/install/nav2_msgs/lib:/usr/lib/x86_64-linux-gnu/gazebo-11/plugins:/opt/ros/humble/opt/rviz_ogre_vendor/lib:/opt/ros/humble/lib/x86_64-linux-gnu:/opt/ros/humble/lib:/usr/local/nvidia/lib:/usr/local/nvidia/lib64:/usr/share/gazebo/../../lib/x86_64-linux-gnu/gazebo-11/plugins PYTHONPATH=/home/derek/work/install/nav2_msgs/local/lib/python3.10/dist-packages:/home/derek/work/install/nav2_common/local/lib/python3.10/dist-packages:${PYTHONPATH} /usr/bin/cmake /home/derek/work/src/navigation2/nav2_costmap_2d -DCMAKE_INSTALL_PREFIX=/home/derek/work/install/nav2_costmap_2d
[0.121s] -- The C compiler identification is GNU 11.4.0
[0.170s] -- The CXX compiler identification is GNU 11.4.0
[0.178s] -- Detecting C compiler ABI info
[0.242s] -- Detecting C compiler ABI info - done
[0.249s] -- Check for working C compiler: /usr/bin/cc - skipped
[0.249s] -- Detecting C compile features
[0.249s] -- Detecting C compile features - done
[0.252s] -- Detecting CXX compiler ABI info
[0.322s] -- Detecting CXX compiler ABI info - done
[0.332s] -- Check for working CXX compiler: /usr/bin/c++ - skipped
[0.332s] -- Detecting CXX compile features
[0.332s] -- Detecting CXX compile features - done
[0.335s] -- Found ament_cmake: 1.3.7 (/opt/ros/humble/share/ament_cmake/cmake)
[0.791s] -- Found Python3: /usr/bin/python3.10 (found version "3.10.12") found components: Interpreter 
[0.875s] -- Found geometry_msgs: 4.2.3 (/opt/ros/humble/share/geometry_msgs/cmake)
[0.910s] -- Found rosidl_generator_c: 3.1.5 (/opt/ros/humble/share/rosidl_generator_c/cmake)
[0.915s] -- Found rosidl_adapter: 3.1.5 (/opt/ros/humble/share/rosidl_adapter/cmake)
[0.923s] -- Found rosidl_generator_cpp: 3.1.5 (/opt/ros/humble/share/rosidl_generator_cpp/cmake)
[0.937s] -- Using all available rosidl_typesupport_c: rosidl_typesupport_fastrtps_c;rosidl_typesupport_introspection_c
[0.955s] -- Using all available rosidl_typesupport_cpp: rosidl_typesupport_fastrtps_cpp;rosidl_typesupport_introspection_cpp
[1.063s] -- Found laser_geometry: 2.4.0 (/opt/ros/humble/share/laser_geometry/cmake)
[1.130s] -- Found rmw_implementation_cmake: 6.1.1 (/opt/ros/humble/share/rmw_implementation_cmake/cmake)
[1.133s] -- Found rmw_fastrtps_cpp: 6.2.6 (/opt/ros/humble/share/rmw_fastrtps_cpp/cmake)
[1.221s] -- Found OpenSSL: /usr/lib/x86_64-linux-gnu/libcrypto.so (found version "3.0.2")  
[1.249s] -- Found FastRTPS: /opt/ros/humble/include  
[1.298s] -- Using RMW implementation 'rmw_fastrtps_cpp' as default
[1.309s] -- Looking for pthread.h
[1.377s] -- Looking for pthread.h - found
[1.378s] -- Performing Test CMAKE_HAVE_LIBC_PTHREAD
[1.450s] -- Performing Test CMAKE_HAVE_LIBC_PTHREAD - Success
[1.451s] -- Found Threads: TRUE  
[1.674s] -- Found map_msgs: 2.1.0 (/opt/ros/humble/share/map_msgs/cmake)
[1.900s] -- Found message_filters: 4.3.3 (/opt/ros/humble/share/message_filters/cmake)
[1.905s] -- Found nav2_common: 1.1.13 (/home/derek/work/install/nav2_common/share/nav2_common/cmake)
[1.906s] -- Found nav2_msgs: 1.1.13 (/home/derek/work/install/nav2_msgs/share/nav2_msgs/cmake)
[2.094s] -- Found nav2_util: 1.1.13 (/home/derek/work/install/nav2_util/share/nav2_util/cmake)
[2.369s] -- Found Eigen3: TRUE (found version "3.4.0") 
[2.369s] -- Ensuring Eigen3 include directory is part of orocos-kdl CMake target
[2.558s] -- Found nav2_voxel_grid: 1.1.13 (/home/derek/work/install/nav2_voxel_grid/share/nav2_voxel_grid/cmake)
[2.563s] -- Found pluginlib: 5.1.0 (/opt/ros/humble/share/pluginlib/cmake)
[2.583s] -- Found std_srvs: 4.2.3 (/opt/ros/humble/share/std_srvs/cmake)
[2.599s] -- Found tf2_sensor_msgs: 0.25.5 (/opt/ros/humble/share/tf2_sensor_msgs/cmake)
[2.618s] -- Found visualization_msgs: 4.2.3 (/opt/ros/humble/share/visualization_msgs/cmake)
[2.725s] -- Found angles: 1.15.0 (/opt/ros/humble/share/angles/cmake)
[2.727s] -- Setting build type to Release as none was specified.
[5.480s] -- Found ament_lint_auto: 0.12.10 (/opt/ros/humble/share/ament_lint_auto/cmake)
[7.075s] -- Found gtest sources under '/opt/ros/humble/src/gtest_vendor': C++ tests using 'Google Test' will be built
[7.097s] -- Found gtest sources under '/opt/ros/humble/src/gtest_vendor': C++ tests using 'Google Test' will be built
[9.745s] -- Found gtest sources under '/opt/ros/humble/src/gtest_vendor': C++ tests using 'Google Test' will be built
[10.191s] -- Added test 'cppcheck' to perform static code analysis on C / C++ code
[10.193s] -- Configured cppcheck include dirs: /home/derek/work/src/navigation2/nav2_costmap_2d/include
[10.193s] -- Configured cppcheck exclude dirs and/or files: 
[10.193s] -- Added test 'flake8' to check Python code syntax and style conventions
[10.194s] -- Added test 'lint_cmake' to check CMake code style
[10.195s] -- Added test 'pep257' to check Python code against some of the docstring style conventions in PEP 257
[10.198s] -- Added test 'uncrustify' to check C / C++ code style
[10.198s] -- Configured uncrustify additional arguments: 
[10.199s] -- Added test 'xmllint' to check XML markup files
[10.201s] -- Configuring done
[10.854s] -- Generating done
[10.857s] -- Build files have been written to: /home/derek/work/build/nav2_costmap_2d
[10.871s] Invoked command in '/home/derek/work/build/nav2_costmap_2d' returned '0': AMENT_PREFIX_PATH=/home/derek/work/install/nav2_map_server:/home/derek/work/install/nav2_lifecycle_manager:/home/derek/work/install/nav2_util:/home/derek/work/install/nav2_voxel_grid:/home/derek/work/install/nav2_msgs:/home/derek/work/install/nav2_common:${AMENT_PREFIX_PATH} CMAKE_PREFIX_PATH=/home/derek/work/install/nav2_map_server:/home/derek/work/install/nav2_lifecycle_manager:/home/derek/work/install/nav2_util:/home/derek/work/install/nav2_voxel_grid:/home/derek/work/install/nav2_msgs:/home/derek/work/install/nav2_common:/opt/ros/humble LD_LIBRARY_PATH=/home/derek/work/install/nav2_map_server/lib:/home/derek/work/install/nav2_lifecycle_manager/lib:/home/derek/work/install/nav2_util/lib:/home/derek/work/install/nav2_voxel_grid/lib:/home/derek/work/install/nav2_msgs/lib:/usr/lib/x86_64-linux-gnu/gazebo-11/plugins:/opt/ros/humble/opt/rviz_ogre_vendor/lib:/opt/ros/humble/lib/x86_64-linux-gnu:/opt/ros/humble/lib:/usr/local/nvidia/lib:/usr/local/nvidia/lib64:/usr/share/gazebo/../../lib/x86_64-linux-gnu/gazebo-11/plugins PYTHONPATH=/home/derek/work/install/nav2_msgs/local/lib/python3.10/dist-packages:/home/derek/work/install/nav2_common/local/lib/python3.10/dist-packages:${PYTHONPATH} /usr/bin/cmake /home/derek/work/src/navigation2/nav2_costmap_2d -DCMAKE_INSTALL_PREFIX=/home/derek/work/install/nav2_costmap_2d
[10.874s] Invoking command in '/home/derek/work/build/nav2_costmap_2d': AMENT_PREFIX_PATH=/home/derek/work/install/nav2_map_server:/home/derek/work/install/nav2_lifecycle_manager:/home/derek/work/install/nav2_util:/home/derek/work/install/nav2_voxel_grid:/home/derek/work/install/nav2_msgs:/home/derek/work/install/nav2_common:${AMENT_PREFIX_PATH} CMAKE_PREFIX_PATH=/home/derek/work/install/nav2_map_server:/home/derek/work/install/nav2_lifecycle_manager:/home/derek/work/install/nav2_util:/home/derek/work/install/nav2_voxel_grid:/home/derek/work/install/nav2_msgs:/home/derek/work/install/nav2_common:/opt/ros/humble LD_LIBRARY_PATH=/home/derek/work/install/nav2_map_server/lib:/home/derek/work/install/nav2_lifecycle_manager/lib:/home/derek/work/install/nav2_util/lib:/home/derek/work/install/nav2_voxel_grid/lib:/home/derek/work/install/nav2_msgs/lib:/usr/lib/x86_64-linux-gnu/gazebo-11/plugins:/opt/ros/humble/opt/rviz_ogre_vendor/lib:/opt/ros/humble/lib/x86_64-linux-gnu:/opt/ros/humble/lib:/usr/local/nvidia/lib:/usr/local/nvidia/lib64:/usr/share/gazebo/../../lib/x86_64-linux-gnu/gazebo-11/plugins PYTHONPATH=/home/derek/work/install/nav2_msgs/local/lib/python3.10/dist-packages:/home/derek/work/install/nav2_common/local/lib/python3.10/dist-packages:${PYTHONPATH} /usr/bin/cmake --build /home/derek/work/build/nav2_costmap_2d -- -j16 -l16
[10.929s] [  1%] [32mBuilding CXX object gtest/CMakeFiles/gtest_main.dir/src/gtest_main.cc.o[0m
[10.929s] [  2%] [32mBuilding CXX object CMakeFiles/nav2_costmap_2d_core.dir/src/costmap_2d_publisher.cpp.o[0m
[10.930s] [  4%] [32mBuilding CXX object CMakeFiles/nav2_costmap_2d_core.dir/src/costmap_layer.cpp.o[0m
[10.931s] [  4%] [32mBuilding CXX object CMakeFiles/nav2_costmap_2d_core.dir/src/layered_costmap.cpp.o[0m
[10.931s] [  6%] [32mBuilding CXX object CMakeFiles/nav2_costmap_2d_core.dir/src/observation_buffer.cpp.o[0m
[10.931s] [  7%] [32mBuilding CXX object CMakeFiles/nav2_costmap_2d_core.dir/src/array_parser.cpp.o[0m
[10.931s] [  8%] [32mBuilding CXX object CMakeFiles/nav2_costmap_2d_core.dir/src/clear_costmap_service.cpp.o[0m
[10.931s] [  9%] [32mBuilding CXX object CMakeFiles/nav2_costmap_2d_core.dir/src/costmap_2d.cpp.o[0m
[10.931s] [ 10%] [32mBuilding CXX object CMakeFiles/nav2_costmap_2d_core.dir/src/footprint.cpp.o[0m
[10.932s] [ 12%] [32mBuilding CXX object CMakeFiles/nav2_costmap_2d_core.dir/src/costmap_math.cpp.o[0m
[10.932s] [ 13%] [32mBuilding CXX object CMakeFiles/nav2_costmap_2d_core.dir/src/footprint_collision_checker.cpp.o[0m
[10.933s] [ 14%] [32mBuilding CXX object CMakeFiles/nav2_costmap_2d_core.dir/plugins/costmap_filters/costmap_filter.cpp.o[0m
[10.934s] [ 15%] [32mBuilding CXX object CMakeFiles/nav2_costmap_2d_core.dir/src/layer.cpp.o[0m
[10.935s] [ 17%] [32mBuilding CXX object CMakeFiles/nav2_costmap_2d_core.dir/src/costmap_2d_ros.cpp.o[0m
[10.935s] [ 18%] [32mBuilding CXX object gtest/CMakeFiles/gtest.dir/src/gtest-all.cc.o[0m
[11.965s] [ 19%] [32m[1mLinking CXX static library libgtest_main.a[0m
[12.002s] [ 19%] Built target gtest_main
[18.464s] [ 20%] [32m[1mLinking CXX static library libgtest.a[0m
[18.503s] [ 20%] Built target gtest
[29.517s] [ 21%] [32m[1mLinking CXX shared library libnav2_costmap_2d_core.so[0m
[30.206s] [ 21%] Built target nav2_costmap_2d_core
[30.265s] [ 23%] [32mBuilding CXX object CMakeFiles/layers.dir/plugins/static_layer.cpp.o[0m
[30.275s] [ 25%] [32mBuilding CXX object CMakeFiles/nav2_costmap_2d_client.dir/src/costmap_topic_collision_checker.cpp.o[0m
[30.275s] [ 25%] [32mBuilding CXX object CMakeFiles/nav2_costmap_2d_client.dir/src/footprint_subscriber.cpp.o[0m
[30.281s] [ 26%] [32mBuilding CXX object CMakeFiles/layers.dir/plugins/inflation_layer.cpp.o[0m
[30.289s] [ 28%] [32mBuilding CXX object CMakeFiles/layers.dir/plugins/obstacle_layer.cpp.o[0m
[30.292s] [ 29%] [32mBuilding CXX object CMakeFiles/nav2_costmap_2d_client.dir/src/costmap_subscriber.cpp.o[0m
[30.294s] [ 31%] [32mBuilding CXX object CMakeFiles/nav2_costmap_2d_markers.dir/src/costmap_2d_markers.cpp.o[0m
[30.295s] [ 31%] [32mBuilding CXX object CMakeFiles/filters.dir/plugins/costmap_filters/keepout_filter.cpp.o[0m
[30.309s] [ 32%] [32mBuilding CXX object CMakeFiles/layers.dir/src/observation_buffer.cpp.o[0m
[30.321s] [ 34%] [32mBuilding CXX object CMakeFiles/filters.dir/plugins/costmap_filters/binary_filter.cpp.o[0m
[30.323s] [ 35%] [32mBuilding CXX object CMakeFiles/filters.dir/plugins/costmap_filters/speed_filter.cpp.o[0m
[30.361s] [ 36%] [32mBuilding CXX object CMakeFiles/layers.dir/plugins/voxel_layer.cpp.o[0m
[30.401s] [ 37%] [32mBuilding CXX object CMakeFiles/nav2_costmap_2d_cloud.dir/src/costmap_2d_cloud.cpp.o[0m
[30.413s] [ 39%] [32mBuilding CXX object test/unit/CMakeFiles/array_parser_test.dir/array_parser_test.cpp.o[0m
[30.433s] [ 40%] [32mBuilding CXX object test/unit/CMakeFiles/collision_footprint_test.dir/footprint_collision_checker_test.cpp.o[0m
[30.449s] [ 41%] [32mBuilding CXX object test/unit/CMakeFiles/costmap_convesion_test.dir/costmap_conversion_test.cpp.o[0m
[34.298s] [ 42%] [32m[1mLinking CXX executable array_parser_test[0m
[34.910s] [ 42%] Built target array_parser_test
[35.060s] [ 43%] [32mBuilding CXX object test/unit/CMakeFiles/declare_parameter_test.dir/declare_parameter_test.cpp.o[0m
[39.017s] [ 45%] [32m[1mLinking CXX executable costmap_convesion_test[0m
[40.090s] [ 45%] Built target costmap_convesion_test
[40.209s] [ 46%] [32mBuilding CXX object test/unit/CMakeFiles/costmap_filter_test.dir/costmap_filter_test.cpp.o[0m
[40.253s] [ 47%] [32mBuilding CXX object test/unit/CMakeFiles/copy_window_test.dir/copy_window_test.cpp.o[0m
[41.423s] [ 48%] [32mBuilding CXX object CMakeFiles/layers.dir/plugins/range_sensor_layer.cpp.o[0m
[42.553s] [ 50%] [32m[1mLinking CXX executable collision_footprint_test[0m
[43.441s] [ 50%] Built target collision_footprint_test
[43.616s] [ 51%] [32mBuilding CXX object test/unit/CMakeFiles/costmap_filter_service_test.dir/costmap_filter_service_test.cpp.o[0m
[44.785s] [ 52%] [32mBuilding CXX object CMakeFiles/layers.dir/plugins/denoise_layer.cpp.o[0m
[46.842s] [ 53%] [32m[1mLinking CXX executable declare_parameter_test[0m
[47.787s] [ 53%] Built target declare_parameter_test
[47.929s] [ 54%] [32mBuilding CXX object test/integration/CMakeFiles/dyn_params_tests.dir/dyn_params_tests.cpp.o[0m
[50.285s] [ 56%] [32m[1mLinking CXX executable copy_window_test[0m
[51.067s] [ 56%] Built target copy_window_test
[51.196s] [ 57%] [32mBuilding CXX object test/regression/CMakeFiles/costmap_bresenham_2d.dir/costmap_bresenham_2d.cpp.o[0m
[52.188s] [ 58%] [32m[1mLinking CXX executable costmap_filter_test[0m
[53.162s] [ 58%] Built target costmap_filter_test
[54.209s] [ 59%] [32m[1mLinking CXX executable costmap_bresenham_2d[0m
[54.781s] [ 59%] Built target costmap_bresenham_2d
[55.531s] [ 60%] [32m[1mLinking CXX executable costmap_filter_service_test[0m
[55.987s] [ 60%] Built target costmap_filter_service_test
[56.618s] [ 62%] [32m[1mLinking CXX executable nav2_costmap_2d_markers[0m
[56.793s] [ 63%] [32m[1mLinking CXX shared library libnav2_costmap_2d_client.so[0m
[57.145s] [ 63%] Built target nav2_costmap_2d_markers
[57.244s] [ 64%] [32m[1mLinking CXX executable nav2_costmap_2d_cloud[0m
[57.733s] [ 64%] Built target nav2_costmap_2d_client
[57.744s] [ 64%] Built target nav2_costmap_2d_cloud
[61.255s] [ 65%] [32m[1mLinking CXX executable dyn_params_tests[0m
[61.678s] [ 65%] Built target dyn_params_tests
[62.718s] [ 67%] [32m[1mLinking CXX shared library libfilters.so[0m
[63.105s] [ 67%] Built target filters
[66.049s] [ 68%] [32m[1mLinking CXX shared library liblayers.so[0m
[66.433s] [ 68%] Built target layers
[66.451s] [ 69%] [32mBuilding CXX object test/unit/CMakeFiles/binary_filter_test.dir/binary_filter_test.cpp.o[0m
[77.977s] [ 70%] [32m[1mLinking CXX executable binary_filter_test[0m
[78.733s] [ 70%] Built target binary_filter_test
[78.849s] [ 71%] [32mBuilding CXX object test/integration/CMakeFiles/range_tests_exec.dir/range_tests.cpp.o[0m
[78.861s] [ 73%] [32mBuilding CXX object test/integration/CMakeFiles/obstacle_tests_exec.dir/obstacle_tests.cpp.o[0m
[78.905s] [ 74%] [32mBuilding CXX object test/integration/CMakeFiles/test_collision_checker_exec.dir/test_costmap_topic_collision_checker.cpp.o[0m
[78.905s] [ 75%] [32mBuilding CXX object test/integration/CMakeFiles/inflation_tests_exec.dir/inflation_tests.cpp.o[0m
[78.933s] [ 76%] [32mBuilding CXX object test/integration/CMakeFiles/footprint_tests_exec.dir/footprint_tests.cpp.o[0m
[78.989s] [ 78%] [32mBuilding CXX object test/unit/CMakeFiles/denoise_layer_test.dir/denoise_layer_test.cpp.o[0m
[78.993s] [ 79%] [32mBuilding CXX object test/unit/CMakeFiles/denoise_layer_test.dir/image_test.cpp.o[0m
[79.022s] [ 80%] [32mBuilding CXX object test/unit/CMakeFiles/denoise_layer_test.dir/image_processing_test.cpp.o[0m
[87.052s] [ 81%] [32m[1mLinking CXX executable footprint_tests_exec[0m
[87.881s] [ 81%] Built target footprint_tests_exec
[88.009s] [ 82%] [32mBuilding CXX object CMakeFiles/nav2_costmap_2d.dir/src/costmap_2d_node.cpp.o[0m
[88.029s] [ 84%] [32mBuilding CXX object test/unit/CMakeFiles/speed_filter_test.dir/speed_filter_test.cpp.o[0m
[89.629s] [ 85%] [32m[1mLinking CXX executable denoise_layer_test[0m
[90.278s] [ 85%] Built target denoise_layer_test
[92.422s] [ 86%] [32m[1mLinking CXX executable range_tests_exec[0m
[93.201s] [ 86%] Built target range_tests_exec
[95.611s] [ 87%] [32m[1mLinking CXX executable obstacle_tests_exec[0m
[95.628s] [ 89%] [32m[1mLinking CXX executable nav2_costmap_2d[0m
[96.215s] [ 89%] Built target obstacle_tests_exec
[96.215s] [ 89%] Built target nav2_costmap_2d
[96.276s] [ 90%] [32m[1mLinking CXX executable test_collision_checker_exec[0m
[96.893s] [ 91%] [32m[1mLinking CXX executable inflation_tests_exec[0m
[96.967s] [ 91%] Built target test_collision_checker_exec
[97.329s] [ 91%] Built target inflation_tests_exec
[106.287s] [ 92%] [32m[1mLinking CXX executable speed_filter_test[0m
[106.832s] [ 92%] Built target speed_filter_test
[106.905s] [ 93%] [32mBuilding CXX object test/unit/CMakeFiles/keepout_filter_test.dir/keepout_filter_test.cpp.o[0m
[106.913s] [ 95%] [32mBuilding CXX object test/regression/CMakeFiles/order_layer.dir/order_layer.cpp.o[0m
[106.935s] [ 96%] [32mBuilding CXX object test/regression/CMakeFiles/plugin_api_order.dir/plugin_api_order.cpp.o[0m
[111.328s] [ 97%] [32m[1mLinking CXX shared library liborder_layer.so[0m
[111.646s] [ 97%] Built target order_layer
[113.861s] [ 98%] [32m[1mLinking CXX executable plugin_api_order[0m
[114.101s] [ 98%] Built target plugin_api_order
[115.807s] [100%] [32m[1mLinking CXX executable keepout_filter_test[0m
[116.044s] [100%] Built target keepout_filter_test
[116.052s] Invoked command in '/home/derek/work/build/nav2_costmap_2d' returned '0': AMENT_PREFIX_PATH=/home/derek/work/install/nav2_map_server:/home/derek/work/install/nav2_lifecycle_manager:/home/derek/work/install/nav2_util:/home/derek/work/install/nav2_voxel_grid:/home/derek/work/install/nav2_msgs:/home/derek/work/install/nav2_common:${AMENT_PREFIX_PATH} CMAKE_PREFIX_PATH=/home/derek/work/install/nav2_map_server:/home/derek/work/install/nav2_lifecycle_manager:/home/derek/work/install/nav2_util:/home/derek/work/install/nav2_voxel_grid:/home/derek/work/install/nav2_msgs:/home/derek/work/install/nav2_common:/opt/ros/humble LD_LIBRARY_PATH=/home/derek/work/install/nav2_map_server/lib:/home/derek/work/install/nav2_lifecycle_manager/lib:/home/derek/work/install/nav2_util/lib:/home/derek/work/install/nav2_voxel_grid/lib:/home/derek/work/install/nav2_msgs/lib:/usr/lib/x86_64-linux-gnu/gazebo-11/plugins:/opt/ros/humble/opt/rviz_ogre_vendor/lib:/opt/ros/humble/lib/x86_64-linux-gnu:/opt/ros/humble/lib:/usr/local/nvidia/lib:/usr/local/nvidia/lib64:/usr/share/gazebo/../../lib/x86_64-linux-gnu/gazebo-11/plugins PYTHONPATH=/home/derek/work/install/nav2_msgs/local/lib/python3.10/dist-packages:/home/derek/work/install/nav2_common/local/lib/python3.10/dist-packages:${PYTHONPATH} /usr/bin/cmake --build /home/derek/work/build/nav2_costmap_2d -- -j16 -l16
[116.161s] Invoking command in '/home/derek/work/build/nav2_costmap_2d': AMENT_PREFIX_PATH=/home/derek/work/install/nav2_map_server:/home/derek/work/install/nav2_lifecycle_manager:/home/derek/work/install/nav2_util:/home/derek/work/install/nav2_voxel_grid:/home/derek/work/install/nav2_msgs:/home/derek/work/install/nav2_common:${AMENT_PREFIX_PATH} CMAKE_PREFIX_PATH=/home/derek/work/install/nav2_map_server:/home/derek/work/install/nav2_lifecycle_manager:/home/derek/work/install/nav2_util:/home/derek/work/install/nav2_voxel_grid:/home/derek/work/install/nav2_msgs:/home/derek/work/install/nav2_common:/opt/ros/humble LD_LIBRARY_PATH=/home/derek/work/install/nav2_map_server/lib:/home/derek/work/install/nav2_lifecycle_manager/lib:/home/derek/work/install/nav2_util/lib:/home/derek/work/install/nav2_voxel_grid/lib:/home/derek/work/install/nav2_msgs/lib:/usr/lib/x86_64-linux-gnu/gazebo-11/plugins:/opt/ros/humble/opt/rviz_ogre_vendor/lib:/opt/ros/humble/lib/x86_64-linux-gnu:/opt/ros/humble/lib:/usr/local/nvidia/lib:/usr/local/nvidia/lib64:/usr/share/gazebo/../../lib/x86_64-linux-gnu/gazebo-11/plugins PYTHONPATH=/home/derek/work/install/nav2_msgs/local/lib/python3.10/dist-packages:/home/derek/work/install/nav2_common/local/lib/python3.10/dist-packages:${PYTHONPATH} /usr/bin/cmake --install /home/derek/work/build/nav2_costmap_2d
[116.166s] -- Install configuration: "Release"
[116.166s] -- Installing: /home/derek/work/install/nav2_costmap_2d/lib/libnav2_costmap_2d_core.so
[116.169s] -- Set runtime path of "/home/derek/work/install/nav2_costmap_2d/lib/libnav2_costmap_2d_core.so" to ""
[116.169s] -- Installing: /home/derek/work/install/nav2_costmap_2d/lib/liblayers.so
[116.173s] -- Set runtime path of "/home/derek/work/install/nav2_costmap_2d/lib/liblayers.so" to ""
[116.173s] -- Installing: /home/derek/work/install/nav2_costmap_2d/lib/libfilters.so
[116.175s] -- Set runtime path of "/home/derek/work/install/nav2_costmap_2d/lib/libfilters.so" to ""
[116.175s] -- Installing: /home/derek/work/install/nav2_costmap_2d/lib/libnav2_costmap_2d_client.so
[116.177s] -- Set runtime path of "/home/derek/work/install/nav2_costmap_2d/lib/libnav2_costmap_2d_client.so" to ""
[116.177s] -- Installing: /home/derek/work/install/nav2_costmap_2d/lib/nav2_costmap_2d/nav2_costmap_2d
[116.177s] -- Set runtime path of "/home/derek/work/install/nav2_costmap_2d/lib/nav2_costmap_2d/nav2_costmap_2d" to ""
[116.177s] -- Installing: /home/derek/work/install/nav2_costmap_2d/lib/nav2_costmap_2d/nav2_costmap_2d_markers
[116.178s] -- Set runtime path of "/home/derek/work/install/nav2_costmap_2d/lib/nav2_costmap_2d/nav2_costmap_2d_markers" to ""
[116.178s] -- Installing: /home/derek/work/install/nav2_costmap_2d/lib/nav2_costmap_2d/nav2_costmap_2d_cloud
[116.179s] -- Set runtime path of "/home/derek/work/install/nav2_costmap_2d/lib/nav2_costmap_2d/nav2_costmap_2d_cloud" to ""
[116.179s] -- Installing: /home/derek/work/install/nav2_costmap_2d/share/nav2_costmap_2d/costmap_plugins.xml
[116.179s] -- Installing: /home/derek/work/install/nav2_costmap_2d/include/
[116.179s] -- Installing: /home/derek/work/install/nav2_costmap_2d/include//nav2_costmap_2d
[116.179s] -- Installing: /home/derek/work/install/nav2_costmap_2d/include//nav2_costmap_2d/costmap_layer.hpp
[116.179s] -- Installing: /home/derek/work/install/nav2_costmap_2d/include//nav2_costmap_2d/observation_buffer.hpp
[116.179s] -- Installing: /home/derek/work/install/nav2_costmap_2d/include//nav2_costmap_2d/cost_values.hpp
[116.179s] -- Installing: /home/derek/work/install/nav2_costmap_2d/include//nav2_costmap_2d/layer.hpp
[116.179s] -- Installing: /home/derek/work/install/nav2_costmap_2d/include//nav2_costmap_2d/costmap_2d_publisher.hpp
[116.179s] -- Installing: /home/derek/work/install/nav2_costmap_2d/include//nav2_costmap_2d/denoise_layer.hpp
[116.180s] -- Installing: /home/derek/work/install/nav2_costmap_2d/include//nav2_costmap_2d/footprint_collision_checker.hpp
[116.180s] -- Installing: /home/derek/work/install/nav2_costmap_2d/include//nav2_costmap_2d/denoise
[116.180s] -- Installing: /home/derek/work/install/nav2_costmap_2d/include//nav2_costmap_2d/denoise/image_processing.hpp
[116.180s] -- Installing: /home/derek/work/install/nav2_costmap_2d/include//nav2_costmap_2d/denoise/image.hpp
[116.180s] -- Installing: /home/derek/work/install/nav2_costmap_2d/include//nav2_costmap_2d/costmap_2d_ros.hpp
[116.180s] -- Installing: /home/derek/work/install/nav2_costmap_2d/include//nav2_costmap_2d/observation.hpp
[116.180s] -- Installing: /home/derek/work/install/nav2_costmap_2d/include//nav2_costmap_2d/array_parser.hpp
[116.180s] -- Installing: /home/derek/work/install/nav2_costmap_2d/include//nav2_costmap_2d/obstacle_layer.hpp
[116.180s] -- Installing: /home/derek/work/install/nav2_costmap_2d/include//nav2_costmap_2d/costmap_2d.hpp
[116.181s] -- Installing: /home/derek/work/install/nav2_costmap_2d/include//nav2_costmap_2d/footprint.hpp
[116.181s] -- Installing: /home/derek/work/install/nav2_costmap_2d/include//nav2_costmap_2d/costmap_topic_collision_checker.hpp
[116.181s] -- Installing: /home/derek/work/install/nav2_costmap_2d/include//nav2_costmap_2d/static_layer.hpp
[116.181s] -- Installing: /home/derek/work/install/nav2_costmap_2d/include//nav2_costmap_2d/footprint_subscriber.hpp
[116.181s] -- Installing: /home/derek/work/install/nav2_costmap_2d/include//nav2_costmap_2d/voxel_layer.hpp
[116.181s] -- Installing: /home/derek/work/install/nav2_costmap_2d/include//nav2_costmap_2d/inflation_layer.hpp
[116.181s] -- Installing: /home/derek/work/install/nav2_costmap_2d/include//nav2_costmap_2d/costmap_subscriber.hpp
[116.181s] -- Installing: /home/derek/work/install/nav2_costmap_2d/include//nav2_costmap_2d/range_sensor_layer.hpp
[116.181s] -- Installing: /home/derek/work/install/nav2_costmap_2d/include//nav2_costmap_2d/clear_costmap_service.hpp
[116.182s] -- Installing: /home/derek/work/install/nav2_costmap_2d/include//nav2_costmap_2d/layered_costmap.hpp
[116.182s] -- Installing: /home/derek/work/install/nav2_costmap_2d/include//nav2_costmap_2d/exceptions.hpp
[116.182s] -- Installing: /home/derek/work/install/nav2_costmap_2d/include//nav2_costmap_2d/costmap_filters
[116.182s] -- Installing: /home/derek/work/install/nav2_costmap_2d/include//nav2_costmap_2d/costmap_filters/binary_filter.hpp
[116.182s] -- Installing: /home/derek/work/install/nav2_costmap_2d/include//nav2_costmap_2d/costmap_filters/filter_values.hpp
[116.182s] -- Installing: /home/derek/work/install/nav2_costmap_2d/include//nav2_costmap_2d/costmap_filters/speed_filter.hpp
[116.182s] -- Installing: /home/derek/work/install/nav2_costmap_2d/include//nav2_costmap_2d/costmap_filters/keepout_filter.hpp
[116.182s] -- Installing: /home/derek/work/install/nav2_costmap_2d/include//nav2_costmap_2d/costmap_filters/costmap_filter.hpp
[116.182s] -- Installing: /home/derek/work/install/nav2_costmap_2d/include//nav2_costmap_2d/costmap_math.hpp
[116.183s] -- Installing: /home/derek/work/install/nav2_costmap_2d/share/nav2_costmap_2d/test/regression/order_layer.xml
[116.183s] -- Installing: /home/derek/work/install/nav2_costmap_2d/share/nav2_costmap_2d/environment/library_path.sh
[116.183s] -- Installing: /home/derek/work/install/nav2_costmap_2d/share/nav2_costmap_2d/environment/library_path.dsv
[116.183s] -- Up-to-date: /home/derek/work/install/nav2_costmap_2d/share/nav2_costmap_2d/costmap_plugins.xml
[116.183s] -- Installing: /home/derek/work/install/nav2_costmap_2d/share/ament_index/resource_index/package_run_dependencies/nav2_costmap_2d
[116.183s] -- Installing: /home/derek/work/install/nav2_costmap_2d/share/ament_index/resource_index/parent_prefix_path/nav2_costmap_2d
[116.184s] -- Installing: /home/derek/work/install/nav2_costmap_2d/share/nav2_costmap_2d/environment/ament_prefix_path.sh
[116.184s] -- Installing: /home/derek/work/install/nav2_costmap_2d/share/nav2_costmap_2d/environment/ament_prefix_path.dsv
[116.184s] -- Installing: /home/derek/work/install/nav2_costmap_2d/share/nav2_costmap_2d/environment/path.sh
[116.184s] -- Installing: /home/derek/work/install/nav2_costmap_2d/share/nav2_costmap_2d/environment/path.dsv
[116.184s] -- Installing: /home/derek/work/install/nav2_costmap_2d/share/nav2_costmap_2d/local_setup.bash
[116.184s] -- Installing: /home/derek/work/install/nav2_costmap_2d/share/nav2_costmap_2d/local_setup.sh
[116.184s] -- Installing: /home/derek/work/install/nav2_costmap_2d/share/nav2_costmap_2d/local_setup.zsh
[116.185s] -- Installing: /home/derek/work/install/nav2_costmap_2d/share/nav2_costmap_2d/local_setup.dsv
[116.185s] -- Installing: /home/derek/work/install/nav2_costmap_2d/share/nav2_costmap_2d/package.dsv
[116.185s] -- Installing: /home/derek/work/install/nav2_costmap_2d/share/ament_index/resource_index/packages/nav2_costmap_2d
[116.185s] -- Installing: /home/derek/work/install/nav2_costmap_2d/share/ament_index/resource_index/nav2_costmap_2d__pluginlib__plugin/nav2_costmap_2d
[116.185s] -- Installing: /home/derek/work/install/nav2_costmap_2d/share/nav2_costmap_2d/cmake/ament_cmake_export_include_directories-extras.cmake
[116.185s] -- Installing: /home/derek/work/install/nav2_costmap_2d/share/nav2_costmap_2d/cmake/ament_cmake_export_libraries-extras.cmake
[116.185s] -- Installing: /home/derek/work/install/nav2_costmap_2d/share/nav2_costmap_2d/cmake/ament_cmake_export_dependencies-extras.cmake
[116.185s] -- Installing: /home/derek/work/install/nav2_costmap_2d/share/nav2_costmap_2d/cmake/nav2_costmap_2dConfig.cmake
[116.185s] -- Installing: /home/derek/work/install/nav2_costmap_2d/share/nav2_costmap_2d/cmake/nav2_costmap_2dConfig-version.cmake
[116.185s] -- Installing: /home/derek/work/install/nav2_costmap_2d/share/nav2_costmap_2d/package.xml
[116.185s] -- Installing: /home/derek/work/install/nav2_costmap_2d/lib/liborder_layer.so
[116.186s] -- Set runtime path of "/home/derek/work/install/nav2_costmap_2d/lib/liborder_layer.so" to ""
[116.186s] Invoked command in '/home/derek/work/build/nav2_costmap_2d' returned '0': AMENT_PREFIX_PATH=/home/derek/work/install/nav2_map_server:/home/derek/work/install/nav2_lifecycle_manager:/home/derek/work/install/nav2_util:/home/derek/work/install/nav2_voxel_grid:/home/derek/work/install/nav2_msgs:/home/derek/work/install/nav2_common:${AMENT_PREFIX_PATH} CMAKE_PREFIX_PATH=/home/derek/work/install/nav2_map_server:/home/derek/work/install/nav2_lifecycle_manager:/home/derek/work/install/nav2_util:/home/derek/work/install/nav2_voxel_grid:/home/derek/work/install/nav2_msgs:/home/derek/work/install/nav2_common:/opt/ros/humble LD_LIBRARY_PATH=/home/derek/work/install/nav2_map_server/lib:/home/derek/work/install/nav2_lifecycle_manager/lib:/home/derek/work/install/nav2_util/lib:/home/derek/work/install/nav2_voxel_grid/lib:/home/derek/work/install/nav2_msgs/lib:/usr/lib/x86_64-linux-gnu/gazebo-11/plugins:/opt/ros/humble/opt/rviz_ogre_vendor/lib:/opt/ros/humble/lib/x86_64-linux-gnu:/opt/ros/humble/lib:/usr/local/nvidia/lib:/usr/local/nvidia/lib64:/usr/share/gazebo/../../lib/x86_64-linux-gnu/gazebo-11/plugins PYTHONPATH=/home/derek/work/install/nav2_msgs/local/lib/python3.10/dist-packages:/home/derek/work/install/nav2_common/local/lib/python3.10/dist-packages:${PYTHONPATH} /usr/bin/cmake --install /home/derek/work/build/nav2_costmap_2d
