[0.433s] Invoking command in '/home/derek/work/build/nav2_controller': AMENT_PREFIX_PATH=/home/derek/work/install/nav2_core:/home/derek/work/install/nav2_costmap_2d:/home/derek/work/install/nav_2d_utils:/home/derek/work/install/nav2_util:/home/derek/work/install/nav2_voxel_grid:/home/derek/work/install/nav2_msgs:/home/derek/work/install/nav_2d_msgs:/home/derek/work/install/nav2_common:${AMENT_PREFIX_PATH} CMAKE_PREFIX_PATH=/home/derek/work/install/nav2_core:/home/derek/work/install/nav2_costmap_2d:/home/derek/work/install/nav_2d_utils:/home/derek/work/install/nav2_util:/home/derek/work/install/nav2_voxel_grid:/home/derek/work/install/nav2_msgs:/home/derek/work/install/nav_2d_msgs:/home/derek/work/install/nav2_common:/opt/ros/humble LD_LIBRARY_PATH=/home/derek/work/install/nav2_costmap_2d/lib:/home/derek/work/install/nav_2d_utils/lib:/home/derek/work/install/nav2_util/lib:/home/derek/work/install/nav2_voxel_grid/lib:/home/derek/work/install/nav2_msgs/lib:/home/derek/work/install/nav_2d_msgs/lib:/usr/lib/x86_64-linux-gnu/gazebo-11/plugins:/opt/ros/humble/opt/rviz_ogre_vendor/lib:/opt/ros/humble/lib/x86_64-linux-gnu:/opt/ros/humble/lib:/usr/local/nvidia/lib:/usr/local/nvidia/lib64:/usr/share/gazebo/../../lib/x86_64-linux-gnu/gazebo-11/plugins PYTHONPATH=/home/derek/work/install/nav2_msgs/local/lib/python3.10/dist-packages:/home/derek/work/install/nav_2d_msgs/local/lib/python3.10/dist-packages:/home/derek/work/install/nav2_common/local/lib/python3.10/dist-packages:${PYTHONPATH} /usr/bin/cmake --build /home/derek/work/build/nav2_controller -- -j16 -l16
[0.473s] [35m[1mConsolidate compiler generated dependencies of target simple_goal_checker[0m
[0.473s] [35m[1mConsolidate compiler generated dependencies of target controller_server_core[0m
[0.473s] [35m[1mConsolidate compiler generated dependencies of target gtest[0m
[0.473s] [35m[1mConsolidate compiler generated dependencies of target gtest_main[0m
[0.473s] [35m[1mConsolidate compiler generated dependencies of target simple_progress_checker[0m
[0.492s] [  9%] Built target gtest
[0.497s] [ 18%] Built target simple_goal_checker
[0.501s] [ 27%] Built target controller_server_core
[0.504s] [ 36%] Built target gtest_main
[0.509s] [35m[1mConsolidate compiler generated dependencies of target stopped_goal_checker[0m
[0.514s] [ 45%] Built target simple_progress_checker
[0.520s] [35m[1mConsolidate compiler generated dependencies of target test_dynamic_parameters[0m
[0.524s] [35m[1mConsolidate compiler generated dependencies of target controller_server[0m
[0.544s] [35m[1mConsolidate compiler generated dependencies of target pose_progress_checker[0m
[0.555s] [ 54%] Built target stopped_goal_checker
[0.581s] [ 63%] Built target test_dynamic_parameters
[0.581s] [35m[1mConsolidate compiler generated dependencies of target gctest[0m
[0.582s] [ 72%] Built target controller_server
[0.586s] [ 81%] Built target pose_progress_checker
[0.605s] [ 90%] Built target gctest
[0.614s] [35m[1mConsolidate compiler generated dependencies of target pctest[0m
[0.639s] [100%] Built target pctest
[0.710s] Invoked command in '/home/derek/work/build/nav2_controller' returned '0': AMENT_PREFIX_PATH=/home/derek/work/install/nav2_core:/home/derek/work/install/nav2_costmap_2d:/home/derek/work/install/nav_2d_utils:/home/derek/work/install/nav2_util:/home/derek/work/install/nav2_voxel_grid:/home/derek/work/install/nav2_msgs:/home/derek/work/install/nav_2d_msgs:/home/derek/work/install/nav2_common:${AMENT_PREFIX_PATH} CMAKE_PREFIX_PATH=/home/derek/work/install/nav2_core:/home/derek/work/install/nav2_costmap_2d:/home/derek/work/install/nav_2d_utils:/home/derek/work/install/nav2_util:/home/derek/work/install/nav2_voxel_grid:/home/derek/work/install/nav2_msgs:/home/derek/work/install/nav_2d_msgs:/home/derek/work/install/nav2_common:/opt/ros/humble LD_LIBRARY_PATH=/home/derek/work/install/nav2_costmap_2d/lib:/home/derek/work/install/nav_2d_utils/lib:/home/derek/work/install/nav2_util/lib:/home/derek/work/install/nav2_voxel_grid/lib:/home/derek/work/install/nav2_msgs/lib:/home/derek/work/install/nav_2d_msgs/lib:/usr/lib/x86_64-linux-gnu/gazebo-11/plugins:/opt/ros/humble/opt/rviz_ogre_vendor/lib:/opt/ros/humble/lib/x86_64-linux-gnu:/opt/ros/humble/lib:/usr/local/nvidia/lib:/usr/local/nvidia/lib64:/usr/share/gazebo/../../lib/x86_64-linux-gnu/gazebo-11/plugins PYTHONPATH=/home/derek/work/install/nav2_msgs/local/lib/python3.10/dist-packages:/home/derek/work/install/nav_2d_msgs/local/lib/python3.10/dist-packages:/home/derek/work/install/nav2_common/local/lib/python3.10/dist-packages:${PYTHONPATH} /usr/bin/cmake --build /home/derek/work/build/nav2_controller -- -j16 -l16
[0.849s] Invoking command in '/home/derek/work/build/nav2_controller': AMENT_PREFIX_PATH=/home/derek/work/install/nav2_core:/home/derek/work/install/nav2_costmap_2d:/home/derek/work/install/nav_2d_utils:/home/derek/work/install/nav2_util:/home/derek/work/install/nav2_voxel_grid:/home/derek/work/install/nav2_msgs:/home/derek/work/install/nav_2d_msgs:/home/derek/work/install/nav2_common:${AMENT_PREFIX_PATH} CMAKE_PREFIX_PATH=/home/derek/work/install/nav2_core:/home/derek/work/install/nav2_costmap_2d:/home/derek/work/install/nav_2d_utils:/home/derek/work/install/nav2_util:/home/derek/work/install/nav2_voxel_grid:/home/derek/work/install/nav2_msgs:/home/derek/work/install/nav_2d_msgs:/home/derek/work/install/nav2_common:/opt/ros/humble LD_LIBRARY_PATH=/home/derek/work/install/nav2_costmap_2d/lib:/home/derek/work/install/nav_2d_utils/lib:/home/derek/work/install/nav2_util/lib:/home/derek/work/install/nav2_voxel_grid/lib:/home/derek/work/install/nav2_msgs/lib:/home/derek/work/install/nav_2d_msgs/lib:/usr/lib/x86_64-linux-gnu/gazebo-11/plugins:/opt/ros/humble/opt/rviz_ogre_vendor/lib:/opt/ros/humble/lib/x86_64-linux-gnu:/opt/ros/humble/lib:/usr/local/nvidia/lib:/usr/local/nvidia/lib64:/usr/share/gazebo/../../lib/x86_64-linux-gnu/gazebo-11/plugins PYTHONPATH=/home/derek/work/install/nav2_msgs/local/lib/python3.10/dist-packages:/home/derek/work/install/nav_2d_msgs/local/lib/python3.10/dist-packages:/home/derek/work/install/nav2_common/local/lib/python3.10/dist-packages:${PYTHONPATH} /usr/bin/cmake --install /home/derek/work/build/nav2_controller
[0.877s] -- Install configuration: "Release"
[0.878s] -- Up-to-date: /home/derek/work/install/nav2_controller/lib/libsimple_progress_checker.so
[0.878s] -- Up-to-date: /home/derek/work/install/nav2_controller/lib/libpose_progress_checker.so
[0.878s] -- Up-to-date: /home/derek/work/install/nav2_controller/lib/libsimple_goal_checker.so
[0.878s] -- Up-to-date: /home/derek/work/install/nav2_controller/lib/libstopped_goal_checker.so
[0.878s] -- Up-to-date: /home/derek/work/install/nav2_controller/lib/libcontroller_server_core.so
[0.878s] -- Up-to-date: /home/derek/work/install/nav2_controller/lib/nav2_controller/controller_server
[0.878s] -- Up-to-date: /home/derek/work/install/nav2_controller/include/
[0.878s] -- Up-to-date: /home/derek/work/install/nav2_controller/include//nav2_controller
[0.879s] -- Up-to-date: /home/derek/work/install/nav2_controller/include//nav2_controller/controller_server.hpp
[0.879s] -- Up-to-date: /home/derek/work/install/nav2_controller/include//nav2_controller/plugins
[0.879s] -- Up-to-date: /home/derek/work/install/nav2_controller/include//nav2_controller/plugins/simple_goal_checker.hpp
[0.879s] -- Up-to-date: /home/derek/work/install/nav2_controller/include//nav2_controller/plugins/pose_progress_checker.hpp
[0.879s] -- Up-to-date: /home/derek/work/install/nav2_controller/include//nav2_controller/plugins/stopped_goal_checker.hpp
[0.879s] -- Up-to-date: /home/derek/work/install/nav2_controller/include//nav2_controller/plugins/simple_progress_checker.hpp
[0.879s] -- Up-to-date: /home/derek/work/install/nav2_controller/share/nav2_controller/environment/library_path.sh
[0.879s] -- Up-to-date: /home/derek/work/install/nav2_controller/share/nav2_controller/environment/library_path.dsv
[0.879s] -- Up-to-date: /home/derek/work/install/nav2_controller/share/nav2_controller/plugins.xml
[0.879s] -- Up-to-date: /home/derek/work/install/nav2_controller/share/ament_index/resource_index/package_run_dependencies/nav2_controller
[0.879s] -- Up-to-date: /home/derek/work/install/nav2_controller/share/ament_index/resource_index/parent_prefix_path/nav2_controller
[0.880s] -- Up-to-date: /home/derek/work/install/nav2_controller/share/nav2_controller/environment/ament_prefix_path.sh
[0.880s] -- Up-to-date: /home/derek/work/install/nav2_controller/share/nav2_controller/environment/ament_prefix_path.dsv
[0.880s] -- Up-to-date: /home/derek/work/install/nav2_controller/share/nav2_controller/environment/path.sh
[0.880s] -- Up-to-date: /home/derek/work/install/nav2_controller/share/nav2_controller/environment/path.dsv
[0.880s] -- Up-to-date: /home/derek/work/install/nav2_controller/share/nav2_controller/local_setup.bash
[0.880s] -- Up-to-date: /home/derek/work/install/nav2_controller/share/nav2_controller/local_setup.sh
[0.880s] -- Up-to-date: /home/derek/work/install/nav2_controller/share/nav2_controller/local_setup.zsh
[0.880s] -- Up-to-date: /home/derek/work/install/nav2_controller/share/nav2_controller/local_setup.dsv
[0.880s] -- Installing: /home/derek/work/install/nav2_controller/share/nav2_controller/package.dsv
[0.880s] -- Up-to-date: /home/derek/work/install/nav2_controller/share/ament_index/resource_index/packages/nav2_controller
[0.880s] -- Up-to-date: /home/derek/work/install/nav2_controller/share/ament_index/resource_index/nav2_core__pluginlib__plugin/nav2_controller
[0.881s] -- Up-to-date: /home/derek/work/install/nav2_controller/share/ament_index/resource_index/rclcpp_components/nav2_controller
[0.881s] -- Up-to-date: /home/derek/work/install/nav2_controller/share/nav2_controller/cmake/ament_cmake_export_include_directories-extras.cmake
[0.881s] -- Up-to-date: /home/derek/work/install/nav2_controller/share/nav2_controller/cmake/ament_cmake_export_libraries-extras.cmake
[0.881s] -- Up-to-date: /home/derek/work/install/nav2_controller/share/nav2_controller/cmake/ament_cmake_export_dependencies-extras.cmake
[0.881s] -- Up-to-date: /home/derek/work/install/nav2_controller/share/nav2_controller/cmake/nav2_controllerConfig.cmake
[0.881s] -- Up-to-date: /home/derek/work/install/nav2_controller/share/nav2_controller/cmake/nav2_controllerConfig-version.cmake
[0.881s] -- Up-to-date: /home/derek/work/install/nav2_controller/share/nav2_controller/package.xml
[1.081s] Invoked command in '/home/derek/work/build/nav2_controller' returned '0': AMENT_PREFIX_PATH=/home/derek/work/install/nav2_core:/home/derek/work/install/nav2_costmap_2d:/home/derek/work/install/nav_2d_utils:/home/derek/work/install/nav2_util:/home/derek/work/install/nav2_voxel_grid:/home/derek/work/install/nav2_msgs:/home/derek/work/install/nav_2d_msgs:/home/derek/work/install/nav2_common:${AMENT_PREFIX_PATH} CMAKE_PREFIX_PATH=/home/derek/work/install/nav2_core:/home/derek/work/install/nav2_costmap_2d:/home/derek/work/install/nav_2d_utils:/home/derek/work/install/nav2_util:/home/derek/work/install/nav2_voxel_grid:/home/derek/work/install/nav2_msgs:/home/derek/work/install/nav_2d_msgs:/home/derek/work/install/nav2_common:/opt/ros/humble LD_LIBRARY_PATH=/home/derek/work/install/nav2_costmap_2d/lib:/home/derek/work/install/nav_2d_utils/lib:/home/derek/work/install/nav2_util/lib:/home/derek/work/install/nav2_voxel_grid/lib:/home/derek/work/install/nav2_msgs/lib:/home/derek/work/install/nav_2d_msgs/lib:/usr/lib/x86_64-linux-gnu/gazebo-11/plugins:/opt/ros/humble/opt/rviz_ogre_vendor/lib:/opt/ros/humble/lib/x86_64-linux-gnu:/opt/ros/humble/lib:/usr/local/nvidia/lib:/usr/local/nvidia/lib64:/usr/share/gazebo/../../lib/x86_64-linux-gnu/gazebo-11/plugins PYTHONPATH=/home/derek/work/install/nav2_msgs/local/lib/python3.10/dist-packages:/home/derek/work/install/nav_2d_msgs/local/lib/python3.10/dist-packages:/home/derek/work/install/nav2_common/local/lib/python3.10/dist-packages:${PYTHONPATH} /usr/bin/cmake --install /home/derek/work/build/nav2_controller
