[3.140s] Invoking command in '/home/derek/work/src/turtlebot3/turtlebot3_teleop': PYTHONPATH=/home/derek/work/build/turtlebot3_teleop/prefix_override:/home/derek/work/install/turtlebot3_teleop/lib/python3.10/site-packages:${PYTHONPATH} /usr/bin/python3 setup.py egg_info --egg-base ../../../build/turtlebot3_teleop build --build-base /home/derek/work/build/turtlebot3_teleop/build install --record /home/derek/work/build/turtlebot3_teleop/install.log --single-version-externally-managed
[3.498s] running egg_info
[3.499s] creating ../../../build/turtlebot3_teleop/turtlebot3_teleop.egg-info
[3.500s] writing manifest file '../../../build/turtlebot3_teleop/turtlebot3_teleop.egg-info/SOURCES.txt'
[3.503s] writing manifest file '../../../build/turtlebot3_teleop/turtlebot3_teleop.egg-info/SOURCES.txt'
[3.503s] running build
[3.511s] running build_py
[3.511s] creating /home/derek/work/build/turtlebot3_teleop/build
[3.511s] creating /home/derek/work/build/turtlebot3_teleop/build/lib
[3.511s] creating /home/derek/work/build/turtlebot3_teleop/build/lib/turtlebot3_teleop
[3.511s] copying turtlebot3_teleop/__init__.py -> /home/derek/work/build/turtlebot3_teleop/build/lib/turtlebot3_teleop
[3.512s] creating /home/derek/work/build/turtlebot3_teleop/build/lib/turtlebot3_teleop/script
[3.512s] copying turtlebot3_teleop/script/__init__.py -> /home/derek/work/build/turtlebot3_teleop/build/lib/turtlebot3_teleop/script
[3.512s] copying turtlebot3_teleop/script/teleop_keyboard.py -> /home/derek/work/build/turtlebot3_teleop/build/lib/turtlebot3_teleop/script
[3.512s] running install
[3.513s] /usr/local/lib/python3.10/dist-packages/setuptools/command/install.py:34: SetuptoolsDeprecationWarning: setup.py install is deprecated. Use build and pip and other standards-based tools.
[3.513s]   warnings.warn(
[3.516s] running install_lib
[3.517s] creating /home/derek/work/install/turtlebot3_teleop/lib/python3.10/site-packages/turtlebot3_teleop
[3.517s] copying /home/derek/work/build/turtlebot3_teleop/build/lib/turtlebot3_teleop/__init__.py -> /home/derek/work/install/turtlebot3_teleop/lib/python3.10/site-packages/turtlebot3_teleop
[3.518s] creating /home/derek/work/install/turtlebot3_teleop/lib/python3.10/site-packages/turtlebot3_teleop/script
[3.518s] copying /home/derek/work/build/turtlebot3_teleop/build/lib/turtlebot3_teleop/script/__init__.py -> /home/derek/work/install/turtlebot3_teleop/lib/python3.10/site-packages/turtlebot3_teleop/script
[3.518s] copying /home/derek/work/build/turtlebot3_teleop/build/lib/turtlebot3_teleop/script/teleop_keyboard.py -> /home/derek/work/install/turtlebot3_teleop/lib/python3.10/site-packages/turtlebot3_teleop/script
[3.519s] byte-compiling /home/derek/work/install/turtlebot3_teleop/lib/python3.10/site-packages/turtlebot3_teleop/__init__.py to __init__.cpython-310.pyc
[3.519s] byte-compiling /home/derek/work/install/turtlebot3_teleop/lib/python3.10/site-packages/turtlebot3_teleop/script/__init__.py to __init__.cpython-310.pyc
[3.519s] byte-compiling /home/derek/work/install/turtlebot3_teleop/lib/python3.10/site-packages/turtlebot3_teleop/script/teleop_keyboard.py to teleop_keyboard.cpython-310.pyc
[3.521s] running install_data
[3.521s] creating /home/derek/work/install/turtlebot3_teleop/share/ament_index
[3.522s] creating /home/derek/work/install/turtlebot3_teleop/share/ament_index/resource_index
[3.522s] creating /home/derek/work/install/turtlebot3_teleop/share/ament_index/resource_index/packages
[3.522s] copying resource/turtlebot3_teleop -> /home/derek/work/install/turtlebot3_teleop/share/ament_index/resource_index/packages
[3.522s] copying package.xml -> /home/derek/work/install/turtlebot3_teleop/share/turtlebot3_teleop
[3.522s] running install_egg_info
[3.524s] Copying ../../../build/turtlebot3_teleop/turtlebot3_teleop.egg-info to /home/derek/work/install/turtlebot3_teleop/lib/python3.10/site-packages/turtlebot3_teleop-2.1.5-py3.10.egg-info
[3.525s] running install_scripts
[3.549s] writing list of installed files to '/home/derek/work/build/turtlebot3_teleop/install.log'
[3.716s] Invoked command in '/home/derek/work/src/turtlebot3/turtlebot3_teleop' returned '0': PYTHONPATH=/home/derek/work/build/turtlebot3_teleop/prefix_override:/home/derek/work/install/turtlebot3_teleop/lib/python3.10/site-packages:${PYTHONPATH} /usr/bin/python3 setup.py egg_info --egg-base ../../../build/turtlebot3_teleop build --build-base /home/derek/work/build/turtlebot3_teleop/build install --record /home/derek/work/build/turtlebot3_teleop/install.log --single-version-externally-managed
