[0.154s] Invoking command in '/home/derek/work/build/nav2_smoother': AMENT_PREFIX_PATH=/home/derek/work/install/nav2_core:/home/derek/work/install/nav2_costmap_2d:/home/derek/work/install/nav_2d_utils:/home/derek/work/install/nav2_util:/home/derek/work/install/nav2_voxel_grid:/home/derek/work/install/nav2_msgs:/home/derek/work/install/nav_2d_msgs:/home/derek/work/install/nav2_common:${AMENT_PREFIX_PATH} CMAKE_PREFIX_PATH=/home/derek/work/install/nav2_core:/home/derek/work/install/nav2_costmap_2d:/home/derek/work/install/nav_2d_utils:/home/derek/work/install/nav2_util:/home/derek/work/install/nav2_voxel_grid:/home/derek/work/install/nav2_msgs:/home/derek/work/install/nav_2d_msgs:/home/derek/work/install/nav2_common:/opt/ros/humble LD_LIBRARY_PATH=/home/derek/work/install/nav2_costmap_2d/lib:/home/derek/work/install/nav_2d_utils/lib:/home/derek/work/install/nav2_util/lib:/home/derek/work/install/nav2_voxel_grid/lib:/home/derek/work/install/nav2_msgs/lib:/home/derek/work/install/nav_2d_msgs/lib:/usr/lib/x86_64-linux-gnu/gazebo-11/plugins:/opt/ros/humble/opt/rviz_ogre_vendor/lib:/opt/ros/humble/lib/x86_64-linux-gnu:/opt/ros/humble/lib:/usr/local/nvidia/lib:/usr/local/nvidia/lib64:/usr/share/gazebo/../../lib/x86_64-linux-gnu/gazebo-11/plugins PYTHONPATH=/home/derek/work/install/nav2_msgs/local/lib/python3.10/dist-packages:/home/derek/work/install/nav_2d_msgs/local/lib/python3.10/dist-packages:/home/derek/work/install/nav2_common/local/lib/python3.10/dist-packages:${PYTHONPATH} /usr/bin/cmake --build /home/derek/work/build/nav2_smoother -- -j16 -l16
[0.379s] [35m[1mConsolidate compiler generated dependencies of target smoother_server_core[0m
[0.380s] [35m[1mConsolidate compiler generated dependencies of target gtest_main[0m
[0.380s] [35m[1mConsolidate compiler generated dependencies of target simple_smoother[0m
[0.380s] [35m[1mConsolidate compiler generated dependencies of target savitzky_golay_smoother[0m
[0.380s] [35m[1mConsolidate compiler generated dependencies of target gtest[0m
[0.380s] [ 11%] Built target smoother_server_core
[0.380s] [ 22%] Built target simple_smoother
[0.380s] [ 33%] Built target savitzky_golay_smoother
[0.380s] [ 44%] Built target gtest_main
[0.380s] [35m[1mConsolidate compiler generated dependencies of target smoother_server[0m
[0.380s] [ 55%] Built target gtest
[0.380s] [35m[1mConsolidate compiler generated dependencies of target test_simple_smoother[0m
[0.381s] [35m[1mConsolidate compiler generated dependencies of target test_smoother_server[0m
[0.381s] [35m[1mConsolidate compiler generated dependencies of target test_savitzky_golay_smoother[0m
[0.381s] [ 66%] Built target smoother_server
[0.381s] [ 77%] Built target test_simple_smoother
[0.381s] [ 88%] Built target test_smoother_server
[0.381s] [100%] Built target test_savitzky_golay_smoother
[0.414s] Invoked command in '/home/derek/work/build/nav2_smoother' returned '0': AMENT_PREFIX_PATH=/home/derek/work/install/nav2_core:/home/derek/work/install/nav2_costmap_2d:/home/derek/work/install/nav_2d_utils:/home/derek/work/install/nav2_util:/home/derek/work/install/nav2_voxel_grid:/home/derek/work/install/nav2_msgs:/home/derek/work/install/nav_2d_msgs:/home/derek/work/install/nav2_common:${AMENT_PREFIX_PATH} CMAKE_PREFIX_PATH=/home/derek/work/install/nav2_core:/home/derek/work/install/nav2_costmap_2d:/home/derek/work/install/nav_2d_utils:/home/derek/work/install/nav2_util:/home/derek/work/install/nav2_voxel_grid:/home/derek/work/install/nav2_msgs:/home/derek/work/install/nav_2d_msgs:/home/derek/work/install/nav2_common:/opt/ros/humble LD_LIBRARY_PATH=/home/derek/work/install/nav2_costmap_2d/lib:/home/derek/work/install/nav_2d_utils/lib:/home/derek/work/install/nav2_util/lib:/home/derek/work/install/nav2_voxel_grid/lib:/home/derek/work/install/nav2_msgs/lib:/home/derek/work/install/nav_2d_msgs/lib:/usr/lib/x86_64-linux-gnu/gazebo-11/plugins:/opt/ros/humble/opt/rviz_ogre_vendor/lib:/opt/ros/humble/lib/x86_64-linux-gnu:/opt/ros/humble/lib:/usr/local/nvidia/lib:/usr/local/nvidia/lib64:/usr/share/gazebo/../../lib/x86_64-linux-gnu/gazebo-11/plugins PYTHONPATH=/home/derek/work/install/nav2_msgs/local/lib/python3.10/dist-packages:/home/derek/work/install/nav_2d_msgs/local/lib/python3.10/dist-packages:/home/derek/work/install/nav2_common/local/lib/python3.10/dist-packages:${PYTHONPATH} /usr/bin/cmake --build /home/derek/work/build/nav2_smoother -- -j16 -l16
[0.553s] Invoking command in '/home/derek/work/build/nav2_smoother': AMENT_PREFIX_PATH=/home/derek/work/install/nav2_core:/home/derek/work/install/nav2_costmap_2d:/home/derek/work/install/nav_2d_utils:/home/derek/work/install/nav2_util:/home/derek/work/install/nav2_voxel_grid:/home/derek/work/install/nav2_msgs:/home/derek/work/install/nav_2d_msgs:/home/derek/work/install/nav2_common:${AMENT_PREFIX_PATH} CMAKE_PREFIX_PATH=/home/derek/work/install/nav2_core:/home/derek/work/install/nav2_costmap_2d:/home/derek/work/install/nav_2d_utils:/home/derek/work/install/nav2_util:/home/derek/work/install/nav2_voxel_grid:/home/derek/work/install/nav2_msgs:/home/derek/work/install/nav_2d_msgs:/home/derek/work/install/nav2_common:/opt/ros/humble LD_LIBRARY_PATH=/home/derek/work/install/nav2_costmap_2d/lib:/home/derek/work/install/nav_2d_utils/lib:/home/derek/work/install/nav2_util/lib:/home/derek/work/install/nav2_voxel_grid/lib:/home/derek/work/install/nav2_msgs/lib:/home/derek/work/install/nav_2d_msgs/lib:/usr/lib/x86_64-linux-gnu/gazebo-11/plugins:/opt/ros/humble/opt/rviz_ogre_vendor/lib:/opt/ros/humble/lib/x86_64-linux-gnu:/opt/ros/humble/lib:/usr/local/nvidia/lib:/usr/local/nvidia/lib64:/usr/share/gazebo/../../lib/x86_64-linux-gnu/gazebo-11/plugins PYTHONPATH=/home/derek/work/install/nav2_msgs/local/lib/python3.10/dist-packages:/home/derek/work/install/nav_2d_msgs/local/lib/python3.10/dist-packages:/home/derek/work/install/nav2_common/local/lib/python3.10/dist-packages:${PYTHONPATH} /usr/bin/cmake --install /home/derek/work/build/nav2_smoother
[0.576s] -- Install configuration: "Release"
[0.577s] -- Up-to-date: /home/derek/work/install/nav2_smoother/share/nav2_smoother/plugins.xml
[0.577s] -- Up-to-date: /home/derek/work/install/nav2_smoother/lib/libsmoother_server_core.so
[0.577s] -- Up-to-date: /home/derek/work/install/nav2_smoother/lib/libsimple_smoother.so
[0.577s] -- Up-to-date: /home/derek/work/install/nav2_smoother/lib/libsavitzky_golay_smoother.so
[0.577s] -- Up-to-date: /home/derek/work/install/nav2_smoother/lib/nav2_smoother/smoother_server
[0.577s] -- Up-to-date: /home/derek/work/install/nav2_smoother/include/
[0.577s] -- Up-to-date: /home/derek/work/install/nav2_smoother/include//nav2_smoother
[0.577s] -- Up-to-date: /home/derek/work/install/nav2_smoother/include//nav2_smoother/savitzky_golay_smoother.hpp
[0.577s] -- Up-to-date: /home/derek/work/install/nav2_smoother/include//nav2_smoother/nav2_smoother.hpp
[0.577s] -- Up-to-date: /home/derek/work/install/nav2_smoother/include//nav2_smoother/smoother_utils.hpp
[0.577s] -- Up-to-date: /home/derek/work/install/nav2_smoother/include//nav2_smoother/simple_smoother.hpp
[0.578s] -- Up-to-date: /home/derek/work/install/nav2_smoother/share/nav2_smoother/environment/library_path.sh
[0.578s] -- Up-to-date: /home/derek/work/install/nav2_smoother/share/nav2_smoother/environment/library_path.dsv
[0.578s] -- Up-to-date: /home/derek/work/install/nav2_smoother/share/ament_index/resource_index/package_run_dependencies/nav2_smoother
[0.578s] -- Up-to-date: /home/derek/work/install/nav2_smoother/share/ament_index/resource_index/parent_prefix_path/nav2_smoother
[0.578s] -- Up-to-date: /home/derek/work/install/nav2_smoother/share/nav2_smoother/environment/ament_prefix_path.sh
[0.578s] -- Up-to-date: /home/derek/work/install/nav2_smoother/share/nav2_smoother/environment/ament_prefix_path.dsv
[0.578s] -- Up-to-date: /home/derek/work/install/nav2_smoother/share/nav2_smoother/environment/path.sh
[0.578s] -- Up-to-date: /home/derek/work/install/nav2_smoother/share/nav2_smoother/environment/path.dsv
[0.578s] -- Up-to-date: /home/derek/work/install/nav2_smoother/share/nav2_smoother/local_setup.bash
[0.578s] -- Up-to-date: /home/derek/work/install/nav2_smoother/share/nav2_smoother/local_setup.sh
[0.578s] -- Up-to-date: /home/derek/work/install/nav2_smoother/share/nav2_smoother/local_setup.zsh
[0.578s] -- Up-to-date: /home/derek/work/install/nav2_smoother/share/nav2_smoother/local_setup.dsv
[0.579s] -- Installing: /home/derek/work/install/nav2_smoother/share/nav2_smoother/package.dsv
[0.579s] -- Up-to-date: /home/derek/work/install/nav2_smoother/share/ament_index/resource_index/packages/nav2_smoother
[0.579s] -- Up-to-date: /home/derek/work/install/nav2_smoother/share/ament_index/resource_index/nav2_core__pluginlib__plugin/nav2_smoother
[0.579s] -- Up-to-date: /home/derek/work/install/nav2_smoother/share/ament_index/resource_index/rclcpp_components/nav2_smoother
[0.579s] -- Up-to-date: /home/derek/work/install/nav2_smoother/share/nav2_smoother/cmake/ament_cmake_export_include_directories-extras.cmake
[0.579s] -- Up-to-date: /home/derek/work/install/nav2_smoother/share/nav2_smoother/cmake/ament_cmake_export_libraries-extras.cmake
[0.579s] -- Up-to-date: /home/derek/work/install/nav2_smoother/share/nav2_smoother/cmake/ament_cmake_export_dependencies-extras.cmake
[0.579s] -- Up-to-date: /home/derek/work/install/nav2_smoother/share/nav2_smoother/cmake/nav2_smootherConfig.cmake
[0.579s] -- Up-to-date: /home/derek/work/install/nav2_smoother/share/nav2_smoother/cmake/nav2_smootherConfig-version.cmake
[0.579s] -- Up-to-date: /home/derek/work/install/nav2_smoother/share/nav2_smoother/package.xml
[0.959s] Invoked command in '/home/derek/work/build/nav2_smoother' returned '0': AMENT_PREFIX_PATH=/home/derek/work/install/nav2_core:/home/derek/work/install/nav2_costmap_2d:/home/derek/work/install/nav_2d_utils:/home/derek/work/install/nav2_util:/home/derek/work/install/nav2_voxel_grid:/home/derek/work/install/nav2_msgs:/home/derek/work/install/nav_2d_msgs:/home/derek/work/install/nav2_common:${AMENT_PREFIX_PATH} CMAKE_PREFIX_PATH=/home/derek/work/install/nav2_core:/home/derek/work/install/nav2_costmap_2d:/home/derek/work/install/nav_2d_utils:/home/derek/work/install/nav2_util:/home/derek/work/install/nav2_voxel_grid:/home/derek/work/install/nav2_msgs:/home/derek/work/install/nav_2d_msgs:/home/derek/work/install/nav2_common:/opt/ros/humble LD_LIBRARY_PATH=/home/derek/work/install/nav2_costmap_2d/lib:/home/derek/work/install/nav_2d_utils/lib:/home/derek/work/install/nav2_util/lib:/home/derek/work/install/nav2_voxel_grid/lib:/home/derek/work/install/nav2_msgs/lib:/home/derek/work/install/nav_2d_msgs/lib:/usr/lib/x86_64-linux-gnu/gazebo-11/plugins:/opt/ros/humble/opt/rviz_ogre_vendor/lib:/opt/ros/humble/lib/x86_64-linux-gnu:/opt/ros/humble/lib:/usr/local/nvidia/lib:/usr/local/nvidia/lib64:/usr/share/gazebo/../../lib/x86_64-linux-gnu/gazebo-11/plugins PYTHONPATH=/home/derek/work/install/nav2_msgs/local/lib/python3.10/dist-packages:/home/derek/work/install/nav_2d_msgs/local/lib/python3.10/dist-packages:/home/derek/work/install/nav2_common/local/lib/python3.10/dist-packages:${PYTHONPATH} /usr/bin/cmake --install /home/derek/work/build/nav2_smoother
