[0.100s] Invoking command in '/home/derek/work/build/nav2_core': AMENT_PREFIX_PATH=/home/derek/work/install/nav2_costmap_2d:/home/derek/work/install/nav2_util:/home/derek/work/install/nav2_voxel_grid:/home/derek/work/install/nav2_msgs:/home/derek/work/install/nav2_common:${AMENT_PREFIX_PATH} CMAKE_PREFIX_PATH=/home/derek/work/install/nav2_costmap_2d:/home/derek/work/install/nav2_util:/home/derek/work/install/nav2_voxel_grid:/home/derek/work/install/nav2_msgs:/home/derek/work/install/nav2_common:/opt/ros/humble LD_LIBRARY_PATH=/home/derek/work/install/nav2_costmap_2d/lib:/home/derek/work/install/nav2_util/lib:/home/derek/work/install/nav2_voxel_grid/lib:/home/derek/work/install/nav2_msgs/lib:/usr/lib/x86_64-linux-gnu/gazebo-11/plugins:/opt/ros/humble/opt/rviz_ogre_vendor/lib:/opt/ros/humble/lib/x86_64-linux-gnu:/opt/ros/humble/lib:/usr/local/nvidia/lib:/usr/local/nvidia/lib64:/usr/share/gazebo/../../lib/x86_64-linux-gnu/gazebo-11/plugins PYTHONPATH=/home/derek/work/install/nav2_msgs/local/lib/python3.10/dist-packages:/home/derek/work/install/nav2_common/local/lib/python3.10/dist-packages:${PYTHONPATH} /usr/bin/cmake --build /home/derek/work/build/nav2_core -- -j16 -l16
[0.145s] Invoked command in '/home/derek/work/build/nav2_core' returned '0': AMENT_PREFIX_PATH=/home/derek/work/install/nav2_costmap_2d:/home/derek/work/install/nav2_util:/home/derek/work/install/nav2_voxel_grid:/home/derek/work/install/nav2_msgs:/home/derek/work/install/nav2_common:${AMENT_PREFIX_PATH} CMAKE_PREFIX_PATH=/home/derek/work/install/nav2_costmap_2d:/home/derek/work/install/nav2_util:/home/derek/work/install/nav2_voxel_grid:/home/derek/work/install/nav2_msgs:/home/derek/work/install/nav2_common:/opt/ros/humble LD_LIBRARY_PATH=/home/derek/work/install/nav2_costmap_2d/lib:/home/derek/work/install/nav2_util/lib:/home/derek/work/install/nav2_voxel_grid/lib:/home/derek/work/install/nav2_msgs/lib:/usr/lib/x86_64-linux-gnu/gazebo-11/plugins:/opt/ros/humble/opt/rviz_ogre_vendor/lib:/opt/ros/humble/lib/x86_64-linux-gnu:/opt/ros/humble/lib:/usr/local/nvidia/lib:/usr/local/nvidia/lib64:/usr/share/gazebo/../../lib/x86_64-linux-gnu/gazebo-11/plugins PYTHONPATH=/home/derek/work/install/nav2_msgs/local/lib/python3.10/dist-packages:/home/derek/work/install/nav2_common/local/lib/python3.10/dist-packages:${PYTHONPATH} /usr/bin/cmake --build /home/derek/work/build/nav2_core -- -j16 -l16
[0.164s] Invoking command in '/home/derek/work/build/nav2_core': AMENT_PREFIX_PATH=/home/derek/work/install/nav2_costmap_2d:/home/derek/work/install/nav2_util:/home/derek/work/install/nav2_voxel_grid:/home/derek/work/install/nav2_msgs:/home/derek/work/install/nav2_common:${AMENT_PREFIX_PATH} CMAKE_PREFIX_PATH=/home/derek/work/install/nav2_costmap_2d:/home/derek/work/install/nav2_util:/home/derek/work/install/nav2_voxel_grid:/home/derek/work/install/nav2_msgs:/home/derek/work/install/nav2_common:/opt/ros/humble LD_LIBRARY_PATH=/home/derek/work/install/nav2_costmap_2d/lib:/home/derek/work/install/nav2_util/lib:/home/derek/work/install/nav2_voxel_grid/lib:/home/derek/work/install/nav2_msgs/lib:/usr/lib/x86_64-linux-gnu/gazebo-11/plugins:/opt/ros/humble/opt/rviz_ogre_vendor/lib:/opt/ros/humble/lib/x86_64-linux-gnu:/opt/ros/humble/lib:/usr/local/nvidia/lib:/usr/local/nvidia/lib64:/usr/share/gazebo/../../lib/x86_64-linux-gnu/gazebo-11/plugins PYTHONPATH=/home/derek/work/install/nav2_msgs/local/lib/python3.10/dist-packages:/home/derek/work/install/nav2_common/local/lib/python3.10/dist-packages:${PYTHONPATH} /usr/bin/cmake --install /home/derek/work/build/nav2_core
[0.171s] -- Install configuration: "Release"
[0.171s] -- Up-to-date: /home/derek/work/install/nav2_core/include/
[0.171s] -- Up-to-date: /home/derek/work/install/nav2_core/include//nav2_core
[0.171s] -- Up-to-date: /home/derek/work/install/nav2_core/include//nav2_core/waypoint_task_executor.hpp
[0.171s] -- Up-to-date: /home/derek/work/install/nav2_core/include//nav2_core/global_planner.hpp
[0.171s] -- Up-to-date: /home/derek/work/install/nav2_core/include//nav2_core/behavior.hpp
[0.171s] -- Up-to-date: /home/derek/work/install/nav2_core/include//nav2_core/controller.hpp
[0.172s] -- Up-to-date: /home/derek/work/install/nav2_core/include//nav2_core/progress_checker.hpp
[0.172s] -- Up-to-date: /home/derek/work/install/nav2_core/include//nav2_core/smoother.hpp
[0.172s] -- Up-to-date: /home/derek/work/install/nav2_core/include//nav2_core/goal_checker.hpp
[0.172s] -- Up-to-date: /home/derek/work/install/nav2_core/include//nav2_core/exceptions.hpp
[0.172s] -- Up-to-date: /home/derek/work/install/nav2_core/share/ament_index/resource_index/package_run_dependencies/nav2_core
[0.172s] -- Up-to-date: /home/derek/work/install/nav2_core/share/ament_index/resource_index/parent_prefix_path/nav2_core
[0.172s] -- Up-to-date: /home/derek/work/install/nav2_core/share/nav2_core/environment/ament_prefix_path.sh
[0.172s] -- Up-to-date: /home/derek/work/install/nav2_core/share/nav2_core/environment/ament_prefix_path.dsv
[0.172s] -- Up-to-date: /home/derek/work/install/nav2_core/share/nav2_core/environment/path.sh
[0.172s] -- Up-to-date: /home/derek/work/install/nav2_core/share/nav2_core/environment/path.dsv
[0.173s] -- Up-to-date: /home/derek/work/install/nav2_core/share/nav2_core/local_setup.bash
[0.173s] -- Up-to-date: /home/derek/work/install/nav2_core/share/nav2_core/local_setup.sh
[0.173s] -- Up-to-date: /home/derek/work/install/nav2_core/share/nav2_core/local_setup.zsh
[0.173s] -- Up-to-date: /home/derek/work/install/nav2_core/share/nav2_core/local_setup.dsv
[0.173s] -- Up-to-date: /home/derek/work/install/nav2_core/share/nav2_core/package.dsv
[0.173s] -- Up-to-date: /home/derek/work/install/nav2_core/share/ament_index/resource_index/packages/nav2_core
[0.173s] -- Up-to-date: /home/derek/work/install/nav2_core/share/nav2_core/cmake/ament_cmake_export_include_directories-extras.cmake
[0.173s] -- Up-to-date: /home/derek/work/install/nav2_core/share/nav2_core/cmake/ament_cmake_export_dependencies-extras.cmake
[0.173s] -- Up-to-date: /home/derek/work/install/nav2_core/share/nav2_core/cmake/nav2_coreConfig.cmake
[0.173s] -- Up-to-date: /home/derek/work/install/nav2_core/share/nav2_core/cmake/nav2_coreConfig-version.cmake
[0.173s] -- Up-to-date: /home/derek/work/install/nav2_core/share/nav2_core/package.xml
[0.174s] Invoked command in '/home/derek/work/build/nav2_core' returned '0': AMENT_PREFIX_PATH=/home/derek/work/install/nav2_costmap_2d:/home/derek/work/install/nav2_util:/home/derek/work/install/nav2_voxel_grid:/home/derek/work/install/nav2_msgs:/home/derek/work/install/nav2_common:${AMENT_PREFIX_PATH} CMAKE_PREFIX_PATH=/home/derek/work/install/nav2_costmap_2d:/home/derek/work/install/nav2_util:/home/derek/work/install/nav2_voxel_grid:/home/derek/work/install/nav2_msgs:/home/derek/work/install/nav2_common:/opt/ros/humble LD_LIBRARY_PATH=/home/derek/work/install/nav2_costmap_2d/lib:/home/derek/work/install/nav2_util/lib:/home/derek/work/install/nav2_voxel_grid/lib:/home/derek/work/install/nav2_msgs/lib:/usr/lib/x86_64-linux-gnu/gazebo-11/plugins:/opt/ros/humble/opt/rviz_ogre_vendor/lib:/opt/ros/humble/lib/x86_64-linux-gnu:/opt/ros/humble/lib:/usr/local/nvidia/lib:/usr/local/nvidia/lib64:/usr/share/gazebo/../../lib/x86_64-linux-gnu/gazebo-11/plugins PYTHONPATH=/home/derek/work/install/nav2_msgs/local/lib/python3.10/dist-packages:/home/derek/work/install/nav2_common/local/lib/python3.10/dist-packages:${PYTHONPATH} /usr/bin/cmake --install /home/derek/work/build/nav2_core
