[35m[1mConsolidate compiler generated dependencies of target pallet_seg_msg__rosidl_generator_c[0m
[  3%] Built target pallet_seg_msg__cpp
[ 12%] Built target pallet_seg_msg__rosidl_generator_c
[ 12%] Built target ament_cmake_python_copy_pallet_seg_msg
[35m[1mConsolidate compiler generated dependencies of target pallet_seg_msg__rosidl_typesupport_fastrtps_cpp[0m
[35m[1mConsolidate compiler generated dependencies of target pallet_seg_msg__rosidl_typesupport_cpp[0m
[35m[1mConsolidate compiler generated dependencies of target pallet_seg_msg__rosidl_typesupport_c[0m
[35m[1mConsolidate compiler generated dependencies of target pallet_seg_msg__rosidl_typesupport_introspection_cpp[0m
[35m[1mConsolidate compiler generated dependencies of target pallet_seg_msg__rosidl_typesupport_introspection_c[0m
[35m[1mConsolidate compiler generated dependencies of target pallet_seg_msg__rosidl_typesupport_fastrtps_c[0m
[ 48%] Built target pallet_seg_msg__rosidl_typesupport_introspection_cpp
[ 51%] Built target pallet_seg_msg__rosidl_typesupport_introspection_c
[ 48%] Built target pallet_seg_msg__rosidl_typesupport_cpp
[ 61%] Built target pallet_seg_msg__rosidl_typesupport_c
[ 61%] Built target pallet_seg_msg__rosidl_typesupport_fastrtps_cpp
[ 70%] Built target pallet_seg_msg__rosidl_typesupport_fastrtps_c
[ 70%] Built target pallet_seg_msg
[ 74%] Built target pallet_seg_msg__py
[35m[1mConsolidate compiler generated dependencies of target pallet_seg_msg__rosidl_generator_py[0m
[ 80%] Built target pallet_seg_msg__rosidl_generator_py
[35m[1mConsolidate compiler generated dependencies of target pallet_seg_msg__rosidl_typesupport_fastrtps_c__pyext[0m
[35m[1mConsolidate compiler generated dependencies of target pallet_seg_msg__rosidl_typesupport_introspection_c__pyext[0m
[35m[1mConsolidate compiler generated dependencies of target pallet_seg_msg__rosidl_typesupport_c__pyext[0m
[ 93%] Built target pallet_seg_msg__rosidl_typesupport_fastrtps_c__pyext
[ 93%] Built target pallet_seg_msg__rosidl_typesupport_introspection_c__pyext
[100%] Built target pallet_seg_msg__rosidl_typesupport_c__pyext
running egg_info
writing manifest file 'pallet_seg_msg.egg-info/SOURCES.txt'
[100%] Built target ament_cmake_python_build_pallet_seg_msg_egg
-- Install configuration: ""
-- Up-to-date: /home/derek/work/install/pallet_seg_msg/share/ament_index/resource_index/rosidl_interfaces/pallet_seg_msg
-- Up-to-date: /home/derek/work/install/pallet_seg_msg/include/pallet_seg_msg/pallet_seg_msg
-- Up-to-date: /home/derek/work/install/pallet_seg_msg/include/pallet_seg_msg/pallet_seg_msg/msg
-- Up-to-date: /home/derek/work/install/pallet_seg_msg/include/pallet_seg_msg/pallet_seg_msg/msg/rosidl_generator_c__visibility_control.h
-- Up-to-date: /home/derek/work/install/pallet_seg_msg/include/pallet_seg_msg/pallet_seg_msg/msg/detail
-- Up-to-date: /home/derek/work/install/pallet_seg_msg/include/pallet_seg_msg/pallet_seg_msg/msg/detail/pallet_mask__functions.h
-- Up-to-date: /home/derek/work/install/pallet_seg_msg/include/pallet_seg_msg/pallet_seg_msg/msg/detail/pallet_mask__functions.c
-- Up-to-date: /home/derek/work/install/pallet_seg_msg/include/pallet_seg_msg/pallet_seg_msg/msg/detail/pallet_mask__struct.h
-- Up-to-date: /home/derek/work/install/pallet_seg_msg/include/pallet_seg_msg/pallet_seg_msg/msg/detail/pallet_mask__type_support.h
-- Up-to-date: /home/derek/work/install/pallet_seg_msg/include/pallet_seg_msg/pallet_seg_msg/msg/pallet_mask.h
-- Up-to-date: /home/derek/work/install/pallet_seg_msg/share/pallet_seg_msg/environment/library_path.sh
-- Up-to-date: /home/derek/work/install/pallet_seg_msg/share/pallet_seg_msg/environment/library_path.dsv
-- Up-to-date: /home/derek/work/install/pallet_seg_msg/lib/libpallet_seg_msg__rosidl_generator_c.so
-- Up-to-date: /home/derek/work/install/pallet_seg_msg/include/pallet_seg_msg/pallet_seg_msg
-- Up-to-date: /home/derek/work/install/pallet_seg_msg/include/pallet_seg_msg/pallet_seg_msg/msg
-- Up-to-date: /home/derek/work/install/pallet_seg_msg/include/pallet_seg_msg/pallet_seg_msg/msg/rosidl_typesupport_fastrtps_c__visibility_control.h
-- Up-to-date: /home/derek/work/install/pallet_seg_msg/include/pallet_seg_msg/pallet_seg_msg/msg/detail
-- Up-to-date: /home/derek/work/install/pallet_seg_msg/include/pallet_seg_msg/pallet_seg_msg/msg/detail/pallet_mask__rosidl_typesupport_fastrtps_c.h
-- Up-to-date: /home/derek/work/install/pallet_seg_msg/lib/libpallet_seg_msg__rosidl_typesupport_fastrtps_c.so
-- Up-to-date: /home/derek/work/install/pallet_seg_msg/include/pallet_seg_msg/pallet_seg_msg
-- Up-to-date: /home/derek/work/install/pallet_seg_msg/include/pallet_seg_msg/pallet_seg_msg/msg
-- Up-to-date: /home/derek/work/install/pallet_seg_msg/include/pallet_seg_msg/pallet_seg_msg/msg/pallet_mask.hpp
-- Up-to-date: /home/derek/work/install/pallet_seg_msg/include/pallet_seg_msg/pallet_seg_msg/msg/detail
-- Up-to-date: /home/derek/work/install/pallet_seg_msg/include/pallet_seg_msg/pallet_seg_msg/msg/detail/pallet_mask__builder.hpp
-- Up-to-date: /home/derek/work/install/pallet_seg_msg/include/pallet_seg_msg/pallet_seg_msg/msg/detail/pallet_mask__struct.hpp
-- Up-to-date: /home/derek/work/install/pallet_seg_msg/include/pallet_seg_msg/pallet_seg_msg/msg/detail/pallet_mask__traits.hpp
-- Up-to-date: /home/derek/work/install/pallet_seg_msg/include/pallet_seg_msg/pallet_seg_msg
-- Up-to-date: /home/derek/work/install/pallet_seg_msg/include/pallet_seg_msg/pallet_seg_msg/msg
-- Up-to-date: /home/derek/work/install/pallet_seg_msg/include/pallet_seg_msg/pallet_seg_msg/msg/rosidl_typesupport_fastrtps_cpp__visibility_control.h
-- Up-to-date: /home/derek/work/install/pallet_seg_msg/include/pallet_seg_msg/pallet_seg_msg/msg/detail
-- Up-to-date: /home/derek/work/install/pallet_seg_msg/include/pallet_seg_msg/pallet_seg_msg/msg/detail/dds_fastrtps
-- Up-to-date: /home/derek/work/install/pallet_seg_msg/include/pallet_seg_msg/pallet_seg_msg/msg/detail/pallet_mask__rosidl_typesupport_fastrtps_cpp.hpp
-- Up-to-date: /home/derek/work/install/pallet_seg_msg/lib/libpallet_seg_msg__rosidl_typesupport_fastrtps_cpp.so
-- Up-to-date: /home/derek/work/install/pallet_seg_msg/include/pallet_seg_msg/pallet_seg_msg
-- Up-to-date: /home/derek/work/install/pallet_seg_msg/include/pallet_seg_msg/pallet_seg_msg/msg
-- Up-to-date: /home/derek/work/install/pallet_seg_msg/include/pallet_seg_msg/pallet_seg_msg/msg/rosidl_typesupport_introspection_c__visibility_control.h
-- Up-to-date: /home/derek/work/install/pallet_seg_msg/include/pallet_seg_msg/pallet_seg_msg/msg/detail
-- Up-to-date: /home/derek/work/install/pallet_seg_msg/include/pallet_seg_msg/pallet_seg_msg/msg/detail/pallet_mask__rosidl_typesupport_introspection_c.h
-- Up-to-date: /home/derek/work/install/pallet_seg_msg/include/pallet_seg_msg/pallet_seg_msg/msg/detail/pallet_mask__type_support.c
-- Up-to-date: /home/derek/work/install/pallet_seg_msg/lib/libpallet_seg_msg__rosidl_typesupport_introspection_c.so
-- Up-to-date: /home/derek/work/install/pallet_seg_msg/lib/libpallet_seg_msg__rosidl_typesupport_c.so
-- Up-to-date: /home/derek/work/install/pallet_seg_msg/include/pallet_seg_msg/pallet_seg_msg
-- Up-to-date: /home/derek/work/install/pallet_seg_msg/include/pallet_seg_msg/pallet_seg_msg/msg
-- Up-to-date: /home/derek/work/install/pallet_seg_msg/include/pallet_seg_msg/pallet_seg_msg/msg/detail
-- Up-to-date: /home/derek/work/install/pallet_seg_msg/include/pallet_seg_msg/pallet_seg_msg/msg/detail/pallet_mask__rosidl_typesupport_introspection_cpp.hpp
-- Up-to-date: /home/derek/work/install/pallet_seg_msg/include/pallet_seg_msg/pallet_seg_msg/msg/detail/pallet_mask__type_support.cpp
-- Up-to-date: /home/derek/work/install/pallet_seg_msg/lib/libpallet_seg_msg__rosidl_typesupport_introspection_cpp.so
-- Up-to-date: /home/derek/work/install/pallet_seg_msg/lib/libpallet_seg_msg__rosidl_typesupport_cpp.so
-- Up-to-date: /home/derek/work/install/pallet_seg_msg/share/pallet_seg_msg/environment/pythonpath.sh
-- Up-to-date: /home/derek/work/install/pallet_seg_msg/share/pallet_seg_msg/environment/pythonpath.dsv
-- Up-to-date: /home/derek/work/install/pallet_seg_msg/local/lib/python3.10/dist-packages/pallet_seg_msg-0.0.0-py3.10.egg-info
-- Installing: /home/derek/work/install/pallet_seg_msg/local/lib/python3.10/dist-packages/pallet_seg_msg-0.0.0-py3.10.egg-info/PKG-INFO
-- Installing: /home/derek/work/install/pallet_seg_msg/local/lib/python3.10/dist-packages/pallet_seg_msg-0.0.0-py3.10.egg-info/top_level.txt
-- Installing: /home/derek/work/install/pallet_seg_msg/local/lib/python3.10/dist-packages/pallet_seg_msg-0.0.0-py3.10.egg-info/SOURCES.txt
-- Installing: /home/derek/work/install/pallet_seg_msg/local/lib/python3.10/dist-packages/pallet_seg_msg-0.0.0-py3.10.egg-info/dependency_links.txt
-- Up-to-date: /home/derek/work/install/pallet_seg_msg/local/lib/python3.10/dist-packages/pallet_seg_msg
-- Up-to-date: /home/derek/work/install/pallet_seg_msg/local/lib/python3.10/dist-packages/pallet_seg_msg/_pallet_seg_msg_s.ep.rosidl_typesupport_c.c
-- Up-to-date: /home/derek/work/install/pallet_seg_msg/local/lib/python3.10/dist-packages/pallet_seg_msg/pallet_seg_msg_s__rosidl_typesupport_fastrtps_c.cpython-310-x86_64-linux-gnu.so
-- Up-to-date: /home/derek/work/install/pallet_seg_msg/local/lib/python3.10/dist-packages/pallet_seg_msg/_pallet_seg_msg_s.ep.rosidl_typesupport_introspection_c.c
-- Up-to-date: /home/derek/work/install/pallet_seg_msg/local/lib/python3.10/dist-packages/pallet_seg_msg/pallet_seg_msg_s__rosidl_typesupport_c.cpython-310-x86_64-linux-gnu.so
-- Up-to-date: /home/derek/work/install/pallet_seg_msg/local/lib/python3.10/dist-packages/pallet_seg_msg/_pallet_seg_msg_s.ep.rosidl_typesupport_fastrtps_c.c
-- Up-to-date: /home/derek/work/install/pallet_seg_msg/local/lib/python3.10/dist-packages/pallet_seg_msg/pallet_seg_msg_s__rosidl_typesupport_introspection_c.cpython-310-x86_64-linux-gnu.so
-- Up-to-date: /home/derek/work/install/pallet_seg_msg/local/lib/python3.10/dist-packages/pallet_seg_msg/__init__.py
-- Up-to-date: /home/derek/work/install/pallet_seg_msg/local/lib/python3.10/dist-packages/pallet_seg_msg/libpallet_seg_msg__rosidl_generator_py.so
-- Up-to-date: /home/derek/work/install/pallet_seg_msg/local/lib/python3.10/dist-packages/pallet_seg_msg/msg
-- Up-to-date: /home/derek/work/install/pallet_seg_msg/local/lib/python3.10/dist-packages/pallet_seg_msg/msg/_pallet_mask_s.c
-- Up-to-date: /home/derek/work/install/pallet_seg_msg/local/lib/python3.10/dist-packages/pallet_seg_msg/msg/_pallet_mask.py
-- Up-to-date: /home/derek/work/install/pallet_seg_msg/local/lib/python3.10/dist-packages/pallet_seg_msg/msg/__init__.py
Listing '/home/derek/work/install/pallet_seg_msg/local/lib/python3.10/dist-packages/pallet_seg_msg'...
Listing '/home/derek/work/install/pallet_seg_msg/local/lib/python3.10/dist-packages/pallet_seg_msg/msg'...
-- Up-to-date: /home/derek/work/install/pallet_seg_msg/local/lib/python3.10/dist-packages/pallet_seg_msg/pallet_seg_msg_s__rosidl_typesupport_fastrtps_c.cpython-310-x86_64-linux-gnu.so
-- Up-to-date: /home/derek/work/install/pallet_seg_msg/local/lib/python3.10/dist-packages/pallet_seg_msg/pallet_seg_msg_s__rosidl_typesupport_introspection_c.cpython-310-x86_64-linux-gnu.so
-- Up-to-date: /home/derek/work/install/pallet_seg_msg/local/lib/python3.10/dist-packages/pallet_seg_msg/pallet_seg_msg_s__rosidl_typesupport_c.cpython-310-x86_64-linux-gnu.so
-- Up-to-date: /home/derek/work/install/pallet_seg_msg/lib/libpallet_seg_msg__rosidl_generator_py.so
-- Up-to-date: /home/derek/work/install/pallet_seg_msg/share/pallet_seg_msg/msg/PalletMask.idl
-- Up-to-date: /home/derek/work/install/pallet_seg_msg/share/pallet_seg_msg/msg/PalletMask.msg
-- Up-to-date: /home/derek/work/install/pallet_seg_msg/share/ament_index/resource_index/package_run_dependencies/pallet_seg_msg
-- Up-to-date: /home/derek/work/install/pallet_seg_msg/share/ament_index/resource_index/parent_prefix_path/pallet_seg_msg
-- Up-to-date: /home/derek/work/install/pallet_seg_msg/share/pallet_seg_msg/environment/ament_prefix_path.sh
-- Up-to-date: /home/derek/work/install/pallet_seg_msg/share/pallet_seg_msg/environment/ament_prefix_path.dsv
-- Up-to-date: /home/derek/work/install/pallet_seg_msg/share/pallet_seg_msg/environment/path.sh
-- Up-to-date: /home/derek/work/install/pallet_seg_msg/share/pallet_seg_msg/environment/path.dsv
-- Up-to-date: /home/derek/work/install/pallet_seg_msg/share/pallet_seg_msg/local_setup.bash
-- Up-to-date: /home/derek/work/install/pallet_seg_msg/share/pallet_seg_msg/local_setup.sh
-- Up-to-date: /home/derek/work/install/pallet_seg_msg/share/pallet_seg_msg/local_setup.zsh
-- Up-to-date: /home/derek/work/install/pallet_seg_msg/share/pallet_seg_msg/local_setup.dsv
-- Installing: /home/derek/work/install/pallet_seg_msg/share/pallet_seg_msg/package.dsv
-- Up-to-date: /home/derek/work/install/pallet_seg_msg/share/ament_index/resource_index/packages/pallet_seg_msg
-- Up-to-date: /home/derek/work/install/pallet_seg_msg/share/pallet_seg_msg/cmake/export_pallet_seg_msg__rosidl_generator_cExport.cmake
-- Up-to-date: /home/derek/work/install/pallet_seg_msg/share/pallet_seg_msg/cmake/export_pallet_seg_msg__rosidl_generator_cExport-noconfig.cmake
-- Up-to-date: /home/derek/work/install/pallet_seg_msg/share/pallet_seg_msg/cmake/export_pallet_seg_msg__rosidl_typesupport_fastrtps_cExport.cmake
-- Up-to-date: /home/derek/work/install/pallet_seg_msg/share/pallet_seg_msg/cmake/export_pallet_seg_msg__rosidl_typesupport_fastrtps_cExport-noconfig.cmake
-- Up-to-date: /home/derek/work/install/pallet_seg_msg/share/pallet_seg_msg/cmake/export_pallet_seg_msg__rosidl_generator_cppExport.cmake
-- Up-to-date: /home/derek/work/install/pallet_seg_msg/share/pallet_seg_msg/cmake/export_pallet_seg_msg__rosidl_typesupport_fastrtps_cppExport.cmake
-- Up-to-date: /home/derek/work/install/pallet_seg_msg/share/pallet_seg_msg/cmake/export_pallet_seg_msg__rosidl_typesupport_fastrtps_cppExport-noconfig.cmake
-- Up-to-date: /home/derek/work/install/pallet_seg_msg/share/pallet_seg_msg/cmake/pallet_seg_msg__rosidl_typesupport_introspection_cExport.cmake
-- Up-to-date: /home/derek/work/install/pallet_seg_msg/share/pallet_seg_msg/cmake/pallet_seg_msg__rosidl_typesupport_introspection_cExport-noconfig.cmake
-- Up-to-date: /home/derek/work/install/pallet_seg_msg/share/pallet_seg_msg/cmake/pallet_seg_msg__rosidl_typesupport_cExport.cmake
-- Up-to-date: /home/derek/work/install/pallet_seg_msg/share/pallet_seg_msg/cmake/pallet_seg_msg__rosidl_typesupport_cExport-noconfig.cmake
-- Up-to-date: /home/derek/work/install/pallet_seg_msg/share/pallet_seg_msg/cmake/pallet_seg_msg__rosidl_typesupport_introspection_cppExport.cmake
-- Up-to-date: /home/derek/work/install/pallet_seg_msg/share/pallet_seg_msg/cmake/pallet_seg_msg__rosidl_typesupport_introspection_cppExport-noconfig.cmake
-- Up-to-date: /home/derek/work/install/pallet_seg_msg/share/pallet_seg_msg/cmake/pallet_seg_msg__rosidl_typesupport_cppExport.cmake
-- Up-to-date: /home/derek/work/install/pallet_seg_msg/share/pallet_seg_msg/cmake/pallet_seg_msg__rosidl_typesupport_cppExport-noconfig.cmake
-- Up-to-date: /home/derek/work/install/pallet_seg_msg/share/pallet_seg_msg/cmake/export_pallet_seg_msg__rosidl_generator_pyExport.cmake
-- Up-to-date: /home/derek/work/install/pallet_seg_msg/share/pallet_seg_msg/cmake/export_pallet_seg_msg__rosidl_generator_pyExport-noconfig.cmake
-- Up-to-date: /home/derek/work/install/pallet_seg_msg/share/pallet_seg_msg/cmake/rosidl_cmake-extras.cmake
-- Up-to-date: /home/derek/work/install/pallet_seg_msg/share/pallet_seg_msg/cmake/ament_cmake_export_dependencies-extras.cmake
-- Up-to-date: /home/derek/work/install/pallet_seg_msg/share/pallet_seg_msg/cmake/ament_cmake_export_include_directories-extras.cmake
-- Up-to-date: /home/derek/work/install/pallet_seg_msg/share/pallet_seg_msg/cmake/ament_cmake_export_libraries-extras.cmake
-- Up-to-date: /home/derek/work/install/pallet_seg_msg/share/pallet_seg_msg/cmake/ament_cmake_export_targets-extras.cmake
-- Up-to-date: /home/derek/work/install/pallet_seg_msg/share/pallet_seg_msg/cmake/rosidl_cmake_export_typesupport_targets-extras.cmake
-- Up-to-date: /home/derek/work/install/pallet_seg_msg/share/pallet_seg_msg/cmake/rosidl_cmake_export_typesupport_libraries-extras.cmake
-- Up-to-date: /home/derek/work/install/pallet_seg_msg/share/pallet_seg_msg/cmake/pallet_seg_msgConfig.cmake
-- Up-to-date: /home/derek/work/install/pallet_seg_msg/share/pallet_seg_msg/cmake/pallet_seg_msgConfig-version.cmake
-- Up-to-date: /home/derek/work/install/pallet_seg_msg/share/pallet_seg_msg/package.xml
