[2.176s] Invoking command in '/home/derek/work/build/pallet_seg_msg': CMAKE_PREFIX_PATH=/opt/ros/humble /usr/bin/cmake --build /home/derek/work/build/pallet_seg_msg -- -j16 -l16
[2.218s] [35m[1mConsolidate compiler generated dependencies of target pallet_seg_msg__rosidl_generator_c[0m
[2.229s] [  3%] Built target pallet_seg_msg__cpp
[2.232s] [ 12%] Built target pallet_seg_msg__rosidl_generator_c
[2.239s] [ 12%] Built target ament_cmake_python_copy_pallet_seg_msg
[2.240s] [35m[1mConsolidate compiler generated dependencies of target pallet_seg_msg__rosidl_typesupport_fastrtps_cpp[0m
[2.241s] [35m[1mConsolidate compiler generated dependencies of target pallet_seg_msg__rosidl_typesupport_cpp[0m
[2.244s] [35m[1mConsolidate compiler generated dependencies of target pallet_seg_msg__rosidl_typesupport_c[0m
[2.245s] [35m[1mConsolidate compiler generated dependencies of target pallet_seg_msg__rosidl_typesupport_introspection_cpp[0m
[2.248s] [35m[1mConsolidate compiler generated dependencies of target pallet_seg_msg__rosidl_typesupport_introspection_c[0m
[2.250s] [35m[1mConsolidate compiler generated dependencies of target pallet_seg_msg__rosidl_typesupport_fastrtps_c[0m
[2.264s] [ 48%] Built target pallet_seg_msg__rosidl_typesupport_introspection_cpp
[2.265s] [ 51%] Built target pallet_seg_msg__rosidl_typesupport_introspection_c
[2.265s] [ 48%] Built target pallet_seg_msg__rosidl_typesupport_cpp
[2.265s] [ 61%] Built target pallet_seg_msg__rosidl_typesupport_c
[2.265s] [ 61%] Built target pallet_seg_msg__rosidl_typesupport_fastrtps_cpp
[2.267s] [ 70%] Built target pallet_seg_msg__rosidl_typesupport_fastrtps_c
[2.286s] [ 70%] Built target pallet_seg_msg
[2.306s] [ 74%] Built target pallet_seg_msg__py
[2.315s] [35m[1mConsolidate compiler generated dependencies of target pallet_seg_msg__rosidl_generator_py[0m
[2.328s] [ 80%] Built target pallet_seg_msg__rosidl_generator_py
[2.337s] [35m[1mConsolidate compiler generated dependencies of target pallet_seg_msg__rosidl_typesupport_fastrtps_c__pyext[0m
[2.337s] [35m[1mConsolidate compiler generated dependencies of target pallet_seg_msg__rosidl_typesupport_introspection_c__pyext[0m
[2.339s] [35m[1mConsolidate compiler generated dependencies of target pallet_seg_msg__rosidl_typesupport_c__pyext[0m
[2.348s] [ 93%] Built target pallet_seg_msg__rosidl_typesupport_fastrtps_c__pyext
[2.349s] [ 93%] Built target pallet_seg_msg__rosidl_typesupport_introspection_c__pyext
[2.349s] [100%] Built target pallet_seg_msg__rosidl_typesupport_c__pyext
[2.542s] running egg_info
[2.542s] writing manifest file 'pallet_seg_msg.egg-info/SOURCES.txt'
[2.568s] [100%] Built target ament_cmake_python_build_pallet_seg_msg_egg
[2.825s] Invoked command in '/home/derek/work/build/pallet_seg_msg' returned '0': CMAKE_PREFIX_PATH=/opt/ros/humble /usr/bin/cmake --build /home/derek/work/build/pallet_seg_msg -- -j16 -l16
[3.147s] Invoking command in '/home/derek/work/build/pallet_seg_msg': CMAKE_PREFIX_PATH=/opt/ros/humble /usr/bin/cmake --install /home/derek/work/build/pallet_seg_msg
[3.285s] -- Install configuration: ""
[3.286s] -- Up-to-date: /home/derek/work/install/pallet_seg_msg/share/ament_index/resource_index/rosidl_interfaces/pallet_seg_msg
[3.286s] -- Up-to-date: /home/derek/work/install/pallet_seg_msg/include/pallet_seg_msg/pallet_seg_msg
[3.286s] -- Up-to-date: /home/derek/work/install/pallet_seg_msg/include/pallet_seg_msg/pallet_seg_msg/msg
[3.286s] -- Up-to-date: /home/derek/work/install/pallet_seg_msg/include/pallet_seg_msg/pallet_seg_msg/msg/rosidl_generator_c__visibility_control.h
[3.286s] -- Up-to-date: /home/derek/work/install/pallet_seg_msg/include/pallet_seg_msg/pallet_seg_msg/msg/detail
[3.286s] -- Up-to-date: /home/derek/work/install/pallet_seg_msg/include/pallet_seg_msg/pallet_seg_msg/msg/detail/pallet_mask__functions.h
[3.286s] -- Up-to-date: /home/derek/work/install/pallet_seg_msg/include/pallet_seg_msg/pallet_seg_msg/msg/detail/pallet_mask__functions.c
[3.287s] -- Up-to-date: /home/derek/work/install/pallet_seg_msg/include/pallet_seg_msg/pallet_seg_msg/msg/detail/pallet_mask__struct.h
[3.287s] -- Up-to-date: /home/derek/work/install/pallet_seg_msg/include/pallet_seg_msg/pallet_seg_msg/msg/detail/pallet_mask__type_support.h
[3.287s] -- Up-to-date: /home/derek/work/install/pallet_seg_msg/include/pallet_seg_msg/pallet_seg_msg/msg/pallet_mask.h
[3.287s] -- Up-to-date: /home/derek/work/install/pallet_seg_msg/share/pallet_seg_msg/environment/library_path.sh
[3.287s] -- Up-to-date: /home/derek/work/install/pallet_seg_msg/share/pallet_seg_msg/environment/library_path.dsv
[3.287s] -- Up-to-date: /home/derek/work/install/pallet_seg_msg/lib/libpallet_seg_msg__rosidl_generator_c.so
[3.287s] -- Up-to-date: /home/derek/work/install/pallet_seg_msg/include/pallet_seg_msg/pallet_seg_msg
[3.288s] -- Up-to-date: /home/derek/work/install/pallet_seg_msg/include/pallet_seg_msg/pallet_seg_msg/msg
[3.288s] -- Up-to-date: /home/derek/work/install/pallet_seg_msg/include/pallet_seg_msg/pallet_seg_msg/msg/rosidl_typesupport_fastrtps_c__visibility_control.h
[3.288s] -- Up-to-date: /home/derek/work/install/pallet_seg_msg/include/pallet_seg_msg/pallet_seg_msg/msg/detail
[3.288s] -- Up-to-date: /home/derek/work/install/pallet_seg_msg/include/pallet_seg_msg/pallet_seg_msg/msg/detail/pallet_mask__rosidl_typesupport_fastrtps_c.h
[3.288s] -- Up-to-date: /home/derek/work/install/pallet_seg_msg/lib/libpallet_seg_msg__rosidl_typesupport_fastrtps_c.so
[3.288s] -- Up-to-date: /home/derek/work/install/pallet_seg_msg/include/pallet_seg_msg/pallet_seg_msg
[3.288s] -- Up-to-date: /home/derek/work/install/pallet_seg_msg/include/pallet_seg_msg/pallet_seg_msg/msg
[3.289s] -- Up-to-date: /home/derek/work/install/pallet_seg_msg/include/pallet_seg_msg/pallet_seg_msg/msg/pallet_mask.hpp
[3.289s] -- Up-to-date: /home/derek/work/install/pallet_seg_msg/include/pallet_seg_msg/pallet_seg_msg/msg/detail
[3.289s] -- Up-to-date: /home/derek/work/install/pallet_seg_msg/include/pallet_seg_msg/pallet_seg_msg/msg/detail/pallet_mask__builder.hpp
[3.289s] -- Up-to-date: /home/derek/work/install/pallet_seg_msg/include/pallet_seg_msg/pallet_seg_msg/msg/detail/pallet_mask__struct.hpp
[3.289s] -- Up-to-date: /home/derek/work/install/pallet_seg_msg/include/pallet_seg_msg/pallet_seg_msg/msg/detail/pallet_mask__traits.hpp
[3.289s] -- Up-to-date: /home/derek/work/install/pallet_seg_msg/include/pallet_seg_msg/pallet_seg_msg
[3.289s] -- Up-to-date: /home/derek/work/install/pallet_seg_msg/include/pallet_seg_msg/pallet_seg_msg/msg
[3.289s] -- Up-to-date: /home/derek/work/install/pallet_seg_msg/include/pallet_seg_msg/pallet_seg_msg/msg/rosidl_typesupport_fastrtps_cpp__visibility_control.h
[3.290s] -- Up-to-date: /home/derek/work/install/pallet_seg_msg/include/pallet_seg_msg/pallet_seg_msg/msg/detail
[3.290s] -- Up-to-date: /home/derek/work/install/pallet_seg_msg/include/pallet_seg_msg/pallet_seg_msg/msg/detail/dds_fastrtps
[3.290s] -- Up-to-date: /home/derek/work/install/pallet_seg_msg/include/pallet_seg_msg/pallet_seg_msg/msg/detail/pallet_mask__rosidl_typesupport_fastrtps_cpp.hpp
[3.290s] -- Up-to-date: /home/derek/work/install/pallet_seg_msg/lib/libpallet_seg_msg__rosidl_typesupport_fastrtps_cpp.so
[3.290s] -- Up-to-date: /home/derek/work/install/pallet_seg_msg/include/pallet_seg_msg/pallet_seg_msg
[3.290s] -- Up-to-date: /home/derek/work/install/pallet_seg_msg/include/pallet_seg_msg/pallet_seg_msg/msg
[3.290s] -- Up-to-date: /home/derek/work/install/pallet_seg_msg/include/pallet_seg_msg/pallet_seg_msg/msg/rosidl_typesupport_introspection_c__visibility_control.h
[3.290s] -- Up-to-date: /home/derek/work/install/pallet_seg_msg/include/pallet_seg_msg/pallet_seg_msg/msg/detail
[3.291s] -- Up-to-date: /home/derek/work/install/pallet_seg_msg/include/pallet_seg_msg/pallet_seg_msg/msg/detail/pallet_mask__rosidl_typesupport_introspection_c.h
[3.291s] -- Up-to-date: /home/derek/work/install/pallet_seg_msg/include/pallet_seg_msg/pallet_seg_msg/msg/detail/pallet_mask__type_support.c
[3.291s] -- Up-to-date: /home/derek/work/install/pallet_seg_msg/lib/libpallet_seg_msg__rosidl_typesupport_introspection_c.so
[3.291s] -- Up-to-date: /home/derek/work/install/pallet_seg_msg/lib/libpallet_seg_msg__rosidl_typesupport_c.so
[3.291s] -- Up-to-date: /home/derek/work/install/pallet_seg_msg/include/pallet_seg_msg/pallet_seg_msg
[3.292s] -- Up-to-date: /home/derek/work/install/pallet_seg_msg/include/pallet_seg_msg/pallet_seg_msg/msg
[3.292s] -- Up-to-date: /home/derek/work/install/pallet_seg_msg/include/pallet_seg_msg/pallet_seg_msg/msg/detail
[3.292s] -- Up-to-date: /home/derek/work/install/pallet_seg_msg/include/pallet_seg_msg/pallet_seg_msg/msg/detail/pallet_mask__rosidl_typesupport_introspection_cpp.hpp
[3.292s] -- Up-to-date: /home/derek/work/install/pallet_seg_msg/include/pallet_seg_msg/pallet_seg_msg/msg/detail/pallet_mask__type_support.cpp
[3.292s] -- Up-to-date: /home/derek/work/install/pallet_seg_msg/lib/libpallet_seg_msg__rosidl_typesupport_introspection_cpp.so
[3.292s] -- Up-to-date: /home/derek/work/install/pallet_seg_msg/lib/libpallet_seg_msg__rosidl_typesupport_cpp.so
[3.293s] -- Up-to-date: /home/derek/work/install/pallet_seg_msg/share/pallet_seg_msg/environment/pythonpath.sh
[3.293s] -- Up-to-date: /home/derek/work/install/pallet_seg_msg/share/pallet_seg_msg/environment/pythonpath.dsv
[3.293s] -- Up-to-date: /home/derek/work/install/pallet_seg_msg/local/lib/python3.10/dist-packages/pallet_seg_msg-0.0.0-py3.10.egg-info
[3.293s] -- Installing: /home/derek/work/install/pallet_seg_msg/local/lib/python3.10/dist-packages/pallet_seg_msg-0.0.0-py3.10.egg-info/PKG-INFO
[3.293s] -- Installing: /home/derek/work/install/pallet_seg_msg/local/lib/python3.10/dist-packages/pallet_seg_msg-0.0.0-py3.10.egg-info/top_level.txt
[3.293s] -- Installing: /home/derek/work/install/pallet_seg_msg/local/lib/python3.10/dist-packages/pallet_seg_msg-0.0.0-py3.10.egg-info/SOURCES.txt
[3.294s] -- Installing: /home/derek/work/install/pallet_seg_msg/local/lib/python3.10/dist-packages/pallet_seg_msg-0.0.0-py3.10.egg-info/dependency_links.txt
[3.294s] -- Up-to-date: /home/derek/work/install/pallet_seg_msg/local/lib/python3.10/dist-packages/pallet_seg_msg
[3.294s] -- Up-to-date: /home/derek/work/install/pallet_seg_msg/local/lib/python3.10/dist-packages/pallet_seg_msg/_pallet_seg_msg_s.ep.rosidl_typesupport_c.c
[3.294s] -- Up-to-date: /home/derek/work/install/pallet_seg_msg/local/lib/python3.10/dist-packages/pallet_seg_msg/pallet_seg_msg_s__rosidl_typesupport_fastrtps_c.cpython-310-x86_64-linux-gnu.so
[3.295s] -- Up-to-date: /home/derek/work/install/pallet_seg_msg/local/lib/python3.10/dist-packages/pallet_seg_msg/_pallet_seg_msg_s.ep.rosidl_typesupport_introspection_c.c
[3.295s] -- Up-to-date: /home/derek/work/install/pallet_seg_msg/local/lib/python3.10/dist-packages/pallet_seg_msg/pallet_seg_msg_s__rosidl_typesupport_c.cpython-310-x86_64-linux-gnu.so
[3.295s] -- Up-to-date: /home/derek/work/install/pallet_seg_msg/local/lib/python3.10/dist-packages/pallet_seg_msg/_pallet_seg_msg_s.ep.rosidl_typesupport_fastrtps_c.c
[3.295s] -- Up-to-date: /home/derek/work/install/pallet_seg_msg/local/lib/python3.10/dist-packages/pallet_seg_msg/pallet_seg_msg_s__rosidl_typesupport_introspection_c.cpython-310-x86_64-linux-gnu.so
[3.296s] -- Up-to-date: /home/derek/work/install/pallet_seg_msg/local/lib/python3.10/dist-packages/pallet_seg_msg/__init__.py
[3.296s] -- Up-to-date: /home/derek/work/install/pallet_seg_msg/local/lib/python3.10/dist-packages/pallet_seg_msg/libpallet_seg_msg__rosidl_generator_py.so
[3.296s] -- Up-to-date: /home/derek/work/install/pallet_seg_msg/local/lib/python3.10/dist-packages/pallet_seg_msg/msg
[3.297s] -- Up-to-date: /home/derek/work/install/pallet_seg_msg/local/lib/python3.10/dist-packages/pallet_seg_msg/msg/_pallet_mask_s.c
[3.297s] -- Up-to-date: /home/derek/work/install/pallet_seg_msg/local/lib/python3.10/dist-packages/pallet_seg_msg/msg/_pallet_mask.py
[3.297s] -- Up-to-date: /home/derek/work/install/pallet_seg_msg/local/lib/python3.10/dist-packages/pallet_seg_msg/msg/__init__.py
[3.297s] Listing '/home/derek/work/install/pallet_seg_msg/local/lib/python3.10/dist-packages/pallet_seg_msg'...
[3.297s] Listing '/home/derek/work/install/pallet_seg_msg/local/lib/python3.10/dist-packages/pallet_seg_msg/msg'...
[3.297s] -- Up-to-date: /home/derek/work/install/pallet_seg_msg/local/lib/python3.10/dist-packages/pallet_seg_msg/pallet_seg_msg_s__rosidl_typesupport_fastrtps_c.cpython-310-x86_64-linux-gnu.so
[3.298s] -- Up-to-date: /home/derek/work/install/pallet_seg_msg/local/lib/python3.10/dist-packages/pallet_seg_msg/pallet_seg_msg_s__rosidl_typesupport_introspection_c.cpython-310-x86_64-linux-gnu.so
[3.298s] -- Up-to-date: /home/derek/work/install/pallet_seg_msg/local/lib/python3.10/dist-packages/pallet_seg_msg/pallet_seg_msg_s__rosidl_typesupport_c.cpython-310-x86_64-linux-gnu.so
[3.298s] -- Up-to-date: /home/derek/work/install/pallet_seg_msg/lib/libpallet_seg_msg__rosidl_generator_py.so
[3.298s] -- Up-to-date: /home/derek/work/install/pallet_seg_msg/share/pallet_seg_msg/msg/PalletMask.idl
[3.299s] -- Up-to-date: /home/derek/work/install/pallet_seg_msg/share/pallet_seg_msg/msg/PalletMask.msg
[3.299s] -- Up-to-date: /home/derek/work/install/pallet_seg_msg/share/ament_index/resource_index/package_run_dependencies/pallet_seg_msg
[3.299s] -- Up-to-date: /home/derek/work/install/pallet_seg_msg/share/ament_index/resource_index/parent_prefix_path/pallet_seg_msg
[3.299s] -- Up-to-date: /home/derek/work/install/pallet_seg_msg/share/pallet_seg_msg/environment/ament_prefix_path.sh
[3.299s] -- Up-to-date: /home/derek/work/install/pallet_seg_msg/share/pallet_seg_msg/environment/ament_prefix_path.dsv
[3.299s] -- Up-to-date: /home/derek/work/install/pallet_seg_msg/share/pallet_seg_msg/environment/path.sh
[3.300s] -- Up-to-date: /home/derek/work/install/pallet_seg_msg/share/pallet_seg_msg/environment/path.dsv
[3.300s] -- Up-to-date: /home/derek/work/install/pallet_seg_msg/share/pallet_seg_msg/local_setup.bash
[3.300s] -- Up-to-date: /home/derek/work/install/pallet_seg_msg/share/pallet_seg_msg/local_setup.sh
[3.300s] -- Up-to-date: /home/derek/work/install/pallet_seg_msg/share/pallet_seg_msg/local_setup.zsh
[3.300s] -- Up-to-date: /home/derek/work/install/pallet_seg_msg/share/pallet_seg_msg/local_setup.dsv
[3.301s] -- Installing: /home/derek/work/install/pallet_seg_msg/share/pallet_seg_msg/package.dsv
[3.301s] -- Up-to-date: /home/derek/work/install/pallet_seg_msg/share/ament_index/resource_index/packages/pallet_seg_msg
[3.301s] -- Up-to-date: /home/derek/work/install/pallet_seg_msg/share/pallet_seg_msg/cmake/export_pallet_seg_msg__rosidl_generator_cExport.cmake
[3.301s] -- Up-to-date: /home/derek/work/install/pallet_seg_msg/share/pallet_seg_msg/cmake/export_pallet_seg_msg__rosidl_generator_cExport-noconfig.cmake
[3.301s] -- Up-to-date: /home/derek/work/install/pallet_seg_msg/share/pallet_seg_msg/cmake/export_pallet_seg_msg__rosidl_typesupport_fastrtps_cExport.cmake
[3.302s] -- Up-to-date: /home/derek/work/install/pallet_seg_msg/share/pallet_seg_msg/cmake/export_pallet_seg_msg__rosidl_typesupport_fastrtps_cExport-noconfig.cmake
[3.302s] -- Up-to-date: /home/derek/work/install/pallet_seg_msg/share/pallet_seg_msg/cmake/export_pallet_seg_msg__rosidl_generator_cppExport.cmake
[3.302s] -- Up-to-date: /home/derek/work/install/pallet_seg_msg/share/pallet_seg_msg/cmake/export_pallet_seg_msg__rosidl_typesupport_fastrtps_cppExport.cmake
[3.302s] -- Up-to-date: /home/derek/work/install/pallet_seg_msg/share/pallet_seg_msg/cmake/export_pallet_seg_msg__rosidl_typesupport_fastrtps_cppExport-noconfig.cmake
[3.302s] -- Up-to-date: /home/derek/work/install/pallet_seg_msg/share/pallet_seg_msg/cmake/pallet_seg_msg__rosidl_typesupport_introspection_cExport.cmake
[3.302s] -- Up-to-date: /home/derek/work/install/pallet_seg_msg/share/pallet_seg_msg/cmake/pallet_seg_msg__rosidl_typesupport_introspection_cExport-noconfig.cmake
[3.302s] -- Up-to-date: /home/derek/work/install/pallet_seg_msg/share/pallet_seg_msg/cmake/pallet_seg_msg__rosidl_typesupport_cExport.cmake
[3.302s] -- Up-to-date: /home/derek/work/install/pallet_seg_msg/share/pallet_seg_msg/cmake/pallet_seg_msg__rosidl_typesupport_cExport-noconfig.cmake
[3.302s] -- Up-to-date: /home/derek/work/install/pallet_seg_msg/share/pallet_seg_msg/cmake/pallet_seg_msg__rosidl_typesupport_introspection_cppExport.cmake
[3.302s] -- Up-to-date: /home/derek/work/install/pallet_seg_msg/share/pallet_seg_msg/cmake/pallet_seg_msg__rosidl_typesupport_introspection_cppExport-noconfig.cmake
[3.302s] -- Up-to-date: /home/derek/work/install/pallet_seg_msg/share/pallet_seg_msg/cmake/pallet_seg_msg__rosidl_typesupport_cppExport.cmake
[3.302s] -- Up-to-date: /home/derek/work/install/pallet_seg_msg/share/pallet_seg_msg/cmake/pallet_seg_msg__rosidl_typesupport_cppExport-noconfig.cmake
[3.302s] -- Up-to-date: /home/derek/work/install/pallet_seg_msg/share/pallet_seg_msg/cmake/export_pallet_seg_msg__rosidl_generator_pyExport.cmake
[3.302s] -- Up-to-date: /home/derek/work/install/pallet_seg_msg/share/pallet_seg_msg/cmake/export_pallet_seg_msg__rosidl_generator_pyExport-noconfig.cmake
[3.303s] -- Up-to-date: /home/derek/work/install/pallet_seg_msg/share/pallet_seg_msg/cmake/rosidl_cmake-extras.cmake
[3.303s] -- Up-to-date: /home/derek/work/install/pallet_seg_msg/share/pallet_seg_msg/cmake/ament_cmake_export_dependencies-extras.cmake
[3.303s] -- Up-to-date: /home/derek/work/install/pallet_seg_msg/share/pallet_seg_msg/cmake/ament_cmake_export_include_directories-extras.cmake
[3.303s] -- Up-to-date: /home/derek/work/install/pallet_seg_msg/share/pallet_seg_msg/cmake/ament_cmake_export_libraries-extras.cmake
[3.303s] -- Up-to-date: /home/derek/work/install/pallet_seg_msg/share/pallet_seg_msg/cmake/ament_cmake_export_targets-extras.cmake
[3.303s] -- Up-to-date: /home/derek/work/install/pallet_seg_msg/share/pallet_seg_msg/cmake/rosidl_cmake_export_typesupport_targets-extras.cmake
[3.303s] -- Up-to-date: /home/derek/work/install/pallet_seg_msg/share/pallet_seg_msg/cmake/rosidl_cmake_export_typesupport_libraries-extras.cmake
[3.303s] -- Up-to-date: /home/derek/work/install/pallet_seg_msg/share/pallet_seg_msg/cmake/pallet_seg_msgConfig.cmake
[3.304s] -- Up-to-date: /home/derek/work/install/pallet_seg_msg/share/pallet_seg_msg/cmake/pallet_seg_msgConfig-version.cmake
[3.304s] -- Up-to-date: /home/derek/work/install/pallet_seg_msg/share/pallet_seg_msg/package.xml
[3.517s] Invoked command in '/home/derek/work/build/pallet_seg_msg' returned '0': CMAKE_PREFIX_PATH=/opt/ros/humble /usr/bin/cmake --install /home/derek/work/build/pallet_seg_msg
