[0.103s] Invoking command in '/home/derek/work/build/nav2_theta_star_planner': AMENT_PREFIX_PATH=/home/derek/work/install/nav2_core:/home/derek/work/install/nav2_costmap_2d:/home/derek/work/install/nav2_util:/home/derek/work/install/nav2_voxel_grid:/home/derek/work/install/nav2_msgs:/home/derek/work/install/nav2_common:${AMENT_PREFIX_PATH} CMAKE_PREFIX_PATH=/home/derek/work/install/nav2_core:/home/derek/work/install/nav2_costmap_2d:/home/derek/work/install/nav2_util:/home/derek/work/install/nav2_voxel_grid:/home/derek/work/install/nav2_msgs:/home/derek/work/install/nav2_common:/opt/ros/humble LD_LIBRARY_PATH=/home/derek/work/install/nav2_costmap_2d/lib:/home/derek/work/install/nav2_util/lib:/home/derek/work/install/nav2_voxel_grid/lib:/home/derek/work/install/nav2_msgs/lib:/usr/lib/x86_64-linux-gnu/gazebo-11/plugins:/opt/ros/humble/opt/rviz_ogre_vendor/lib:/opt/ros/humble/lib/x86_64-linux-gnu:/opt/ros/humble/lib:/usr/local/nvidia/lib:/usr/local/nvidia/lib64:/usr/share/gazebo/../../lib/x86_64-linux-gnu/gazebo-11/plugins PYTHONPATH=/home/derek/work/install/nav2_msgs/local/lib/python3.10/dist-packages:/home/derek/work/install/nav2_common/local/lib/python3.10/dist-packages:${PYTHONPATH} /usr/bin/cmake /home/derek/work/src/navigation2/nav2_theta_star_planner -DCMAKE_INSTALL_PREFIX=/home/derek/work/install/nav2_theta_star_planner
[17.472s] -- The C compiler identification is GNU 11.4.0
[17.472s] -- The CXX compiler identification is GNU 11.4.0
[17.472s] -- Detecting C compiler ABI info
[17.472s] -- Detecting C compiler ABI info - done
[17.472s] -- Check for working C compiler: /usr/bin/cc - skipped
[17.472s] -- Detecting C compile features
[17.472s] -- Detecting C compile features - done
[17.473s] -- Detecting CXX compiler ABI info
[17.473s] -- Detecting CXX compiler ABI info - done
[17.473s] -- Check for working CXX compiler: /usr/bin/c++ - skipped
[17.473s] -- Detecting CXX compile features
[17.473s] -- Detecting CXX compile features - done
[17.473s] -- Found ament_cmake: 1.3.7 (/opt/ros/humble/share/ament_cmake/cmake)
[17.473s] -- Found Python3: /usr/bin/python3.10 (found version "3.10.12") found components: Interpreter 
[17.473s] -- Found builtin_interfaces: 1.2.1 (/opt/ros/humble/share/builtin_interfaces/cmake)
[17.473s] -- Found rosidl_generator_c: 3.1.5 (/opt/ros/humble/share/rosidl_generator_c/cmake)
[17.473s] -- Found rosidl_adapter: 3.1.5 (/opt/ros/humble/share/rosidl_adapter/cmake)
[17.473s] -- Found rosidl_generator_cpp: 3.1.5 (/opt/ros/humble/share/rosidl_generator_cpp/cmake)
[17.473s] -- Using all available rosidl_typesupport_c: rosidl_typesupport_fastrtps_c;rosidl_typesupport_introspection_c
[17.473s] -- Using all available rosidl_typesupport_cpp: rosidl_typesupport_fastrtps_cpp;rosidl_typesupport_introspection_cpp
[17.473s] -- Found nav2_common: 1.1.13 (/home/derek/work/install/nav2_common/share/nav2_common/cmake)
[17.473s] -- Found nav2_core: 1.1.13 (/home/derek/work/install/nav2_core/share/nav2_core/cmake)
[17.473s] -- Found rmw_implementation_cmake: 6.1.1 (/opt/ros/humble/share/rmw_implementation_cmake/cmake)
[17.473s] -- Found rmw_fastrtps_cpp: 6.2.6 (/opt/ros/humble/share/rmw_fastrtps_cpp/cmake)
[17.474s] -- Found OpenSSL: /usr/lib/x86_64-linux-gnu/libcrypto.so (found version "3.0.2")  
[17.474s] -- Found FastRTPS: /opt/ros/humble/include  
[17.474s] -- Using RMW implementation 'rmw_fastrtps_cpp' as default
[17.474s] -- Looking for pthread.h
[17.474s] -- Looking for pthread.h - found
[17.474s] -- Performing Test CMAKE_HAVE_LIBC_PTHREAD
[17.474s] -- Performing Test CMAKE_HAVE_LIBC_PTHREAD - Success
[17.474s] -- Found Threads: TRUE  
[17.474s] -- Found Eigen3: TRUE (found version "3.4.0") 
[17.474s] -- Ensuring Eigen3 include directory is part of orocos-kdl CMake target
[17.474s] -- Setting build type to Release as none was specified.
[17.474s] -- Found ament_lint_auto: 0.12.10 (/opt/ros/humble/share/ament_lint_auto/cmake)
[17.474s] -- Found gtest sources under '/opt/ros/humble/src/gtest_vendor': C++ tests using 'Google Test' will be built
[19.392s] -- Added test 'copyright' to check source files copyright and LICENSE
[19.394s] -- Added test 'cppcheck' to perform static code analysis on C / C++ code
[19.394s] -- Configured cppcheck include dirs: /home/derek/work/src/navigation2/nav2_theta_star_planner/include
[19.395s] -- Configured cppcheck exclude dirs and/or files: 
[19.396s] -- Added test 'cpplint' to check C / C++ code against the Google style
[19.396s] -- Configured cpplint exclude dirs and/or files: 
[19.397s] -- Added test 'lint_cmake' to check CMake code style
[19.401s] -- Added test 'uncrustify' to check C / C++ code style
[19.401s] -- Configured uncrustify additional arguments: 
[19.401s] -- Added test 'xmllint' to check XML markup files
[19.405s] -- Configuring done
[19.572s] -- Generating done
[19.575s] -- Build files have been written to: /home/derek/work/build/nav2_theta_star_planner
[19.634s] Invoked command in '/home/derek/work/build/nav2_theta_star_planner' returned '0': AMENT_PREFIX_PATH=/home/derek/work/install/nav2_core:/home/derek/work/install/nav2_costmap_2d:/home/derek/work/install/nav2_util:/home/derek/work/install/nav2_voxel_grid:/home/derek/work/install/nav2_msgs:/home/derek/work/install/nav2_common:${AMENT_PREFIX_PATH} CMAKE_PREFIX_PATH=/home/derek/work/install/nav2_core:/home/derek/work/install/nav2_costmap_2d:/home/derek/work/install/nav2_util:/home/derek/work/install/nav2_voxel_grid:/home/derek/work/install/nav2_msgs:/home/derek/work/install/nav2_common:/opt/ros/humble LD_LIBRARY_PATH=/home/derek/work/install/nav2_costmap_2d/lib:/home/derek/work/install/nav2_util/lib:/home/derek/work/install/nav2_voxel_grid/lib:/home/derek/work/install/nav2_msgs/lib:/usr/lib/x86_64-linux-gnu/gazebo-11/plugins:/opt/ros/humble/opt/rviz_ogre_vendor/lib:/opt/ros/humble/lib/x86_64-linux-gnu:/opt/ros/humble/lib:/usr/local/nvidia/lib:/usr/local/nvidia/lib64:/usr/share/gazebo/../../lib/x86_64-linux-gnu/gazebo-11/plugins PYTHONPATH=/home/derek/work/install/nav2_msgs/local/lib/python3.10/dist-packages:/home/derek/work/install/nav2_common/local/lib/python3.10/dist-packages:${PYTHONPATH} /usr/bin/cmake /home/derek/work/src/navigation2/nav2_theta_star_planner -DCMAKE_INSTALL_PREFIX=/home/derek/work/install/nav2_theta_star_planner
[19.635s] Invoking command in '/home/derek/work/build/nav2_theta_star_planner': AMENT_PREFIX_PATH=/home/derek/work/install/nav2_core:/home/derek/work/install/nav2_costmap_2d:/home/derek/work/install/nav2_util:/home/derek/work/install/nav2_voxel_grid:/home/derek/work/install/nav2_msgs:/home/derek/work/install/nav2_common:${AMENT_PREFIX_PATH} CMAKE_PREFIX_PATH=/home/derek/work/install/nav2_core:/home/derek/work/install/nav2_costmap_2d:/home/derek/work/install/nav2_util:/home/derek/work/install/nav2_voxel_grid:/home/derek/work/install/nav2_msgs:/home/derek/work/install/nav2_common:/opt/ros/humble LD_LIBRARY_PATH=/home/derek/work/install/nav2_costmap_2d/lib:/home/derek/work/install/nav2_util/lib:/home/derek/work/install/nav2_voxel_grid/lib:/home/derek/work/install/nav2_msgs/lib:/usr/lib/x86_64-linux-gnu/gazebo-11/plugins:/opt/ros/humble/opt/rviz_ogre_vendor/lib:/opt/ros/humble/lib/x86_64-linux-gnu:/opt/ros/humble/lib:/usr/local/nvidia/lib:/usr/local/nvidia/lib64:/usr/share/gazebo/../../lib/x86_64-linux-gnu/gazebo-11/plugins PYTHONPATH=/home/derek/work/install/nav2_msgs/local/lib/python3.10/dist-packages:/home/derek/work/install/nav2_common/local/lib/python3.10/dist-packages:${PYTHONPATH} /usr/bin/cmake --build /home/derek/work/build/nav2_theta_star_planner -- -j16 -l16
[32.339s] [ 11%] [32mBuilding CXX object gtest/CMakeFiles/gtest_main.dir/src/gtest_main.cc.o[0m
[32.340s] [ 22%] [32mBuilding CXX object CMakeFiles/nav2_theta_star_planner.dir/src/theta_star.cpp.o[0m
[32.340s] [ 33%] [32mBuilding CXX object CMakeFiles/nav2_theta_star_planner.dir/src/theta_star_planner.cpp.o[0m
[32.340s] [ 44%] [32mBuilding CXX object gtest/CMakeFiles/gtest.dir/src/gtest-all.cc.o[0m
[32.340s] [ 55%] [32m[1mLinking CXX static library libgtest_main.a[0m
[32.340s] [ 55%] Built target gtest_main
[32.340s] [ 66%] [32m[1mLinking CXX shared library libnav2_theta_star_planner.so[0m
[32.668s] [ 66%] Built target nav2_theta_star_planner
[34.547s] [ 77%] [32m[1mLinking CXX static library libgtest.a[0m
[34.705s] [ 77%] Built target gtest
[34.805s] [ 88%] [32mBuilding CXX object CMakeFiles/test_theta_star.dir/test/test_theta_star.cpp.o[0m
[43.147s] [100%] [32m[1mLinking CXX executable test_theta_star[0m
[43.671s] [100%] Built target test_theta_star
[43.682s] Invoked command in '/home/derek/work/build/nav2_theta_star_planner' returned '0': AMENT_PREFIX_PATH=/home/derek/work/install/nav2_core:/home/derek/work/install/nav2_costmap_2d:/home/derek/work/install/nav2_util:/home/derek/work/install/nav2_voxel_grid:/home/derek/work/install/nav2_msgs:/home/derek/work/install/nav2_common:${AMENT_PREFIX_PATH} CMAKE_PREFIX_PATH=/home/derek/work/install/nav2_core:/home/derek/work/install/nav2_costmap_2d:/home/derek/work/install/nav2_util:/home/derek/work/install/nav2_voxel_grid:/home/derek/work/install/nav2_msgs:/home/derek/work/install/nav2_common:/opt/ros/humble LD_LIBRARY_PATH=/home/derek/work/install/nav2_costmap_2d/lib:/home/derek/work/install/nav2_util/lib:/home/derek/work/install/nav2_voxel_grid/lib:/home/derek/work/install/nav2_msgs/lib:/usr/lib/x86_64-linux-gnu/gazebo-11/plugins:/opt/ros/humble/opt/rviz_ogre_vendor/lib:/opt/ros/humble/lib/x86_64-linux-gnu:/opt/ros/humble/lib:/usr/local/nvidia/lib:/usr/local/nvidia/lib64:/usr/share/gazebo/../../lib/x86_64-linux-gnu/gazebo-11/plugins PYTHONPATH=/home/derek/work/install/nav2_msgs/local/lib/python3.10/dist-packages:/home/derek/work/install/nav2_common/local/lib/python3.10/dist-packages:${PYTHONPATH} /usr/bin/cmake --build /home/derek/work/build/nav2_theta_star_planner -- -j16 -l16
[43.715s] Invoking command in '/home/derek/work/build/nav2_theta_star_planner': AMENT_PREFIX_PATH=/home/derek/work/install/nav2_core:/home/derek/work/install/nav2_costmap_2d:/home/derek/work/install/nav2_util:/home/derek/work/install/nav2_voxel_grid:/home/derek/work/install/nav2_msgs:/home/derek/work/install/nav2_common:${AMENT_PREFIX_PATH} CMAKE_PREFIX_PATH=/home/derek/work/install/nav2_core:/home/derek/work/install/nav2_costmap_2d:/home/derek/work/install/nav2_util:/home/derek/work/install/nav2_voxel_grid:/home/derek/work/install/nav2_msgs:/home/derek/work/install/nav2_common:/opt/ros/humble LD_LIBRARY_PATH=/home/derek/work/install/nav2_costmap_2d/lib:/home/derek/work/install/nav2_util/lib:/home/derek/work/install/nav2_voxel_grid/lib:/home/derek/work/install/nav2_msgs/lib:/usr/lib/x86_64-linux-gnu/gazebo-11/plugins:/opt/ros/humble/opt/rviz_ogre_vendor/lib:/opt/ros/humble/lib/x86_64-linux-gnu:/opt/ros/humble/lib:/usr/local/nvidia/lib:/usr/local/nvidia/lib64:/usr/share/gazebo/../../lib/x86_64-linux-gnu/gazebo-11/plugins PYTHONPATH=/home/derek/work/install/nav2_msgs/local/lib/python3.10/dist-packages:/home/derek/work/install/nav2_common/local/lib/python3.10/dist-packages:${PYTHONPATH} /usr/bin/cmake --install /home/derek/work/build/nav2_theta_star_planner
[51.068s] -- Install configuration: "Release"
[51.068s] -- Installing: /home/derek/work/install/nav2_theta_star_planner/share/nav2_theta_star_planner/theta_star_planner.xml
[51.068s] -- Installing: /home/derek/work/install/nav2_theta_star_planner/lib/libnav2_theta_star_planner.so
[51.071s] -- Set runtime path of "/home/derek/work/install/nav2_theta_star_planner/lib/libnav2_theta_star_planner.so" to ""
[51.071s] -- Installing: /home/derek/work/install/nav2_theta_star_planner/include/
[51.072s] -- Installing: /home/derek/work/install/nav2_theta_star_planner/include//nav2_theta_star_planner
[51.072s] -- Installing: /home/derek/work/install/nav2_theta_star_planner/include//nav2_theta_star_planner/theta_star.hpp
[51.072s] -- Installing: /home/derek/work/install/nav2_theta_star_planner/include//nav2_theta_star_planner/theta_star_planner.hpp
[51.072s] -- Up-to-date: /home/derek/work/install/nav2_theta_star_planner/share/nav2_theta_star_planner/theta_star_planner.xml
[51.072s] -- Installing: /home/derek/work/install/nav2_theta_star_planner/share/nav2_theta_star_planner/environment/library_path.sh
[51.072s] -- Installing: /home/derek/work/install/nav2_theta_star_planner/share/nav2_theta_star_planner/environment/library_path.dsv
[51.072s] -- Installing: /home/derek/work/install/nav2_theta_star_planner/share/ament_index/resource_index/package_run_dependencies/nav2_theta_star_planner
[51.072s] -- Installing: /home/derek/work/install/nav2_theta_star_planner/share/ament_index/resource_index/parent_prefix_path/nav2_theta_star_planner
[51.072s] -- Installing: /home/derek/work/install/nav2_theta_star_planner/share/nav2_theta_star_planner/environment/ament_prefix_path.sh
[51.072s] -- Installing: /home/derek/work/install/nav2_theta_star_planner/share/nav2_theta_star_planner/environment/ament_prefix_path.dsv
[51.072s] -- Installing: /home/derek/work/install/nav2_theta_star_planner/share/nav2_theta_star_planner/environment/path.sh
[51.072s] -- Installing: /home/derek/work/install/nav2_theta_star_planner/share/nav2_theta_star_planner/environment/path.dsv
[51.072s] -- Installing: /home/derek/work/install/nav2_theta_star_planner/share/nav2_theta_star_planner/local_setup.bash
[51.072s] -- Installing: /home/derek/work/install/nav2_theta_star_planner/share/nav2_theta_star_planner/local_setup.sh
[51.072s] -- Installing: /home/derek/work/install/nav2_theta_star_planner/share/nav2_theta_star_planner/local_setup.zsh
[51.072s] -- Installing: /home/derek/work/install/nav2_theta_star_planner/share/nav2_theta_star_planner/local_setup.dsv
[51.073s] -- Installing: /home/derek/work/install/nav2_theta_star_planner/share/nav2_theta_star_planner/package.dsv
[51.073s] -- Installing: /home/derek/work/install/nav2_theta_star_planner/share/ament_index/resource_index/packages/nav2_theta_star_planner
[51.073s] -- Installing: /home/derek/work/install/nav2_theta_star_planner/share/ament_index/resource_index/nav2_core__pluginlib__plugin/nav2_theta_star_planner
[51.073s] -- Installing: /home/derek/work/install/nav2_theta_star_planner/share/nav2_theta_star_planner/cmake/ament_cmake_export_include_directories-extras.cmake
[51.073s] -- Installing: /home/derek/work/install/nav2_theta_star_planner/share/nav2_theta_star_planner/cmake/ament_cmake_export_libraries-extras.cmake
[51.073s] -- Installing: /home/derek/work/install/nav2_theta_star_planner/share/nav2_theta_star_planner/cmake/ament_cmake_export_dependencies-extras.cmake
[51.073s] -- Installing: /home/derek/work/install/nav2_theta_star_planner/share/nav2_theta_star_planner/cmake/nav2_theta_star_plannerConfig.cmake
[51.073s] -- Installing: /home/derek/work/install/nav2_theta_star_planner/share/nav2_theta_star_planner/cmake/nav2_theta_star_plannerConfig-version.cmake
[51.073s] -- Installing: /home/derek/work/install/nav2_theta_star_planner/share/nav2_theta_star_planner/package.xml
[51.235s] Invoked command in '/home/derek/work/build/nav2_theta_star_planner' returned '0': AMENT_PREFIX_PATH=/home/derek/work/install/nav2_core:/home/derek/work/install/nav2_costmap_2d:/home/derek/work/install/nav2_util:/home/derek/work/install/nav2_voxel_grid:/home/derek/work/install/nav2_msgs:/home/derek/work/install/nav2_common:${AMENT_PREFIX_PATH} CMAKE_PREFIX_PATH=/home/derek/work/install/nav2_core:/home/derek/work/install/nav2_costmap_2d:/home/derek/work/install/nav2_util:/home/derek/work/install/nav2_voxel_grid:/home/derek/work/install/nav2_msgs:/home/derek/work/install/nav2_common:/opt/ros/humble LD_LIBRARY_PATH=/home/derek/work/install/nav2_costmap_2d/lib:/home/derek/work/install/nav2_util/lib:/home/derek/work/install/nav2_voxel_grid/lib:/home/derek/work/install/nav2_msgs/lib:/usr/lib/x86_64-linux-gnu/gazebo-11/plugins:/opt/ros/humble/opt/rviz_ogre_vendor/lib:/opt/ros/humble/lib/x86_64-linux-gnu:/opt/ros/humble/lib:/usr/local/nvidia/lib:/usr/local/nvidia/lib64:/usr/share/gazebo/../../lib/x86_64-linux-gnu/gazebo-11/plugins PYTHONPATH=/home/derek/work/install/nav2_msgs/local/lib/python3.10/dist-packages:/home/derek/work/install/nav2_common/local/lib/python3.10/dist-packages:${PYTHONPATH} /usr/bin/cmake --install /home/derek/work/build/nav2_theta_star_planner
