[0.269s] Invoking command in '/home/derek/work/build/turtlebot3_cartographer': CMAKE_PREFIX_PATH=/opt/ros/humble /usr/bin/cmake /home/derek/work/src/turtlebot3/turtlebot3_cartographer -DCMAKE_INSTALL_PREFIX=/home/derek/work/install/turtlebot3_cartographer
[2.583s] -- The C compiler identification is GNU 11.4.0
[2.583s] -- The CXX compiler identification is GNU 11.4.0
[2.583s] -- Detecting C compiler ABI info
[2.583s] -- Detecting C compiler ABI info - done
[2.583s] -- Check for working C compiler: /usr/bin/cc - skipped
[2.583s] -- Detecting C compile features
[2.584s] -- Detecting C compile features - done
[2.584s] -- Detecting CXX compiler ABI info
[2.584s] -- Detecting CXX compiler ABI info - done
[2.584s] -- Check for working CXX compiler: /usr/bin/c++ - skipped
[2.584s] -- Detecting CXX compile features
[2.584s] -- Detecting CXX compile features - done
[2.584s] -- Found ament_cmake: 1.3.7 (/opt/ros/humble/share/ament_cmake/cmake)
[2.584s] -- Found Python3: /usr/bin/python3.10 (found version "3.10.12") found components: Interpreter 
[2.584s] -- Configuring done
[2.584s] -- Generating done
[2.584s] -- Build files have been written to: /home/derek/work/build/turtlebot3_cartographer
[2.589s] Invoked command in '/home/derek/work/build/turtlebot3_cartographer' returned '0': CMAKE_PREFIX_PATH=/opt/ros/humble /usr/bin/cmake /home/derek/work/src/turtlebot3/turtlebot3_cartographer -DCMAKE_INSTALL_PREFIX=/home/derek/work/install/turtlebot3_cartographer
[2.589s] Invoking command in '/home/derek/work/build/turtlebot3_cartographer': CMAKE_PREFIX_PATH=/opt/ros/humble /usr/bin/cmake --build /home/derek/work/build/turtlebot3_cartographer -- -j16 -l16
[2.601s] Invoked command in '/home/derek/work/build/turtlebot3_cartographer' returned '0': CMAKE_PREFIX_PATH=/opt/ros/humble /usr/bin/cmake --build /home/derek/work/build/turtlebot3_cartographer -- -j16 -l16
[2.647s] Invoking command in '/home/derek/work/build/turtlebot3_cartographer': CMAKE_PREFIX_PATH=/opt/ros/humble /usr/bin/cmake --install /home/derek/work/build/turtlebot3_cartographer
[2.655s] -- Install configuration: ""
[2.655s] -- Installing: /home/derek/work/install/turtlebot3_cartographer/share/turtlebot3_cartographer/config
[2.655s] -- Installing: /home/derek/work/install/turtlebot3_cartographer/share/turtlebot3_cartographer/config/turtlebot3_lds_2d.lua
[2.655s] -- Installing: /home/derek/work/install/turtlebot3_cartographer/share/turtlebot3_cartographer/launch
[2.656s] -- Installing: /home/derek/work/install/turtlebot3_cartographer/share/turtlebot3_cartographer/launch/occupancy_grid.launch.py
[2.656s] -- Installing: /home/derek/work/install/turtlebot3_cartographer/share/turtlebot3_cartographer/launch/cartographer.launch.py
[2.656s] -- Installing: /home/derek/work/install/turtlebot3_cartographer/share/turtlebot3_cartographer/rviz
[2.656s] -- Installing: /home/derek/work/install/turtlebot3_cartographer/share/turtlebot3_cartographer/rviz/tb3_cartographer.rviz
[2.656s] -- Installing: /home/derek/work/install/turtlebot3_cartographer/share/ament_index/resource_index/package_run_dependencies/turtlebot3_cartographer
[2.656s] -- Installing: /home/derek/work/install/turtlebot3_cartographer/share/ament_index/resource_index/parent_prefix_path/turtlebot3_cartographer
[2.656s] -- Installing: /home/derek/work/install/turtlebot3_cartographer/share/turtlebot3_cartographer/environment/ament_prefix_path.sh
[2.656s] -- Installing: /home/derek/work/install/turtlebot3_cartographer/share/turtlebot3_cartographer/environment/ament_prefix_path.dsv
[2.657s] -- Installing: /home/derek/work/install/turtlebot3_cartographer/share/turtlebot3_cartographer/environment/path.sh
[2.657s] -- Installing: /home/derek/work/install/turtlebot3_cartographer/share/turtlebot3_cartographer/environment/path.dsv
[2.657s] -- Installing: /home/derek/work/install/turtlebot3_cartographer/share/turtlebot3_cartographer/local_setup.bash
[2.657s] -- Installing: /home/derek/work/install/turtlebot3_cartographer/share/turtlebot3_cartographer/local_setup.sh
[2.657s] -- Installing: /home/derek/work/install/turtlebot3_cartographer/share/turtlebot3_cartographer/local_setup.zsh
[2.657s] -- Installing: /home/derek/work/install/turtlebot3_cartographer/share/turtlebot3_cartographer/local_setup.dsv
[2.657s] -- Installing: /home/derek/work/install/turtlebot3_cartographer/share/turtlebot3_cartographer/package.dsv
[2.658s] -- Installing: /home/derek/work/install/turtlebot3_cartographer/share/ament_index/resource_index/packages/turtlebot3_cartographer
[2.658s] -- Installing: /home/derek/work/install/turtlebot3_cartographer/share/turtlebot3_cartographer/cmake/turtlebot3_cartographerConfig.cmake
[2.658s] -- Installing: /home/derek/work/install/turtlebot3_cartographer/share/turtlebot3_cartographer/cmake/turtlebot3_cartographerConfig-version.cmake
[2.658s] -- Installing: /home/derek/work/install/turtlebot3_cartographer/share/turtlebot3_cartographer/package.xml
[2.660s] Invoked command in '/home/derek/work/build/turtlebot3_cartographer' returned '0': CMAKE_PREFIX_PATH=/opt/ros/humble /usr/bin/cmake --install /home/derek/work/build/turtlebot3_cartographer
