[0.169s] Invoking command in '/home/derek/work/build/nav2_behavior_tree': AMENT_PREFIX_PATH=/home/derek/work/install/nav2_util:/home/derek/work/install/nav2_msgs:/home/derek/work/install/nav2_common:${AMENT_PREFIX_PATH} CMAKE_PREFIX_PATH=/home/derek/work/install/nav2_util:/home/derek/work/install/nav2_msgs:/home/derek/work/install/nav2_common:/opt/ros/humble LD_LIBRARY_PATH=/home/derek/work/install/nav2_util/lib:/home/derek/work/install/nav2_msgs/lib:/usr/lib/x86_64-linux-gnu/gazebo-11/plugins:/opt/ros/humble/opt/rviz_ogre_vendor/lib:/opt/ros/humble/lib/x86_64-linux-gnu:/opt/ros/humble/lib:/usr/local/nvidia/lib:/usr/local/nvidia/lib64:/usr/share/gazebo/../../lib/x86_64-linux-gnu/gazebo-11/plugins PYTHONPATH=/home/derek/work/install/nav2_msgs/local/lib/python3.10/dist-packages:/home/derek/work/install/nav2_common/local/lib/python3.10/dist-packages:${PYTHONPATH} /usr/bin/cmake --build /home/derek/work/build/nav2_behavior_tree -- -j16 -l16
[0.224s] [35m[1mConsolidate compiler generated dependencies of target nav2_compute_path_through_poses_action_bt_node[0m
[0.225s] [35m[1mConsolidate compiler generated dependencies of target nav2_controller_cancel_bt_node[0m
[0.225s] [35m[1mConsolidate compiler generated dependencies of target nav2_compute_path_to_pose_action_bt_node[0m
[0.231s] [35m[1mConsolidate compiler generated dependencies of target nav2_wait_cancel_bt_node[0m
[0.231s] [35m[1mConsolidate compiler generated dependencies of target nav2_behavior_tree[0m
[0.234s] [35m[1mConsolidate compiler generated dependencies of target nav2_spin_cancel_bt_node[0m
[0.234s] [35m[1mConsolidate compiler generated dependencies of target nav2_assisted_teleop_cancel_bt_node[0m
[0.241s] [35m[1mConsolidate compiler generated dependencies of target nav2_drive_on_heading_cancel_bt_node[0m
[0.241s] [35m[1mConsolidate compiler generated dependencies of target nav2_back_up_cancel_bt_node[0m
[0.249s] [35m[1mConsolidate compiler generated dependencies of target nav2_smooth_path_action_bt_node[0m
[0.261s] [  1%] Built target nav2_compute_path_through_poses_action_bt_node
[0.265s] [  2%] Built target nav2_compute_path_to_pose_action_bt_node
[0.268s] [  3%] Built target nav2_controller_cancel_bt_node
[0.274s] [  4%] Built target nav2_behavior_tree
[0.276s] [  5%] Built target nav2_wait_cancel_bt_node
[0.277s] [  6%] Built target nav2_spin_cancel_bt_node
[0.282s] [  7%] Built target nav2_back_up_cancel_bt_node
[0.284s] [  8%] Built target nav2_assisted_teleop_cancel_bt_node
[0.286s] [  9%] Built target nav2_drive_on_heading_cancel_bt_node
[0.286s] [ 10%] Built target nav2_smooth_path_action_bt_node
[0.292s] [35m[1mConsolidate compiler generated dependencies of target nav2_follow_path_action_bt_node[0m
[0.295s] [35m[1mConsolidate compiler generated dependencies of target nav2_back_up_action_bt_node[0m
[0.296s] [35m[1mConsolidate compiler generated dependencies of target nav2_drive_on_heading_bt_node[0m
[0.298s] [35m[1mConsolidate compiler generated dependencies of target nav2_wait_action_bt_node[0m
[0.298s] [35m[1mConsolidate compiler generated dependencies of target nav2_clear_costmap_service_bt_node[0m
[0.301s] [35m[1mConsolidate compiler generated dependencies of target nav2_spin_action_bt_node[0m
[0.301s] [35m[1mConsolidate compiler generated dependencies of target nav2_is_stuck_condition_bt_node[0m
[0.304s] [35m[1mConsolidate compiler generated dependencies of target nav2_transform_available_condition_bt_node[0m
[0.305s] [35m[1mConsolidate compiler generated dependencies of target nav2_assisted_teleop_action_bt_node[0m
[0.306s] [35m[1mConsolidate compiler generated dependencies of target nav2_goal_reached_condition_bt_node[0m
[0.310s] [35m[1mConsolidate compiler generated dependencies of target nav2_goal_updated_condition_bt_node[0m
[0.310s] [35m[1mConsolidate compiler generated dependencies of target nav2_globally_updated_goal_condition_bt_node[0m
[0.320s] [35m[1mConsolidate compiler generated dependencies of target nav2_is_path_valid_condition_bt_node[0m
[0.337s] [ 11%] Built target nav2_follow_path_action_bt_node
[0.338s] [ 12%] Built target nav2_back_up_action_bt_node
[0.340s] [ 13%] Built target nav2_drive_on_heading_bt_node
[0.344s] [ 14%] Built target nav2_clear_costmap_service_bt_node
[0.344s] [ 15%] Built target nav2_spin_action_bt_node
[0.344s] [ 16%] Built target nav2_wait_action_bt_node
[0.348s] [ 18%] Built target nav2_transform_available_condition_bt_node
[0.348s] [ 18%] Built target nav2_is_stuck_condition_bt_node
[0.348s] [ 19%] Built target nav2_assisted_teleop_action_bt_node
[0.348s] [ 21%] Built target nav2_globally_updated_goal_condition_bt_node
[0.348s] [ 21%] Built target nav2_goal_reached_condition_bt_node
[0.352s] [ 22%] Built target nav2_goal_updated_condition_bt_node
[0.353s] [ 23%] Built target nav2_is_path_valid_condition_bt_node
[0.355s] [35m[1mConsolidate compiler generated dependencies of target nav2_time_expired_condition_bt_node[0m
[0.356s] [35m[1mConsolidate compiler generated dependencies of target nav2_path_expiring_timer_condition[0m
[0.360s] [35m[1mConsolidate compiler generated dependencies of target nav2_distance_traveled_condition_bt_node[0m
[0.362s] [35m[1mConsolidate compiler generated dependencies of target nav2_initial_pose_received_condition_bt_node[0m
[0.364s] [35m[1mConsolidate compiler generated dependencies of target nav2_rate_controller_bt_node[0m
[0.364s] [35m[1mConsolidate compiler generated dependencies of target nav2_is_battery_charging_condition_bt_node[0m
[0.366s] [35m[1mConsolidate compiler generated dependencies of target nav2_is_battery_low_condition_bt_node[0m
[0.366s] [35m[1mConsolidate compiler generated dependencies of target nav2_reinitialize_global_localization_service_bt_node[0m
[0.366s] [35m[1mConsolidate compiler generated dependencies of target nav2_distance_controller_bt_node[0m
[0.367s] [35m[1mConsolidate compiler generated dependencies of target nav2_speed_controller_bt_node[0m
[0.372s] [35m[1mConsolidate compiler generated dependencies of target nav2_truncate_path_action_bt_node[0m
[0.372s] [35m[1mConsolidate compiler generated dependencies of target nav2_truncate_path_local_action_bt_node[0m
[0.379s] [35m[1mConsolidate compiler generated dependencies of target nav2_goal_updater_node_bt_node[0m
[0.386s] [ 25%] Built target nav2_path_expiring_timer_condition
[0.386s] [ 25%] Built target nav2_time_expired_condition_bt_node
[0.395s] [ 26%] Built target nav2_initial_pose_received_condition_bt_node
[0.396s] [ 28%] Built target nav2_distance_traveled_condition_bt_node
[0.396s] [ 28%] Built target nav2_is_battery_low_condition_bt_node
[0.396s] [ 29%] Built target nav2_is_battery_charging_condition_bt_node
[0.396s] [ 30%] Built target nav2_reinitialize_global_localization_service_bt_node
[0.396s] [ 31%] Built target nav2_rate_controller_bt_node
[0.397s] [35m[1mConsolidate compiler generated dependencies of target nav2_path_longer_on_approach_bt_node[0m
[0.397s] [ 33%] Built target nav2_speed_controller_bt_node
[0.397s] [ 33%] Built target nav2_truncate_path_action_bt_node
[0.397s] [35m[1mConsolidate compiler generated dependencies of target nav2_recovery_node_bt_node[0m
[0.397s] [ 34%] Built target nav2_truncate_path_local_action_bt_node
[0.403s] [35m[1mConsolidate compiler generated dependencies of target nav2_pipeline_sequence_bt_node[0m
[0.404s] [35m[1mConsolidate compiler generated dependencies of target nav2_navigate_to_pose_action_bt_node[0m
[0.404s] [35m[1mConsolidate compiler generated dependencies of target nav2_navigate_through_poses_action_bt_node[0m
[0.404s] [35m[1mConsolidate compiler generated dependencies of target nav2_round_robin_node_bt_node[0m
[0.404s] [35m[1mConsolidate compiler generated dependencies of target nav2_single_trigger_bt_node[0m
[0.404s] [35m[1mConsolidate compiler generated dependencies of target nav2_remove_passed_goals_action_bt_node[0m
[0.404s] [ 35%] Built target nav2_distance_controller_bt_node
[0.405s] [35m[1mConsolidate compiler generated dependencies of target nav2_planner_selector_bt_node[0m
[0.405s] [35m[1mConsolidate compiler generated dependencies of target nav2_controller_selector_bt_node[0m
[0.407s] [35m[1mConsolidate compiler generated dependencies of target nav2_smoother_selector_bt_node[0m
[0.407s] [35m[1mConsolidate compiler generated dependencies of target nav2_goal_checker_selector_bt_node[0m
[0.410s] [ 36%] Built target nav2_goal_updater_node_bt_node
[0.411s] [35m[1mConsolidate compiler generated dependencies of target nav2_goal_updated_controller_bt_node[0m
[0.414s] [35m[1mConsolidate compiler generated dependencies of target gtest_main[0m
[0.415s] [ 37%] Built target nav2_recovery_node_bt_node
[0.417s] [ 38%] Built target nav2_single_trigger_bt_node
[0.419s] [ 39%] Built target nav2_path_longer_on_approach_bt_node
[0.419s] [ 40%] Built target nav2_pipeline_sequence_bt_node
[0.419s] [ 41%] Built target nav2_round_robin_node_bt_node
[0.425s] [ 43%] Built target nav2_navigate_to_pose_action_bt_node
[0.426s] [ 43%] Built target nav2_navigate_through_poses_action_bt_node
[0.426s] [ 44%] Built target nav2_planner_selector_bt_node
[0.426s] [35m[1mConsolidate compiler generated dependencies of target gtest[0m
[0.426s] [ 45%] Built target nav2_controller_selector_bt_node
[0.427s] [ 47%] Built target nav2_smoother_selector_bt_node
[0.427s] [ 47%] Built target nav2_goal_checker_selector_bt_node
[0.427s] [ 48%] Built target nav2_remove_passed_goals_action_bt_node
[0.428s] [ 49%] Built target gtest_main
[0.429s] [ 50%] Built target nav2_goal_updated_controller_bt_node
[0.436s] [ 50%] Built target gtest
[0.448s] [35m[1mConsolidate compiler generated dependencies of target test_bt_conversions[0m
[0.449s] [35m[1mConsolidate compiler generated dependencies of target test_condition_globally_updated_goal[0m
[0.449s] [35m[1mConsolidate compiler generated dependencies of target test_condition_path_expiring_timer[0m
[0.451s] [35m[1mConsolidate compiler generated dependencies of target test_condition_goal_reached[0m
[0.451s] [35m[1mConsolidate compiler generated dependencies of target test_condition_is_stuck[0m
[0.452s] [35m[1mConsolidate compiler generated dependencies of target test_condition_is_path_valid[0m
[0.452s] [35m[1mConsolidate compiler generated dependencies of target test_condition_is_battery_low[0m
[0.452s] [35m[1mConsolidate compiler generated dependencies of target test_condition_goal_updated[0m
[0.453s] [35m[1mConsolidate compiler generated dependencies of target test_condition_transform_available[0m
[0.453s] [35m[1mConsolidate compiler generated dependencies of target test_condition_initial_pose_received[0m
[0.454s] [35m[1mConsolidate compiler generated dependencies of target test_condition_is_battery_charging[0m
[0.457s] [35m[1mConsolidate compiler generated dependencies of target test_condition_time_expired[0m
[0.457s] [35m[1mConsolidate compiler generated dependencies of target test_condition_distance_traveled[0m
[0.458s] [35m[1mConsolidate compiler generated dependencies of target test_decorator_distance_controller[0m
[0.465s] [35m[1mConsolidate compiler generated dependencies of target test_decorator_rate_controller[0m
[0.465s] [ 51%] Built target test_bt_conversions
[0.469s] [35m[1mConsolidate compiler generated dependencies of target test_decorator_speed_controller[0m
[0.478s] [ 52%] Built target test_condition_globally_updated_goal
[0.478s] [ 54%] Built target test_condition_is_stuck
[0.478s] [ 54%] Built target test_condition_is_battery_low
[0.478s] [ 55%] Built target test_condition_initial_pose_received
[0.479s] [ 57%] Built target test_condition_transform_available
[0.479s] [ 57%] Built target test_condition_path_expiring_timer
[0.480s] [ 59%] Built target test_condition_goal_reached
[0.480s] [ 59%] Built target test_condition_goal_updated
[0.483s] [ 60%] Built target test_condition_is_battery_charging
[0.483s] [ 61%] Built target test_condition_is_path_valid
[0.483s] [ 62%] Built target test_condition_time_expired
[0.487s] [ 63%] Built target test_condition_distance_traveled
[0.487s] [35m[1mConsolidate compiler generated dependencies of target test_goal_updater_node[0m
[0.488s] [ 64%] Built target test_decorator_distance_controller
[0.489s] [ 65%] Built target test_decorator_rate_controller
[0.489s] [35m[1mConsolidate compiler generated dependencies of target test_goal_updated_controller[0m
[0.493s] [35m[1mConsolidate compiler generated dependencies of target test_single_trigger_node[0m
[0.494s] [35m[1mConsolidate compiler generated dependencies of target test_control_pipeline_sequence[0m
[0.494s] [35m[1mConsolidate compiler generated dependencies of target test_decorator_path_longer_on_approach[0m
[0.494s] [35m[1mConsolidate compiler generated dependencies of target test_control_recovery_node[0m
[0.494s] [ 66%] Built target test_decorator_speed_controller
[0.507s] [35m[1mConsolidate compiler generated dependencies of target test_control_round_robin_node[0m
[0.510s] [35m[1mConsolidate compiler generated dependencies of target test_action_spin_action[0m
[0.510s] [35m[1mConsolidate compiler generated dependencies of target test_bt_action_node[0m
[0.510s] [35m[1mConsolidate compiler generated dependencies of target test_action_back_up_action[0m
[0.510s] [35m[1mConsolidate compiler generated dependencies of target test_action_drive_on_heading[0m
[0.510s] [35m[1mConsolidate compiler generated dependencies of target test_action_assisted_teleop_action[0m
[0.510s] [35m[1mConsolidate compiler generated dependencies of target test_action_controller_cancel_action[0m
[0.510s] [35m[1mConsolidate compiler generated dependencies of target test_action_wait_action[0m
[0.510s] [35m[1mConsolidate compiler generated dependencies of target test_action_wait_cancel_action[0m
[0.510s] [35m[1mConsolidate compiler generated dependencies of target test_action_spin_cancel_action[0m
[0.524s] [ 67%] Built target test_decorator_path_longer_on_approach
[0.524s] [ 68%] Built target test_goal_updated_controller
[0.524s] [ 70%] Built target test_single_trigger_node
[0.524s] [ 70%] Built target test_control_pipeline_sequence
[0.524s] [ 71%] Built target test_goal_updater_node
[0.524s] [ 72%] Built target test_action_spin_action
[0.524s] [ 73%] Built target test_bt_action_node
[0.524s] [ 74%] Built target test_control_recovery_node
[0.524s] [ 75%] Built target test_control_round_robin_node
[0.533s] [ 78%] Built target test_action_assisted_teleop_action
[0.533s] [ 78%] Built target test_action_back_up_action
[0.533s] [ 78%] Built target test_action_drive_on_heading
[0.533s] [ 79%] Built target test_action_wait_action
[0.534s] [35m[1mConsolidate compiler generated dependencies of target test_action_back_up_cancel_action[0m
[0.535s] [35m[1mConsolidate compiler generated dependencies of target test_action_assisted_teleop_cancel_action[0m
[0.535s] [35m[1mConsolidate compiler generated dependencies of target test_action_clear_costmap_service[0m
[0.535s] [35m[1mConsolidate compiler generated dependencies of target test_action_drive_on_heading_cancel_action[0m
[0.536s] [35m[1mConsolidate compiler generated dependencies of target test_action_compute_path_to_pose_action[0m
[0.536s] [35m[1mConsolidate compiler generated dependencies of target test_action_reinitialize_global_localization_service[0m
[0.537s] [ 80%] Built target test_action_controller_cancel_action
[0.538s] [ 81%] Built target test_action_wait_cancel_action
[0.538s] [ 82%] Built target test_action_spin_cancel_action
[0.539s] [35m[1mConsolidate compiler generated dependencies of target test_action_smooth_path_action[0m
[0.540s] [35m[1mConsolidate compiler generated dependencies of target test_action_follow_path_action[0m
[0.541s] [35m[1mConsolidate compiler generated dependencies of target test_action_compute_path_through_poses_action[0m
[0.544s] [35m[1mConsolidate compiler generated dependencies of target test_action_navigate_to_pose_action[0m
[0.548s] [35m[1mConsolidate compiler generated dependencies of target test_action_navigate_through_poses_action[0m
[0.549s] [35m[1mConsolidate compiler generated dependencies of target test_planner_selector_node[0m
[0.550s] [35m[1mConsolidate compiler generated dependencies of target test_truncate_path_local_action[0m
[0.550s] [35m[1mConsolidate compiler generated dependencies of target test_remove_passed_goals_action[0m
[0.550s] [35m[1mConsolidate compiler generated dependencies of target test_truncate_path_action[0m
[0.551s] [35m[1mConsolidate compiler generated dependencies of target test_controller_selector_node[0m
[0.558s] [ 83%] Built target test_action_back_up_cancel_action
[0.560s] [ 86%] Built target test_action_drive_on_heading_cancel_action
[0.560s] [ 86%] Built target test_action_clear_costmap_service
[0.560s] [ 86%] Built target test_action_assisted_teleop_cancel_action
[0.563s] [ 87%] Built target test_action_compute_path_through_poses_action
[0.563s] [ 89%] Built target test_action_compute_path_to_pose_action
[0.563s] [ 89%] Built target test_action_smooth_path_action
[0.564s] [ 90%] Built target test_action_reinitialize_global_localization_service
[0.566s] [ 91%] Built target test_action_follow_path_action
[0.569s] [ 92%] Built target test_action_navigate_to_pose_action
[0.570s] [ 93%] Built target test_action_navigate_through_poses_action
[0.570s] [35m[1mConsolidate compiler generated dependencies of target test_goal_checker_selector_node[0m
[0.571s] [35m[1mConsolidate compiler generated dependencies of target test_smoother_selector_node[0m
[0.571s] [ 94%] Built target test_planner_selector_node
[0.571s] [ 95%] Built target test_truncate_path_local_action
[0.571s] [ 96%] Built target test_remove_passed_goals_action
[0.573s] [ 97%] Built target test_truncate_path_action
[0.573s] [ 98%] Built target test_controller_selector_node
[0.587s] [ 99%] Built target test_goal_checker_selector_node
[0.588s] [100%] Built target test_smoother_selector_node
[0.760s] Invoked command in '/home/derek/work/build/nav2_behavior_tree' returned '0': AMENT_PREFIX_PATH=/home/derek/work/install/nav2_util:/home/derek/work/install/nav2_msgs:/home/derek/work/install/nav2_common:${AMENT_PREFIX_PATH} CMAKE_PREFIX_PATH=/home/derek/work/install/nav2_util:/home/derek/work/install/nav2_msgs:/home/derek/work/install/nav2_common:/opt/ros/humble LD_LIBRARY_PATH=/home/derek/work/install/nav2_util/lib:/home/derek/work/install/nav2_msgs/lib:/usr/lib/x86_64-linux-gnu/gazebo-11/plugins:/opt/ros/humble/opt/rviz_ogre_vendor/lib:/opt/ros/humble/lib/x86_64-linux-gnu:/opt/ros/humble/lib:/usr/local/nvidia/lib:/usr/local/nvidia/lib64:/usr/share/gazebo/../../lib/x86_64-linux-gnu/gazebo-11/plugins PYTHONPATH=/home/derek/work/install/nav2_msgs/local/lib/python3.10/dist-packages:/home/derek/work/install/nav2_common/local/lib/python3.10/dist-packages:${PYTHONPATH} /usr/bin/cmake --build /home/derek/work/build/nav2_behavior_tree -- -j16 -l16
[1.046s] Invoking command in '/home/derek/work/build/nav2_behavior_tree': AMENT_PREFIX_PATH=/home/derek/work/install/nav2_util:/home/derek/work/install/nav2_msgs:/home/derek/work/install/nav2_common:${AMENT_PREFIX_PATH} CMAKE_PREFIX_PATH=/home/derek/work/install/nav2_util:/home/derek/work/install/nav2_msgs:/home/derek/work/install/nav2_common:/opt/ros/humble LD_LIBRARY_PATH=/home/derek/work/install/nav2_util/lib:/home/derek/work/install/nav2_msgs/lib:/usr/lib/x86_64-linux-gnu/gazebo-11/plugins:/opt/ros/humble/opt/rviz_ogre_vendor/lib:/opt/ros/humble/lib/x86_64-linux-gnu:/opt/ros/humble/lib:/usr/local/nvidia/lib:/usr/local/nvidia/lib64:/usr/share/gazebo/../../lib/x86_64-linux-gnu/gazebo-11/plugins PYTHONPATH=/home/derek/work/install/nav2_msgs/local/lib/python3.10/dist-packages:/home/derek/work/install/nav2_common/local/lib/python3.10/dist-packages:${PYTHONPATH} /usr/bin/cmake --install /home/derek/work/build/nav2_behavior_tree
[1.054s] -- Install configuration: "Release"
[1.055s] -- Up-to-date: /home/derek/work/install/nav2_behavior_tree/lib/libnav2_behavior_tree.so
[1.055s] -- Up-to-date: /home/derek/work/install/nav2_behavior_tree/lib/libnav2_compute_path_to_pose_action_bt_node.so
[1.055s] -- Up-to-date: /home/derek/work/install/nav2_behavior_tree/lib/libnav2_compute_path_through_poses_action_bt_node.so
[1.055s] -- Up-to-date: /home/derek/work/install/nav2_behavior_tree/lib/libnav2_controller_cancel_bt_node.so
[1.055s] -- Up-to-date: /home/derek/work/install/nav2_behavior_tree/lib/libnav2_wait_cancel_bt_node.so
[1.055s] -- Up-to-date: /home/derek/work/install/nav2_behavior_tree/lib/libnav2_spin_cancel_bt_node.so
[1.056s] -- Up-to-date: /home/derek/work/install/nav2_behavior_tree/lib/libnav2_back_up_cancel_bt_node.so
[1.056s] -- Up-to-date: /home/derek/work/install/nav2_behavior_tree/lib/libnav2_assisted_teleop_cancel_bt_node.so
[1.056s] -- Up-to-date: /home/derek/work/install/nav2_behavior_tree/lib/libnav2_drive_on_heading_cancel_bt_node.so
[1.056s] -- Up-to-date: /home/derek/work/install/nav2_behavior_tree/lib/libnav2_smooth_path_action_bt_node.so
[1.056s] -- Up-to-date: /home/derek/work/install/nav2_behavior_tree/lib/libnav2_follow_path_action_bt_node.so
[1.056s] -- Up-to-date: /home/derek/work/install/nav2_behavior_tree/lib/libnav2_back_up_action_bt_node.so
[1.056s] -- Up-to-date: /home/derek/work/install/nav2_behavior_tree/lib/libnav2_drive_on_heading_bt_node.so
[1.057s] -- Up-to-date: /home/derek/work/install/nav2_behavior_tree/lib/libnav2_spin_action_bt_node.so
[1.057s] -- Up-to-date: /home/derek/work/install/nav2_behavior_tree/lib/libnav2_wait_action_bt_node.so
[1.057s] -- Up-to-date: /home/derek/work/install/nav2_behavior_tree/lib/libnav2_assisted_teleop_action_bt_node.so
[1.057s] -- Up-to-date: /home/derek/work/install/nav2_behavior_tree/lib/libnav2_clear_costmap_service_bt_node.so
[1.057s] -- Up-to-date: /home/derek/work/install/nav2_behavior_tree/lib/libnav2_is_stuck_condition_bt_node.so
[1.057s] -- Up-to-date: /home/derek/work/install/nav2_behavior_tree/lib/libnav2_transform_available_condition_bt_node.so
[1.058s] -- Up-to-date: /home/derek/work/install/nav2_behavior_tree/lib/libnav2_goal_reached_condition_bt_node.so
[1.058s] -- Up-to-date: /home/derek/work/install/nav2_behavior_tree/lib/libnav2_globally_updated_goal_condition_bt_node.so
[1.058s] -- Up-to-date: /home/derek/work/install/nav2_behavior_tree/lib/libnav2_goal_updated_condition_bt_node.so
[1.058s] -- Up-to-date: /home/derek/work/install/nav2_behavior_tree/lib/libnav2_is_path_valid_condition_bt_node.so
[1.058s] -- Up-to-date: /home/derek/work/install/nav2_behavior_tree/lib/libnav2_time_expired_condition_bt_node.so
[1.058s] -- Up-to-date: /home/derek/work/install/nav2_behavior_tree/lib/libnav2_path_expiring_timer_condition.so
[1.059s] -- Up-to-date: /home/derek/work/install/nav2_behavior_tree/lib/libnav2_distance_traveled_condition_bt_node.so
[1.059s] -- Up-to-date: /home/derek/work/install/nav2_behavior_tree/lib/libnav2_initial_pose_received_condition_bt_node.so
[1.059s] -- Up-to-date: /home/derek/work/install/nav2_behavior_tree/lib/libnav2_is_battery_charging_condition_bt_node.so
[1.059s] -- Up-to-date: /home/derek/work/install/nav2_behavior_tree/lib/libnav2_is_battery_low_condition_bt_node.so
[1.059s] -- Up-to-date: /home/derek/work/install/nav2_behavior_tree/lib/libnav2_reinitialize_global_localization_service_bt_node.so
[1.060s] -- Up-to-date: /home/derek/work/install/nav2_behavior_tree/lib/libnav2_rate_controller_bt_node.so
[1.060s] -- Up-to-date: /home/derek/work/install/nav2_behavior_tree/lib/libnav2_distance_controller_bt_node.so
[1.060s] -- Up-to-date: /home/derek/work/install/nav2_behavior_tree/lib/libnav2_speed_controller_bt_node.so
[1.060s] -- Up-to-date: /home/derek/work/install/nav2_behavior_tree/lib/libnav2_truncate_path_action_bt_node.so
[1.060s] -- Up-to-date: /home/derek/work/install/nav2_behavior_tree/lib/libnav2_truncate_path_local_action_bt_node.so
[1.060s] -- Up-to-date: /home/derek/work/install/nav2_behavior_tree/lib/libnav2_goal_updater_node_bt_node.so
[1.060s] -- Up-to-date: /home/derek/work/install/nav2_behavior_tree/lib/libnav2_path_longer_on_approach_bt_node.so
[1.061s] -- Up-to-date: /home/derek/work/install/nav2_behavior_tree/lib/libnav2_recovery_node_bt_node.so
[1.061s] -- Up-to-date: /home/derek/work/install/nav2_behavior_tree/lib/libnav2_navigate_to_pose_action_bt_node.so
[1.061s] -- Up-to-date: /home/derek/work/install/nav2_behavior_tree/lib/libnav2_navigate_through_poses_action_bt_node.so
[1.061s] -- Up-to-date: /home/derek/work/install/nav2_behavior_tree/lib/libnav2_remove_passed_goals_action_bt_node.so
[1.061s] -- Up-to-date: /home/derek/work/install/nav2_behavior_tree/lib/libnav2_pipeline_sequence_bt_node.so
[1.061s] -- Up-to-date: /home/derek/work/install/nav2_behavior_tree/lib/libnav2_round_robin_node_bt_node.so
[1.062s] -- Up-to-date: /home/derek/work/install/nav2_behavior_tree/lib/libnav2_single_trigger_bt_node.so
[1.062s] -- Up-to-date: /home/derek/work/install/nav2_behavior_tree/lib/libnav2_planner_selector_bt_node.so
[1.062s] -- Up-to-date: /home/derek/work/install/nav2_behavior_tree/lib/libnav2_controller_selector_bt_node.so
[1.062s] -- Up-to-date: /home/derek/work/install/nav2_behavior_tree/lib/libnav2_smoother_selector_bt_node.so
[1.062s] -- Up-to-date: /home/derek/work/install/nav2_behavior_tree/lib/libnav2_goal_checker_selector_bt_node.so
[1.063s] -- Up-to-date: /home/derek/work/install/nav2_behavior_tree/lib/libnav2_goal_updated_controller_bt_node.so
[1.063s] -- Up-to-date: /home/derek/work/install/nav2_behavior_tree/include/
[1.063s] -- Up-to-date: /home/derek/work/install/nav2_behavior_tree/include//nav2_behavior_tree
[1.063s] -- Up-to-date: /home/derek/work/install/nav2_behavior_tree/include//nav2_behavior_tree/ros_topic_logger.hpp
[1.064s] -- Up-to-date: /home/derek/work/install/nav2_behavior_tree/include//nav2_behavior_tree/bt_action_server_impl.hpp
[1.064s] -- Up-to-date: /home/derek/work/install/nav2_behavior_tree/include//nav2_behavior_tree/bt_action_server.hpp
[1.064s] -- Up-to-date: /home/derek/work/install/nav2_behavior_tree/include//nav2_behavior_tree/bt_service_node.hpp
[1.064s] -- Up-to-date: /home/derek/work/install/nav2_behavior_tree/include//nav2_behavior_tree/behavior_tree_engine.hpp
[1.064s] -- Up-to-date: /home/derek/work/install/nav2_behavior_tree/include//nav2_behavior_tree/bt_cancel_action_node.hpp
[1.064s] -- Up-to-date: /home/derek/work/install/nav2_behavior_tree/include//nav2_behavior_tree/plugins
[1.064s] -- Up-to-date: /home/derek/work/install/nav2_behavior_tree/include//nav2_behavior_tree/plugins/control
[1.064s] -- Up-to-date: /home/derek/work/install/nav2_behavior_tree/include//nav2_behavior_tree/plugins/control/recovery_node.hpp
[1.064s] -- Up-to-date: /home/derek/work/install/nav2_behavior_tree/include//nav2_behavior_tree/plugins/control/round_robin_node.hpp
[1.064s] -- Up-to-date: /home/derek/work/install/nav2_behavior_tree/include//nav2_behavior_tree/plugins/control/pipeline_sequence.hpp
[1.064s] -- Up-to-date: /home/derek/work/install/nav2_behavior_tree/include//nav2_behavior_tree/plugins/decorator
[1.065s] -- Up-to-date: /home/derek/work/install/nav2_behavior_tree/include//nav2_behavior_tree/plugins/decorator/distance_controller.hpp
[1.065s] -- Up-to-date: /home/derek/work/install/nav2_behavior_tree/include//nav2_behavior_tree/plugins/decorator/goal_updated_controller.hpp
[1.065s] -- Up-to-date: /home/derek/work/install/nav2_behavior_tree/include//nav2_behavior_tree/plugins/decorator/path_longer_on_approach.hpp
[1.065s] -- Up-to-date: /home/derek/work/install/nav2_behavior_tree/include//nav2_behavior_tree/plugins/decorator/goal_updater_node.hpp
[1.065s] -- Up-to-date: /home/derek/work/install/nav2_behavior_tree/include//nav2_behavior_tree/plugins/decorator/single_trigger_node.hpp
[1.065s] -- Up-to-date: /home/derek/work/install/nav2_behavior_tree/include//nav2_behavior_tree/plugins/decorator/rate_controller.hpp
[1.065s] -- Up-to-date: /home/derek/work/install/nav2_behavior_tree/include//nav2_behavior_tree/plugins/decorator/speed_controller.hpp
[1.065s] -- Up-to-date: /home/derek/work/install/nav2_behavior_tree/include//nav2_behavior_tree/plugins/condition
[1.065s] -- Up-to-date: /home/derek/work/install/nav2_behavior_tree/include//nav2_behavior_tree/plugins/condition/is_path_valid_condition.hpp
[1.065s] -- Up-to-date: /home/derek/work/install/nav2_behavior_tree/include//nav2_behavior_tree/plugins/condition/is_battery_low_condition.hpp
[1.065s] -- Up-to-date: /home/derek/work/install/nav2_behavior_tree/include//nav2_behavior_tree/plugins/condition/transform_available_condition.hpp
[1.065s] -- Up-to-date: /home/derek/work/install/nav2_behavior_tree/include//nav2_behavior_tree/plugins/condition/path_expiring_timer_condition.hpp
[1.066s] -- Up-to-date: /home/derek/work/install/nav2_behavior_tree/include//nav2_behavior_tree/plugins/condition/goal_reached_condition.hpp
[1.066s] -- Up-to-date: /home/derek/work/install/nav2_behavior_tree/include//nav2_behavior_tree/plugins/condition/time_expired_condition.hpp
[1.066s] -- Up-to-date: /home/derek/work/install/nav2_behavior_tree/include//nav2_behavior_tree/plugins/condition/is_battery_charging_condition.hpp
[1.066s] -- Up-to-date: /home/derek/work/install/nav2_behavior_tree/include//nav2_behavior_tree/plugins/condition/is_stuck_condition.hpp
[1.066s] -- Up-to-date: /home/derek/work/install/nav2_behavior_tree/include//nav2_behavior_tree/plugins/condition/initial_pose_received_condition.hpp
[1.066s] -- Up-to-date: /home/derek/work/install/nav2_behavior_tree/include//nav2_behavior_tree/plugins/condition/goal_updated_condition.hpp
[1.066s] -- Up-to-date: /home/derek/work/install/nav2_behavior_tree/include//nav2_behavior_tree/plugins/condition/globally_updated_goal_condition.hpp
[1.066s] -- Up-to-date: /home/derek/work/install/nav2_behavior_tree/include//nav2_behavior_tree/plugins/condition/distance_traveled_condition.hpp
[1.067s] -- Up-to-date: /home/derek/work/install/nav2_behavior_tree/include//nav2_behavior_tree/plugins/action
[1.067s] -- Up-to-date: /home/derek/work/install/nav2_behavior_tree/include//nav2_behavior_tree/plugins/action/reinitialize_global_localization_service.hpp
[1.067s] -- Up-to-date: /home/derek/work/install/nav2_behavior_tree/include//nav2_behavior_tree/plugins/action/smooth_path_action.hpp
[1.067s] -- Up-to-date: /home/derek/work/install/nav2_behavior_tree/include//nav2_behavior_tree/plugins/action/controller_cancel_node.hpp
[1.067s] -- Up-to-date: /home/derek/work/install/nav2_behavior_tree/include//nav2_behavior_tree/plugins/action/spin_action.hpp
[1.067s] -- Up-to-date: /home/derek/work/install/nav2_behavior_tree/include//nav2_behavior_tree/plugins/action/back_up_cancel_node.hpp
[1.067s] -- Up-to-date: /home/derek/work/install/nav2_behavior_tree/include//nav2_behavior_tree/plugins/action/wait_action.hpp
[1.067s] -- Up-to-date: /home/derek/work/install/nav2_behavior_tree/include//nav2_behavior_tree/plugins/action/planner_selector_node.hpp
[1.067s] -- Up-to-date: /home/derek/work/install/nav2_behavior_tree/include//nav2_behavior_tree/plugins/action/follow_path_action.hpp
[1.067s] -- Up-to-date: /home/derek/work/install/nav2_behavior_tree/include//nav2_behavior_tree/plugins/action/compute_path_to_pose_action.hpp
[1.067s] -- Up-to-date: /home/derek/work/install/nav2_behavior_tree/include//nav2_behavior_tree/plugins/action/smoother_selector_node.hpp
[1.068s] -- Up-to-date: /home/derek/work/install/nav2_behavior_tree/include//nav2_behavior_tree/plugins/action/remove_passed_goals_action.hpp
[1.068s] -- Up-to-date: /home/derek/work/install/nav2_behavior_tree/include//nav2_behavior_tree/plugins/action/wait_cancel_node.hpp
[1.068s] -- Up-to-date: /home/derek/work/install/nav2_behavior_tree/include//nav2_behavior_tree/plugins/action/back_up_action.hpp
[1.068s] -- Up-to-date: /home/derek/work/install/nav2_behavior_tree/include//nav2_behavior_tree/plugins/action/truncate_path_local_action.hpp
[1.068s] -- Up-to-date: /home/derek/work/install/nav2_behavior_tree/include//nav2_behavior_tree/plugins/action/spin_cancel_node.hpp
[1.068s] -- Up-to-date: /home/derek/work/install/nav2_behavior_tree/include//nav2_behavior_tree/plugins/action/truncate_path_action.hpp
[1.068s] -- Up-to-date: /home/derek/work/install/nav2_behavior_tree/include//nav2_behavior_tree/plugins/action/assisted_teleop_action.hpp
[1.068s] -- Up-to-date: /home/derek/work/install/nav2_behavior_tree/include//nav2_behavior_tree/plugins/action/compute_path_through_poses_action.hpp
[1.068s] -- Up-to-date: /home/derek/work/install/nav2_behavior_tree/include//nav2_behavior_tree/plugins/action/drive_on_heading_cancel_node.hpp
[1.068s] -- Up-to-date: /home/derek/work/install/nav2_behavior_tree/include//nav2_behavior_tree/plugins/action/goal_checker_selector_node.hpp
[1.068s] -- Up-to-date: /home/derek/work/install/nav2_behavior_tree/include//nav2_behavior_tree/plugins/action/assisted_teleop_cancel_node.hpp
[1.068s] -- Up-to-date: /home/derek/work/install/nav2_behavior_tree/include//nav2_behavior_tree/plugins/action/clear_costmap_service.hpp
[1.069s] -- Up-to-date: /home/derek/work/install/nav2_behavior_tree/include//nav2_behavior_tree/plugins/action/controller_selector_node.hpp
[1.069s] -- Up-to-date: /home/derek/work/install/nav2_behavior_tree/include//nav2_behavior_tree/plugins/action/navigate_through_poses_action.hpp
[1.069s] -- Up-to-date: /home/derek/work/install/nav2_behavior_tree/include//nav2_behavior_tree/plugins/action/drive_on_heading_action.hpp
[1.069s] -- Up-to-date: /home/derek/work/install/nav2_behavior_tree/include//nav2_behavior_tree/plugins/action/navigate_to_pose_action.hpp
[1.069s] -- Up-to-date: /home/derek/work/install/nav2_behavior_tree/include//nav2_behavior_tree/bt_action_node.hpp
[1.069s] -- Up-to-date: /home/derek/work/install/nav2_behavior_tree/include//nav2_behavior_tree/bt_conversions.hpp
[1.069s] -- Up-to-date: /home/derek/work/install/nav2_behavior_tree/share/nav2_behavior_tree/nav2_tree_nodes.xml
[1.069s] -- Up-to-date: /home/derek/work/install/nav2_behavior_tree/share/nav2_behavior_tree/environment/library_path.sh
[1.069s] -- Up-to-date: /home/derek/work/install/nav2_behavior_tree/share/nav2_behavior_tree/environment/library_path.dsv
[1.069s] -- Up-to-date: /home/derek/work/install/nav2_behavior_tree/share/ament_index/resource_index/package_run_dependencies/nav2_behavior_tree
[1.069s] -- Up-to-date: /home/derek/work/install/nav2_behavior_tree/share/ament_index/resource_index/parent_prefix_path/nav2_behavior_tree
[1.070s] -- Up-to-date: /home/derek/work/install/nav2_behavior_tree/share/nav2_behavior_tree/environment/ament_prefix_path.sh
[1.070s] -- Up-to-date: /home/derek/work/install/nav2_behavior_tree/share/nav2_behavior_tree/environment/ament_prefix_path.dsv
[1.070s] -- Up-to-date: /home/derek/work/install/nav2_behavior_tree/share/nav2_behavior_tree/environment/path.sh
[1.070s] -- Up-to-date: /home/derek/work/install/nav2_behavior_tree/share/nav2_behavior_tree/environment/path.dsv
[1.070s] -- Up-to-date: /home/derek/work/install/nav2_behavior_tree/share/nav2_behavior_tree/local_setup.bash
[1.070s] -- Up-to-date: /home/derek/work/install/nav2_behavior_tree/share/nav2_behavior_tree/local_setup.sh
[1.070s] -- Up-to-date: /home/derek/work/install/nav2_behavior_tree/share/nav2_behavior_tree/local_setup.zsh
[1.070s] -- Up-to-date: /home/derek/work/install/nav2_behavior_tree/share/nav2_behavior_tree/local_setup.dsv
[1.070s] -- Installing: /home/derek/work/install/nav2_behavior_tree/share/nav2_behavior_tree/package.dsv
[1.070s] -- Up-to-date: /home/derek/work/install/nav2_behavior_tree/share/ament_index/resource_index/packages/nav2_behavior_tree
[1.070s] -- Up-to-date: /home/derek/work/install/nav2_behavior_tree/share/nav2_behavior_tree/cmake/ament_cmake_export_include_directories-extras.cmake
[1.070s] -- Up-to-date: /home/derek/work/install/nav2_behavior_tree/share/nav2_behavior_tree/cmake/ament_cmake_export_libraries-extras.cmake
[1.070s] -- Up-to-date: /home/derek/work/install/nav2_behavior_tree/share/nav2_behavior_tree/cmake/ament_cmake_export_dependencies-extras.cmake
[1.071s] -- Up-to-date: /home/derek/work/install/nav2_behavior_tree/share/nav2_behavior_tree/cmake/nav2_behavior_treeConfig.cmake
[1.071s] -- Up-to-date: /home/derek/work/install/nav2_behavior_tree/share/nav2_behavior_tree/cmake/nav2_behavior_treeConfig-version.cmake
[1.071s] -- Up-to-date: /home/derek/work/install/nav2_behavior_tree/share/nav2_behavior_tree/package.xml
[1.071s] Invoked command in '/home/derek/work/build/nav2_behavior_tree' returned '0': AMENT_PREFIX_PATH=/home/derek/work/install/nav2_util:/home/derek/work/install/nav2_msgs:/home/derek/work/install/nav2_common:${AMENT_PREFIX_PATH} CMAKE_PREFIX_PATH=/home/derek/work/install/nav2_util:/home/derek/work/install/nav2_msgs:/home/derek/work/install/nav2_common:/opt/ros/humble LD_LIBRARY_PATH=/home/derek/work/install/nav2_util/lib:/home/derek/work/install/nav2_msgs/lib:/usr/lib/x86_64-linux-gnu/gazebo-11/plugins:/opt/ros/humble/opt/rviz_ogre_vendor/lib:/opt/ros/humble/lib/x86_64-linux-gnu:/opt/ros/humble/lib:/usr/local/nvidia/lib:/usr/local/nvidia/lib64:/usr/share/gazebo/../../lib/x86_64-linux-gnu/gazebo-11/plugins PYTHONPATH=/home/derek/work/install/nav2_msgs/local/lib/python3.10/dist-packages:/home/derek/work/install/nav2_common/local/lib/python3.10/dist-packages:${PYTHONPATH} /usr/bin/cmake --install /home/derek/work/build/nav2_behavior_tree
