[2.365s] Invoking command in '/home/derek/work/build/pallet_seg_msg': CMAKE_PREFIX_PATH=/opt/ros/humble /usr/bin/cmake /home/derek/work/src/pallet_seg_msg -DCMAKE_INSTALL_PREFIX=/home/derek/work/install/pallet_seg_msg
[2.419s] -- The C compiler identification is GNU 11.4.0
[2.507s] -- The CXX compiler identification is GNU 11.4.0
[2.532s] -- Detecting C compiler ABI info
[2.810s] -- Detecting C compiler ABI info - done
[2.819s] -- Check for working C compiler: /usr/bin/cc - skipped
[2.819s] -- Detecting C compile features
[2.820s] -- Detecting C compile features - done
[2.832s] -- Detecting CXX compiler ABI info
[3.139s] -- Detecting CXX compiler ABI info - done
[3.147s] -- Check for working CXX compiler: /usr/bin/c++ - skipped
[3.155s] -- Detecting CXX compile features
[3.156s] -- Detecting CXX compile features - done
[3.159s] -- Found ament_cmake: 1.3.7 (/opt/ros/humble/share/ament_cmake/cmake)
[4.665s] -- Found Python3: /usr/bin/python3.10 (found version "3.10.12") found components: Interpreter 
[5.026s] -- Found geometry_msgs: 4.2.3 (/opt/ros/humble/share/geometry_msgs/cmake)
[5.180s] -- Found rosidl_generator_c: 3.1.5 (/opt/ros/humble/share/rosidl_generator_c/cmake)
[5.214s] -- Found rosidl_adapter: 3.1.5 (/opt/ros/humble/share/rosidl_adapter/cmake)
[5.253s] -- Found rosidl_generator_cpp: 3.1.5 (/opt/ros/humble/share/rosidl_generator_cpp/cmake)
[5.325s] -- Using all available rosidl_typesupport_c: rosidl_typesupport_fastrtps_c;rosidl_typesupport_introspection_c
[5.389s] -- Using all available rosidl_typesupport_cpp: rosidl_typesupport_fastrtps_cpp;rosidl_typesupport_introspection_cpp
[5.861s] -- Found rclcpp: 16.0.8 (/opt/ros/humble/share/rclcpp/cmake)
[6.127s] -- Found rmw_implementation_cmake: 6.1.1 (/opt/ros/humble/share/rmw_implementation_cmake/cmake)
[6.130s] -- Found rmw_fastrtps_cpp: 6.2.6 (/opt/ros/humble/share/rmw_fastrtps_cpp/cmake)
[6.548s] -- Found OpenSSL: /usr/lib/x86_64-linux-gnu/libcrypto.so (found version "3.0.2")  
[6.611s] -- Found FastRTPS: /opt/ros/humble/include  
[6.722s] -- Using RMW implementation 'rmw_fastrtps_cpp' as default
[6.735s] -- Looking for pthread.h
[6.888s] -- Looking for pthread.h - found
[6.889s] -- Performing Test CMAKE_HAVE_LIBC_PTHREAD
[7.074s] -- Performing Test CMAKE_HAVE_LIBC_PTHREAD - Success
[7.075s] -- Found Threads: TRUE  
[7.398s] -- Found rclpy: 3.3.11 (/opt/ros/humble/share/rclpy/cmake)
[7.398s] -- Found sensor_msgs: 4.2.3 (/opt/ros/humble/share/sensor_msgs/cmake)
[7.644s] -- Found cv_bridge: 3.2.1 (/opt/ros/humble/share/cv_bridge/cmake)
[7.691s] -- Found rosidl_default_generators: 1.2.0 (/opt/ros/humble/share/rosidl_default_generators/cmake)
[8.550s] -- Found ament_cmake_ros: 0.10.0 (/opt/ros/humble/share/ament_cmake_ros/cmake)
[10.143s] -- Using all available rosidl_typesupport_c: rosidl_typesupport_fastrtps_c;rosidl_typesupport_introspection_c
[10.539s] -- Using all available rosidl_typesupport_cpp: rosidl_typesupport_fastrtps_cpp;rosidl_typesupport_introspection_cpp
[10.599s] -- Found PythonInterp: /usr/bin/python3 (found suitable version "3.10.12", minimum required is "3.6") 
[10.599s] -- Found python_cmake_module: 0.10.0 (/opt/ros/humble/share/python_cmake_module/cmake)
[10.653s] -- Found PythonLibs: /usr/lib/x86_64-linux-gnu/libpython3.10.so (found suitable version "3.10.12", minimum required is "3.5") 
[10.653s] -- Using PYTHON_EXECUTABLE: /usr/bin/python3
[10.653s] -- Using PYTHON_INCLUDE_DIRS: /usr/include/python3.10
[10.653s] -- Using PYTHON_LIBRARIES: /usr/lib/x86_64-linux-gnu/libpython3.10.so
[10.684s] -- Found PythonExtra: .so  
[10.783s] -- Found ament_lint_auto: 0.12.10 (/opt/ros/humble/share/ament_lint_auto/cmake)
[10.805s] -- Added test 'lint_cmake' to check CMake code style
[10.807s] -- Added test 'xmllint' to check XML markup files
[10.810s] -- Configuring done
[10.859s] -- Generating done
[10.864s] -- Build files have been written to: /home/derek/work/build/pallet_seg_msg
[10.894s] Invoked command in '/home/derek/work/build/pallet_seg_msg' returned '0': CMAKE_PREFIX_PATH=/opt/ros/humble /usr/bin/cmake /home/derek/work/src/pallet_seg_msg -DCMAKE_INSTALL_PREFIX=/home/derek/work/install/pallet_seg_msg
[10.895s] Invoking command in '/home/derek/work/build/pallet_seg_msg': CMAKE_PREFIX_PATH=/opt/ros/humble /usr/bin/cmake --build /home/derek/work/build/pallet_seg_msg -- -j16 -l16
[10.976s] [  3%] [34m[1mGenerating C++ code for ROS interfaces[0m
[10.991s] [  6%] [34m[1mGenerating C code for ROS interfaces[0m
[11.051s] [  6%] Built target ament_cmake_python_copy_pallet_seg_msg
[11.386s] [  6%] Built target pallet_seg_msg__cpp
[11.386s] [  9%] [34m[1mGenerating C++ type support for eProsima Fast-RTPS[0m
[11.386s] [ 12%] [34m[1mGenerating C++ introspection for ROS interfaces[0m
[11.390s] [ 16%] [34m[1mGenerating C++ type support dispatch for ROS interfaces[0m
[11.469s] running egg_info
[11.469s] creating pallet_seg_msg.egg-info
[11.471s] writing manifest file 'pallet_seg_msg.egg-info/SOURCES.txt'
[11.474s] writing manifest file 'pallet_seg_msg.egg-info/SOURCES.txt'
[11.547s] [ 16%] Built target ament_cmake_python_build_pallet_seg_msg_egg
[11.570s] [ 19%] [32mBuilding C object CMakeFiles/pallet_seg_msg__rosidl_generator_c.dir/rosidl_generator_c/pallet_seg_msg/msg/detail/pallet_mask__functions.c.o[0m
[11.631s] [ 22%] [32m[1mLinking C shared library libpallet_seg_msg__rosidl_generator_c.so[0m
[11.719s] [ 22%] Built target pallet_seg_msg__rosidl_generator_c
[11.746s] [ 25%] [34m[1mGenerating C type support for eProsima Fast-RTPS[0m
[11.772s] [ 29%] [34m[1mGenerating C introspection for ROS interfaces[0m
[11.783s] [ 32%] [34m[1mGenerating C type support dispatch for ROS interfaces[0m
[11.799s] [ 35%] [32mBuilding CXX object CMakeFiles/pallet_seg_msg__rosidl_typesupport_fastrtps_cpp.dir/rosidl_typesupport_fastrtps_cpp/pallet_seg_msg/msg/detail/dds_fastrtps/pallet_mask__type_support.cpp.o[0m
[11.808s] [ 38%] [32mBuilding CXX object CMakeFiles/pallet_seg_msg__rosidl_typesupport_cpp.dir/rosidl_typesupport_cpp/pallet_seg_msg/msg/pallet_mask__type_support.cpp.o[0m
[11.859s] [ 41%] [32mBuilding CXX object CMakeFiles/pallet_seg_msg__rosidl_typesupport_introspection_cpp.dir/rosidl_typesupport_introspection_cpp/pallet_seg_msg/msg/detail/pallet_mask__type_support.cpp.o[0m
[12.125s] [ 45%] [32mBuilding CXX object CMakeFiles/pallet_seg_msg__rosidl_typesupport_fastrtps_c.dir/rosidl_typesupport_fastrtps_c/pallet_seg_msg/msg/detail/pallet_mask__type_support_c.cpp.o[0m
[12.134s] [ 48%] [32mBuilding C object CMakeFiles/pallet_seg_msg__rosidl_typesupport_introspection_c.dir/rosidl_typesupport_introspection_c/pallet_seg_msg/msg/detail/pallet_mask__type_support.c.o[0m
[12.136s] [ 51%] [32m[1mLinking CXX shared library libpallet_seg_msg__rosidl_typesupport_cpp.so[0m
[12.153s] [ 54%] [32mBuilding CXX object CMakeFiles/pallet_seg_msg__rosidl_typesupport_c.dir/rosidl_typesupport_c/pallet_seg_msg/msg/pallet_mask__type_support.cpp.o[0m
[12.181s] [ 58%] [32m[1mLinking C shared library libpallet_seg_msg__rosidl_typesupport_introspection_c.so[0m
[12.185s] [ 58%] Built target pallet_seg_msg__rosidl_typesupport_cpp
[12.195s] [ 61%] [32m[1mLinking CXX shared library libpallet_seg_msg__rosidl_typesupport_c.so[0m
[12.231s] [ 61%] Built target pallet_seg_msg__rosidl_typesupport_introspection_c
[12.241s] [ 61%] Built target pallet_seg_msg__rosidl_typesupport_c
[12.324s] [ 64%] [32m[1mLinking CXX shared library libpallet_seg_msg__rosidl_typesupport_fastrtps_cpp.so[0m
[12.445s] [ 67%] [32m[1mLinking CXX shared library libpallet_seg_msg__rosidl_typesupport_introspection_cpp.so[0m
[12.481s] [ 67%] Built target pallet_seg_msg__rosidl_typesupport_fastrtps_cpp
[12.508s] [ 70%] [32m[1mLinking CXX shared library libpallet_seg_msg__rosidl_typesupport_fastrtps_c.so[0m
[12.582s] [ 70%] Built target pallet_seg_msg__rosidl_typesupport_introspection_cpp
[12.620s] [ 70%] Built target pallet_seg_msg__rosidl_typesupport_fastrtps_c
[12.644s] [ 70%] Built target pallet_seg_msg
[12.669s] [ 74%] [34m[1mGenerating Python code for ROS interfaces[0m
[13.004s] [ 74%] Built target pallet_seg_msg__py
[13.028s] [ 77%] [32mBuilding C object CMakeFiles/pallet_seg_msg__rosidl_generator_py.dir/rosidl_generator_py/pallet_seg_msg/msg/_pallet_mask_s.c.o[0m
[13.151s] [ 80%] [32m[1mLinking C shared library rosidl_generator_py/pallet_seg_msg/libpallet_seg_msg__rosidl_generator_py.so[0m
[13.192s] [ 80%] Built target pallet_seg_msg__rosidl_generator_py
[13.213s] [ 83%] [32mBuilding C object CMakeFiles/pallet_seg_msg__rosidl_typesupport_fastrtps_c__pyext.dir/rosidl_generator_py/pallet_seg_msg/_pallet_seg_msg_s.ep.rosidl_typesupport_fastrtps_c.c.o[0m
[13.216s] [ 90%] [32mBuilding C object CMakeFiles/pallet_seg_msg__rosidl_typesupport_introspection_c__pyext.dir/rosidl_generator_py/pallet_seg_msg/_pallet_seg_msg_s.ep.rosidl_typesupport_introspection_c.c.o[0m
[13.216s] [ 90%] [32mBuilding C object CMakeFiles/pallet_seg_msg__rosidl_typesupport_c__pyext.dir/rosidl_generator_py/pallet_seg_msg/_pallet_seg_msg_s.ep.rosidl_typesupport_c.c.o[0m
[13.332s] [ 93%] [32m[1mLinking C shared library rosidl_generator_py/pallet_seg_msg/pallet_seg_msg_s__rosidl_typesupport_introspection_c.cpython-310-x86_64-linux-gnu.so[0m
[13.332s] [ 96%] [32m[1mLinking C shared library rosidl_generator_py/pallet_seg_msg/pallet_seg_msg_s__rosidl_typesupport_fastrtps_c.cpython-310-x86_64-linux-gnu.so[0m
[13.339s] [100%] [32m[1mLinking C shared library rosidl_generator_py/pallet_seg_msg/pallet_seg_msg_s__rosidl_typesupport_c.cpython-310-x86_64-linux-gnu.so[0m
[13.376s] [100%] Built target pallet_seg_msg__rosidl_typesupport_introspection_c__pyext
[13.376s] [100%] Built target pallet_seg_msg__rosidl_typesupport_fastrtps_c__pyext
[13.383s] [100%] Built target pallet_seg_msg__rosidl_typesupport_c__pyext
[13.394s] Invoked command in '/home/derek/work/build/pallet_seg_msg' returned '0': CMAKE_PREFIX_PATH=/opt/ros/humble /usr/bin/cmake --build /home/derek/work/build/pallet_seg_msg -- -j16 -l16
[13.441s] Invoking command in '/home/derek/work/build/pallet_seg_msg': CMAKE_PREFIX_PATH=/opt/ros/humble /usr/bin/cmake --install /home/derek/work/build/pallet_seg_msg
[13.450s] -- Install configuration: ""
[13.450s] -- Installing: /home/derek/work/install/pallet_seg_msg/share/ament_index/resource_index/rosidl_interfaces/pallet_seg_msg
[13.450s] -- Installing: /home/derek/work/install/pallet_seg_msg/include/pallet_seg_msg/pallet_seg_msg
[13.450s] -- Installing: /home/derek/work/install/pallet_seg_msg/include/pallet_seg_msg/pallet_seg_msg/msg
[13.451s] -- Installing: /home/derek/work/install/pallet_seg_msg/include/pallet_seg_msg/pallet_seg_msg/msg/rosidl_generator_c__visibility_control.h
[13.451s] -- Installing: /home/derek/work/install/pallet_seg_msg/include/pallet_seg_msg/pallet_seg_msg/msg/detail
[13.451s] -- Installing: /home/derek/work/install/pallet_seg_msg/include/pallet_seg_msg/pallet_seg_msg/msg/detail/pallet_mask__functions.h
[13.451s] -- Installing: /home/derek/work/install/pallet_seg_msg/include/pallet_seg_msg/pallet_seg_msg/msg/detail/pallet_mask__functions.c
[13.451s] -- Installing: /home/derek/work/install/pallet_seg_msg/include/pallet_seg_msg/pallet_seg_msg/msg/detail/pallet_mask__struct.h
[13.451s] -- Installing: /home/derek/work/install/pallet_seg_msg/include/pallet_seg_msg/pallet_seg_msg/msg/detail/pallet_mask__type_support.h
[13.451s] -- Installing: /home/derek/work/install/pallet_seg_msg/include/pallet_seg_msg/pallet_seg_msg/msg/pallet_mask.h
[13.451s] -- Installing: /home/derek/work/install/pallet_seg_msg/share/pallet_seg_msg/environment/library_path.sh
[13.451s] -- Installing: /home/derek/work/install/pallet_seg_msg/share/pallet_seg_msg/environment/library_path.dsv
[13.452s] -- Installing: /home/derek/work/install/pallet_seg_msg/lib/libpallet_seg_msg__rosidl_generator_c.so
[13.452s] -- Set runtime path of "/home/derek/work/install/pallet_seg_msg/lib/libpallet_seg_msg__rosidl_generator_c.so" to ""
[13.452s] -- Up-to-date: /home/derek/work/install/pallet_seg_msg/include/pallet_seg_msg/pallet_seg_msg
[13.452s] -- Up-to-date: /home/derek/work/install/pallet_seg_msg/include/pallet_seg_msg/pallet_seg_msg/msg
[13.452s] -- Installing: /home/derek/work/install/pallet_seg_msg/include/pallet_seg_msg/pallet_seg_msg/msg/rosidl_typesupport_fastrtps_c__visibility_control.h
[13.452s] -- Up-to-date: /home/derek/work/install/pallet_seg_msg/include/pallet_seg_msg/pallet_seg_msg/msg/detail
[13.452s] -- Installing: /home/derek/work/install/pallet_seg_msg/include/pallet_seg_msg/pallet_seg_msg/msg/detail/pallet_mask__rosidl_typesupport_fastrtps_c.h
[13.452s] -- Installing: /home/derek/work/install/pallet_seg_msg/lib/libpallet_seg_msg__rosidl_typesupport_fastrtps_c.so
[13.452s] -- Set runtime path of "/home/derek/work/install/pallet_seg_msg/lib/libpallet_seg_msg__rosidl_typesupport_fastrtps_c.so" to ""
[13.452s] -- Up-to-date: /home/derek/work/install/pallet_seg_msg/include/pallet_seg_msg/pallet_seg_msg
[13.453s] -- Up-to-date: /home/derek/work/install/pallet_seg_msg/include/pallet_seg_msg/pallet_seg_msg/msg
[13.453s] -- Installing: /home/derek/work/install/pallet_seg_msg/include/pallet_seg_msg/pallet_seg_msg/msg/pallet_mask.hpp
[13.453s] -- Up-to-date: /home/derek/work/install/pallet_seg_msg/include/pallet_seg_msg/pallet_seg_msg/msg/detail
[13.453s] -- Installing: /home/derek/work/install/pallet_seg_msg/include/pallet_seg_msg/pallet_seg_msg/msg/detail/pallet_mask__builder.hpp
[13.453s] -- Installing: /home/derek/work/install/pallet_seg_msg/include/pallet_seg_msg/pallet_seg_msg/msg/detail/pallet_mask__struct.hpp
[13.453s] -- Installing: /home/derek/work/install/pallet_seg_msg/include/pallet_seg_msg/pallet_seg_msg/msg/detail/pallet_mask__traits.hpp
[13.453s] -- Up-to-date: /home/derek/work/install/pallet_seg_msg/include/pallet_seg_msg/pallet_seg_msg
[13.453s] -- Up-to-date: /home/derek/work/install/pallet_seg_msg/include/pallet_seg_msg/pallet_seg_msg/msg
[13.453s] -- Installing: /home/derek/work/install/pallet_seg_msg/include/pallet_seg_msg/pallet_seg_msg/msg/rosidl_typesupport_fastrtps_cpp__visibility_control.h
[13.453s] -- Up-to-date: /home/derek/work/install/pallet_seg_msg/include/pallet_seg_msg/pallet_seg_msg/msg/detail
[13.453s] -- Installing: /home/derek/work/install/pallet_seg_msg/include/pallet_seg_msg/pallet_seg_msg/msg/detail/dds_fastrtps
[13.453s] -- Installing: /home/derek/work/install/pallet_seg_msg/include/pallet_seg_msg/pallet_seg_msg/msg/detail/pallet_mask__rosidl_typesupport_fastrtps_cpp.hpp
[13.453s] -- Installing: /home/derek/work/install/pallet_seg_msg/lib/libpallet_seg_msg__rosidl_typesupport_fastrtps_cpp.so
[13.454s] -- Set runtime path of "/home/derek/work/install/pallet_seg_msg/lib/libpallet_seg_msg__rosidl_typesupport_fastrtps_cpp.so" to ""
[13.454s] -- Up-to-date: /home/derek/work/install/pallet_seg_msg/include/pallet_seg_msg/pallet_seg_msg
[13.454s] -- Up-to-date: /home/derek/work/install/pallet_seg_msg/include/pallet_seg_msg/pallet_seg_msg/msg
[13.454s] -- Installing: /home/derek/work/install/pallet_seg_msg/include/pallet_seg_msg/pallet_seg_msg/msg/rosidl_typesupport_introspection_c__visibility_control.h
[13.454s] -- Up-to-date: /home/derek/work/install/pallet_seg_msg/include/pallet_seg_msg/pallet_seg_msg/msg/detail
[13.454s] -- Installing: /home/derek/work/install/pallet_seg_msg/include/pallet_seg_msg/pallet_seg_msg/msg/detail/pallet_mask__rosidl_typesupport_introspection_c.h
[13.454s] -- Installing: /home/derek/work/install/pallet_seg_msg/include/pallet_seg_msg/pallet_seg_msg/msg/detail/pallet_mask__type_support.c
[13.454s] -- Installing: /home/derek/work/install/pallet_seg_msg/lib/libpallet_seg_msg__rosidl_typesupport_introspection_c.so
[13.454s] -- Set runtime path of "/home/derek/work/install/pallet_seg_msg/lib/libpallet_seg_msg__rosidl_typesupport_introspection_c.so" to ""
[13.454s] -- Installing: /home/derek/work/install/pallet_seg_msg/lib/libpallet_seg_msg__rosidl_typesupport_c.so
[13.454s] -- Set runtime path of "/home/derek/work/install/pallet_seg_msg/lib/libpallet_seg_msg__rosidl_typesupport_c.so" to ""
[13.455s] -- Up-to-date: /home/derek/work/install/pallet_seg_msg/include/pallet_seg_msg/pallet_seg_msg
[13.455s] -- Up-to-date: /home/derek/work/install/pallet_seg_msg/include/pallet_seg_msg/pallet_seg_msg/msg
[13.455s] -- Up-to-date: /home/derek/work/install/pallet_seg_msg/include/pallet_seg_msg/pallet_seg_msg/msg/detail
[13.455s] -- Installing: /home/derek/work/install/pallet_seg_msg/include/pallet_seg_msg/pallet_seg_msg/msg/detail/pallet_mask__rosidl_typesupport_introspection_cpp.hpp
[13.455s] -- Installing: /home/derek/work/install/pallet_seg_msg/include/pallet_seg_msg/pallet_seg_msg/msg/detail/pallet_mask__type_support.cpp
[13.455s] -- Installing: /home/derek/work/install/pallet_seg_msg/lib/libpallet_seg_msg__rosidl_typesupport_introspection_cpp.so
[13.455s] -- Set runtime path of "/home/derek/work/install/pallet_seg_msg/lib/libpallet_seg_msg__rosidl_typesupport_introspection_cpp.so" to ""
[13.455s] -- Installing: /home/derek/work/install/pallet_seg_msg/lib/libpallet_seg_msg__rosidl_typesupport_cpp.so
[13.455s] -- Set runtime path of "/home/derek/work/install/pallet_seg_msg/lib/libpallet_seg_msg__rosidl_typesupport_cpp.so" to ""
[13.455s] -- Installing: /home/derek/work/install/pallet_seg_msg/share/pallet_seg_msg/environment/pythonpath.sh
[13.455s] -- Installing: /home/derek/work/install/pallet_seg_msg/share/pallet_seg_msg/environment/pythonpath.dsv
[13.456s] -- Installing: /home/derek/work/install/pallet_seg_msg/local/lib/python3.10/dist-packages/pallet_seg_msg-0.0.0-py3.10.egg-info
[13.456s] -- Installing: /home/derek/work/install/pallet_seg_msg/local/lib/python3.10/dist-packages/pallet_seg_msg-0.0.0-py3.10.egg-info/PKG-INFO
[13.456s] -- Installing: /home/derek/work/install/pallet_seg_msg/local/lib/python3.10/dist-packages/pallet_seg_msg-0.0.0-py3.10.egg-info/top_level.txt
[13.456s] -- Installing: /home/derek/work/install/pallet_seg_msg/local/lib/python3.10/dist-packages/pallet_seg_msg-0.0.0-py3.10.egg-info/SOURCES.txt
[13.456s] -- Installing: /home/derek/work/install/pallet_seg_msg/local/lib/python3.10/dist-packages/pallet_seg_msg-0.0.0-py3.10.egg-info/dependency_links.txt
[13.456s] -- Installing: /home/derek/work/install/pallet_seg_msg/local/lib/python3.10/dist-packages/pallet_seg_msg
[13.456s] -- Installing: /home/derek/work/install/pallet_seg_msg/local/lib/python3.10/dist-packages/pallet_seg_msg/_pallet_seg_msg_s.ep.rosidl_typesupport_c.c
[13.456s] -- Installing: /home/derek/work/install/pallet_seg_msg/local/lib/python3.10/dist-packages/pallet_seg_msg/pallet_seg_msg_s__rosidl_typesupport_fastrtps_c.cpython-310-x86_64-linux-gnu.so
[13.456s] -- Installing: /home/derek/work/install/pallet_seg_msg/local/lib/python3.10/dist-packages/pallet_seg_msg/_pallet_seg_msg_s.ep.rosidl_typesupport_introspection_c.c
[13.456s] -- Installing: /home/derek/work/install/pallet_seg_msg/local/lib/python3.10/dist-packages/pallet_seg_msg/pallet_seg_msg_s__rosidl_typesupport_c.cpython-310-x86_64-linux-gnu.so
[13.456s] -- Installing: /home/derek/work/install/pallet_seg_msg/local/lib/python3.10/dist-packages/pallet_seg_msg/_pallet_seg_msg_s.ep.rosidl_typesupport_fastrtps_c.c
[13.457s] -- Installing: /home/derek/work/install/pallet_seg_msg/local/lib/python3.10/dist-packages/pallet_seg_msg/pallet_seg_msg_s__rosidl_typesupport_introspection_c.cpython-310-x86_64-linux-gnu.so
[13.457s] -- Installing: /home/derek/work/install/pallet_seg_msg/local/lib/python3.10/dist-packages/pallet_seg_msg/__init__.py
[13.457s] -- Installing: /home/derek/work/install/pallet_seg_msg/local/lib/python3.10/dist-packages/pallet_seg_msg/libpallet_seg_msg__rosidl_generator_py.so
[13.457s] -- Installing: /home/derek/work/install/pallet_seg_msg/local/lib/python3.10/dist-packages/pallet_seg_msg/msg
[13.457s] -- Installing: /home/derek/work/install/pallet_seg_msg/local/lib/python3.10/dist-packages/pallet_seg_msg/msg/_pallet_mask_s.c
[13.457s] -- Installing: /home/derek/work/install/pallet_seg_msg/local/lib/python3.10/dist-packages/pallet_seg_msg/msg/_pallet_mask.py
[13.457s] -- Installing: /home/derek/work/install/pallet_seg_msg/local/lib/python3.10/dist-packages/pallet_seg_msg/msg/__init__.py
[13.484s] Listing '/home/derek/work/install/pallet_seg_msg/local/lib/python3.10/dist-packages/pallet_seg_msg'...
[13.484s] Compiling '/home/derek/work/install/pallet_seg_msg/local/lib/python3.10/dist-packages/pallet_seg_msg/__init__.py'...
[13.484s] Listing '/home/derek/work/install/pallet_seg_msg/local/lib/python3.10/dist-packages/pallet_seg_msg/msg'...
[13.484s] Compiling '/home/derek/work/install/pallet_seg_msg/local/lib/python3.10/dist-packages/pallet_seg_msg/msg/__init__.py'...
[13.484s] Compiling '/home/derek/work/install/pallet_seg_msg/local/lib/python3.10/dist-packages/pallet_seg_msg/msg/_pallet_mask.py'...
[13.488s] -- Installing: /home/derek/work/install/pallet_seg_msg/local/lib/python3.10/dist-packages/pallet_seg_msg/pallet_seg_msg_s__rosidl_typesupport_fastrtps_c.cpython-310-x86_64-linux-gnu.so
[13.489s] -- Set runtime path of "/home/derek/work/install/pallet_seg_msg/local/lib/python3.10/dist-packages/pallet_seg_msg/pallet_seg_msg_s__rosidl_typesupport_fastrtps_c.cpython-310-x86_64-linux-gnu.so" to ""
[13.489s] -- Installing: /home/derek/work/install/pallet_seg_msg/local/lib/python3.10/dist-packages/pallet_seg_msg/pallet_seg_msg_s__rosidl_typesupport_introspection_c.cpython-310-x86_64-linux-gnu.so
[13.489s] -- Set runtime path of "/home/derek/work/install/pallet_seg_msg/local/lib/python3.10/dist-packages/pallet_seg_msg/pallet_seg_msg_s__rosidl_typesupport_introspection_c.cpython-310-x86_64-linux-gnu.so" to ""
[13.489s] -- Installing: /home/derek/work/install/pallet_seg_msg/local/lib/python3.10/dist-packages/pallet_seg_msg/pallet_seg_msg_s__rosidl_typesupport_c.cpython-310-x86_64-linux-gnu.so
[13.489s] -- Set runtime path of "/home/derek/work/install/pallet_seg_msg/local/lib/python3.10/dist-packages/pallet_seg_msg/pallet_seg_msg_s__rosidl_typesupport_c.cpython-310-x86_64-linux-gnu.so" to ""
[13.489s] -- Installing: /home/derek/work/install/pallet_seg_msg/lib/libpallet_seg_msg__rosidl_generator_py.so
[13.490s] -- Set runtime path of "/home/derek/work/install/pallet_seg_msg/lib/libpallet_seg_msg__rosidl_generator_py.so" to ""
[13.490s] -- Installing: /home/derek/work/install/pallet_seg_msg/share/pallet_seg_msg/msg/PalletMask.idl
[13.490s] -- Installing: /home/derek/work/install/pallet_seg_msg/share/pallet_seg_msg/msg/PalletMask.msg
[13.490s] -- Installing: /home/derek/work/install/pallet_seg_msg/share/ament_index/resource_index/package_run_dependencies/pallet_seg_msg
[13.490s] -- Installing: /home/derek/work/install/pallet_seg_msg/share/ament_index/resource_index/parent_prefix_path/pallet_seg_msg
[13.490s] -- Installing: /home/derek/work/install/pallet_seg_msg/share/pallet_seg_msg/environment/ament_prefix_path.sh
[13.490s] -- Installing: /home/derek/work/install/pallet_seg_msg/share/pallet_seg_msg/environment/ament_prefix_path.dsv
[13.490s] -- Installing: /home/derek/work/install/pallet_seg_msg/share/pallet_seg_msg/environment/path.sh
[13.491s] -- Installing: /home/derek/work/install/pallet_seg_msg/share/pallet_seg_msg/environment/path.dsv
[13.491s] -- Installing: /home/derek/work/install/pallet_seg_msg/share/pallet_seg_msg/local_setup.bash
[13.491s] -- Installing: /home/derek/work/install/pallet_seg_msg/share/pallet_seg_msg/local_setup.sh
[13.491s] -- Installing: /home/derek/work/install/pallet_seg_msg/share/pallet_seg_msg/local_setup.zsh
[13.491s] -- Installing: /home/derek/work/install/pallet_seg_msg/share/pallet_seg_msg/local_setup.dsv
[13.491s] -- Installing: /home/derek/work/install/pallet_seg_msg/share/pallet_seg_msg/package.dsv
[13.491s] -- Installing: /home/derek/work/install/pallet_seg_msg/share/ament_index/resource_index/packages/pallet_seg_msg
[13.492s] -- Installing: /home/derek/work/install/pallet_seg_msg/share/pallet_seg_msg/cmake/export_pallet_seg_msg__rosidl_generator_cExport.cmake
[13.492s] -- Installing: /home/derek/work/install/pallet_seg_msg/share/pallet_seg_msg/cmake/export_pallet_seg_msg__rosidl_generator_cExport-noconfig.cmake
[13.492s] -- Installing: /home/derek/work/install/pallet_seg_msg/share/pallet_seg_msg/cmake/export_pallet_seg_msg__rosidl_typesupport_fastrtps_cExport.cmake
[13.492s] -- Installing: /home/derek/work/install/pallet_seg_msg/share/pallet_seg_msg/cmake/export_pallet_seg_msg__rosidl_typesupport_fastrtps_cExport-noconfig.cmake
[13.492s] -- Installing: /home/derek/work/install/pallet_seg_msg/share/pallet_seg_msg/cmake/export_pallet_seg_msg__rosidl_generator_cppExport.cmake
[13.492s] -- Installing: /home/derek/work/install/pallet_seg_msg/share/pallet_seg_msg/cmake/export_pallet_seg_msg__rosidl_typesupport_fastrtps_cppExport.cmake
[13.492s] -- Installing: /home/derek/work/install/pallet_seg_msg/share/pallet_seg_msg/cmake/export_pallet_seg_msg__rosidl_typesupport_fastrtps_cppExport-noconfig.cmake
[13.493s] -- Installing: /home/derek/work/install/pallet_seg_msg/share/pallet_seg_msg/cmake/pallet_seg_msg__rosidl_typesupport_introspection_cExport.cmake
[13.493s] -- Installing: /home/derek/work/install/pallet_seg_msg/share/pallet_seg_msg/cmake/pallet_seg_msg__rosidl_typesupport_introspection_cExport-noconfig.cmake
[13.493s] -- Installing: /home/derek/work/install/pallet_seg_msg/share/pallet_seg_msg/cmake/pallet_seg_msg__rosidl_typesupport_cExport.cmake
[13.493s] -- Installing: /home/derek/work/install/pallet_seg_msg/share/pallet_seg_msg/cmake/pallet_seg_msg__rosidl_typesupport_cExport-noconfig.cmake
[13.493s] -- Installing: /home/derek/work/install/pallet_seg_msg/share/pallet_seg_msg/cmake/pallet_seg_msg__rosidl_typesupport_introspection_cppExport.cmake
[13.493s] -- Installing: /home/derek/work/install/pallet_seg_msg/share/pallet_seg_msg/cmake/pallet_seg_msg__rosidl_typesupport_introspection_cppExport-noconfig.cmake
[13.494s] -- Installing: /home/derek/work/install/pallet_seg_msg/share/pallet_seg_msg/cmake/pallet_seg_msg__rosidl_typesupport_cppExport.cmake
[13.494s] -- Installing: /home/derek/work/install/pallet_seg_msg/share/pallet_seg_msg/cmake/pallet_seg_msg__rosidl_typesupport_cppExport-noconfig.cmake
[13.494s] -- Installing: /home/derek/work/install/pallet_seg_msg/share/pallet_seg_msg/cmake/export_pallet_seg_msg__rosidl_generator_pyExport.cmake
[13.494s] -- Installing: /home/derek/work/install/pallet_seg_msg/share/pallet_seg_msg/cmake/export_pallet_seg_msg__rosidl_generator_pyExport-noconfig.cmake
[13.494s] -- Installing: /home/derek/work/install/pallet_seg_msg/share/pallet_seg_msg/cmake/rosidl_cmake-extras.cmake
[13.494s] -- Installing: /home/derek/work/install/pallet_seg_msg/share/pallet_seg_msg/cmake/ament_cmake_export_dependencies-extras.cmake
[13.494s] -- Installing: /home/derek/work/install/pallet_seg_msg/share/pallet_seg_msg/cmake/ament_cmake_export_include_directories-extras.cmake
[13.495s] -- Installing: /home/derek/work/install/pallet_seg_msg/share/pallet_seg_msg/cmake/ament_cmake_export_libraries-extras.cmake
[13.495s] -- Installing: /home/derek/work/install/pallet_seg_msg/share/pallet_seg_msg/cmake/ament_cmake_export_targets-extras.cmake
[13.495s] -- Installing: /home/derek/work/install/pallet_seg_msg/share/pallet_seg_msg/cmake/rosidl_cmake_export_typesupport_targets-extras.cmake
[13.495s] -- Installing: /home/derek/work/install/pallet_seg_msg/share/pallet_seg_msg/cmake/rosidl_cmake_export_typesupport_libraries-extras.cmake
[13.495s] -- Installing: /home/derek/work/install/pallet_seg_msg/share/pallet_seg_msg/cmake/pallet_seg_msgConfig.cmake
[13.495s] -- Installing: /home/derek/work/install/pallet_seg_msg/share/pallet_seg_msg/cmake/pallet_seg_msgConfig-version.cmake
[13.495s] -- Installing: /home/derek/work/install/pallet_seg_msg/share/pallet_seg_msg/package.xml
[13.497s] Invoked command in '/home/derek/work/build/pallet_seg_msg' returned '0': CMAKE_PREFIX_PATH=/opt/ros/humble /usr/bin/cmake --install /home/derek/work/build/pallet_seg_msg
