[0.320s] Invoking command in '/home/derek/work/build/nav2_bt_navigator': AMENT_PREFIX_PATH=/home/derek/work/install/nav2_core:/home/derek/work/install/nav2_costmap_2d:/home/derek/work/install/nav2_behavior_tree:/home/derek/work/install/nav2_util:/home/derek/work/install/nav2_voxel_grid:/home/derek/work/install/nav2_msgs:/home/derek/work/install/nav2_common:${AMENT_PREFIX_PATH} CMAKE_PREFIX_PATH=/home/derek/work/install/nav2_core:/home/derek/work/install/nav2_costmap_2d:/home/derek/work/install/nav2_behavior_tree:/home/derek/work/install/nav2_util:/home/derek/work/install/nav2_voxel_grid:/home/derek/work/install/nav2_msgs:/home/derek/work/install/nav2_common:/opt/ros/humble LD_LIBRARY_PATH=/home/derek/work/install/nav2_costmap_2d/lib:/home/derek/work/install/nav2_behavior_tree/lib:/home/derek/work/install/nav2_util/lib:/home/derek/work/install/nav2_voxel_grid/lib:/home/derek/work/install/nav2_msgs/lib:/usr/lib/x86_64-linux-gnu/gazebo-11/plugins:/opt/ros/humble/opt/rviz_ogre_vendor/lib:/opt/ros/humble/lib/x86_64-linux-gnu:/opt/ros/humble/lib:/usr/local/nvidia/lib:/usr/local/nvidia/lib64:/usr/share/gazebo/../../lib/x86_64-linux-gnu/gazebo-11/plugins PYTHONPATH=/home/derek/work/install/nav2_msgs/local/lib/python3.10/dist-packages:/home/derek/work/install/nav2_common/local/lib/python3.10/dist-packages:${PYTHONPATH} /usr/bin/cmake /home/derek/work/src/navigation2/nav2_bt_navigator -DCMAKE_INSTALL_PREFIX=/home/derek/work/install/nav2_bt_navigator
[0.371s] -- The C compiler identification is GNU 11.4.0
[0.430s] -- The CXX compiler identification is GNU 11.4.0
[0.439s] -- Detecting C compiler ABI info
[0.511s] -- Detecting C compiler ABI info - done
[0.523s] -- Check for working C compiler: /usr/bin/cc - skipped
[0.524s] -- Detecting C compile features
[0.524s] -- Detecting C compile features - done
[0.525s] -- Detecting CXX compiler ABI info
[0.614s] -- Detecting CXX compiler ABI info - done
[0.627s] -- Check for working CXX compiler: /usr/bin/c++ - skipped
[0.628s] -- Detecting CXX compile features
[0.628s] -- Detecting CXX compile features - done
[0.630s] -- Found ament_cmake: 1.3.7 (/opt/ros/humble/share/ament_cmake/cmake)
[1.221s] -- Found Python3: /usr/bin/python3.10 (found version "3.10.12") found components: Interpreter 
[1.336s] -- Found nav2_common: 1.1.13 (/home/derek/work/install/nav2_common/share/nav2_common/cmake)
[1.339s] -- Found rclcpp: 16.0.8 (/opt/ros/humble/share/rclcpp/cmake)
[1.402s] -- Found rosidl_generator_c: 3.1.5 (/opt/ros/humble/share/rosidl_generator_c/cmake)
[1.410s] -- Found rosidl_adapter: 3.1.5 (/opt/ros/humble/share/rosidl_adapter/cmake)
[1.423s] -- Found rosidl_generator_cpp: 3.1.5 (/opt/ros/humble/share/rosidl_generator_cpp/cmake)
[1.444s] -- Using all available rosidl_typesupport_c: rosidl_typesupport_fastrtps_c;rosidl_typesupport_introspection_c
[1.472s] -- Using all available rosidl_typesupport_cpp: rosidl_typesupport_fastrtps_cpp;rosidl_typesupport_introspection_cpp
[1.574s] -- Found rmw_implementation_cmake: 6.1.1 (/opt/ros/humble/share/rmw_implementation_cmake/cmake)
[1.579s] -- Found rmw_fastrtps_cpp: 6.2.6 (/opt/ros/humble/share/rmw_fastrtps_cpp/cmake)
[1.789s] -- Found OpenSSL: /usr/lib/x86_64-linux-gnu/libcrypto.so (found version "3.0.2")  
[1.827s] -- Found FastRTPS: /opt/ros/humble/include  
[1.911s] -- Using RMW implementation 'rmw_fastrtps_cpp' as default
[1.927s] -- Looking for pthread.h
[2.050s] -- Looking for pthread.h - found
[2.051s] -- Performing Test CMAKE_HAVE_LIBC_PTHREAD
[2.165s] -- Performing Test CMAKE_HAVE_LIBC_PTHREAD - Success
[2.166s] -- Found Threads: TRUE  
[2.409s] -- Found rclcpp_action: 16.0.8 (/opt/ros/humble/share/rclcpp_action/cmake)
[2.552s] -- Found rclcpp_lifecycle: 16.0.8 (/opt/ros/humble/share/rclcpp_lifecycle/cmake)
[2.614s] -- Found rclcpp_components: 16.0.8 (/opt/ros/humble/share/rclcpp_components/cmake)
[2.714s] -- Found geometry_msgs: 4.2.3 (/opt/ros/humble/share/geometry_msgs/cmake)
[2.777s] -- Found nav2_behavior_tree: 1.1.13 (/home/derek/work/install/nav2_behavior_tree/share/nav2_behavior_tree/cmake)
[3.378s] -- Found eigen3_cmake_module: 0.1.1 (/opt/ros/humble/share/eigen3_cmake_module/cmake)
[3.379s] -- Found Eigen3: TRUE (found version "3.4.0") 
[3.379s] -- Ensuring Eigen3 include directory is part of orocos-kdl CMake target
[4.334s] -- Found nav2_core: 1.1.13 (/home/derek/work/install/nav2_core/share/nav2_core/cmake)
[7.001s] -- Setting build type to Release as none was specified.
[19.585s] -- Found ament_lint_auto: 0.12.10 (/opt/ros/humble/share/ament_lint_auto/cmake)
[19.827s] -- Added test 'copyright' to check source files copyright and LICENSE
[19.830s] -- Added test 'cppcheck' to perform static code analysis on C / C++ code
[19.831s] -- Configured cppcheck include dirs: /home/derek/work/src/navigation2/nav2_bt_navigator/include
[19.831s] -- Configured cppcheck exclude dirs and/or files: 
[19.833s] -- Added test 'cpplint' to check C / C++ code against the Google style
[19.834s] -- Configured cpplint exclude dirs and/or files: 
[19.863s] -- Added test 'lint_cmake' to check CMake code style
[19.864s] -- Added test 'uncrustify' to check C / C++ code style
[19.864s] -- Configured uncrustify additional arguments: 
[19.864s] -- Added test 'xmllint' to check XML markup files
[19.864s] -- Configuring done
[20.181s] -- Generating done
[20.187s] -- Build files have been written to: /home/derek/work/build/nav2_bt_navigator
[20.240s] Invoked command in '/home/derek/work/build/nav2_bt_navigator' returned '0': AMENT_PREFIX_PATH=/home/derek/work/install/nav2_core:/home/derek/work/install/nav2_costmap_2d:/home/derek/work/install/nav2_behavior_tree:/home/derek/work/install/nav2_util:/home/derek/work/install/nav2_voxel_grid:/home/derek/work/install/nav2_msgs:/home/derek/work/install/nav2_common:${AMENT_PREFIX_PATH} CMAKE_PREFIX_PATH=/home/derek/work/install/nav2_core:/home/derek/work/install/nav2_costmap_2d:/home/derek/work/install/nav2_behavior_tree:/home/derek/work/install/nav2_util:/home/derek/work/install/nav2_voxel_grid:/home/derek/work/install/nav2_msgs:/home/derek/work/install/nav2_common:/opt/ros/humble LD_LIBRARY_PATH=/home/derek/work/install/nav2_costmap_2d/lib:/home/derek/work/install/nav2_behavior_tree/lib:/home/derek/work/install/nav2_util/lib:/home/derek/work/install/nav2_voxel_grid/lib:/home/derek/work/install/nav2_msgs/lib:/usr/lib/x86_64-linux-gnu/gazebo-11/plugins:/opt/ros/humble/opt/rviz_ogre_vendor/lib:/opt/ros/humble/lib/x86_64-linux-gnu:/opt/ros/humble/lib:/usr/local/nvidia/lib:/usr/local/nvidia/lib64:/usr/share/gazebo/../../lib/x86_64-linux-gnu/gazebo-11/plugins PYTHONPATH=/home/derek/work/install/nav2_msgs/local/lib/python3.10/dist-packages:/home/derek/work/install/nav2_common/local/lib/python3.10/dist-packages:${PYTHONPATH} /usr/bin/cmake /home/derek/work/src/navigation2/nav2_bt_navigator -DCMAKE_INSTALL_PREFIX=/home/derek/work/install/nav2_bt_navigator
[20.240s] Invoking command in '/home/derek/work/build/nav2_bt_navigator': AMENT_PREFIX_PATH=/home/derek/work/install/nav2_core:/home/derek/work/install/nav2_costmap_2d:/home/derek/work/install/nav2_behavior_tree:/home/derek/work/install/nav2_util:/home/derek/work/install/nav2_voxel_grid:/home/derek/work/install/nav2_msgs:/home/derek/work/install/nav2_common:${AMENT_PREFIX_PATH} CMAKE_PREFIX_PATH=/home/derek/work/install/nav2_core:/home/derek/work/install/nav2_costmap_2d:/home/derek/work/install/nav2_behavior_tree:/home/derek/work/install/nav2_util:/home/derek/work/install/nav2_voxel_grid:/home/derek/work/install/nav2_msgs:/home/derek/work/install/nav2_common:/opt/ros/humble LD_LIBRARY_PATH=/home/derek/work/install/nav2_costmap_2d/lib:/home/derek/work/install/nav2_behavior_tree/lib:/home/derek/work/install/nav2_util/lib:/home/derek/work/install/nav2_voxel_grid/lib:/home/derek/work/install/nav2_msgs/lib:/usr/lib/x86_64-linux-gnu/gazebo-11/plugins:/opt/ros/humble/opt/rviz_ogre_vendor/lib:/opt/ros/humble/lib/x86_64-linux-gnu:/opt/ros/humble/lib:/usr/local/nvidia/lib:/usr/local/nvidia/lib64:/usr/share/gazebo/../../lib/x86_64-linux-gnu/gazebo-11/plugins PYTHONPATH=/home/derek/work/install/nav2_msgs/local/lib/python3.10/dist-packages:/home/derek/work/install/nav2_common/local/lib/python3.10/dist-packages:${PYTHONPATH} /usr/bin/cmake --build /home/derek/work/build/nav2_bt_navigator -- -j16 -l16
[42.738s] [ 16%] [32mBuilding CXX object CMakeFiles/bt_navigator_core.dir/src/bt_navigator.cpp.o[0m
[42.738s] [ 33%] [32mBuilding CXX object CMakeFiles/bt_navigator_core.dir/src/navigators/navigate_to_pose.cpp.o[0m
[42.738s] [ 50%] [32mBuilding CXX object CMakeFiles/bt_navigator_core.dir/src/navigators/navigate_through_poses.cpp.o[0m
[50.270s] [ 66%] [32m[1mLinking CXX shared library libbt_navigator_core.so[0m
[50.695s] [ 66%] Built target bt_navigator_core
[50.714s] [ 83%] [32mBuilding CXX object CMakeFiles/bt_navigator.dir/src/main.cpp.o[0m
[57.845s] [100%] [32m[1mLinking CXX executable bt_navigator[0m
[58.268s] [100%] Built target bt_navigator
[58.281s] Invoked command in '/home/derek/work/build/nav2_bt_navigator' returned '0': AMENT_PREFIX_PATH=/home/derek/work/install/nav2_core:/home/derek/work/install/nav2_costmap_2d:/home/derek/work/install/nav2_behavior_tree:/home/derek/work/install/nav2_util:/home/derek/work/install/nav2_voxel_grid:/home/derek/work/install/nav2_msgs:/home/derek/work/install/nav2_common:${AMENT_PREFIX_PATH} CMAKE_PREFIX_PATH=/home/derek/work/install/nav2_core:/home/derek/work/install/nav2_costmap_2d:/home/derek/work/install/nav2_behavior_tree:/home/derek/work/install/nav2_util:/home/derek/work/install/nav2_voxel_grid:/home/derek/work/install/nav2_msgs:/home/derek/work/install/nav2_common:/opt/ros/humble LD_LIBRARY_PATH=/home/derek/work/install/nav2_costmap_2d/lib:/home/derek/work/install/nav2_behavior_tree/lib:/home/derek/work/install/nav2_util/lib:/home/derek/work/install/nav2_voxel_grid/lib:/home/derek/work/install/nav2_msgs/lib:/usr/lib/x86_64-linux-gnu/gazebo-11/plugins:/opt/ros/humble/opt/rviz_ogre_vendor/lib:/opt/ros/humble/lib/x86_64-linux-gnu:/opt/ros/humble/lib:/usr/local/nvidia/lib:/usr/local/nvidia/lib64:/usr/share/gazebo/../../lib/x86_64-linux-gnu/gazebo-11/plugins PYTHONPATH=/home/derek/work/install/nav2_msgs/local/lib/python3.10/dist-packages:/home/derek/work/install/nav2_common/local/lib/python3.10/dist-packages:${PYTHONPATH} /usr/bin/cmake --build /home/derek/work/build/nav2_bt_navigator -- -j16 -l16
[58.322s] Invoking command in '/home/derek/work/build/nav2_bt_navigator': AMENT_PREFIX_PATH=/home/derek/work/install/nav2_core:/home/derek/work/install/nav2_costmap_2d:/home/derek/work/install/nav2_behavior_tree:/home/derek/work/install/nav2_util:/home/derek/work/install/nav2_voxel_grid:/home/derek/work/install/nav2_msgs:/home/derek/work/install/nav2_common:${AMENT_PREFIX_PATH} CMAKE_PREFIX_PATH=/home/derek/work/install/nav2_core:/home/derek/work/install/nav2_costmap_2d:/home/derek/work/install/nav2_behavior_tree:/home/derek/work/install/nav2_util:/home/derek/work/install/nav2_voxel_grid:/home/derek/work/install/nav2_msgs:/home/derek/work/install/nav2_common:/opt/ros/humble LD_LIBRARY_PATH=/home/derek/work/install/nav2_costmap_2d/lib:/home/derek/work/install/nav2_behavior_tree/lib:/home/derek/work/install/nav2_util/lib:/home/derek/work/install/nav2_voxel_grid/lib:/home/derek/work/install/nav2_msgs/lib:/usr/lib/x86_64-linux-gnu/gazebo-11/plugins:/opt/ros/humble/opt/rviz_ogre_vendor/lib:/opt/ros/humble/lib/x86_64-linux-gnu:/opt/ros/humble/lib:/usr/local/nvidia/lib:/usr/local/nvidia/lib64:/usr/share/gazebo/../../lib/x86_64-linux-gnu/gazebo-11/plugins PYTHONPATH=/home/derek/work/install/nav2_msgs/local/lib/python3.10/dist-packages:/home/derek/work/install/nav2_common/local/lib/python3.10/dist-packages:${PYTHONPATH} /usr/bin/cmake --install /home/derek/work/build/nav2_bt_navigator
[69.679s] -- Install configuration: "Release"
[69.679s] -- Installing: /home/derek/work/install/nav2_bt_navigator/lib/libbt_navigator_core.so
[69.679s] -- Set runtime path of "/home/derek/work/install/nav2_bt_navigator/lib/libbt_navigator_core.so" to ""
[69.679s] -- Installing: /home/derek/work/install/nav2_bt_navigator/lib/nav2_bt_navigator/bt_navigator
[69.680s] -- Set runtime path of "/home/derek/work/install/nav2_bt_navigator/lib/nav2_bt_navigator/bt_navigator" to ""
[69.680s] -- Installing: /home/derek/work/install/nav2_bt_navigator/include/
[69.680s] -- Installing: /home/derek/work/install/nav2_bt_navigator/include//nav2_bt_navigator
[69.680s] -- Installing: /home/derek/work/install/nav2_bt_navigator/include//nav2_bt_navigator/navigator.hpp
[69.680s] -- Installing: /home/derek/work/install/nav2_bt_navigator/include//nav2_bt_navigator/bt_navigator.hpp
[69.680s] -- Installing: /home/derek/work/install/nav2_bt_navigator/include//nav2_bt_navigator/navigators
[69.680s] -- Installing: /home/derek/work/install/nav2_bt_navigator/include//nav2_bt_navigator/navigators/navigate_to_pose.hpp
[69.680s] -- Installing: /home/derek/work/install/nav2_bt_navigator/include//nav2_bt_navigator/navigators/navigate_through_poses.hpp
[69.680s] -- Installing: /home/derek/work/install/nav2_bt_navigator/share/nav2_bt_navigator/behavior_trees
[69.680s] -- Installing: /home/derek/work/install/nav2_bt_navigator/share/nav2_bt_navigator/behavior_trees/navigate_w_recovery_and_replanning_only_if_path_becomes_invalid.xml
[69.680s] -- Installing: /home/derek/work/install/nav2_bt_navigator/share/nav2_bt_navigator/behavior_trees/odometry_calibration.xml
[69.680s] -- Installing: /home/derek/work/install/nav2_bt_navigator/share/nav2_bt_navigator/behavior_trees/navigate_w_replanning_only_if_path_becomes_invalid.xml
[69.680s] -- Installing: /home/derek/work/install/nav2_bt_navigator/share/nav2_bt_navigator/behavior_trees/navigate_w_replanning_speed.xml
[69.680s] -- Installing: /home/derek/work/install/nav2_bt_navigator/share/nav2_bt_navigator/behavior_trees/navigate_w_replanning_time.xml
[69.680s] -- Installing: /home/derek/work/install/nav2_bt_navigator/share/nav2_bt_navigator/behavior_trees/navigate_w_replanning_distance.xml
[69.680s] -- Installing: /home/derek/work/install/nav2_bt_navigator/share/nav2_bt_navigator/behavior_trees/nav_to_pose_with_consistent_replanning_and_if_path_becomes_invalid.xml
[69.680s] -- Installing: /home/derek/work/install/nav2_bt_navigator/share/nav2_bt_navigator/behavior_trees/navigate_w_replanning_only_if_goal_is_updated.xml
[69.680s] -- Installing: /home/derek/work/install/nav2_bt_navigator/share/nav2_bt_navigator/behavior_trees/follow_point.xml
[69.681s] -- Installing: /home/derek/work/install/nav2_bt_navigator/share/nav2_bt_navigator/behavior_trees/navigate_to_pose_w_replanning_and_recovery.xml
[69.681s] -- Installing: /home/derek/work/install/nav2_bt_navigator/share/nav2_bt_navigator/behavior_trees/navigate_to_pose_w_replanning_goal_patience_and_recovery.xml
[69.681s] -- Installing: /home/derek/work/install/nav2_bt_navigator/share/nav2_bt_navigator/behavior_trees/navigate_through_poses_w_replanning_and_recovery.xml
[69.681s] -- Installing: /home/derek/work/install/nav2_bt_navigator/share/nav2_bt_navigator/environment/library_path.sh
[69.682s] -- Installing: /home/derek/work/install/nav2_bt_navigator/share/nav2_bt_navigator/environment/library_path.dsv
[69.682s] -- Installing: /home/derek/work/install/nav2_bt_navigator/share/ament_index/resource_index/package_run_dependencies/nav2_bt_navigator
[69.682s] -- Installing: /home/derek/work/install/nav2_bt_navigator/share/ament_index/resource_index/parent_prefix_path/nav2_bt_navigator
[69.682s] -- Installing: /home/derek/work/install/nav2_bt_navigator/share/nav2_bt_navigator/environment/ament_prefix_path.sh
[69.684s] -- Installing: /home/derek/work/install/nav2_bt_navigator/share/nav2_bt_navigator/environment/ament_prefix_path.dsv
[69.684s] -- Installing: /home/derek/work/install/nav2_bt_navigator/share/nav2_bt_navigator/environment/path.sh
[69.684s] -- Installing: /home/derek/work/install/nav2_bt_navigator/share/nav2_bt_navigator/environment/path.dsv
[69.684s] -- Installing: /home/derek/work/install/nav2_bt_navigator/share/nav2_bt_navigator/local_setup.bash
[69.685s] -- Installing: /home/derek/work/install/nav2_bt_navigator/share/nav2_bt_navigator/local_setup.sh
[69.685s] -- Installing: /home/derek/work/install/nav2_bt_navigator/share/nav2_bt_navigator/local_setup.zsh
[69.685s] -- Installing: /home/derek/work/install/nav2_bt_navigator/share/nav2_bt_navigator/local_setup.dsv
[69.685s] -- Installing: /home/derek/work/install/nav2_bt_navigator/share/nav2_bt_navigator/package.dsv
[69.685s] -- Installing: /home/derek/work/install/nav2_bt_navigator/share/ament_index/resource_index/packages/nav2_bt_navigator
[69.685s] -- Installing: /home/derek/work/install/nav2_bt_navigator/share/ament_index/resource_index/rclcpp_components/nav2_bt_navigator
[69.685s] -- Installing: /home/derek/work/install/nav2_bt_navigator/share/nav2_bt_navigator/cmake/ament_cmake_export_include_directories-extras.cmake
[69.685s] -- Installing: /home/derek/work/install/nav2_bt_navigator/share/nav2_bt_navigator/cmake/ament_cmake_export_libraries-extras.cmake
[69.685s] -- Installing: /home/derek/work/install/nav2_bt_navigator/share/nav2_bt_navigator/cmake/ament_cmake_export_dependencies-extras.cmake
[69.686s] -- Installing: /home/derek/work/install/nav2_bt_navigator/share/nav2_bt_navigator/cmake/nav2_bt_navigatorConfig.cmake
[69.686s] -- Installing: /home/derek/work/install/nav2_bt_navigator/share/nav2_bt_navigator/cmake/nav2_bt_navigatorConfig-version.cmake
[69.686s] -- Installing: /home/derek/work/install/nav2_bt_navigator/share/nav2_bt_navigator/package.xml
[69.782s] Invoked command in '/home/derek/work/build/nav2_bt_navigator' returned '0': AMENT_PREFIX_PATH=/home/derek/work/install/nav2_core:/home/derek/work/install/nav2_costmap_2d:/home/derek/work/install/nav2_behavior_tree:/home/derek/work/install/nav2_util:/home/derek/work/install/nav2_voxel_grid:/home/derek/work/install/nav2_msgs:/home/derek/work/install/nav2_common:${AMENT_PREFIX_PATH} CMAKE_PREFIX_PATH=/home/derek/work/install/nav2_core:/home/derek/work/install/nav2_costmap_2d:/home/derek/work/install/nav2_behavior_tree:/home/derek/work/install/nav2_util:/home/derek/work/install/nav2_voxel_grid:/home/derek/work/install/nav2_msgs:/home/derek/work/install/nav2_common:/opt/ros/humble LD_LIBRARY_PATH=/home/derek/work/install/nav2_costmap_2d/lib:/home/derek/work/install/nav2_behavior_tree/lib:/home/derek/work/install/nav2_util/lib:/home/derek/work/install/nav2_voxel_grid/lib:/home/derek/work/install/nav2_msgs/lib:/usr/lib/x86_64-linux-gnu/gazebo-11/plugins:/opt/ros/humble/opt/rviz_ogre_vendor/lib:/opt/ros/humble/lib/x86_64-linux-gnu:/opt/ros/humble/lib:/usr/local/nvidia/lib:/usr/local/nvidia/lib64:/usr/share/gazebo/../../lib/x86_64-linux-gnu/gazebo-11/plugins PYTHONPATH=/home/derek/work/install/nav2_msgs/local/lib/python3.10/dist-packages:/home/derek/work/install/nav2_common/local/lib/python3.10/dist-packages:${PYTHONPATH} /usr/bin/cmake --install /home/derek/work/build/nav2_bt_navigator
