[0.362s] Invoking command in '/home/derek/work/build/nav2_behaviors': AMENT_PREFIX_PATH=/home/derek/work/install/nav2_core:/home/derek/work/install/nav2_costmap_2d:/home/derek/work/install/nav2_behavior_tree:/home/derek/work/install/nav2_util:/home/derek/work/install/nav2_voxel_grid:/home/derek/work/install/nav2_msgs:/home/derek/work/install/nav2_common:${AMENT_PREFIX_PATH} CMAKE_PREFIX_PATH=/home/derek/work/install/nav2_core:/home/derek/work/install/nav2_costmap_2d:/home/derek/work/install/nav2_behavior_tree:/home/derek/work/install/nav2_util:/home/derek/work/install/nav2_voxel_grid:/home/derek/work/install/nav2_msgs:/home/derek/work/install/nav2_common:/opt/ros/humble LD_LIBRARY_PATH=/home/derek/work/install/nav2_costmap_2d/lib:/home/derek/work/install/nav2_behavior_tree/lib:/home/derek/work/install/nav2_util/lib:/home/derek/work/install/nav2_voxel_grid/lib:/home/derek/work/install/nav2_msgs/lib:/usr/lib/x86_64-linux-gnu/gazebo-11/plugins:/opt/ros/humble/opt/rviz_ogre_vendor/lib:/opt/ros/humble/lib/x86_64-linux-gnu:/opt/ros/humble/lib:/usr/local/nvidia/lib:/usr/local/nvidia/lib64:/usr/share/gazebo/../../lib/x86_64-linux-gnu/gazebo-11/plugins PYTHONPATH=/home/derek/work/install/nav2_msgs/local/lib/python3.10/dist-packages:/home/derek/work/install/nav2_common/local/lib/python3.10/dist-packages:${PYTHONPATH} /usr/bin/cmake --build /home/derek/work/build/nav2_behaviors -- -j16 -l16
[0.400s] [35m[1mConsolidate compiler generated dependencies of target nav2_wait_behavior[0m
[0.407s] [35m[1mConsolidate compiler generated dependencies of target behavior_server_core[0m
[0.407s] [35m[1mConsolidate compiler generated dependencies of target gtest[0m
[0.410s] [35m[1mConsolidate compiler generated dependencies of target nav2_back_up_behavior[0m
[0.410s] [35m[1mConsolidate compiler generated dependencies of target nav2_assisted_teleop_behavior[0m
[0.410s] [35m[1mConsolidate compiler generated dependencies of target nav2_spin_behavior[0m
[0.416s] [35m[1mConsolidate compiler generated dependencies of target nav2_drive_on_heading_behavior[0m
[0.423s] [35m[1mConsolidate compiler generated dependencies of target gtest_main[0m
[0.484s] [ 10%] Built target nav2_wait_behavior
[0.508s] [ 20%] Built target behavior_server_core
[0.508s] [ 30%] Built target gtest
[0.517s] [ 40%] Built target nav2_spin_behavior
[0.524s] [ 50%] Built target nav2_back_up_behavior
[0.526s] [ 60%] Built target nav2_assisted_teleop_behavior
[0.526s] [ 70%] Built target nav2_drive_on_heading_behavior
[0.532s] [ 80%] Built target gtest_main
[0.538s] [35m[1mConsolidate compiler generated dependencies of target behavior_server[0m
[0.546s] [35m[1mConsolidate compiler generated dependencies of target test_behaviors[0m
[0.572s] [ 90%] Built target behavior_server
[0.574s] [100%] Built target test_behaviors
[0.630s] Invoked command in '/home/derek/work/build/nav2_behaviors' returned '0': AMENT_PREFIX_PATH=/home/derek/work/install/nav2_core:/home/derek/work/install/nav2_costmap_2d:/home/derek/work/install/nav2_behavior_tree:/home/derek/work/install/nav2_util:/home/derek/work/install/nav2_voxel_grid:/home/derek/work/install/nav2_msgs:/home/derek/work/install/nav2_common:${AMENT_PREFIX_PATH} CMAKE_PREFIX_PATH=/home/derek/work/install/nav2_core:/home/derek/work/install/nav2_costmap_2d:/home/derek/work/install/nav2_behavior_tree:/home/derek/work/install/nav2_util:/home/derek/work/install/nav2_voxel_grid:/home/derek/work/install/nav2_msgs:/home/derek/work/install/nav2_common:/opt/ros/humble LD_LIBRARY_PATH=/home/derek/work/install/nav2_costmap_2d/lib:/home/derek/work/install/nav2_behavior_tree/lib:/home/derek/work/install/nav2_util/lib:/home/derek/work/install/nav2_voxel_grid/lib:/home/derek/work/install/nav2_msgs/lib:/usr/lib/x86_64-linux-gnu/gazebo-11/plugins:/opt/ros/humble/opt/rviz_ogre_vendor/lib:/opt/ros/humble/lib/x86_64-linux-gnu:/opt/ros/humble/lib:/usr/local/nvidia/lib:/usr/local/nvidia/lib64:/usr/share/gazebo/../../lib/x86_64-linux-gnu/gazebo-11/plugins PYTHONPATH=/home/derek/work/install/nav2_msgs/local/lib/python3.10/dist-packages:/home/derek/work/install/nav2_common/local/lib/python3.10/dist-packages:${PYTHONPATH} /usr/bin/cmake --build /home/derek/work/build/nav2_behaviors -- -j16 -l16
[0.776s] Invoking command in '/home/derek/work/build/nav2_behaviors': AMENT_PREFIX_PATH=/home/derek/work/install/nav2_core:/home/derek/work/install/nav2_costmap_2d:/home/derek/work/install/nav2_behavior_tree:/home/derek/work/install/nav2_util:/home/derek/work/install/nav2_voxel_grid:/home/derek/work/install/nav2_msgs:/home/derek/work/install/nav2_common:${AMENT_PREFIX_PATH} CMAKE_PREFIX_PATH=/home/derek/work/install/nav2_core:/home/derek/work/install/nav2_costmap_2d:/home/derek/work/install/nav2_behavior_tree:/home/derek/work/install/nav2_util:/home/derek/work/install/nav2_voxel_grid:/home/derek/work/install/nav2_msgs:/home/derek/work/install/nav2_common:/opt/ros/humble LD_LIBRARY_PATH=/home/derek/work/install/nav2_costmap_2d/lib:/home/derek/work/install/nav2_behavior_tree/lib:/home/derek/work/install/nav2_util/lib:/home/derek/work/install/nav2_voxel_grid/lib:/home/derek/work/install/nav2_msgs/lib:/usr/lib/x86_64-linux-gnu/gazebo-11/plugins:/opt/ros/humble/opt/rviz_ogre_vendor/lib:/opt/ros/humble/lib/x86_64-linux-gnu:/opt/ros/humble/lib:/usr/local/nvidia/lib:/usr/local/nvidia/lib64:/usr/share/gazebo/../../lib/x86_64-linux-gnu/gazebo-11/plugins PYTHONPATH=/home/derek/work/install/nav2_msgs/local/lib/python3.10/dist-packages:/home/derek/work/install/nav2_common/local/lib/python3.10/dist-packages:${PYTHONPATH} /usr/bin/cmake --install /home/derek/work/build/nav2_behaviors
[0.811s] -- Install configuration: "Release"
[0.811s] -- Up-to-date: /home/derek/work/install/nav2_behaviors/share/nav2_behaviors/behavior_plugin.xml
[0.811s] -- Up-to-date: /home/derek/work/install/nav2_behaviors/lib/libbehavior_server_core.so
[0.811s] -- Up-to-date: /home/derek/work/install/nav2_behaviors/lib/libnav2_spin_behavior.so
[0.812s] -- Up-to-date: /home/derek/work/install/nav2_behaviors/lib/libnav2_wait_behavior.so
[0.812s] -- Up-to-date: /home/derek/work/install/nav2_behaviors/lib/libnav2_assisted_teleop_behavior.so
[0.812s] -- Up-to-date: /home/derek/work/install/nav2_behaviors/lib/libnav2_drive_on_heading_behavior.so
[0.812s] -- Up-to-date: /home/derek/work/install/nav2_behaviors/lib/libnav2_back_up_behavior.so
[0.812s] -- Up-to-date: /home/derek/work/install/nav2_behaviors/lib/nav2_behaviors/behavior_server
[0.812s] -- Up-to-date: /home/derek/work/install/nav2_behaviors/include/
[0.812s] -- Up-to-date: /home/derek/work/install/nav2_behaviors/include//nav2_behaviors
[0.812s] -- Up-to-date: /home/derek/work/install/nav2_behaviors/include//nav2_behaviors/timed_behavior.hpp
[0.812s] -- Up-to-date: /home/derek/work/install/nav2_behaviors/include//nav2_behaviors/behavior_server.hpp
[0.812s] -- Up-to-date: /home/derek/work/install/nav2_behaviors/include//nav2_behaviors/plugins
[0.812s] -- Up-to-date: /home/derek/work/install/nav2_behaviors/include//nav2_behaviors/plugins/spin.hpp
[0.812s] -- Up-to-date: /home/derek/work/install/nav2_behaviors/include//nav2_behaviors/plugins/back_up.hpp
[0.812s] -- Up-to-date: /home/derek/work/install/nav2_behaviors/include//nav2_behaviors/plugins/drive_on_heading.hpp
[0.812s] -- Up-to-date: /home/derek/work/install/nav2_behaviors/include//nav2_behaviors/plugins/wait.hpp
[0.812s] -- Up-to-date: /home/derek/work/install/nav2_behaviors/include//nav2_behaviors/plugins/assisted_teleop.hpp
[0.812s] -- Up-to-date: /home/derek/work/install/nav2_behaviors/share/nav2_behaviors/behavior_plugin.xml
[0.812s] -- Up-to-date: /home/derek/work/install/nav2_behaviors/share/nav2_behaviors/plugins/
[0.812s] -- Up-to-date: /home/derek/work/install/nav2_behaviors/share/nav2_behaviors/plugins//drive_on_heading.cpp
[0.812s] -- Up-to-date: /home/derek/work/install/nav2_behaviors/share/nav2_behaviors/plugins//back_up.cpp
[0.812s] -- Up-to-date: /home/derek/work/install/nav2_behaviors/share/nav2_behaviors/plugins//spin.cpp
[0.812s] -- Up-to-date: /home/derek/work/install/nav2_behaviors/share/nav2_behaviors/plugins//wait.cpp
[0.813s] -- Up-to-date: /home/derek/work/install/nav2_behaviors/share/nav2_behaviors/plugins//assisted_teleop.cpp
[0.813s] -- Up-to-date: /home/derek/work/install/nav2_behaviors/share/nav2_behaviors/environment/library_path.sh
[0.813s] -- Up-to-date: /home/derek/work/install/nav2_behaviors/share/nav2_behaviors/environment/library_path.dsv
[0.813s] -- Up-to-date: /home/derek/work/install/nav2_behaviors/share/ament_index/resource_index/package_run_dependencies/nav2_behaviors
[0.813s] -- Up-to-date: /home/derek/work/install/nav2_behaviors/share/ament_index/resource_index/parent_prefix_path/nav2_behaviors
[0.813s] -- Up-to-date: /home/derek/work/install/nav2_behaviors/share/nav2_behaviors/environment/ament_prefix_path.sh
[0.813s] -- Up-to-date: /home/derek/work/install/nav2_behaviors/share/nav2_behaviors/environment/ament_prefix_path.dsv
[0.813s] -- Up-to-date: /home/derek/work/install/nav2_behaviors/share/nav2_behaviors/environment/path.sh
[0.813s] -- Up-to-date: /home/derek/work/install/nav2_behaviors/share/nav2_behaviors/environment/path.dsv
[0.813s] -- Up-to-date: /home/derek/work/install/nav2_behaviors/share/nav2_behaviors/local_setup.bash
[0.813s] -- Up-to-date: /home/derek/work/install/nav2_behaviors/share/nav2_behaviors/local_setup.sh
[0.813s] -- Up-to-date: /home/derek/work/install/nav2_behaviors/share/nav2_behaviors/local_setup.zsh
[0.813s] -- Up-to-date: /home/derek/work/install/nav2_behaviors/share/nav2_behaviors/local_setup.dsv
[0.813s] -- Installing: /home/derek/work/install/nav2_behaviors/share/nav2_behaviors/package.dsv
[0.813s] -- Up-to-date: /home/derek/work/install/nav2_behaviors/share/ament_index/resource_index/packages/nav2_behaviors
[0.813s] -- Up-to-date: /home/derek/work/install/nav2_behaviors/share/ament_index/resource_index/nav2_core__pluginlib__plugin/nav2_behaviors
[0.813s] -- Up-to-date: /home/derek/work/install/nav2_behaviors/share/ament_index/resource_index/rclcpp_components/nav2_behaviors
[0.813s] -- Up-to-date: /home/derek/work/install/nav2_behaviors/share/nav2_behaviors/cmake/ament_cmake_export_include_directories-extras.cmake
[0.814s] -- Up-to-date: /home/derek/work/install/nav2_behaviors/share/nav2_behaviors/cmake/ament_cmake_export_libraries-extras.cmake
[0.814s] -- Up-to-date: /home/derek/work/install/nav2_behaviors/share/nav2_behaviors/cmake/ament_cmake_export_dependencies-extras.cmake
[0.814s] -- Up-to-date: /home/derek/work/install/nav2_behaviors/share/nav2_behaviors/cmake/nav2_behaviorsConfig.cmake
[0.814s] -- Up-to-date: /home/derek/work/install/nav2_behaviors/share/nav2_behaviors/cmake/nav2_behaviorsConfig-version.cmake
[0.814s] -- Up-to-date: /home/derek/work/install/nav2_behaviors/share/nav2_behaviors/package.xml
[1.100s] Invoked command in '/home/derek/work/build/nav2_behaviors' returned '0': AMENT_PREFIX_PATH=/home/derek/work/install/nav2_core:/home/derek/work/install/nav2_costmap_2d:/home/derek/work/install/nav2_behavior_tree:/home/derek/work/install/nav2_util:/home/derek/work/install/nav2_voxel_grid:/home/derek/work/install/nav2_msgs:/home/derek/work/install/nav2_common:${AMENT_PREFIX_PATH} CMAKE_PREFIX_PATH=/home/derek/work/install/nav2_core:/home/derek/work/install/nav2_costmap_2d:/home/derek/work/install/nav2_behavior_tree:/home/derek/work/install/nav2_util:/home/derek/work/install/nav2_voxel_grid:/home/derek/work/install/nav2_msgs:/home/derek/work/install/nav2_common:/opt/ros/humble LD_LIBRARY_PATH=/home/derek/work/install/nav2_costmap_2d/lib:/home/derek/work/install/nav2_behavior_tree/lib:/home/derek/work/install/nav2_util/lib:/home/derek/work/install/nav2_voxel_grid/lib:/home/derek/work/install/nav2_msgs/lib:/usr/lib/x86_64-linux-gnu/gazebo-11/plugins:/opt/ros/humble/opt/rviz_ogre_vendor/lib:/opt/ros/humble/lib/x86_64-linux-gnu:/opt/ros/humble/lib:/usr/local/nvidia/lib:/usr/local/nvidia/lib64:/usr/share/gazebo/../../lib/x86_64-linux-gnu/gazebo-11/plugins PYTHONPATH=/home/derek/work/install/nav2_msgs/local/lib/python3.10/dist-packages:/home/derek/work/install/nav2_common/local/lib/python3.10/dist-packages:${PYTHONPATH} /usr/bin/cmake --install /home/derek/work/build/nav2_behaviors
