[0.380s] Invoking command in '/home/derek/work/build/nav2_regulated_pure_pursuit_controller': AMENT_PREFIX_PATH=/home/derek/work/install/nav2_core:/home/derek/work/install/nav2_costmap_2d:/home/derek/work/install/nav2_util:/home/derek/work/install/nav2_voxel_grid:/home/derek/work/install/nav2_msgs:/home/derek/work/install/nav2_common:${AMENT_PREFIX_PATH} CMAKE_PREFIX_PATH=/home/derek/work/install/nav2_core:/home/derek/work/install/nav2_costmap_2d:/home/derek/work/install/nav2_util:/home/derek/work/install/nav2_voxel_grid:/home/derek/work/install/nav2_msgs:/home/derek/work/install/nav2_common:/opt/ros/humble LD_LIBRARY_PATH=/home/derek/work/install/nav2_costmap_2d/lib:/home/derek/work/install/nav2_util/lib:/home/derek/work/install/nav2_voxel_grid/lib:/home/derek/work/install/nav2_msgs/lib:/usr/lib/x86_64-linux-gnu/gazebo-11/plugins:/opt/ros/humble/opt/rviz_ogre_vendor/lib:/opt/ros/humble/lib/x86_64-linux-gnu:/opt/ros/humble/lib:/usr/local/nvidia/lib:/usr/local/nvidia/lib64:/usr/share/gazebo/../../lib/x86_64-linux-gnu/gazebo-11/plugins PYTHONPATH=/home/derek/work/install/nav2_msgs/local/lib/python3.10/dist-packages:/home/derek/work/install/nav2_common/local/lib/python3.10/dist-packages:${PYTHONPATH} /usr/bin/cmake /home/derek/work/src/navigation2/nav2_regulated_pure_pursuit_controller -DCMAKE_INSTALL_PREFIX=/home/derek/work/install/nav2_regulated_pure_pursuit_controller
[0.440s] -- The C compiler identification is GNU 11.4.0
[0.505s] -- The CXX compiler identification is GNU 11.4.0
[0.514s] -- Detecting C compiler ABI info
[0.587s] -- Detecting C compiler ABI info - done
[0.592s] -- Check for working C compiler: /usr/bin/cc - skipped
[0.593s] -- Detecting C compile features
[0.593s] -- Detecting C compile features - done
[0.597s] -- Detecting CXX compiler ABI info
[0.687s] -- Detecting CXX compiler ABI info - done
[0.696s] -- Check for working CXX compiler: /usr/bin/c++ - skipped
[0.697s] -- Detecting CXX compile features
[0.698s] -- Detecting CXX compile features - done
[0.701s] -- Found ament_cmake: 1.3.7 (/opt/ros/humble/share/ament_cmake/cmake)
[1.437s] -- Found Python3: /usr/bin/python3.10 (found version "3.10.12") found components: Interpreter 
[1.553s] -- Found nav2_common: 1.1.13 (/home/derek/work/install/nav2_common/share/nav2_common/cmake)
[1.553s] -- Found nav2_core: 1.1.13 (/home/derek/work/install/nav2_core/share/nav2_core/cmake)
[1.637s] -- Found rosidl_generator_c: 3.1.5 (/opt/ros/humble/share/rosidl_generator_c/cmake)
[1.653s] -- Found rosidl_adapter: 3.1.5 (/opt/ros/humble/share/rosidl_adapter/cmake)
[1.672s] -- Found rosidl_generator_cpp: 3.1.5 (/opt/ros/humble/share/rosidl_generator_cpp/cmake)
[1.694s] -- Using all available rosidl_typesupport_c: rosidl_typesupport_fastrtps_c;rosidl_typesupport_introspection_c
[1.722s] -- Using all available rosidl_typesupport_cpp: rosidl_typesupport_fastrtps_cpp;rosidl_typesupport_introspection_cpp
[1.823s] -- Found rmw_implementation_cmake: 6.1.1 (/opt/ros/humble/share/rmw_implementation_cmake/cmake)
[1.827s] -- Found rmw_fastrtps_cpp: 6.2.6 (/opt/ros/humble/share/rmw_fastrtps_cpp/cmake)
[1.978s] -- Found OpenSSL: /usr/lib/x86_64-linux-gnu/libcrypto.so (found version "3.0.2")  
[2.016s] -- Found FastRTPS: /opt/ros/humble/include  
[2.090s] -- Using RMW implementation 'rmw_fastrtps_cpp' as default
[2.104s] -- Looking for pthread.h
[2.184s] -- Looking for pthread.h - found
[2.184s] -- Performing Test CMAKE_HAVE_LIBC_PTHREAD
[2.282s] -- Performing Test CMAKE_HAVE_LIBC_PTHREAD - Success
[2.283s] -- Found Threads: TRUE  
[3.969s] -- Found Eigen3: TRUE (found version "3.4.0") 
[3.969s] -- Ensuring Eigen3 include directory is part of orocos-kdl CMake target
[6.291s] -- Setting build type to Release as none was specified.
[12.239s] -- Found ament_lint_auto: 0.12.10 (/opt/ros/humble/share/ament_lint_auto/cmake)
[12.327s] -- Found gtest sources under '/opt/ros/humble/src/gtest_vendor': C++ tests using 'Google Test' will be built
[19.247s] -- Added test 'cppcheck' to perform static code analysis on C / C++ code
[19.248s] -- Configured cppcheck include dirs: /home/derek/work/src/navigation2/nav2_regulated_pure_pursuit_controller/include
[19.248s] -- Configured cppcheck exclude dirs and/or files: 
[19.260s] -- Added test 'cpplint' to check C / C++ code against the Google style
[19.260s] -- Configured cpplint exclude dirs and/or files: 
[19.261s] -- Added test 'lint_cmake' to check CMake code style
[19.262s] -- Added test 'uncrustify' to check C / C++ code style
[19.263s] -- Configured uncrustify additional arguments: 
[19.263s] -- Added test 'xmllint' to check XML markup files
[19.266s] -- Configuring done
[19.398s] -- Generating done
[19.401s] -- Build files have been written to: /home/derek/work/build/nav2_regulated_pure_pursuit_controller
[19.426s] Invoked command in '/home/derek/work/build/nav2_regulated_pure_pursuit_controller' returned '0': AMENT_PREFIX_PATH=/home/derek/work/install/nav2_core:/home/derek/work/install/nav2_costmap_2d:/home/derek/work/install/nav2_util:/home/derek/work/install/nav2_voxel_grid:/home/derek/work/install/nav2_msgs:/home/derek/work/install/nav2_common:${AMENT_PREFIX_PATH} CMAKE_PREFIX_PATH=/home/derek/work/install/nav2_core:/home/derek/work/install/nav2_costmap_2d:/home/derek/work/install/nav2_util:/home/derek/work/install/nav2_voxel_grid:/home/derek/work/install/nav2_msgs:/home/derek/work/install/nav2_common:/opt/ros/humble LD_LIBRARY_PATH=/home/derek/work/install/nav2_costmap_2d/lib:/home/derek/work/install/nav2_util/lib:/home/derek/work/install/nav2_voxel_grid/lib:/home/derek/work/install/nav2_msgs/lib:/usr/lib/x86_64-linux-gnu/gazebo-11/plugins:/opt/ros/humble/opt/rviz_ogre_vendor/lib:/opt/ros/humble/lib/x86_64-linux-gnu:/opt/ros/humble/lib:/usr/local/nvidia/lib:/usr/local/nvidia/lib64:/usr/share/gazebo/../../lib/x86_64-linux-gnu/gazebo-11/plugins PYTHONPATH=/home/derek/work/install/nav2_msgs/local/lib/python3.10/dist-packages:/home/derek/work/install/nav2_common/local/lib/python3.10/dist-packages:${PYTHONPATH} /usr/bin/cmake /home/derek/work/src/navigation2/nav2_regulated_pure_pursuit_controller -DCMAKE_INSTALL_PREFIX=/home/derek/work/install/nav2_regulated_pure_pursuit_controller
[19.442s] Invoking command in '/home/derek/work/build/nav2_regulated_pure_pursuit_controller': AMENT_PREFIX_PATH=/home/derek/work/install/nav2_core:/home/derek/work/install/nav2_costmap_2d:/home/derek/work/install/nav2_util:/home/derek/work/install/nav2_voxel_grid:/home/derek/work/install/nav2_msgs:/home/derek/work/install/nav2_common:${AMENT_PREFIX_PATH} CMAKE_PREFIX_PATH=/home/derek/work/install/nav2_core:/home/derek/work/install/nav2_costmap_2d:/home/derek/work/install/nav2_util:/home/derek/work/install/nav2_voxel_grid:/home/derek/work/install/nav2_msgs:/home/derek/work/install/nav2_common:/opt/ros/humble LD_LIBRARY_PATH=/home/derek/work/install/nav2_costmap_2d/lib:/home/derek/work/install/nav2_util/lib:/home/derek/work/install/nav2_voxel_grid/lib:/home/derek/work/install/nav2_msgs/lib:/usr/lib/x86_64-linux-gnu/gazebo-11/plugins:/opt/ros/humble/opt/rviz_ogre_vendor/lib:/opt/ros/humble/lib/x86_64-linux-gnu:/opt/ros/humble/lib:/usr/local/nvidia/lib:/usr/local/nvidia/lib64:/usr/share/gazebo/../../lib/x86_64-linux-gnu/gazebo-11/plugins PYTHONPATH=/home/derek/work/install/nav2_msgs/local/lib/python3.10/dist-packages:/home/derek/work/install/nav2_common/local/lib/python3.10/dist-packages:${PYTHONPATH} /usr/bin/cmake --build /home/derek/work/build/nav2_regulated_pure_pursuit_controller -- -j16 -l16
[30.482s] [  8%] [32mBuilding CXX object gtest/CMakeFiles/gtest_main.dir/src/gtest_main.cc.o[0m
[30.483s] [ 16%] [32mBuilding CXX object CMakeFiles/nav2_regulated_pure_pursuit_controller.dir/src/regulated_pure_pursuit_controller.cpp.o[0m
[30.483s] [ 25%] [32mBuilding CXX object gtest/CMakeFiles/gtest.dir/src/gtest-all.cc.o[0m
[30.483s] [ 33%] [32m[1mLinking CXX static library libgtest_main.a[0m
[30.494s] [ 33%] Built target gtest_main
[33.341s] [ 41%] [32m[1mLinking CXX static library libgtest.a[0m
[33.525s] [ 41%] Built target gtest
[36.633s] [ 50%] [32m[1mLinking CXX shared library libnav2_regulated_pure_pursuit_controller.so[0m
[37.185s] [ 50%] Built target nav2_regulated_pure_pursuit_controller
[37.298s] [ 58%] [32mBuilding CXX object test/CMakeFiles/test_path_utils.dir/path_utils/test_path_utils.cpp.o[0m
[39.408s] [ 66%] [32mBuilding CXX object test/CMakeFiles/test_path_utils.dir/path_utils/path_utils.cpp.o[0m
[42.928s] [ 75%] [32m[1mLinking CXX executable test_path_utils[0m
[43.069s] [ 75%] Built target test_path_utils
[43.088s] [ 83%] [32mBuilding CXX object test/CMakeFiles/test_regulated_pp.dir/test_regulated_pp.cpp.o[0m
[51.054s] [ 91%] [32mBuilding CXX object test/CMakeFiles/test_regulated_pp.dir/path_utils/path_utils.cpp.o[0m
[54.684s] [100%] [32m[1mLinking CXX executable test_regulated_pp[0m
[55.190s] [100%] Built target test_regulated_pp
[55.204s] Invoked command in '/home/derek/work/build/nav2_regulated_pure_pursuit_controller' returned '0': AMENT_PREFIX_PATH=/home/derek/work/install/nav2_core:/home/derek/work/install/nav2_costmap_2d:/home/derek/work/install/nav2_util:/home/derek/work/install/nav2_voxel_grid:/home/derek/work/install/nav2_msgs:/home/derek/work/install/nav2_common:${AMENT_PREFIX_PATH} CMAKE_PREFIX_PATH=/home/derek/work/install/nav2_core:/home/derek/work/install/nav2_costmap_2d:/home/derek/work/install/nav2_util:/home/derek/work/install/nav2_voxel_grid:/home/derek/work/install/nav2_msgs:/home/derek/work/install/nav2_common:/opt/ros/humble LD_LIBRARY_PATH=/home/derek/work/install/nav2_costmap_2d/lib:/home/derek/work/install/nav2_util/lib:/home/derek/work/install/nav2_voxel_grid/lib:/home/derek/work/install/nav2_msgs/lib:/usr/lib/x86_64-linux-gnu/gazebo-11/plugins:/opt/ros/humble/opt/rviz_ogre_vendor/lib:/opt/ros/humble/lib/x86_64-linux-gnu:/opt/ros/humble/lib:/usr/local/nvidia/lib:/usr/local/nvidia/lib64:/usr/share/gazebo/../../lib/x86_64-linux-gnu/gazebo-11/plugins PYTHONPATH=/home/derek/work/install/nav2_msgs/local/lib/python3.10/dist-packages:/home/derek/work/install/nav2_common/local/lib/python3.10/dist-packages:${PYTHONPATH} /usr/bin/cmake --build /home/derek/work/build/nav2_regulated_pure_pursuit_controller -- -j16 -l16
[55.232s] Invoking command in '/home/derek/work/build/nav2_regulated_pure_pursuit_controller': AMENT_PREFIX_PATH=/home/derek/work/install/nav2_core:/home/derek/work/install/nav2_costmap_2d:/home/derek/work/install/nav2_util:/home/derek/work/install/nav2_voxel_grid:/home/derek/work/install/nav2_msgs:/home/derek/work/install/nav2_common:${AMENT_PREFIX_PATH} CMAKE_PREFIX_PATH=/home/derek/work/install/nav2_core:/home/derek/work/install/nav2_costmap_2d:/home/derek/work/install/nav2_util:/home/derek/work/install/nav2_voxel_grid:/home/derek/work/install/nav2_msgs:/home/derek/work/install/nav2_common:/opt/ros/humble LD_LIBRARY_PATH=/home/derek/work/install/nav2_costmap_2d/lib:/home/derek/work/install/nav2_util/lib:/home/derek/work/install/nav2_voxel_grid/lib:/home/derek/work/install/nav2_msgs/lib:/usr/lib/x86_64-linux-gnu/gazebo-11/plugins:/opt/ros/humble/opt/rviz_ogre_vendor/lib:/opt/ros/humble/lib/x86_64-linux-gnu:/opt/ros/humble/lib:/usr/local/nvidia/lib:/usr/local/nvidia/lib64:/usr/share/gazebo/../../lib/x86_64-linux-gnu/gazebo-11/plugins PYTHONPATH=/home/derek/work/install/nav2_msgs/local/lib/python3.10/dist-packages:/home/derek/work/install/nav2_common/local/lib/python3.10/dist-packages:${PYTHONPATH} /usr/bin/cmake --install /home/derek/work/build/nav2_regulated_pure_pursuit_controller
[69.742s] -- Install configuration: "Release"
[69.742s] -- Installing: /home/derek/work/install/nav2_regulated_pure_pursuit_controller/lib/libnav2_regulated_pure_pursuit_controller.so
[69.742s] -- Set runtime path of "/home/derek/work/install/nav2_regulated_pure_pursuit_controller/lib/libnav2_regulated_pure_pursuit_controller.so" to ""
[69.742s] -- Installing: /home/derek/work/install/nav2_regulated_pure_pursuit_controller/include/
[69.742s] -- Installing: /home/derek/work/install/nav2_regulated_pure_pursuit_controller/include//nav2_regulated_pure_pursuit_controller
[69.742s] -- Installing: /home/derek/work/install/nav2_regulated_pure_pursuit_controller/include//nav2_regulated_pure_pursuit_controller/regulated_pure_pursuit_controller.hpp
[69.742s] -- Installing: /home/derek/work/install/nav2_regulated_pure_pursuit_controller/share/nav2_regulated_pure_pursuit_controller/environment/library_path.sh
[69.742s] -- Installing: /home/derek/work/install/nav2_regulated_pure_pursuit_controller/share/nav2_regulated_pure_pursuit_controller/environment/library_path.dsv
[69.742s] -- Installing: /home/derek/work/install/nav2_regulated_pure_pursuit_controller/share/nav2_regulated_pure_pursuit_controller/nav2_regulated_pure_pursuit_controller.xml
[69.742s] -- Installing: /home/derek/work/install/nav2_regulated_pure_pursuit_controller/share/ament_index/resource_index/package_run_dependencies/nav2_regulated_pure_pursuit_controller
[69.742s] -- Installing: /home/derek/work/install/nav2_regulated_pure_pursuit_controller/share/ament_index/resource_index/parent_prefix_path/nav2_regulated_pure_pursuit_controller
[69.742s] -- Installing: /home/derek/work/install/nav2_regulated_pure_pursuit_controller/share/nav2_regulated_pure_pursuit_controller/environment/ament_prefix_path.sh
[69.743s] -- Installing: /home/derek/work/install/nav2_regulated_pure_pursuit_controller/share/nav2_regulated_pure_pursuit_controller/environment/ament_prefix_path.dsv
[69.743s] -- Installing: /home/derek/work/install/nav2_regulated_pure_pursuit_controller/share/nav2_regulated_pure_pursuit_controller/environment/path.sh
[69.743s] -- Installing: /home/derek/work/install/nav2_regulated_pure_pursuit_controller/share/nav2_regulated_pure_pursuit_controller/environment/path.dsv
[69.743s] -- Installing: /home/derek/work/install/nav2_regulated_pure_pursuit_controller/share/nav2_regulated_pure_pursuit_controller/local_setup.bash
[69.743s] -- Installing: /home/derek/work/install/nav2_regulated_pure_pursuit_controller/share/nav2_regulated_pure_pursuit_controller/local_setup.sh
[69.743s] -- Installing: /home/derek/work/install/nav2_regulated_pure_pursuit_controller/share/nav2_regulated_pure_pursuit_controller/local_setup.zsh
[69.743s] -- Installing: /home/derek/work/install/nav2_regulated_pure_pursuit_controller/share/nav2_regulated_pure_pursuit_controller/local_setup.dsv
[69.743s] -- Installing: /home/derek/work/install/nav2_regulated_pure_pursuit_controller/share/nav2_regulated_pure_pursuit_controller/package.dsv
[69.743s] -- Installing: /home/derek/work/install/nav2_regulated_pure_pursuit_controller/share/ament_index/resource_index/packages/nav2_regulated_pure_pursuit_controller
[69.743s] -- Installing: /home/derek/work/install/nav2_regulated_pure_pursuit_controller/share/ament_index/resource_index/nav2_core__pluginlib__plugin/nav2_regulated_pure_pursuit_controller
[69.743s] -- Installing: /home/derek/work/install/nav2_regulated_pure_pursuit_controller/share/nav2_regulated_pure_pursuit_controller/cmake/ament_cmake_export_include_directories-extras.cmake
[69.743s] -- Installing: /home/derek/work/install/nav2_regulated_pure_pursuit_controller/share/nav2_regulated_pure_pursuit_controller/cmake/ament_cmake_export_libraries-extras.cmake
[69.743s] -- Installing: /home/derek/work/install/nav2_regulated_pure_pursuit_controller/share/nav2_regulated_pure_pursuit_controller/cmake/ament_cmake_export_dependencies-extras.cmake
[69.743s] -- Installing: /home/derek/work/install/nav2_regulated_pure_pursuit_controller/share/nav2_regulated_pure_pursuit_controller/cmake/nav2_regulated_pure_pursuit_controllerConfig.cmake
[69.743s] -- Installing: /home/derek/work/install/nav2_regulated_pure_pursuit_controller/share/nav2_regulated_pure_pursuit_controller/cmake/nav2_regulated_pure_pursuit_controllerConfig-version.cmake
[69.743s] -- Installing: /home/derek/work/install/nav2_regulated_pure_pursuit_controller/share/nav2_regulated_pure_pursuit_controller/package.xml
[69.752s] Invoked command in '/home/derek/work/build/nav2_regulated_pure_pursuit_controller' returned '0': AMENT_PREFIX_PATH=/home/derek/work/install/nav2_core:/home/derek/work/install/nav2_costmap_2d:/home/derek/work/install/nav2_util:/home/derek/work/install/nav2_voxel_grid:/home/derek/work/install/nav2_msgs:/home/derek/work/install/nav2_common:${AMENT_PREFIX_PATH} CMAKE_PREFIX_PATH=/home/derek/work/install/nav2_core:/home/derek/work/install/nav2_costmap_2d:/home/derek/work/install/nav2_util:/home/derek/work/install/nav2_voxel_grid:/home/derek/work/install/nav2_msgs:/home/derek/work/install/nav2_common:/opt/ros/humble LD_LIBRARY_PATH=/home/derek/work/install/nav2_costmap_2d/lib:/home/derek/work/install/nav2_util/lib:/home/derek/work/install/nav2_voxel_grid/lib:/home/derek/work/install/nav2_msgs/lib:/usr/lib/x86_64-linux-gnu/gazebo-11/plugins:/opt/ros/humble/opt/rviz_ogre_vendor/lib:/opt/ros/humble/lib/x86_64-linux-gnu:/opt/ros/humble/lib:/usr/local/nvidia/lib:/usr/local/nvidia/lib64:/usr/share/gazebo/../../lib/x86_64-linux-gnu/gazebo-11/plugins PYTHONPATH=/home/derek/work/install/nav2_msgs/local/lib/python3.10/dist-packages:/home/derek/work/install/nav2_common/local/lib/python3.10/dist-packages:${PYTHONPATH} /usr/bin/cmake --install /home/derek/work/build/nav2_regulated_pure_pursuit_controller
