[0.120s] Invoking command in '/home/derek/work/build/nav2_util': AMENT_PREFIX_PATH=/home/derek/work/install/nav2_msgs:/home/derek/work/install/nav2_common:${AMENT_PREFIX_PATH} CMAKE_PREFIX_PATH=/home/derek/work/install/nav2_msgs:/home/derek/work/install/nav2_common:/opt/ros/humble LD_LIBRARY_PATH=/home/derek/work/install/nav2_msgs/lib:/usr/lib/x86_64-linux-gnu/gazebo-11/plugins:/opt/ros/humble/opt/rviz_ogre_vendor/lib:/opt/ros/humble/lib/x86_64-linux-gnu:/opt/ros/humble/lib:/usr/local/nvidia/lib:/usr/local/nvidia/lib64:/usr/share/gazebo/../../lib/x86_64-linux-gnu/gazebo-11/plugins PYTHONPATH=/home/derek/work/install/nav2_msgs/local/lib/python3.10/dist-packages:/home/derek/work/install/nav2_common/local/lib/python3.10/dist-packages:${PYTHONPATH} /usr/bin/cmake /home/derek/work/src/navigation2/nav2_util -DCMAKE_INSTALL_PREFIX=/home/derek/work/install/nav2_util
[0.347s] -- The C compiler identification is GNU 11.4.0
[0.348s] -- The CXX compiler identification is GNU 11.4.0
[0.348s] -- Detecting C compiler ABI info
[0.348s] -- Detecting C compiler ABI info - done
[0.348s] -- Check for working C compiler: /usr/bin/cc - skipped
[0.348s] -- Detecting C compile features
[0.348s] -- Detecting C compile features - done
[0.348s] -- Detecting CXX compiler ABI info
[0.394s] -- Detecting CXX compiler ABI info - done
[0.402s] -- Check for working CXX compiler: /usr/bin/c++ - skipped
[0.402s] -- Detecting CXX compile features
[0.402s] -- Detecting CXX compile features - done
[0.405s] -- Found ament_cmake: 1.3.7 (/opt/ros/humble/share/ament_cmake/cmake)
[0.847s] -- Found Python3: /usr/bin/python3.10 (found version "3.10.12") found components: Interpreter 
[0.925s] -- Found nav2_common: 1.1.13 (/home/derek/work/install/nav2_common/share/nav2_common/cmake)
[0.925s] -- Found nav2_msgs: 1.1.13 (/home/derek/work/install/nav2_msgs/share/nav2_msgs/cmake)
[0.954s] -- Found rosidl_generator_c: 3.1.5 (/opt/ros/humble/share/rosidl_generator_c/cmake)
[0.958s] -- Found rosidl_adapter: 3.1.5 (/opt/ros/humble/share/rosidl_adapter/cmake)
[0.965s] -- Found rosidl_generator_cpp: 3.1.5 (/opt/ros/humble/share/rosidl_generator_cpp/cmake)
[0.977s] -- Using all available rosidl_typesupport_c: rosidl_typesupport_fastrtps_c;rosidl_typesupport_introspection_c
[0.993s] -- Using all available rosidl_typesupport_cpp: rosidl_typesupport_fastrtps_cpp;rosidl_typesupport_introspection_cpp
[1.377s] -- Found tf2_ros: 0.25.5 (/opt/ros/humble/share/tf2_ros/cmake)
[1.489s] -- Found rmw_implementation_cmake: 6.1.1 (/opt/ros/humble/share/rmw_implementation_cmake/cmake)
[1.491s] -- Found rmw_fastrtps_cpp: 6.2.6 (/opt/ros/humble/share/rmw_fastrtps_cpp/cmake)
[1.594s] -- Found OpenSSL: /usr/lib/x86_64-linux-gnu/libcrypto.so (found version "3.0.2")  
[1.623s] -- Found FastRTPS: /opt/ros/humble/include  
[1.678s] -- Using RMW implementation 'rmw_fastrtps_cpp' as default
[1.688s] -- Looking for pthread.h
[1.758s] -- Looking for pthread.h - found
[1.759s] -- Performing Test CMAKE_HAVE_LIBC_PTHREAD
[1.825s] -- Performing Test CMAKE_HAVE_LIBC_PTHREAD - Success
[1.827s] -- Found Threads: TRUE  
[2.120s] -- Found tf2_geometry_msgs: 0.25.5 (/opt/ros/humble/share/tf2_geometry_msgs/cmake)
[2.134s] -- Found eigen3_cmake_module: 0.1.1 (/opt/ros/humble/share/eigen3_cmake_module/cmake)
[2.135s] -- Found Eigen3: TRUE (found version "3.4.0") 
[2.135s] -- Ensuring Eigen3 include directory is part of orocos-kdl CMake target
[2.144s] -- Found lifecycle_msgs: 1.2.1 (/opt/ros/humble/share/lifecycle_msgs/cmake)
[2.159s] -- Found rclcpp_lifecycle: 16.0.8 (/opt/ros/humble/share/rclcpp_lifecycle/cmake)
[2.175s] -- Found bondcpp: 3.0.2 (/opt/ros/humble/share/bondcpp/cmake)
[2.239s] -- Setting build type to Release as none was specified.
[2.271s] -- Found Boost: /usr/lib/x86_64-linux-gnu/cmake/Boost-1.74.0/BoostConfig.cmake (found version "1.74.0") found components: program_options 
[2.272s] -- Found ament_lint_auto: 0.12.10 (/opt/ros/humble/share/ament_lint_auto/cmake)
[2.274s] -- Found ament_cmake_pytest: 1.3.7 (/opt/ros/humble/share/ament_cmake_pytest/cmake)
[2.275s] -- Found launch_testing_ament_cmake: 1.0.4 (/opt/ros/humble/share/launch_testing_ament_cmake/cmake)
[2.277s] -- Found python_cmake_module: 0.10.0 (/opt/ros/humble/share/python_cmake_module/cmake)
[2.300s] -- Found PythonInterp: /usr/bin/python3 (found suitable version "3.10.12", minimum required is "3.6") 
[2.306s] -- Found PythonLibs: /usr/lib/x86_64-linux-gnu/libpython3.10.so (found suitable version "3.10.12", minimum required is "3.5") 
[2.306s] -- Using PYTHON_EXECUTABLE: /usr/bin/python3
[2.307s] -- Using PYTHON_INCLUDE_DIRS: /usr/include/python3.10
[2.307s] -- Using PYTHON_LIBRARIES: /usr/lib/x86_64-linux-gnu/libpython3.10.so
[2.331s] -- Found PythonExtra: .so  
[2.499s] -- Found gtest sources under '/opt/ros/humble/src/gtest_vendor': C++ tests using 'Google Test' will be built
[2.521s] -- Added test 'copyright' to check source files copyright and LICENSE
[2.522s] -- Added test 'cppcheck' to perform static code analysis on C / C++ code
[2.523s] -- Configured cppcheck include dirs: /home/derek/work/src/navigation2/nav2_util/include
[2.523s] -- Configured cppcheck exclude dirs and/or files: 
[2.524s] -- Added test 'cpplint' to check C / C++ code against the Google style
[2.524s] -- Configured cpplint exclude dirs and/or files: 
[2.525s] -- Added test 'lint_cmake' to check CMake code style
[2.526s] -- Added test 'uncrustify' to check C / C++ code style
[2.526s] -- Configured uncrustify additional arguments: 
[2.527s] -- Added test 'xmllint' to check XML markup files
[2.528s] -- Configuring done
[2.629s] -- Generating done
[2.631s] -- Build files have been written to: /home/derek/work/build/nav2_util
[2.640s] Invoked command in '/home/derek/work/build/nav2_util' returned '0': AMENT_PREFIX_PATH=/home/derek/work/install/nav2_msgs:/home/derek/work/install/nav2_common:${AMENT_PREFIX_PATH} CMAKE_PREFIX_PATH=/home/derek/work/install/nav2_msgs:/home/derek/work/install/nav2_common:/opt/ros/humble LD_LIBRARY_PATH=/home/derek/work/install/nav2_msgs/lib:/usr/lib/x86_64-linux-gnu/gazebo-11/plugins:/opt/ros/humble/opt/rviz_ogre_vendor/lib:/opt/ros/humble/lib/x86_64-linux-gnu:/opt/ros/humble/lib:/usr/local/nvidia/lib:/usr/local/nvidia/lib64:/usr/share/gazebo/../../lib/x86_64-linux-gnu/gazebo-11/plugins PYTHONPATH=/home/derek/work/install/nav2_msgs/local/lib/python3.10/dist-packages:/home/derek/work/install/nav2_common/local/lib/python3.10/dist-packages:${PYTHONPATH} /usr/bin/cmake /home/derek/work/src/navigation2/nav2_util -DCMAKE_INSTALL_PREFIX=/home/derek/work/install/nav2_util
[2.641s] Invoking command in '/home/derek/work/build/nav2_util': AMENT_PREFIX_PATH=/home/derek/work/install/nav2_msgs:/home/derek/work/install/nav2_common:${AMENT_PREFIX_PATH} CMAKE_PREFIX_PATH=/home/derek/work/install/nav2_msgs:/home/derek/work/install/nav2_common:/opt/ros/humble LD_LIBRARY_PATH=/home/derek/work/install/nav2_msgs/lib:/usr/lib/x86_64-linux-gnu/gazebo-11/plugins:/opt/ros/humble/opt/rviz_ogre_vendor/lib:/opt/ros/humble/lib/x86_64-linux-gnu:/opt/ros/humble/lib:/usr/local/nvidia/lib:/usr/local/nvidia/lib64:/usr/share/gazebo/../../lib/x86_64-linux-gnu/gazebo-11/plugins PYTHONPATH=/home/derek/work/install/nav2_msgs/local/lib/python3.10/dist-packages:/home/derek/work/install/nav2_common/local/lib/python3.10/dist-packages:${PYTHONPATH} /usr/bin/cmake --build /home/derek/work/build/nav2_util -- -j16 -l16
[2.687s] [  2%] [32mBuilding CXX object src/CMakeFiles/nav2_util_core.dir/string_utils.cpp.o[0m
[2.688s] [  5%] [32mBuilding CXX object src/CMakeFiles/nav2_util_core.dir/lifecycle_service_client.cpp.o[0m
[2.689s] [  7%] [32mBuilding CXX object src/CMakeFiles/nav2_util_core.dir/costmap.cpp.o[0m
[2.689s] [ 10%] [32mBuilding CXX object src/CMakeFiles/nav2_util_core.dir/lifecycle_utils.cpp.o[0m
[2.689s] [ 13%] [32mBuilding CXX object src/CMakeFiles/nav2_util_core.dir/node_thread.cpp.o[0m
[2.690s] [ 15%] [32mBuilding CXX object gtest/CMakeFiles/gtest_main.dir/src/gtest_main.cc.o[0m
[2.691s] [ 18%] [32mBuilding CXX object src/CMakeFiles/nav2_util_core.dir/node_utils.cpp.o[0m
[2.691s] [ 21%] [32mBuilding CXX object gtest/CMakeFiles/gtest.dir/src/gtest-all.cc.o[0m
[2.692s] [ 23%] [32mBuilding CXX object src/CMakeFiles/nav2_util_core.dir/lifecycle_node.cpp.o[0m
[2.692s] [ 26%] [32mBuilding CXX object src/CMakeFiles/nav2_util_core.dir/robot_utils.cpp.o[0m
[2.692s] [ 28%] [32mBuilding CXX object src/CMakeFiles/nav2_util_core.dir/odometry_utils.cpp.o[0m
[3.690s] [ 31%] [32m[1mLinking CXX static library libgtest_main.a[0m
[3.722s] [ 31%] Built target gtest_main
[8.568s] [ 34%] [32m[1mLinking CXX static library libgtest.a[0m
[8.600s] [ 34%] Built target gtest
[8.619s] [ 36%] [32mBuilding CXX object test/CMakeFiles/test_execution_timer.dir/test_execution_timer.cpp.o[0m
[9.512s] [ 39%] [32m[1mLinking CXX executable test_execution_timer[0m
[9.582s] [ 39%] Built target test_execution_timer
[10.713s] [ 42%] [32m[1mLinking CXX shared library libnav2_util_core.so[0m
[10.858s] [ 42%] Built target nav2_util_core
[10.879s] [ 44%] [32mBuilding CXX object test/CMakeFiles/test_geometry_utils.dir/test_geometry_utils.cpp.o[0m
[10.880s] [ 50%] [32mBuilding CXX object test/CMakeFiles/test_lifecycle_utils.dir/test_lifecycle_utils.cpp.o[0m
[10.880s] [ 50%] [32mBuilding CXX object test/CMakeFiles/test_odometry_utils.dir/test_odometry_utils.cpp.o[0m
[10.880s] [ 55%] [32mBuilding CXX object test/CMakeFiles/test_actions.dir/test_actions.cpp.o[0m
[10.880s] [ 55%] [32mBuilding CXX object src/CMakeFiles/lifecycle_bringup.dir/lifecycle_bringup_commandline.cpp.o[0m
[10.881s] [ 57%] [32mBuilding CXX object test/CMakeFiles/test_node_utils.dir/test_node_utils.cpp.o[0m
[10.881s] [ 60%] [32mBuilding CXX object test/CMakeFiles/test_lifecycle_node.dir/test_lifecycle_node.cpp.o[0m
[10.881s] [ 63%] [32mBuilding CXX object test/CMakeFiles/test_string_utils.dir/test_string_utils.cpp.o[0m
[10.881s] [ 65%] [32mBuilding CXX object test/CMakeFiles/test_service_client.dir/test_service_client.cpp.o[0m
[10.881s] [ 68%] [32mBuilding CXX object test/CMakeFiles/test_robot_utils.dir/test_robot_utils.cpp.o[0m
[10.882s] [ 71%] [32mBuilding CXX object test/CMakeFiles/test_lifecycle_cli_node.dir/test_lifecycle_cli_node.cpp.o[0m
[12.515s] [ 73%] [32m[1mLinking CXX executable test_string_utils[0m
[12.755s] [ 73%] Built target test_string_utils
[13.756s] [ 76%] [32m[1mLinking CXX executable lifecycle_bringup[0m
[13.903s] [ 76%] Built target lifecycle_bringup
[14.085s] [ 78%] [32m[1mLinking CXX executable test_geometry_utils[0m
[14.313s] [ 78%] Built target test_geometry_utils
[14.470s] [ 81%] [32m[1mLinking CXX executable test_lifecycle_cli_node[0m
[14.635s] [ 81%] Built target test_lifecycle_cli_node
[14.701s] [ 84%] [32m[1mLinking CXX executable test_lifecycle_utils[0m
[14.867s] [ 84%] Built target test_lifecycle_utils
[15.176s] [ 86%] [32m[1mLinking CXX executable test_robot_utils[0m
[15.186s] [ 89%] [32m[1mLinking CXX executable test_lifecycle_node[0m
[15.339s] [ 89%] Built target test_robot_utils
[15.343s] [ 89%] Built target test_lifecycle_node
[15.594s] [ 92%] [32m[1mLinking CXX executable test_node_utils[0m
[15.739s] [ 92%] Built target test_node_utils
[16.589s] [ 94%] [32m[1mLinking CXX executable test_odometry_utils[0m
[16.740s] [ 94%] Built target test_odometry_utils
[20.975s] [ 97%] [32m[1mLinking CXX executable test_service_client[0m
[21.133s] [ 97%] Built target test_service_client
[23.350s] [100%] [32m[1mLinking CXX executable test_actions[0m
[23.536s] [100%] Built target test_actions
[23.545s] Invoked command in '/home/derek/work/build/nav2_util' returned '0': AMENT_PREFIX_PATH=/home/derek/work/install/nav2_msgs:/home/derek/work/install/nav2_common:${AMENT_PREFIX_PATH} CMAKE_PREFIX_PATH=/home/derek/work/install/nav2_msgs:/home/derek/work/install/nav2_common:/opt/ros/humble LD_LIBRARY_PATH=/home/derek/work/install/nav2_msgs/lib:/usr/lib/x86_64-linux-gnu/gazebo-11/plugins:/opt/ros/humble/opt/rviz_ogre_vendor/lib:/opt/ros/humble/lib/x86_64-linux-gnu:/opt/ros/humble/lib:/usr/local/nvidia/lib:/usr/local/nvidia/lib64:/usr/share/gazebo/../../lib/x86_64-linux-gnu/gazebo-11/plugins PYTHONPATH=/home/derek/work/install/nav2_msgs/local/lib/python3.10/dist-packages:/home/derek/work/install/nav2_common/local/lib/python3.10/dist-packages:${PYTHONPATH} /usr/bin/cmake --build /home/derek/work/build/nav2_util -- -j16 -l16
[23.568s] Invoking command in '/home/derek/work/build/nav2_util': AMENT_PREFIX_PATH=/home/derek/work/install/nav2_msgs:/home/derek/work/install/nav2_common:${AMENT_PREFIX_PATH} CMAKE_PREFIX_PATH=/home/derek/work/install/nav2_msgs:/home/derek/work/install/nav2_common:/opt/ros/humble LD_LIBRARY_PATH=/home/derek/work/install/nav2_msgs/lib:/usr/lib/x86_64-linux-gnu/gazebo-11/plugins:/opt/ros/humble/opt/rviz_ogre_vendor/lib:/opt/ros/humble/lib/x86_64-linux-gnu:/opt/ros/humble/lib:/usr/local/nvidia/lib:/usr/local/nvidia/lib64:/usr/share/gazebo/../../lib/x86_64-linux-gnu/gazebo-11/plugins PYTHONPATH=/home/derek/work/install/nav2_msgs/local/lib/python3.10/dist-packages:/home/derek/work/install/nav2_common/local/lib/python3.10/dist-packages:${PYTHONPATH} /usr/bin/cmake --install /home/derek/work/build/nav2_util
[23.572s] -- Install configuration: "Release"
[23.572s] -- Installing: /home/derek/work/install/nav2_util/include/
[23.572s] -- Installing: /home/derek/work/install/nav2_util/include//nav2_util
[23.572s] -- Installing: /home/derek/work/install/nav2_util/include//nav2_util/service_client.hpp
[23.572s] -- Installing: /home/derek/work/install/nav2_util/include//nav2_util/geometry_utils.hpp
[23.572s] -- Installing: /home/derek/work/install/nav2_util/include//nav2_util/occ_grid_values.hpp
[23.573s] -- Installing: /home/derek/work/install/nav2_util/include//nav2_util/line_iterator.hpp
[23.573s] -- Installing: /home/derek/work/install/nav2_util/include//nav2_util/string_utils.hpp
[23.573s] -- Installing: /home/derek/work/install/nav2_util/include//nav2_util/lifecycle_utils.hpp
[23.573s] -- Installing: /home/derek/work/install/nav2_util/include//nav2_util/clear_entirely_costmap_service_client.hpp
[23.573s] -- Installing: /home/derek/work/install/nav2_util/include//nav2_util/costmap.hpp
[23.573s] -- Installing: /home/derek/work/install/nav2_util/include//nav2_util/node_thread.hpp
[23.573s] -- Installing: /home/derek/work/install/nav2_util/include//nav2_util/lifecycle_service_client.hpp
[23.573s] -- Installing: /home/derek/work/install/nav2_util/include//nav2_util/execution_timer.hpp
[23.573s] -- Installing: /home/derek/work/install/nav2_util/include//nav2_util/simple_action_server.hpp
[23.574s] -- Installing: /home/derek/work/install/nav2_util/include//nav2_util/odometry_utils.hpp
[23.574s] -- Installing: /home/derek/work/install/nav2_util/include//nav2_util/robot_utils.hpp
[23.574s] -- Installing: /home/derek/work/install/nav2_util/include//nav2_util/node_utils.hpp
[23.574s] -- Installing: /home/derek/work/install/nav2_util/include//nav2_util/lifecycle_node.hpp
[23.574s] -- Installing: /home/derek/work/install/nav2_util/share/nav2_util/environment/library_path.sh
[23.574s] -- Installing: /home/derek/work/install/nav2_util/share/nav2_util/environment/library_path.dsv
[23.574s] -- Installing: /home/derek/work/install/nav2_util/share/ament_index/resource_index/package_run_dependencies/nav2_util
[23.574s] -- Installing: /home/derek/work/install/nav2_util/share/ament_index/resource_index/parent_prefix_path/nav2_util
[23.574s] -- Installing: /home/derek/work/install/nav2_util/share/nav2_util/environment/ament_prefix_path.sh
[23.574s] -- Installing: /home/derek/work/install/nav2_util/share/nav2_util/environment/ament_prefix_path.dsv
[23.575s] -- Installing: /home/derek/work/install/nav2_util/share/nav2_util/environment/path.sh
[23.575s] -- Installing: /home/derek/work/install/nav2_util/share/nav2_util/environment/path.dsv
[23.575s] -- Installing: /home/derek/work/install/nav2_util/share/nav2_util/local_setup.bash
[23.575s] -- Installing: /home/derek/work/install/nav2_util/share/nav2_util/local_setup.sh
[23.575s] -- Installing: /home/derek/work/install/nav2_util/share/nav2_util/local_setup.zsh
[23.575s] -- Installing: /home/derek/work/install/nav2_util/share/nav2_util/local_setup.dsv
[23.575s] -- Installing: /home/derek/work/install/nav2_util/share/nav2_util/package.dsv
[23.575s] -- Installing: /home/derek/work/install/nav2_util/share/ament_index/resource_index/packages/nav2_util
[23.575s] -- Installing: /home/derek/work/install/nav2_util/share/nav2_util/cmake/ament_cmake_export_include_directories-extras.cmake
[23.575s] -- Installing: /home/derek/work/install/nav2_util/share/nav2_util/cmake/ament_cmake_export_libraries-extras.cmake
[23.575s] -- Installing: /home/derek/work/install/nav2_util/share/nav2_util/cmake/ament_cmake_export_dependencies-extras.cmake
[23.575s] -- Installing: /home/derek/work/install/nav2_util/share/nav2_util/cmake/nav2_utilConfig.cmake
[23.575s] -- Installing: /home/derek/work/install/nav2_util/share/nav2_util/cmake/nav2_utilConfig-version.cmake
[23.576s] -- Installing: /home/derek/work/install/nav2_util/share/nav2_util/package.xml
[23.576s] -- Installing: /home/derek/work/install/nav2_util/lib/libnav2_util_core.so
[23.576s] -- Set runtime path of "/home/derek/work/install/nav2_util/lib/libnav2_util_core.so" to ""
[23.576s] -- Installing: /home/derek/work/install/nav2_util/lib/nav2_util/lifecycle_bringup
[23.576s] -- Set runtime path of "/home/derek/work/install/nav2_util/lib/nav2_util/lifecycle_bringup" to ""
[23.577s] Invoked command in '/home/derek/work/build/nav2_util' returned '0': AMENT_PREFIX_PATH=/home/derek/work/install/nav2_msgs:/home/derek/work/install/nav2_common:${AMENT_PREFIX_PATH} CMAKE_PREFIX_PATH=/home/derek/work/install/nav2_msgs:/home/derek/work/install/nav2_common:/opt/ros/humble LD_LIBRARY_PATH=/home/derek/work/install/nav2_msgs/lib:/usr/lib/x86_64-linux-gnu/gazebo-11/plugins:/opt/ros/humble/opt/rviz_ogre_vendor/lib:/opt/ros/humble/lib/x86_64-linux-gnu:/opt/ros/humble/lib:/usr/local/nvidia/lib:/usr/local/nvidia/lib64:/usr/share/gazebo/../../lib/x86_64-linux-gnu/gazebo-11/plugins PYTHONPATH=/home/derek/work/install/nav2_msgs/local/lib/python3.10/dist-packages:/home/derek/work/install/nav2_common/local/lib/python3.10/dist-packages:${PYTHONPATH} /usr/bin/cmake --install /home/derek/work/build/nav2_util
