[0.387s] Invoking command in '/home/derek/work/build/nav_2d_msgs': CMAKE_PREFIX_PATH=/opt/ros/humble /usr/bin/cmake /home/derek/work/src/navigation2/nav2_dwb_controller/nav_2d_msgs -DCMAKE_INSTALL_PREFIX=/home/derek/work/install/nav_2d_msgs
[2.684s] -- The C compiler identification is GNU 11.4.0
[2.684s] -- The CXX compiler identification is GNU 11.4.0
[2.685s] -- Detecting C compiler ABI info
[2.685s] -- Detecting C compiler ABI info - done
[2.686s] -- Check for working C compiler: /usr/bin/cc - skipped
[2.686s] -- Detecting C compile features
[2.687s] -- Detecting C compile features - done
[2.687s] -- Detecting CXX compiler ABI info
[2.687s] -- Detecting CXX compiler ABI info - done
[2.687s] -- Check for working CXX compiler: /usr/bin/c++ - skipped
[2.687s] -- Detecting CXX compile features
[2.687s] -- Detecting CXX compile features - done
[2.687s] -- Found geometry_msgs: 4.2.3 (/opt/ros/humble/share/geometry_msgs/cmake)
[2.687s] -- Found Python3: /usr/bin/python3.10 (found version "3.10.12") found components: Interpreter 
[2.687s] -- Found rosidl_generator_c: 3.1.5 (/opt/ros/humble/share/rosidl_generator_c/cmake)
[2.687s] -- Found rosidl_adapter: 3.1.5 (/opt/ros/humble/share/rosidl_adapter/cmake)
[2.687s] -- Found rosidl_generator_cpp: 3.1.5 (/opt/ros/humble/share/rosidl_generator_cpp/cmake)
[2.688s] -- Using all available rosidl_typesupport_c: rosidl_typesupport_fastrtps_c;rosidl_typesupport_introspection_c
[2.688s] -- Using all available rosidl_typesupport_cpp: rosidl_typesupport_fastrtps_cpp;rosidl_typesupport_introspection_cpp
[2.688s] -- Found rosidl_default_generators: 1.2.0 (/opt/ros/humble/share/rosidl_default_generators/cmake)
[2.689s] -- Found ament_cmake_ros: 0.10.0 (/opt/ros/humble/share/ament_cmake_ros/cmake)
[2.689s] -- Using all available rosidl_typesupport_c: rosidl_typesupport_fastrtps_c;rosidl_typesupport_introspection_c
[2.689s] -- Using all available rosidl_typesupport_cpp: rosidl_typesupport_fastrtps_cpp;rosidl_typesupport_introspection_cpp
[2.690s] -- Found PythonInterp: /usr/bin/python3 (found suitable version "3.10.12", minimum required is "3.6") 
[2.691s] -- Found python_cmake_module: 0.10.0 (/opt/ros/humble/share/python_cmake_module/cmake)
[2.691s] -- Found PythonLibs: /usr/lib/x86_64-linux-gnu/libpython3.10.so (found suitable version "3.10.12", minimum required is "3.5") 
[2.691s] -- Using PYTHON_EXECUTABLE: /usr/bin/python3
[2.692s] -- Using PYTHON_INCLUDE_DIRS: /usr/include/python3.10
[2.692s] -- Using PYTHON_LIBRARIES: /usr/lib/x86_64-linux-gnu/libpython3.10.so
[2.693s] -- Found PythonExtra: .so  
[2.694s] -- Configuring done
[2.694s] -- Generating done
[2.694s] -- Build files have been written to: /home/derek/work/build/nav_2d_msgs
[2.716s] Invoked command in '/home/derek/work/build/nav_2d_msgs' returned '0': CMAKE_PREFIX_PATH=/opt/ros/humble /usr/bin/cmake /home/derek/work/src/navigation2/nav2_dwb_controller/nav_2d_msgs -DCMAKE_INSTALL_PREFIX=/home/derek/work/install/nav_2d_msgs
[2.716s] Invoking command in '/home/derek/work/build/nav_2d_msgs': CMAKE_PREFIX_PATH=/opt/ros/humble /usr/bin/cmake --build /home/derek/work/build/nav_2d_msgs -- -j16 -l16
[2.738s] [  1%] [34m[1mGenerating C code for ROS interfaces[0m
[2.751s] [  2%] [34m[1mGenerating C++ code for ROS interfaces[0m
[2.759s] [  2%] Built target ament_cmake_python_copy_nav_2d_msgs
[3.109s] running egg_info
[3.111s] creating nav_2d_msgs.egg-info
[3.112s] writing manifest file 'nav_2d_msgs.egg-info/SOURCES.txt'
[3.116s] writing manifest file 'nav_2d_msgs.egg-info/SOURCES.txt'
[3.165s] [  2%] Built target ament_cmake_python_build_nav_2d_msgs_egg
[3.839s] [  2%] Built target nav_2d_msgs__cpp
[3.862s] [  4%] [32mBuilding C object CMakeFiles/nav_2d_msgs__rosidl_generator_c.dir/rosidl_generator_c/nav_2d_msgs/msg/detail/pose2_d32__functions.c.o[0m
[3.863s] [  5%] [32mBuilding C object CMakeFiles/nav_2d_msgs__rosidl_generator_c.dir/rosidl_generator_c/nav_2d_msgs/msg/detail/path2_d__functions.c.o[0m
[3.899s] [  7%] [34m[1mGenerating C++ type support dispatch for ROS interfaces[0m
[3.899s] [  8%] [32mBuilding C object CMakeFiles/nav_2d_msgs__rosidl_generator_c.dir/rosidl_generator_c/nav_2d_msgs/msg/detail/twist2_d__functions.c.o[0m
[3.899s] [  9%] [32mBuilding C object CMakeFiles/nav_2d_msgs__rosidl_generator_c.dir/rosidl_generator_c/nav_2d_msgs/msg/detail/pose2_d_stamped__functions.c.o[0m
[3.899s] [ 11%] [34m[1mGenerating C++ type support for eProsima Fast-RTPS[0m
[3.899s] [ 12%] [32mBuilding C object CMakeFiles/nav_2d_msgs__rosidl_generator_c.dir/rosidl_generator_c/nav_2d_msgs/msg/detail/twist2_d32__functions.c.o[0m
[3.907s] [ 14%] [34m[1mGenerating C++ introspection for ROS interfaces[0m
[3.979s] [ 15%] [32mBuilding C object CMakeFiles/nav_2d_msgs__rosidl_generator_c.dir/rosidl_generator_c/nav_2d_msgs/msg/detail/twist2_d_stamped__functions.c.o[0m
[4.138s] [ 16%] [32m[1mLinking C shared library libnav_2d_msgs__rosidl_generator_c.so[0m
[4.199s] [ 16%] Built target nav_2d_msgs__rosidl_generator_c
[4.218s] [ 18%] [34m[1mGenerating C type support for eProsima Fast-RTPS[0m
[4.231s] [ 19%] [34m[1mGenerating C introspection for ROS interfaces[0m
[4.268s] [ 21%] [34m[1mGenerating C type support dispatch for ROS interfaces[0m
[4.555s] [ 22%] [32mBuilding CXX object CMakeFiles/nav_2d_msgs__rosidl_typesupport_cpp.dir/rosidl_typesupport_cpp/nav_2d_msgs/msg/path2_d__type_support.cpp.o[0m
[4.590s] [ 23%] [32mBuilding CXX object CMakeFiles/nav_2d_msgs__rosidl_typesupport_cpp.dir/rosidl_typesupport_cpp/nav_2d_msgs/msg/pose2_d32__type_support.cpp.o[0m
[4.619s] [ 25%] [32mBuilding CXX object CMakeFiles/nav_2d_msgs__rosidl_typesupport_cpp.dir/rosidl_typesupport_cpp/nav_2d_msgs/msg/twist2_d__type_support.cpp.o[0m
[4.619s] [ 26%] [32mBuilding CXX object CMakeFiles/nav_2d_msgs__rosidl_typesupport_cpp.dir/rosidl_typesupport_cpp/nav_2d_msgs/msg/pose2_d_stamped__type_support.cpp.o[0m
[4.660s] [ 28%] [32mBuilding CXX object CMakeFiles/nav_2d_msgs__rosidl_typesupport_cpp.dir/rosidl_typesupport_cpp/nav_2d_msgs/msg/twist2_d32__type_support.cpp.o[0m
[4.726s] [ 29%] [32mBuilding CXX object CMakeFiles/nav_2d_msgs__rosidl_typesupport_cpp.dir/rosidl_typesupport_cpp/nav_2d_msgs/msg/twist2_d_stamped__type_support.cpp.o[0m
[4.930s] [ 32%] [32mBuilding CXX object CMakeFiles/nav_2d_msgs__rosidl_typesupport_c.dir/rosidl_typesupport_c/nav_2d_msgs/msg/path2_d__type_support.cpp.o[0m
[4.930s] [ 32%] [32mBuilding CXX object CMakeFiles/nav_2d_msgs__rosidl_typesupport_c.dir/rosidl_typesupport_c/nav_2d_msgs/msg/pose2_d32__type_support.cpp.o[0m
[4.951s] [ 33%] [32mBuilding CXX object CMakeFiles/nav_2d_msgs__rosidl_typesupport_c.dir/rosidl_typesupport_c/nav_2d_msgs/msg/pose2_d_stamped__type_support.cpp.o[0m
[4.956s] [ 35%] [32mBuilding CXX object CMakeFiles/nav_2d_msgs__rosidl_typesupport_c.dir/rosidl_typesupport_c/nav_2d_msgs/msg/twist2_d__type_support.cpp.o[0m
[4.970s] [ 36%] [32mBuilding CXX object CMakeFiles/nav_2d_msgs__rosidl_typesupport_fastrtps_cpp.dir/rosidl_typesupport_fastrtps_cpp/nav_2d_msgs/msg/detail/dds_fastrtps/path2_d__type_support.cpp.o[0m
[5.005s] [ 38%] [32mBuilding CXX object CMakeFiles/nav_2d_msgs__rosidl_typesupport_fastrtps_cpp.dir/rosidl_typesupport_fastrtps_cpp/nav_2d_msgs/msg/detail/dds_fastrtps/pose2_d32__type_support.cpp.o[0m
[5.023s] [ 39%] [32mBuilding CXX object CMakeFiles/nav_2d_msgs__rosidl_typesupport_fastrtps_cpp.dir/rosidl_typesupport_fastrtps_cpp/nav_2d_msgs/msg/detail/dds_fastrtps/pose2_d_stamped__type_support.cpp.o[0m
[5.084s] [ 40%] [32mBuilding CXX object CMakeFiles/nav_2d_msgs__rosidl_typesupport_c.dir/rosidl_typesupport_c/nav_2d_msgs/msg/twist2_d32__type_support.cpp.o[0m
[5.089s] [ 42%] [32mBuilding CXX object CMakeFiles/nav_2d_msgs__rosidl_typesupport_fastrtps_cpp.dir/rosidl_typesupport_fastrtps_cpp/nav_2d_msgs/msg/detail/dds_fastrtps/twist2_d__type_support.cpp.o[0m
[5.119s] [ 43%] [32mBuilding CXX object CMakeFiles/nav_2d_msgs__rosidl_typesupport_c.dir/rosidl_typesupport_c/nav_2d_msgs/msg/twist2_d_stamped__type_support.cpp.o[0m
[5.125s] [ 45%] [32mBuilding CXX object CMakeFiles/nav_2d_msgs__rosidl_typesupport_fastrtps_cpp.dir/rosidl_typesupport_fastrtps_cpp/nav_2d_msgs/msg/detail/dds_fastrtps/twist2_d32__type_support.cpp.o[0m
[5.139s] [ 46%] [32mBuilding CXX object CMakeFiles/nav_2d_msgs__rosidl_typesupport_introspection_cpp.dir/rosidl_typesupport_introspection_cpp/nav_2d_msgs/msg/detail/path2_d__type_support.cpp.o[0m
[5.239s] [ 47%] [32mBuilding CXX object CMakeFiles/nav_2d_msgs__rosidl_typesupport_introspection_cpp.dir/rosidl_typesupport_introspection_cpp/nav_2d_msgs/msg/detail/pose2_d32__type_support.cpp.o[0m
[5.271s] [ 49%] [32m[1mLinking CXX shared library libnav_2d_msgs__rosidl_typesupport_c.so[0m
[5.279s] [ 50%] [32mBuilding CXX object CMakeFiles/nav_2d_msgs__rosidl_typesupport_fastrtps_cpp.dir/rosidl_typesupport_fastrtps_cpp/nav_2d_msgs/msg/detail/dds_fastrtps/twist2_d_stamped__type_support.cpp.o[0m
[5.307s] [ 52%] [32mBuilding CXX object CMakeFiles/nav_2d_msgs__rosidl_typesupport_introspection_cpp.dir/rosidl_typesupport_introspection_cpp/nav_2d_msgs/msg/detail/pose2_d_stamped__type_support.cpp.o[0m
[5.339s] [ 53%] [32mBuilding CXX object CMakeFiles/nav_2d_msgs__rosidl_typesupport_introspection_cpp.dir/rosidl_typesupport_introspection_cpp/nav_2d_msgs/msg/detail/twist2_d__type_support.cpp.o[0m
[5.491s] [ 54%] [32mBuilding CXX object CMakeFiles/nav_2d_msgs__rosidl_typesupport_introspection_cpp.dir/rosidl_typesupport_introspection_cpp/nav_2d_msgs/msg/detail/twist2_d32__type_support.cpp.o[0m
[5.499s] [ 54%] Built target nav_2d_msgs__rosidl_typesupport_c
[5.559s] [ 56%] [32mBuilding CXX object CMakeFiles/nav_2d_msgs__rosidl_typesupport_introspection_cpp.dir/rosidl_typesupport_introspection_cpp/nav_2d_msgs/msg/detail/twist2_d_stamped__type_support.cpp.o[0m
[5.582s] [ 57%] [32m[1mLinking CXX shared library libnav_2d_msgs__rosidl_typesupport_cpp.so[0m
[5.764s] [ 57%] Built target nav_2d_msgs__rosidl_typesupport_cpp
[5.780s] [ 59%] [32mBuilding C object CMakeFiles/nav_2d_msgs__rosidl_typesupport_introspection_c.dir/rosidl_typesupport_introspection_c/nav_2d_msgs/msg/detail/path2_d__type_support.c.o[0m
[5.808s] [ 60%] [32mBuilding C object CMakeFiles/nav_2d_msgs__rosidl_typesupport_introspection_c.dir/rosidl_typesupport_introspection_c/nav_2d_msgs/msg/detail/pose2_d32__type_support.c.o[0m
[5.926s] [ 61%] [32mBuilding C object CMakeFiles/nav_2d_msgs__rosidl_typesupport_introspection_c.dir/rosidl_typesupport_introspection_c/nav_2d_msgs/msg/detail/pose2_d_stamped__type_support.c.o[0m
[5.987s] [ 63%] [32mBuilding CXX object CMakeFiles/nav_2d_msgs__rosidl_typesupport_fastrtps_c.dir/rosidl_typesupport_fastrtps_c/nav_2d_msgs/msg/detail/path2_d__type_support_c.cpp.o[0m
[5.988s] [ 64%] [32mBuilding C object CMakeFiles/nav_2d_msgs__rosidl_typesupport_introspection_c.dir/rosidl_typesupport_introspection_c/nav_2d_msgs/msg/detail/twist2_d__type_support.c.o[0m
[6.019s] [ 66%] [32mBuilding C object CMakeFiles/nav_2d_msgs__rosidl_typesupport_introspection_c.dir/rosidl_typesupport_introspection_c/nav_2d_msgs/msg/detail/twist2_d32__type_support.c.o[0m
[6.061s] [ 67%] [32mBuilding C object CMakeFiles/nav_2d_msgs__rosidl_typesupport_introspection_c.dir/rosidl_typesupport_introspection_c/nav_2d_msgs/msg/detail/twist2_d_stamped__type_support.c.o[0m
[6.131s] [ 69%] [32mBuilding CXX object CMakeFiles/nav_2d_msgs__rosidl_typesupport_fastrtps_c.dir/rosidl_typesupport_fastrtps_c/nav_2d_msgs/msg/detail/pose2_d_stamped__type_support_c.cpp.o[0m
[6.131s] [ 70%] [32mBuilding CXX object CMakeFiles/nav_2d_msgs__rosidl_typesupport_fastrtps_c.dir/rosidl_typesupport_fastrtps_c/nav_2d_msgs/msg/detail/pose2_d32__type_support_c.cpp.o[0m
[6.143s] [ 71%] [32mBuilding CXX object CMakeFiles/nav_2d_msgs__rosidl_typesupport_fastrtps_c.dir/rosidl_typesupport_fastrtps_c/nav_2d_msgs/msg/detail/twist2_d__type_support_c.cpp.o[0m
[6.203s] [ 73%] [32m[1mLinking C shared library libnav_2d_msgs__rosidl_typesupport_introspection_c.so[0m
[6.225s] [ 74%] [32mBuilding CXX object CMakeFiles/nav_2d_msgs__rosidl_typesupport_fastrtps_c.dir/rosidl_typesupport_fastrtps_c/nav_2d_msgs/msg/detail/twist2_d32__type_support_c.cpp.o[0m
[6.299s] [ 76%] [32mBuilding CXX object CMakeFiles/nav_2d_msgs__rosidl_typesupport_fastrtps_c.dir/rosidl_typesupport_fastrtps_c/nav_2d_msgs/msg/detail/twist2_d_stamped__type_support_c.cpp.o[0m
[6.383s] [ 76%] Built target nav_2d_msgs__rosidl_typesupport_introspection_c
[6.451s] [ 77%] [32m[1mLinking CXX shared library libnav_2d_msgs__rosidl_typesupport_fastrtps_cpp.so[0m
[6.555s] [ 78%] [32m[1mLinking CXX shared library libnav_2d_msgs__rosidl_typesupport_introspection_cpp.so[0m
[6.741s] [ 78%] Built target nav_2d_msgs__rosidl_typesupport_introspection_cpp
[6.772s] [ 78%] Built target nav_2d_msgs__rosidl_typesupport_fastrtps_cpp
[7.055s] [ 80%] [32m[1mLinking CXX shared library libnav_2d_msgs__rosidl_typesupport_fastrtps_c.so[0m
[7.265s] [ 80%] Built target nav_2d_msgs__rosidl_typesupport_fastrtps_c
[7.287s] [ 80%] Built target nav_2d_msgs
[7.314s] [ 81%] [34m[1mGenerating Python code for ROS interfaces[0m
[9.451s] [ 81%] Built target nav_2d_msgs__py
[9.594s] [ 83%] [32mBuilding C object CMakeFiles/nav_2d_msgs__rosidl_generator_py.dir/rosidl_generator_py/nav_2d_msgs/msg/_path2_d_s.c.o[0m
[9.604s] [ 84%] [32mBuilding C object CMakeFiles/nav_2d_msgs__rosidl_generator_py.dir/rosidl_generator_py/nav_2d_msgs/msg/_pose2_d32_s.c.o[0m
[9.630s] [ 85%] [32mBuilding C object CMakeFiles/nav_2d_msgs__rosidl_generator_py.dir/rosidl_generator_py/nav_2d_msgs/msg/_pose2_d_stamped_s.c.o[0m
[9.676s] [ 87%] [32mBuilding C object CMakeFiles/nav_2d_msgs__rosidl_generator_py.dir/rosidl_generator_py/nav_2d_msgs/msg/_twist2_d_s.c.o[0m
[9.685s] [ 88%] [32mBuilding C object CMakeFiles/nav_2d_msgs__rosidl_generator_py.dir/rosidl_generator_py/nav_2d_msgs/msg/_twist2_d32_s.c.o[0m
[9.704s] [ 90%] [32mBuilding C object CMakeFiles/nav_2d_msgs__rosidl_generator_py.dir/rosidl_generator_py/nav_2d_msgs/msg/_twist2_d_stamped_s.c.o[0m
[10.082s] [ 91%] [32m[1mLinking C shared library rosidl_generator_py/nav_2d_msgs/libnav_2d_msgs__rosidl_generator_py.so[0m
[10.232s] [ 91%] Built target nav_2d_msgs__rosidl_generator_py
[10.364s] [ 92%] [32mBuilding C object CMakeFiles/nav_2d_msgs__rosidl_typesupport_fastrtps_c__pyext.dir/rosidl_generator_py/nav_2d_msgs/_nav_2d_msgs_s.ep.rosidl_typesupport_fastrtps_c.c.o[0m
[10.383s] [ 94%] [32mBuilding C object CMakeFiles/nav_2d_msgs__rosidl_typesupport_introspection_c__pyext.dir/rosidl_generator_py/nav_2d_msgs/_nav_2d_msgs_s.ep.rosidl_typesupport_introspection_c.c.o[0m
[10.406s] [ 95%] [32mBuilding C object CMakeFiles/nav_2d_msgs__rosidl_typesupport_c__pyext.dir/rosidl_generator_py/nav_2d_msgs/_nav_2d_msgs_s.ep.rosidl_typesupport_c.c.o[0m
[10.683s] [ 97%] [32m[1mLinking C shared library rosidl_generator_py/nav_2d_msgs/nav_2d_msgs_s__rosidl_typesupport_fastrtps_c.cpython-310-x86_64-linux-gnu.so[0m
[10.752s] [ 98%] [32m[1mLinking C shared library rosidl_generator_py/nav_2d_msgs/nav_2d_msgs_s__rosidl_typesupport_introspection_c.cpython-310-x86_64-linux-gnu.so[0m
[10.842s] [100%] [32m[1mLinking C shared library rosidl_generator_py/nav_2d_msgs/nav_2d_msgs_s__rosidl_typesupport_c.cpython-310-x86_64-linux-gnu.so[0m
[10.883s] [100%] Built target nav_2d_msgs__rosidl_typesupport_fastrtps_c__pyext
[10.886s] [100%] Built target nav_2d_msgs__rosidl_typesupport_introspection_c__pyext
[10.971s] [100%] Built target nav_2d_msgs__rosidl_typesupport_c__pyext
[11.027s] Invoked command in '/home/derek/work/build/nav_2d_msgs' returned '0': CMAKE_PREFIX_PATH=/opt/ros/humble /usr/bin/cmake --build /home/derek/work/build/nav_2d_msgs -- -j16 -l16
[12.148s] Invoking command in '/home/derek/work/build/nav_2d_msgs': CMAKE_PREFIX_PATH=/opt/ros/humble /usr/bin/cmake --install /home/derek/work/build/nav_2d_msgs
[12.159s] -- Install configuration: ""
[12.160s] -- Installing: /home/derek/work/install/nav_2d_msgs/share/ament_index/resource_index/rosidl_interfaces/nav_2d_msgs
[12.160s] -- Installing: /home/derek/work/install/nav_2d_msgs/include/nav_2d_msgs/nav_2d_msgs
[12.160s] -- Installing: /home/derek/work/install/nav_2d_msgs/include/nav_2d_msgs/nav_2d_msgs/msg
[12.160s] -- Installing: /home/derek/work/install/nav_2d_msgs/include/nav_2d_msgs/nav_2d_msgs/msg/path2_d.h
[12.160s] -- Installing: /home/derek/work/install/nav_2d_msgs/include/nav_2d_msgs/nav_2d_msgs/msg/pose2_d_stamped.h
[12.160s] -- Installing: /home/derek/work/install/nav_2d_msgs/include/nav_2d_msgs/nav_2d_msgs/msg/rosidl_generator_c__visibility_control.h
[12.160s] -- Installing: /home/derek/work/install/nav_2d_msgs/include/nav_2d_msgs/nav_2d_msgs/msg/pose2_d32.h
[12.160s] -- Installing: /home/derek/work/install/nav_2d_msgs/include/nav_2d_msgs/nav_2d_msgs/msg/twist2_d_stamped.h
[12.161s] -- Installing: /home/derek/work/install/nav_2d_msgs/include/nav_2d_msgs/nav_2d_msgs/msg/detail
[12.161s] -- Installing: /home/derek/work/install/nav_2d_msgs/include/nav_2d_msgs/nav_2d_msgs/msg/detail/twist2_d32__functions.h
[12.161s] -- Installing: /home/derek/work/install/nav_2d_msgs/include/nav_2d_msgs/nav_2d_msgs/msg/detail/pose2_d32__struct.h
[12.161s] -- Installing: /home/derek/work/install/nav_2d_msgs/include/nav_2d_msgs/nav_2d_msgs/msg/detail/path2_d__functions.h
[12.161s] -- Installing: /home/derek/work/install/nav_2d_msgs/include/nav_2d_msgs/nav_2d_msgs/msg/detail/twist2_d32__functions.c
[12.161s] -- Installing: /home/derek/work/install/nav_2d_msgs/include/nav_2d_msgs/nav_2d_msgs/msg/detail/twist2_d32__type_support.h
[12.161s] -- Installing: /home/derek/work/install/nav_2d_msgs/include/nav_2d_msgs/nav_2d_msgs/msg/detail/twist2_d__type_support.h
[12.161s] -- Installing: /home/derek/work/install/nav_2d_msgs/include/nav_2d_msgs/nav_2d_msgs/msg/detail/twist2_d__functions.h
[12.161s] -- Installing: /home/derek/work/install/nav_2d_msgs/include/nav_2d_msgs/nav_2d_msgs/msg/detail/path2_d__functions.c
[12.162s] -- Installing: /home/derek/work/install/nav_2d_msgs/include/nav_2d_msgs/nav_2d_msgs/msg/detail/twist2_d__functions.c
[12.162s] -- Installing: /home/derek/work/install/nav_2d_msgs/include/nav_2d_msgs/nav_2d_msgs/msg/detail/twist2_d_stamped__type_support.h
[12.162s] -- Installing: /home/derek/work/install/nav_2d_msgs/include/nav_2d_msgs/nav_2d_msgs/msg/detail/pose2_d32__type_support.h
[12.162s] -- Installing: /home/derek/work/install/nav_2d_msgs/include/nav_2d_msgs/nav_2d_msgs/msg/detail/pose2_d_stamped__functions.c
[12.162s] -- Installing: /home/derek/work/install/nav_2d_msgs/include/nav_2d_msgs/nav_2d_msgs/msg/detail/path2_d__type_support.h
[12.162s] -- Installing: /home/derek/work/install/nav_2d_msgs/include/nav_2d_msgs/nav_2d_msgs/msg/detail/path2_d__struct.h
[12.162s] -- Installing: /home/derek/work/install/nav_2d_msgs/include/nav_2d_msgs/nav_2d_msgs/msg/detail/pose2_d_stamped__struct.h
[12.162s] -- Installing: /home/derek/work/install/nav_2d_msgs/include/nav_2d_msgs/nav_2d_msgs/msg/detail/pose2_d_stamped__functions.h
[12.163s] -- Installing: /home/derek/work/install/nav_2d_msgs/include/nav_2d_msgs/nav_2d_msgs/msg/detail/pose2_d32__functions.h
[12.163s] -- Installing: /home/derek/work/install/nav_2d_msgs/include/nav_2d_msgs/nav_2d_msgs/msg/detail/twist2_d_stamped__struct.h
[12.163s] -- Installing: /home/derek/work/install/nav_2d_msgs/include/nav_2d_msgs/nav_2d_msgs/msg/detail/twist2_d_stamped__functions.h
[12.163s] -- Installing: /home/derek/work/install/nav_2d_msgs/include/nav_2d_msgs/nav_2d_msgs/msg/detail/twist2_d__struct.h
[12.163s] -- Installing: /home/derek/work/install/nav_2d_msgs/include/nav_2d_msgs/nav_2d_msgs/msg/detail/twist2_d_stamped__functions.c
[12.163s] -- Installing: /home/derek/work/install/nav_2d_msgs/include/nav_2d_msgs/nav_2d_msgs/msg/detail/twist2_d32__struct.h
[12.163s] -- Installing: /home/derek/work/install/nav_2d_msgs/include/nav_2d_msgs/nav_2d_msgs/msg/detail/pose2_d32__functions.c
[12.163s] -- Installing: /home/derek/work/install/nav_2d_msgs/include/nav_2d_msgs/nav_2d_msgs/msg/detail/pose2_d_stamped__type_support.h
[12.163s] -- Installing: /home/derek/work/install/nav_2d_msgs/include/nav_2d_msgs/nav_2d_msgs/msg/twist2_d.h
[12.164s] -- Installing: /home/derek/work/install/nav_2d_msgs/include/nav_2d_msgs/nav_2d_msgs/msg/twist2_d32.h
[12.164s] -- Installing: /home/derek/work/install/nav_2d_msgs/share/nav_2d_msgs/environment/library_path.sh
[12.164s] -- Installing: /home/derek/work/install/nav_2d_msgs/share/nav_2d_msgs/environment/library_path.dsv
[12.164s] -- Installing: /home/derek/work/install/nav_2d_msgs/lib/libnav_2d_msgs__rosidl_generator_c.so
[12.165s] -- Set runtime path of "/home/derek/work/install/nav_2d_msgs/lib/libnav_2d_msgs__rosidl_generator_c.so" to ""
[12.165s] -- Up-to-date: /home/derek/work/install/nav_2d_msgs/include/nav_2d_msgs/nav_2d_msgs
[12.165s] -- Up-to-date: /home/derek/work/install/nav_2d_msgs/include/nav_2d_msgs/nav_2d_msgs/msg
[12.165s] -- Installing: /home/derek/work/install/nav_2d_msgs/include/nav_2d_msgs/nav_2d_msgs/msg/rosidl_typesupport_fastrtps_c__visibility_control.h
[12.165s] -- Up-to-date: /home/derek/work/install/nav_2d_msgs/include/nav_2d_msgs/nav_2d_msgs/msg/detail
[12.165s] -- Installing: /home/derek/work/install/nav_2d_msgs/include/nav_2d_msgs/nav_2d_msgs/msg/detail/pose2_d_stamped__rosidl_typesupport_fastrtps_c.h
[12.165s] -- Installing: /home/derek/work/install/nav_2d_msgs/include/nav_2d_msgs/nav_2d_msgs/msg/detail/twist2_d32__rosidl_typesupport_fastrtps_c.h
[12.165s] -- Installing: /home/derek/work/install/nav_2d_msgs/include/nav_2d_msgs/nav_2d_msgs/msg/detail/pose2_d32__rosidl_typesupport_fastrtps_c.h
[12.165s] -- Installing: /home/derek/work/install/nav_2d_msgs/include/nav_2d_msgs/nav_2d_msgs/msg/detail/twist2_d_stamped__rosidl_typesupport_fastrtps_c.h
[12.166s] -- Installing: /home/derek/work/install/nav_2d_msgs/include/nav_2d_msgs/nav_2d_msgs/msg/detail/twist2_d__rosidl_typesupport_fastrtps_c.h
[12.166s] -- Installing: /home/derek/work/install/nav_2d_msgs/include/nav_2d_msgs/nav_2d_msgs/msg/detail/path2_d__rosidl_typesupport_fastrtps_c.h
[12.166s] -- Installing: /home/derek/work/install/nav_2d_msgs/lib/libnav_2d_msgs__rosidl_typesupport_fastrtps_c.so
[12.166s] -- Set runtime path of "/home/derek/work/install/nav_2d_msgs/lib/libnav_2d_msgs__rosidl_typesupport_fastrtps_c.so" to ""
[12.166s] -- Up-to-date: /home/derek/work/install/nav_2d_msgs/include/nav_2d_msgs/nav_2d_msgs
[12.166s] -- Up-to-date: /home/derek/work/install/nav_2d_msgs/include/nav_2d_msgs/nav_2d_msgs/msg
[12.166s] -- Installing: /home/derek/work/install/nav_2d_msgs/include/nav_2d_msgs/nav_2d_msgs/msg/twist2_d_stamped.hpp
[12.167s] -- Installing: /home/derek/work/install/nav_2d_msgs/include/nav_2d_msgs/nav_2d_msgs/msg/path2_d.hpp
[12.167s] -- Up-to-date: /home/derek/work/install/nav_2d_msgs/include/nav_2d_msgs/nav_2d_msgs/msg/detail
[12.167s] -- Installing: /home/derek/work/install/nav_2d_msgs/include/nav_2d_msgs/nav_2d_msgs/msg/detail/twist2_d_stamped__builder.hpp
[12.167s] -- Installing: /home/derek/work/install/nav_2d_msgs/include/nav_2d_msgs/nav_2d_msgs/msg/detail/pose2_d32__struct.hpp
[12.167s] -- Installing: /home/derek/work/install/nav_2d_msgs/include/nav_2d_msgs/nav_2d_msgs/msg/detail/twist2_d32__builder.hpp
[12.167s] -- Installing: /home/derek/work/install/nav_2d_msgs/include/nav_2d_msgs/nav_2d_msgs/msg/detail/twist2_d_stamped__traits.hpp
[12.167s] -- Installing: /home/derek/work/install/nav_2d_msgs/include/nav_2d_msgs/nav_2d_msgs/msg/detail/twist2_d32__struct.hpp
[12.167s] -- Installing: /home/derek/work/install/nav_2d_msgs/include/nav_2d_msgs/nav_2d_msgs/msg/detail/path2_d__struct.hpp
[12.167s] -- Installing: /home/derek/work/install/nav_2d_msgs/include/nav_2d_msgs/nav_2d_msgs/msg/detail/twist2_d_stamped__struct.hpp
[12.168s] -- Installing: /home/derek/work/install/nav_2d_msgs/include/nav_2d_msgs/nav_2d_msgs/msg/detail/pose2_d_stamped__builder.hpp
[12.168s] -- Installing: /home/derek/work/install/nav_2d_msgs/include/nav_2d_msgs/nav_2d_msgs/msg/detail/twist2_d__builder.hpp
[12.168s] -- Installing: /home/derek/work/install/nav_2d_msgs/include/nav_2d_msgs/nav_2d_msgs/msg/detail/twist2_d__struct.hpp
[12.168s] -- Installing: /home/derek/work/install/nav_2d_msgs/include/nav_2d_msgs/nav_2d_msgs/msg/detail/pose2_d32__traits.hpp
[12.168s] -- Installing: /home/derek/work/install/nav_2d_msgs/include/nav_2d_msgs/nav_2d_msgs/msg/detail/path2_d__builder.hpp
[12.168s] -- Installing: /home/derek/work/install/nav_2d_msgs/include/nav_2d_msgs/nav_2d_msgs/msg/detail/twist2_d32__traits.hpp
[12.168s] -- Installing: /home/derek/work/install/nav_2d_msgs/include/nav_2d_msgs/nav_2d_msgs/msg/detail/pose2_d_stamped__struct.hpp
[12.169s] -- Installing: /home/derek/work/install/nav_2d_msgs/include/nav_2d_msgs/nav_2d_msgs/msg/detail/pose2_d_stamped__traits.hpp
[12.169s] -- Installing: /home/derek/work/install/nav_2d_msgs/include/nav_2d_msgs/nav_2d_msgs/msg/detail/path2_d__traits.hpp
[12.169s] -- Installing: /home/derek/work/install/nav_2d_msgs/include/nav_2d_msgs/nav_2d_msgs/msg/detail/twist2_d__traits.hpp
[12.169s] -- Installing: /home/derek/work/install/nav_2d_msgs/include/nav_2d_msgs/nav_2d_msgs/msg/detail/pose2_d32__builder.hpp
[12.169s] -- Installing: /home/derek/work/install/nav_2d_msgs/include/nav_2d_msgs/nav_2d_msgs/msg/pose2_d32.hpp
[12.169s] -- Installing: /home/derek/work/install/nav_2d_msgs/include/nav_2d_msgs/nav_2d_msgs/msg/twist2_d.hpp
[12.169s] -- Installing: /home/derek/work/install/nav_2d_msgs/include/nav_2d_msgs/nav_2d_msgs/msg/twist2_d32.hpp
[12.169s] -- Installing: /home/derek/work/install/nav_2d_msgs/include/nav_2d_msgs/nav_2d_msgs/msg/pose2_d_stamped.hpp
[12.170s] -- Up-to-date: /home/derek/work/install/nav_2d_msgs/include/nav_2d_msgs/nav_2d_msgs
[12.170s] -- Up-to-date: /home/derek/work/install/nav_2d_msgs/include/nav_2d_msgs/nav_2d_msgs/msg
[12.170s] -- Installing: /home/derek/work/install/nav_2d_msgs/include/nav_2d_msgs/nav_2d_msgs/msg/rosidl_typesupport_fastrtps_cpp__visibility_control.h
[12.170s] -- Up-to-date: /home/derek/work/install/nav_2d_msgs/include/nav_2d_msgs/nav_2d_msgs/msg/detail
[12.170s] -- Installing: /home/derek/work/install/nav_2d_msgs/include/nav_2d_msgs/nav_2d_msgs/msg/detail/dds_fastrtps
[12.170s] -- Installing: /home/derek/work/install/nav_2d_msgs/include/nav_2d_msgs/nav_2d_msgs/msg/detail/pose2_d_stamped__rosidl_typesupport_fastrtps_cpp.hpp
[12.170s] -- Installing: /home/derek/work/install/nav_2d_msgs/include/nav_2d_msgs/nav_2d_msgs/msg/detail/twist2_d32__rosidl_typesupport_fastrtps_cpp.hpp
[12.170s] -- Installing: /home/derek/work/install/nav_2d_msgs/include/nav_2d_msgs/nav_2d_msgs/msg/detail/path2_d__rosidl_typesupport_fastrtps_cpp.hpp
[12.170s] -- Installing: /home/derek/work/install/nav_2d_msgs/include/nav_2d_msgs/nav_2d_msgs/msg/detail/twist2_d_stamped__rosidl_typesupport_fastrtps_cpp.hpp
[12.170s] -- Installing: /home/derek/work/install/nav_2d_msgs/include/nav_2d_msgs/nav_2d_msgs/msg/detail/pose2_d32__rosidl_typesupport_fastrtps_cpp.hpp
[12.171s] -- Installing: /home/derek/work/install/nav_2d_msgs/include/nav_2d_msgs/nav_2d_msgs/msg/detail/twist2_d__rosidl_typesupport_fastrtps_cpp.hpp
[12.171s] -- Installing: /home/derek/work/install/nav_2d_msgs/lib/libnav_2d_msgs__rosidl_typesupport_fastrtps_cpp.so
[12.171s] -- Set runtime path of "/home/derek/work/install/nav_2d_msgs/lib/libnav_2d_msgs__rosidl_typesupport_fastrtps_cpp.so" to ""
[12.171s] -- Up-to-date: /home/derek/work/install/nav_2d_msgs/include/nav_2d_msgs/nav_2d_msgs
[12.172s] -- Up-to-date: /home/derek/work/install/nav_2d_msgs/include/nav_2d_msgs/nav_2d_msgs/msg
[12.172s] -- Installing: /home/derek/work/install/nav_2d_msgs/include/nav_2d_msgs/nav_2d_msgs/msg/rosidl_typesupport_introspection_c__visibility_control.h
[12.172s] -- Up-to-date: /home/derek/work/install/nav_2d_msgs/include/nav_2d_msgs/nav_2d_msgs/msg/detail
[12.172s] -- Installing: /home/derek/work/install/nav_2d_msgs/include/nav_2d_msgs/nav_2d_msgs/msg/detail/twist2_d_stamped__type_support.c
[12.172s] -- Installing: /home/derek/work/install/nav_2d_msgs/include/nav_2d_msgs/nav_2d_msgs/msg/detail/pose2_d32__type_support.c
[12.172s] -- Installing: /home/derek/work/install/nav_2d_msgs/include/nav_2d_msgs/nav_2d_msgs/msg/detail/path2_d__rosidl_typesupport_introspection_c.h
[12.172s] -- Installing: /home/derek/work/install/nav_2d_msgs/include/nav_2d_msgs/nav_2d_msgs/msg/detail/twist2_d_stamped__rosidl_typesupport_introspection_c.h
[12.172s] -- Installing: /home/derek/work/install/nav_2d_msgs/include/nav_2d_msgs/nav_2d_msgs/msg/detail/path2_d__type_support.c
[12.172s] -- Installing: /home/derek/work/install/nav_2d_msgs/include/nav_2d_msgs/nav_2d_msgs/msg/detail/twist2_d__type_support.c
[12.172s] -- Installing: /home/derek/work/install/nav_2d_msgs/include/nav_2d_msgs/nav_2d_msgs/msg/detail/twist2_d32__type_support.c
[12.173s] -- Installing: /home/derek/work/install/nav_2d_msgs/include/nav_2d_msgs/nav_2d_msgs/msg/detail/twist2_d32__rosidl_typesupport_introspection_c.h
[12.173s] -- Installing: /home/derek/work/install/nav_2d_msgs/include/nav_2d_msgs/nav_2d_msgs/msg/detail/twist2_d__rosidl_typesupport_introspection_c.h
[12.173s] -- Installing: /home/derek/work/install/nav_2d_msgs/include/nav_2d_msgs/nav_2d_msgs/msg/detail/pose2_d32__rosidl_typesupport_introspection_c.h
[12.173s] -- Installing: /home/derek/work/install/nav_2d_msgs/include/nav_2d_msgs/nav_2d_msgs/msg/detail/pose2_d_stamped__type_support.c
[12.173s] -- Installing: /home/derek/work/install/nav_2d_msgs/include/nav_2d_msgs/nav_2d_msgs/msg/detail/pose2_d_stamped__rosidl_typesupport_introspection_c.h
[12.173s] -- Installing: /home/derek/work/install/nav_2d_msgs/lib/libnav_2d_msgs__rosidl_typesupport_introspection_c.so
[12.174s] -- Set runtime path of "/home/derek/work/install/nav_2d_msgs/lib/libnav_2d_msgs__rosidl_typesupport_introspection_c.so" to ""
[12.174s] -- Installing: /home/derek/work/install/nav_2d_msgs/lib/libnav_2d_msgs__rosidl_typesupport_c.so
[12.174s] -- Set runtime path of "/home/derek/work/install/nav_2d_msgs/lib/libnav_2d_msgs__rosidl_typesupport_c.so" to ""
[12.174s] -- Up-to-date: /home/derek/work/install/nav_2d_msgs/include/nav_2d_msgs/nav_2d_msgs
[12.174s] -- Up-to-date: /home/derek/work/install/nav_2d_msgs/include/nav_2d_msgs/nav_2d_msgs/msg
[12.174s] -- Up-to-date: /home/derek/work/install/nav_2d_msgs/include/nav_2d_msgs/nav_2d_msgs/msg/detail
[12.175s] -- Installing: /home/derek/work/install/nav_2d_msgs/include/nav_2d_msgs/nav_2d_msgs/msg/detail/twist2_d__rosidl_typesupport_introspection_cpp.hpp
[12.175s] -- Installing: /home/derek/work/install/nav_2d_msgs/include/nav_2d_msgs/nav_2d_msgs/msg/detail/path2_d__rosidl_typesupport_introspection_cpp.hpp
[12.175s] -- Installing: /home/derek/work/install/nav_2d_msgs/include/nav_2d_msgs/nav_2d_msgs/msg/detail/twist2_d32__rosidl_typesupport_introspection_cpp.hpp
[12.175s] -- Installing: /home/derek/work/install/nav_2d_msgs/include/nav_2d_msgs/nav_2d_msgs/msg/detail/twist2_d32__type_support.cpp
[12.175s] -- Installing: /home/derek/work/install/nav_2d_msgs/include/nav_2d_msgs/nav_2d_msgs/msg/detail/pose2_d_stamped__type_support.cpp
[12.175s] -- Installing: /home/derek/work/install/nav_2d_msgs/include/nav_2d_msgs/nav_2d_msgs/msg/detail/twist2_d__type_support.cpp
[12.175s] -- Installing: /home/derek/work/install/nav_2d_msgs/include/nav_2d_msgs/nav_2d_msgs/msg/detail/pose2_d32__type_support.cpp
[12.175s] -- Installing: /home/derek/work/install/nav_2d_msgs/include/nav_2d_msgs/nav_2d_msgs/msg/detail/pose2_d32__rosidl_typesupport_introspection_cpp.hpp
[12.175s] -- Installing: /home/derek/work/install/nav_2d_msgs/include/nav_2d_msgs/nav_2d_msgs/msg/detail/path2_d__type_support.cpp
[12.176s] -- Installing: /home/derek/work/install/nav_2d_msgs/include/nav_2d_msgs/nav_2d_msgs/msg/detail/twist2_d_stamped__type_support.cpp
[12.176s] -- Installing: /home/derek/work/install/nav_2d_msgs/include/nav_2d_msgs/nav_2d_msgs/msg/detail/twist2_d_stamped__rosidl_typesupport_introspection_cpp.hpp
[12.176s] -- Installing: /home/derek/work/install/nav_2d_msgs/include/nav_2d_msgs/nav_2d_msgs/msg/detail/pose2_d_stamped__rosidl_typesupport_introspection_cpp.hpp
[12.176s] -- Installing: /home/derek/work/install/nav_2d_msgs/lib/libnav_2d_msgs__rosidl_typesupport_introspection_cpp.so
[12.176s] -- Set runtime path of "/home/derek/work/install/nav_2d_msgs/lib/libnav_2d_msgs__rosidl_typesupport_introspection_cpp.so" to ""
[12.177s] -- Installing: /home/derek/work/install/nav_2d_msgs/lib/libnav_2d_msgs__rosidl_typesupport_cpp.so
[12.177s] -- Set runtime path of "/home/derek/work/install/nav_2d_msgs/lib/libnav_2d_msgs__rosidl_typesupport_cpp.so" to ""
[12.177s] -- Installing: /home/derek/work/install/nav_2d_msgs/share/nav_2d_msgs/environment/pythonpath.sh
[12.177s] -- Installing: /home/derek/work/install/nav_2d_msgs/share/nav_2d_msgs/environment/pythonpath.dsv
[12.177s] -- Installing: /home/derek/work/install/nav_2d_msgs/local/lib/python3.10/dist-packages/nav_2d_msgs-1.1.13-py3.10.egg-info
[12.177s] -- Installing: /home/derek/work/install/nav_2d_msgs/local/lib/python3.10/dist-packages/nav_2d_msgs-1.1.13-py3.10.egg-info/PKG-INFO
[12.178s] -- Installing: /home/derek/work/install/nav_2d_msgs/local/lib/python3.10/dist-packages/nav_2d_msgs-1.1.13-py3.10.egg-info/top_level.txt
[12.178s] -- Installing: /home/derek/work/install/nav_2d_msgs/local/lib/python3.10/dist-packages/nav_2d_msgs-1.1.13-py3.10.egg-info/SOURCES.txt
[12.178s] -- Installing: /home/derek/work/install/nav_2d_msgs/local/lib/python3.10/dist-packages/nav_2d_msgs-1.1.13-py3.10.egg-info/dependency_links.txt
[12.178s] -- Installing: /home/derek/work/install/nav_2d_msgs/local/lib/python3.10/dist-packages/nav_2d_msgs
[12.178s] -- Installing: /home/derek/work/install/nav_2d_msgs/local/lib/python3.10/dist-packages/nav_2d_msgs/nav_2d_msgs_s__rosidl_typesupport_fastrtps_c.cpython-310-x86_64-linux-gnu.so
[12.178s] -- Installing: /home/derek/work/install/nav_2d_msgs/local/lib/python3.10/dist-packages/nav_2d_msgs/_nav_2d_msgs_s.ep.rosidl_typesupport_introspection_c.c
[12.178s] -- Installing: /home/derek/work/install/nav_2d_msgs/local/lib/python3.10/dist-packages/nav_2d_msgs/_nav_2d_msgs_s.ep.rosidl_typesupport_c.c
[12.178s] -- Installing: /home/derek/work/install/nav_2d_msgs/local/lib/python3.10/dist-packages/nav_2d_msgs/_nav_2d_msgs_s.ep.rosidl_typesupport_fastrtps_c.c
[12.179s] -- Installing: /home/derek/work/install/nav_2d_msgs/local/lib/python3.10/dist-packages/nav_2d_msgs/__init__.py
[12.179s] -- Installing: /home/derek/work/install/nav_2d_msgs/local/lib/python3.10/dist-packages/nav_2d_msgs/nav_2d_msgs_s__rosidl_typesupport_introspection_c.cpython-310-x86_64-linux-gnu.so
[12.179s] -- Installing: /home/derek/work/install/nav_2d_msgs/local/lib/python3.10/dist-packages/nav_2d_msgs/libnav_2d_msgs__rosidl_generator_py.so
[12.179s] -- Installing: /home/derek/work/install/nav_2d_msgs/local/lib/python3.10/dist-packages/nav_2d_msgs/nav_2d_msgs_s__rosidl_typesupport_c.cpython-310-x86_64-linux-gnu.so
[12.179s] -- Installing: /home/derek/work/install/nav_2d_msgs/local/lib/python3.10/dist-packages/nav_2d_msgs/msg
[12.179s] -- Installing: /home/derek/work/install/nav_2d_msgs/local/lib/python3.10/dist-packages/nav_2d_msgs/msg/_pose2_d_stamped_s.c
[12.179s] -- Installing: /home/derek/work/install/nav_2d_msgs/local/lib/python3.10/dist-packages/nav_2d_msgs/msg/_twist2_d.py
[12.180s] -- Installing: /home/derek/work/install/nav_2d_msgs/local/lib/python3.10/dist-packages/nav_2d_msgs/msg/_path2_d.py
[12.180s] -- Installing: /home/derek/work/install/nav_2d_msgs/local/lib/python3.10/dist-packages/nav_2d_msgs/msg/_twist2_d32_s.c
[12.180s] -- Installing: /home/derek/work/install/nav_2d_msgs/local/lib/python3.10/dist-packages/nav_2d_msgs/msg/_path2_d_s.c
[12.181s] -- Installing: /home/derek/work/install/nav_2d_msgs/local/lib/python3.10/dist-packages/nav_2d_msgs/msg/_pose2_d_stamped.py
[12.181s] -- Installing: /home/derek/work/install/nav_2d_msgs/local/lib/python3.10/dist-packages/nav_2d_msgs/msg/__init__.py
[12.181s] -- Installing: /home/derek/work/install/nav_2d_msgs/local/lib/python3.10/dist-packages/nav_2d_msgs/msg/_twist2_d_stamped.py
[12.181s] -- Installing: /home/derek/work/install/nav_2d_msgs/local/lib/python3.10/dist-packages/nav_2d_msgs/msg/_twist2_d32.py
[12.182s] -- Installing: /home/derek/work/install/nav_2d_msgs/local/lib/python3.10/dist-packages/nav_2d_msgs/msg/_twist2_d_s.c
[12.182s] -- Installing: /home/derek/work/install/nav_2d_msgs/local/lib/python3.10/dist-packages/nav_2d_msgs/msg/_pose2_d32.py
[12.182s] -- Installing: /home/derek/work/install/nav_2d_msgs/local/lib/python3.10/dist-packages/nav_2d_msgs/msg/_twist2_d_stamped_s.c
[12.182s] -- Installing: /home/derek/work/install/nav_2d_msgs/local/lib/python3.10/dist-packages/nav_2d_msgs/msg/_pose2_d32_s.c
[12.227s] Listing '/home/derek/work/install/nav_2d_msgs/local/lib/python3.10/dist-packages/nav_2d_msgs'...
[12.228s] Compiling '/home/derek/work/install/nav_2d_msgs/local/lib/python3.10/dist-packages/nav_2d_msgs/__init__.py'...
[12.228s] Listing '/home/derek/work/install/nav_2d_msgs/local/lib/python3.10/dist-packages/nav_2d_msgs/msg'...
[12.228s] Compiling '/home/derek/work/install/nav_2d_msgs/local/lib/python3.10/dist-packages/nav_2d_msgs/msg/__init__.py'...
[12.228s] Compiling '/home/derek/work/install/nav_2d_msgs/local/lib/python3.10/dist-packages/nav_2d_msgs/msg/_path2_d.py'...
[12.228s] Compiling '/home/derek/work/install/nav_2d_msgs/local/lib/python3.10/dist-packages/nav_2d_msgs/msg/_pose2_d32.py'...
[12.228s] Compiling '/home/derek/work/install/nav_2d_msgs/local/lib/python3.10/dist-packages/nav_2d_msgs/msg/_pose2_d_stamped.py'...
[12.228s] Compiling '/home/derek/work/install/nav_2d_msgs/local/lib/python3.10/dist-packages/nav_2d_msgs/msg/_twist2_d.py'...
[12.228s] Compiling '/home/derek/work/install/nav_2d_msgs/local/lib/python3.10/dist-packages/nav_2d_msgs/msg/_twist2_d32.py'...
[12.228s] Compiling '/home/derek/work/install/nav_2d_msgs/local/lib/python3.10/dist-packages/nav_2d_msgs/msg/_twist2_d_stamped.py'...
[12.234s] -- Installing: /home/derek/work/install/nav_2d_msgs/local/lib/python3.10/dist-packages/nav_2d_msgs/nav_2d_msgs_s__rosidl_typesupport_fastrtps_c.cpython-310-x86_64-linux-gnu.so
[12.234s] -- Set runtime path of "/home/derek/work/install/nav_2d_msgs/local/lib/python3.10/dist-packages/nav_2d_msgs/nav_2d_msgs_s__rosidl_typesupport_fastrtps_c.cpython-310-x86_64-linux-gnu.so" to ""
[12.235s] -- Installing: /home/derek/work/install/nav_2d_msgs/local/lib/python3.10/dist-packages/nav_2d_msgs/nav_2d_msgs_s__rosidl_typesupport_introspection_c.cpython-310-x86_64-linux-gnu.so
[12.235s] -- Set runtime path of "/home/derek/work/install/nav_2d_msgs/local/lib/python3.10/dist-packages/nav_2d_msgs/nav_2d_msgs_s__rosidl_typesupport_introspection_c.cpython-310-x86_64-linux-gnu.so" to ""
[12.235s] -- Installing: /home/derek/work/install/nav_2d_msgs/local/lib/python3.10/dist-packages/nav_2d_msgs/nav_2d_msgs_s__rosidl_typesupport_c.cpython-310-x86_64-linux-gnu.so
[12.236s] -- Set runtime path of "/home/derek/work/install/nav_2d_msgs/local/lib/python3.10/dist-packages/nav_2d_msgs/nav_2d_msgs_s__rosidl_typesupport_c.cpython-310-x86_64-linux-gnu.so" to ""
[12.236s] -- Installing: /home/derek/work/install/nav_2d_msgs/lib/libnav_2d_msgs__rosidl_generator_py.so
[12.236s] -- Set runtime path of "/home/derek/work/install/nav_2d_msgs/lib/libnav_2d_msgs__rosidl_generator_py.so" to ""
[12.236s] -- Installing: /home/derek/work/install/nav_2d_msgs/share/nav_2d_msgs/msg/Path2D.idl
[12.236s] -- Installing: /home/derek/work/install/nav_2d_msgs/share/nav_2d_msgs/msg/Pose2D32.idl
[12.236s] -- Installing: /home/derek/work/install/nav_2d_msgs/share/nav_2d_msgs/msg/Pose2DStamped.idl
[12.236s] -- Installing: /home/derek/work/install/nav_2d_msgs/share/nav_2d_msgs/msg/Twist2D.idl
[12.237s] -- Installing: /home/derek/work/install/nav_2d_msgs/share/nav_2d_msgs/msg/Twist2D32.idl
[12.237s] -- Installing: /home/derek/work/install/nav_2d_msgs/share/nav_2d_msgs/msg/Twist2DStamped.idl
[12.237s] -- Installing: /home/derek/work/install/nav_2d_msgs/share/nav_2d_msgs/msg/Path2D.msg
[12.237s] -- Installing: /home/derek/work/install/nav_2d_msgs/share/nav_2d_msgs/msg/Pose2D32.msg
[12.237s] -- Installing: /home/derek/work/install/nav_2d_msgs/share/nav_2d_msgs/msg/Pose2DStamped.msg
[12.237s] -- Installing: /home/derek/work/install/nav_2d_msgs/share/nav_2d_msgs/msg/Twist2D.msg
[12.237s] -- Installing: /home/derek/work/install/nav_2d_msgs/share/nav_2d_msgs/msg/Twist2D32.msg
[12.237s] -- Installing: /home/derek/work/install/nav_2d_msgs/share/nav_2d_msgs/msg/Twist2DStamped.msg
[12.237s] -- Installing: /home/derek/work/install/nav_2d_msgs/share/ament_index/resource_index/package_run_dependencies/nav_2d_msgs
[12.238s] -- Installing: /home/derek/work/install/nav_2d_msgs/share/ament_index/resource_index/parent_prefix_path/nav_2d_msgs
[12.238s] -- Installing: /home/derek/work/install/nav_2d_msgs/share/nav_2d_msgs/environment/ament_prefix_path.sh
[12.238s] -- Installing: /home/derek/work/install/nav_2d_msgs/share/nav_2d_msgs/environment/ament_prefix_path.dsv
[12.238s] -- Installing: /home/derek/work/install/nav_2d_msgs/share/nav_2d_msgs/environment/path.sh
[12.238s] -- Installing: /home/derek/work/install/nav_2d_msgs/share/nav_2d_msgs/environment/path.dsv
[12.238s] -- Installing: /home/derek/work/install/nav_2d_msgs/share/nav_2d_msgs/local_setup.bash
[12.238s] -- Installing: /home/derek/work/install/nav_2d_msgs/share/nav_2d_msgs/local_setup.sh
[12.238s] -- Installing: /home/derek/work/install/nav_2d_msgs/share/nav_2d_msgs/local_setup.zsh
[12.239s] -- Installing: /home/derek/work/install/nav_2d_msgs/share/nav_2d_msgs/local_setup.dsv
[12.239s] -- Installing: /home/derek/work/install/nav_2d_msgs/share/nav_2d_msgs/package.dsv
[12.239s] -- Installing: /home/derek/work/install/nav_2d_msgs/share/ament_index/resource_index/packages/nav_2d_msgs
[12.239s] -- Installing: /home/derek/work/install/nav_2d_msgs/share/nav_2d_msgs/cmake/export_nav_2d_msgs__rosidl_generator_cExport.cmake
[12.239s] -- Installing: /home/derek/work/install/nav_2d_msgs/share/nav_2d_msgs/cmake/export_nav_2d_msgs__rosidl_generator_cExport-noconfig.cmake
[12.239s] -- Installing: /home/derek/work/install/nav_2d_msgs/share/nav_2d_msgs/cmake/export_nav_2d_msgs__rosidl_typesupport_fastrtps_cExport.cmake
[12.239s] -- Installing: /home/derek/work/install/nav_2d_msgs/share/nav_2d_msgs/cmake/export_nav_2d_msgs__rosidl_typesupport_fastrtps_cExport-noconfig.cmake
[12.239s] -- Installing: /home/derek/work/install/nav_2d_msgs/share/nav_2d_msgs/cmake/export_nav_2d_msgs__rosidl_generator_cppExport.cmake
[12.240s] -- Installing: /home/derek/work/install/nav_2d_msgs/share/nav_2d_msgs/cmake/export_nav_2d_msgs__rosidl_typesupport_fastrtps_cppExport.cmake
[12.240s] -- Installing: /home/derek/work/install/nav_2d_msgs/share/nav_2d_msgs/cmake/export_nav_2d_msgs__rosidl_typesupport_fastrtps_cppExport-noconfig.cmake
[12.240s] -- Installing: /home/derek/work/install/nav_2d_msgs/share/nav_2d_msgs/cmake/nav_2d_msgs__rosidl_typesupport_introspection_cExport.cmake
[12.240s] -- Installing: /home/derek/work/install/nav_2d_msgs/share/nav_2d_msgs/cmake/nav_2d_msgs__rosidl_typesupport_introspection_cExport-noconfig.cmake
[12.240s] -- Installing: /home/derek/work/install/nav_2d_msgs/share/nav_2d_msgs/cmake/nav_2d_msgs__rosidl_typesupport_cExport.cmake
[12.240s] -- Installing: /home/derek/work/install/nav_2d_msgs/share/nav_2d_msgs/cmake/nav_2d_msgs__rosidl_typesupport_cExport-noconfig.cmake
[12.240s] -- Installing: /home/derek/work/install/nav_2d_msgs/share/nav_2d_msgs/cmake/nav_2d_msgs__rosidl_typesupport_introspection_cppExport.cmake
[12.241s] -- Installing: /home/derek/work/install/nav_2d_msgs/share/nav_2d_msgs/cmake/nav_2d_msgs__rosidl_typesupport_introspection_cppExport-noconfig.cmake
[12.241s] -- Installing: /home/derek/work/install/nav_2d_msgs/share/nav_2d_msgs/cmake/nav_2d_msgs__rosidl_typesupport_cppExport.cmake
[12.241s] -- Installing: /home/derek/work/install/nav_2d_msgs/share/nav_2d_msgs/cmake/nav_2d_msgs__rosidl_typesupport_cppExport-noconfig.cmake
[12.241s] -- Installing: /home/derek/work/install/nav_2d_msgs/share/nav_2d_msgs/cmake/export_nav_2d_msgs__rosidl_generator_pyExport.cmake
[12.241s] -- Installing: /home/derek/work/install/nav_2d_msgs/share/nav_2d_msgs/cmake/export_nav_2d_msgs__rosidl_generator_pyExport-noconfig.cmake
[12.241s] -- Installing: /home/derek/work/install/nav_2d_msgs/share/nav_2d_msgs/cmake/rosidl_cmake-extras.cmake
[12.241s] -- Installing: /home/derek/work/install/nav_2d_msgs/share/nav_2d_msgs/cmake/ament_cmake_export_dependencies-extras.cmake
[12.241s] -- Installing: /home/derek/work/install/nav_2d_msgs/share/nav_2d_msgs/cmake/ament_cmake_export_include_directories-extras.cmake
[12.242s] -- Installing: /home/derek/work/install/nav_2d_msgs/share/nav_2d_msgs/cmake/ament_cmake_export_libraries-extras.cmake
[12.242s] -- Installing: /home/derek/work/install/nav_2d_msgs/share/nav_2d_msgs/cmake/ament_cmake_export_targets-extras.cmake
[12.242s] -- Installing: /home/derek/work/install/nav_2d_msgs/share/nav_2d_msgs/cmake/rosidl_cmake_export_typesupport_targets-extras.cmake
[12.242s] -- Installing: /home/derek/work/install/nav_2d_msgs/share/nav_2d_msgs/cmake/rosidl_cmake_export_typesupport_libraries-extras.cmake
[12.242s] -- Installing: /home/derek/work/install/nav_2d_msgs/share/nav_2d_msgs/cmake/nav_2d_msgsConfig.cmake
[12.242s] -- Installing: /home/derek/work/install/nav_2d_msgs/share/nav_2d_msgs/cmake/nav_2d_msgsConfig-version.cmake
[12.242s] -- Installing: /home/derek/work/install/nav_2d_msgs/share/nav_2d_msgs/package.xml
[12.255s] Invoked command in '/home/derek/work/build/nav_2d_msgs' returned '0': CMAKE_PREFIX_PATH=/opt/ros/humble /usr/bin/cmake --install /home/derek/work/build/nav_2d_msgs
