[0.196s] Invoking command in '/home/derek/work/build/nav2_planner': AMENT_PREFIX_PATH=/home/derek/work/install/nav2_core:/home/derek/work/install/nav2_costmap_2d:/home/derek/work/install/nav2_util:/home/derek/work/install/nav2_voxel_grid:/home/derek/work/install/nav2_msgs:/home/derek/work/install/nav2_common:${AMENT_PREFIX_PATH} CMAKE_PREFIX_PATH=/home/derek/work/install/nav2_core:/home/derek/work/install/nav2_costmap_2d:/home/derek/work/install/nav2_util:/home/derek/work/install/nav2_voxel_grid:/home/derek/work/install/nav2_msgs:/home/derek/work/install/nav2_common:/opt/ros/humble LD_LIBRARY_PATH=/home/derek/work/install/nav2_costmap_2d/lib:/home/derek/work/install/nav2_util/lib:/home/derek/work/install/nav2_voxel_grid/lib:/home/derek/work/install/nav2_msgs/lib:/usr/lib/x86_64-linux-gnu/gazebo-11/plugins:/opt/ros/humble/opt/rviz_ogre_vendor/lib:/opt/ros/humble/lib/x86_64-linux-gnu:/opt/ros/humble/lib:/usr/local/nvidia/lib:/usr/local/nvidia/lib64:/usr/share/gazebo/../../lib/x86_64-linux-gnu/gazebo-11/plugins PYTHONPATH=/home/derek/work/install/nav2_msgs/local/lib/python3.10/dist-packages:/home/derek/work/install/nav2_common/local/lib/python3.10/dist-packages:${PYTHONPATH} /usr/bin/cmake /home/derek/work/src/navigation2/nav2_planner -DCMAKE_INSTALL_PREFIX=/home/derek/work/install/nav2_planner
[1.275s] -- The C compiler identification is GNU 11.4.0
[1.275s] -- The CXX compiler identification is GNU 11.4.0
[1.275s] -- Detecting C compiler ABI info
[1.275s] -- Detecting C compiler ABI info - done
[1.276s] -- Check for working C compiler: /usr/bin/cc - skipped
[1.276s] -- Detecting C compile features
[1.276s] -- Detecting C compile features - done
[1.276s] -- Detecting CXX compiler ABI info
[1.276s] -- Detecting CXX compiler ABI info - done
[1.277s] -- Check for working CXX compiler: /usr/bin/c++ - skipped
[1.277s] -- Detecting CXX compile features
[1.277s] -- Detecting CXX compile features - done
[1.277s] -- Found ament_cmake: 1.3.7 (/opt/ros/humble/share/ament_cmake/cmake)
[1.277s] -- Found Python3: /usr/bin/python3.10 (found version "3.10.12") found components: Interpreter 
[1.345s] -- Found nav2_common: 1.1.13 (/home/derek/work/install/nav2_common/share/nav2_common/cmake)
[1.348s] -- Found rclcpp: 16.0.8 (/opt/ros/humble/share/rclcpp/cmake)
[1.408s] -- Found rosidl_generator_c: 3.1.5 (/opt/ros/humble/share/rosidl_generator_c/cmake)
[1.415s] -- Found rosidl_adapter: 3.1.5 (/opt/ros/humble/share/rosidl_adapter/cmake)
[1.427s] -- Found rosidl_generator_cpp: 3.1.5 (/opt/ros/humble/share/rosidl_generator_cpp/cmake)
[1.462s] -- Using all available rosidl_typesupport_c: rosidl_typesupport_fastrtps_c;rosidl_typesupport_introspection_c
[1.490s] -- Using all available rosidl_typesupport_cpp: rosidl_typesupport_fastrtps_cpp;rosidl_typesupport_introspection_cpp
[1.587s] -- Found rmw_implementation_cmake: 6.1.1 (/opt/ros/humble/share/rmw_implementation_cmake/cmake)
[1.591s] -- Found rmw_fastrtps_cpp: 6.2.6 (/opt/ros/humble/share/rmw_fastrtps_cpp/cmake)
[1.732s] -- Found OpenSSL: /usr/lib/x86_64-linux-gnu/libcrypto.so (found version "3.0.2")  
[1.768s] -- Found FastRTPS: /opt/ros/humble/include  
[1.851s] -- Using RMW implementation 'rmw_fastrtps_cpp' as default
[1.865s] -- Looking for pthread.h
[1.967s] -- Looking for pthread.h - found
[1.967s] -- Performing Test CMAKE_HAVE_LIBC_PTHREAD
[2.079s] -- Performing Test CMAKE_HAVE_LIBC_PTHREAD - Success
[2.080s] -- Found Threads: TRUE  
[2.313s] -- Found rclcpp_action: 16.0.8 (/opt/ros/humble/share/rclcpp_action/cmake)
[2.449s] -- Found rclcpp_lifecycle: 16.0.8 (/opt/ros/humble/share/rclcpp_lifecycle/cmake)
[2.507s] -- Found rclcpp_components: 16.0.8 (/opt/ros/humble/share/rclcpp_components/cmake)
[2.602s] -- Found visualization_msgs: 4.2.3 (/opt/ros/humble/share/visualization_msgs/cmake)
[2.970s] -- Found nav2_util: 1.1.13 (/home/derek/work/install/nav2_util/share/nav2_util/cmake)
[3.659s] -- Found eigen3_cmake_module: 0.1.1 (/opt/ros/humble/share/eigen3_cmake_module/cmake)
[3.661s] -- Found Eigen3: TRUE (found version "3.4.0") 
[3.661s] -- Ensuring Eigen3 include directory is part of orocos-kdl CMake target
[3.926s] -- Found nav2_costmap_2d: 1.1.13 (/home/derek/work/install/nav2_costmap_2d/share/nav2_costmap_2d/cmake)
[5.120s] -- Found nav2_core: 1.1.13 (/home/derek/work/install/nav2_core/share/nav2_core/cmake)
[5.803s] -- Setting build type to Release as none was specified.
[17.408s] -- Found ament_lint_auto: 0.12.10 (/opt/ros/humble/share/ament_lint_auto/cmake)
[17.411s] -- Found ament_cmake_gtest: 1.3.7 (/opt/ros/humble/share/ament_cmake_gtest/cmake)
[17.530s] -- Found gtest sources under '/opt/ros/humble/src/gtest_vendor': C++ tests using 'Google Test' will be built
[28.185s] -- Added test 'copyright' to check source files copyright and LICENSE
[28.187s] -- Added test 'cppcheck' to perform static code analysis on C / C++ code
[28.188s] -- Configured cppcheck include dirs: /home/derek/work/src/navigation2/nav2_planner/include
[28.188s] -- Configured cppcheck exclude dirs and/or files: 
[28.189s] -- Added test 'cpplint' to check C / C++ code against the Google style
[28.189s] -- Configured cpplint exclude dirs and/or files: 
[28.190s] -- Added test 'lint_cmake' to check CMake code style
[28.192s] -- Added test 'uncrustify' to check C / C++ code style
[28.192s] -- Configured uncrustify additional arguments: 
[28.193s] -- Added test 'xmllint' to check XML markup files
[28.198s] -- Configuring done
[28.431s] -- Generating done
[28.434s] -- Build files have been written to: /home/derek/work/build/nav2_planner
[28.458s] Invoked command in '/home/derek/work/build/nav2_planner' returned '0': AMENT_PREFIX_PATH=/home/derek/work/install/nav2_core:/home/derek/work/install/nav2_costmap_2d:/home/derek/work/install/nav2_util:/home/derek/work/install/nav2_voxel_grid:/home/derek/work/install/nav2_msgs:/home/derek/work/install/nav2_common:${AMENT_PREFIX_PATH} CMAKE_PREFIX_PATH=/home/derek/work/install/nav2_core:/home/derek/work/install/nav2_costmap_2d:/home/derek/work/install/nav2_util:/home/derek/work/install/nav2_voxel_grid:/home/derek/work/install/nav2_msgs:/home/derek/work/install/nav2_common:/opt/ros/humble LD_LIBRARY_PATH=/home/derek/work/install/nav2_costmap_2d/lib:/home/derek/work/install/nav2_util/lib:/home/derek/work/install/nav2_voxel_grid/lib:/home/derek/work/install/nav2_msgs/lib:/usr/lib/x86_64-linux-gnu/gazebo-11/plugins:/opt/ros/humble/opt/rviz_ogre_vendor/lib:/opt/ros/humble/lib/x86_64-linux-gnu:/opt/ros/humble/lib:/usr/local/nvidia/lib:/usr/local/nvidia/lib64:/usr/share/gazebo/../../lib/x86_64-linux-gnu/gazebo-11/plugins PYTHONPATH=/home/derek/work/install/nav2_msgs/local/lib/python3.10/dist-packages:/home/derek/work/install/nav2_common/local/lib/python3.10/dist-packages:${PYTHONPATH} /usr/bin/cmake /home/derek/work/src/navigation2/nav2_planner -DCMAKE_INSTALL_PREFIX=/home/derek/work/install/nav2_planner
[28.471s] Invoking command in '/home/derek/work/build/nav2_planner': AMENT_PREFIX_PATH=/home/derek/work/install/nav2_core:/home/derek/work/install/nav2_costmap_2d:/home/derek/work/install/nav2_util:/home/derek/work/install/nav2_voxel_grid:/home/derek/work/install/nav2_msgs:/home/derek/work/install/nav2_common:${AMENT_PREFIX_PATH} CMAKE_PREFIX_PATH=/home/derek/work/install/nav2_core:/home/derek/work/install/nav2_costmap_2d:/home/derek/work/install/nav2_util:/home/derek/work/install/nav2_voxel_grid:/home/derek/work/install/nav2_msgs:/home/derek/work/install/nav2_common:/opt/ros/humble LD_LIBRARY_PATH=/home/derek/work/install/nav2_costmap_2d/lib:/home/derek/work/install/nav2_util/lib:/home/derek/work/install/nav2_voxel_grid/lib:/home/derek/work/install/nav2_msgs/lib:/usr/lib/x86_64-linux-gnu/gazebo-11/plugins:/opt/ros/humble/opt/rviz_ogre_vendor/lib:/opt/ros/humble/lib/x86_64-linux-gnu:/opt/ros/humble/lib:/usr/local/nvidia/lib:/usr/local/nvidia/lib64:/usr/share/gazebo/../../lib/x86_64-linux-gnu/gazebo-11/plugins PYTHONPATH=/home/derek/work/install/nav2_msgs/local/lib/python3.10/dist-packages:/home/derek/work/install/nav2_common/local/lib/python3.10/dist-packages:${PYTHONPATH} /usr/bin/cmake --build /home/derek/work/build/nav2_planner -- -j16 -l16
[43.614s] [ 10%] [32mBuilding CXX object CMakeFiles/planner_server_core.dir/src/planner_server.cpp.o[0m
[50.390s] [ 20%] [32m[1mLinking CXX shared library libplanner_server_core.so[0m
[50.754s] [ 20%] Built target planner_server_core
[50.773s] [ 30%] [32mBuilding CXX object gtest/CMakeFiles/gtest_main.dir/src/gtest_main.cc.o[0m
[51.822s] [ 40%] [32m[1mLinking CXX static library libgtest_main.a[0m
[51.857s] [ 40%] Built target gtest_main
[51.883s] [ 50%] [32mBuilding CXX object CMakeFiles/planner_server.dir/src/main.cpp.o[0m
[56.977s] [ 60%] [32m[1mLinking CXX executable planner_server[0m
[57.195s] [ 60%] Built target planner_server
[57.212s] [ 70%] [32mBuilding CXX object gtest/CMakeFiles/gtest.dir/src/gtest-all.cc.o[0m
[63.357s] [ 80%] [32m[1mLinking CXX static library libgtest.a[0m
[63.390s] [ 80%] Built target gtest
[63.411s] [ 90%] [32mBuilding CXX object test/CMakeFiles/test_dynamic_parameters.dir/test_dynamic_parameters.cpp.o[0m
[69.080s] [100%] [32m[1mLinking CXX executable test_dynamic_parameters[0m
[69.529s] [100%] Built target test_dynamic_parameters
[69.554s] Invoked command in '/home/derek/work/build/nav2_planner' returned '0': AMENT_PREFIX_PATH=/home/derek/work/install/nav2_core:/home/derek/work/install/nav2_costmap_2d:/home/derek/work/install/nav2_util:/home/derek/work/install/nav2_voxel_grid:/home/derek/work/install/nav2_msgs:/home/derek/work/install/nav2_common:${AMENT_PREFIX_PATH} CMAKE_PREFIX_PATH=/home/derek/work/install/nav2_core:/home/derek/work/install/nav2_costmap_2d:/home/derek/work/install/nav2_util:/home/derek/work/install/nav2_voxel_grid:/home/derek/work/install/nav2_msgs:/home/derek/work/install/nav2_common:/opt/ros/humble LD_LIBRARY_PATH=/home/derek/work/install/nav2_costmap_2d/lib:/home/derek/work/install/nav2_util/lib:/home/derek/work/install/nav2_voxel_grid/lib:/home/derek/work/install/nav2_msgs/lib:/usr/lib/x86_64-linux-gnu/gazebo-11/plugins:/opt/ros/humble/opt/rviz_ogre_vendor/lib:/opt/ros/humble/lib/x86_64-linux-gnu:/opt/ros/humble/lib:/usr/local/nvidia/lib:/usr/local/nvidia/lib64:/usr/share/gazebo/../../lib/x86_64-linux-gnu/gazebo-11/plugins PYTHONPATH=/home/derek/work/install/nav2_msgs/local/lib/python3.10/dist-packages:/home/derek/work/install/nav2_common/local/lib/python3.10/dist-packages:${PYTHONPATH} /usr/bin/cmake --build /home/derek/work/build/nav2_planner -- -j16 -l16
[69.757s] Invoking command in '/home/derek/work/build/nav2_planner': AMENT_PREFIX_PATH=/home/derek/work/install/nav2_core:/home/derek/work/install/nav2_costmap_2d:/home/derek/work/install/nav2_util:/home/derek/work/install/nav2_voxel_grid:/home/derek/work/install/nav2_msgs:/home/derek/work/install/nav2_common:${AMENT_PREFIX_PATH} CMAKE_PREFIX_PATH=/home/derek/work/install/nav2_core:/home/derek/work/install/nav2_costmap_2d:/home/derek/work/install/nav2_util:/home/derek/work/install/nav2_voxel_grid:/home/derek/work/install/nav2_msgs:/home/derek/work/install/nav2_common:/opt/ros/humble LD_LIBRARY_PATH=/home/derek/work/install/nav2_costmap_2d/lib:/home/derek/work/install/nav2_util/lib:/home/derek/work/install/nav2_voxel_grid/lib:/home/derek/work/install/nav2_msgs/lib:/usr/lib/x86_64-linux-gnu/gazebo-11/plugins:/opt/ros/humble/opt/rviz_ogre_vendor/lib:/opt/ros/humble/lib/x86_64-linux-gnu:/opt/ros/humble/lib:/usr/local/nvidia/lib:/usr/local/nvidia/lib64:/usr/share/gazebo/../../lib/x86_64-linux-gnu/gazebo-11/plugins PYTHONPATH=/home/derek/work/install/nav2_msgs/local/lib/python3.10/dist-packages:/home/derek/work/install/nav2_common/local/lib/python3.10/dist-packages:${PYTHONPATH} /usr/bin/cmake --install /home/derek/work/build/nav2_planner
[70.151s] -- Install configuration: "Release"
[70.151s] -- Installing: /home/derek/work/install/nav2_planner/lib/libplanner_server_core.so
[70.151s] -- Set runtime path of "/home/derek/work/install/nav2_planner/lib/libplanner_server_core.so" to ""
[70.151s] -- Installing: /home/derek/work/install/nav2_planner/lib/nav2_planner/planner_server
[70.151s] -- Set runtime path of "/home/derek/work/install/nav2_planner/lib/nav2_planner/planner_server" to ""
[70.151s] -- Installing: /home/derek/work/install/nav2_planner/include/
[70.152s] -- Installing: /home/derek/work/install/nav2_planner/include//nav2_planner
[70.152s] -- Installing: /home/derek/work/install/nav2_planner/include//nav2_planner/planner_server.hpp
[70.152s] -- Installing: /home/derek/work/install/nav2_planner/share/nav2_planner/environment/library_path.sh
[70.152s] -- Installing: /home/derek/work/install/nav2_planner/share/nav2_planner/environment/library_path.dsv
[70.152s] -- Installing: /home/derek/work/install/nav2_planner/share/ament_index/resource_index/package_run_dependencies/nav2_planner
[70.152s] -- Installing: /home/derek/work/install/nav2_planner/share/ament_index/resource_index/parent_prefix_path/nav2_planner
[70.152s] -- Installing: /home/derek/work/install/nav2_planner/share/nav2_planner/environment/ament_prefix_path.sh
[70.152s] -- Installing: /home/derek/work/install/nav2_planner/share/nav2_planner/environment/ament_prefix_path.dsv
[70.152s] -- Installing: /home/derek/work/install/nav2_planner/share/nav2_planner/environment/path.sh
[70.152s] -- Installing: /home/derek/work/install/nav2_planner/share/nav2_planner/environment/path.dsv
[70.152s] -- Installing: /home/derek/work/install/nav2_planner/share/nav2_planner/local_setup.bash
[70.152s] -- Installing: /home/derek/work/install/nav2_planner/share/nav2_planner/local_setup.sh
[70.152s] -- Installing: /home/derek/work/install/nav2_planner/share/nav2_planner/local_setup.zsh
[70.152s] -- Installing: /home/derek/work/install/nav2_planner/share/nav2_planner/local_setup.dsv
[70.152s] -- Installing: /home/derek/work/install/nav2_planner/share/nav2_planner/package.dsv
[70.153s] -- Installing: /home/derek/work/install/nav2_planner/share/ament_index/resource_index/packages/nav2_planner
[70.153s] -- Installing: /home/derek/work/install/nav2_planner/share/ament_index/resource_index/rclcpp_components/nav2_planner
[70.153s] -- Installing: /home/derek/work/install/nav2_planner/share/nav2_planner/cmake/ament_cmake_export_include_directories-extras.cmake
[70.153s] -- Installing: /home/derek/work/install/nav2_planner/share/nav2_planner/cmake/ament_cmake_export_libraries-extras.cmake
[70.155s] -- Installing: /home/derek/work/install/nav2_planner/share/nav2_planner/cmake/ament_cmake_export_dependencies-extras.cmake
[70.155s] -- Installing: /home/derek/work/install/nav2_planner/share/nav2_planner/cmake/nav2_plannerConfig.cmake
[70.155s] -- Installing: /home/derek/work/install/nav2_planner/share/nav2_planner/cmake/nav2_plannerConfig-version.cmake
[70.155s] -- Installing: /home/derek/work/install/nav2_planner/share/nav2_planner/package.xml
[70.173s] Invoked command in '/home/derek/work/build/nav2_planner' returned '0': AMENT_PREFIX_PATH=/home/derek/work/install/nav2_core:/home/derek/work/install/nav2_costmap_2d:/home/derek/work/install/nav2_util:/home/derek/work/install/nav2_voxel_grid:/home/derek/work/install/nav2_msgs:/home/derek/work/install/nav2_common:${AMENT_PREFIX_PATH} CMAKE_PREFIX_PATH=/home/derek/work/install/nav2_core:/home/derek/work/install/nav2_costmap_2d:/home/derek/work/install/nav2_util:/home/derek/work/install/nav2_voxel_grid:/home/derek/work/install/nav2_msgs:/home/derek/work/install/nav2_common:/opt/ros/humble LD_LIBRARY_PATH=/home/derek/work/install/nav2_costmap_2d/lib:/home/derek/work/install/nav2_util/lib:/home/derek/work/install/nav2_voxel_grid/lib:/home/derek/work/install/nav2_msgs/lib:/usr/lib/x86_64-linux-gnu/gazebo-11/plugins:/opt/ros/humble/opt/rviz_ogre_vendor/lib:/opt/ros/humble/lib/x86_64-linux-gnu:/opt/ros/humble/lib:/usr/local/nvidia/lib:/usr/local/nvidia/lib64:/usr/share/gazebo/../../lib/x86_64-linux-gnu/gazebo-11/plugins PYTHONPATH=/home/derek/work/install/nav2_msgs/local/lib/python3.10/dist-packages:/home/derek/work/install/nav2_common/local/lib/python3.10/dist-packages:${PYTHONPATH} /usr/bin/cmake --install /home/derek/work/build/nav2_planner
