[0.271s] Invoking command in '/home/derek/work/build/dwb_msgs': AMENT_PREFIX_PATH=/home/derek/work/install/nav_2d_msgs:${AMENT_PREFIX_PATH} CMAKE_PREFIX_PATH=/home/derek/work/install/nav_2d_msgs:/opt/ros/humble LD_LIBRARY_PATH=/home/derek/work/install/nav_2d_msgs/lib:/usr/lib/x86_64-linux-gnu/gazebo-11/plugins:/opt/ros/humble/opt/rviz_ogre_vendor/lib:/opt/ros/humble/lib/x86_64-linux-gnu:/opt/ros/humble/lib:/usr/local/nvidia/lib:/usr/local/nvidia/lib64:/usr/share/gazebo/../../lib/x86_64-linux-gnu/gazebo-11/plugins PYTHONPATH=/home/derek/work/install/nav_2d_msgs/local/lib/python3.10/dist-packages:${PYTHONPATH} /usr/bin/cmake --build /home/derek/work/build/dwb_msgs -- -j16 -l16
[0.307s] [35m[1mConsolidate compiler generated dependencies of target dwb_msgs__rosidl_generator_c[0m
[0.317s] [  1%] Built target dwb_msgs__cpp
[0.318s] [ 12%] Built target dwb_msgs__rosidl_generator_c
[0.325s] [ 12%] Built target ament_cmake_python_copy_dwb_msgs
[0.327s] [35m[1mConsolidate compiler generated dependencies of target dwb_msgs__rosidl_typesupport_cpp[0m
[0.328s] [35m[1mConsolidate compiler generated dependencies of target dwb_msgs__rosidl_typesupport_c[0m
[0.329s] [35m[1mConsolidate compiler generated dependencies of target dwb_msgs__rosidl_typesupport_introspection_c[0m
[0.329s] [35m[1mConsolidate compiler generated dependencies of target dwb_msgs__rosidl_typesupport_fastrtps_cpp[0m
[0.330s] [35m[1mConsolidate compiler generated dependencies of target dwb_msgs__rosidl_typesupport_introspection_cpp[0m
[0.330s] [35m[1mConsolidate compiler generated dependencies of target dwb_msgs__rosidl_typesupport_fastrtps_c[0m
[0.338s] [ 24%] Built target dwb_msgs__rosidl_typesupport_c
[0.342s] [ 46%] Built target dwb_msgs__rosidl_typesupport_introspection_c
[0.343s] [ 47%] Built target dwb_msgs__rosidl_typesupport_cpp
[0.347s] [ 58%] Built target dwb_msgs__rosidl_typesupport_introspection_cpp
[0.347s] [ 70%] Built target dwb_msgs__rosidl_typesupport_fastrtps_cpp
[0.350s] [ 82%] Built target dwb_msgs__rosidl_typesupport_fastrtps_c
[0.363s] [ 82%] Built target dwb_msgs
[0.381s] [ 83%] Built target dwb_msgs__py
[0.394s] [35m[1mConsolidate compiler generated dependencies of target dwb_msgs__rosidl_generator_py[0m
[0.407s] [ 93%] Built target dwb_msgs__rosidl_generator_py
[0.416s] [35m[1mConsolidate compiler generated dependencies of target dwb_msgs__rosidl_typesupport_fastrtps_c__pyext[0m
[0.418s] [35m[1mConsolidate compiler generated dependencies of target dwb_msgs__rosidl_typesupport_introspection_c__pyext[0m
[0.419s] [35m[1mConsolidate compiler generated dependencies of target dwb_msgs__rosidl_typesupport_c__pyext[0m
[0.428s] [ 96%] Built target dwb_msgs__rosidl_typesupport_c__pyext
[0.429s] [ 97%] Built target dwb_msgs__rosidl_typesupport_fastrtps_c__pyext
[0.429s] [100%] Built target dwb_msgs__rosidl_typesupport_introspection_c__pyext
[0.517s] running egg_info
[0.519s] writing manifest file 'dwb_msgs.egg-info/SOURCES.txt'
[0.542s] [100%] Built target ament_cmake_python_build_dwb_msgs_egg
[0.632s] Invoked command in '/home/derek/work/build/dwb_msgs' returned '0': AMENT_PREFIX_PATH=/home/derek/work/install/nav_2d_msgs:${AMENT_PREFIX_PATH} CMAKE_PREFIX_PATH=/home/derek/work/install/nav_2d_msgs:/opt/ros/humble LD_LIBRARY_PATH=/home/derek/work/install/nav_2d_msgs/lib:/usr/lib/x86_64-linux-gnu/gazebo-11/plugins:/opt/ros/humble/opt/rviz_ogre_vendor/lib:/opt/ros/humble/lib/x86_64-linux-gnu:/opt/ros/humble/lib:/usr/local/nvidia/lib:/usr/local/nvidia/lib64:/usr/share/gazebo/../../lib/x86_64-linux-gnu/gazebo-11/plugins PYTHONPATH=/home/derek/work/install/nav_2d_msgs/local/lib/python3.10/dist-packages:${PYTHONPATH} /usr/bin/cmake --build /home/derek/work/build/dwb_msgs -- -j16 -l16
[0.890s] Invoking command in '/home/derek/work/build/dwb_msgs': AMENT_PREFIX_PATH=/home/derek/work/install/nav_2d_msgs:${AMENT_PREFIX_PATH} CMAKE_PREFIX_PATH=/home/derek/work/install/nav_2d_msgs:/opt/ros/humble LD_LIBRARY_PATH=/home/derek/work/install/nav_2d_msgs/lib:/usr/lib/x86_64-linux-gnu/gazebo-11/plugins:/opt/ros/humble/opt/rviz_ogre_vendor/lib:/opt/ros/humble/lib/x86_64-linux-gnu:/opt/ros/humble/lib:/usr/local/nvidia/lib:/usr/local/nvidia/lib64:/usr/share/gazebo/../../lib/x86_64-linux-gnu/gazebo-11/plugins PYTHONPATH=/home/derek/work/install/nav_2d_msgs/local/lib/python3.10/dist-packages:${PYTHONPATH} /usr/bin/cmake --install /home/derek/work/build/dwb_msgs
[0.899s] -- Install configuration: ""
[0.900s] -- Up-to-date: /home/derek/work/install/dwb_msgs/share/ament_index/resource_index/rosidl_interfaces/dwb_msgs
[0.900s] -- Up-to-date: /home/derek/work/install/dwb_msgs/include/dwb_msgs/dwb_msgs
[0.900s] -- Up-to-date: /home/derek/work/install/dwb_msgs/include/dwb_msgs/dwb_msgs/srv
[0.901s] -- Up-to-date: /home/derek/work/install/dwb_msgs/include/dwb_msgs/dwb_msgs/srv/debug_local_plan.h
[0.901s] -- Up-to-date: /home/derek/work/install/dwb_msgs/include/dwb_msgs/dwb_msgs/srv/generate_twists.h
[0.901s] -- Up-to-date: /home/derek/work/install/dwb_msgs/include/dwb_msgs/dwb_msgs/srv/score_trajectory.h
[0.902s] -- Up-to-date: /home/derek/work/install/dwb_msgs/include/dwb_msgs/dwb_msgs/srv/generate_trajectory.h
[0.902s] -- Up-to-date: /home/derek/work/install/dwb_msgs/include/dwb_msgs/dwb_msgs/srv/detail
[0.903s] -- Up-to-date: /home/derek/work/install/dwb_msgs/include/dwb_msgs/dwb_msgs/srv/detail/get_critic_score__functions.h
[0.903s] -- Up-to-date: /home/derek/work/install/dwb_msgs/include/dwb_msgs/dwb_msgs/srv/detail/score_trajectory__struct.h
[0.903s] -- Up-to-date: /home/derek/work/install/dwb_msgs/include/dwb_msgs/dwb_msgs/srv/detail/score_trajectory__type_support.h
[0.905s] -- Up-to-date: /home/derek/work/install/dwb_msgs/include/dwb_msgs/dwb_msgs/srv/detail/generate_trajectory__functions.c
[0.905s] -- Up-to-date: /home/derek/work/install/dwb_msgs/include/dwb_msgs/dwb_msgs/srv/detail/score_trajectory__functions.c
[0.905s] -- Up-to-date: /home/derek/work/install/dwb_msgs/include/dwb_msgs/dwb_msgs/srv/detail/generate_trajectory__struct.h
[0.905s] -- Up-to-date: /home/derek/work/install/dwb_msgs/include/dwb_msgs/dwb_msgs/srv/detail/generate_twists__functions.h
[0.906s] -- Up-to-date: /home/derek/work/install/dwb_msgs/include/dwb_msgs/dwb_msgs/srv/detail/debug_local_plan__functions.c
[0.906s] -- Up-to-date: /home/derek/work/install/dwb_msgs/include/dwb_msgs/dwb_msgs/srv/detail/score_trajectory__functions.h
[0.906s] -- Up-to-date: /home/derek/work/install/dwb_msgs/include/dwb_msgs/dwb_msgs/srv/detail/debug_local_plan__struct.h
[0.906s] -- Up-to-date: /home/derek/work/install/dwb_msgs/include/dwb_msgs/dwb_msgs/srv/detail/get_critic_score__functions.c
[0.906s] -- Up-to-date: /home/derek/work/install/dwb_msgs/include/dwb_msgs/dwb_msgs/srv/detail/get_critic_score__struct.h
[0.907s] -- Up-to-date: /home/derek/work/install/dwb_msgs/include/dwb_msgs/dwb_msgs/srv/detail/generate_twists__functions.c
[0.907s] -- Up-to-date: /home/derek/work/install/dwb_msgs/include/dwb_msgs/dwb_msgs/srv/detail/generate_trajectory__functions.h
[0.907s] -- Up-to-date: /home/derek/work/install/dwb_msgs/include/dwb_msgs/dwb_msgs/srv/detail/generate_trajectory__type_support.h
[0.907s] -- Up-to-date: /home/derek/work/install/dwb_msgs/include/dwb_msgs/dwb_msgs/srv/detail/generate_twists__type_support.h
[0.907s] -- Up-to-date: /home/derek/work/install/dwb_msgs/include/dwb_msgs/dwb_msgs/srv/detail/get_critic_score__type_support.h
[0.907s] -- Up-to-date: /home/derek/work/install/dwb_msgs/include/dwb_msgs/dwb_msgs/srv/detail/debug_local_plan__functions.h
[0.907s] -- Up-to-date: /home/derek/work/install/dwb_msgs/include/dwb_msgs/dwb_msgs/srv/detail/debug_local_plan__type_support.h
[0.907s] -- Up-to-date: /home/derek/work/install/dwb_msgs/include/dwb_msgs/dwb_msgs/srv/detail/generate_twists__struct.h
[0.907s] -- Up-to-date: /home/derek/work/install/dwb_msgs/include/dwb_msgs/dwb_msgs/srv/get_critic_score.h
[0.907s] -- Up-to-date: /home/derek/work/install/dwb_msgs/include/dwb_msgs/dwb_msgs/msg
[0.908s] -- Up-to-date: /home/derek/work/install/dwb_msgs/include/dwb_msgs/dwb_msgs/msg/local_plan_evaluation.h
[0.908s] -- Up-to-date: /home/derek/work/install/dwb_msgs/include/dwb_msgs/dwb_msgs/msg/rosidl_generator_c__visibility_control.h
[0.908s] -- Up-to-date: /home/derek/work/install/dwb_msgs/include/dwb_msgs/dwb_msgs/msg/critic_score.h
[0.908s] -- Up-to-date: /home/derek/work/install/dwb_msgs/include/dwb_msgs/dwb_msgs/msg/detail
[0.908s] -- Up-to-date: /home/derek/work/install/dwb_msgs/include/dwb_msgs/dwb_msgs/msg/detail/trajectory_score__type_support.h
[0.908s] -- Up-to-date: /home/derek/work/install/dwb_msgs/include/dwb_msgs/dwb_msgs/msg/detail/trajectory2_d__struct.h
[0.908s] -- Up-to-date: /home/derek/work/install/dwb_msgs/include/dwb_msgs/dwb_msgs/msg/detail/local_plan_evaluation__type_support.h
[0.908s] -- Up-to-date: /home/derek/work/install/dwb_msgs/include/dwb_msgs/dwb_msgs/msg/detail/trajectory_score__struct.h
[0.908s] -- Up-to-date: /home/derek/work/install/dwb_msgs/include/dwb_msgs/dwb_msgs/msg/detail/trajectory2_d__type_support.h
[0.908s] -- Up-to-date: /home/derek/work/install/dwb_msgs/include/dwb_msgs/dwb_msgs/msg/detail/local_plan_evaluation__struct.h
[0.908s] -- Up-to-date: /home/derek/work/install/dwb_msgs/include/dwb_msgs/dwb_msgs/msg/detail/critic_score__struct.h
[0.908s] -- Up-to-date: /home/derek/work/install/dwb_msgs/include/dwb_msgs/dwb_msgs/msg/detail/local_plan_evaluation__functions.c
[0.909s] -- Up-to-date: /home/derek/work/install/dwb_msgs/include/dwb_msgs/dwb_msgs/msg/detail/local_plan_evaluation__functions.h
[0.909s] -- Up-to-date: /home/derek/work/install/dwb_msgs/include/dwb_msgs/dwb_msgs/msg/detail/critic_score__type_support.h
[0.909s] -- Up-to-date: /home/derek/work/install/dwb_msgs/include/dwb_msgs/dwb_msgs/msg/detail/trajectory2_d__functions.c
[0.909s] -- Up-to-date: /home/derek/work/install/dwb_msgs/include/dwb_msgs/dwb_msgs/msg/detail/trajectory2_d__functions.h
[0.909s] -- Up-to-date: /home/derek/work/install/dwb_msgs/include/dwb_msgs/dwb_msgs/msg/detail/trajectory_score__functions.h
[0.909s] -- Up-to-date: /home/derek/work/install/dwb_msgs/include/dwb_msgs/dwb_msgs/msg/detail/trajectory_score__functions.c
[0.909s] -- Up-to-date: /home/derek/work/install/dwb_msgs/include/dwb_msgs/dwb_msgs/msg/detail/critic_score__functions.c
[0.909s] -- Up-to-date: /home/derek/work/install/dwb_msgs/include/dwb_msgs/dwb_msgs/msg/detail/critic_score__functions.h
[0.909s] -- Up-to-date: /home/derek/work/install/dwb_msgs/include/dwb_msgs/dwb_msgs/msg/trajectory2_d.h
[0.909s] -- Up-to-date: /home/derek/work/install/dwb_msgs/include/dwb_msgs/dwb_msgs/msg/trajectory_score.h
[0.909s] -- Up-to-date: /home/derek/work/install/dwb_msgs/share/dwb_msgs/environment/library_path.sh
[0.909s] -- Up-to-date: /home/derek/work/install/dwb_msgs/share/dwb_msgs/environment/library_path.dsv
[0.909s] -- Up-to-date: /home/derek/work/install/dwb_msgs/lib/libdwb_msgs__rosidl_generator_c.so
[0.909s] -- Up-to-date: /home/derek/work/install/dwb_msgs/include/dwb_msgs/dwb_msgs
[0.909s] -- Up-to-date: /home/derek/work/install/dwb_msgs/include/dwb_msgs/dwb_msgs/srv
[0.910s] -- Up-to-date: /home/derek/work/install/dwb_msgs/include/dwb_msgs/dwb_msgs/srv/detail
[0.910s] -- Up-to-date: /home/derek/work/install/dwb_msgs/include/dwb_msgs/dwb_msgs/srv/detail/debug_local_plan__rosidl_typesupport_fastrtps_c.h
[0.910s] -- Up-to-date: /home/derek/work/install/dwb_msgs/include/dwb_msgs/dwb_msgs/srv/detail/get_critic_score__rosidl_typesupport_fastrtps_c.h
[0.910s] -- Up-to-date: /home/derek/work/install/dwb_msgs/include/dwb_msgs/dwb_msgs/srv/detail/generate_twists__rosidl_typesupport_fastrtps_c.h
[0.910s] -- Up-to-date: /home/derek/work/install/dwb_msgs/include/dwb_msgs/dwb_msgs/srv/detail/score_trajectory__rosidl_typesupport_fastrtps_c.h
[0.910s] -- Up-to-date: /home/derek/work/install/dwb_msgs/include/dwb_msgs/dwb_msgs/srv/detail/generate_trajectory__rosidl_typesupport_fastrtps_c.h
[0.910s] -- Up-to-date: /home/derek/work/install/dwb_msgs/include/dwb_msgs/dwb_msgs/msg
[0.910s] -- Up-to-date: /home/derek/work/install/dwb_msgs/include/dwb_msgs/dwb_msgs/msg/rosidl_typesupport_fastrtps_c__visibility_control.h
[0.910s] -- Up-to-date: /home/derek/work/install/dwb_msgs/include/dwb_msgs/dwb_msgs/msg/detail
[0.910s] -- Up-to-date: /home/derek/work/install/dwb_msgs/include/dwb_msgs/dwb_msgs/msg/detail/local_plan_evaluation__rosidl_typesupport_fastrtps_c.h
[0.910s] -- Up-to-date: /home/derek/work/install/dwb_msgs/include/dwb_msgs/dwb_msgs/msg/detail/trajectory2_d__rosidl_typesupport_fastrtps_c.h
[0.910s] -- Up-to-date: /home/derek/work/install/dwb_msgs/include/dwb_msgs/dwb_msgs/msg/detail/critic_score__rosidl_typesupport_fastrtps_c.h
[0.910s] -- Up-to-date: /home/derek/work/install/dwb_msgs/include/dwb_msgs/dwb_msgs/msg/detail/trajectory_score__rosidl_typesupport_fastrtps_c.h
[0.910s] -- Up-to-date: /home/derek/work/install/dwb_msgs/lib/libdwb_msgs__rosidl_typesupport_fastrtps_c.so
[0.910s] -- Up-to-date: /home/derek/work/install/dwb_msgs/include/dwb_msgs/dwb_msgs
[0.911s] -- Up-to-date: /home/derek/work/install/dwb_msgs/include/dwb_msgs/dwb_msgs/srv
[0.911s] -- Up-to-date: /home/derek/work/install/dwb_msgs/include/dwb_msgs/dwb_msgs/srv/score_trajectory.hpp
[0.911s] -- Up-to-date: /home/derek/work/install/dwb_msgs/include/dwb_msgs/dwb_msgs/srv/get_critic_score.hpp
[0.911s] -- Up-to-date: /home/derek/work/install/dwb_msgs/include/dwb_msgs/dwb_msgs/srv/generate_twists.hpp
[0.911s] -- Up-to-date: /home/derek/work/install/dwb_msgs/include/dwb_msgs/dwb_msgs/srv/debug_local_plan.hpp
[0.911s] -- Up-to-date: /home/derek/work/install/dwb_msgs/include/dwb_msgs/dwb_msgs/srv/detail
[0.911s] -- Up-to-date: /home/derek/work/install/dwb_msgs/include/dwb_msgs/dwb_msgs/srv/detail/score_trajectory__traits.hpp
[0.911s] -- Up-to-date: /home/derek/work/install/dwb_msgs/include/dwb_msgs/dwb_msgs/srv/detail/debug_local_plan__struct.hpp
[0.911s] -- Up-to-date: /home/derek/work/install/dwb_msgs/include/dwb_msgs/dwb_msgs/srv/detail/generate_trajectory__struct.hpp
[0.911s] -- Up-to-date: /home/derek/work/install/dwb_msgs/include/dwb_msgs/dwb_msgs/srv/detail/debug_local_plan__builder.hpp
[0.912s] -- Up-to-date: /home/derek/work/install/dwb_msgs/include/dwb_msgs/dwb_msgs/srv/detail/score_trajectory__builder.hpp
[0.912s] -- Up-to-date: /home/derek/work/install/dwb_msgs/include/dwb_msgs/dwb_msgs/srv/detail/get_critic_score__struct.hpp
[0.912s] -- Up-to-date: /home/derek/work/install/dwb_msgs/include/dwb_msgs/dwb_msgs/srv/detail/score_trajectory__struct.hpp
[0.912s] -- Up-to-date: /home/derek/work/install/dwb_msgs/include/dwb_msgs/dwb_msgs/srv/detail/generate_twists__struct.hpp
[0.912s] -- Up-to-date: /home/derek/work/install/dwb_msgs/include/dwb_msgs/dwb_msgs/srv/detail/generate_twists__builder.hpp
[0.912s] -- Up-to-date: /home/derek/work/install/dwb_msgs/include/dwb_msgs/dwb_msgs/srv/detail/get_critic_score__traits.hpp
[0.912s] -- Up-to-date: /home/derek/work/install/dwb_msgs/include/dwb_msgs/dwb_msgs/srv/detail/get_critic_score__builder.hpp
[0.912s] -- Up-to-date: /home/derek/work/install/dwb_msgs/include/dwb_msgs/dwb_msgs/srv/detail/generate_trajectory__builder.hpp
[0.912s] -- Up-to-date: /home/derek/work/install/dwb_msgs/include/dwb_msgs/dwb_msgs/srv/detail/generate_trajectory__traits.hpp
[0.912s] -- Up-to-date: /home/derek/work/install/dwb_msgs/include/dwb_msgs/dwb_msgs/srv/detail/debug_local_plan__traits.hpp
[0.912s] -- Up-to-date: /home/derek/work/install/dwb_msgs/include/dwb_msgs/dwb_msgs/srv/detail/generate_twists__traits.hpp
[0.912s] -- Up-to-date: /home/derek/work/install/dwb_msgs/include/dwb_msgs/dwb_msgs/srv/generate_trajectory.hpp
[0.912s] -- Up-to-date: /home/derek/work/install/dwb_msgs/include/dwb_msgs/dwb_msgs/msg
[0.913s] -- Up-to-date: /home/derek/work/install/dwb_msgs/include/dwb_msgs/dwb_msgs/msg/trajectory2_d.hpp
[0.913s] -- Up-to-date: /home/derek/work/install/dwb_msgs/include/dwb_msgs/dwb_msgs/msg/critic_score.hpp
[0.913s] -- Up-to-date: /home/derek/work/install/dwb_msgs/include/dwb_msgs/dwb_msgs/msg/local_plan_evaluation.hpp
[0.913s] -- Up-to-date: /home/derek/work/install/dwb_msgs/include/dwb_msgs/dwb_msgs/msg/detail
[0.913s] -- Up-to-date: /home/derek/work/install/dwb_msgs/include/dwb_msgs/dwb_msgs/msg/detail/trajectory_score__struct.hpp
[0.913s] -- Up-to-date: /home/derek/work/install/dwb_msgs/include/dwb_msgs/dwb_msgs/msg/detail/trajectory_score__builder.hpp
[0.913s] -- Up-to-date: /home/derek/work/install/dwb_msgs/include/dwb_msgs/dwb_msgs/msg/detail/trajectory2_d__builder.hpp
[0.913s] -- Up-to-date: /home/derek/work/install/dwb_msgs/include/dwb_msgs/dwb_msgs/msg/detail/trajectory2_d__traits.hpp
[0.913s] -- Up-to-date: /home/derek/work/install/dwb_msgs/include/dwb_msgs/dwb_msgs/msg/detail/trajectory2_d__struct.hpp
[0.913s] -- Up-to-date: /home/derek/work/install/dwb_msgs/include/dwb_msgs/dwb_msgs/msg/detail/critic_score__builder.hpp
[0.913s] -- Up-to-date: /home/derek/work/install/dwb_msgs/include/dwb_msgs/dwb_msgs/msg/detail/critic_score__traits.hpp
[0.913s] -- Up-to-date: /home/derek/work/install/dwb_msgs/include/dwb_msgs/dwb_msgs/msg/detail/local_plan_evaluation__traits.hpp
[0.913s] -- Up-to-date: /home/derek/work/install/dwb_msgs/include/dwb_msgs/dwb_msgs/msg/detail/local_plan_evaluation__builder.hpp
[0.913s] -- Up-to-date: /home/derek/work/install/dwb_msgs/include/dwb_msgs/dwb_msgs/msg/detail/local_plan_evaluation__struct.hpp
[0.913s] -- Up-to-date: /home/derek/work/install/dwb_msgs/include/dwb_msgs/dwb_msgs/msg/detail/critic_score__struct.hpp
[0.914s] -- Up-to-date: /home/derek/work/install/dwb_msgs/include/dwb_msgs/dwb_msgs/msg/detail/trajectory_score__traits.hpp
[0.914s] -- Up-to-date: /home/derek/work/install/dwb_msgs/include/dwb_msgs/dwb_msgs/msg/trajectory_score.hpp
[0.914s] -- Up-to-date: /home/derek/work/install/dwb_msgs/include/dwb_msgs/dwb_msgs
[0.914s] -- Up-to-date: /home/derek/work/install/dwb_msgs/include/dwb_msgs/dwb_msgs/srv
[0.914s] -- Up-to-date: /home/derek/work/install/dwb_msgs/include/dwb_msgs/dwb_msgs/srv/detail
[0.914s] -- Up-to-date: /home/derek/work/install/dwb_msgs/include/dwb_msgs/dwb_msgs/srv/detail/dds_fastrtps
[0.914s] -- Up-to-date: /home/derek/work/install/dwb_msgs/include/dwb_msgs/dwb_msgs/srv/detail/get_critic_score__rosidl_typesupport_fastrtps_cpp.hpp
[0.914s] -- Up-to-date: /home/derek/work/install/dwb_msgs/include/dwb_msgs/dwb_msgs/srv/detail/generate_trajectory__rosidl_typesupport_fastrtps_cpp.hpp
[0.914s] -- Up-to-date: /home/derek/work/install/dwb_msgs/include/dwb_msgs/dwb_msgs/srv/detail/debug_local_plan__rosidl_typesupport_fastrtps_cpp.hpp
[0.914s] -- Up-to-date: /home/derek/work/install/dwb_msgs/include/dwb_msgs/dwb_msgs/srv/detail/generate_twists__rosidl_typesupport_fastrtps_cpp.hpp
[0.914s] -- Up-to-date: /home/derek/work/install/dwb_msgs/include/dwb_msgs/dwb_msgs/srv/detail/score_trajectory__rosidl_typesupport_fastrtps_cpp.hpp
[0.914s] -- Up-to-date: /home/derek/work/install/dwb_msgs/include/dwb_msgs/dwb_msgs/msg
[0.914s] -- Up-to-date: /home/derek/work/install/dwb_msgs/include/dwb_msgs/dwb_msgs/msg/rosidl_typesupport_fastrtps_cpp__visibility_control.h
[0.914s] -- Up-to-date: /home/derek/work/install/dwb_msgs/include/dwb_msgs/dwb_msgs/msg/detail
[0.914s] -- Up-to-date: /home/derek/work/install/dwb_msgs/include/dwb_msgs/dwb_msgs/msg/detail/dds_fastrtps
[0.915s] -- Up-to-date: /home/derek/work/install/dwb_msgs/include/dwb_msgs/dwb_msgs/msg/detail/local_plan_evaluation__rosidl_typesupport_fastrtps_cpp.hpp
[0.915s] -- Up-to-date: /home/derek/work/install/dwb_msgs/include/dwb_msgs/dwb_msgs/msg/detail/critic_score__rosidl_typesupport_fastrtps_cpp.hpp
[0.915s] -- Up-to-date: /home/derek/work/install/dwb_msgs/include/dwb_msgs/dwb_msgs/msg/detail/trajectory2_d__rosidl_typesupport_fastrtps_cpp.hpp
[0.915s] -- Up-to-date: /home/derek/work/install/dwb_msgs/include/dwb_msgs/dwb_msgs/msg/detail/trajectory_score__rosidl_typesupport_fastrtps_cpp.hpp
[0.915s] -- Up-to-date: /home/derek/work/install/dwb_msgs/lib/libdwb_msgs__rosidl_typesupport_fastrtps_cpp.so
[0.915s] -- Up-to-date: /home/derek/work/install/dwb_msgs/include/dwb_msgs/dwb_msgs
[0.915s] -- Up-to-date: /home/derek/work/install/dwb_msgs/include/dwb_msgs/dwb_msgs/srv
[0.915s] -- Up-to-date: /home/derek/work/install/dwb_msgs/include/dwb_msgs/dwb_msgs/srv/detail
[0.915s] -- Up-to-date: /home/derek/work/install/dwb_msgs/include/dwb_msgs/dwb_msgs/srv/detail/generate_twists__rosidl_typesupport_introspection_c.h
[0.915s] -- Up-to-date: /home/derek/work/install/dwb_msgs/include/dwb_msgs/dwb_msgs/srv/detail/get_critic_score__rosidl_typesupport_introspection_c.h
[0.915s] -- Up-to-date: /home/derek/work/install/dwb_msgs/include/dwb_msgs/dwb_msgs/srv/detail/score_trajectory__type_support.c
[0.915s] -- Up-to-date: /home/derek/work/install/dwb_msgs/include/dwb_msgs/dwb_msgs/srv/detail/debug_local_plan__rosidl_typesupport_introspection_c.h
[0.915s] -- Up-to-date: /home/derek/work/install/dwb_msgs/include/dwb_msgs/dwb_msgs/srv/detail/get_critic_score__type_support.c
[0.916s] -- Up-to-date: /home/derek/work/install/dwb_msgs/include/dwb_msgs/dwb_msgs/srv/detail/generate_trajectory__rosidl_typesupport_introspection_c.h
[0.916s] -- Up-to-date: /home/derek/work/install/dwb_msgs/include/dwb_msgs/dwb_msgs/srv/detail/debug_local_plan__type_support.c
[0.916s] -- Up-to-date: /home/derek/work/install/dwb_msgs/include/dwb_msgs/dwb_msgs/srv/detail/generate_trajectory__type_support.c
[0.916s] -- Up-to-date: /home/derek/work/install/dwb_msgs/include/dwb_msgs/dwb_msgs/srv/detail/score_trajectory__rosidl_typesupport_introspection_c.h
[0.916s] -- Up-to-date: /home/derek/work/install/dwb_msgs/include/dwb_msgs/dwb_msgs/srv/detail/generate_twists__type_support.c
[0.916s] -- Up-to-date: /home/derek/work/install/dwb_msgs/include/dwb_msgs/dwb_msgs/msg
[0.916s] -- Up-to-date: /home/derek/work/install/dwb_msgs/include/dwb_msgs/dwb_msgs/msg/rosidl_typesupport_introspection_c__visibility_control.h
[0.916s] -- Up-to-date: /home/derek/work/install/dwb_msgs/include/dwb_msgs/dwb_msgs/msg/detail
[0.916s] -- Up-to-date: /home/derek/work/install/dwb_msgs/include/dwb_msgs/dwb_msgs/msg/detail/critic_score__type_support.c
[0.916s] -- Up-to-date: /home/derek/work/install/dwb_msgs/include/dwb_msgs/dwb_msgs/msg/detail/local_plan_evaluation__type_support.c
[0.916s] -- Up-to-date: /home/derek/work/install/dwb_msgs/include/dwb_msgs/dwb_msgs/msg/detail/trajectory2_d__type_support.c
[0.916s] -- Up-to-date: /home/derek/work/install/dwb_msgs/include/dwb_msgs/dwb_msgs/msg/detail/trajectory2_d__rosidl_typesupport_introspection_c.h
[0.916s] -- Up-to-date: /home/derek/work/install/dwb_msgs/include/dwb_msgs/dwb_msgs/msg/detail/critic_score__rosidl_typesupport_introspection_c.h
[0.916s] -- Up-to-date: /home/derek/work/install/dwb_msgs/include/dwb_msgs/dwb_msgs/msg/detail/trajectory_score__rosidl_typesupport_introspection_c.h
[0.916s] -- Up-to-date: /home/derek/work/install/dwb_msgs/include/dwb_msgs/dwb_msgs/msg/detail/local_plan_evaluation__rosidl_typesupport_introspection_c.h
[0.917s] -- Up-to-date: /home/derek/work/install/dwb_msgs/include/dwb_msgs/dwb_msgs/msg/detail/trajectory_score__type_support.c
[0.917s] -- Up-to-date: /home/derek/work/install/dwb_msgs/lib/libdwb_msgs__rosidl_typesupport_introspection_c.so
[0.917s] -- Up-to-date: /home/derek/work/install/dwb_msgs/lib/libdwb_msgs__rosidl_typesupport_c.so
[0.917s] -- Up-to-date: /home/derek/work/install/dwb_msgs/include/dwb_msgs/dwb_msgs
[0.917s] -- Up-to-date: /home/derek/work/install/dwb_msgs/include/dwb_msgs/dwb_msgs/srv
[0.917s] -- Up-to-date: /home/derek/work/install/dwb_msgs/include/dwb_msgs/dwb_msgs/srv/detail
[0.917s] -- Up-to-date: /home/derek/work/install/dwb_msgs/include/dwb_msgs/dwb_msgs/srv/detail/get_critic_score__rosidl_typesupport_introspection_cpp.hpp
[0.917s] -- Up-to-date: /home/derek/work/install/dwb_msgs/include/dwb_msgs/dwb_msgs/srv/detail/generate_twists__rosidl_typesupport_introspection_cpp.hpp
[0.917s] -- Up-to-date: /home/derek/work/install/dwb_msgs/include/dwb_msgs/dwb_msgs/srv/detail/generate_trajectory__rosidl_typesupport_introspection_cpp.hpp
[0.917s] -- Up-to-date: /home/derek/work/install/dwb_msgs/include/dwb_msgs/dwb_msgs/srv/detail/debug_local_plan__rosidl_typesupport_introspection_cpp.hpp
[0.917s] -- Up-to-date: /home/derek/work/install/dwb_msgs/include/dwb_msgs/dwb_msgs/srv/detail/score_trajectory__type_support.cpp
[0.917s] -- Up-to-date: /home/derek/work/install/dwb_msgs/include/dwb_msgs/dwb_msgs/srv/detail/get_critic_score__type_support.cpp
[0.917s] -- Up-to-date: /home/derek/work/install/dwb_msgs/include/dwb_msgs/dwb_msgs/srv/detail/debug_local_plan__type_support.cpp
[0.917s] -- Up-to-date: /home/derek/work/install/dwb_msgs/include/dwb_msgs/dwb_msgs/srv/detail/generate_trajectory__type_support.cpp
[0.918s] -- Up-to-date: /home/derek/work/install/dwb_msgs/include/dwb_msgs/dwb_msgs/srv/detail/score_trajectory__rosidl_typesupport_introspection_cpp.hpp
[0.918s] -- Up-to-date: /home/derek/work/install/dwb_msgs/include/dwb_msgs/dwb_msgs/srv/detail/generate_twists__type_support.cpp
[0.918s] -- Up-to-date: /home/derek/work/install/dwb_msgs/include/dwb_msgs/dwb_msgs/msg
[0.918s] -- Up-to-date: /home/derek/work/install/dwb_msgs/include/dwb_msgs/dwb_msgs/msg/detail
[0.918s] -- Up-to-date: /home/derek/work/install/dwb_msgs/include/dwb_msgs/dwb_msgs/msg/detail/critic_score__rosidl_typesupport_introspection_cpp.hpp
[0.918s] -- Up-to-date: /home/derek/work/install/dwb_msgs/include/dwb_msgs/dwb_msgs/msg/detail/local_plan_evaluation__type_support.cpp
[0.918s] -- Up-to-date: /home/derek/work/install/dwb_msgs/include/dwb_msgs/dwb_msgs/msg/detail/trajectory2_d__type_support.cpp
[0.918s] -- Up-to-date: /home/derek/work/install/dwb_msgs/include/dwb_msgs/dwb_msgs/msg/detail/local_plan_evaluation__rosidl_typesupport_introspection_cpp.hpp
[0.918s] -- Up-to-date: /home/derek/work/install/dwb_msgs/include/dwb_msgs/dwb_msgs/msg/detail/trajectory_score__type_support.cpp
[0.918s] -- Up-to-date: /home/derek/work/install/dwb_msgs/include/dwb_msgs/dwb_msgs/msg/detail/critic_score__type_support.cpp
[0.918s] -- Up-to-date: /home/derek/work/install/dwb_msgs/include/dwb_msgs/dwb_msgs/msg/detail/trajectory2_d__rosidl_typesupport_introspection_cpp.hpp
[0.918s] -- Up-to-date: /home/derek/work/install/dwb_msgs/include/dwb_msgs/dwb_msgs/msg/detail/trajectory_score__rosidl_typesupport_introspection_cpp.hpp
[0.918s] -- Up-to-date: /home/derek/work/install/dwb_msgs/lib/libdwb_msgs__rosidl_typesupport_introspection_cpp.so
[0.918s] -- Up-to-date: /home/derek/work/install/dwb_msgs/lib/libdwb_msgs__rosidl_typesupport_cpp.so
[0.918s] -- Up-to-date: /home/derek/work/install/dwb_msgs/share/dwb_msgs/environment/pythonpath.sh
[0.918s] -- Up-to-date: /home/derek/work/install/dwb_msgs/share/dwb_msgs/environment/pythonpath.dsv
[0.918s] -- Up-to-date: /home/derek/work/install/dwb_msgs/local/lib/python3.10/dist-packages/dwb_msgs-1.1.13-py3.10.egg-info
[0.918s] -- Installing: /home/derek/work/install/dwb_msgs/local/lib/python3.10/dist-packages/dwb_msgs-1.1.13-py3.10.egg-info/PKG-INFO
[0.918s] -- Installing: /home/derek/work/install/dwb_msgs/local/lib/python3.10/dist-packages/dwb_msgs-1.1.13-py3.10.egg-info/top_level.txt
[0.918s] -- Installing: /home/derek/work/install/dwb_msgs/local/lib/python3.10/dist-packages/dwb_msgs-1.1.13-py3.10.egg-info/SOURCES.txt
[0.918s] -- Installing: /home/derek/work/install/dwb_msgs/local/lib/python3.10/dist-packages/dwb_msgs-1.1.13-py3.10.egg-info/dependency_links.txt
[0.919s] -- Up-to-date: /home/derek/work/install/dwb_msgs/local/lib/python3.10/dist-packages/dwb_msgs
[0.919s] -- Up-to-date: /home/derek/work/install/dwb_msgs/local/lib/python3.10/dist-packages/dwb_msgs/dwb_msgs_s__rosidl_typesupport_c.cpython-310-x86_64-linux-gnu.so
[0.919s] -- Up-to-date: /home/derek/work/install/dwb_msgs/local/lib/python3.10/dist-packages/dwb_msgs/dwb_msgs_s__rosidl_typesupport_introspection_c.cpython-310-x86_64-linux-gnu.so
[0.919s] -- Up-to-date: /home/derek/work/install/dwb_msgs/local/lib/python3.10/dist-packages/dwb_msgs/libdwb_msgs__rosidl_generator_py.so
[0.919s] -- Up-to-date: /home/derek/work/install/dwb_msgs/local/lib/python3.10/dist-packages/dwb_msgs/__init__.py
[0.919s] -- Up-to-date: /home/derek/work/install/dwb_msgs/local/lib/python3.10/dist-packages/dwb_msgs/_dwb_msgs_s.ep.rosidl_typesupport_fastrtps_c.c
[0.919s] -- Up-to-date: /home/derek/work/install/dwb_msgs/local/lib/python3.10/dist-packages/dwb_msgs/_dwb_msgs_s.ep.rosidl_typesupport_introspection_c.c
[0.919s] -- Up-to-date: /home/derek/work/install/dwb_msgs/local/lib/python3.10/dist-packages/dwb_msgs/_dwb_msgs_s.ep.rosidl_typesupport_c.c
[0.919s] -- Up-to-date: /home/derek/work/install/dwb_msgs/local/lib/python3.10/dist-packages/dwb_msgs/dwb_msgs_s__rosidl_typesupport_fastrtps_c.cpython-310-x86_64-linux-gnu.so
[0.919s] -- Up-to-date: /home/derek/work/install/dwb_msgs/local/lib/python3.10/dist-packages/dwb_msgs/srv
[0.919s] -- Up-to-date: /home/derek/work/install/dwb_msgs/local/lib/python3.10/dist-packages/dwb_msgs/srv/_score_trajectory.py
[0.919s] -- Up-to-date: /home/derek/work/install/dwb_msgs/local/lib/python3.10/dist-packages/dwb_msgs/srv/_get_critic_score.py
[0.919s] -- Up-to-date: /home/derek/work/install/dwb_msgs/local/lib/python3.10/dist-packages/dwb_msgs/srv/_generate_trajectory.py
[0.919s] -- Up-to-date: /home/derek/work/install/dwb_msgs/local/lib/python3.10/dist-packages/dwb_msgs/srv/_debug_local_plan.py
[0.919s] -- Up-to-date: /home/derek/work/install/dwb_msgs/local/lib/python3.10/dist-packages/dwb_msgs/srv/_generate_twists.py
[0.919s] -- Up-to-date: /home/derek/work/install/dwb_msgs/local/lib/python3.10/dist-packages/dwb_msgs/srv/_debug_local_plan_s.c
[0.919s] -- Up-to-date: /home/derek/work/install/dwb_msgs/local/lib/python3.10/dist-packages/dwb_msgs/srv/__init__.py
[0.919s] -- Up-to-date: /home/derek/work/install/dwb_msgs/local/lib/python3.10/dist-packages/dwb_msgs/srv/_generate_twists_s.c
[0.920s] -- Up-to-date: /home/derek/work/install/dwb_msgs/local/lib/python3.10/dist-packages/dwb_msgs/srv/_score_trajectory_s.c
[0.920s] -- Up-to-date: /home/derek/work/install/dwb_msgs/local/lib/python3.10/dist-packages/dwb_msgs/srv/_generate_trajectory_s.c
[0.920s] -- Up-to-date: /home/derek/work/install/dwb_msgs/local/lib/python3.10/dist-packages/dwb_msgs/srv/_get_critic_score_s.c
[0.920s] -- Up-to-date: /home/derek/work/install/dwb_msgs/local/lib/python3.10/dist-packages/dwb_msgs/msg
[0.920s] -- Up-to-date: /home/derek/work/install/dwb_msgs/local/lib/python3.10/dist-packages/dwb_msgs/msg/_local_plan_evaluation.py
[0.920s] -- Up-to-date: /home/derek/work/install/dwb_msgs/local/lib/python3.10/dist-packages/dwb_msgs/msg/_critic_score.py
[0.920s] -- Up-to-date: /home/derek/work/install/dwb_msgs/local/lib/python3.10/dist-packages/dwb_msgs/msg/__init__.py
[0.920s] -- Up-to-date: /home/derek/work/install/dwb_msgs/local/lib/python3.10/dist-packages/dwb_msgs/msg/_trajectory_score_s.c
[0.920s] -- Up-to-date: /home/derek/work/install/dwb_msgs/local/lib/python3.10/dist-packages/dwb_msgs/msg/_local_plan_evaluation_s.c
[0.920s] -- Up-to-date: /home/derek/work/install/dwb_msgs/local/lib/python3.10/dist-packages/dwb_msgs/msg/_critic_score_s.c
[0.920s] -- Up-to-date: /home/derek/work/install/dwb_msgs/local/lib/python3.10/dist-packages/dwb_msgs/msg/_trajectory_score.py
[0.920s] -- Up-to-date: /home/derek/work/install/dwb_msgs/local/lib/python3.10/dist-packages/dwb_msgs/msg/_trajectory2_d.py
[0.920s] -- Up-to-date: /home/derek/work/install/dwb_msgs/local/lib/python3.10/dist-packages/dwb_msgs/msg/_trajectory2_d_s.c
[0.930s] Listing '/home/derek/work/install/dwb_msgs/local/lib/python3.10/dist-packages/dwb_msgs'...
[0.930s] Listing '/home/derek/work/install/dwb_msgs/local/lib/python3.10/dist-packages/dwb_msgs/msg'...
[0.931s] Listing '/home/derek/work/install/dwb_msgs/local/lib/python3.10/dist-packages/dwb_msgs/srv'...
[0.934s] -- Up-to-date: /home/derek/work/install/dwb_msgs/local/lib/python3.10/dist-packages/dwb_msgs/dwb_msgs_s__rosidl_typesupport_fastrtps_c.cpython-310-x86_64-linux-gnu.so
[0.934s] -- Up-to-date: /home/derek/work/install/dwb_msgs/local/lib/python3.10/dist-packages/dwb_msgs/dwb_msgs_s__rosidl_typesupport_introspection_c.cpython-310-x86_64-linux-gnu.so
[0.934s] -- Up-to-date: /home/derek/work/install/dwb_msgs/local/lib/python3.10/dist-packages/dwb_msgs/dwb_msgs_s__rosidl_typesupport_c.cpython-310-x86_64-linux-gnu.so
[0.934s] -- Up-to-date: /home/derek/work/install/dwb_msgs/lib/libdwb_msgs__rosidl_generator_py.so
[0.935s] -- Up-to-date: /home/derek/work/install/dwb_msgs/share/dwb_msgs/msg/CriticScore.idl
[0.935s] -- Up-to-date: /home/derek/work/install/dwb_msgs/share/dwb_msgs/msg/LocalPlanEvaluation.idl
[0.935s] -- Up-to-date: /home/derek/work/install/dwb_msgs/share/dwb_msgs/msg/Trajectory2D.idl
[0.935s] -- Up-to-date: /home/derek/work/install/dwb_msgs/share/dwb_msgs/msg/TrajectoryScore.idl
[0.936s] -- Up-to-date: /home/derek/work/install/dwb_msgs/share/dwb_msgs/srv/DebugLocalPlan.idl
[0.936s] -- Up-to-date: /home/derek/work/install/dwb_msgs/share/dwb_msgs/srv/GenerateTrajectory.idl
[0.936s] -- Up-to-date: /home/derek/work/install/dwb_msgs/share/dwb_msgs/srv/GenerateTwists.idl
[0.936s] -- Up-to-date: /home/derek/work/install/dwb_msgs/share/dwb_msgs/srv/GetCriticScore.idl
[0.937s] -- Up-to-date: /home/derek/work/install/dwb_msgs/share/dwb_msgs/srv/ScoreTrajectory.idl
[0.937s] -- Up-to-date: /home/derek/work/install/dwb_msgs/share/dwb_msgs/msg/CriticScore.msg
[0.937s] -- Up-to-date: /home/derek/work/install/dwb_msgs/share/dwb_msgs/msg/LocalPlanEvaluation.msg
[0.937s] -- Up-to-date: /home/derek/work/install/dwb_msgs/share/dwb_msgs/msg/Trajectory2D.msg
[0.937s] -- Up-to-date: /home/derek/work/install/dwb_msgs/share/dwb_msgs/msg/TrajectoryScore.msg
[0.937s] -- Up-to-date: /home/derek/work/install/dwb_msgs/share/dwb_msgs/srv/DebugLocalPlan.srv
[0.937s] -- Up-to-date: /home/derek/work/install/dwb_msgs/share/dwb_msgs/srv/DebugLocalPlan_Request.msg
[0.938s] -- Up-to-date: /home/derek/work/install/dwb_msgs/share/dwb_msgs/srv/DebugLocalPlan_Response.msg
[0.938s] -- Up-to-date: /home/derek/work/install/dwb_msgs/share/dwb_msgs/srv/GenerateTrajectory.srv
[0.938s] -- Up-to-date: /home/derek/work/install/dwb_msgs/share/dwb_msgs/srv/GenerateTrajectory_Request.msg
[0.938s] -- Up-to-date: /home/derek/work/install/dwb_msgs/share/dwb_msgs/srv/GenerateTrajectory_Response.msg
[0.938s] -- Up-to-date: /home/derek/work/install/dwb_msgs/share/dwb_msgs/srv/GenerateTwists.srv
[0.938s] -- Up-to-date: /home/derek/work/install/dwb_msgs/share/dwb_msgs/srv/GenerateTwists_Request.msg
[0.939s] -- Up-to-date: /home/derek/work/install/dwb_msgs/share/dwb_msgs/srv/GenerateTwists_Response.msg
[0.939s] -- Up-to-date: /home/derek/work/install/dwb_msgs/share/dwb_msgs/srv/GetCriticScore.srv
[0.939s] -- Up-to-date: /home/derek/work/install/dwb_msgs/share/dwb_msgs/srv/GetCriticScore_Request.msg
[0.939s] -- Up-to-date: /home/derek/work/install/dwb_msgs/share/dwb_msgs/srv/GetCriticScore_Response.msg
[0.939s] -- Up-to-date: /home/derek/work/install/dwb_msgs/share/dwb_msgs/srv/ScoreTrajectory.srv
[0.939s] -- Up-to-date: /home/derek/work/install/dwb_msgs/share/dwb_msgs/srv/ScoreTrajectory_Request.msg
[0.940s] -- Up-to-date: /home/derek/work/install/dwb_msgs/share/dwb_msgs/srv/ScoreTrajectory_Response.msg
[0.940s] -- Up-to-date: /home/derek/work/install/dwb_msgs/share/ament_index/resource_index/package_run_dependencies/dwb_msgs
[0.940s] -- Up-to-date: /home/derek/work/install/dwb_msgs/share/ament_index/resource_index/parent_prefix_path/dwb_msgs
[0.940s] -- Up-to-date: /home/derek/work/install/dwb_msgs/share/dwb_msgs/environment/ament_prefix_path.sh
[0.940s] -- Up-to-date: /home/derek/work/install/dwb_msgs/share/dwb_msgs/environment/ament_prefix_path.dsv
[0.941s] -- Up-to-date: /home/derek/work/install/dwb_msgs/share/dwb_msgs/environment/path.sh
[0.941s] -- Up-to-date: /home/derek/work/install/dwb_msgs/share/dwb_msgs/environment/path.dsv
[0.941s] -- Up-to-date: /home/derek/work/install/dwb_msgs/share/dwb_msgs/local_setup.bash
[0.941s] -- Up-to-date: /home/derek/work/install/dwb_msgs/share/dwb_msgs/local_setup.sh
[0.941s] -- Up-to-date: /home/derek/work/install/dwb_msgs/share/dwb_msgs/local_setup.zsh
[0.941s] -- Up-to-date: /home/derek/work/install/dwb_msgs/share/dwb_msgs/local_setup.dsv
[0.941s] -- Installing: /home/derek/work/install/dwb_msgs/share/dwb_msgs/package.dsv
[0.941s] -- Up-to-date: /home/derek/work/install/dwb_msgs/share/ament_index/resource_index/packages/dwb_msgs
[0.941s] -- Up-to-date: /home/derek/work/install/dwb_msgs/share/dwb_msgs/cmake/export_dwb_msgs__rosidl_generator_cExport.cmake
[0.942s] -- Up-to-date: /home/derek/work/install/dwb_msgs/share/dwb_msgs/cmake/export_dwb_msgs__rosidl_generator_cExport-noconfig.cmake
[0.942s] -- Up-to-date: /home/derek/work/install/dwb_msgs/share/dwb_msgs/cmake/export_dwb_msgs__rosidl_typesupport_fastrtps_cExport.cmake
[0.942s] -- Up-to-date: /home/derek/work/install/dwb_msgs/share/dwb_msgs/cmake/export_dwb_msgs__rosidl_typesupport_fastrtps_cExport-noconfig.cmake
[0.942s] -- Up-to-date: /home/derek/work/install/dwb_msgs/share/dwb_msgs/cmake/export_dwb_msgs__rosidl_generator_cppExport.cmake
[0.942s] -- Up-to-date: /home/derek/work/install/dwb_msgs/share/dwb_msgs/cmake/export_dwb_msgs__rosidl_typesupport_fastrtps_cppExport.cmake
[0.942s] -- Up-to-date: /home/derek/work/install/dwb_msgs/share/dwb_msgs/cmake/export_dwb_msgs__rosidl_typesupport_fastrtps_cppExport-noconfig.cmake
[0.942s] -- Up-to-date: /home/derek/work/install/dwb_msgs/share/dwb_msgs/cmake/dwb_msgs__rosidl_typesupport_introspection_cExport.cmake
[0.942s] -- Up-to-date: /home/derek/work/install/dwb_msgs/share/dwb_msgs/cmake/dwb_msgs__rosidl_typesupport_introspection_cExport-noconfig.cmake
[0.942s] -- Up-to-date: /home/derek/work/install/dwb_msgs/share/dwb_msgs/cmake/dwb_msgs__rosidl_typesupport_cExport.cmake
[0.943s] -- Up-to-date: /home/derek/work/install/dwb_msgs/share/dwb_msgs/cmake/dwb_msgs__rosidl_typesupport_cExport-noconfig.cmake
[0.943s] -- Up-to-date: /home/derek/work/install/dwb_msgs/share/dwb_msgs/cmake/dwb_msgs__rosidl_typesupport_introspection_cppExport.cmake
[0.943s] -- Up-to-date: /home/derek/work/install/dwb_msgs/share/dwb_msgs/cmake/dwb_msgs__rosidl_typesupport_introspection_cppExport-noconfig.cmake
[0.943s] -- Up-to-date: /home/derek/work/install/dwb_msgs/share/dwb_msgs/cmake/dwb_msgs__rosidl_typesupport_cppExport.cmake
[0.943s] -- Up-to-date: /home/derek/work/install/dwb_msgs/share/dwb_msgs/cmake/dwb_msgs__rosidl_typesupport_cppExport-noconfig.cmake
[0.943s] -- Up-to-date: /home/derek/work/install/dwb_msgs/share/dwb_msgs/cmake/export_dwb_msgs__rosidl_generator_pyExport.cmake
[0.943s] -- Up-to-date: /home/derek/work/install/dwb_msgs/share/dwb_msgs/cmake/export_dwb_msgs__rosidl_generator_pyExport-noconfig.cmake
[0.943s] -- Up-to-date: /home/derek/work/install/dwb_msgs/share/dwb_msgs/cmake/rosidl_cmake-extras.cmake
[0.943s] -- Up-to-date: /home/derek/work/install/dwb_msgs/share/dwb_msgs/cmake/ament_cmake_export_dependencies-extras.cmake
[0.944s] -- Up-to-date: /home/derek/work/install/dwb_msgs/share/dwb_msgs/cmake/ament_cmake_export_include_directories-extras.cmake
[0.944s] -- Up-to-date: /home/derek/work/install/dwb_msgs/share/dwb_msgs/cmake/ament_cmake_export_libraries-extras.cmake
[0.944s] -- Up-to-date: /home/derek/work/install/dwb_msgs/share/dwb_msgs/cmake/ament_cmake_export_targets-extras.cmake
[0.944s] -- Up-to-date: /home/derek/work/install/dwb_msgs/share/dwb_msgs/cmake/rosidl_cmake_export_typesupport_targets-extras.cmake
[0.944s] -- Up-to-date: /home/derek/work/install/dwb_msgs/share/dwb_msgs/cmake/rosidl_cmake_export_typesupport_libraries-extras.cmake
[0.944s] -- Up-to-date: /home/derek/work/install/dwb_msgs/share/dwb_msgs/cmake/dwb_msgsConfig.cmake
[0.944s] -- Up-to-date: /home/derek/work/install/dwb_msgs/share/dwb_msgs/cmake/dwb_msgsConfig-version.cmake
[0.944s] -- Up-to-date: /home/derek/work/install/dwb_msgs/share/dwb_msgs/package.xml
[0.970s] Invoked command in '/home/derek/work/build/dwb_msgs' returned '0': AMENT_PREFIX_PATH=/home/derek/work/install/nav_2d_msgs:${AMENT_PREFIX_PATH} CMAKE_PREFIX_PATH=/home/derek/work/install/nav_2d_msgs:/opt/ros/humble LD_LIBRARY_PATH=/home/derek/work/install/nav_2d_msgs/lib:/usr/lib/x86_64-linux-gnu/gazebo-11/plugins:/opt/ros/humble/opt/rviz_ogre_vendor/lib:/opt/ros/humble/lib/x86_64-linux-gnu:/opt/ros/humble/lib:/usr/local/nvidia/lib:/usr/local/nvidia/lib64:/usr/share/gazebo/../../lib/x86_64-linux-gnu/gazebo-11/plugins PYTHONPATH=/home/derek/work/install/nav_2d_msgs/local/lib/python3.10/dist-packages:${PYTHONPATH} /usr/bin/cmake --install /home/derek/work/build/dwb_msgs
