[0.299s] Invoking command in '/home/derek/work/build/turtlebot3_node': CMAKE_PREFIX_PATH=/opt/ros/humble /usr/bin/cmake /home/derek/work/src/turtlebot3/turtlebot3_node -DCMAKE_INSTALL_PREFIX=/home/derek/work/install/turtlebot3_node
[2.611s] -- The C compiler identification is GNU 11.4.0
[2.611s] -- The CXX compiler identification is GNU 11.4.0
[2.611s] -- Detecting C compiler ABI info
[2.611s] -- Detecting C compiler ABI info - done
[2.612s] -- Check for working C compiler: /usr/bin/cc - skipped
[2.612s] -- Detecting C compile features
[2.612s] -- Detecting C compile features - done
[2.612s] -- Detecting CXX compiler ABI info
[2.612s] -- Detecting CXX compiler ABI info - done
[2.612s] -- Check for working CXX compiler: /usr/bin/c++ - skipped
[2.612s] -- Detecting CXX compile features
[2.612s] -- Detecting CXX compile features - done
[2.613s] -- Found ament_cmake: 1.3.7 (/opt/ros/humble/share/ament_cmake/cmake)
[2.613s] -- Found Python3: /usr/bin/python3.10 (found version "3.10.12") found components: Interpreter 
[2.613s] -- Found dynamixel_sdk: 3.7.60 (/opt/ros/humble/share/dynamixel_sdk/cmake)
[2.613s] -- Found geometry_msgs: 4.2.3 (/opt/ros/humble/share/geometry_msgs/cmake)
[2.613s] -- Found rosidl_generator_c: 3.1.5 (/opt/ros/humble/share/rosidl_generator_c/cmake)
[2.613s] -- Found rosidl_adapter: 3.1.5 (/opt/ros/humble/share/rosidl_adapter/cmake)
[2.613s] -- Found rosidl_generator_cpp: 3.1.5 (/opt/ros/humble/share/rosidl_generator_cpp/cmake)
[2.613s] -- Using all available rosidl_typesupport_c: rosidl_typesupport_fastrtps_c;rosidl_typesupport_introspection_c
[2.613s] -- Using all available rosidl_typesupport_cpp: rosidl_typesupport_fastrtps_cpp;rosidl_typesupport_introspection_cpp
[2.613s] -- Found message_filters: 4.3.3 (/opt/ros/humble/share/message_filters/cmake)
[2.613s] -- Found rmw_implementation_cmake: 6.1.1 (/opt/ros/humble/share/rmw_implementation_cmake/cmake)
[2.613s] -- Found rmw_fastrtps_cpp: 6.2.6 (/opt/ros/humble/share/rmw_fastrtps_cpp/cmake)
[2.613s] -- Found OpenSSL: /usr/lib/x86_64-linux-gnu/libcrypto.so (found version "3.0.2")  
[2.613s] -- Found FastRTPS: /opt/ros/humble/include  
[2.613s] -- Using RMW implementation 'rmw_fastrtps_cpp' as default
[2.613s] -- Looking for pthread.h
[2.613s] -- Looking for pthread.h - found
[2.613s] -- Performing Test CMAKE_HAVE_LIBC_PTHREAD
[2.613s] -- Performing Test CMAKE_HAVE_LIBC_PTHREAD - Success
[2.613s] -- Found Threads: TRUE  
[2.613s] -- Found nav_msgs: 4.2.3 (/opt/ros/humble/share/nav_msgs/cmake)
[2.614s] -- Found sensor_msgs: 4.2.3 (/opt/ros/humble/share/sensor_msgs/cmake)
[2.614s] -- Found std_srvs: 4.2.3 (/opt/ros/humble/share/std_srvs/cmake)
[2.614s] -- Found tf2: 0.25.5 (/opt/ros/humble/share/tf2/cmake)
[2.614s] -- Found tf2_ros: 0.25.5 (/opt/ros/humble/share/tf2_ros/cmake)
[2.614s] -- Found turtlebot3_msgs: 2.2.3 (/opt/ros/humble/share/turtlebot3_msgs/cmake)
[2.614s] -- Configuring done
[2.614s] -- Generating done
[2.614s] -- Build files have been written to: /home/derek/work/build/turtlebot3_node
[2.621s] Invoked command in '/home/derek/work/build/turtlebot3_node' returned '0': CMAKE_PREFIX_PATH=/opt/ros/humble /usr/bin/cmake /home/derek/work/src/turtlebot3/turtlebot3_node -DCMAKE_INSTALL_PREFIX=/home/derek/work/install/turtlebot3_node
[2.621s] Invoking command in '/home/derek/work/build/turtlebot3_node': CMAKE_PREFIX_PATH=/opt/ros/humble /usr/bin/cmake --build /home/derek/work/build/turtlebot3_node -- -j16 -l16
[2.658s] [  7%] [32mBuilding CXX object CMakeFiles/turtlebot3_node_lib.dir/src/devices/motor_power.cpp.o[0m
[2.659s] [ 14%] [32mBuilding CXX object CMakeFiles/turtlebot3_node_lib.dir/src/devices/reset.cpp.o[0m
[2.660s] [ 21%] [32mBuilding CXX object CMakeFiles/turtlebot3_node_lib.dir/src/devices/sound.cpp.o[0m
[2.662s] [ 35%] [32mBuilding CXX object CMakeFiles/turtlebot3_node_lib.dir/src/odometry.cpp.o[0m
[2.662s] [ 35%] [32mBuilding CXX object CMakeFiles/turtlebot3_node_lib.dir/src/diff_drive_controller.cpp.o[0m
[2.672s] [ 42%] [32mBuilding CXX object CMakeFiles/turtlebot3_node_lib.dir/src/dynamixel_sdk_wrapper.cpp.o[0m
[2.672s] [ 50%] [32mBuilding CXX object CMakeFiles/turtlebot3_node_lib.dir/src/turtlebot3.cpp.o[0m
[2.786s] [ 57%] [32mBuilding CXX object CMakeFiles/turtlebot3_node_lib.dir/src/sensors/battery_state.cpp.o[0m
[2.786s] [ 64%] [32mBuilding CXX object CMakeFiles/turtlebot3_node_lib.dir/src/sensors/imu.cpp.o[0m
[2.791s] [ 71%] [32mBuilding CXX object CMakeFiles/turtlebot3_node_lib.dir/src/sensors/joint_state.cpp.o[0m
[2.820s] [ 78%] [32mBuilding CXX object CMakeFiles/turtlebot3_node_lib.dir/src/sensors/sensor_state.cpp.o[0m
[25.805s] [ 85%] [32m[1mLinking CXX static library libturtlebot3_node_lib.a[0m
[26.852s] [ 85%] Built target turtlebot3_node_lib
[26.940s] [ 92%] [32mBuilding CXX object CMakeFiles/turtlebot3_ros.dir/src/node_main.cpp.o[0m
[33.619s] [100%] [32m[1mLinking CXX executable turtlebot3_ros[0m
[35.769s] [100%] Built target turtlebot3_ros
[35.780s] Invoked command in '/home/derek/work/build/turtlebot3_node' returned '0': CMAKE_PREFIX_PATH=/opt/ros/humble /usr/bin/cmake --build /home/derek/work/build/turtlebot3_node -- -j16 -l16
[35.828s] Invoking command in '/home/derek/work/build/turtlebot3_node': CMAKE_PREFIX_PATH=/opt/ros/humble /usr/bin/cmake --install /home/derek/work/build/turtlebot3_node
[35.833s] -- Install configuration: ""
[35.833s] -- Installing: /home/derek/work/install/turtlebot3_node/share/turtlebot3_node/param
[35.833s] -- Installing: /home/derek/work/install/turtlebot3_node/share/turtlebot3_node/param/waffle_pi.yaml
[35.833s] -- Installing: /home/derek/work/install/turtlebot3_node/share/turtlebot3_node/param/waffle.yaml
[35.833s] -- Installing: /home/derek/work/install/turtlebot3_node/share/turtlebot3_node/param/burger.yaml
[35.833s] -- Installing: /home/derek/work/install/turtlebot3_node/lib/turtlebot3_node/turtlebot3_ros
[35.842s] -- Set runtime path of "/home/derek/work/install/turtlebot3_node/lib/turtlebot3_node/turtlebot3_ros" to ""
[35.842s] -- Installing: /home/derek/work/install/turtlebot3_node/share/ament_index/resource_index/package_run_dependencies/turtlebot3_node
[35.843s] -- Installing: /home/derek/work/install/turtlebot3_node/share/ament_index/resource_index/parent_prefix_path/turtlebot3_node
[35.843s] -- Installing: /home/derek/work/install/turtlebot3_node/share/turtlebot3_node/environment/ament_prefix_path.sh
[35.843s] -- Installing: /home/derek/work/install/turtlebot3_node/share/turtlebot3_node/environment/ament_prefix_path.dsv
[35.843s] -- Installing: /home/derek/work/install/turtlebot3_node/share/turtlebot3_node/environment/path.sh
[35.843s] -- Installing: /home/derek/work/install/turtlebot3_node/share/turtlebot3_node/environment/path.dsv
[35.843s] -- Installing: /home/derek/work/install/turtlebot3_node/share/turtlebot3_node/local_setup.bash
[35.843s] -- Installing: /home/derek/work/install/turtlebot3_node/share/turtlebot3_node/local_setup.sh
[35.843s] -- Installing: /home/derek/work/install/turtlebot3_node/share/turtlebot3_node/local_setup.zsh
[35.843s] -- Installing: /home/derek/work/install/turtlebot3_node/share/turtlebot3_node/local_setup.dsv
[35.844s] -- Installing: /home/derek/work/install/turtlebot3_node/share/turtlebot3_node/package.dsv
[35.844s] -- Installing: /home/derek/work/install/turtlebot3_node/share/ament_index/resource_index/packages/turtlebot3_node
[35.844s] -- Installing: /home/derek/work/install/turtlebot3_node/share/turtlebot3_node/cmake/ament_cmake_export_include_directories-extras.cmake
[35.844s] -- Installing: /home/derek/work/install/turtlebot3_node/share/turtlebot3_node/cmake/turtlebot3_nodeConfig.cmake
[35.844s] -- Installing: /home/derek/work/install/turtlebot3_node/share/turtlebot3_node/cmake/turtlebot3_nodeConfig-version.cmake
[35.844s] -- Installing: /home/derek/work/install/turtlebot3_node/share/turtlebot3_node/package.xml
[35.845s] Invoked command in '/home/derek/work/build/turtlebot3_node' returned '0': CMAKE_PREFIX_PATH=/opt/ros/humble /usr/bin/cmake --install /home/derek/work/build/turtlebot3_node
